[2026-04-02T10:28:41.547+0000] {taskinstance.py:1159} INFO - Dependencies all met for dep_context=non-requeueable deps ti=<TaskInstance: bronze_mysql_to_minio.extract_payments scheduled__2026-03-31T00:00:00+00:00 [queued]>
[2026-04-02T10:28:41.568+0000] {taskinstance.py:1159} INFO - Dependencies all met for dep_context=requeueable deps ti=<TaskInstance: bronze_mysql_to_minio.extract_payments scheduled__2026-03-31T00:00:00+00:00 [queued]>
[2026-04-02T10:28:41.569+0000] {taskinstance.py:1361} INFO - Starting attempt 7 of 8
[2026-04-02T10:28:41.604+0000] {taskinstance.py:1382} INFO - Executing <Task(PythonOperator): extract_payments> on 2026-03-31 00:00:00+00:00
[2026-04-02T10:28:41.626+0000] {standard_task_runner.py:57} INFO - Started process 649 to run task
[2026-04-02T10:28:41.634+0000] {standard_task_runner.py:84} INFO - Running: ['airflow', 'tasks', 'run', 'bronze_mysql_to_minio', 'extract_payments', 'scheduled__2026-03-31T00:00:00+00:00', '--job-id', '173', '--raw', '--subdir', 'DAGS_FOLDER/bronze_dag.py', '--cfg-path', '/tmp/tmpbybgfamj']
[2026-04-02T10:28:41.642+0000] {standard_task_runner.py:85} INFO - Job 173: Subtask extract_payments
[2026-04-02T10:28:41.763+0000] {task_command.py:416} INFO - Running <TaskInstance: bronze_mysql_to_minio.extract_payments scheduled__2026-03-31T00:00:00+00:00 [running]> on host 1115d2cb4d12
[2026-04-02T10:28:41.944+0000] {taskinstance.py:1662} INFO - Exporting env vars: AIRFLOW_CTX_DAG_OWNER='data-team' AIRFLOW_CTX_DAG_ID='bronze_mysql_to_minio' AIRFLOW_CTX_TASK_ID='extract_payments' AIRFLOW_CTX_EXECUTION_DATE='2026-03-31T00:00:00+00:00' AIRFLOW_CTX_TRY_NUMBER='7' AIRFLOW_CTX_DAG_RUN_ID='scheduled__2026-03-31T00:00:00+00:00'
[2026-04-02T10:28:41.967+0000] {extract_mysql.py:32} INFO - [order_payments] Full Load | Query: SELECT * FROM order_payments;
[2026-04-02T10:28:48.983+0000] {extract_mysql.py:35} INFO - [order_payments] Đã đọc: 103886 dòng x 8 cột
[2026-04-02T10:28:49.327+0000] {taskinstance.py:1937} ERROR - Task failed with exception
Traceback (most recent call last):
  File "/opt/airflow/etl/utils/minio_client.py", line 61, in save
    self._client.fput_object(self._bucket, object_key, tmp_path)
  File "/home/airflow/.local/lib/python3.10/site-packages/minio/api.py", line 992, in fput_object
    file_size = os.stat(file_path).st_size
FileNotFoundError: [Errno 2] No such file or directory: '/tmp/file_bronze_olist_order_payments_20260402102848.parquet'

During handling of the above exception, another exception occurred:

Traceback (most recent call last):
  File "/home/airflow/.local/lib/python3.10/site-packages/airflow/operators/python.py", line 192, in execute
    return_value = self.execute_callable()
  File "/home/airflow/.local/lib/python3.10/site-packages/airflow/operators/python.py", line 209, in execute_callable
    return self.python_callable(*self.op_args, **self.op_kwargs)
  File "/opt/airflow/dags/bronze_dag.py", line 58, in _run
    metadata = extract_fn(mysql, minio, logical_date=logical_date)
  File "/opt/airflow/etl/bronze/extract_mysql.py", line 134, in extract_order_payments
    return _extract_full_load(mysql, minio, "order_payments", "olist", logical_date=logical_date)
  File "/opt/airflow/etl/bronze/extract_mysql.py", line 37, in _extract_full_load
    object_key = minio.save(df, layer=LAYER, schema=schema, table=table_name, logical_date=logical_date)
  File "/opt/airflow/etl/utils/minio_client.py", line 64, in save
    raise Exception(f"Error saving to MinIO [{object_key}]: {e}")
Exception: Error saving to MinIO [bronze/olist/order_payments/year=2026/month=04/day=01/order_payments_20260401_000000.parquet]: [Errno 2] No such file or directory: '/tmp/file_bronze_olist_order_payments_20260402102848.parquet'
[2026-04-02T10:28:49.352+0000] {taskinstance.py:1400} INFO - Marking task as UP_FOR_RETRY. dag_id=bronze_mysql_to_minio, task_id=extract_payments, execution_date=20260331T000000, start_date=20260402T102841, end_date=20260402T102849
[2026-04-02T10:28:49.585+0000] {standard_task_runner.py:104} ERROR - Failed to execute job 173 for task extract_payments (Error saving to MinIO [bronze/olist/order_payments/year=2026/month=04/day=01/order_payments_20260401_000000.parquet]: [Errno 2] No such file or directory: '/tmp/file_bronze_olist_order_payments_20260402102848.parquet'; 649)
[2026-04-02T10:28:49.734+0000] {local_task_job_runner.py:228} INFO - Task exited with return code 1
[2026-04-02T10:28:49.868+0000] {taskinstance.py:2778} INFO - 0 downstream tasks scheduled from follow-on schedule check
