[2026-04-02T11:27:34.650+0000] {taskinstance.py:1159} INFO - Dependencies all met for dep_context=non-requeueable deps ti=<TaskInstance: silver_spark_processor.process_silver_product_category_name_translation manual__2026-04-02T10:55:44.325453+00:00 [queued]>
[2026-04-02T11:27:34.666+0000] {taskinstance.py:1159} INFO - Dependencies all met for dep_context=requeueable deps ti=<TaskInstance: silver_spark_processor.process_silver_product_category_name_translation manual__2026-04-02T10:55:44.325453+00:00 [queued]>
[2026-04-02T11:27:34.666+0000] {taskinstance.py:1361} INFO - Starting attempt 6 of 6
[2026-04-02T11:27:34.688+0000] {taskinstance.py:1382} INFO - Executing <Task(SparkSubmitOperator): process_silver_product_category_name_translation> on 2026-04-02 10:55:44.325453+00:00
[2026-04-02T11:27:34.700+0000] {standard_task_runner.py:57} INFO - Started process 3436 to run task
[2026-04-02T11:27:34.705+0000] {standard_task_runner.py:84} INFO - Running: ['airflow', 'tasks', 'run', 'silver_spark_processor', 'process_silver_product_category_name_translation', 'manual__2026-04-02T10:55:44.325453+00:00', '--job-id', '354', '--raw', '--subdir', 'DAGS_FOLDER/silver_processor_dag.py', '--cfg-path', '/tmp/tmpvdorx5df']
[2026-04-02T11:27:34.707+0000] {standard_task_runner.py:85} INFO - Job 354: Subtask process_silver_product_category_name_translation
[2026-04-02T11:27:34.768+0000] {task_command.py:416} INFO - Running <TaskInstance: silver_spark_processor.process_silver_product_category_name_translation manual__2026-04-02T10:55:44.325453+00:00 [running]> on host 5926004790ec
[2026-04-02T11:27:34.875+0000] {taskinstance.py:1662} INFO - Exporting env vars: AIRFLOW_CTX_DAG_OWNER='data-team' AIRFLOW_CTX_DAG_ID='silver_spark_processor' AIRFLOW_CTX_TASK_ID='process_silver_product_category_name_translation' AIRFLOW_CTX_EXECUTION_DATE='2026-04-02T10:55:44.325453+00:00' AIRFLOW_CTX_TRY_NUMBER='6' AIRFLOW_CTX_DAG_RUN_ID='manual__2026-04-02T10:55:44.325453+00:00'
[2026-04-02T11:27:34.886+0000] {base.py:73} INFO - Using connection ID 'spark_default' for task execution.
[2026-04-02T11:27:34.887+0000] {spark_submit.py:340} INFO - Spark-Submit cmd: spark-submit --master spark://spark-master:7077 --executor-cores 1 --executor-memory 1g --driver-memory 1g --name airflow_silver_product_category_name_translation /opt/airflow/etl/silver/main_silver.py --table_name product_category_name_translation --merge_key product_category_name --is_cdc false --json_schema 
[2026-04-02T11:27:34.990+0000] {spark_submit.py:491} INFO - /home/airflow/.local/lib/python3.10/site-packages/pyspark/bin/load-spark-env.sh: line 68: ps: command not found
[2026-04-02T11:27:38.954+0000] {spark_submit.py:491} INFO - INFO:__main__:Khởi tạo Spark Job cho bảng: product_category_name_translation
[2026-04-02T11:27:39.037+0000] {spark_submit.py:491} INFO - 26/04/02 11:27:39 INFO SparkContext: Running Spark version 3.3.2
[2026-04-02T11:27:39.123+0000] {spark_submit.py:491} INFO - 26/04/02 11:27:39 WARN NativeCodeLoader: Unable to load native-hadoop library for your platform... using builtin-java classes where applicable
[2026-04-02T11:27:39.273+0000] {spark_submit.py:491} INFO - 26/04/02 11:27:39 INFO ResourceUtils: ==============================================================
[2026-04-02T11:27:39.273+0000] {spark_submit.py:491} INFO - 26/04/02 11:27:39 INFO ResourceUtils: No custom resources configured for spark.driver.
[2026-04-02T11:27:39.273+0000] {spark_submit.py:491} INFO - 26/04/02 11:27:39 INFO ResourceUtils: ==============================================================
[2026-04-02T11:27:39.273+0000] {spark_submit.py:491} INFO - 26/04/02 11:27:39 INFO SparkContext: Submitted application: <class 'pyspark.sql.session.SparkSession'>
[2026-04-02T11:27:39.309+0000] {spark_submit.py:491} INFO - 26/04/02 11:27:39 INFO ResourceProfile: Default ResourceProfile created, executor resources: Map(cores -> name: cores, amount: 1, script: , vendor: , memory -> name: memory, amount: 1024, script: , vendor: , offHeap -> name: offHeap, amount: 0, script: , vendor: ), task resources: Map(cpus -> name: cpus, amount: 1.0)
[2026-04-02T11:27:39.327+0000] {spark_submit.py:491} INFO - 26/04/02 11:27:39 INFO ResourceProfile: Limiting resource is cpus at 1 tasks per executor
[2026-04-02T11:27:39.330+0000] {spark_submit.py:491} INFO - 26/04/02 11:27:39 INFO ResourceProfileManager: Added ResourceProfile id: 0
[2026-04-02T11:27:39.395+0000] {spark_submit.py:491} INFO - 26/04/02 11:27:39 INFO SecurityManager: Changing view acls to: airflow
[2026-04-02T11:27:39.396+0000] {spark_submit.py:491} INFO - 26/04/02 11:27:39 INFO SecurityManager: Changing modify acls to: airflow
[2026-04-02T11:27:39.397+0000] {spark_submit.py:491} INFO - 26/04/02 11:27:39 INFO SecurityManager: Changing view acls groups to:
[2026-04-02T11:27:39.398+0000] {spark_submit.py:491} INFO - 26/04/02 11:27:39 INFO SecurityManager: Changing modify acls groups to:
[2026-04-02T11:27:39.399+0000] {spark_submit.py:491} INFO - 26/04/02 11:27:39 INFO SecurityManager: SecurityManager: authentication disabled; ui acls disabled; users  with view permissions: Set(airflow); groups with view permissions: Set(); users  with modify permissions: Set(airflow); groups with modify permissions: Set()
[2026-04-02T11:27:39.833+0000] {spark_submit.py:491} INFO - 26/04/02 11:27:39 INFO Utils: Successfully started service 'sparkDriver' on port 43609.
[2026-04-02T11:27:39.877+0000] {spark_submit.py:491} INFO - 26/04/02 11:27:39 INFO SparkEnv: Registering MapOutputTracker
[2026-04-02T11:27:39.939+0000] {spark_submit.py:491} INFO - 26/04/02 11:27:39 INFO SparkEnv: Registering BlockManagerMaster
[2026-04-02T11:27:39.968+0000] {spark_submit.py:491} INFO - 26/04/02 11:27:39 INFO BlockManagerMasterEndpoint: Using org.apache.spark.storage.DefaultTopologyMapper for getting topology information
[2026-04-02T11:27:39.969+0000] {spark_submit.py:491} INFO - 26/04/02 11:27:39 INFO BlockManagerMasterEndpoint: BlockManagerMasterEndpoint up
[2026-04-02T11:27:39.974+0000] {spark_submit.py:491} INFO - 26/04/02 11:27:39 INFO SparkEnv: Registering BlockManagerMasterHeartbeat
[2026-04-02T11:27:39.997+0000] {spark_submit.py:491} INFO - 26/04/02 11:27:39 INFO DiskBlockManager: Created local directory at /tmp/blockmgr-a96fae43-76cd-4f80-9a99-d5dcd8e965ab
[2026-04-02T11:27:40.018+0000] {spark_submit.py:491} INFO - 26/04/02 11:27:40 INFO MemoryStore: MemoryStore started with capacity 434.4 MiB
[2026-04-02T11:27:40.042+0000] {spark_submit.py:491} INFO - 26/04/02 11:27:40 INFO SparkEnv: Registering OutputCommitCoordinator
[2026-04-02T11:27:40.364+0000] {spark_submit.py:491} INFO - 26/04/02 11:27:40 WARN Utils: Service 'SparkUI' could not bind on port 4040. Attempting port 4041.
[2026-04-02T11:27:40.378+0000] {spark_submit.py:491} INFO - 26/04/02 11:27:40 INFO Utils: Successfully started service 'SparkUI' on port 4041.
[2026-04-02T11:27:40.559+0000] {spark_submit.py:491} INFO - 26/04/02 11:27:40 INFO StandaloneAppClient$ClientEndpoint: Connecting to master spark://spark-master:7077...
[2026-04-02T11:27:40.685+0000] {spark_submit.py:491} INFO - 26/04/02 11:27:40 INFO TransportClientFactory: Successfully created connection to spark-master/172.18.0.6:7077 after 95 ms (0 ms spent in bootstraps)
[2026-04-02T11:27:41.010+0000] {spark_submit.py:491} INFO - 26/04/02 11:27:41 INFO StandaloneSchedulerBackend: Connected to Spark cluster with app ID app-20260402112740-0019
[2026-04-02T11:27:41.034+0000] {spark_submit.py:491} INFO - 26/04/02 11:27:41 INFO Utils: Successfully started service 'org.apache.spark.network.netty.NettyBlockTransferService' on port 42265.
[2026-04-02T11:27:41.035+0000] {spark_submit.py:491} INFO - 26/04/02 11:27:41 INFO NettyBlockTransferService: Server created on 5926004790ec:42265
[2026-04-02T11:27:41.042+0000] {spark_submit.py:491} INFO - 26/04/02 11:27:41 INFO BlockManager: Using org.apache.spark.storage.RandomBlockReplicationPolicy for block replication policy
[2026-04-02T11:27:41.075+0000] {spark_submit.py:491} INFO - 26/04/02 11:27:41 INFO BlockManagerMaster: Registering BlockManager BlockManagerId(driver, 5926004790ec, 42265, None)
[2026-04-02T11:27:41.087+0000] {spark_submit.py:491} INFO - 26/04/02 11:27:41 INFO BlockManagerMasterEndpoint: Registering block manager 5926004790ec:42265 with 434.4 MiB RAM, BlockManagerId(driver, 5926004790ec, 42265, None)
[2026-04-02T11:27:41.093+0000] {spark_submit.py:491} INFO - 26/04/02 11:27:41 INFO BlockManagerMaster: Registered BlockManager BlockManagerId(driver, 5926004790ec, 42265, None)
[2026-04-02T11:27:41.103+0000] {spark_submit.py:491} INFO - 26/04/02 11:27:41 INFO BlockManager: Initialized BlockManager: BlockManagerId(driver, 5926004790ec, 42265, None)
[2026-04-02T11:27:41.895+0000] {spark_submit.py:491} INFO - 26/04/02 11:27:41 INFO StandaloneSchedulerBackend: SchedulerBackend is ready for scheduling beginning after reached minRegisteredResourcesRatio: 0.0
[2026-04-02T11:27:44.572+0000] {spark_submit.py:491} INFO - INFO:silver_processor: Bắt đầu xử lý lớp Silver cho bảng: product_category_name_translation | Chế độ CDC: False
[2026-04-02T11:27:44.573+0000] {spark_submit.py:491} INFO - INFO:silver_processor: Bắt đầu quét Data Nóng từ Bronze...
[2026-04-02T11:27:45.036+0000] {spark_submit.py:491} INFO - ERROR:__main__:Lỗi khi xử lý lớp Silver bảng product_category_name_translation: An error occurred while calling o39.load.
[2026-04-02T11:27:45.038+0000] {spark_submit.py:491} INFO - : java.lang.RuntimeException: java.lang.ClassNotFoundException: Class org.apache.hadoop.fs.s3a.S3AFileSystem not found
[2026-04-02T11:27:45.039+0000] {spark_submit.py:491} INFO - at org.apache.hadoop.conf.Configuration.getClass(Configuration.java:2688)
[2026-04-02T11:27:45.039+0000] {spark_submit.py:491} INFO - at org.apache.hadoop.fs.FileSystem.getFileSystemClass(FileSystem.java:3431)
[2026-04-02T11:27:45.039+0000] {spark_submit.py:491} INFO - at org.apache.hadoop.fs.FileSystem.createFileSystem(FileSystem.java:3466)
[2026-04-02T11:27:45.039+0000] {spark_submit.py:491} INFO - at org.apache.hadoop.fs.FileSystem.access$300(FileSystem.java:174)
[2026-04-02T11:27:45.040+0000] {spark_submit.py:491} INFO - at org.apache.hadoop.fs.FileSystem$Cache.getInternal(FileSystem.java:3574)
[2026-04-02T11:27:45.041+0000] {spark_submit.py:491} INFO - at org.apache.hadoop.fs.FileSystem$Cache.get(FileSystem.java:3521)
[2026-04-02T11:27:45.041+0000] {spark_submit.py:491} INFO - at org.apache.hadoop.fs.FileSystem.get(FileSystem.java:540)
[2026-04-02T11:27:45.041+0000] {spark_submit.py:491} INFO - at org.apache.hadoop.fs.Path.getFileSystem(Path.java:365)
[2026-04-02T11:27:45.041+0000] {spark_submit.py:491} INFO - at org.apache.spark.sql.execution.datasources.DataSource.sourceSchema(DataSource.scala:249)
[2026-04-02T11:27:45.041+0000] {spark_submit.py:491} INFO - at org.apache.spark.sql.execution.datasources.DataSource.sourceInfo$lzycompute(DataSource.scala:118)
[2026-04-02T11:27:45.041+0000] {spark_submit.py:491} INFO - at org.apache.spark.sql.execution.datasources.DataSource.sourceInfo(DataSource.scala:118)
[2026-04-02T11:27:45.041+0000] {spark_submit.py:491} INFO - at org.apache.spark.sql.execution.streaming.StreamingRelation$.apply(StreamingRelation.scala:34)
[2026-04-02T11:27:45.049+0000] {spark_submit.py:491} INFO - at org.apache.spark.sql.streaming.DataStreamReader.loadInternal(DataStreamReader.scala:196)
[2026-04-02T11:27:45.049+0000] {spark_submit.py:491} INFO - at org.apache.spark.sql.streaming.DataStreamReader.load(DataStreamReader.scala:210)
[2026-04-02T11:27:45.049+0000] {spark_submit.py:491} INFO - at java.base/jdk.internal.reflect.NativeMethodAccessorImpl.invoke0(Native Method)
[2026-04-02T11:27:45.049+0000] {spark_submit.py:491} INFO - at java.base/jdk.internal.reflect.NativeMethodAccessorImpl.invoke(NativeMethodAccessorImpl.java:62)
[2026-04-02T11:27:45.049+0000] {spark_submit.py:491} INFO - at java.base/jdk.internal.reflect.DelegatingMethodAccessorImpl.invoke(DelegatingMethodAccessorImpl.java:43)
[2026-04-02T11:27:45.049+0000] {spark_submit.py:491} INFO - at java.base/java.lang.reflect.Method.invoke(Method.java:566)
[2026-04-02T11:27:45.049+0000] {spark_submit.py:491} INFO - at py4j.reflection.MethodInvoker.invoke(MethodInvoker.java:244)
[2026-04-02T11:27:45.049+0000] {spark_submit.py:491} INFO - at py4j.reflection.ReflectionEngine.invoke(ReflectionEngine.java:357)
[2026-04-02T11:27:45.050+0000] {spark_submit.py:491} INFO - at py4j.Gateway.invoke(Gateway.java:282)
[2026-04-02T11:27:45.050+0000] {spark_submit.py:491} INFO - at py4j.commands.AbstractCommand.invokeMethod(AbstractCommand.java:132)
[2026-04-02T11:27:45.050+0000] {spark_submit.py:491} INFO - at py4j.commands.CallCommand.execute(CallCommand.java:79)
[2026-04-02T11:27:45.050+0000] {spark_submit.py:491} INFO - at py4j.ClientServerConnection.waitForCommands(ClientServerConnection.java:182)
[2026-04-02T11:27:45.050+0000] {spark_submit.py:491} INFO - at py4j.ClientServerConnection.run(ClientServerConnection.java:106)
[2026-04-02T11:27:45.050+0000] {spark_submit.py:491} INFO - at java.base/java.lang.Thread.run(Thread.java:829)
[2026-04-02T11:27:45.050+0000] {spark_submit.py:491} INFO - Caused by: java.lang.ClassNotFoundException: Class org.apache.hadoop.fs.s3a.S3AFileSystem not found
[2026-04-02T11:27:45.050+0000] {spark_submit.py:491} INFO - at org.apache.hadoop.conf.Configuration.getClassByName(Configuration.java:2592)
[2026-04-02T11:27:45.050+0000] {spark_submit.py:491} INFO - at org.apache.hadoop.conf.Configuration.getClass(Configuration.java:2686)
[2026-04-02T11:27:45.050+0000] {spark_submit.py:491} INFO - ... 25 more
[2026-04-02T11:27:45.052+0000] {spark_submit.py:491} INFO - 
[2026-04-02T11:27:45.149+0000] {spark_submit.py:491} INFO - 26/04/02 11:27:45 ERROR TransportRequestHandler: Error while invoking RpcHandler#receive() for one-way message.
[2026-04-02T11:27:45.152+0000] {spark_submit.py:491} INFO - org.apache.spark.SparkException: Could not find AppClient.
[2026-04-02T11:27:45.152+0000] {spark_submit.py:491} INFO - at org.apache.spark.rpc.netty.Dispatcher.postMessage(Dispatcher.scala:178)
[2026-04-02T11:27:45.153+0000] {spark_submit.py:491} INFO - at org.apache.spark.rpc.netty.Dispatcher.postOneWayMessage(Dispatcher.scala:150)
[2026-04-02T11:27:45.153+0000] {spark_submit.py:491} INFO - at org.apache.spark.rpc.netty.NettyRpcHandler.receive(NettyRpcEnv.scala:690)
[2026-04-02T11:27:45.153+0000] {spark_submit.py:491} INFO - at org.apache.spark.network.server.TransportRequestHandler.processOneWayMessage(TransportRequestHandler.java:274)
[2026-04-02T11:27:45.153+0000] {spark_submit.py:491} INFO - at org.apache.spark.network.server.TransportRequestHandler.handle(TransportRequestHandler.java:111)
[2026-04-02T11:27:45.157+0000] {spark_submit.py:491} INFO - at org.apache.spark.network.server.TransportChannelHandler.channelRead0(TransportChannelHandler.java:140)
[2026-04-02T11:27:45.157+0000] {spark_submit.py:491} INFO - at org.apache.spark.network.server.TransportChannelHandler.channelRead0(TransportChannelHandler.java:53)
[2026-04-02T11:27:45.157+0000] {spark_submit.py:491} INFO - at io.netty.channel.SimpleChannelInboundHandler.channelRead(SimpleChannelInboundHandler.java:99)
[2026-04-02T11:27:45.157+0000] {spark_submit.py:491} INFO - at io.netty.channel.AbstractChannelHandlerContext.invokeChannelRead(AbstractChannelHandlerContext.java:379)
[2026-04-02T11:27:45.157+0000] {spark_submit.py:491} INFO - at io.netty.channel.AbstractChannelHandlerContext.invokeChannelRead(AbstractChannelHandlerContext.java:365)
[2026-04-02T11:27:45.157+0000] {spark_submit.py:491} INFO - at io.netty.channel.AbstractChannelHandlerContext.fireChannelRead(AbstractChannelHandlerContext.java:357)
[2026-04-02T11:27:45.158+0000] {spark_submit.py:491} INFO - at io.netty.handler.timeout.IdleStateHandler.channelRead(IdleStateHandler.java:286)
[2026-04-02T11:27:45.158+0000] {spark_submit.py:491} INFO - at io.netty.channel.AbstractChannelHandlerContext.invokeChannelRead(AbstractChannelHandlerContext.java:379)
[2026-04-02T11:27:45.158+0000] {spark_submit.py:491} INFO - at io.netty.channel.AbstractChannelHandlerContext.invokeChannelRead(AbstractChannelHandlerContext.java:365)
[2026-04-02T11:27:45.158+0000] {spark_submit.py:491} INFO - at io.netty.channel.AbstractChannelHandlerContext.fireChannelRead(AbstractChannelHandlerContext.java:357)
[2026-04-02T11:27:45.158+0000] {spark_submit.py:491} INFO - at io.netty.handler.codec.MessageToMessageDecoder.channelRead(MessageToMessageDecoder.java:103)
[2026-04-02T11:27:45.158+0000] {spark_submit.py:491} INFO - at io.netty.channel.AbstractChannelHandlerContext.invokeChannelRead(AbstractChannelHandlerContext.java:379)
[2026-04-02T11:27:45.158+0000] {spark_submit.py:491} INFO - at io.netty.channel.AbstractChannelHandlerContext.invokeChannelRead(AbstractChannelHandlerContext.java:365)
[2026-04-02T11:27:45.158+0000] {spark_submit.py:491} INFO - at io.netty.channel.AbstractChannelHandlerContext.fireChannelRead(AbstractChannelHandlerContext.java:357)
[2026-04-02T11:27:45.158+0000] {spark_submit.py:491} INFO - at org.apache.spark.network.util.TransportFrameDecoder.channelRead(TransportFrameDecoder.java:102)
[2026-04-02T11:27:45.158+0000] {spark_submit.py:491} INFO - at io.netty.channel.AbstractChannelHandlerContext.invokeChannelRead(AbstractChannelHandlerContext.java:379)
[2026-04-02T11:27:45.162+0000] {spark_submit.py:491} INFO - at io.netty.channel.AbstractChannelHandlerContext.invokeChannelRead(AbstractChannelHandlerContext.java:365)
[2026-04-02T11:27:45.162+0000] {spark_submit.py:491} INFO - at io.netty.channel.AbstractChannelHandlerContext.fireChannelRead(AbstractChannelHandlerContext.java:357)
[2026-04-02T11:27:45.162+0000] {spark_submit.py:491} INFO - at io.netty.channel.DefaultChannelPipeline$HeadContext.channelRead(DefaultChannelPipeline.java:1410)
[2026-04-02T11:27:45.162+0000] {spark_submit.py:491} INFO - at io.netty.channel.AbstractChannelHandlerContext.invokeChannelRead(AbstractChannelHandlerContext.java:379)
[2026-04-02T11:27:45.163+0000] {spark_submit.py:491} INFO - at io.netty.channel.AbstractChannelHandlerContext.invokeChannelRead(AbstractChannelHandlerContext.java:365)
[2026-04-02T11:27:45.163+0000] {spark_submit.py:491} INFO - at io.netty.channel.DefaultChannelPipeline.fireChannelRead(DefaultChannelPipeline.java:919)
[2026-04-02T11:27:45.163+0000] {spark_submit.py:491} INFO - at io.netty.channel.nio.AbstractNioByteChannel$NioByteUnsafe.read(AbstractNioByteChannel.java:166)
[2026-04-02T11:27:45.163+0000] {spark_submit.py:491} INFO - at io.netty.channel.nio.NioEventLoop.processSelectedKey(NioEventLoop.java:722)
[2026-04-02T11:27:45.163+0000] {spark_submit.py:491} INFO - at io.netty.channel.nio.NioEventLoop.processSelectedKeysOptimized(NioEventLoop.java:658)
[2026-04-02T11:27:45.163+0000] {spark_submit.py:491} INFO - at io.netty.channel.nio.NioEventLoop.processSelectedKeys(NioEventLoop.java:584)
[2026-04-02T11:27:45.163+0000] {spark_submit.py:491} INFO - at io.netty.channel.nio.NioEventLoop.run(NioEventLoop.java:496)
[2026-04-02T11:27:45.166+0000] {spark_submit.py:491} INFO - at io.netty.util.concurrent.SingleThreadEventExecutor$4.run(SingleThreadEventExecutor.java:986)
[2026-04-02T11:27:45.166+0000] {spark_submit.py:491} INFO - at io.netty.util.internal.ThreadExecutorMap$2.run(ThreadExecutorMap.java:74)
[2026-04-02T11:27:45.166+0000] {spark_submit.py:491} INFO - at io.netty.util.concurrent.FastThreadLocalRunnable.run(FastThreadLocalRunnable.java:30)
[2026-04-02T11:27:45.166+0000] {spark_submit.py:491} INFO - at java.base/java.lang.Thread.run(Thread.java:829)
[2026-04-02T11:27:45.166+0000] {spark_submit.py:491} INFO - 26/04/02 11:27:45 ERROR TransportRequestHandler: Error while invoking RpcHandler#receive() for one-way message.
[2026-04-02T11:27:45.166+0000] {spark_submit.py:491} INFO - org.apache.spark.SparkException: Could not find AppClient.
[2026-04-02T11:27:45.166+0000] {spark_submit.py:491} INFO - at org.apache.spark.rpc.netty.Dispatcher.postMessage(Dispatcher.scala:178)
[2026-04-02T11:27:45.168+0000] {spark_submit.py:491} INFO - at org.apache.spark.rpc.netty.Dispatcher.postOneWayMessage(Dispatcher.scala:150)
[2026-04-02T11:27:45.168+0000] {spark_submit.py:491} INFO - at org.apache.spark.rpc.netty.NettyRpcHandler.receive(NettyRpcEnv.scala:690)
[2026-04-02T11:27:45.168+0000] {spark_submit.py:491} INFO - at org.apache.spark.network.server.TransportRequestHandler.processOneWayMessage(TransportRequestHandler.java:274)
[2026-04-02T11:27:45.168+0000] {spark_submit.py:491} INFO - at org.apache.spark.network.server.TransportRequestHandler.handle(TransportRequestHandler.java:111)
[2026-04-02T11:27:45.168+0000] {spark_submit.py:491} INFO - at org.apache.spark.network.server.TransportChannelHandler.channelRead0(TransportChannelHandler.java:140)
[2026-04-02T11:27:45.168+0000] {spark_submit.py:491} INFO - at org.apache.spark.network.server.TransportChannelHandler.channelRead0(TransportChannelHandler.java:53)
[2026-04-02T11:27:45.168+0000] {spark_submit.py:491} INFO - at io.netty.channel.SimpleChannelInboundHandler.channelRead(SimpleChannelInboundHandler.java:99)
[2026-04-02T11:27:45.168+0000] {spark_submit.py:491} INFO - at io.netty.channel.AbstractChannelHandlerContext.invokeChannelRead(AbstractChannelHandlerContext.java:379)
[2026-04-02T11:27:45.169+0000] {spark_submit.py:491} INFO - at io.netty.channel.AbstractChannelHandlerContext.invokeChannelRead(AbstractChannelHandlerContext.java:365)
[2026-04-02T11:27:45.169+0000] {spark_submit.py:491} INFO - at io.netty.channel.AbstractChannelHandlerContext.fireChannelRead(AbstractChannelHandlerContext.java:357)
[2026-04-02T11:27:45.169+0000] {spark_submit.py:491} INFO - at io.netty.handler.timeout.IdleStateHandler.channelRead(IdleStateHandler.java:286)
[2026-04-02T11:27:45.169+0000] {spark_submit.py:491} INFO - at io.netty.channel.AbstractChannelHandlerContext.invokeChannelRead(AbstractChannelHandlerContext.java:379)
[2026-04-02T11:27:45.169+0000] {spark_submit.py:491} INFO - at io.netty.channel.AbstractChannelHandlerContext.invokeChannelRead(AbstractChannelHandlerContext.java:365)
[2026-04-02T11:27:45.169+0000] {spark_submit.py:491} INFO - at io.netty.channel.AbstractChannelHandlerContext.fireChannelRead(AbstractChannelHandlerContext.java:357)
[2026-04-02T11:27:45.169+0000] {spark_submit.py:491} INFO - at io.netty.handler.codec.MessageToMessageDecoder.channelRead(MessageToMessageDecoder.java:103)
[2026-04-02T11:27:45.169+0000] {spark_submit.py:491} INFO - at io.netty.channel.AbstractChannelHandlerContext.invokeChannelRead(AbstractChannelHandlerContext.java:379)
[2026-04-02T11:27:45.169+0000] {spark_submit.py:491} INFO - at io.netty.channel.AbstractChannelHandlerContext.invokeChannelRead(AbstractChannelHandlerContext.java:365)
[2026-04-02T11:27:45.169+0000] {spark_submit.py:491} INFO - at io.netty.channel.AbstractChannelHandlerContext.fireChannelRead(AbstractChannelHandlerContext.java:357)
[2026-04-02T11:27:45.169+0000] {spark_submit.py:491} INFO - at org.apache.spark.network.util.TransportFrameDecoder.channelRead(TransportFrameDecoder.java:102)
[2026-04-02T11:27:45.169+0000] {spark_submit.py:491} INFO - at io.netty.channel.AbstractChannelHandlerContext.invokeChannelRead(AbstractChannelHandlerContext.java:379)
[2026-04-02T11:27:45.169+0000] {spark_submit.py:491} INFO - at io.netty.channel.AbstractChannelHandlerContext.invokeChannelRead(AbstractChannelHandlerContext.java:365)
[2026-04-02T11:27:45.170+0000] {spark_submit.py:491} INFO - at io.netty.channel.AbstractChannelHandlerContext.fireChannelRead(AbstractChannelHandlerContext.java:357)
[2026-04-02T11:27:45.170+0000] {spark_submit.py:491} INFO - at io.netty.channel.DefaultChannelPipeline$HeadContext.channelRead(DefaultChannelPipeline.java:1410)
[2026-04-02T11:27:45.170+0000] {spark_submit.py:491} INFO - at io.netty.channel.AbstractChannelHandlerContext.invokeChannelRead(AbstractChannelHandlerContext.java:379)
[2026-04-02T11:27:45.170+0000] {spark_submit.py:491} INFO - at io.netty.channel.AbstractChannelHandlerContext.invokeChannelRead(AbstractChannelHandlerContext.java:365)
[2026-04-02T11:27:45.170+0000] {spark_submit.py:491} INFO - at io.netty.channel.DefaultChannelPipeline.fireChannelRead(DefaultChannelPipeline.java:919)
[2026-04-02T11:27:45.170+0000] {spark_submit.py:491} INFO - at io.netty.channel.nio.AbstractNioByteChannel$NioByteUnsafe.read(AbstractNioByteChannel.java:166)
[2026-04-02T11:27:45.170+0000] {spark_submit.py:491} INFO - at io.netty.channel.nio.NioEventLoop.processSelectedKey(NioEventLoop.java:722)
[2026-04-02T11:27:45.170+0000] {spark_submit.py:491} INFO - at io.netty.channel.nio.NioEventLoop.processSelectedKeysOptimized(NioEventLoop.java:658)
[2026-04-02T11:27:45.170+0000] {spark_submit.py:491} INFO - at io.netty.channel.nio.NioEventLoop.processSelectedKeys(NioEventLoop.java:584)
[2026-04-02T11:27:45.170+0000] {spark_submit.py:491} INFO - at io.netty.channel.nio.NioEventLoop.run(NioEventLoop.java:496)
[2026-04-02T11:27:45.170+0000] {spark_submit.py:491} INFO - at io.netty.util.concurrent.SingleThreadEventExecutor$4.run(SingleThreadEventExecutor.java:986)
[2026-04-02T11:27:45.170+0000] {spark_submit.py:491} INFO - at io.netty.util.internal.ThreadExecutorMap$2.run(ThreadExecutorMap.java:74)
[2026-04-02T11:27:45.176+0000] {spark_submit.py:491} INFO - at io.netty.util.concurrent.FastThreadLocalRunnable.run(FastThreadLocalRunnable.java:30)
[2026-04-02T11:27:45.179+0000] {spark_submit.py:491} INFO - at java.base/java.lang.Thread.run(Thread.java:829)
[2026-04-02T11:27:45.488+0000] {spark_submit.py:491} INFO - Traceback (most recent call last):
[2026-04-02T11:27:45.488+0000] {spark_submit.py:491} INFO - File "/opt/airflow/etl/silver/main_silver.py", line 59, in <module>
[2026-04-02T11:27:45.488+0000] {spark_submit.py:491} INFO - raise e
[2026-04-02T11:27:45.489+0000] {spark_submit.py:491} INFO - File "/opt/airflow/etl/silver/main_silver.py", line 48, in <module>
[2026-04-02T11:27:45.489+0000] {spark_submit.py:491} INFO - process_silver_layer(
[2026-04-02T11:27:45.489+0000] {spark_submit.py:491} INFO - File "/opt/airflow/etl/silver/silver_processor.py", line 78, in process_silver_layer
[2026-04-02T11:27:45.489+0000] {spark_submit.py:491} INFO - .load(bronze_path)
[2026-04-02T11:27:45.489+0000] {spark_submit.py:491} INFO - File "/home/airflow/.local/lib/python3.10/site-packages/pyspark/python/lib/pyspark.zip/pyspark/sql/streaming.py", line 467, in load
[2026-04-02T11:27:45.489+0000] {spark_submit.py:491} INFO - File "/home/airflow/.local/lib/python3.10/site-packages/pyspark/python/lib/py4j-0.10.9.5-src.zip/py4j/java_gateway.py", line 1321, in __call__
[2026-04-02T11:27:45.489+0000] {spark_submit.py:491} INFO - File "/home/airflow/.local/lib/python3.10/site-packages/pyspark/python/lib/pyspark.zip/pyspark/sql/utils.py", line 190, in deco
[2026-04-02T11:27:45.490+0000] {spark_submit.py:491} INFO - File "/home/airflow/.local/lib/python3.10/site-packages/pyspark/python/lib/py4j-0.10.9.5-src.zip/py4j/protocol.py", line 326, in get_return_value
[2026-04-02T11:27:45.490+0000] {spark_submit.py:491} INFO - py4j.protocol.Py4JJavaError: An error occurred while calling o39.load.
[2026-04-02T11:27:45.490+0000] {spark_submit.py:491} INFO - : java.lang.RuntimeException: java.lang.ClassNotFoundException: Class org.apache.hadoop.fs.s3a.S3AFileSystem not found
[2026-04-02T11:27:45.490+0000] {spark_submit.py:491} INFO - at org.apache.hadoop.conf.Configuration.getClass(Configuration.java:2688)
[2026-04-02T11:27:45.490+0000] {spark_submit.py:491} INFO - at org.apache.hadoop.fs.FileSystem.getFileSystemClass(FileSystem.java:3431)
[2026-04-02T11:27:45.490+0000] {spark_submit.py:491} INFO - at org.apache.hadoop.fs.FileSystem.createFileSystem(FileSystem.java:3466)
[2026-04-02T11:27:45.490+0000] {spark_submit.py:491} INFO - at org.apache.hadoop.fs.FileSystem.access$300(FileSystem.java:174)
[2026-04-02T11:27:45.490+0000] {spark_submit.py:491} INFO - at org.apache.hadoop.fs.FileSystem$Cache.getInternal(FileSystem.java:3574)
[2026-04-02T11:27:45.490+0000] {spark_submit.py:491} INFO - at org.apache.hadoop.fs.FileSystem$Cache.get(FileSystem.java:3521)
[2026-04-02T11:27:45.491+0000] {spark_submit.py:491} INFO - at org.apache.hadoop.fs.FileSystem.get(FileSystem.java:540)
[2026-04-02T11:27:45.491+0000] {spark_submit.py:491} INFO - at org.apache.hadoop.fs.Path.getFileSystem(Path.java:365)
[2026-04-02T11:27:45.491+0000] {spark_submit.py:491} INFO - at org.apache.spark.sql.execution.datasources.DataSource.sourceSchema(DataSource.scala:249)
[2026-04-02T11:27:45.491+0000] {spark_submit.py:491} INFO - at org.apache.spark.sql.execution.datasources.DataSource.sourceInfo$lzycompute(DataSource.scala:118)
[2026-04-02T11:27:45.491+0000] {spark_submit.py:491} INFO - at org.apache.spark.sql.execution.datasources.DataSource.sourceInfo(DataSource.scala:118)
[2026-04-02T11:27:45.491+0000] {spark_submit.py:491} INFO - at org.apache.spark.sql.execution.streaming.StreamingRelation$.apply(StreamingRelation.scala:34)
[2026-04-02T11:27:45.491+0000] {spark_submit.py:491} INFO - at org.apache.spark.sql.streaming.DataStreamReader.loadInternal(DataStreamReader.scala:196)
[2026-04-02T11:27:45.491+0000] {spark_submit.py:491} INFO - at org.apache.spark.sql.streaming.DataStreamReader.load(DataStreamReader.scala:210)
[2026-04-02T11:27:45.491+0000] {spark_submit.py:491} INFO - at java.base/jdk.internal.reflect.NativeMethodAccessorImpl.invoke0(Native Method)
[2026-04-02T11:27:45.491+0000] {spark_submit.py:491} INFO - at java.base/jdk.internal.reflect.NativeMethodAccessorImpl.invoke(NativeMethodAccessorImpl.java:62)
[2026-04-02T11:27:45.491+0000] {spark_submit.py:491} INFO - at java.base/jdk.internal.reflect.DelegatingMethodAccessorImpl.invoke(DelegatingMethodAccessorImpl.java:43)
[2026-04-02T11:27:45.491+0000] {spark_submit.py:491} INFO - at java.base/java.lang.reflect.Method.invoke(Method.java:566)
[2026-04-02T11:27:45.491+0000] {spark_submit.py:491} INFO - at py4j.reflection.MethodInvoker.invoke(MethodInvoker.java:244)
[2026-04-02T11:27:45.491+0000] {spark_submit.py:491} INFO - at py4j.reflection.ReflectionEngine.invoke(ReflectionEngine.java:357)
[2026-04-02T11:27:45.491+0000] {spark_submit.py:491} INFO - at py4j.Gateway.invoke(Gateway.java:282)
[2026-04-02T11:27:45.492+0000] {spark_submit.py:491} INFO - at py4j.commands.AbstractCommand.invokeMethod(AbstractCommand.java:132)
[2026-04-02T11:27:45.492+0000] {spark_submit.py:491} INFO - at py4j.commands.CallCommand.execute(CallCommand.java:79)
[2026-04-02T11:27:45.492+0000] {spark_submit.py:491} INFO - at py4j.ClientServerConnection.waitForCommands(ClientServerConnection.java:182)
[2026-04-02T11:27:45.492+0000] {spark_submit.py:491} INFO - at py4j.ClientServerConnection.run(ClientServerConnection.java:106)
[2026-04-02T11:27:45.492+0000] {spark_submit.py:491} INFO - at java.base/java.lang.Thread.run(Thread.java:829)
[2026-04-02T11:27:45.492+0000] {spark_submit.py:491} INFO - Caused by: java.lang.ClassNotFoundException: Class org.apache.hadoop.fs.s3a.S3AFileSystem not found
[2026-04-02T11:27:45.492+0000] {spark_submit.py:491} INFO - at org.apache.hadoop.conf.Configuration.getClassByName(Configuration.java:2592)
[2026-04-02T11:27:45.492+0000] {spark_submit.py:491} INFO - at org.apache.hadoop.conf.Configuration.getClass(Configuration.java:2686)
[2026-04-02T11:27:45.492+0000] {spark_submit.py:491} INFO - ... 25 more
[2026-04-02T11:27:45.492+0000] {spark_submit.py:491} INFO - 
[2026-04-02T11:27:45.492+0000] {spark_submit.py:491} INFO - INFO:py4j.clientserver:Closing down clientserver connection
[2026-04-02T11:27:45.622+0000] {taskinstance.py:1937} ERROR - Task failed with exception
Traceback (most recent call last):
  File "/home/airflow/.local/lib/python3.10/site-packages/airflow/providers/apache/spark/operators/spark_submit.py", line 156, in execute
    self._hook.submit(self._application)
  File "/home/airflow/.local/lib/python3.10/site-packages/airflow/providers/apache/spark/hooks/spark_submit.py", line 422, in submit
    raise AirflowException(
airflow.exceptions.AirflowException: Cannot execute: spark-submit --master spark://spark-master:7077 --executor-cores 1 --executor-memory 1g --driver-memory 1g --name airflow_silver_product_category_name_translation /opt/airflow/etl/silver/main_silver.py --table_name product_category_name_translation --merge_key product_category_name --is_cdc false --json_schema . Error code is: 1.
[2026-04-02T11:27:45.626+0000] {taskinstance.py:1400} INFO - Marking task as FAILED. dag_id=silver_spark_processor, task_id=process_silver_product_category_name_translation, execution_date=20260402T105544, start_date=20260402T112734, end_date=20260402T112745
[2026-04-02T11:27:45.648+0000] {standard_task_runner.py:104} ERROR - Failed to execute job 354 for task process_silver_product_category_name_translation (Cannot execute: spark-submit --master spark://spark-master:7077 --executor-cores 1 --executor-memory 1g --driver-memory 1g --name airflow_silver_product_category_name_translation /opt/airflow/etl/silver/main_silver.py --table_name product_category_name_translation --merge_key product_category_name --is_cdc false --json_schema . Error code is: 1.; 3436)
[2026-04-02T11:27:45.679+0000] {local_task_job_runner.py:228} INFO - Task exited with return code 1
[2026-04-02T11:27:45.702+0000] {taskinstance.py:2778} INFO - 0 downstream tasks scheduled from follow-on schedule check
