[2026-04-02T11:22:19.584+0000] {taskinstance.py:1159} INFO - Dependencies all met for dep_context=non-requeueable deps ti=<TaskInstance: silver_spark_processor.process_silver_product_category_name_translation manual__2026-04-02T10:55:44.325453+00:00 [queued]>
[2026-04-02T11:22:19.699+0000] {taskinstance.py:1159} INFO - Dependencies all met for dep_context=requeueable deps ti=<TaskInstance: silver_spark_processor.process_silver_product_category_name_translation manual__2026-04-02T10:55:44.325453+00:00 [queued]>
[2026-04-02T11:22:19.700+0000] {taskinstance.py:1361} INFO - Starting attempt 5 of 6
[2026-04-02T11:22:19.859+0000] {taskinstance.py:1382} INFO - Executing <Task(SparkSubmitOperator): process_silver_product_category_name_translation> on 2026-04-02 10:55:44.325453+00:00
[2026-04-02T11:22:19.894+0000] {standard_task_runner.py:57} INFO - Started process 2697 to run task
[2026-04-02T11:22:19.918+0000] {standard_task_runner.py:84} INFO - Running: ['airflow', 'tasks', 'run', 'silver_spark_processor', 'process_silver_product_category_name_translation', 'manual__2026-04-02T10:55:44.325453+00:00', '--job-id', '351', '--raw', '--subdir', 'DAGS_FOLDER/silver_processor_dag.py', '--cfg-path', '/tmp/tmpd5qg7nys']
[2026-04-02T11:22:19.939+0000] {standard_task_runner.py:85} INFO - Job 351: Subtask process_silver_product_category_name_translation
[2026-04-02T11:22:20.298+0000] {task_command.py:416} INFO - Running <TaskInstance: silver_spark_processor.process_silver_product_category_name_translation manual__2026-04-02T10:55:44.325453+00:00 [running]> on host 5926004790ec
[2026-04-02T11:22:20.703+0000] {taskinstance.py:1662} INFO - Exporting env vars: AIRFLOW_CTX_DAG_OWNER='data-team' AIRFLOW_CTX_DAG_ID='silver_spark_processor' AIRFLOW_CTX_TASK_ID='process_silver_product_category_name_translation' AIRFLOW_CTX_EXECUTION_DATE='2026-04-02T10:55:44.325453+00:00' AIRFLOW_CTX_TRY_NUMBER='5' AIRFLOW_CTX_DAG_RUN_ID='manual__2026-04-02T10:55:44.325453+00:00'
[2026-04-02T11:22:20.772+0000] {base.py:73} INFO - Using connection ID 'spark_default' for task execution.
[2026-04-02T11:22:20.774+0000] {spark_submit.py:340} INFO - Spark-Submit cmd: spark-submit --master spark://spark-master:7077 --executor-cores 1 --executor-memory 1g --driver-memory 1g --name airflow_silver_product_category_name_translation /opt/airflow/etl/silver/main_silver.py --table_name product_category_name_translation --merge_key product_category_name --is_cdc false --json_schema 
[2026-04-02T11:22:21.783+0000] {spark_submit.py:491} INFO - /home/airflow/.local/lib/python3.10/site-packages/pyspark/bin/load-spark-env.sh: line 68: ps: command not found
[2026-04-02T11:22:27.722+0000] {spark_submit.py:491} INFO - INFO:__main__:Khởi tạo Spark Job cho bảng: product_category_name_translation
[2026-04-02T11:22:27.796+0000] {spark_submit.py:491} INFO - 26/04/02 11:22:27 INFO SparkContext: Running Spark version 3.3.2
[2026-04-02T11:22:27.875+0000] {spark_submit.py:491} INFO - 26/04/02 11:22:27 WARN NativeCodeLoader: Unable to load native-hadoop library for your platform... using builtin-java classes where applicable
[2026-04-02T11:22:28.019+0000] {spark_submit.py:491} INFO - 26/04/02 11:22:28 INFO ResourceUtils: ==============================================================
[2026-04-02T11:22:28.019+0000] {spark_submit.py:491} INFO - 26/04/02 11:22:28 INFO ResourceUtils: No custom resources configured for spark.driver.
[2026-04-02T11:22:28.020+0000] {spark_submit.py:491} INFO - 26/04/02 11:22:28 INFO ResourceUtils: ==============================================================
[2026-04-02T11:22:28.020+0000] {spark_submit.py:491} INFO - 26/04/02 11:22:28 INFO SparkContext: Submitted application: <class 'pyspark.sql.session.SparkSession'>
[2026-04-02T11:22:28.047+0000] {spark_submit.py:491} INFO - 26/04/02 11:22:28 INFO ResourceProfile: Default ResourceProfile created, executor resources: Map(cores -> name: cores, amount: 1, script: , vendor: , memory -> name: memory, amount: 1024, script: , vendor: , offHeap -> name: offHeap, amount: 0, script: , vendor: ), task resources: Map(cpus -> name: cpus, amount: 1.0)
[2026-04-02T11:22:28.062+0000] {spark_submit.py:491} INFO - 26/04/02 11:22:28 INFO ResourceProfile: Limiting resource is cpus at 1 tasks per executor
[2026-04-02T11:22:28.065+0000] {spark_submit.py:491} INFO - 26/04/02 11:22:28 INFO ResourceProfileManager: Added ResourceProfile id: 0
[2026-04-02T11:22:28.127+0000] {spark_submit.py:491} INFO - 26/04/02 11:22:28 INFO SecurityManager: Changing view acls to: airflow
[2026-04-02T11:22:28.128+0000] {spark_submit.py:491} INFO - 26/04/02 11:22:28 INFO SecurityManager: Changing modify acls to: airflow
[2026-04-02T11:22:28.129+0000] {spark_submit.py:491} INFO - 26/04/02 11:22:28 INFO SecurityManager: Changing view acls groups to:
[2026-04-02T11:22:28.130+0000] {spark_submit.py:491} INFO - 26/04/02 11:22:28 INFO SecurityManager: Changing modify acls groups to:
[2026-04-02T11:22:28.131+0000] {spark_submit.py:491} INFO - 26/04/02 11:22:28 INFO SecurityManager: SecurityManager: authentication disabled; ui acls disabled; users  with view permissions: Set(airflow); groups with view permissions: Set(); users  with modify permissions: Set(airflow); groups with modify permissions: Set()
[2026-04-02T11:22:28.546+0000] {spark_submit.py:491} INFO - 26/04/02 11:22:28 INFO Utils: Successfully started service 'sparkDriver' on port 41991.
[2026-04-02T11:22:28.589+0000] {spark_submit.py:491} INFO - 26/04/02 11:22:28 INFO SparkEnv: Registering MapOutputTracker
[2026-04-02T11:22:28.647+0000] {spark_submit.py:491} INFO - 26/04/02 11:22:28 INFO SparkEnv: Registering BlockManagerMaster
[2026-04-02T11:22:28.673+0000] {spark_submit.py:491} INFO - 26/04/02 11:22:28 INFO BlockManagerMasterEndpoint: Using org.apache.spark.storage.DefaultTopologyMapper for getting topology information
[2026-04-02T11:22:28.674+0000] {spark_submit.py:491} INFO - 26/04/02 11:22:28 INFO BlockManagerMasterEndpoint: BlockManagerMasterEndpoint up
[2026-04-02T11:22:28.680+0000] {spark_submit.py:491} INFO - 26/04/02 11:22:28 INFO SparkEnv: Registering BlockManagerMasterHeartbeat
[2026-04-02T11:22:28.702+0000] {spark_submit.py:491} INFO - 26/04/02 11:22:28 INFO DiskBlockManager: Created local directory at /tmp/blockmgr-918cc697-563e-419e-93b5-169abe4d02dd
[2026-04-02T11:22:28.722+0000] {spark_submit.py:491} INFO - 26/04/02 11:22:28 INFO MemoryStore: MemoryStore started with capacity 434.4 MiB
[2026-04-02T11:22:28.743+0000] {spark_submit.py:491} INFO - 26/04/02 11:22:28 INFO SparkEnv: Registering OutputCommitCoordinator
[2026-04-02T11:22:28.954+0000] {spark_submit.py:491} INFO - 26/04/02 11:22:28 WARN Utils: Service 'SparkUI' could not bind on port 4040. Attempting port 4041.
[2026-04-02T11:22:28.969+0000] {spark_submit.py:491} INFO - 26/04/02 11:22:28 INFO Utils: Successfully started service 'SparkUI' on port 4041.
[2026-04-02T11:22:29.140+0000] {spark_submit.py:491} INFO - 26/04/02 11:22:29 INFO StandaloneAppClient$ClientEndpoint: Connecting to master spark://spark-master:7077...
[2026-04-02T11:22:29.185+0000] {spark_submit.py:491} INFO - 26/04/02 11:22:29 INFO TransportClientFactory: Successfully created connection to spark-master/172.18.0.6:7077 after 27 ms (0 ms spent in bootstraps)
[2026-04-02T11:22:29.393+0000] {spark_submit.py:491} INFO - 26/04/02 11:22:29 INFO StandaloneSchedulerBackend: Connected to Spark cluster with app ID app-20260402112229-0017
[2026-04-02T11:22:29.419+0000] {spark_submit.py:491} INFO - 26/04/02 11:22:29 INFO Utils: Successfully started service 'org.apache.spark.network.netty.NettyBlockTransferService' on port 33573.
[2026-04-02T11:22:29.420+0000] {spark_submit.py:491} INFO - 26/04/02 11:22:29 INFO NettyBlockTransferService: Server created on 5926004790ec:33573
[2026-04-02T11:22:29.427+0000] {spark_submit.py:491} INFO - 26/04/02 11:22:29 INFO BlockManager: Using org.apache.spark.storage.RandomBlockReplicationPolicy for block replication policy
[2026-04-02T11:22:29.450+0000] {spark_submit.py:491} INFO - 26/04/02 11:22:29 INFO BlockManagerMaster: Registering BlockManager BlockManagerId(driver, 5926004790ec, 33573, None)
[2026-04-02T11:22:29.455+0000] {spark_submit.py:491} INFO - 26/04/02 11:22:29 INFO BlockManagerMasterEndpoint: Registering block manager 5926004790ec:33573 with 434.4 MiB RAM, BlockManagerId(driver, 5926004790ec, 33573, None)
[2026-04-02T11:22:29.464+0000] {spark_submit.py:491} INFO - 26/04/02 11:22:29 INFO BlockManagerMaster: Registered BlockManager BlockManagerId(driver, 5926004790ec, 33573, None)
[2026-04-02T11:22:29.465+0000] {spark_submit.py:491} INFO - 26/04/02 11:22:29 INFO BlockManager: Initialized BlockManager: BlockManagerId(driver, 5926004790ec, 33573, None)
[2026-04-02T11:22:30.057+0000] {spark_submit.py:491} INFO - 26/04/02 11:22:30 INFO StandaloneSchedulerBackend: SchedulerBackend is ready for scheduling beginning after reached minRegisteredResourcesRatio: 0.0
[2026-04-02T11:22:32.418+0000] {spark_submit.py:491} INFO - INFO:silver_processor: Bắt đầu xử lý lớp Silver cho bảng: product_category_name_translation | Chế độ CDC: False
[2026-04-02T11:22:32.418+0000] {spark_submit.py:491} INFO - INFO:silver_processor: Bắt đầu quét Data Nóng từ Bronze...
[2026-04-02T11:22:32.735+0000] {spark_submit.py:491} INFO - ERROR:__main__:Lỗi khi xử lý lớp Silver bảng product_category_name_translation: An error occurred while calling o39.load.
[2026-04-02T11:22:32.735+0000] {spark_submit.py:491} INFO - : java.lang.RuntimeException: java.lang.ClassNotFoundException: Class org.apache.hadoop.fs.s3a.S3AFileSystem not found
[2026-04-02T11:22:32.735+0000] {spark_submit.py:491} INFO - at org.apache.hadoop.conf.Configuration.getClass(Configuration.java:2688)
[2026-04-02T11:22:32.735+0000] {spark_submit.py:491} INFO - at org.apache.hadoop.fs.FileSystem.getFileSystemClass(FileSystem.java:3431)
[2026-04-02T11:22:32.735+0000] {spark_submit.py:491} INFO - at org.apache.hadoop.fs.FileSystem.createFileSystem(FileSystem.java:3466)
[2026-04-02T11:22:32.736+0000] {spark_submit.py:491} INFO - at org.apache.hadoop.fs.FileSystem.access$300(FileSystem.java:174)
[2026-04-02T11:22:32.736+0000] {spark_submit.py:491} INFO - at org.apache.hadoop.fs.FileSystem$Cache.getInternal(FileSystem.java:3574)
[2026-04-02T11:22:32.736+0000] {spark_submit.py:491} INFO - at org.apache.hadoop.fs.FileSystem$Cache.get(FileSystem.java:3521)
[2026-04-02T11:22:32.736+0000] {spark_submit.py:491} INFO - at org.apache.hadoop.fs.FileSystem.get(FileSystem.java:540)
[2026-04-02T11:22:32.736+0000] {spark_submit.py:491} INFO - at org.apache.hadoop.fs.Path.getFileSystem(Path.java:365)
[2026-04-02T11:22:32.736+0000] {spark_submit.py:491} INFO - at org.apache.spark.sql.execution.datasources.DataSource.sourceSchema(DataSource.scala:249)
[2026-04-02T11:22:32.736+0000] {spark_submit.py:491} INFO - at org.apache.spark.sql.execution.datasources.DataSource.sourceInfo$lzycompute(DataSource.scala:118)
[2026-04-02T11:22:32.736+0000] {spark_submit.py:491} INFO - at org.apache.spark.sql.execution.datasources.DataSource.sourceInfo(DataSource.scala:118)
[2026-04-02T11:22:32.736+0000] {spark_submit.py:491} INFO - at org.apache.spark.sql.execution.streaming.StreamingRelation$.apply(StreamingRelation.scala:34)
[2026-04-02T11:22:32.736+0000] {spark_submit.py:491} INFO - at org.apache.spark.sql.streaming.DataStreamReader.loadInternal(DataStreamReader.scala:196)
[2026-04-02T11:22:32.736+0000] {spark_submit.py:491} INFO - at org.apache.spark.sql.streaming.DataStreamReader.load(DataStreamReader.scala:210)
[2026-04-02T11:22:32.737+0000] {spark_submit.py:491} INFO - at java.base/jdk.internal.reflect.NativeMethodAccessorImpl.invoke0(Native Method)
[2026-04-02T11:22:32.737+0000] {spark_submit.py:491} INFO - at java.base/jdk.internal.reflect.NativeMethodAccessorImpl.invoke(NativeMethodAccessorImpl.java:62)
[2026-04-02T11:22:32.737+0000] {spark_submit.py:491} INFO - at java.base/jdk.internal.reflect.DelegatingMethodAccessorImpl.invoke(DelegatingMethodAccessorImpl.java:43)
[2026-04-02T11:22:32.737+0000] {spark_submit.py:491} INFO - at java.base/java.lang.reflect.Method.invoke(Method.java:566)
[2026-04-02T11:22:32.737+0000] {spark_submit.py:491} INFO - at py4j.reflection.MethodInvoker.invoke(MethodInvoker.java:244)
[2026-04-02T11:22:32.737+0000] {spark_submit.py:491} INFO - at py4j.reflection.ReflectionEngine.invoke(ReflectionEngine.java:357)
[2026-04-02T11:22:32.737+0000] {spark_submit.py:491} INFO - at py4j.Gateway.invoke(Gateway.java:282)
[2026-04-02T11:22:32.737+0000] {spark_submit.py:491} INFO - at py4j.commands.AbstractCommand.invokeMethod(AbstractCommand.java:132)
[2026-04-02T11:22:32.737+0000] {spark_submit.py:491} INFO - at py4j.commands.CallCommand.execute(CallCommand.java:79)
[2026-04-02T11:22:32.737+0000] {spark_submit.py:491} INFO - at py4j.ClientServerConnection.waitForCommands(ClientServerConnection.java:182)
[2026-04-02T11:22:32.737+0000] {spark_submit.py:491} INFO - at py4j.ClientServerConnection.run(ClientServerConnection.java:106)
[2026-04-02T11:22:32.740+0000] {spark_submit.py:491} INFO - at java.base/java.lang.Thread.run(Thread.java:829)
[2026-04-02T11:22:32.740+0000] {spark_submit.py:491} INFO - Caused by: java.lang.ClassNotFoundException: Class org.apache.hadoop.fs.s3a.S3AFileSystem not found
[2026-04-02T11:22:32.740+0000] {spark_submit.py:491} INFO - at org.apache.hadoop.conf.Configuration.getClassByName(Configuration.java:2592)
[2026-04-02T11:22:32.741+0000] {spark_submit.py:491} INFO - at org.apache.hadoop.conf.Configuration.getClass(Configuration.java:2686)
[2026-04-02T11:22:32.741+0000] {spark_submit.py:491} INFO - ... 25 more
[2026-04-02T11:22:32.741+0000] {spark_submit.py:491} INFO - 
[2026-04-02T11:22:33.134+0000] {spark_submit.py:491} INFO - Traceback (most recent call last):
[2026-04-02T11:22:33.134+0000] {spark_submit.py:491} INFO - File "/opt/airflow/etl/silver/main_silver.py", line 59, in <module>
[2026-04-02T11:22:33.134+0000] {spark_submit.py:491} INFO - raise e
[2026-04-02T11:22:33.134+0000] {spark_submit.py:491} INFO - File "/opt/airflow/etl/silver/main_silver.py", line 48, in <module>
[2026-04-02T11:22:33.134+0000] {spark_submit.py:491} INFO - process_silver_layer(
[2026-04-02T11:22:33.134+0000] {spark_submit.py:491} INFO - File "/opt/airflow/etl/silver/silver_processor.py", line 78, in process_silver_layer
[2026-04-02T11:22:33.135+0000] {spark_submit.py:491} INFO - .load(bronze_path)
[2026-04-02T11:22:33.135+0000] {spark_submit.py:491} INFO - File "/home/airflow/.local/lib/python3.10/site-packages/pyspark/python/lib/pyspark.zip/pyspark/sql/streaming.py", line 467, in load
[2026-04-02T11:22:33.135+0000] {spark_submit.py:491} INFO - File "/home/airflow/.local/lib/python3.10/site-packages/pyspark/python/lib/py4j-0.10.9.5-src.zip/py4j/java_gateway.py", line 1321, in __call__
[2026-04-02T11:22:33.135+0000] {spark_submit.py:491} INFO - File "/home/airflow/.local/lib/python3.10/site-packages/pyspark/python/lib/pyspark.zip/pyspark/sql/utils.py", line 190, in deco
[2026-04-02T11:22:33.135+0000] {spark_submit.py:491} INFO - File "/home/airflow/.local/lib/python3.10/site-packages/pyspark/python/lib/py4j-0.10.9.5-src.zip/py4j/protocol.py", line 326, in get_return_value
[2026-04-02T11:22:33.135+0000] {spark_submit.py:491} INFO - py4j.protocol.Py4JJavaError: An error occurred while calling o39.load.
[2026-04-02T11:22:33.136+0000] {spark_submit.py:491} INFO - : java.lang.RuntimeException: java.lang.ClassNotFoundException: Class org.apache.hadoop.fs.s3a.S3AFileSystem not found
[2026-04-02T11:22:33.136+0000] {spark_submit.py:491} INFO - at org.apache.hadoop.conf.Configuration.getClass(Configuration.java:2688)
[2026-04-02T11:22:33.136+0000] {spark_submit.py:491} INFO - at org.apache.hadoop.fs.FileSystem.getFileSystemClass(FileSystem.java:3431)
[2026-04-02T11:22:33.136+0000] {spark_submit.py:491} INFO - at org.apache.hadoop.fs.FileSystem.createFileSystem(FileSystem.java:3466)
[2026-04-02T11:22:33.136+0000] {spark_submit.py:491} INFO - at org.apache.hadoop.fs.FileSystem.access$300(FileSystem.java:174)
[2026-04-02T11:22:33.136+0000] {spark_submit.py:491} INFO - at org.apache.hadoop.fs.FileSystem$Cache.getInternal(FileSystem.java:3574)
[2026-04-02T11:22:33.136+0000] {spark_submit.py:491} INFO - at org.apache.hadoop.fs.FileSystem$Cache.get(FileSystem.java:3521)
[2026-04-02T11:22:33.136+0000] {spark_submit.py:491} INFO - at org.apache.hadoop.fs.FileSystem.get(FileSystem.java:540)
[2026-04-02T11:22:33.136+0000] {spark_submit.py:491} INFO - at org.apache.hadoop.fs.Path.getFileSystem(Path.java:365)
[2026-04-02T11:22:33.136+0000] {spark_submit.py:491} INFO - at org.apache.spark.sql.execution.datasources.DataSource.sourceSchema(DataSource.scala:249)
[2026-04-02T11:22:33.136+0000] {spark_submit.py:491} INFO - at org.apache.spark.sql.execution.datasources.DataSource.sourceInfo$lzycompute(DataSource.scala:118)
[2026-04-02T11:22:33.136+0000] {spark_submit.py:491} INFO - at org.apache.spark.sql.execution.datasources.DataSource.sourceInfo(DataSource.scala:118)
[2026-04-02T11:22:33.136+0000] {spark_submit.py:491} INFO - at org.apache.spark.sql.execution.streaming.StreamingRelation$.apply(StreamingRelation.scala:34)
[2026-04-02T11:22:33.137+0000] {spark_submit.py:491} INFO - at org.apache.spark.sql.streaming.DataStreamReader.loadInternal(DataStreamReader.scala:196)
[2026-04-02T11:22:33.137+0000] {spark_submit.py:491} INFO - at org.apache.spark.sql.streaming.DataStreamReader.load(DataStreamReader.scala:210)
[2026-04-02T11:22:33.137+0000] {spark_submit.py:491} INFO - at java.base/jdk.internal.reflect.NativeMethodAccessorImpl.invoke0(Native Method)
[2026-04-02T11:22:33.137+0000] {spark_submit.py:491} INFO - at java.base/jdk.internal.reflect.NativeMethodAccessorImpl.invoke(NativeMethodAccessorImpl.java:62)
[2026-04-02T11:22:33.137+0000] {spark_submit.py:491} INFO - at java.base/jdk.internal.reflect.DelegatingMethodAccessorImpl.invoke(DelegatingMethodAccessorImpl.java:43)
[2026-04-02T11:22:33.137+0000] {spark_submit.py:491} INFO - at java.base/java.lang.reflect.Method.invoke(Method.java:566)
[2026-04-02T11:22:33.137+0000] {spark_submit.py:491} INFO - at py4j.reflection.MethodInvoker.invoke(MethodInvoker.java:244)
[2026-04-02T11:22:33.137+0000] {spark_submit.py:491} INFO - at py4j.reflection.ReflectionEngine.invoke(ReflectionEngine.java:357)
[2026-04-02T11:22:33.137+0000] {spark_submit.py:491} INFO - at py4j.Gateway.invoke(Gateway.java:282)
[2026-04-02T11:22:33.137+0000] {spark_submit.py:491} INFO - at py4j.commands.AbstractCommand.invokeMethod(AbstractCommand.java:132)
[2026-04-02T11:22:33.137+0000] {spark_submit.py:491} INFO - at py4j.commands.CallCommand.execute(CallCommand.java:79)
[2026-04-02T11:22:33.137+0000] {spark_submit.py:491} INFO - at py4j.ClientServerConnection.waitForCommands(ClientServerConnection.java:182)
[2026-04-02T11:22:33.137+0000] {spark_submit.py:491} INFO - at py4j.ClientServerConnection.run(ClientServerConnection.java:106)
[2026-04-02T11:22:33.137+0000] {spark_submit.py:491} INFO - at java.base/java.lang.Thread.run(Thread.java:829)
[2026-04-02T11:22:33.137+0000] {spark_submit.py:491} INFO - Caused by: java.lang.ClassNotFoundException: Class org.apache.hadoop.fs.s3a.S3AFileSystem not found
[2026-04-02T11:22:33.138+0000] {spark_submit.py:491} INFO - at org.apache.hadoop.conf.Configuration.getClassByName(Configuration.java:2592)
[2026-04-02T11:22:33.138+0000] {spark_submit.py:491} INFO - at org.apache.hadoop.conf.Configuration.getClass(Configuration.java:2686)
[2026-04-02T11:22:33.138+0000] {spark_submit.py:491} INFO - ... 25 more
[2026-04-02T11:22:33.138+0000] {spark_submit.py:491} INFO - 
[2026-04-02T11:22:33.138+0000] {spark_submit.py:491} INFO - INFO:py4j.clientserver:Closing down clientserver connection
[2026-04-02T11:22:33.274+0000] {taskinstance.py:1937} ERROR - Task failed with exception
Traceback (most recent call last):
  File "/home/airflow/.local/lib/python3.10/site-packages/airflow/providers/apache/spark/operators/spark_submit.py", line 156, in execute
    self._hook.submit(self._application)
  File "/home/airflow/.local/lib/python3.10/site-packages/airflow/providers/apache/spark/hooks/spark_submit.py", line 422, in submit
    raise AirflowException(
airflow.exceptions.AirflowException: Cannot execute: spark-submit --master spark://spark-master:7077 --executor-cores 1 --executor-memory 1g --driver-memory 1g --name airflow_silver_product_category_name_translation /opt/airflow/etl/silver/main_silver.py --table_name product_category_name_translation --merge_key product_category_name --is_cdc false --json_schema . Error code is: 1.
[2026-04-02T11:22:33.278+0000] {taskinstance.py:1400} INFO - Marking task as UP_FOR_RETRY. dag_id=silver_spark_processor, task_id=process_silver_product_category_name_translation, execution_date=20260402T105544, start_date=20260402T112219, end_date=20260402T112233
[2026-04-02T11:22:33.291+0000] {standard_task_runner.py:104} ERROR - Failed to execute job 351 for task process_silver_product_category_name_translation (Cannot execute: spark-submit --master spark://spark-master:7077 --executor-cores 1 --executor-memory 1g --driver-memory 1g --name airflow_silver_product_category_name_translation /opt/airflow/etl/silver/main_silver.py --table_name product_category_name_translation --merge_key product_category_name --is_cdc false --json_schema . Error code is: 1.; 2697)
[2026-04-02T11:22:33.308+0000] {local_task_job_runner.py:228} INFO - Task exited with return code 1
[2026-04-02T11:22:33.335+0000] {taskinstance.py:2778} INFO - 0 downstream tasks scheduled from follow-on schedule check
