[2026-04-03T12:13:12.307+0000] {taskinstance.py:1159} INFO - Dependencies all met for dep_context=non-requeueable deps ti=<TaskInstance: silver_spark_processor.process_silver_sellers scheduled__2026-04-02T00:00:00+00:00 [queued]>
[2026-04-03T12:13:12.323+0000] {taskinstance.py:1159} INFO - Dependencies all met for dep_context=requeueable deps ti=<TaskInstance: silver_spark_processor.process_silver_sellers scheduled__2026-04-02T00:00:00+00:00 [queued]>
[2026-04-03T12:13:12.323+0000] {taskinstance.py:1361} INFO - Starting attempt 4 of 5
[2026-04-03T12:13:12.348+0000] {taskinstance.py:1382} INFO - Executing <Task(SparkSubmitOperator): process_silver_sellers> on 2026-04-02 00:00:00+00:00
[2026-04-03T12:13:12.359+0000] {standard_task_runner.py:57} INFO - Started process 204 to run task
[2026-04-03T12:13:12.365+0000] {standard_task_runner.py:84} INFO - Running: ['airflow', 'tasks', 'run', 'silver_spark_processor', 'process_silver_sellers', 'scheduled__2026-04-02T00:00:00+00:00', '--job-id', '422', '--raw', '--subdir', 'DAGS_FOLDER/silver_processor_dag.py', '--cfg-path', '/tmp/tmp03t9mq6b']
[2026-04-03T12:13:12.370+0000] {standard_task_runner.py:85} INFO - Job 422: Subtask process_silver_sellers
[2026-04-03T12:13:12.504+0000] {task_command.py:416} INFO - Running <TaskInstance: silver_spark_processor.process_silver_sellers scheduled__2026-04-02T00:00:00+00:00 [running]> on host 61fefe962695
[2026-04-03T12:13:12.676+0000] {taskinstance.py:1662} INFO - Exporting env vars: AIRFLOW_CTX_DAG_OWNER='data-team' AIRFLOW_CTX_DAG_ID='silver_spark_processor' AIRFLOW_CTX_TASK_ID='process_silver_sellers' AIRFLOW_CTX_EXECUTION_DATE='2026-04-02T00:00:00+00:00' AIRFLOW_CTX_TRY_NUMBER='4' AIRFLOW_CTX_DAG_RUN_ID='scheduled__2026-04-02T00:00:00+00:00'
[2026-04-03T12:13:12.692+0000] {base.py:73} INFO - Using connection ID 'spark_default' for task execution.
[2026-04-03T12:13:12.694+0000] {spark_submit.py:340} INFO - Spark-Submit cmd: spark-submit --master spark://spark-master:7077 --conf spark.sql.extensions=io.delta.sql.DeltaSparkSessionExtension --conf spark.sql.catalog.spark_catalog=org.apache.spark.sql.delta.catalog.DeltaCatalog --conf spark.databricks.delta.schema.autoMerge.enabled=true --jars /opt/airflow/etl/jars/hadoop-aws-3.3.2.jar,/opt/airflow/etl/jars/aws-java-sdk-bundle-1.11.1026.jar,/opt/airflow/etl/jars/delta-core_2.12-2.3.0.jar --executor-cores 1 --executor-memory 1g --driver-memory 1g --name airflow_silver_sellers /opt/airflow/etl/silver/main_silver.py --table_name sellers --merge_key seller_id --is_cdc false --json_schema 
[2026-04-03T12:13:12.895+0000] {spark_submit.py:491} INFO - /home/airflow/.local/lib/python3.10/site-packages/pyspark/bin/load-spark-env.sh: line 68: ps: command not found
[2026-04-03T12:13:19.284+0000] {spark_submit.py:491} INFO - 26/04/03 12:13:19 WARN NativeCodeLoader: Unable to load native-hadoop library for your platform... using builtin-java classes where applicable
[2026-04-03T12:13:21.575+0000] {spark_submit.py:491} INFO - INFO:__main__:Khởi tạo Spark Job cho bảng: sellers
[2026-04-03T12:13:21.810+0000] {spark_submit.py:491} INFO - 26/04/03 12:13:21 INFO SparkContext: Running Spark version 3.3.2
[2026-04-03T12:13:21.921+0000] {spark_submit.py:491} INFO - 26/04/03 12:13:21 INFO ResourceUtils: ==============================================================
[2026-04-03T12:13:21.923+0000] {spark_submit.py:491} INFO - 26/04/03 12:13:21 INFO ResourceUtils: No custom resources configured for spark.driver.
[2026-04-03T12:13:21.924+0000] {spark_submit.py:491} INFO - 26/04/03 12:13:21 INFO ResourceUtils: ==============================================================
[2026-04-03T12:13:21.926+0000] {spark_submit.py:491} INFO - 26/04/03 12:13:21 INFO SparkContext: Submitted application: <class 'pyspark.sql.session.SparkSession'>
[2026-04-03T12:13:21.976+0000] {spark_submit.py:491} INFO - 26/04/03 12:13:21 INFO ResourceProfile: Default ResourceProfile created, executor resources: Map(cores -> name: cores, amount: 1, script: , vendor: , memory -> name: memory, amount: 1024, script: , vendor: , offHeap -> name: offHeap, amount: 0, script: , vendor: ), task resources: Map(cpus -> name: cpus, amount: 1.0)
[2026-04-03T12:13:22.025+0000] {spark_submit.py:491} INFO - 26/04/03 12:13:22 INFO ResourceProfile: Limiting resource is cpus at 1 tasks per executor
[2026-04-03T12:13:22.031+0000] {spark_submit.py:491} INFO - 26/04/03 12:13:22 INFO ResourceProfileManager: Added ResourceProfile id: 0
[2026-04-03T12:13:22.212+0000] {spark_submit.py:491} INFO - 26/04/03 12:13:22 INFO SecurityManager: Changing view acls to: airflow
[2026-04-03T12:13:22.214+0000] {spark_submit.py:491} INFO - 26/04/03 12:13:22 INFO SecurityManager: Changing modify acls to: airflow
[2026-04-03T12:13:22.219+0000] {spark_submit.py:491} INFO - 26/04/03 12:13:22 INFO SecurityManager: Changing view acls groups to:
[2026-04-03T12:13:22.219+0000] {spark_submit.py:491} INFO - 26/04/03 12:13:22 INFO SecurityManager: Changing modify acls groups to:
[2026-04-03T12:13:22.219+0000] {spark_submit.py:491} INFO - 26/04/03 12:13:22 INFO SecurityManager: SecurityManager: authentication disabled; ui acls disabled; users  with view permissions: Set(airflow); groups with view permissions: Set(); users  with modify permissions: Set(airflow); groups with modify permissions: Set()
[2026-04-03T12:13:23.295+0000] {spark_submit.py:491} INFO - 26/04/03 12:13:23 INFO Utils: Successfully started service 'sparkDriver' on port 44079.
[2026-04-03T12:13:23.405+0000] {spark_submit.py:491} INFO - 26/04/03 12:13:23 INFO SparkEnv: Registering MapOutputTracker
[2026-04-03T12:13:23.523+0000] {spark_submit.py:491} INFO - 26/04/03 12:13:23 INFO SparkEnv: Registering BlockManagerMaster
[2026-04-03T12:13:23.566+0000] {spark_submit.py:491} INFO - 26/04/03 12:13:23 INFO BlockManagerMasterEndpoint: Using org.apache.spark.storage.DefaultTopologyMapper for getting topology information
[2026-04-03T12:13:23.568+0000] {spark_submit.py:491} INFO - 26/04/03 12:13:23 INFO BlockManagerMasterEndpoint: BlockManagerMasterEndpoint up
[2026-04-03T12:13:23.583+0000] {spark_submit.py:491} INFO - 26/04/03 12:13:23 INFO SparkEnv: Registering BlockManagerMasterHeartbeat
[2026-04-03T12:13:23.625+0000] {spark_submit.py:491} INFO - 26/04/03 12:13:23 INFO DiskBlockManager: Created local directory at /tmp/blockmgr-69c8d0ac-5a7d-4b53-b54c-0ae11c9ff0bc
[2026-04-03T12:13:23.665+0000] {spark_submit.py:491} INFO - 26/04/03 12:13:23 INFO MemoryStore: MemoryStore started with capacity 434.4 MiB
[2026-04-03T12:13:23.726+0000] {spark_submit.py:491} INFO - 26/04/03 12:13:23 INFO SparkEnv: Registering OutputCommitCoordinator
[2026-04-03T12:13:24.645+0000] {spark_submit.py:491} INFO - 26/04/03 12:13:24 WARN Utils: Service 'SparkUI' could not bind on port 4040. Attempting port 4041.
[2026-04-03T12:13:24.645+0000] {spark_submit.py:491} INFO - 26/04/03 12:13:24 WARN Utils: Service 'SparkUI' could not bind on port 4041. Attempting port 4042.
[2026-04-03T12:13:24.653+0000] {spark_submit.py:491} INFO - 26/04/03 12:13:24 WARN Utils: Service 'SparkUI' could not bind on port 4042. Attempting port 4043.
[2026-04-03T12:13:24.658+0000] {spark_submit.py:491} INFO - 26/04/03 12:13:24 WARN Utils: Service 'SparkUI' could not bind on port 4043. Attempting port 4044.
[2026-04-03T12:13:24.734+0000] {spark_submit.py:491} INFO - 26/04/03 12:13:24 INFO Utils: Successfully started service 'SparkUI' on port 4044.
[2026-04-03T12:13:24.849+0000] {spark_submit.py:491} INFO - 26/04/03 12:13:24 INFO SparkContext: Added JAR file:///opt/airflow/etl/jars/hadoop-aws-3.3.2.jar at spark://61fefe962695:44079/jars/hadoop-aws-3.3.2.jar with timestamp 1775218401782
[2026-04-03T12:13:24.850+0000] {spark_submit.py:491} INFO - 26/04/03 12:13:24 INFO SparkContext: Added JAR file:///opt/airflow/etl/jars/aws-java-sdk-bundle-1.11.1026.jar at spark://61fefe962695:44079/jars/aws-java-sdk-bundle-1.11.1026.jar with timestamp 1775218401782
[2026-04-03T12:13:24.851+0000] {spark_submit.py:491} INFO - 26/04/03 12:13:24 INFO SparkContext: Added JAR file:///opt/airflow/etl/jars/delta-core_2.12-2.3.0.jar at spark://61fefe962695:44079/jars/delta-core_2.12-2.3.0.jar with timestamp 1775218401782
[2026-04-03T12:13:25.352+0000] {spark_submit.py:491} INFO - 26/04/03 12:13:25 INFO StandaloneAppClient$ClientEndpoint: Connecting to master spark://spark-master:7077...
[2026-04-03T12:13:25.576+0000] {spark_submit.py:491} INFO - 26/04/03 12:13:25 INFO TransportClientFactory: Successfully created connection to spark-master/172.18.0.3:7077 after 122 ms (0 ms spent in bootstraps)
[2026-04-03T12:13:26.550+0000] {spark_submit.py:491} INFO - 26/04/03 12:13:26 INFO StandaloneSchedulerBackend: Connected to Spark cluster with app ID app-20260403121326-0008
[2026-04-03T12:13:26.614+0000] {spark_submit.py:491} INFO - 26/04/03 12:13:26 INFO Utils: Successfully started service 'org.apache.spark.network.netty.NettyBlockTransferService' on port 40541.
[2026-04-03T12:13:26.615+0000] {spark_submit.py:491} INFO - 26/04/03 12:13:26 INFO NettyBlockTransferService: Server created on 61fefe962695:40541
[2026-04-03T12:13:26.623+0000] {spark_submit.py:491} INFO - 26/04/03 12:13:26 INFO BlockManager: Using org.apache.spark.storage.RandomBlockReplicationPolicy for block replication policy
[2026-04-03T12:13:26.676+0000] {spark_submit.py:491} INFO - 26/04/03 12:13:26 INFO BlockManagerMaster: Registering BlockManager BlockManagerId(driver, 61fefe962695, 40541, None)
[2026-04-03T12:13:26.740+0000] {spark_submit.py:491} INFO - 26/04/03 12:13:26 INFO BlockManagerMasterEndpoint: Registering block manager 61fefe962695:40541 with 434.4 MiB RAM, BlockManagerId(driver, 61fefe962695, 40541, None)
[2026-04-03T12:13:26.761+0000] {spark_submit.py:491} INFO - 26/04/03 12:13:26 INFO BlockManagerMaster: Registered BlockManager BlockManagerId(driver, 61fefe962695, 40541, None)
[2026-04-03T12:13:26.772+0000] {spark_submit.py:491} INFO - 26/04/03 12:13:26 INFO BlockManager: Initialized BlockManager: BlockManagerId(driver, 61fefe962695, 40541, None)
[2026-04-03T12:13:28.970+0000] {spark_submit.py:491} INFO - 26/04/03 12:13:28 INFO StandaloneSchedulerBackend: SchedulerBackend is ready for scheduling beginning after reached minRegisteredResourcesRatio: 0.0
