[2026-04-03T11:08:03.006+0000] {taskinstance.py:1159} INFO - Dependencies all met for dep_context=non-requeueable deps ti=<TaskInstance: silver_spark_processor.process_silver_sellers scheduled__2026-04-02T00:00:00+00:00 [queued]>
[2026-04-03T11:08:03.031+0000] {taskinstance.py:1159} INFO - Dependencies all met for dep_context=requeueable deps ti=<TaskInstance: silver_spark_processor.process_silver_sellers scheduled__2026-04-02T00:00:00+00:00 [queued]>
[2026-04-03T11:08:03.031+0000] {taskinstance.py:1361} INFO - Starting attempt 2 of 2
[2026-04-03T11:08:03.081+0000] {taskinstance.py:1382} INFO - Executing <Task(SparkSubmitOperator): process_silver_sellers> on 2026-04-02 00:00:00+00:00
[2026-04-03T11:08:03.121+0000] {standard_task_runner.py:57} INFO - Started process 1248 to run task
[2026-04-03T11:08:03.132+0000] {standard_task_runner.py:84} INFO - Running: ['airflow', 'tasks', 'run', 'silver_spark_processor', 'process_silver_sellers', 'scheduled__2026-04-02T00:00:00+00:00', '--job-id', '375', '--raw', '--subdir', 'DAGS_FOLDER/silver_processor_dag.py', '--cfg-path', '/tmp/tmph87sfld0']
[2026-04-03T11:08:03.142+0000] {standard_task_runner.py:85} INFO - Job 375: Subtask process_silver_sellers
[2026-04-03T11:08:03.311+0000] {task_command.py:416} INFO - Running <TaskInstance: silver_spark_processor.process_silver_sellers scheduled__2026-04-02T00:00:00+00:00 [running]> on host ad303354f1ab
[2026-04-03T11:08:03.555+0000] {taskinstance.py:1662} INFO - Exporting env vars: AIRFLOW_CTX_DAG_OWNER='data-team' AIRFLOW_CTX_DAG_ID='silver_spark_processor' AIRFLOW_CTX_TASK_ID='process_silver_sellers' AIRFLOW_CTX_EXECUTION_DATE='2026-04-02T00:00:00+00:00' AIRFLOW_CTX_TRY_NUMBER='2' AIRFLOW_CTX_DAG_RUN_ID='scheduled__2026-04-02T00:00:00+00:00'
[2026-04-03T11:08:03.581+0000] {base.py:73} INFO - Using connection ID 'spark_default' for task execution.
[2026-04-03T11:08:03.583+0000] {spark_submit.py:340} INFO - Spark-Submit cmd: spark-submit --master spark://spark-master:7077 --conf spark.sql.extensions=io.delta.sql.DeltaSparkSessionExtension --conf spark.sql.catalog.spark_catalog=org.apache.spark.sql.delta.catalog.DeltaCatalog --conf spark.databricks.delta.schema.autoMerge.enabled=true --packages org.apache.hadoop:hadoop-aws:3.3.2,com.amazonaws:aws-java-sdk-bundle:1.11.1026,io.delta:delta-core_2.12:2.3.0 --executor-cores 1 --executor-memory 1g --driver-memory 1g --name airflow_silver_sellers /opt/airflow/etl/silver/main_silver.py --table_name sellers --merge_key seller_id --is_cdc false --json_schema 
[2026-04-03T11:08:03.869+0000] {spark_submit.py:491} INFO - /home/airflow/.local/lib/python3.10/site-packages/pyspark/bin/load-spark-env.sh: line 68: ps: command not found
[2026-04-03T11:08:11.175+0000] {spark_submit.py:491} INFO - :: loading settings :: url = jar:file:/home/airflow/.local/lib/python3.10/site-packages/pyspark/jars/ivy-2.5.1.jar!/org/apache/ivy/core/settings/ivysettings.xml
[2026-04-03T11:08:11.918+0000] {spark_submit.py:491} INFO - Ivy Default Cache set to: /home/airflow/.ivy2/cache
[2026-04-03T11:08:11.919+0000] {spark_submit.py:491} INFO - The jars for the packages stored in: /home/airflow/.ivy2/jars
[2026-04-03T11:08:11.933+0000] {spark_submit.py:491} INFO - org.apache.hadoop#hadoop-aws added as a dependency
[2026-04-03T11:08:11.933+0000] {spark_submit.py:491} INFO - com.amazonaws#aws-java-sdk-bundle added as a dependency
[2026-04-03T11:08:11.934+0000] {spark_submit.py:491} INFO - io.delta#delta-core_2.12 added as a dependency
[2026-04-03T11:08:11.936+0000] {spark_submit.py:491} INFO - :: resolving dependencies :: org.apache.spark#spark-submit-parent-79533a15-270b-43d9-b14c-f15ce8df6144;1.0
[2026-04-03T11:08:11.939+0000] {spark_submit.py:491} INFO - confs: [default]
[2026-04-03T11:08:12.529+0000] {spark_submit.py:491} INFO - found org.apache.hadoop#hadoop-aws;3.3.2 in central
[2026-04-03T11:08:12.600+0000] {spark_submit.py:491} INFO - found com.amazonaws#aws-java-sdk-bundle;1.11.1026 in central
[2026-04-03T11:08:12.641+0000] {spark_submit.py:491} INFO - found org.wildfly.openssl#wildfly-openssl;1.0.7.Final in central
[2026-04-03T11:08:12.681+0000] {spark_submit.py:491} INFO - found io.delta#delta-core_2.12;2.3.0 in central
[2026-04-03T11:08:12.720+0000] {spark_submit.py:491} INFO - found io.delta#delta-storage;2.3.0 in central
[2026-04-03T11:08:12.777+0000] {spark_submit.py:491} INFO - found org.antlr#antlr4-runtime;4.8 in central
[2026-04-03T11:08:12.942+0000] {spark_submit.py:491} INFO - :: resolution report :: resolve 917ms :: artifacts dl 83ms
[2026-04-03T11:08:12.943+0000] {spark_submit.py:491} INFO - :: modules in use:
[2026-04-03T11:08:12.944+0000] {spark_submit.py:491} INFO - com.amazonaws#aws-java-sdk-bundle;1.11.1026 from central in [default]
[2026-04-03T11:08:12.944+0000] {spark_submit.py:491} INFO - io.delta#delta-core_2.12;2.3.0 from central in [default]
[2026-04-03T11:08:12.944+0000] {spark_submit.py:491} INFO - io.delta#delta-storage;2.3.0 from central in [default]
[2026-04-03T11:08:12.944+0000] {spark_submit.py:491} INFO - org.antlr#antlr4-runtime;4.8 from central in [default]
[2026-04-03T11:08:12.944+0000] {spark_submit.py:491} INFO - org.apache.hadoop#hadoop-aws;3.3.2 from central in [default]
[2026-04-03T11:08:12.944+0000] {spark_submit.py:491} INFO - org.wildfly.openssl#wildfly-openssl;1.0.7.Final from central in [default]
[2026-04-03T11:08:12.958+0000] {spark_submit.py:491} INFO - ---------------------------------------------------------------------
[2026-04-03T11:08:12.958+0000] {spark_submit.py:491} INFO - |                  |            modules            ||   artifacts   |
[2026-04-03T11:08:12.958+0000] {spark_submit.py:491} INFO - |       conf       | number| search|dwnlded|evicted|| number|dwnlded|
[2026-04-03T11:08:12.958+0000] {spark_submit.py:491} INFO - ---------------------------------------------------------------------
[2026-04-03T11:08:12.958+0000] {spark_submit.py:491} INFO - |      default     |   6   |   0   |   0   |   0   ||   6   |   0   |
[2026-04-03T11:08:12.959+0000] {spark_submit.py:491} INFO - ---------------------------------------------------------------------
[2026-04-03T11:08:12.968+0000] {spark_submit.py:491} INFO - :: retrieving :: org.apache.spark#spark-submit-parent-79533a15-270b-43d9-b14c-f15ce8df6144
[2026-04-03T11:08:12.968+0000] {spark_submit.py:491} INFO - confs: [default]
[2026-04-03T11:08:12.981+0000] {spark_submit.py:491} INFO - 0 artifacts copied, 6 already retrieved (0kB/14ms)
[2026-04-03T11:08:14.233+0000] {spark_submit.py:491} INFO - 26/04/03 11:08:14 WARN NativeCodeLoader: Unable to load native-hadoop library for your platform... using builtin-java classes where applicable
[2026-04-03T11:08:20.606+0000] {spark_submit.py:491} INFO - INFO:__main__:Khởi tạo Spark Job cho bảng: sellers
[2026-04-03T11:08:21.469+0000] {spark_submit.py:491} INFO - 26/04/03 11:08:21 INFO SparkContext: Running Spark version 3.3.2
[2026-04-03T11:08:21.706+0000] {spark_submit.py:491} INFO - 26/04/03 11:08:21 INFO ResourceUtils: ==============================================================
[2026-04-03T11:08:21.727+0000] {spark_submit.py:491} INFO - 26/04/03 11:08:21 INFO ResourceUtils: No custom resources configured for spark.driver.
[2026-04-03T11:08:21.727+0000] {spark_submit.py:491} INFO - 26/04/03 11:08:21 INFO ResourceUtils: ==============================================================
[2026-04-03T11:08:21.727+0000] {spark_submit.py:491} INFO - 26/04/03 11:08:21 INFO SparkContext: Submitted application: <class 'pyspark.sql.session.SparkSession'>
[2026-04-03T11:08:22.032+0000] {spark_submit.py:491} INFO - 26/04/03 11:08:22 INFO ResourceProfile: Default ResourceProfile created, executor resources: Map(cores -> name: cores, amount: 1, script: , vendor: , memory -> name: memory, amount: 1024, script: , vendor: , offHeap -> name: offHeap, amount: 0, script: , vendor: ), task resources: Map(cpus -> name: cpus, amount: 1.0)
[2026-04-03T11:08:22.139+0000] {spark_submit.py:491} INFO - 26/04/03 11:08:22 INFO ResourceProfile: Limiting resource is cpus at 1 tasks per executor
[2026-04-03T11:08:22.147+0000] {spark_submit.py:491} INFO - 26/04/03 11:08:22 INFO ResourceProfileManager: Added ResourceProfile id: 0
[2026-04-03T11:08:23.089+0000] {spark_submit.py:491} INFO - 26/04/03 11:08:23 INFO SecurityManager: Changing view acls to: airflow
[2026-04-03T11:08:23.089+0000] {spark_submit.py:491} INFO - 26/04/03 11:08:23 INFO SecurityManager: Changing modify acls to: airflow
[2026-04-03T11:08:23.094+0000] {spark_submit.py:491} INFO - 26/04/03 11:08:23 INFO SecurityManager: Changing view acls groups to:
[2026-04-03T11:08:23.095+0000] {spark_submit.py:491} INFO - 26/04/03 11:08:23 INFO SecurityManager: Changing modify acls groups to:
[2026-04-03T11:08:23.096+0000] {spark_submit.py:491} INFO - 26/04/03 11:08:23 INFO SecurityManager: SecurityManager: authentication disabled; ui acls disabled; users  with view permissions: Set(airflow); groups with view permissions: Set(); users  with modify permissions: Set(airflow); groups with modify permissions: Set()
[2026-04-03T11:08:30.210+0000] {spark_submit.py:491} INFO - 26/04/03 11:08:30 INFO Utils: Successfully started service 'sparkDriver' on port 34677.
[2026-04-03T11:08:30.869+0000] {spark_submit.py:491} INFO - 26/04/03 11:08:30 INFO SparkEnv: Registering MapOutputTracker
[2026-04-03T11:08:31.284+0000] {spark_submit.py:491} INFO - 26/04/03 11:08:31 INFO SparkEnv: Registering BlockManagerMaster
[2026-04-03T11:08:31.882+0000] {spark_submit.py:491} INFO - 26/04/03 11:08:31 INFO BlockManagerMasterEndpoint: Using org.apache.spark.storage.DefaultTopologyMapper for getting topology information
[2026-04-03T11:08:32.005+0000] {spark_submit.py:491} INFO - 26/04/03 11:08:31 INFO BlockManagerMasterEndpoint: BlockManagerMasterEndpoint up
[2026-04-03T11:08:32.152+0000] {spark_submit.py:491} INFO - 26/04/03 11:08:32 INFO SparkEnv: Registering BlockManagerMasterHeartbeat
