[2026-04-03T14:34:32.574+0000] {taskinstance.py:1159} INFO - Dependencies all met for dep_context=non-requeueable deps ti=<TaskInstance: silver_spark_processor.process_silver_sellers scheduled__2026-04-02T00:00:00+00:00 [queued]>
[2026-04-03T14:34:32.590+0000] {taskinstance.py:1159} INFO - Dependencies all met for dep_context=requeueable deps ti=<TaskInstance: silver_spark_processor.process_silver_sellers scheduled__2026-04-02T00:00:00+00:00 [queued]>
[2026-04-03T14:34:32.591+0000] {taskinstance.py:1361} INFO - Starting attempt 12 of 11
[2026-04-03T14:34:32.616+0000] {taskinstance.py:1382} INFO - Executing <Task(SparkSubmitOperator): process_silver_sellers> on 2026-04-02 00:00:00+00:00
[2026-04-03T14:34:32.629+0000] {standard_task_runner.py:57} INFO - Started process 188 to run task
[2026-04-03T14:34:32.634+0000] {standard_task_runner.py:84} INFO - Running: ['airflow', 'tasks', 'run', 'silver_spark_processor', 'process_silver_sellers', 'scheduled__2026-04-02T00:00:00+00:00', '--job-id', '569', '--raw', '--subdir', 'DAGS_FOLDER/silver_processor_dag.py', '--cfg-path', '/tmp/tmp1uu4mal1']
[2026-04-03T14:34:32.638+0000] {standard_task_runner.py:85} INFO - Job 569: Subtask process_silver_sellers
[2026-04-03T14:34:32.739+0000] {task_command.py:416} INFO - Running <TaskInstance: silver_spark_processor.process_silver_sellers scheduled__2026-04-02T00:00:00+00:00 [running]> on host e516154efc74
[2026-04-03T14:34:32.925+0000] {taskinstance.py:1662} INFO - Exporting env vars: AIRFLOW_CTX_DAG_OWNER='data-team' AIRFLOW_CTX_DAG_ID='silver_spark_processor' AIRFLOW_CTX_TASK_ID='process_silver_sellers' AIRFLOW_CTX_EXECUTION_DATE='2026-04-02T00:00:00+00:00' AIRFLOW_CTX_TRY_NUMBER='12' AIRFLOW_CTX_DAG_RUN_ID='scheduled__2026-04-02T00:00:00+00:00'
[2026-04-03T14:34:32.946+0000] {base.py:73} INFO - Using connection ID 'spark_default' for task execution.
[2026-04-03T14:34:32.952+0000] {spark_submit.py:340} INFO - Spark-Submit cmd: spark-submit --master spark://spark-master:7077 --conf spark.sql.extensions=io.delta.sql.DeltaSparkSessionExtension --conf spark.sql.catalog.spark_catalog=org.apache.spark.sql.delta.catalog.DeltaCatalog --conf spark.databricks.delta.schema.autoMerge.enabled=true --jars /opt/airflow/etl/jars/hadoop-aws-3.3.2.jar,/opt/airflow/etl/jars/aws-java-sdk-bundle-1.11.1026.jar,/opt/airflow/etl/jars/delta-core_2.12-2.3.0.jar,/opt/airflow/etl/jars/delta-storage-2.3.0.jar --executor-cores 1 --executor-memory 1g --driver-memory 1g --name airflow_silver_sellers /opt/airflow/etl/silver/main_silver.py --table_name sellers --merge_key seller_id --is_cdc false --json_schema 
[2026-04-03T14:34:33.153+0000] {spark_submit.py:491} INFO - /home/airflow/.local/lib/python3.10/site-packages/pyspark/bin/load-spark-env.sh: line 68: ps: command not found
[2026-04-03T14:34:43.131+0000] {spark_submit.py:491} INFO - 26/04/03 14:34:43 WARN NativeCodeLoader: Unable to load native-hadoop library for your platform... using builtin-java classes where applicable
[2026-04-03T14:34:46.041+0000] {spark_submit.py:491} INFO - INFO:__main__:Khởi tạo Spark Job cho bảng: sellers
[2026-04-03T14:34:46.985+0000] {spark_submit.py:491} INFO - 26/04/03 14:34:46 INFO SparkContext: Running Spark version 3.3.2
[2026-04-03T14:34:47.232+0000] {spark_submit.py:491} INFO - 26/04/03 14:34:47 INFO ResourceUtils: ==============================================================
[2026-04-03T14:34:47.240+0000] {spark_submit.py:491} INFO - 26/04/03 14:34:47 INFO ResourceUtils: No custom resources configured for spark.driver.
[2026-04-03T14:34:47.245+0000] {spark_submit.py:491} INFO - 26/04/03 14:34:47 INFO ResourceUtils: ==============================================================
[2026-04-03T14:34:47.251+0000] {spark_submit.py:491} INFO - 26/04/03 14:34:47 INFO SparkContext: Submitted application: <class 'pyspark.sql.session.SparkSession'>
[2026-04-03T14:34:47.415+0000] {spark_submit.py:491} INFO - 26/04/03 14:34:47 INFO ResourceProfile: Default ResourceProfile created, executor resources: Map(cores -> name: cores, amount: 1, script: , vendor: , memory -> name: memory, amount: 1024, script: , vendor: , offHeap -> name: offHeap, amount: 0, script: , vendor: ), task resources: Map(cpus -> name: cpus, amount: 1.0)
[2026-04-03T14:34:47.477+0000] {spark_submit.py:491} INFO - 26/04/03 14:34:47 INFO ResourceProfile: Limiting resource is cpus at 1 tasks per executor
[2026-04-03T14:34:47.488+0000] {spark_submit.py:491} INFO - 26/04/03 14:34:47 INFO ResourceProfileManager: Added ResourceProfile id: 0
[2026-04-03T14:34:47.733+0000] {spark_submit.py:491} INFO - 26/04/03 14:34:47 INFO SecurityManager: Changing view acls to: airflow
[2026-04-03T14:34:47.738+0000] {spark_submit.py:491} INFO - 26/04/03 14:34:47 INFO SecurityManager: Changing modify acls to: airflow
[2026-04-03T14:34:47.743+0000] {spark_submit.py:491} INFO - 26/04/03 14:34:47 INFO SecurityManager: Changing view acls groups to:
[2026-04-03T14:34:47.745+0000] {spark_submit.py:491} INFO - 26/04/03 14:34:47 INFO SecurityManager: Changing modify acls groups to:
[2026-04-03T14:34:47.748+0000] {spark_submit.py:491} INFO - 26/04/03 14:34:47 INFO SecurityManager: SecurityManager: authentication disabled; ui acls disabled; users  with view permissions: Set(airflow); groups with view permissions: Set(); users  with modify permissions: Set(airflow); groups with modify permissions: Set()
[2026-04-03T14:34:48.693+0000] {spark_submit.py:491} INFO - 26/04/03 14:34:48 INFO Utils: Successfully started service 'sparkDriver' on port 43903.
[2026-04-03T14:34:48.818+0000] {spark_submit.py:491} INFO - 26/04/03 14:34:48 INFO SparkEnv: Registering MapOutputTracker
[2026-04-03T14:34:48.977+0000] {spark_submit.py:491} INFO - 26/04/03 14:34:48 INFO SparkEnv: Registering BlockManagerMaster
[2026-04-03T14:34:49.081+0000] {spark_submit.py:491} INFO - 26/04/03 14:34:49 INFO BlockManagerMasterEndpoint: Using org.apache.spark.storage.DefaultTopologyMapper for getting topology information
[2026-04-03T14:34:49.083+0000] {spark_submit.py:491} INFO - 26/04/03 14:34:49 INFO BlockManagerMasterEndpoint: BlockManagerMasterEndpoint up
[2026-04-03T14:34:49.105+0000] {spark_submit.py:491} INFO - 26/04/03 14:34:49 INFO SparkEnv: Registering BlockManagerMasterHeartbeat
[2026-04-03T14:34:49.193+0000] {spark_submit.py:491} INFO - 26/04/03 14:34:49 INFO DiskBlockManager: Created local directory at /tmp/blockmgr-ebc5d127-7705-41dc-aef2-7e5e7bb37abc
[2026-04-03T14:34:49.308+0000] {spark_submit.py:491} INFO - 26/04/03 14:34:49 INFO MemoryStore: MemoryStore started with capacity 434.4 MiB
[2026-04-03T14:34:49.459+0000] {spark_submit.py:491} INFO - 26/04/03 14:34:49 INFO SparkEnv: Registering OutputCommitCoordinator
[2026-04-03T14:34:50.688+0000] {spark_submit.py:491} INFO - 26/04/03 14:34:50 INFO Utils: Successfully started service 'SparkUI' on port 4040.
[2026-04-03T14:34:50.945+0000] {spark_submit.py:491} INFO - 26/04/03 14:34:50 INFO SparkContext: Added JAR file:///opt/airflow/etl/jars/hadoop-aws-3.3.2.jar at spark://e516154efc74:43903/jars/hadoop-aws-3.3.2.jar with timestamp 1775226886882
[2026-04-03T14:34:50.946+0000] {spark_submit.py:491} INFO - 26/04/03 14:34:50 INFO SparkContext: Added JAR file:///opt/airflow/etl/jars/aws-java-sdk-bundle-1.11.1026.jar at spark://e516154efc74:43903/jars/aws-java-sdk-bundle-1.11.1026.jar with timestamp 1775226886882
[2026-04-03T14:34:50.947+0000] {spark_submit.py:491} INFO - 26/04/03 14:34:50 INFO SparkContext: Added JAR file:///opt/airflow/etl/jars/delta-core_2.12-2.3.0.jar at spark://e516154efc74:43903/jars/delta-core_2.12-2.3.0.jar with timestamp 1775226886882
[2026-04-03T14:34:50.947+0000] {spark_submit.py:491} INFO - 26/04/03 14:34:50 INFO SparkContext: Added JAR file:///opt/airflow/etl/jars/delta-storage-2.3.0.jar at spark://e516154efc74:43903/jars/delta-storage-2.3.0.jar with timestamp 1775226886882
[2026-04-03T14:34:51.231+0000] {spark_submit.py:491} INFO - 26/04/03 14:34:51 INFO StandaloneAppClient$ClientEndpoint: Connecting to master spark://spark-master:7077...
[2026-04-03T14:34:51.456+0000] {spark_submit.py:491} INFO - 26/04/03 14:34:51 INFO TransportClientFactory: Successfully created connection to spark-master/172.18.0.6:7077 after 101 ms (0 ms spent in bootstraps)
[2026-04-03T14:34:51.951+0000] {spark_submit.py:491} INFO - 26/04/03 14:34:51 INFO StandaloneSchedulerBackend: Connected to Spark cluster with app ID app-20260403143451-0007
[2026-04-03T14:34:51.972+0000] {spark_submit.py:491} INFO - 26/04/03 14:34:51 INFO Utils: Successfully started service 'org.apache.spark.network.netty.NettyBlockTransferService' on port 42739.
[2026-04-03T14:34:51.972+0000] {spark_submit.py:491} INFO - 26/04/03 14:34:51 INFO NettyBlockTransferService: Server created on e516154efc74:42739
[2026-04-03T14:34:51.977+0000] {spark_submit.py:491} INFO - 26/04/03 14:34:51 INFO BlockManager: Using org.apache.spark.storage.RandomBlockReplicationPolicy for block replication policy
[2026-04-03T14:34:52.005+0000] {spark_submit.py:491} INFO - 26/04/03 14:34:52 INFO BlockManagerMaster: Registering BlockManager BlockManagerId(driver, e516154efc74, 42739, None)
[2026-04-03T14:34:52.015+0000] {spark_submit.py:491} INFO - 26/04/03 14:34:52 INFO BlockManagerMasterEndpoint: Registering block manager e516154efc74:42739 with 434.4 MiB RAM, BlockManagerId(driver, e516154efc74, 42739, None)
[2026-04-03T14:34:52.019+0000] {spark_submit.py:491} INFO - 26/04/03 14:34:52 INFO BlockManagerMaster: Registered BlockManager BlockManagerId(driver, e516154efc74, 42739, None)
[2026-04-03T14:34:52.022+0000] {spark_submit.py:491} INFO - 26/04/03 14:34:52 INFO BlockManager: Initialized BlockManager: BlockManagerId(driver, e516154efc74, 42739, None)
[2026-04-03T14:34:52.613+0000] {spark_submit.py:491} INFO - 26/04/03 14:34:52 INFO StandaloneSchedulerBackend: SchedulerBackend is ready for scheduling beginning after reached minRegisteredResourcesRatio: 0.0
[2026-04-03T14:34:56.082+0000] {spark_submit.py:491} INFO - INFO:silver_processor: Bắt đầu xử lý lớp Silver cho bảng: sellers | Chế độ CDC: False
[2026-04-03T14:34:56.110+0000] {spark_submit.py:491} INFO - INFO:silver_processor: Bắt đầu quét Data Nóng từ Bronze...
[2026-04-03T14:34:56.725+0000] {spark_submit.py:491} INFO - 26/04/03 14:34:56 WARN MetricsConfig: Cannot locate configuration: tried hadoop-metrics2-s3a-file-system.properties,hadoop-metrics2.properties
[2026-04-03T14:35:24.246+0000] {local_task_job_runner.py:294} WARNING - State of this instance has been externally set to None. Terminating instance.
[2026-04-03T14:35:24.334+0000] {process_utils.py:131} INFO - Sending 15 to group 188. PIDs of all processes in the group: [197, 669, 188]
[2026-04-03T14:35:24.337+0000] {process_utils.py:86} INFO - Sending the signal 15 to group 188
[2026-04-03T14:35:24.365+0000] {taskinstance.py:1632} ERROR - Received SIGTERM. Terminating subprocesses.
[2026-04-03T14:35:24.408+0000] {spark_submit.py:618} INFO - Sending kill signal to spark-submit
[2026-04-03T14:35:24.700+0000] {taskinstance.py:1937} ERROR - Task failed with exception
Traceback (most recent call last):
  File "/home/airflow/.local/lib/python3.10/site-packages/airflow/providers/apache/spark/operators/spark_submit.py", line 156, in execute
    self._hook.submit(self._application)
  File "/home/airflow/.local/lib/python3.10/site-packages/airflow/providers/apache/spark/hooks/spark_submit.py", line 410, in submit
    self._process_spark_submit_log(iter(self._submit_sp.stdout))  # type: ignore
  File "/home/airflow/.local/lib/python3.10/site-packages/airflow/providers/apache/spark/hooks/spark_submit.py", line 459, in _process_spark_submit_log
    for line in itr:
  File "/home/airflow/.local/lib/python3.10/site-packages/airflow/models/taskinstance.py", line 1634, in signal_handler
    raise AirflowException("Task received SIGTERM signal")
airflow.exceptions.AirflowException: Task received SIGTERM signal
[2026-04-03T14:35:24.757+0000] {taskinstance.py:1400} INFO - Marking task as UP_FOR_RETRY. dag_id=silver_spark_processor, task_id=process_silver_sellers, execution_date=20260402T000000, start_date=20260403T143432, end_date=20260403T143524
[2026-04-03T14:35:24.961+0000] {standard_task_runner.py:104} ERROR - Failed to execute job 569 for task process_silver_sellers (Task received SIGTERM signal; 188)
[2026-04-03T14:35:25.010+0000] {process_utils.py:79} INFO - Process psutil.Process(pid=197, status='terminated', started='14:34:32') (197) terminated with exit code None
[2026-04-03T14:35:25.012+0000] {process_utils.py:79} INFO - Process psutil.Process(pid=669, status='terminated', started='14:34:43') (669) terminated with exit code None
[2026-04-03T14:35:25.013+0000] {process_utils.py:79} INFO - Process psutil.Process(pid=188, status='terminated', exitcode=1, started='14:34:32') (188) terminated with exit code 1
