[2026-04-03T14:44:57.476+0000] {taskinstance.py:1159} INFO - Dependencies all met for dep_context=non-requeueable deps ti=<TaskInstance: silver_spark_processor.process_silver_sellers scheduled__2026-04-02T00:00:00+00:00 [queued]>
[2026-04-03T14:44:57.491+0000] {taskinstance.py:1159} INFO - Dependencies all met for dep_context=requeueable deps ti=<TaskInstance: silver_spark_processor.process_silver_sellers scheduled__2026-04-02T00:00:00+00:00 [queued]>
[2026-04-03T14:44:57.491+0000] {taskinstance.py:1361} INFO - Starting attempt 14 of 15
[2026-04-03T14:44:57.515+0000] {taskinstance.py:1382} INFO - Executing <Task(SparkSubmitOperator): process_silver_sellers> on 2026-04-02 00:00:00+00:00
[2026-04-03T14:44:57.525+0000] {standard_task_runner.py:57} INFO - Started process 200 to run task
[2026-04-03T14:44:57.531+0000] {standard_task_runner.py:84} INFO - Running: ['airflow', 'tasks', 'run', 'silver_spark_processor', 'process_silver_sellers', 'scheduled__2026-04-02T00:00:00+00:00', '--job-id', '600', '--raw', '--subdir', 'DAGS_FOLDER/silver_processor_dag.py', '--cfg-path', '/tmp/tmppm00s0lw']
[2026-04-03T14:44:57.536+0000] {standard_task_runner.py:85} INFO - Job 600: Subtask process_silver_sellers
[2026-04-03T14:44:57.635+0000] {task_command.py:416} INFO - Running <TaskInstance: silver_spark_processor.process_silver_sellers scheduled__2026-04-02T00:00:00+00:00 [running]> on host ff668b8b098e
[2026-04-03T14:44:57.796+0000] {taskinstance.py:1662} INFO - Exporting env vars: AIRFLOW_CTX_DAG_OWNER='data-team' AIRFLOW_CTX_DAG_ID='silver_spark_processor' AIRFLOW_CTX_TASK_ID='process_silver_sellers' AIRFLOW_CTX_EXECUTION_DATE='2026-04-02T00:00:00+00:00' AIRFLOW_CTX_TRY_NUMBER='14' AIRFLOW_CTX_DAG_RUN_ID='scheduled__2026-04-02T00:00:00+00:00'
[2026-04-03T14:44:57.815+0000] {base.py:73} INFO - Using connection ID 'spark_default' for task execution.
[2026-04-03T14:44:57.818+0000] {spark_submit.py:340} INFO - Spark-Submit cmd: spark-submit --master spark://spark-master:7077 --conf spark.sql.extensions=io.delta.sql.DeltaSparkSessionExtension --conf spark.sql.catalog.spark_catalog=org.apache.spark.sql.delta.catalog.DeltaCatalog --conf spark.databricks.delta.schema.autoMerge.enabled=true --jars /opt/airflow/etl/jars/hadoop-aws-3.3.2.jar,/opt/airflow/etl/jars/aws-java-sdk-bundle-1.11.1026.jar,/opt/airflow/etl/jars/delta-core_2.12-2.3.0.jar,/opt/airflow/etl/jars/delta-storage-2.3.0.jar --executor-cores 1 --executor-memory 1g --driver-memory 1g --name airflow_silver_sellers /opt/airflow/etl/silver/main_silver.py --table_name sellers --merge_key seller_id --is_cdc false --json_schema 
[2026-04-03T14:44:57.978+0000] {spark_submit.py:491} INFO - /home/airflow/.local/lib/python3.10/site-packages/pyspark/bin/load-spark-env.sh: line 68: ps: command not found
[2026-04-03T14:45:04.823+0000] {spark_submit.py:491} INFO - 26/04/03 14:45:04 WARN NativeCodeLoader: Unable to load native-hadoop library for your platform... using builtin-java classes where applicable
[2026-04-03T14:45:07.514+0000] {spark_submit.py:491} INFO - INFO:__main__:Khởi tạo Spark Job cho bảng: sellers
[2026-04-03T14:45:07.850+0000] {spark_submit.py:491} INFO - 26/04/03 14:45:07 INFO SparkContext: Running Spark version 3.3.2
[2026-04-03T14:45:07.943+0000] {spark_submit.py:491} INFO - 26/04/03 14:45:07 INFO ResourceUtils: ==============================================================
[2026-04-03T14:45:07.946+0000] {spark_submit.py:491} INFO - 26/04/03 14:45:07 INFO ResourceUtils: No custom resources configured for spark.driver.
[2026-04-03T14:45:07.946+0000] {spark_submit.py:491} INFO - 26/04/03 14:45:07 INFO ResourceUtils: ==============================================================
[2026-04-03T14:45:07.947+0000] {spark_submit.py:491} INFO - 26/04/03 14:45:07 INFO SparkContext: Submitted application: <class 'pyspark.sql.session.SparkSession'>
[2026-04-03T14:45:08.007+0000] {spark_submit.py:491} INFO - 26/04/03 14:45:08 INFO ResourceProfile: Default ResourceProfile created, executor resources: Map(cores -> name: cores, amount: 1, script: , vendor: , memory -> name: memory, amount: 1024, script: , vendor: , offHeap -> name: offHeap, amount: 0, script: , vendor: ), task resources: Map(cpus -> name: cpus, amount: 1.0)
[2026-04-03T14:45:08.039+0000] {spark_submit.py:491} INFO - 26/04/03 14:45:08 INFO ResourceProfile: Limiting resource is cpus at 1 tasks per executor
[2026-04-03T14:45:08.049+0000] {spark_submit.py:491} INFO - 26/04/03 14:45:08 INFO ResourceProfileManager: Added ResourceProfile id: 0
[2026-04-03T14:45:08.357+0000] {spark_submit.py:491} INFO - 26/04/03 14:45:08 INFO SecurityManager: Changing view acls to: airflow
[2026-04-03T14:45:08.359+0000] {spark_submit.py:491} INFO - 26/04/03 14:45:08 INFO SecurityManager: Changing modify acls to: airflow
[2026-04-03T14:45:08.361+0000] {spark_submit.py:491} INFO - 26/04/03 14:45:08 INFO SecurityManager: Changing view acls groups to:
[2026-04-03T14:45:08.364+0000] {spark_submit.py:491} INFO - 26/04/03 14:45:08 INFO SecurityManager: Changing modify acls groups to:
[2026-04-03T14:45:08.365+0000] {spark_submit.py:491} INFO - 26/04/03 14:45:08 INFO SecurityManager: SecurityManager: authentication disabled; ui acls disabled; users  with view permissions: Set(airflow); groups with view permissions: Set(); users  with modify permissions: Set(airflow); groups with modify permissions: Set()
[2026-04-03T14:45:09.209+0000] {spark_submit.py:491} INFO - 26/04/03 14:45:09 INFO Utils: Successfully started service 'sparkDriver' on port 32991.
[2026-04-03T14:45:09.329+0000] {spark_submit.py:491} INFO - 26/04/03 14:45:09 INFO SparkEnv: Registering MapOutputTracker
[2026-04-03T14:45:09.455+0000] {spark_submit.py:491} INFO - 26/04/03 14:45:09 INFO SparkEnv: Registering BlockManagerMaster
[2026-04-03T14:45:09.514+0000] {spark_submit.py:491} INFO - 26/04/03 14:45:09 INFO BlockManagerMasterEndpoint: Using org.apache.spark.storage.DefaultTopologyMapper for getting topology information
[2026-04-03T14:45:09.515+0000] {spark_submit.py:491} INFO - 26/04/03 14:45:09 INFO BlockManagerMasterEndpoint: BlockManagerMasterEndpoint up
[2026-04-03T14:45:09.540+0000] {spark_submit.py:491} INFO - 26/04/03 14:45:09 INFO SparkEnv: Registering BlockManagerMasterHeartbeat
[2026-04-03T14:45:09.644+0000] {spark_submit.py:491} INFO - 26/04/03 14:45:09 INFO DiskBlockManager: Created local directory at /tmp/blockmgr-cfda66ec-b65b-4d47-bce7-58e6bce8e9de
[2026-04-03T14:45:09.727+0000] {spark_submit.py:491} INFO - 26/04/03 14:45:09 INFO MemoryStore: MemoryStore started with capacity 434.4 MiB
[2026-04-03T14:45:09.795+0000] {spark_submit.py:491} INFO - 26/04/03 14:45:09 INFO SparkEnv: Registering OutputCommitCoordinator
[2026-04-03T14:45:10.459+0000] {spark_submit.py:491} INFO - 26/04/03 14:45:10 WARN Utils: Service 'SparkUI' could not bind on port 4040. Attempting port 4041.
[2026-04-03T14:45:10.463+0000] {spark_submit.py:491} INFO - 26/04/03 14:45:10 WARN Utils: Service 'SparkUI' could not bind on port 4041. Attempting port 4042.
[2026-04-03T14:45:10.463+0000] {spark_submit.py:491} INFO - 26/04/03 14:45:10 WARN Utils: Service 'SparkUI' could not bind on port 4042. Attempting port 4043.
[2026-04-03T14:45:10.491+0000] {spark_submit.py:491} INFO - 26/04/03 14:45:10 INFO Utils: Successfully started service 'SparkUI' on port 4043.
[2026-04-03T14:45:10.572+0000] {spark_submit.py:491} INFO - 26/04/03 14:45:10 INFO SparkContext: Added JAR file:///opt/airflow/etl/jars/hadoop-aws-3.3.2.jar at spark://ff668b8b098e:32991/jars/hadoop-aws-3.3.2.jar with timestamp 1775227507822
[2026-04-03T14:45:10.573+0000] {spark_submit.py:491} INFO - 26/04/03 14:45:10 INFO SparkContext: Added JAR file:///opt/airflow/etl/jars/aws-java-sdk-bundle-1.11.1026.jar at spark://ff668b8b098e:32991/jars/aws-java-sdk-bundle-1.11.1026.jar with timestamp 1775227507822
[2026-04-03T14:45:10.577+0000] {spark_submit.py:491} INFO - 26/04/03 14:45:10 INFO SparkContext: Added JAR file:///opt/airflow/etl/jars/delta-core_2.12-2.3.0.jar at spark://ff668b8b098e:32991/jars/delta-core_2.12-2.3.0.jar with timestamp 1775227507822
[2026-04-03T14:45:10.577+0000] {spark_submit.py:491} INFO - 26/04/03 14:45:10 INFO SparkContext: Added JAR file:///opt/airflow/etl/jars/delta-storage-2.3.0.jar at spark://ff668b8b098e:32991/jars/delta-storage-2.3.0.jar with timestamp 1775227507822
[2026-04-03T14:45:11.027+0000] {spark_submit.py:491} INFO - 26/04/03 14:45:11 INFO StandaloneAppClient$ClientEndpoint: Connecting to master spark://spark-master:7077...
[2026-04-03T14:45:11.250+0000] {spark_submit.py:491} INFO - 26/04/03 14:45:11 INFO TransportClientFactory: Successfully created connection to spark-master/172.18.0.6:7077 after 118 ms (0 ms spent in bootstraps)
[2026-04-03T14:45:11.700+0000] {spark_submit.py:491} INFO - 26/04/03 14:45:11 INFO StandaloneSchedulerBackend: Connected to Spark cluster with app ID app-20260403144511-0032
[2026-04-03T14:45:11.726+0000] {spark_submit.py:491} INFO - 26/04/03 14:45:11 INFO Utils: Successfully started service 'org.apache.spark.network.netty.NettyBlockTransferService' on port 46173.
[2026-04-03T14:45:11.729+0000] {spark_submit.py:491} INFO - 26/04/03 14:45:11 INFO NettyBlockTransferService: Server created on ff668b8b098e:46173
[2026-04-03T14:45:11.731+0000] {spark_submit.py:491} INFO - 26/04/03 14:45:11 INFO BlockManager: Using org.apache.spark.storage.RandomBlockReplicationPolicy for block replication policy
[2026-04-03T14:45:11.762+0000] {spark_submit.py:491} INFO - 26/04/03 14:45:11 INFO BlockManagerMaster: Registering BlockManager BlockManagerId(driver, ff668b8b098e, 46173, None)
[2026-04-03T14:45:11.774+0000] {spark_submit.py:491} INFO - 26/04/03 14:45:11 INFO BlockManagerMasterEndpoint: Registering block manager ff668b8b098e:46173 with 434.4 MiB RAM, BlockManagerId(driver, ff668b8b098e, 46173, None)
[2026-04-03T14:45:11.785+0000] {spark_submit.py:491} INFO - 26/04/03 14:45:11 INFO BlockManagerMaster: Registered BlockManager BlockManagerId(driver, ff668b8b098e, 46173, None)
[2026-04-03T14:45:11.788+0000] {spark_submit.py:491} INFO - 26/04/03 14:45:11 INFO BlockManager: Initialized BlockManager: BlockManagerId(driver, ff668b8b098e, 46173, None)
[2026-04-03T14:45:12.599+0000] {spark_submit.py:491} INFO - 26/04/03 14:45:12 INFO StandaloneSchedulerBackend: SchedulerBackend is ready for scheduling beginning after reached minRegisteredResourcesRatio: 0.0
[2026-04-03T14:45:15.305+0000] {spark_submit.py:491} INFO - INFO:silver_processor: Bắt đầu xử lý lớp Silver cho bảng: sellers | Chế độ CDC: False
[2026-04-03T14:45:15.308+0000] {spark_submit.py:491} INFO - INFO:silver_processor: Bắt đầu quét Data Nóng từ Bronze...
[2026-04-03T14:45:16.176+0000] {spark_submit.py:491} INFO - 26/04/03 14:45:16 WARN MetricsConfig: Cannot locate configuration: tried hadoop-metrics2-s3a-file-system.properties,hadoop-metrics2.properties
[2026-04-03T14:45:44.821+0000] {taskinstance.py:1937} ERROR - Task failed with exception
Traceback (most recent call last):
  File "/home/airflow/.local/lib/python3.10/site-packages/airflow/providers/apache/spark/operators/spark_submit.py", line 156, in execute
    self._hook.submit(self._application)
  File "/home/airflow/.local/lib/python3.10/site-packages/airflow/providers/apache/spark/hooks/spark_submit.py", line 422, in submit
    raise AirflowException(
airflow.exceptions.AirflowException: Cannot execute: spark-submit --master spark://spark-master:7077 --conf spark.sql.extensions=io.delta.sql.DeltaSparkSessionExtension --conf spark.sql.catalog.spark_catalog=org.apache.spark.sql.delta.catalog.DeltaCatalog --conf spark.databricks.delta.schema.autoMerge.enabled=true --jars /opt/airflow/etl/jars/hadoop-aws-3.3.2.jar,/opt/airflow/etl/jars/aws-java-sdk-bundle-1.11.1026.jar,/opt/airflow/etl/jars/delta-core_2.12-2.3.0.jar,/opt/airflow/etl/jars/delta-storage-2.3.0.jar --executor-cores 1 --executor-memory 1g --driver-memory 1g --name airflow_silver_sellers /opt/airflow/etl/silver/main_silver.py --table_name sellers --merge_key seller_id --is_cdc false --json_schema . Error code is: -9.
[2026-04-03T14:45:44.930+0000] {taskinstance.py:1400} INFO - Marking task as UP_FOR_RETRY. dag_id=silver_spark_processor, task_id=process_silver_sellers, execution_date=20260402T000000, start_date=20260403T144457, end_date=20260403T144544
[2026-04-03T14:45:45.122+0000] {standard_task_runner.py:104} ERROR - Failed to execute job 600 for task process_silver_sellers (Cannot execute: spark-submit --master spark://spark-master:7077 --conf spark.sql.extensions=io.delta.sql.DeltaSparkSessionExtension --conf spark.sql.catalog.spark_catalog=org.apache.spark.sql.delta.catalog.DeltaCatalog --conf spark.databricks.delta.schema.autoMerge.enabled=true --jars /opt/airflow/etl/jars/hadoop-aws-3.3.2.jar,/opt/airflow/etl/jars/aws-java-sdk-bundle-1.11.1026.jar,/opt/airflow/etl/jars/delta-core_2.12-2.3.0.jar,/opt/airflow/etl/jars/delta-storage-2.3.0.jar --executor-cores 1 --executor-memory 1g --driver-memory 1g --name airflow_silver_sellers /opt/airflow/etl/silver/main_silver.py --table_name sellers --merge_key seller_id --is_cdc false --json_schema . Error code is: -9.; 200)
[2026-04-03T14:45:45.175+0000] {local_task_job_runner.py:228} INFO - Task exited with return code 1
[2026-04-03T14:45:45.395+0000] {taskinstance.py:2778} INFO - 0 downstream tasks scheduled from follow-on schedule check
