[2026-04-02T11:21:23.216+0000] {taskinstance.py:1159} INFO - Dependencies all met for dep_context=non-requeueable deps ti=<TaskInstance: silver_spark_processor.process_silver_geolocation manual__2026-04-02T10:55:44.325453+00:00 [queued]>
[2026-04-02T11:21:23.314+0000] {taskinstance.py:1159} INFO - Dependencies all met for dep_context=requeueable deps ti=<TaskInstance: silver_spark_processor.process_silver_geolocation manual__2026-04-02T10:55:44.325453+00:00 [queued]>
[2026-04-02T11:21:23.315+0000] {taskinstance.py:1361} INFO - Starting attempt 6 of 6
[2026-04-02T11:21:23.386+0000] {taskinstance.py:1382} INFO - Executing <Task(SparkSubmitOperator): process_silver_geolocation> on 2026-04-02 10:55:44.325453+00:00
[2026-04-02T11:21:23.419+0000] {standard_task_runner.py:57} INFO - Started process 228 to run task
[2026-04-02T11:21:23.436+0000] {standard_task_runner.py:84} INFO - Running: ['airflow', 'tasks', 'run', 'silver_spark_processor', 'process_silver_geolocation', 'manual__2026-04-02T10:55:44.325453+00:00', '--job-id', '341', '--raw', '--subdir', 'DAGS_FOLDER/silver_processor_dag.py', '--cfg-path', '/tmp/tmpc2syd0im']
[2026-04-02T11:21:23.443+0000] {standard_task_runner.py:85} INFO - Job 341: Subtask process_silver_geolocation
[2026-04-02T11:21:23.626+0000] {task_command.py:416} INFO - Running <TaskInstance: silver_spark_processor.process_silver_geolocation manual__2026-04-02T10:55:44.325453+00:00 [running]> on host 5926004790ec
[2026-04-02T11:21:24.087+0000] {taskinstance.py:1662} INFO - Exporting env vars: AIRFLOW_CTX_DAG_OWNER='data-team' AIRFLOW_CTX_DAG_ID='silver_spark_processor' AIRFLOW_CTX_TASK_ID='process_silver_geolocation' AIRFLOW_CTX_EXECUTION_DATE='2026-04-02T10:55:44.325453+00:00' AIRFLOW_CTX_TRY_NUMBER='6' AIRFLOW_CTX_DAG_RUN_ID='manual__2026-04-02T10:55:44.325453+00:00'
[2026-04-02T11:21:24.143+0000] {base.py:73} INFO - Using connection ID 'spark_default' for task execution.
[2026-04-02T11:21:24.151+0000] {spark_submit.py:340} INFO - Spark-Submit cmd: spark-submit --master spark://spark-master:7077 --executor-cores 1 --executor-memory 1g --driver-memory 1g --name airflow_silver_geolocation /opt/airflow/etl/silver/main_silver.py --table_name geolocation --merge_key geolocation_zip_code_prefix --is_cdc false --json_schema 
[2026-04-02T11:21:24.548+0000] {spark_submit.py:491} INFO - /home/airflow/.local/lib/python3.10/site-packages/pyspark/bin/load-spark-env.sh: line 68: ps: command not found
[2026-04-02T11:21:40.811+0000] {spark_submit.py:491} INFO - INFO:__main__:Khởi tạo Spark Job cho bảng: geolocation
[2026-04-02T11:21:41.370+0000] {spark_submit.py:491} INFO - 26/04/02 11:21:41 INFO SparkContext: Running Spark version 3.3.2
[2026-04-02T11:21:42.084+0000] {spark_submit.py:491} INFO - 26/04/02 11:21:42 WARN NativeCodeLoader: Unable to load native-hadoop library for your platform... using builtin-java classes where applicable
[2026-04-02T11:21:43.076+0000] {spark_submit.py:491} INFO - 26/04/02 11:21:43 INFO ResourceUtils: ==============================================================
[2026-04-02T11:21:43.077+0000] {spark_submit.py:491} INFO - 26/04/02 11:21:43 INFO ResourceUtils: No custom resources configured for spark.driver.
[2026-04-02T11:21:43.078+0000] {spark_submit.py:491} INFO - 26/04/02 11:21:43 INFO ResourceUtils: ==============================================================
[2026-04-02T11:21:43.116+0000] {spark_submit.py:491} INFO - 26/04/02 11:21:43 INFO SparkContext: Submitted application: <class 'pyspark.sql.session.SparkSession'>
[2026-04-02T11:21:43.427+0000] {spark_submit.py:491} INFO - 26/04/02 11:21:43 INFO ResourceProfile: Default ResourceProfile created, executor resources: Map(cores -> name: cores, amount: 1, script: , vendor: , memory -> name: memory, amount: 1024, script: , vendor: , offHeap -> name: offHeap, amount: 0, script: , vendor: ), task resources: Map(cpus -> name: cpus, amount: 1.0)
[2026-04-02T11:21:43.578+0000] {spark_submit.py:491} INFO - 26/04/02 11:21:43 INFO ResourceProfile: Limiting resource is cpus at 1 tasks per executor
[2026-04-02T11:21:43.584+0000] {spark_submit.py:491} INFO - 26/04/02 11:21:43 INFO ResourceProfileManager: Added ResourceProfile id: 0
[2026-04-02T11:21:43.965+0000] {spark_submit.py:491} INFO - 26/04/02 11:21:43 INFO SecurityManager: Changing view acls to: airflow
[2026-04-02T11:21:43.970+0000] {spark_submit.py:491} INFO - 26/04/02 11:21:43 INFO SecurityManager: Changing modify acls to: airflow
[2026-04-02T11:21:43.971+0000] {spark_submit.py:491} INFO - 26/04/02 11:21:43 INFO SecurityManager: Changing view acls groups to:
[2026-04-02T11:21:43.976+0000] {spark_submit.py:491} INFO - 26/04/02 11:21:43 INFO SecurityManager: Changing modify acls groups to:
[2026-04-02T11:21:43.986+0000] {spark_submit.py:491} INFO - 26/04/02 11:21:43 INFO SecurityManager: SecurityManager: authentication disabled; ui acls disabled; users  with view permissions: Set(airflow); groups with view permissions: Set(); users  with modify permissions: Set(airflow); groups with modify permissions: Set()
[2026-04-02T11:21:45.867+0000] {spark_submit.py:491} INFO - 26/04/02 11:21:45 INFO Utils: Successfully started service 'sparkDriver' on port 45411.
[2026-04-02T11:21:46.043+0000] {spark_submit.py:491} INFO - 26/04/02 11:21:46 INFO SparkEnv: Registering MapOutputTracker
[2026-04-02T11:21:46.271+0000] {spark_submit.py:491} INFO - 26/04/02 11:21:46 INFO SparkEnv: Registering BlockManagerMaster
[2026-04-02T11:21:46.344+0000] {spark_submit.py:491} INFO - 26/04/02 11:21:46 INFO BlockManagerMasterEndpoint: Using org.apache.spark.storage.DefaultTopologyMapper for getting topology information
[2026-04-02T11:21:46.359+0000] {spark_submit.py:491} INFO - 26/04/02 11:21:46 INFO BlockManagerMasterEndpoint: BlockManagerMasterEndpoint up
[2026-04-02T11:21:46.388+0000] {spark_submit.py:491} INFO - 26/04/02 11:21:46 INFO SparkEnv: Registering BlockManagerMasterHeartbeat
[2026-04-02T11:21:46.476+0000] {spark_submit.py:491} INFO - 26/04/02 11:21:46 INFO DiskBlockManager: Created local directory at /tmp/blockmgr-45ea501b-94da-46c0-bddc-f5a1da958f41
[2026-04-02T11:21:46.659+0000] {spark_submit.py:491} INFO - 26/04/02 11:21:46 INFO MemoryStore: MemoryStore started with capacity 434.4 MiB
[2026-04-02T11:21:46.814+0000] {spark_submit.py:491} INFO - 26/04/02 11:21:46 INFO SparkEnv: Registering OutputCommitCoordinator
[2026-04-02T11:21:49.875+0000] {spark_submit.py:491} INFO - 26/04/02 11:21:49 WARN Utils: Service 'SparkUI' could not bind on port 4040. Attempting port 4041.
[2026-04-02T11:21:49.885+0000] {spark_submit.py:491} INFO - 26/04/02 11:21:49 WARN Utils: Service 'SparkUI' could not bind on port 4041. Attempting port 4042.
[2026-04-02T11:21:50.138+0000] {spark_submit.py:491} INFO - 26/04/02 11:21:50 INFO Utils: Successfully started service 'SparkUI' on port 4042.
[2026-04-02T11:21:51.739+0000] {spark_submit.py:491} INFO - 26/04/02 11:21:51 INFO StandaloneAppClient$ClientEndpoint: Connecting to master spark://spark-master:7077...
[2026-04-02T11:21:52.881+0000] {spark_submit.py:491} INFO - 26/04/02 11:21:52 INFO TransportClientFactory: Successfully created connection to spark-master/172.18.0.6:7077 after 769 ms (0 ms spent in bootstraps)
[2026-04-02T11:21:53.404+0000] {spark_submit.py:491} INFO - 26/04/02 11:21:53 INFO StandaloneSchedulerBackend: Connected to Spark cluster with app ID app-20260402112153-0005
[2026-04-02T11:21:53.428+0000] {spark_submit.py:491} INFO - 26/04/02 11:21:53 INFO Utils: Successfully started service 'org.apache.spark.network.netty.NettyBlockTransferService' on port 41695.
[2026-04-02T11:21:53.441+0000] {spark_submit.py:491} INFO - 26/04/02 11:21:53 INFO NettyBlockTransferService: Server created on 5926004790ec:41695
[2026-04-02T11:21:53.455+0000] {spark_submit.py:491} INFO - 26/04/02 11:21:53 INFO BlockManager: Using org.apache.spark.storage.RandomBlockReplicationPolicy for block replication policy
[2026-04-02T11:21:53.496+0000] {spark_submit.py:491} INFO - 26/04/02 11:21:53 INFO BlockManagerMaster: Registering BlockManager BlockManagerId(driver, 5926004790ec, 41695, None)
[2026-04-02T11:21:53.507+0000] {spark_submit.py:491} INFO - 26/04/02 11:21:53 INFO BlockManagerMasterEndpoint: Registering block manager 5926004790ec:41695 with 434.4 MiB RAM, BlockManagerId(driver, 5926004790ec, 41695, None)
[2026-04-02T11:21:53.524+0000] {spark_submit.py:491} INFO - 26/04/02 11:21:53 INFO BlockManagerMaster: Registered BlockManager BlockManagerId(driver, 5926004790ec, 41695, None)
[2026-04-02T11:21:53.528+0000] {spark_submit.py:491} INFO - 26/04/02 11:21:53 INFO BlockManager: Initialized BlockManager: BlockManagerId(driver, 5926004790ec, 41695, None)
[2026-04-02T11:21:54.863+0000] {spark_submit.py:491} INFO - 26/04/02 11:21:54 INFO StandaloneSchedulerBackend: SchedulerBackend is ready for scheduling beginning after reached minRegisteredResourcesRatio: 0.0
[2026-04-02T11:22:09.831+0000] {spark_submit.py:491} INFO - INFO:silver_processor: Bắt đầu xử lý lớp Silver cho bảng: geolocation | Chế độ CDC: False
[2026-04-02T11:22:09.832+0000] {spark_submit.py:491} INFO - INFO:silver_processor: Bắt đầu quét Data Nóng từ Bronze...
[2026-04-02T11:22:11.029+0000] {spark_submit.py:491} INFO - ERROR:__main__:Lỗi khi xử lý lớp Silver bảng geolocation: An error occurred while calling o39.load.
[2026-04-02T11:22:11.041+0000] {spark_submit.py:491} INFO - : java.lang.RuntimeException: java.lang.ClassNotFoundException: Class org.apache.hadoop.fs.s3a.S3AFileSystem not found
[2026-04-02T11:22:11.041+0000] {spark_submit.py:491} INFO - at org.apache.hadoop.conf.Configuration.getClass(Configuration.java:2688)
[2026-04-02T11:22:11.041+0000] {spark_submit.py:491} INFO - at org.apache.hadoop.fs.FileSystem.getFileSystemClass(FileSystem.java:3431)
[2026-04-02T11:22:11.041+0000] {spark_submit.py:491} INFO - at org.apache.hadoop.fs.FileSystem.createFileSystem(FileSystem.java:3466)
[2026-04-02T11:22:11.042+0000] {spark_submit.py:491} INFO - at org.apache.hadoop.fs.FileSystem.access$300(FileSystem.java:174)
[2026-04-02T11:22:11.043+0000] {spark_submit.py:491} INFO - at org.apache.hadoop.fs.FileSystem$Cache.getInternal(FileSystem.java:3574)
[2026-04-02T11:22:11.043+0000] {spark_submit.py:491} INFO - at org.apache.hadoop.fs.FileSystem$Cache.get(FileSystem.java:3521)
[2026-04-02T11:22:11.043+0000] {spark_submit.py:491} INFO - at org.apache.hadoop.fs.FileSystem.get(FileSystem.java:540)
[2026-04-02T11:22:11.043+0000] {spark_submit.py:491} INFO - at org.apache.hadoop.fs.Path.getFileSystem(Path.java:365)
[2026-04-02T11:22:11.043+0000] {spark_submit.py:491} INFO - at org.apache.spark.sql.execution.datasources.DataSource.sourceSchema(DataSource.scala:249)
[2026-04-02T11:22:11.044+0000] {spark_submit.py:491} INFO - at org.apache.spark.sql.execution.datasources.DataSource.sourceInfo$lzycompute(DataSource.scala:118)
[2026-04-02T11:22:11.044+0000] {spark_submit.py:491} INFO - at org.apache.spark.sql.execution.datasources.DataSource.sourceInfo(DataSource.scala:118)
[2026-04-02T11:22:11.044+0000] {spark_submit.py:491} INFO - at org.apache.spark.sql.execution.streaming.StreamingRelation$.apply(StreamingRelation.scala:34)
[2026-04-02T11:22:11.048+0000] {spark_submit.py:491} INFO - at org.apache.spark.sql.streaming.DataStreamReader.loadInternal(DataStreamReader.scala:196)
[2026-04-02T11:22:11.049+0000] {spark_submit.py:491} INFO - at org.apache.spark.sql.streaming.DataStreamReader.load(DataStreamReader.scala:210)
[2026-04-02T11:22:11.049+0000] {spark_submit.py:491} INFO - at java.base/jdk.internal.reflect.NativeMethodAccessorImpl.invoke0(Native Method)
[2026-04-02T11:22:11.049+0000] {spark_submit.py:491} INFO - at java.base/jdk.internal.reflect.NativeMethodAccessorImpl.invoke(NativeMethodAccessorImpl.java:62)
[2026-04-02T11:22:11.049+0000] {spark_submit.py:491} INFO - at java.base/jdk.internal.reflect.DelegatingMethodAccessorImpl.invoke(DelegatingMethodAccessorImpl.java:43)
[2026-04-02T11:22:11.049+0000] {spark_submit.py:491} INFO - at java.base/java.lang.reflect.Method.invoke(Method.java:566)
[2026-04-02T11:22:11.049+0000] {spark_submit.py:491} INFO - at py4j.reflection.MethodInvoker.invoke(MethodInvoker.java:244)
[2026-04-02T11:22:11.049+0000] {spark_submit.py:491} INFO - at py4j.reflection.ReflectionEngine.invoke(ReflectionEngine.java:357)
[2026-04-02T11:22:11.063+0000] {spark_submit.py:491} INFO - at py4j.Gateway.invoke(Gateway.java:282)
[2026-04-02T11:22:11.063+0000] {spark_submit.py:491} INFO - at py4j.commands.AbstractCommand.invokeMethod(AbstractCommand.java:132)
[2026-04-02T11:22:11.063+0000] {spark_submit.py:491} INFO - at py4j.commands.CallCommand.execute(CallCommand.java:79)
[2026-04-02T11:22:11.064+0000] {spark_submit.py:491} INFO - at py4j.ClientServerConnection.waitForCommands(ClientServerConnection.java:182)
[2026-04-02T11:22:11.064+0000] {spark_submit.py:491} INFO - at py4j.ClientServerConnection.run(ClientServerConnection.java:106)
[2026-04-02T11:22:11.065+0000] {spark_submit.py:491} INFO - at java.base/java.lang.Thread.run(Thread.java:829)
[2026-04-02T11:22:11.065+0000] {spark_submit.py:491} INFO - Caused by: java.lang.ClassNotFoundException: Class org.apache.hadoop.fs.s3a.S3AFileSystem not found
[2026-04-02T11:22:11.065+0000] {spark_submit.py:491} INFO - at org.apache.hadoop.conf.Configuration.getClassByName(Configuration.java:2592)
[2026-04-02T11:22:11.065+0000] {spark_submit.py:491} INFO - at org.apache.hadoop.conf.Configuration.getClass(Configuration.java:2686)
[2026-04-02T11:22:11.066+0000] {spark_submit.py:491} INFO - ... 25 more
[2026-04-02T11:22:11.066+0000] {spark_submit.py:491} INFO - 
[2026-04-02T11:22:12.158+0000] {spark_submit.py:491} INFO - Traceback (most recent call last):
[2026-04-02T11:22:12.158+0000] {spark_submit.py:491} INFO - File "/opt/airflow/etl/silver/main_silver.py", line 59, in <module>
[2026-04-02T11:22:12.158+0000] {spark_submit.py:491} INFO - raise e
[2026-04-02T11:22:12.158+0000] {spark_submit.py:491} INFO - File "/opt/airflow/etl/silver/main_silver.py", line 48, in <module>
[2026-04-02T11:22:12.158+0000] {spark_submit.py:491} INFO - process_silver_layer(
[2026-04-02T11:22:12.158+0000] {spark_submit.py:491} INFO - File "/opt/airflow/etl/silver/silver_processor.py", line 78, in process_silver_layer
[2026-04-02T11:22:12.159+0000] {spark_submit.py:491} INFO - .load(bronze_path)
[2026-04-02T11:22:12.159+0000] {spark_submit.py:491} INFO - File "/home/airflow/.local/lib/python3.10/site-packages/pyspark/python/lib/pyspark.zip/pyspark/sql/streaming.py", line 467, in load
[2026-04-02T11:22:12.159+0000] {spark_submit.py:491} INFO - File "/home/airflow/.local/lib/python3.10/site-packages/pyspark/python/lib/py4j-0.10.9.5-src.zip/py4j/java_gateway.py", line 1321, in __call__
[2026-04-02T11:22:12.159+0000] {spark_submit.py:491} INFO - File "/home/airflow/.local/lib/python3.10/site-packages/pyspark/python/lib/pyspark.zip/pyspark/sql/utils.py", line 190, in deco
[2026-04-02T11:22:12.159+0000] {spark_submit.py:491} INFO - File "/home/airflow/.local/lib/python3.10/site-packages/pyspark/python/lib/py4j-0.10.9.5-src.zip/py4j/protocol.py", line 326, in get_return_value
[2026-04-02T11:22:12.159+0000] {spark_submit.py:491} INFO - py4j.protocol.Py4JJavaError: An error occurred while calling o39.load.
[2026-04-02T11:22:12.159+0000] {spark_submit.py:491} INFO - : java.lang.RuntimeException: java.lang.ClassNotFoundException: Class org.apache.hadoop.fs.s3a.S3AFileSystem not found
[2026-04-02T11:22:12.159+0000] {spark_submit.py:491} INFO - at org.apache.hadoop.conf.Configuration.getClass(Configuration.java:2688)
[2026-04-02T11:22:12.159+0000] {spark_submit.py:491} INFO - at org.apache.hadoop.fs.FileSystem.getFileSystemClass(FileSystem.java:3431)
[2026-04-02T11:22:12.168+0000] {spark_submit.py:491} INFO - at org.apache.hadoop.fs.FileSystem.createFileSystem(FileSystem.java:3466)
[2026-04-02T11:22:12.169+0000] {spark_submit.py:491} INFO - at org.apache.hadoop.fs.FileSystem.access$300(FileSystem.java:174)
[2026-04-02T11:22:12.169+0000] {spark_submit.py:491} INFO - at org.apache.hadoop.fs.FileSystem$Cache.getInternal(FileSystem.java:3574)
[2026-04-02T11:22:12.169+0000] {spark_submit.py:491} INFO - at org.apache.hadoop.fs.FileSystem$Cache.get(FileSystem.java:3521)
[2026-04-02T11:22:12.169+0000] {spark_submit.py:491} INFO - at org.apache.hadoop.fs.FileSystem.get(FileSystem.java:540)
[2026-04-02T11:22:12.169+0000] {spark_submit.py:491} INFO - at org.apache.hadoop.fs.Path.getFileSystem(Path.java:365)
[2026-04-02T11:22:12.169+0000] {spark_submit.py:491} INFO - at org.apache.spark.sql.execution.datasources.DataSource.sourceSchema(DataSource.scala:249)
[2026-04-02T11:22:12.169+0000] {spark_submit.py:491} INFO - at org.apache.spark.sql.execution.datasources.DataSource.sourceInfo$lzycompute(DataSource.scala:118)
[2026-04-02T11:22:12.169+0000] {spark_submit.py:491} INFO - at org.apache.spark.sql.execution.datasources.DataSource.sourceInfo(DataSource.scala:118)
[2026-04-02T11:22:12.169+0000] {spark_submit.py:491} INFO - at org.apache.spark.sql.execution.streaming.StreamingRelation$.apply(StreamingRelation.scala:34)
[2026-04-02T11:22:12.169+0000] {spark_submit.py:491} INFO - at org.apache.spark.sql.streaming.DataStreamReader.loadInternal(DataStreamReader.scala:196)
[2026-04-02T11:22:12.169+0000] {spark_submit.py:491} INFO - at org.apache.spark.sql.streaming.DataStreamReader.load(DataStreamReader.scala:210)
[2026-04-02T11:22:12.170+0000] {spark_submit.py:491} INFO - at java.base/jdk.internal.reflect.NativeMethodAccessorImpl.invoke0(Native Method)
[2026-04-02T11:22:12.170+0000] {spark_submit.py:491} INFO - at java.base/jdk.internal.reflect.NativeMethodAccessorImpl.invoke(NativeMethodAccessorImpl.java:62)
[2026-04-02T11:22:12.170+0000] {spark_submit.py:491} INFO - at java.base/jdk.internal.reflect.DelegatingMethodAccessorImpl.invoke(DelegatingMethodAccessorImpl.java:43)
[2026-04-02T11:22:12.170+0000] {spark_submit.py:491} INFO - at java.base/java.lang.reflect.Method.invoke(Method.java:566)
[2026-04-02T11:22:12.170+0000] {spark_submit.py:491} INFO - at py4j.reflection.MethodInvoker.invoke(MethodInvoker.java:244)
[2026-04-02T11:22:12.170+0000] {spark_submit.py:491} INFO - at py4j.reflection.ReflectionEngine.invoke(ReflectionEngine.java:357)
[2026-04-02T11:22:12.170+0000] {spark_submit.py:491} INFO - at py4j.Gateway.invoke(Gateway.java:282)
[2026-04-02T11:22:12.170+0000] {spark_submit.py:491} INFO - at py4j.commands.AbstractCommand.invokeMethod(AbstractCommand.java:132)
[2026-04-02T11:22:12.170+0000] {spark_submit.py:491} INFO - at py4j.commands.CallCommand.execute(CallCommand.java:79)
[2026-04-02T11:22:12.170+0000] {spark_submit.py:491} INFO - at py4j.ClientServerConnection.waitForCommands(ClientServerConnection.java:182)
[2026-04-02T11:22:12.170+0000] {spark_submit.py:491} INFO - at py4j.ClientServerConnection.run(ClientServerConnection.java:106)
[2026-04-02T11:22:12.170+0000] {spark_submit.py:491} INFO - at java.base/java.lang.Thread.run(Thread.java:829)
[2026-04-02T11:22:12.171+0000] {spark_submit.py:491} INFO - Caused by: java.lang.ClassNotFoundException: Class org.apache.hadoop.fs.s3a.S3AFileSystem not found
[2026-04-02T11:22:12.171+0000] {spark_submit.py:491} INFO - at org.apache.hadoop.conf.Configuration.getClassByName(Configuration.java:2592)
[2026-04-02T11:22:12.171+0000] {spark_submit.py:491} INFO - at org.apache.hadoop.conf.Configuration.getClass(Configuration.java:2686)
[2026-04-02T11:22:12.171+0000] {spark_submit.py:491} INFO - ... 25 more
[2026-04-02T11:22:12.171+0000] {spark_submit.py:491} INFO - 
[2026-04-02T11:22:12.171+0000] {spark_submit.py:491} INFO - INFO:py4j.clientserver:Closing down clientserver connection
[2026-04-02T11:22:13.971+0000] {taskinstance.py:1937} ERROR - Task failed with exception
Traceback (most recent call last):
  File "/home/airflow/.local/lib/python3.10/site-packages/airflow/providers/apache/spark/operators/spark_submit.py", line 156, in execute
    self._hook.submit(self._application)
  File "/home/airflow/.local/lib/python3.10/site-packages/airflow/providers/apache/spark/hooks/spark_submit.py", line 422, in submit
    raise AirflowException(
airflow.exceptions.AirflowException: Cannot execute: spark-submit --master spark://spark-master:7077 --executor-cores 1 --executor-memory 1g --driver-memory 1g --name airflow_silver_geolocation /opt/airflow/etl/silver/main_silver.py --table_name geolocation --merge_key geolocation_zip_code_prefix --is_cdc false --json_schema . Error code is: 1.
[2026-04-02T11:22:13.984+0000] {taskinstance.py:1400} INFO - Marking task as FAILED. dag_id=silver_spark_processor, task_id=process_silver_geolocation, execution_date=20260402T105544, start_date=20260402T112123, end_date=20260402T112213
[2026-04-02T11:22:14.039+0000] {standard_task_runner.py:104} ERROR - Failed to execute job 341 for task process_silver_geolocation (Cannot execute: spark-submit --master spark://spark-master:7077 --executor-cores 1 --executor-memory 1g --driver-memory 1g --name airflow_silver_geolocation /opt/airflow/etl/silver/main_silver.py --table_name geolocation --merge_key geolocation_zip_code_prefix --is_cdc false --json_schema . Error code is: 1.; 228)
[2026-04-02T11:22:14.101+0000] {local_task_job_runner.py:228} INFO - Task exited with return code 1
[2026-04-02T11:22:14.205+0000] {taskinstance.py:2778} INFO - 0 downstream tasks scheduled from follow-on schedule check
