[2026-04-03T14:45:21.090+0000] {taskinstance.py:1159} INFO - Dependencies all met for dep_context=non-requeueable deps ti=<TaskInstance: silver_spark_processor.process_silver_order_items scheduled__2026-04-01T00:00:00+00:00 [queued]>
[2026-04-03T14:45:21.099+0000] {taskinstance.py:1159} INFO - Dependencies all met for dep_context=requeueable deps ti=<TaskInstance: silver_spark_processor.process_silver_order_items scheduled__2026-04-01T00:00:00+00:00 [queued]>
[2026-04-03T14:45:21.099+0000] {taskinstance.py:1361} INFO - Starting attempt 8 of 8
[2026-04-03T14:45:21.118+0000] {taskinstance.py:1382} INFO - Executing <Task(SparkSubmitOperator): process_silver_order_items> on 2026-04-01 00:00:00+00:00
[2026-04-03T14:45:21.125+0000] {standard_task_runner.py:57} INFO - Started process 1395 to run task
[2026-04-03T14:45:21.129+0000] {standard_task_runner.py:84} INFO - Running: ['airflow', 'tasks', 'run', 'silver_spark_processor', 'process_silver_order_items', 'scheduled__2026-04-01T00:00:00+00:00', '--job-id', '607', '--raw', '--subdir', 'DAGS_FOLDER/silver_processor_dag.py', '--cfg-path', '/tmp/tmp9vvp1e43']
[2026-04-03T14:45:21.131+0000] {standard_task_runner.py:85} INFO - Job 607: Subtask process_silver_order_items
[2026-04-03T14:45:21.189+0000] {task_command.py:416} INFO - Running <TaskInstance: silver_spark_processor.process_silver_order_items scheduled__2026-04-01T00:00:00+00:00 [running]> on host ff668b8b098e
[2026-04-03T14:45:21.293+0000] {taskinstance.py:1662} INFO - Exporting env vars: AIRFLOW_CTX_DAG_OWNER='data-team' AIRFLOW_CTX_DAG_ID='silver_spark_processor' AIRFLOW_CTX_TASK_ID='process_silver_order_items' AIRFLOW_CTX_EXECUTION_DATE='2026-04-01T00:00:00+00:00' AIRFLOW_CTX_TRY_NUMBER='8' AIRFLOW_CTX_DAG_RUN_ID='scheduled__2026-04-01T00:00:00+00:00'
[2026-04-03T14:45:21.304+0000] {base.py:73} INFO - Using connection ID 'spark_default' for task execution.
[2026-04-03T14:45:21.306+0000] {spark_submit.py:340} INFO - Spark-Submit cmd: spark-submit --master spark://spark-master:7077 --conf spark.sql.extensions=io.delta.sql.DeltaSparkSessionExtension --conf spark.sql.catalog.spark_catalog=org.apache.spark.sql.delta.catalog.DeltaCatalog --conf spark.databricks.delta.schema.autoMerge.enabled=true --jars /opt/airflow/etl/jars/hadoop-aws-3.3.2.jar,/opt/airflow/etl/jars/aws-java-sdk-bundle-1.11.1026.jar,/opt/airflow/etl/jars/delta-core_2.12-2.3.0.jar,/opt/airflow/etl/jars/delta-storage-2.3.0.jar --executor-cores 1 --executor-memory 1g --driver-memory 1g --name airflow_silver_order_items /opt/airflow/etl/silver/main_silver.py --table_name order_items --merge_key order_item_id --is_cdc true --json_schema order_id STRING, order_item_id STRING, product_id STRING, seller_id STRING, shipping_limit_date STRING, price STRING, freight_value STRING
[2026-04-03T14:45:21.421+0000] {spark_submit.py:491} INFO - /home/airflow/.local/lib/python3.10/site-packages/pyspark/bin/load-spark-env.sh: line 68: ps: command not found
[2026-04-03T14:45:24.264+0000] {spark_submit.py:491} INFO - 26/04/03 14:45:24 WARN NativeCodeLoader: Unable to load native-hadoop library for your platform... using builtin-java classes where applicable
[2026-04-03T14:45:25.666+0000] {spark_submit.py:491} INFO - INFO:__main__:Khởi tạo Spark Job cho bảng: order_items
[2026-04-03T14:45:25.795+0000] {spark_submit.py:491} INFO - 26/04/03 14:45:25 INFO SparkContext: Running Spark version 3.3.2
[2026-04-03T14:45:25.833+0000] {spark_submit.py:491} INFO - 26/04/03 14:45:25 INFO ResourceUtils: ==============================================================
[2026-04-03T14:45:25.834+0000] {spark_submit.py:491} INFO - 26/04/03 14:45:25 INFO ResourceUtils: No custom resources configured for spark.driver.
[2026-04-03T14:45:25.834+0000] {spark_submit.py:491} INFO - 26/04/03 14:45:25 INFO ResourceUtils: ==============================================================
[2026-04-03T14:45:25.834+0000] {spark_submit.py:491} INFO - 26/04/03 14:45:25 INFO SparkContext: Submitted application: <class 'pyspark.sql.session.SparkSession'>
[2026-04-03T14:45:25.865+0000] {spark_submit.py:491} INFO - 26/04/03 14:45:25 INFO ResourceProfile: Default ResourceProfile created, executor resources: Map(cores -> name: cores, amount: 1, script: , vendor: , memory -> name: memory, amount: 1024, script: , vendor: , offHeap -> name: offHeap, amount: 0, script: , vendor: ), task resources: Map(cpus -> name: cpus, amount: 1.0)
[2026-04-03T14:45:25.880+0000] {spark_submit.py:491} INFO - 26/04/03 14:45:25 INFO ResourceProfile: Limiting resource is cpus at 1 tasks per executor
[2026-04-03T14:45:25.883+0000] {spark_submit.py:491} INFO - 26/04/03 14:45:25 INFO ResourceProfileManager: Added ResourceProfile id: 0
[2026-04-03T14:45:25.964+0000] {spark_submit.py:491} INFO - 26/04/03 14:45:25 INFO SecurityManager: Changing view acls to: airflow
[2026-04-03T14:45:25.966+0000] {spark_submit.py:491} INFO - 26/04/03 14:45:25 INFO SecurityManager: Changing modify acls to: airflow
[2026-04-03T14:45:25.967+0000] {spark_submit.py:491} INFO - 26/04/03 14:45:25 INFO SecurityManager: Changing view acls groups to:
[2026-04-03T14:45:25.968+0000] {spark_submit.py:491} INFO - 26/04/03 14:45:25 INFO SecurityManager: Changing modify acls groups to:
[2026-04-03T14:45:25.968+0000] {spark_submit.py:491} INFO - 26/04/03 14:45:25 INFO SecurityManager: SecurityManager: authentication disabled; ui acls disabled; users  with view permissions: Set(airflow); groups with view permissions: Set(); users  with modify permissions: Set(airflow); groups with modify permissions: Set()
[2026-04-03T14:45:26.322+0000] {spark_submit.py:491} INFO - 26/04/03 14:45:26 INFO Utils: Successfully started service 'sparkDriver' on port 44031.
[2026-04-03T14:45:26.364+0000] {spark_submit.py:491} INFO - 26/04/03 14:45:26 INFO SparkEnv: Registering MapOutputTracker
[2026-04-03T14:45:26.418+0000] {spark_submit.py:491} INFO - 26/04/03 14:45:26 INFO SparkEnv: Registering BlockManagerMaster
[2026-04-03T14:45:26.454+0000] {spark_submit.py:491} INFO - 26/04/03 14:45:26 INFO BlockManagerMasterEndpoint: Using org.apache.spark.storage.DefaultTopologyMapper for getting topology information
[2026-04-03T14:45:26.455+0000] {spark_submit.py:491} INFO - 26/04/03 14:45:26 INFO BlockManagerMasterEndpoint: BlockManagerMasterEndpoint up
[2026-04-03T14:45:26.462+0000] {spark_submit.py:491} INFO - 26/04/03 14:45:26 INFO SparkEnv: Registering BlockManagerMasterHeartbeat
[2026-04-03T14:45:26.496+0000] {spark_submit.py:491} INFO - 26/04/03 14:45:26 INFO DiskBlockManager: Created local directory at /tmp/blockmgr-f99ac320-215f-4dd0-9dda-c9b340fda2b4
[2026-04-03T14:45:26.519+0000] {spark_submit.py:491} INFO - 26/04/03 14:45:26 INFO MemoryStore: MemoryStore started with capacity 434.4 MiB
[2026-04-03T14:45:26.542+0000] {spark_submit.py:491} INFO - 26/04/03 14:45:26 INFO SparkEnv: Registering OutputCommitCoordinator
[2026-04-03T14:45:26.803+0000] {spark_submit.py:491} INFO - 26/04/03 14:45:26 WARN Utils: Service 'SparkUI' could not bind on port 4040. Attempting port 4041.
[2026-04-03T14:45:26.803+0000] {spark_submit.py:491} INFO - 26/04/03 14:45:26 WARN Utils: Service 'SparkUI' could not bind on port 4041. Attempting port 4042.
[2026-04-03T14:45:26.815+0000] {spark_submit.py:491} INFO - 26/04/03 14:45:26 INFO Utils: Successfully started service 'SparkUI' on port 4042.
[2026-04-03T14:45:26.870+0000] {spark_submit.py:491} INFO - 26/04/03 14:45:26 INFO SparkContext: Added JAR file:///opt/airflow/etl/jars/hadoop-aws-3.3.2.jar at spark://ff668b8b098e:44031/jars/hadoop-aws-3.3.2.jar with timestamp 1775227525780
[2026-04-03T14:45:26.871+0000] {spark_submit.py:491} INFO - 26/04/03 14:45:26 INFO SparkContext: Added JAR file:///opt/airflow/etl/jars/aws-java-sdk-bundle-1.11.1026.jar at spark://ff668b8b098e:44031/jars/aws-java-sdk-bundle-1.11.1026.jar with timestamp 1775227525780
[2026-04-03T14:45:26.871+0000] {spark_submit.py:491} INFO - 26/04/03 14:45:26 INFO SparkContext: Added JAR file:///opt/airflow/etl/jars/delta-core_2.12-2.3.0.jar at spark://ff668b8b098e:44031/jars/delta-core_2.12-2.3.0.jar with timestamp 1775227525780
[2026-04-03T14:45:26.871+0000] {spark_submit.py:491} INFO - 26/04/03 14:45:26 INFO SparkContext: Added JAR file:///opt/airflow/etl/jars/delta-storage-2.3.0.jar at spark://ff668b8b098e:44031/jars/delta-storage-2.3.0.jar with timestamp 1775227525780
[2026-04-03T14:45:27.065+0000] {spark_submit.py:491} INFO - 26/04/03 14:45:27 INFO StandaloneAppClient$ClientEndpoint: Connecting to master spark://spark-master:7077...
[2026-04-03T14:45:27.197+0000] {spark_submit.py:491} INFO - 26/04/03 14:45:27 INFO TransportClientFactory: Successfully created connection to spark-master/172.18.0.6:7077 after 74 ms (0 ms spent in bootstraps)
[2026-04-03T14:45:27.338+0000] {spark_submit.py:491} INFO - 26/04/03 14:45:27 INFO StandaloneSchedulerBackend: Connected to Spark cluster with app ID app-20260403144527-0036
[2026-04-03T14:45:27.351+0000] {spark_submit.py:491} INFO - 26/04/03 14:45:27 INFO Utils: Successfully started service 'org.apache.spark.network.netty.NettyBlockTransferService' on port 34897.
[2026-04-03T14:45:27.352+0000] {spark_submit.py:491} INFO - 26/04/03 14:45:27 INFO NettyBlockTransferService: Server created on ff668b8b098e:34897
[2026-04-03T14:45:27.355+0000] {spark_submit.py:491} INFO - 26/04/03 14:45:27 INFO BlockManager: Using org.apache.spark.storage.RandomBlockReplicationPolicy for block replication policy
[2026-04-03T14:45:27.382+0000] {spark_submit.py:491} INFO - 26/04/03 14:45:27 INFO BlockManagerMaster: Registering BlockManager BlockManagerId(driver, ff668b8b098e, 34897, None)
[2026-04-03T14:45:27.410+0000] {spark_submit.py:491} INFO - 26/04/03 14:45:27 INFO BlockManagerMasterEndpoint: Registering block manager ff668b8b098e:34897 with 434.4 MiB RAM, BlockManagerId(driver, ff668b8b098e, 34897, None)
[2026-04-03T14:45:27.414+0000] {spark_submit.py:491} INFO - 26/04/03 14:45:27 INFO BlockManagerMaster: Registered BlockManager BlockManagerId(driver, ff668b8b098e, 34897, None)
[2026-04-03T14:45:27.415+0000] {spark_submit.py:491} INFO - 26/04/03 14:45:27 INFO BlockManager: Initialized BlockManager: BlockManagerId(driver, ff668b8b098e, 34897, None)
[2026-04-03T14:45:27.721+0000] {spark_submit.py:491} INFO - 26/04/03 14:45:27 INFO StandaloneSchedulerBackend: SchedulerBackend is ready for scheduling beginning after reached minRegisteredResourcesRatio: 0.0
[2026-04-03T14:45:28.950+0000] {spark_submit.py:491} INFO - INFO:silver_processor: Bắt đầu xử lý lớp Silver cho bảng: order_items | Chế độ CDC: True
[2026-04-03T14:45:28.951+0000] {spark_submit.py:491} INFO - INFO:silver_processor: Bắt đầu quét Data Nóng từ Bronze...
[2026-04-03T14:45:29.352+0000] {spark_submit.py:491} INFO - 26/04/03 14:45:29 WARN MetricsConfig: Cannot locate configuration: tried hadoop-metrics2-s3a-file-system.properties,hadoop-metrics2.properties
[2026-04-03T14:48:50.679+0000] {local_task_job_runner.py:115} ERROR - Received SIGTERM. Terminating subprocesses
[2026-04-03T14:48:50.760+0000] {process_utils.py:131} INFO - Sending 15 to group 1395. PIDs of all processes in the group: [1397, 1520, 1395]
[2026-04-03T14:48:50.770+0000] {process_utils.py:86} INFO - Sending the signal 15 to group 1395
[2026-04-03T14:48:50.793+0000] {taskinstance.py:1632} ERROR - Received SIGTERM. Terminating subprocesses.
[2026-04-03T14:48:50.856+0000] {spark_submit.py:618} INFO - Sending kill signal to spark-submit
[2026-04-03T14:48:50.870+0000] {process_utils.py:79} INFO - Process psutil.Process(pid=1520, status='terminated', started='14:45:24') (1520) terminated with exit code None
[2026-04-03T14:48:51.211+0000] {taskinstance.py:1937} ERROR - Task failed with exception
Traceback (most recent call last):
  File "/home/airflow/.local/lib/python3.10/site-packages/airflow/providers/apache/spark/operators/spark_submit.py", line 156, in execute
    self._hook.submit(self._application)
  File "/home/airflow/.local/lib/python3.10/site-packages/airflow/providers/apache/spark/hooks/spark_submit.py", line 410, in submit
    self._process_spark_submit_log(iter(self._submit_sp.stdout))  # type: ignore
  File "/home/airflow/.local/lib/python3.10/site-packages/airflow/providers/apache/spark/hooks/spark_submit.py", line 459, in _process_spark_submit_log
    for line in itr:
  File "/home/airflow/.local/lib/python3.10/site-packages/airflow/models/taskinstance.py", line 1634, in signal_handler
    raise AirflowException("Task received SIGTERM signal")
airflow.exceptions.AirflowException: Task received SIGTERM signal
[2026-04-03T14:48:51.268+0000] {taskinstance.py:1400} INFO - Marking task as FAILED. dag_id=silver_spark_processor, task_id=process_silver_order_items, execution_date=20260401T000000, start_date=20260403T144521, end_date=20260403T144851
[2026-04-03T14:48:51.500+0000] {standard_task_runner.py:104} ERROR - Failed to execute job 607 for task process_silver_order_items (Task received SIGTERM signal; 1395)
[2026-04-03T14:48:51.544+0000] {process_utils.py:79} INFO - Process psutil.Process(pid=1395, status='terminated', exitcode=1, started='14:45:20') (1395) terminated with exit code 1
[2026-04-03T14:48:51.544+0000] {process_utils.py:79} INFO - Process psutil.Process(pid=1397, status='terminated', started='14:45:21') (1397) terminated with exit code None
[2026-04-03T14:48:51.547+0000] {local_task_job_runner.py:228} INFO - Task exited with return code 143
[2026-04-03T14:48:51.767+0000] {taskinstance.py:2778} INFO - 0 downstream tasks scheduled from follow-on schedule check
[2026-04-03T14:48:53.053+0000] {local_task_job_runner.py:115} ERROR - Received SIGTERM. Terminating subprocesses
[2026-04-03T14:48:53.054+0000] {local_task_job_runner.py:228} INFO - Task exited with return code 143
