[2026-04-02T11:11:17.701+0000] {taskinstance.py:1159} INFO - Dependencies all met for dep_context=non-requeueable deps ti=<TaskInstance: silver_spark_processor.process_silver_order_items scheduled__2026-04-01T00:00:00+00:00 [queued]>
[2026-04-02T11:11:17.717+0000] {taskinstance.py:1159} INFO - Dependencies all met for dep_context=requeueable deps ti=<TaskInstance: silver_spark_processor.process_silver_order_items scheduled__2026-04-01T00:00:00+00:00 [queued]>
[2026-04-02T11:11:17.719+0000] {taskinstance.py:1361} INFO - Starting attempt 4 of 4
[2026-04-02T11:11:17.752+0000] {taskinstance.py:1382} INFO - Executing <Task(SparkSubmitOperator): process_silver_order_items> on 2026-04-01 00:00:00+00:00
[2026-04-02T11:11:17.788+0000] {standard_task_runner.py:57} INFO - Started process 193 to run task
[2026-04-02T11:11:17.791+0000] {standard_task_runner.py:84} INFO - Running: ['airflow', 'tasks', 'run', 'silver_spark_processor', 'process_silver_order_items', 'scheduled__2026-04-01T00:00:00+00:00', '--job-id', '269', '--raw', '--subdir', 'DAGS_FOLDER/silver_processor_dag.py', '--cfg-path', '/tmp/tmpq4290qyf']
[2026-04-02T11:11:17.801+0000] {standard_task_runner.py:85} INFO - Job 269: Subtask process_silver_order_items
[2026-04-02T11:11:18.031+0000] {task_command.py:416} INFO - Running <TaskInstance: silver_spark_processor.process_silver_order_items scheduled__2026-04-01T00:00:00+00:00 [running]> on host 5926004790ec
[2026-04-02T11:11:18.319+0000] {taskinstance.py:1662} INFO - Exporting env vars: AIRFLOW_CTX_DAG_OWNER='data-team' AIRFLOW_CTX_DAG_ID='silver_spark_processor' AIRFLOW_CTX_TASK_ID='process_silver_order_items' AIRFLOW_CTX_EXECUTION_DATE='2026-04-01T00:00:00+00:00' AIRFLOW_CTX_TRY_NUMBER='4' AIRFLOW_CTX_DAG_RUN_ID='scheduled__2026-04-01T00:00:00+00:00'
[2026-04-02T11:11:18.343+0000] {base.py:73} INFO - Using connection ID 'spark_default' for task execution.
[2026-04-02T11:11:18.347+0000] {spark_submit.py:340} INFO - Spark-Submit cmd: spark-submit --master spark://spark-master:7077 --executor-cores 1 --executor-memory 1g --driver-memory 1g --name airflow_silver_order_items /opt/airflow/etl/silver/main_silver.py --table_name order_items --merge_key order_item_id --is_cdc true --json_schema order_id STRING, order_item_id STRING, product_id STRING, seller_id STRING, shipping_limit_date STRING, price STRING, freight_value STRING
[2026-04-02T11:11:18.757+0000] {spark_submit.py:491} INFO - /home/airflow/.local/lib/python3.10/site-packages/pyspark/bin/load-spark-env.sh: line 68: ps: command not found
[2026-04-02T11:11:35.034+0000] {spark_submit.py:491} INFO - INFO:__main__:Khởi tạo Spark Job cho bảng: order_items
[2026-04-02T11:11:35.602+0000] {spark_submit.py:491} INFO - 26/04/02 11:11:35 INFO SparkContext: Running Spark version 3.3.2
[2026-04-02T11:11:36.125+0000] {spark_submit.py:491} INFO - 26/04/02 11:11:36 WARN NativeCodeLoader: Unable to load native-hadoop library for your platform... using builtin-java classes where applicable
[2026-04-02T11:11:36.744+0000] {spark_submit.py:491} INFO - 26/04/02 11:11:36 INFO ResourceUtils: ==============================================================
[2026-04-02T11:11:36.768+0000] {spark_submit.py:491} INFO - 26/04/02 11:11:36 INFO ResourceUtils: No custom resources configured for spark.driver.
[2026-04-02T11:11:36.768+0000] {spark_submit.py:491} INFO - 26/04/02 11:11:36 INFO ResourceUtils: ==============================================================
[2026-04-02T11:11:36.769+0000] {spark_submit.py:491} INFO - 26/04/02 11:11:36 INFO SparkContext: Submitted application: <class 'pyspark.sql.session.SparkSession'>
[2026-04-02T11:11:36.836+0000] {spark_submit.py:491} INFO - 26/04/02 11:11:36 INFO ResourceProfile: Default ResourceProfile created, executor resources: Map(cores -> name: cores, amount: 1, script: , vendor: , memory -> name: memory, amount: 1024, script: , vendor: , offHeap -> name: offHeap, amount: 0, script: , vendor: ), task resources: Map(cpus -> name: cpus, amount: 1.0)
[2026-04-02T11:11:36.920+0000] {spark_submit.py:491} INFO - 26/04/02 11:11:36 INFO ResourceProfile: Limiting resource is cpus at 1 tasks per executor
[2026-04-02T11:11:36.941+0000] {spark_submit.py:491} INFO - 26/04/02 11:11:36 INFO ResourceProfileManager: Added ResourceProfile id: 0
[2026-04-02T11:11:37.131+0000] {spark_submit.py:491} INFO - 26/04/02 11:11:37 INFO SecurityManager: Changing view acls to: airflow
[2026-04-02T11:11:37.132+0000] {spark_submit.py:491} INFO - 26/04/02 11:11:37 INFO SecurityManager: Changing modify acls to: airflow
[2026-04-02T11:11:37.133+0000] {spark_submit.py:491} INFO - 26/04/02 11:11:37 INFO SecurityManager: Changing view acls groups to:
[2026-04-02T11:11:37.145+0000] {spark_submit.py:491} INFO - 26/04/02 11:11:37 INFO SecurityManager: Changing modify acls groups to:
[2026-04-02T11:11:37.146+0000] {spark_submit.py:491} INFO - 26/04/02 11:11:37 INFO SecurityManager: SecurityManager: authentication disabled; ui acls disabled; users  with view permissions: Set(airflow); groups with view permissions: Set(); users  with modify permissions: Set(airflow); groups with modify permissions: Set()
[2026-04-02T11:11:39.089+0000] {spark_submit.py:491} INFO - 26/04/02 11:11:39 INFO Utils: Successfully started service 'sparkDriver' on port 46659.
[2026-04-02T11:11:39.334+0000] {spark_submit.py:491} INFO - 26/04/02 11:11:39 INFO SparkEnv: Registering MapOutputTracker
[2026-04-02T11:11:39.656+0000] {spark_submit.py:491} INFO - 26/04/02 11:11:39 INFO SparkEnv: Registering BlockManagerMaster
[2026-04-02T11:11:39.796+0000] {spark_submit.py:491} INFO - 26/04/02 11:11:39 INFO BlockManagerMasterEndpoint: Using org.apache.spark.storage.DefaultTopologyMapper for getting topology information
[2026-04-02T11:11:39.799+0000] {spark_submit.py:491} INFO - 26/04/02 11:11:39 INFO BlockManagerMasterEndpoint: BlockManagerMasterEndpoint up
[2026-04-02T11:11:39.817+0000] {spark_submit.py:491} INFO - 26/04/02 11:11:39 INFO SparkEnv: Registering BlockManagerMasterHeartbeat
[2026-04-02T11:11:39.898+0000] {spark_submit.py:491} INFO - 26/04/02 11:11:39 INFO DiskBlockManager: Created local directory at /tmp/blockmgr-181eb59e-243a-4ed7-b079-04398128a92e
[2026-04-02T11:11:40.006+0000] {spark_submit.py:491} INFO - 26/04/02 11:11:40 INFO MemoryStore: MemoryStore started with capacity 434.4 MiB
[2026-04-02T11:11:40.124+0000] {spark_submit.py:491} INFO - 26/04/02 11:11:40 INFO SparkEnv: Registering OutputCommitCoordinator
[2026-04-02T11:11:41.343+0000] {spark_submit.py:491} INFO - 26/04/02 11:11:41 WARN Utils: Service 'SparkUI' could not bind on port 4040. Attempting port 4041.
[2026-04-02T11:11:41.352+0000] {spark_submit.py:491} INFO - 26/04/02 11:11:41 WARN Utils: Service 'SparkUI' could not bind on port 4041. Attempting port 4042.
[2026-04-02T11:11:41.356+0000] {spark_submit.py:491} INFO - 26/04/02 11:11:41 WARN Utils: Service 'SparkUI' could not bind on port 4042. Attempting port 4043.
[2026-04-02T11:11:41.366+0000] {spark_submit.py:491} INFO - 26/04/02 11:11:41 WARN Utils: Service 'SparkUI' could not bind on port 4043. Attempting port 4044.
[2026-04-02T11:11:41.377+0000] {spark_submit.py:491} INFO - 26/04/02 11:11:41 WARN Utils: Service 'SparkUI' could not bind on port 4044. Attempting port 4045.
[2026-04-02T11:11:41.378+0000] {spark_submit.py:491} INFO - 26/04/02 11:11:41 WARN Utils: Service 'SparkUI' could not bind on port 4045. Attempting port 4046.
[2026-04-02T11:11:41.379+0000] {spark_submit.py:491} INFO - 26/04/02 11:11:41 WARN Utils: Service 'SparkUI' could not bind on port 4046. Attempting port 4047.
[2026-04-02T11:11:41.388+0000] {spark_submit.py:491} INFO - 26/04/02 11:11:41 WARN Utils: Service 'SparkUI' could not bind on port 4047. Attempting port 4048.
[2026-04-02T11:11:41.428+0000] {spark_submit.py:491} INFO - 26/04/02 11:11:41 INFO Utils: Successfully started service 'SparkUI' on port 4048.
[2026-04-02T11:11:41.996+0000] {spark_submit.py:491} INFO - 26/04/02 11:11:41 INFO StandaloneAppClient$ClientEndpoint: Connecting to master spark://spark-master:7077...
[2026-04-02T11:11:42.326+0000] {spark_submit.py:491} INFO - 26/04/02 11:11:42 WARN StandaloneAppClient$ClientEndpoint: Failed to connect to master spark-master:7077
[2026-04-02T11:11:42.327+0000] {spark_submit.py:491} INFO - org.apache.spark.SparkException: Exception thrown in awaitResult:
[2026-04-02T11:11:42.328+0000] {spark_submit.py:491} INFO - at org.apache.spark.util.ThreadUtils$.awaitResult(ThreadUtils.scala:301)
[2026-04-02T11:11:42.328+0000] {spark_submit.py:491} INFO - at org.apache.spark.rpc.RpcTimeout.awaitResult(RpcTimeout.scala:75)
[2026-04-02T11:11:42.328+0000] {spark_submit.py:491} INFO - at org.apache.spark.rpc.RpcEnv.setupEndpointRefByURI(RpcEnv.scala:102)
[2026-04-02T11:11:42.328+0000] {spark_submit.py:491} INFO - at org.apache.spark.rpc.RpcEnv.setupEndpointRef(RpcEnv.scala:110)
[2026-04-02T11:11:42.328+0000] {spark_submit.py:491} INFO - at org.apache.spark.deploy.client.StandaloneAppClient$ClientEndpoint$$anon$1.run(StandaloneAppClient.scala:107)
[2026-04-02T11:11:42.328+0000] {spark_submit.py:491} INFO - at java.base/java.util.concurrent.Executors$RunnableAdapter.call(Executors.java:515)
[2026-04-02T11:11:42.328+0000] {spark_submit.py:491} INFO - at java.base/java.util.concurrent.FutureTask.run(FutureTask.java:264)
[2026-04-02T11:11:42.328+0000] {spark_submit.py:491} INFO - at java.base/java.util.concurrent.ThreadPoolExecutor.runWorker(ThreadPoolExecutor.java:1128)
[2026-04-02T11:11:42.328+0000] {spark_submit.py:491} INFO - at java.base/java.util.concurrent.ThreadPoolExecutor$Worker.run(ThreadPoolExecutor.java:628)
[2026-04-02T11:11:42.328+0000] {spark_submit.py:491} INFO - at java.base/java.lang.Thread.run(Thread.java:829)
[2026-04-02T11:11:42.329+0000] {spark_submit.py:491} INFO - Caused by: java.io.IOException: Failed to connect to spark-master:7077
[2026-04-02T11:11:42.329+0000] {spark_submit.py:491} INFO - at org.apache.spark.network.client.TransportClientFactory.createClient(TransportClientFactory.java:288)
[2026-04-02T11:11:42.329+0000] {spark_submit.py:491} INFO - at org.apache.spark.network.client.TransportClientFactory.createClient(TransportClientFactory.java:218)
[2026-04-02T11:11:42.329+0000] {spark_submit.py:491} INFO - at org.apache.spark.network.client.TransportClientFactory.createClient(TransportClientFactory.java:230)
[2026-04-02T11:11:42.329+0000] {spark_submit.py:491} INFO - at org.apache.spark.rpc.netty.NettyRpcEnv.createClient(NettyRpcEnv.scala:204)
[2026-04-02T11:11:42.329+0000] {spark_submit.py:491} INFO - at org.apache.spark.rpc.netty.Outbox$$anon$1.call(Outbox.scala:202)
[2026-04-02T11:11:42.329+0000] {spark_submit.py:491} INFO - at org.apache.spark.rpc.netty.Outbox$$anon$1.call(Outbox.scala:198)
[2026-04-02T11:11:42.329+0000] {spark_submit.py:491} INFO - ... 4 more
[2026-04-02T11:11:42.329+0000] {spark_submit.py:491} INFO - Caused by: java.net.UnknownHostException: spark-master
[2026-04-02T11:11:42.329+0000] {spark_submit.py:491} INFO - at java.base/java.net.InetAddress$CachedAddresses.get(InetAddress.java:797)
[2026-04-02T11:11:42.329+0000] {spark_submit.py:491} INFO - at java.base/java.net.InetAddress.getAllByName0(InetAddress.java:1533)
[2026-04-02T11:11:42.329+0000] {spark_submit.py:491} INFO - at java.base/java.net.InetAddress.getAllByName(InetAddress.java:1386)
[2026-04-02T11:11:42.329+0000] {spark_submit.py:491} INFO - at java.base/java.net.InetAddress.getAllByName(InetAddress.java:1307)
[2026-04-02T11:11:42.330+0000] {spark_submit.py:491} INFO - at java.base/java.net.InetAddress.getByName(InetAddress.java:1257)
[2026-04-02T11:11:42.330+0000] {spark_submit.py:491} INFO - at io.netty.util.internal.SocketUtils$8.run(SocketUtils.java:156)
[2026-04-02T11:11:42.330+0000] {spark_submit.py:491} INFO - at io.netty.util.internal.SocketUtils$8.run(SocketUtils.java:153)
[2026-04-02T11:11:42.330+0000] {spark_submit.py:491} INFO - at java.base/java.security.AccessController.doPrivileged(Native Method)
[2026-04-02T11:11:42.330+0000] {spark_submit.py:491} INFO - at io.netty.util.internal.SocketUtils.addressByName(SocketUtils.java:153)
[2026-04-02T11:11:42.330+0000] {spark_submit.py:491} INFO - at io.netty.resolver.DefaultNameResolver.doResolve(DefaultNameResolver.java:41)
[2026-04-02T11:11:42.330+0000] {spark_submit.py:491} INFO - at io.netty.resolver.SimpleNameResolver.resolve(SimpleNameResolver.java:61)
[2026-04-02T11:11:42.330+0000] {spark_submit.py:491} INFO - at io.netty.resolver.SimpleNameResolver.resolve(SimpleNameResolver.java:53)
[2026-04-02T11:11:42.330+0000] {spark_submit.py:491} INFO - at io.netty.resolver.InetSocketAddressResolver.doResolve(InetSocketAddressResolver.java:55)
[2026-04-02T11:11:42.330+0000] {spark_submit.py:491} INFO - at io.netty.resolver.InetSocketAddressResolver.doResolve(InetSocketAddressResolver.java:31)
[2026-04-02T11:11:42.330+0000] {spark_submit.py:491} INFO - at io.netty.resolver.AbstractAddressResolver.resolve(AbstractAddressResolver.java:106)
[2026-04-02T11:11:42.330+0000] {spark_submit.py:491} INFO - at io.netty.bootstrap.Bootstrap.doResolveAndConnect0(Bootstrap.java:206)
[2026-04-02T11:11:42.331+0000] {spark_submit.py:491} INFO - at io.netty.bootstrap.Bootstrap.access$000(Bootstrap.java:46)
[2026-04-02T11:11:42.331+0000] {spark_submit.py:491} INFO - at io.netty.bootstrap.Bootstrap$1.operationComplete(Bootstrap.java:180)
[2026-04-02T11:11:42.331+0000] {spark_submit.py:491} INFO - at io.netty.bootstrap.Bootstrap$1.operationComplete(Bootstrap.java:166)
[2026-04-02T11:11:42.331+0000] {spark_submit.py:491} INFO - at io.netty.util.concurrent.DefaultPromise.notifyListener0(DefaultPromise.java:578)
[2026-04-02T11:11:42.331+0000] {spark_submit.py:491} INFO - at io.netty.util.concurrent.DefaultPromise.notifyListenersNow(DefaultPromise.java:552)
[2026-04-02T11:11:42.331+0000] {spark_submit.py:491} INFO - at io.netty.util.concurrent.DefaultPromise.notifyListeners(DefaultPromise.java:491)
[2026-04-02T11:11:42.331+0000] {spark_submit.py:491} INFO - at io.netty.util.concurrent.DefaultPromise.setValue0(DefaultPromise.java:616)
[2026-04-02T11:11:42.331+0000] {spark_submit.py:491} INFO - at io.netty.util.concurrent.DefaultPromise.setSuccess0(DefaultPromise.java:605)
[2026-04-02T11:11:42.331+0000] {spark_submit.py:491} INFO - at io.netty.util.concurrent.DefaultPromise.trySuccess(DefaultPromise.java:104)
[2026-04-02T11:11:42.331+0000] {spark_submit.py:491} INFO - at io.netty.channel.DefaultChannelPromise.trySuccess(DefaultChannelPromise.java:84)
[2026-04-02T11:11:42.331+0000] {spark_submit.py:491} INFO - at io.netty.channel.AbstractChannel$AbstractUnsafe.safeSetSuccess(AbstractChannel.java:990)
[2026-04-02T11:11:42.331+0000] {spark_submit.py:491} INFO - at io.netty.channel.AbstractChannel$AbstractUnsafe.register0(AbstractChannel.java:516)
[2026-04-02T11:11:42.332+0000] {spark_submit.py:491} INFO - at io.netty.channel.AbstractChannel$AbstractUnsafe.access$200(AbstractChannel.java:429)
[2026-04-02T11:11:42.332+0000] {spark_submit.py:491} INFO - at io.netty.channel.AbstractChannel$AbstractUnsafe$1.run(AbstractChannel.java:486)
[2026-04-02T11:11:42.332+0000] {spark_submit.py:491} INFO - at io.netty.util.concurrent.AbstractEventExecutor.safeExecute(AbstractEventExecutor.java:164)
[2026-04-02T11:11:42.332+0000] {spark_submit.py:491} INFO - at io.netty.util.concurrent.SingleThreadEventExecutor.runAllTasks(SingleThreadEventExecutor.java:469)
[2026-04-02T11:11:42.332+0000] {spark_submit.py:491} INFO - at io.netty.channel.nio.NioEventLoop.run(NioEventLoop.java:503)
[2026-04-02T11:11:42.332+0000] {spark_submit.py:491} INFO - at io.netty.util.concurrent.SingleThreadEventExecutor$4.run(SingleThreadEventExecutor.java:986)
[2026-04-02T11:11:42.332+0000] {spark_submit.py:491} INFO - at io.netty.util.internal.ThreadExecutorMap$2.run(ThreadExecutorMap.java:74)
[2026-04-02T11:11:42.332+0000] {spark_submit.py:491} INFO - at io.netty.util.concurrent.FastThreadLocalRunnable.run(FastThreadLocalRunnable.java:30)
[2026-04-02T11:11:42.332+0000] {spark_submit.py:491} INFO - ... 1 more
[2026-04-02T11:12:01.990+0000] {spark_submit.py:491} INFO - 26/04/02 11:12:01 INFO StandaloneAppClient$ClientEndpoint: Connecting to master spark://spark-master:7077...
[2026-04-02T11:12:02.002+0000] {spark_submit.py:491} INFO - 26/04/02 11:12:02 WARN StandaloneAppClient$ClientEndpoint: Failed to connect to master spark-master:7077
[2026-04-02T11:12:02.003+0000] {spark_submit.py:491} INFO - org.apache.spark.SparkException: Exception thrown in awaitResult:
[2026-04-02T11:12:02.003+0000] {spark_submit.py:491} INFO - at org.apache.spark.util.ThreadUtils$.awaitResult(ThreadUtils.scala:301)
[2026-04-02T11:12:02.003+0000] {spark_submit.py:491} INFO - at org.apache.spark.rpc.RpcTimeout.awaitResult(RpcTimeout.scala:75)
[2026-04-02T11:12:02.003+0000] {spark_submit.py:491} INFO - at org.apache.spark.rpc.RpcEnv.setupEndpointRefByURI(RpcEnv.scala:102)
[2026-04-02T11:12:02.003+0000] {spark_submit.py:491} INFO - at org.apache.spark.rpc.RpcEnv.setupEndpointRef(RpcEnv.scala:110)
[2026-04-02T11:12:02.003+0000] {spark_submit.py:491} INFO - at org.apache.spark.deploy.client.StandaloneAppClient$ClientEndpoint$$anon$1.run(StandaloneAppClient.scala:107)
[2026-04-02T11:12:02.003+0000] {spark_submit.py:491} INFO - at java.base/java.util.concurrent.Executors$RunnableAdapter.call(Executors.java:515)
[2026-04-02T11:12:02.003+0000] {spark_submit.py:491} INFO - at java.base/java.util.concurrent.FutureTask.run(FutureTask.java:264)
[2026-04-02T11:12:02.003+0000] {spark_submit.py:491} INFO - at java.base/java.util.concurrent.ThreadPoolExecutor.runWorker(ThreadPoolExecutor.java:1128)
[2026-04-02T11:12:02.004+0000] {spark_submit.py:491} INFO - at java.base/java.util.concurrent.ThreadPoolExecutor$Worker.run(ThreadPoolExecutor.java:628)
[2026-04-02T11:12:02.004+0000] {spark_submit.py:491} INFO - at java.base/java.lang.Thread.run(Thread.java:829)
[2026-04-02T11:12:02.004+0000] {spark_submit.py:491} INFO - Caused by: java.io.IOException: Failed to connect to spark-master:7077
[2026-04-02T11:12:02.004+0000] {spark_submit.py:491} INFO - at org.apache.spark.network.client.TransportClientFactory.createClient(TransportClientFactory.java:288)
[2026-04-02T11:12:02.004+0000] {spark_submit.py:491} INFO - at org.apache.spark.network.client.TransportClientFactory.createClient(TransportClientFactory.java:218)
[2026-04-02T11:12:02.004+0000] {spark_submit.py:491} INFO - at org.apache.spark.network.client.TransportClientFactory.createClient(TransportClientFactory.java:230)
[2026-04-02T11:12:02.004+0000] {spark_submit.py:491} INFO - at org.apache.spark.rpc.netty.NettyRpcEnv.createClient(NettyRpcEnv.scala:204)
[2026-04-02T11:12:02.004+0000] {spark_submit.py:491} INFO - at org.apache.spark.rpc.netty.Outbox$$anon$1.call(Outbox.scala:202)
[2026-04-02T11:12:02.004+0000] {spark_submit.py:491} INFO - at org.apache.spark.rpc.netty.Outbox$$anon$1.call(Outbox.scala:198)
[2026-04-02T11:12:02.004+0000] {spark_submit.py:491} INFO - ... 4 more
[2026-04-02T11:12:02.004+0000] {spark_submit.py:491} INFO - Caused by: java.net.UnknownHostException: spark-master
[2026-04-02T11:12:02.004+0000] {spark_submit.py:491} INFO - at java.base/java.net.InetAddress$CachedAddresses.get(InetAddress.java:797)
[2026-04-02T11:12:02.005+0000] {spark_submit.py:491} INFO - at java.base/java.net.InetAddress.getAllByName0(InetAddress.java:1533)
[2026-04-02T11:12:02.005+0000] {spark_submit.py:491} INFO - at java.base/java.net.InetAddress.getAllByName(InetAddress.java:1386)
[2026-04-02T11:12:02.005+0000] {spark_submit.py:491} INFO - at java.base/java.net.InetAddress.getAllByName(InetAddress.java:1307)
[2026-04-02T11:12:02.005+0000] {spark_submit.py:491} INFO - at java.base/java.net.InetAddress.getByName(InetAddress.java:1257)
[2026-04-02T11:12:02.005+0000] {spark_submit.py:491} INFO - at io.netty.util.internal.SocketUtils$8.run(SocketUtils.java:156)
[2026-04-02T11:12:02.005+0000] {spark_submit.py:491} INFO - at io.netty.util.internal.SocketUtils$8.run(SocketUtils.java:153)
[2026-04-02T11:12:02.005+0000] {spark_submit.py:491} INFO - at java.base/java.security.AccessController.doPrivileged(Native Method)
[2026-04-02T11:12:02.005+0000] {spark_submit.py:491} INFO - at io.netty.util.internal.SocketUtils.addressByName(SocketUtils.java:153)
[2026-04-02T11:12:02.005+0000] {spark_submit.py:491} INFO - at io.netty.resolver.DefaultNameResolver.doResolve(DefaultNameResolver.java:41)
[2026-04-02T11:12:02.005+0000] {spark_submit.py:491} INFO - at io.netty.resolver.SimpleNameResolver.resolve(SimpleNameResolver.java:61)
[2026-04-02T11:12:02.005+0000] {spark_submit.py:491} INFO - at io.netty.resolver.SimpleNameResolver.resolve(SimpleNameResolver.java:53)
[2026-04-02T11:12:02.005+0000] {spark_submit.py:491} INFO - at io.netty.resolver.InetSocketAddressResolver.doResolve(InetSocketAddressResolver.java:55)
[2026-04-02T11:12:02.006+0000] {spark_submit.py:491} INFO - at io.netty.resolver.InetSocketAddressResolver.doResolve(InetSocketAddressResolver.java:31)
[2026-04-02T11:12:02.006+0000] {spark_submit.py:491} INFO - at io.netty.resolver.AbstractAddressResolver.resolve(AbstractAddressResolver.java:106)
[2026-04-02T11:12:02.006+0000] {spark_submit.py:491} INFO - at io.netty.bootstrap.Bootstrap.doResolveAndConnect0(Bootstrap.java:206)
[2026-04-02T11:12:02.006+0000] {spark_submit.py:491} INFO - at io.netty.bootstrap.Bootstrap.access$000(Bootstrap.java:46)
[2026-04-02T11:12:02.006+0000] {spark_submit.py:491} INFO - at io.netty.bootstrap.Bootstrap$1.operationComplete(Bootstrap.java:180)
[2026-04-02T11:12:02.006+0000] {spark_submit.py:491} INFO - at io.netty.bootstrap.Bootstrap$1.operationComplete(Bootstrap.java:166)
[2026-04-02T11:12:02.006+0000] {spark_submit.py:491} INFO - at io.netty.util.concurrent.DefaultPromise.notifyListener0(DefaultPromise.java:578)
[2026-04-02T11:12:02.006+0000] {spark_submit.py:491} INFO - at io.netty.util.concurrent.DefaultPromise.notifyListenersNow(DefaultPromise.java:552)
[2026-04-02T11:12:02.006+0000] {spark_submit.py:491} INFO - at io.netty.util.concurrent.DefaultPromise.notifyListeners(DefaultPromise.java:491)
[2026-04-02T11:12:02.006+0000] {spark_submit.py:491} INFO - at io.netty.util.concurrent.DefaultPromise.setValue0(DefaultPromise.java:616)
[2026-04-02T11:12:02.006+0000] {spark_submit.py:491} INFO - at io.netty.util.concurrent.DefaultPromise.setSuccess0(DefaultPromise.java:605)
[2026-04-02T11:12:02.006+0000] {spark_submit.py:491} INFO - at io.netty.util.concurrent.DefaultPromise.trySuccess(DefaultPromise.java:104)
[2026-04-02T11:12:02.007+0000] {spark_submit.py:491} INFO - at io.netty.channel.DefaultChannelPromise.trySuccess(DefaultChannelPromise.java:84)
[2026-04-02T11:12:02.007+0000] {spark_submit.py:491} INFO - at io.netty.channel.AbstractChannel$AbstractUnsafe.safeSetSuccess(AbstractChannel.java:990)
[2026-04-02T11:12:02.007+0000] {spark_submit.py:491} INFO - at io.netty.channel.AbstractChannel$AbstractUnsafe.register0(AbstractChannel.java:516)
[2026-04-02T11:12:02.007+0000] {spark_submit.py:491} INFO - at io.netty.channel.AbstractChannel$AbstractUnsafe.access$200(AbstractChannel.java:429)
[2026-04-02T11:12:02.007+0000] {spark_submit.py:491} INFO - at io.netty.channel.AbstractChannel$AbstractUnsafe$1.run(AbstractChannel.java:486)
[2026-04-02T11:12:02.007+0000] {spark_submit.py:491} INFO - at io.netty.util.concurrent.AbstractEventExecutor.safeExecute(AbstractEventExecutor.java:164)
[2026-04-02T11:12:02.007+0000] {spark_submit.py:491} INFO - at io.netty.util.concurrent.SingleThreadEventExecutor.runAllTasks(SingleThreadEventExecutor.java:469)
[2026-04-02T11:12:02.007+0000] {spark_submit.py:491} INFO - at io.netty.channel.nio.NioEventLoop.run(NioEventLoop.java:503)
[2026-04-02T11:12:02.007+0000] {spark_submit.py:491} INFO - at io.netty.util.concurrent.SingleThreadEventExecutor$4.run(SingleThreadEventExecutor.java:986)
[2026-04-02T11:12:02.007+0000] {spark_submit.py:491} INFO - at io.netty.util.internal.ThreadExecutorMap$2.run(ThreadExecutorMap.java:74)
[2026-04-02T11:12:02.007+0000] {spark_submit.py:491} INFO - at io.netty.util.concurrent.FastThreadLocalRunnable.run(FastThreadLocalRunnable.java:30)
[2026-04-02T11:12:02.007+0000] {spark_submit.py:491} INFO - ... 1 more
[2026-04-02T11:12:21.990+0000] {spark_submit.py:491} INFO - 26/04/02 11:12:21 INFO StandaloneAppClient$ClientEndpoint: Connecting to master spark://spark-master:7077...
[2026-04-02T11:12:21.995+0000] {spark_submit.py:491} INFO - 26/04/02 11:12:21 WARN StandaloneAppClient$ClientEndpoint: Failed to connect to master spark-master:7077
[2026-04-02T11:12:21.995+0000] {spark_submit.py:491} INFO - org.apache.spark.SparkException: Exception thrown in awaitResult:
[2026-04-02T11:12:21.995+0000] {spark_submit.py:491} INFO - at org.apache.spark.util.ThreadUtils$.awaitResult(ThreadUtils.scala:301)
[2026-04-02T11:12:21.995+0000] {spark_submit.py:491} INFO - at org.apache.spark.rpc.RpcTimeout.awaitResult(RpcTimeout.scala:75)
[2026-04-02T11:12:21.995+0000] {spark_submit.py:491} INFO - at org.apache.spark.rpc.RpcEnv.setupEndpointRefByURI(RpcEnv.scala:102)
[2026-04-02T11:12:21.995+0000] {spark_submit.py:491} INFO - at org.apache.spark.rpc.RpcEnv.setupEndpointRef(RpcEnv.scala:110)
[2026-04-02T11:12:21.996+0000] {spark_submit.py:491} INFO - at org.apache.spark.deploy.client.StandaloneAppClient$ClientEndpoint$$anon$1.run(StandaloneAppClient.scala:107)
[2026-04-02T11:12:21.996+0000] {spark_submit.py:491} INFO - at java.base/java.util.concurrent.Executors$RunnableAdapter.call(Executors.java:515)
[2026-04-02T11:12:21.996+0000] {spark_submit.py:491} INFO - at java.base/java.util.concurrent.FutureTask.run(FutureTask.java:264)
[2026-04-02T11:12:21.996+0000] {spark_submit.py:491} INFO - at java.base/java.util.concurrent.ThreadPoolExecutor.runWorker(ThreadPoolExecutor.java:1128)
[2026-04-02T11:12:21.996+0000] {spark_submit.py:491} INFO - at java.base/java.util.concurrent.ThreadPoolExecutor$Worker.run(ThreadPoolExecutor.java:628)
[2026-04-02T11:12:21.996+0000] {spark_submit.py:491} INFO - at java.base/java.lang.Thread.run(Thread.java:829)
[2026-04-02T11:12:21.996+0000] {spark_submit.py:491} INFO - Caused by: java.io.IOException: Failed to connect to spark-master:7077
[2026-04-02T11:12:21.996+0000] {spark_submit.py:491} INFO - at org.apache.spark.network.client.TransportClientFactory.createClient(TransportClientFactory.java:288)
[2026-04-02T11:12:21.996+0000] {spark_submit.py:491} INFO - at org.apache.spark.network.client.TransportClientFactory.createClient(TransportClientFactory.java:218)
[2026-04-02T11:12:21.996+0000] {spark_submit.py:491} INFO - at org.apache.spark.network.client.TransportClientFactory.createClient(TransportClientFactory.java:230)
[2026-04-02T11:12:21.996+0000] {spark_submit.py:491} INFO - at org.apache.spark.rpc.netty.NettyRpcEnv.createClient(NettyRpcEnv.scala:204)
[2026-04-02T11:12:21.996+0000] {spark_submit.py:491} INFO - at org.apache.spark.rpc.netty.Outbox$$anon$1.call(Outbox.scala:202)
[2026-04-02T11:12:21.996+0000] {spark_submit.py:491} INFO - at org.apache.spark.rpc.netty.Outbox$$anon$1.call(Outbox.scala:198)
[2026-04-02T11:12:21.996+0000] {spark_submit.py:491} INFO - ... 4 more
[2026-04-02T11:12:21.996+0000] {spark_submit.py:491} INFO - Caused by: java.net.UnknownHostException: spark-master
[2026-04-02T11:12:21.996+0000] {spark_submit.py:491} INFO - at java.base/java.net.InetAddress$CachedAddresses.get(InetAddress.java:797)
[2026-04-02T11:12:21.996+0000] {spark_submit.py:491} INFO - at java.base/java.net.InetAddress.getAllByName0(InetAddress.java:1533)
[2026-04-02T11:12:21.997+0000] {spark_submit.py:491} INFO - at java.base/java.net.InetAddress.getAllByName(InetAddress.java:1386)
[2026-04-02T11:12:21.997+0000] {spark_submit.py:491} INFO - at java.base/java.net.InetAddress.getAllByName(InetAddress.java:1307)
[2026-04-02T11:12:21.997+0000] {spark_submit.py:491} INFO - at java.base/java.net.InetAddress.getByName(InetAddress.java:1257)
[2026-04-02T11:12:21.997+0000] {spark_submit.py:491} INFO - at io.netty.util.internal.SocketUtils$8.run(SocketUtils.java:156)
[2026-04-02T11:12:21.997+0000] {spark_submit.py:491} INFO - at io.netty.util.internal.SocketUtils$8.run(SocketUtils.java:153)
[2026-04-02T11:12:21.997+0000] {spark_submit.py:491} INFO - at java.base/java.security.AccessController.doPrivileged(Native Method)
[2026-04-02T11:12:21.997+0000] {spark_submit.py:491} INFO - at io.netty.util.internal.SocketUtils.addressByName(SocketUtils.java:153)
[2026-04-02T11:12:21.997+0000] {spark_submit.py:491} INFO - at io.netty.resolver.DefaultNameResolver.doResolve(DefaultNameResolver.java:41)
[2026-04-02T11:12:21.997+0000] {spark_submit.py:491} INFO - at io.netty.resolver.SimpleNameResolver.resolve(SimpleNameResolver.java:61)
[2026-04-02T11:12:21.997+0000] {spark_submit.py:491} INFO - at io.netty.resolver.SimpleNameResolver.resolve(SimpleNameResolver.java:53)
[2026-04-02T11:12:21.997+0000] {spark_submit.py:491} INFO - at io.netty.resolver.InetSocketAddressResolver.doResolve(InetSocketAddressResolver.java:55)
[2026-04-02T11:12:21.997+0000] {spark_submit.py:491} INFO - at io.netty.resolver.InetSocketAddressResolver.doResolve(InetSocketAddressResolver.java:31)
[2026-04-02T11:12:21.997+0000] {spark_submit.py:491} INFO - at io.netty.resolver.AbstractAddressResolver.resolve(AbstractAddressResolver.java:106)
[2026-04-02T11:12:21.997+0000] {spark_submit.py:491} INFO - at io.netty.bootstrap.Bootstrap.doResolveAndConnect0(Bootstrap.java:206)
[2026-04-02T11:12:21.997+0000] {spark_submit.py:491} INFO - at io.netty.bootstrap.Bootstrap.access$000(Bootstrap.java:46)
[2026-04-02T11:12:21.997+0000] {spark_submit.py:491} INFO - at io.netty.bootstrap.Bootstrap$1.operationComplete(Bootstrap.java:180)
[2026-04-02T11:12:21.997+0000] {spark_submit.py:491} INFO - at io.netty.bootstrap.Bootstrap$1.operationComplete(Bootstrap.java:166)
[2026-04-02T11:12:21.998+0000] {spark_submit.py:491} INFO - at io.netty.util.concurrent.DefaultPromise.notifyListener0(DefaultPromise.java:578)
[2026-04-02T11:12:21.998+0000] {spark_submit.py:491} INFO - at io.netty.util.concurrent.DefaultPromise.notifyListenersNow(DefaultPromise.java:552)
[2026-04-02T11:12:21.998+0000] {spark_submit.py:491} INFO - at io.netty.util.concurrent.DefaultPromise.notifyListeners(DefaultPromise.java:491)
[2026-04-02T11:12:21.998+0000] {spark_submit.py:491} INFO - at io.netty.util.concurrent.DefaultPromise.setValue0(DefaultPromise.java:616)
[2026-04-02T11:12:21.998+0000] {spark_submit.py:491} INFO - at io.netty.util.concurrent.DefaultPromise.setSuccess0(DefaultPromise.java:605)
[2026-04-02T11:12:21.998+0000] {spark_submit.py:491} INFO - at io.netty.util.concurrent.DefaultPromise.trySuccess(DefaultPromise.java:104)
[2026-04-02T11:12:21.998+0000] {spark_submit.py:491} INFO - at io.netty.channel.DefaultChannelPromise.trySuccess(DefaultChannelPromise.java:84)
[2026-04-02T11:12:21.998+0000] {spark_submit.py:491} INFO - at io.netty.channel.AbstractChannel$AbstractUnsafe.safeSetSuccess(AbstractChannel.java:990)
[2026-04-02T11:12:21.998+0000] {spark_submit.py:491} INFO - at io.netty.channel.AbstractChannel$AbstractUnsafe.register0(AbstractChannel.java:516)
[2026-04-02T11:12:21.998+0000] {spark_submit.py:491} INFO - at io.netty.channel.AbstractChannel$AbstractUnsafe.access$200(AbstractChannel.java:429)
[2026-04-02T11:12:21.998+0000] {spark_submit.py:491} INFO - at io.netty.channel.AbstractChannel$AbstractUnsafe$1.run(AbstractChannel.java:486)
[2026-04-02T11:12:21.998+0000] {spark_submit.py:491} INFO - at io.netty.util.concurrent.AbstractEventExecutor.safeExecute(AbstractEventExecutor.java:164)
[2026-04-02T11:12:21.998+0000] {spark_submit.py:491} INFO - at io.netty.util.concurrent.SingleThreadEventExecutor.runAllTasks(SingleThreadEventExecutor.java:469)
[2026-04-02T11:12:21.998+0000] {spark_submit.py:491} INFO - at io.netty.channel.nio.NioEventLoop.run(NioEventLoop.java:503)
[2026-04-02T11:12:21.998+0000] {spark_submit.py:491} INFO - at io.netty.util.concurrent.SingleThreadEventExecutor$4.run(SingleThreadEventExecutor.java:986)
[2026-04-02T11:12:21.998+0000] {spark_submit.py:491} INFO - at io.netty.util.internal.ThreadExecutorMap$2.run(ThreadExecutorMap.java:74)
[2026-04-02T11:12:21.998+0000] {spark_submit.py:491} INFO - at io.netty.util.concurrent.FastThreadLocalRunnable.run(FastThreadLocalRunnable.java:30)
[2026-04-02T11:12:21.999+0000] {spark_submit.py:491} INFO - ... 1 more
[2026-04-02T11:12:42.008+0000] {spark_submit.py:491} INFO - 26/04/02 11:12:41 ERROR StandaloneSchedulerBackend: Application has been killed. Reason: All masters are unresponsive! Giving up.
[2026-04-02T11:12:42.095+0000] {spark_submit.py:491} INFO - 26/04/02 11:12:42 WARN StandaloneSchedulerBackend: Application ID is not initialized yet.
[2026-04-02T11:12:42.124+0000] {spark_submit.py:491} INFO - 26/04/02 11:12:42 INFO Utils: Successfully started service 'org.apache.spark.network.netty.NettyBlockTransferService' on port 36147.
[2026-04-02T11:12:42.127+0000] {spark_submit.py:491} INFO - 26/04/02 11:12:42 INFO NettyBlockTransferService: Server created on 5926004790ec:36147
[2026-04-02T11:12:42.156+0000] {spark_submit.py:491} INFO - 26/04/02 11:12:42 INFO BlockManager: Using org.apache.spark.storage.RandomBlockReplicationPolicy for block replication policy
[2026-04-02T11:12:42.232+0000] {spark_submit.py:491} INFO - 26/04/02 11:12:42 INFO SparkUI: Stopped Spark web UI at http://5926004790ec:4048
[2026-04-02T11:12:42.242+0000] {spark_submit.py:491} INFO - 26/04/02 11:12:42 INFO BlockManagerMaster: Registering BlockManager BlockManagerId(driver, 5926004790ec, 36147, None)
[2026-04-02T11:12:42.249+0000] {spark_submit.py:491} INFO - 26/04/02 11:12:42 INFO BlockManagerMasterEndpoint: Registering block manager 5926004790ec:36147 with 434.4 MiB RAM, BlockManagerId(driver, 5926004790ec, 36147, None)
[2026-04-02T11:12:42.251+0000] {spark_submit.py:491} INFO - 26/04/02 11:12:42 INFO BlockManagerMaster: Registered BlockManager BlockManagerId(driver, 5926004790ec, 36147, None)
[2026-04-02T11:12:42.265+0000] {spark_submit.py:491} INFO - 26/04/02 11:12:42 INFO BlockManager: Initialized BlockManager: BlockManagerId(driver, 5926004790ec, 36147, None)
[2026-04-02T11:12:42.320+0000] {spark_submit.py:491} INFO - 26/04/02 11:12:42 INFO StandaloneSchedulerBackend: Shutting down all executors
[2026-04-02T11:12:42.327+0000] {spark_submit.py:491} INFO - 26/04/02 11:12:42 INFO CoarseGrainedSchedulerBackend$DriverEndpoint: Asking each executor to shut down
[2026-04-02T11:12:42.405+0000] {spark_submit.py:491} INFO - 26/04/02 11:12:42 WARN StandaloneAppClient$ClientEndpoint: Drop UnregisterApplication(null) because has not yet connected to master
[2026-04-02T11:12:42.926+0000] {spark_submit.py:491} INFO - 26/04/02 11:12:42 INFO MapOutputTrackerMasterEndpoint: MapOutputTrackerMasterEndpoint stopped!
[2026-04-02T11:12:43.477+0000] {spark_submit.py:491} INFO - 26/04/02 11:12:43 INFO MemoryStore: MemoryStore cleared
[2026-04-02T11:12:43.485+0000] {spark_submit.py:491} INFO - 26/04/02 11:12:43 INFO BlockManager: BlockManager stopped
[2026-04-02T11:12:43.899+0000] {spark_submit.py:491} INFO - 26/04/02 11:12:43 INFO BlockManagerMaster: BlockManagerMaster stopped
[2026-04-02T11:12:43.927+0000] {spark_submit.py:491} INFO - 26/04/02 11:12:43 INFO OutputCommitCoordinator$OutputCommitCoordinatorEndpoint: OutputCommitCoordinator stopped!
[2026-04-02T11:12:44.529+0000] {spark_submit.py:491} INFO - 26/04/02 11:12:44 INFO SparkContext: Successfully stopped SparkContext
[2026-04-02T11:12:46.540+0000] {spark_submit.py:491} INFO - 26/04/02 11:12:46 ERROR AsyncEventQueue: Listener AppStatusListener threw an exception
[2026-04-02T11:12:46.540+0000] {spark_submit.py:491} INFO - java.lang.NullPointerException
[2026-04-02T11:12:46.540+0000] {spark_submit.py:491} INFO - at org.apache.spark.status.AppStatusListener.onApplicationEnd(AppStatusListener.scala:192)
[2026-04-02T11:12:46.540+0000] {spark_submit.py:491} INFO - at org.apache.spark.scheduler.SparkListenerBus.doPostEvent(SparkListenerBus.scala:57)
[2026-04-02T11:12:46.540+0000] {spark_submit.py:491} INFO - at org.apache.spark.scheduler.SparkListenerBus.doPostEvent$(SparkListenerBus.scala:28)
[2026-04-02T11:12:46.540+0000] {spark_submit.py:491} INFO - at org.apache.spark.scheduler.AsyncEventQueue.doPostEvent(AsyncEventQueue.scala:37)
[2026-04-02T11:12:46.541+0000] {spark_submit.py:491} INFO - at org.apache.spark.scheduler.AsyncEventQueue.doPostEvent(AsyncEventQueue.scala:37)
[2026-04-02T11:12:46.541+0000] {spark_submit.py:491} INFO - at org.apache.spark.util.ListenerBus.postToAll(ListenerBus.scala:117)
[2026-04-02T11:12:46.541+0000] {spark_submit.py:491} INFO - at org.apache.spark.util.ListenerBus.postToAll$(ListenerBus.scala:101)
[2026-04-02T11:12:46.541+0000] {spark_submit.py:491} INFO - at org.apache.spark.scheduler.AsyncEventQueue.super$postToAll(AsyncEventQueue.scala:105)
[2026-04-02T11:12:46.541+0000] {spark_submit.py:491} INFO - at org.apache.spark.scheduler.AsyncEventQueue.$anonfun$dispatch$1(AsyncEventQueue.scala:105)
[2026-04-02T11:12:46.541+0000] {spark_submit.py:491} INFO - at scala.runtime.java8.JFunction0$mcJ$sp.apply(JFunction0$mcJ$sp.java:23)
[2026-04-02T11:12:46.541+0000] {spark_submit.py:491} INFO - at scala.util.DynamicVariable.withValue(DynamicVariable.scala:62)
[2026-04-02T11:12:46.541+0000] {spark_submit.py:491} INFO - at org.apache.spark.scheduler.AsyncEventQueue.org$apache$spark$scheduler$AsyncEventQueue$$dispatch(AsyncEventQueue.scala:100)
[2026-04-02T11:12:46.541+0000] {spark_submit.py:491} INFO - at org.apache.spark.scheduler.AsyncEventQueue$$anon$2.$anonfun$run$1(AsyncEventQueue.scala:96)
[2026-04-02T11:12:46.541+0000] {spark_submit.py:491} INFO - at org.apache.spark.util.Utils$.tryOrStopSparkContext(Utils.scala:1446)
[2026-04-02T11:12:46.541+0000] {spark_submit.py:491} INFO - at org.apache.spark.scheduler.AsyncEventQueue$$anon$2.run(AsyncEventQueue.scala:96)
[2026-04-02T11:12:46.710+0000] {spark_submit.py:491} INFO - 26/04/02 11:12:46 ERROR SparkContext: Error initializing SparkContext.
[2026-04-02T11:12:46.710+0000] {spark_submit.py:491} INFO - java.lang.IllegalArgumentException: requirement failed: Can only call getServletHandlers on a running MetricsSystem
[2026-04-02T11:12:46.710+0000] {spark_submit.py:491} INFO - at scala.Predef$.require(Predef.scala:281)
[2026-04-02T11:12:46.710+0000] {spark_submit.py:491} INFO - at org.apache.spark.metrics.MetricsSystem.getServletHandlers(MetricsSystem.scala:89)
[2026-04-02T11:12:46.711+0000] {spark_submit.py:491} INFO - at org.apache.spark.SparkContext.<init>(SparkContext.scala:660)
[2026-04-02T11:12:46.711+0000] {spark_submit.py:491} INFO - at org.apache.spark.api.java.JavaSparkContext.<init>(JavaSparkContext.scala:58)
[2026-04-02T11:12:46.711+0000] {spark_submit.py:491} INFO - at java.base/jdk.internal.reflect.NativeConstructorAccessorImpl.newInstance0(Native Method)
[2026-04-02T11:12:46.711+0000] {spark_submit.py:491} INFO - at java.base/jdk.internal.reflect.NativeConstructorAccessorImpl.newInstance(NativeConstructorAccessorImpl.java:62)
[2026-04-02T11:12:46.711+0000] {spark_submit.py:491} INFO - at java.base/jdk.internal.reflect.DelegatingConstructorAccessorImpl.newInstance(DelegatingConstructorAccessorImpl.java:45)
[2026-04-02T11:12:46.711+0000] {spark_submit.py:491} INFO - at java.base/java.lang.reflect.Constructor.newInstance(Constructor.java:490)
[2026-04-02T11:12:46.711+0000] {spark_submit.py:491} INFO - at py4j.reflection.MethodInvoker.invoke(MethodInvoker.java:247)
[2026-04-02T11:12:46.711+0000] {spark_submit.py:491} INFO - at py4j.reflection.ReflectionEngine.invoke(ReflectionEngine.java:357)
[2026-04-02T11:12:46.711+0000] {spark_submit.py:491} INFO - at py4j.Gateway.invoke(Gateway.java:238)
[2026-04-02T11:12:46.711+0000] {spark_submit.py:491} INFO - at py4j.commands.ConstructorCommand.invokeConstructor(ConstructorCommand.java:80)
[2026-04-02T11:12:46.712+0000] {spark_submit.py:491} INFO - at py4j.commands.ConstructorCommand.execute(ConstructorCommand.java:69)
[2026-04-02T11:12:46.712+0000] {spark_submit.py:491} INFO - at py4j.ClientServerConnection.waitForCommands(ClientServerConnection.java:182)
[2026-04-02T11:12:46.712+0000] {spark_submit.py:491} INFO - at py4j.ClientServerConnection.run(ClientServerConnection.java:106)
[2026-04-02T11:12:46.712+0000] {spark_submit.py:491} INFO - at java.base/java.lang.Thread.run(Thread.java:829)
[2026-04-02T11:12:46.720+0000] {spark_submit.py:491} INFO - 26/04/02 11:12:46 INFO SparkContext: SparkContext already stopped.
[2026-04-02T11:12:46.720+0000] {spark_submit.py:491} INFO - Traceback (most recent call last):
[2026-04-02T11:12:46.720+0000] {spark_submit.py:491} INFO - File "/opt/airflow/etl/silver/main_silver.py", line 43, in <module>
[2026-04-02T11:12:46.720+0000] {spark_submit.py:491} INFO - spark = build_spark_session(SparkSession)
[2026-04-02T11:12:46.720+0000] {spark_submit.py:491} INFO - File "/opt/airflow/etl/silver/main_silver.py", line 16, in build_spark_session
[2026-04-02T11:12:46.720+0000] {spark_submit.py:491} INFO - .getOrCreate())
[2026-04-02T11:12:46.725+0000] {spark_submit.py:491} INFO - File "/home/airflow/.local/lib/python3.10/site-packages/pyspark/python/lib/pyspark.zip/pyspark/sql/session.py", line 269, in getOrCreate
[2026-04-02T11:12:46.727+0000] {spark_submit.py:491} INFO - File "/home/airflow/.local/lib/python3.10/site-packages/pyspark/python/lib/pyspark.zip/pyspark/context.py", line 483, in getOrCreate
[2026-04-02T11:12:46.731+0000] {spark_submit.py:491} INFO - File "/home/airflow/.local/lib/python3.10/site-packages/pyspark/python/lib/pyspark.zip/pyspark/context.py", line 197, in __init__
[2026-04-02T11:12:46.731+0000] {spark_submit.py:491} INFO - File "/home/airflow/.local/lib/python3.10/site-packages/pyspark/python/lib/pyspark.zip/pyspark/context.py", line 282, in _do_init
[2026-04-02T11:12:46.731+0000] {spark_submit.py:491} INFO - File "/home/airflow/.local/lib/python3.10/site-packages/pyspark/python/lib/pyspark.zip/pyspark/context.py", line 402, in _initialize_context
[2026-04-02T11:12:46.734+0000] {spark_submit.py:491} INFO - File "/home/airflow/.local/lib/python3.10/site-packages/pyspark/python/lib/py4j-0.10.9.5-src.zip/py4j/java_gateway.py", line 1585, in __call__
[2026-04-02T11:12:46.734+0000] {spark_submit.py:491} INFO - File "/home/airflow/.local/lib/python3.10/site-packages/pyspark/python/lib/py4j-0.10.9.5-src.zip/py4j/protocol.py", line 326, in get_return_value
[2026-04-02T11:12:46.734+0000] {spark_submit.py:491} INFO - py4j.protocol.Py4JJavaError: An error occurred while calling None.org.apache.spark.api.java.JavaSparkContext.
[2026-04-02T11:12:46.734+0000] {spark_submit.py:491} INFO - : java.lang.IllegalArgumentException: requirement failed: Can only call getServletHandlers on a running MetricsSystem
[2026-04-02T11:12:46.734+0000] {spark_submit.py:491} INFO - at scala.Predef$.require(Predef.scala:281)
[2026-04-02T11:12:46.734+0000] {spark_submit.py:491} INFO - at org.apache.spark.metrics.MetricsSystem.getServletHandlers(MetricsSystem.scala:89)
[2026-04-02T11:12:46.734+0000] {spark_submit.py:491} INFO - at org.apache.spark.SparkContext.<init>(SparkContext.scala:660)
[2026-04-02T11:12:46.735+0000] {spark_submit.py:491} INFO - at org.apache.spark.api.java.JavaSparkContext.<init>(JavaSparkContext.scala:58)
[2026-04-02T11:12:46.735+0000] {spark_submit.py:491} INFO - at java.base/jdk.internal.reflect.NativeConstructorAccessorImpl.newInstance0(Native Method)
[2026-04-02T11:12:46.735+0000] {spark_submit.py:491} INFO - at java.base/jdk.internal.reflect.NativeConstructorAccessorImpl.newInstance(NativeConstructorAccessorImpl.java:62)
[2026-04-02T11:12:46.735+0000] {spark_submit.py:491} INFO - at java.base/jdk.internal.reflect.DelegatingConstructorAccessorImpl.newInstance(DelegatingConstructorAccessorImpl.java:45)
[2026-04-02T11:12:46.735+0000] {spark_submit.py:491} INFO - at java.base/java.lang.reflect.Constructor.newInstance(Constructor.java:490)
[2026-04-02T11:12:46.735+0000] {spark_submit.py:491} INFO - at py4j.reflection.MethodInvoker.invoke(MethodInvoker.java:247)
[2026-04-02T11:12:46.735+0000] {spark_submit.py:491} INFO - at py4j.reflection.ReflectionEngine.invoke(ReflectionEngine.java:357)
[2026-04-02T11:12:46.735+0000] {spark_submit.py:491} INFO - at py4j.Gateway.invoke(Gateway.java:238)
[2026-04-02T11:12:46.735+0000] {spark_submit.py:491} INFO - at py4j.commands.ConstructorCommand.invokeConstructor(ConstructorCommand.java:80)
[2026-04-02T11:12:46.735+0000] {spark_submit.py:491} INFO - at py4j.commands.ConstructorCommand.execute(ConstructorCommand.java:69)
[2026-04-02T11:12:46.737+0000] {spark_submit.py:491} INFO - at py4j.ClientServerConnection.waitForCommands(ClientServerConnection.java:182)
[2026-04-02T11:12:46.738+0000] {spark_submit.py:491} INFO - at py4j.ClientServerConnection.run(ClientServerConnection.java:106)
[2026-04-02T11:12:46.739+0000] {spark_submit.py:491} INFO - at java.base/java.lang.Thread.run(Thread.java:829)
[2026-04-02T11:12:46.740+0000] {spark_submit.py:491} INFO - 
[2026-04-02T11:12:46.740+0000] {spark_submit.py:491} INFO - INFO:py4j.clientserver:Closing down clientserver connection
[2026-04-02T11:12:46.970+0000] {spark_submit.py:491} INFO - 26/04/02 11:12:46 INFO ShutdownHookManager: Shutdown hook called
[2026-04-02T11:12:46.990+0000] {spark_submit.py:491} INFO - 26/04/02 11:12:46 INFO ShutdownHookManager: Deleting directory /tmp/spark-b2e4e5fb-dd6e-4be6-a467-a37532ba4450
[2026-04-02T11:12:47.016+0000] {spark_submit.py:491} INFO - 26/04/02 11:12:47 INFO ShutdownHookManager: Deleting directory /tmp/spark-2ce443f0-cd04-4f71-aa48-59b83a058565
[2026-04-02T11:12:47.204+0000] {taskinstance.py:1937} ERROR - Task failed with exception
Traceback (most recent call last):
  File "/home/airflow/.local/lib/python3.10/site-packages/airflow/providers/apache/spark/operators/spark_submit.py", line 156, in execute
    self._hook.submit(self._application)
  File "/home/airflow/.local/lib/python3.10/site-packages/airflow/providers/apache/spark/hooks/spark_submit.py", line 422, in submit
    raise AirflowException(
airflow.exceptions.AirflowException: Cannot execute: spark-submit --master spark://spark-master:7077 --executor-cores 1 --executor-memory 1g --driver-memory 1g --name airflow_silver_order_items /opt/airflow/etl/silver/main_silver.py --table_name order_items --merge_key order_item_id --is_cdc true --json_schema order_id STRING, order_item_id STRING, product_id STRING, seller_id STRING, shipping_limit_date STRING, price STRING, freight_value STRING. Error code is: 1.
[2026-04-02T11:12:47.222+0000] {taskinstance.py:1400} INFO - Marking task as FAILED. dag_id=silver_spark_processor, task_id=process_silver_order_items, execution_date=20260401T000000, start_date=20260402T111117, end_date=20260402T111247
[2026-04-02T11:12:47.276+0000] {standard_task_runner.py:104} ERROR - Failed to execute job 269 for task process_silver_order_items (Cannot execute: spark-submit --master spark://spark-master:7077 --executor-cores 1 --executor-memory 1g --driver-memory 1g --name airflow_silver_order_items /opt/airflow/etl/silver/main_silver.py --table_name order_items --merge_key order_item_id --is_cdc true --json_schema order_id STRING, order_item_id STRING, product_id STRING, seller_id STRING, shipping_limit_date STRING, price STRING, freight_value STRING. Error code is: 1.; 193)
[2026-04-02T11:12:47.326+0000] {local_task_job_runner.py:228} INFO - Task exited with return code 1
[2026-04-02T11:12:47.468+0000] {taskinstance.py:2778} INFO - 0 downstream tasks scheduled from follow-on schedule check
