[2026-04-02T10:23:38.026+0000] {taskinstance.py:1159} INFO - Dependencies all met for dep_context=non-requeueable deps ti=<TaskInstance: bronze_mysql_to_minio.extract_geolocation manual__2026-04-02T04:00:07.771225+00:00 [queued]>
[2026-04-02T10:23:38.051+0000] {taskinstance.py:1159} INFO - Dependencies all met for dep_context=requeueable deps ti=<TaskInstance: bronze_mysql_to_minio.extract_geolocation manual__2026-04-02T04:00:07.771225+00:00 [queued]>
[2026-04-02T10:23:38.052+0000] {taskinstance.py:1361} INFO - Starting attempt 4 of 4
[2026-04-02T10:23:38.083+0000] {taskinstance.py:1382} INFO - Executing <Task(PythonOperator): extract_geolocation> on 2026-04-02 04:00:07.771225+00:00
[2026-04-02T10:23:38.143+0000] {standard_task_runner.py:57} INFO - Started process 227 to run task
[2026-04-02T10:23:38.170+0000] {standard_task_runner.py:84} INFO - Running: ['airflow', 'tasks', 'run', 'bronze_mysql_to_minio', 'extract_geolocation', 'manual__2026-04-02T04:00:07.771225+00:00', '--job-id', '153', '--raw', '--subdir', 'DAGS_FOLDER/bronze_dag.py', '--cfg-path', '/tmp/tmpnzj07_qc']
[2026-04-02T10:23:38.175+0000] {standard_task_runner.py:85} INFO - Job 153: Subtask extract_geolocation
[2026-04-02T10:23:38.591+0000] {task_command.py:416} INFO - Running <TaskInstance: bronze_mysql_to_minio.extract_geolocation manual__2026-04-02T04:00:07.771225+00:00 [running]> on host 1115d2cb4d12
[2026-04-02T10:23:39.038+0000] {taskinstance.py:1662} INFO - Exporting env vars: AIRFLOW_CTX_DAG_OWNER='data-team' AIRFLOW_CTX_DAG_ID='bronze_mysql_to_minio' AIRFLOW_CTX_TASK_ID='extract_geolocation' AIRFLOW_CTX_EXECUTION_DATE='2026-04-02T04:00:07.771225+00:00' AIRFLOW_CTX_TRY_NUMBER='4' AIRFLOW_CTX_DAG_RUN_ID='manual__2026-04-02T04:00:07.771225+00:00'
[2026-04-02T10:23:39.071+0000] {extract_mysql.py:32} INFO - [geolocation] Full Load | Query: SELECT * FROM geolocation;
[2026-04-02T10:24:10.184+0000] {extract_mysql.py:35} INFO - [geolocation] Đã đọc: 738332 dòng x 7 cột
[2026-04-02T10:24:10.450+0000] {taskinstance.py:1937} ERROR - Task failed with exception
Traceback (most recent call last):
  File "/opt/airflow/etl/utils/minio_client.py", line 61, in save
    self._client.fput_object(self._bucket, object_key, tmp_path)
  File "/home/airflow/.local/lib/python3.10/site-packages/minio/api.py", line 992, in fput_object
    file_size = os.stat(file_path).st_size
FileNotFoundError: [Errno 2] No such file or directory: '/tmp/file_bronze_olist_geolocation_20260402102410.parquet'

During handling of the above exception, another exception occurred:

Traceback (most recent call last):
  File "/home/airflow/.local/lib/python3.10/site-packages/airflow/operators/python.py", line 192, in execute
    return_value = self.execute_callable()
  File "/home/airflow/.local/lib/python3.10/site-packages/airflow/operators/python.py", line 209, in execute_callable
    return self.python_callable(*self.op_args, **self.op_kwargs)
  File "/opt/airflow/dags/bronze_dag.py", line 58, in _run
    metadata = extract_fn(mysql, minio, logical_date=logical_date)
  File "/opt/airflow/etl/bronze/extract_mysql.py", line 97, in extract_geolocation
    return _extract_full_load(mysql, minio, "geolocation", "olist", logical_date=logical_date)
  File "/opt/airflow/etl/bronze/extract_mysql.py", line 37, in _extract_full_load
    object_key = minio.save(df, layer=LAYER, schema=schema, table=table_name, logical_date=logical_date)
  File "/opt/airflow/etl/utils/minio_client.py", line 64, in save
    raise Exception(f"Error saving to MinIO [{object_key}]: {e}")
Exception: Error saving to MinIO [bronze/olist/geolocation/year=2026/month=04/day=02/geolocation_20260402_000000.parquet]: [Errno 2] No such file or directory: '/tmp/file_bronze_olist_geolocation_20260402102410.parquet'
[2026-04-02T10:24:10.466+0000] {taskinstance.py:1400} INFO - Marking task as FAILED. dag_id=bronze_mysql_to_minio, task_id=extract_geolocation, execution_date=20260402T040007, start_date=20260402T102338, end_date=20260402T102410
[2026-04-02T10:24:10.503+0000] {standard_task_runner.py:104} ERROR - Failed to execute job 153 for task extract_geolocation (Error saving to MinIO [bronze/olist/geolocation/year=2026/month=04/day=02/geolocation_20260402_000000.parquet]: [Errno 2] No such file or directory: '/tmp/file_bronze_olist_geolocation_20260402102410.parquet'; 227)
[2026-04-02T10:24:10.592+0000] {local_task_job_runner.py:228} INFO - Task exited with return code 1
[2026-04-02T10:24:10.643+0000] {taskinstance.py:2778} INFO - 0 downstream tasks scheduled from follow-on schedule check
