[2026-04-05T05:42:32.737+0000] {processor.py:157} INFO - Started process (PID=170) to work on /opt/airflow/dags/bronze_dag.py
[2026-04-05T05:42:32.738+0000] {processor.py:829} INFO - Processing file /opt/airflow/dags/bronze_dag.py for tasks to queue
[2026-04-05T05:42:32.739+0000] {logging_mixin.py:151} INFO - [2026-04-05T05:42:32.739+0000] {dagbag.py:536} INFO - Filling up the DagBag from /opt/airflow/dags/bronze_dag.py
[2026-04-05T05:42:33.399+0000] {processor.py:839} INFO - DAG(s) dict_keys(['bronze_mysql_to_minio']) retrieved from /opt/airflow/dags/bronze_dag.py
[2026-04-05T05:42:33.460+0000] {logging_mixin.py:151} INFO - [2026-04-05T05:42:33.459+0000] {dag.py:2941} INFO - Sync 1 DAGs
[2026-04-05T05:42:33.506+0000] {logging_mixin.py:151} INFO - [2026-04-05T05:42:33.506+0000] {dag.py:3722} INFO - Setting next_dagrun for bronze_mysql_to_minio to 2027-01-05T00:00:00+00:00, run_after=2027-01-06T00:00:00+00:00
[2026-04-05T05:42:33.542+0000] {processor.py:179} INFO - Processing /opt/airflow/dags/bronze_dag.py took 0.809 seconds
[2026-04-05T05:43:03.991+0000] {processor.py:157} INFO - Started process (PID=184) to work on /opt/airflow/dags/bronze_dag.py
[2026-04-05T05:43:04.000+0000] {processor.py:829} INFO - Processing file /opt/airflow/dags/bronze_dag.py for tasks to queue
[2026-04-05T05:43:04.002+0000] {logging_mixin.py:151} INFO - [2026-04-05T05:43:04.001+0000] {dagbag.py:536} INFO - Filling up the DagBag from /opt/airflow/dags/bronze_dag.py
[2026-04-05T05:43:04.316+0000] {processor.py:839} INFO - DAG(s) dict_keys(['bronze_mysql_to_minio']) retrieved from /opt/airflow/dags/bronze_dag.py
[2026-04-05T05:43:04.347+0000] {logging_mixin.py:151} INFO - [2026-04-05T05:43:04.347+0000] {dag.py:2941} INFO - Sync 1 DAGs
[2026-04-05T05:43:04.374+0000] {logging_mixin.py:151} INFO - [2026-04-05T05:43:04.374+0000] {dag.py:3722} INFO - Setting next_dagrun for bronze_mysql_to_minio to 2027-01-05T00:00:00+00:00, run_after=2027-01-06T00:00:00+00:00
[2026-04-05T05:43:04.403+0000] {processor.py:179} INFO - Processing /opt/airflow/dags/bronze_dag.py took 0.415 seconds
[2026-04-05T05:43:35.246+0000] {processor.py:157} INFO - Started process (PID=195) to work on /opt/airflow/dags/bronze_dag.py
[2026-04-05T05:43:35.247+0000] {processor.py:829} INFO - Processing file /opt/airflow/dags/bronze_dag.py for tasks to queue
[2026-04-05T05:43:35.248+0000] {logging_mixin.py:151} INFO - [2026-04-05T05:43:35.247+0000] {dagbag.py:536} INFO - Filling up the DagBag from /opt/airflow/dags/bronze_dag.py
[2026-04-05T05:43:35.602+0000] {processor.py:839} INFO - DAG(s) dict_keys(['bronze_mysql_to_minio']) retrieved from /opt/airflow/dags/bronze_dag.py
[2026-04-05T05:43:35.634+0000] {logging_mixin.py:151} INFO - [2026-04-05T05:43:35.634+0000] {dag.py:2941} INFO - Sync 1 DAGs
[2026-04-05T05:43:35.658+0000] {logging_mixin.py:151} INFO - [2026-04-05T05:43:35.658+0000] {dag.py:3722} INFO - Setting next_dagrun for bronze_mysql_to_minio to 2027-01-05T00:00:00+00:00, run_after=2027-01-06T00:00:00+00:00
[2026-04-05T05:43:35.675+0000] {processor.py:179} INFO - Processing /opt/airflow/dags/bronze_dag.py took 0.433 seconds
[2026-04-05T05:44:06.488+0000] {processor.py:157} INFO - Started process (PID=206) to work on /opt/airflow/dags/bronze_dag.py
[2026-04-05T05:44:06.497+0000] {processor.py:829} INFO - Processing file /opt/airflow/dags/bronze_dag.py for tasks to queue
[2026-04-05T05:44:06.498+0000] {logging_mixin.py:151} INFO - [2026-04-05T05:44:06.497+0000] {dagbag.py:536} INFO - Filling up the DagBag from /opt/airflow/dags/bronze_dag.py
[2026-04-05T05:44:06.815+0000] {processor.py:839} INFO - DAG(s) dict_keys(['bronze_mysql_to_minio']) retrieved from /opt/airflow/dags/bronze_dag.py
[2026-04-05T05:44:06.845+0000] {logging_mixin.py:151} INFO - [2026-04-05T05:44:06.845+0000] {dag.py:2941} INFO - Sync 1 DAGs
[2026-04-05T05:44:06.867+0000] {logging_mixin.py:151} INFO - [2026-04-05T05:44:06.867+0000] {dag.py:3722} INFO - Setting next_dagrun for bronze_mysql_to_minio to 2027-01-05T00:00:00+00:00, run_after=2027-01-06T00:00:00+00:00
[2026-04-05T05:44:06.893+0000] {processor.py:179} INFO - Processing /opt/airflow/dags/bronze_dag.py took 0.408 seconds
[2026-04-05T05:44:37.734+0000] {processor.py:157} INFO - Started process (PID=217) to work on /opt/airflow/dags/bronze_dag.py
[2026-04-05T05:44:37.735+0000] {processor.py:829} INFO - Processing file /opt/airflow/dags/bronze_dag.py for tasks to queue
[2026-04-05T05:44:37.735+0000] {logging_mixin.py:151} INFO - [2026-04-05T05:44:37.735+0000] {dagbag.py:536} INFO - Filling up the DagBag from /opt/airflow/dags/bronze_dag.py
[2026-04-05T05:44:38.086+0000] {processor.py:839} INFO - DAG(s) dict_keys(['bronze_mysql_to_minio']) retrieved from /opt/airflow/dags/bronze_dag.py
[2026-04-05T05:44:38.118+0000] {logging_mixin.py:151} INFO - [2026-04-05T05:44:38.118+0000] {dag.py:2941} INFO - Sync 1 DAGs
[2026-04-05T05:44:38.145+0000] {logging_mixin.py:151} INFO - [2026-04-05T05:44:38.145+0000] {dag.py:3722} INFO - Setting next_dagrun for bronze_mysql_to_minio to 2027-01-05T00:00:00+00:00, run_after=2027-01-06T00:00:00+00:00
[2026-04-05T05:44:38.172+0000] {processor.py:179} INFO - Processing /opt/airflow/dags/bronze_dag.py took 0.441 seconds
[2026-04-05T05:45:08.983+0000] {processor.py:157} INFO - Started process (PID=228) to work on /opt/airflow/dags/bronze_dag.py
[2026-04-05T05:45:08.992+0000] {processor.py:829} INFO - Processing file /opt/airflow/dags/bronze_dag.py for tasks to queue
[2026-04-05T05:45:08.993+0000] {logging_mixin.py:151} INFO - [2026-04-05T05:45:08.993+0000] {dagbag.py:536} INFO - Filling up the DagBag from /opt/airflow/dags/bronze_dag.py
[2026-04-05T05:45:09.298+0000] {processor.py:839} INFO - DAG(s) dict_keys(['bronze_mysql_to_minio']) retrieved from /opt/airflow/dags/bronze_dag.py
[2026-04-05T05:45:09.330+0000] {logging_mixin.py:151} INFO - [2026-04-05T05:45:09.330+0000] {dag.py:2941} INFO - Sync 1 DAGs
[2026-04-05T05:45:09.357+0000] {logging_mixin.py:151} INFO - [2026-04-05T05:45:09.356+0000] {dag.py:3722} INFO - Setting next_dagrun for bronze_mysql_to_minio to 2027-01-05T00:00:00+00:00, run_after=2027-01-06T00:00:00+00:00
[2026-04-05T05:45:09.382+0000] {processor.py:179} INFO - Processing /opt/airflow/dags/bronze_dag.py took 0.401 seconds
[2026-04-05T05:45:40.229+0000] {processor.py:157} INFO - Started process (PID=239) to work on /opt/airflow/dags/bronze_dag.py
[2026-04-05T05:45:40.238+0000] {processor.py:829} INFO - Processing file /opt/airflow/dags/bronze_dag.py for tasks to queue
[2026-04-05T05:45:40.239+0000] {logging_mixin.py:151} INFO - [2026-04-05T05:45:40.238+0000] {dagbag.py:536} INFO - Filling up the DagBag from /opt/airflow/dags/bronze_dag.py
[2026-04-05T05:45:40.549+0000] {processor.py:839} INFO - DAG(s) dict_keys(['bronze_mysql_to_minio']) retrieved from /opt/airflow/dags/bronze_dag.py
[2026-04-05T05:45:40.582+0000] {logging_mixin.py:151} INFO - [2026-04-05T05:45:40.582+0000] {dag.py:2941} INFO - Sync 1 DAGs
[2026-04-05T05:45:40.607+0000] {logging_mixin.py:151} INFO - [2026-04-05T05:45:40.607+0000] {dag.py:3722} INFO - Setting next_dagrun for bronze_mysql_to_minio to 2027-01-05T00:00:00+00:00, run_after=2027-01-06T00:00:00+00:00
[2026-04-05T05:45:40.633+0000] {processor.py:179} INFO - Processing /opt/airflow/dags/bronze_dag.py took 0.406 seconds
[2026-04-05T05:46:11.471+0000] {processor.py:157} INFO - Started process (PID=250) to work on /opt/airflow/dags/bronze_dag.py
[2026-04-05T05:46:11.480+0000] {processor.py:829} INFO - Processing file /opt/airflow/dags/bronze_dag.py for tasks to queue
[2026-04-05T05:46:11.481+0000] {logging_mixin.py:151} INFO - [2026-04-05T05:46:11.481+0000] {dagbag.py:536} INFO - Filling up the DagBag from /opt/airflow/dags/bronze_dag.py
[2026-04-05T05:46:11.788+0000] {processor.py:839} INFO - DAG(s) dict_keys(['bronze_mysql_to_minio']) retrieved from /opt/airflow/dags/bronze_dag.py
[2026-04-05T05:46:11.820+0000] {logging_mixin.py:151} INFO - [2026-04-05T05:46:11.820+0000] {dag.py:2941} INFO - Sync 1 DAGs
[2026-04-05T05:46:11.845+0000] {logging_mixin.py:151} INFO - [2026-04-05T05:46:11.845+0000] {dag.py:3722} INFO - Setting next_dagrun for bronze_mysql_to_minio to 2027-01-05T00:00:00+00:00, run_after=2027-01-06T00:00:00+00:00
[2026-04-05T05:46:11.871+0000] {processor.py:179} INFO - Processing /opt/airflow/dags/bronze_dag.py took 0.403 seconds
[2026-04-05T05:46:42.711+0000] {processor.py:157} INFO - Started process (PID=261) to work on /opt/airflow/dags/bronze_dag.py
[2026-04-05T05:46:42.720+0000] {processor.py:829} INFO - Processing file /opt/airflow/dags/bronze_dag.py for tasks to queue
[2026-04-05T05:46:42.721+0000] {logging_mixin.py:151} INFO - [2026-04-05T05:46:42.720+0000] {dagbag.py:536} INFO - Filling up the DagBag from /opt/airflow/dags/bronze_dag.py
[2026-04-05T05:46:43.035+0000] {processor.py:839} INFO - DAG(s) dict_keys(['bronze_mysql_to_minio']) retrieved from /opt/airflow/dags/bronze_dag.py
[2026-04-05T05:46:43.067+0000] {logging_mixin.py:151} INFO - [2026-04-05T05:46:43.067+0000] {dag.py:2941} INFO - Sync 1 DAGs
[2026-04-05T05:46:43.096+0000] {logging_mixin.py:151} INFO - [2026-04-05T05:46:43.096+0000] {dag.py:3722} INFO - Setting next_dagrun for bronze_mysql_to_minio to 2027-01-05T00:00:00+00:00, run_after=2027-01-06T00:00:00+00:00
[2026-04-05T05:46:43.124+0000] {processor.py:179} INFO - Processing /opt/airflow/dags/bronze_dag.py took 0.415 seconds
[2026-04-05T05:47:13.960+0000] {processor.py:157} INFO - Started process (PID=272) to work on /opt/airflow/dags/bronze_dag.py
[2026-04-05T05:47:13.969+0000] {processor.py:829} INFO - Processing file /opt/airflow/dags/bronze_dag.py for tasks to queue
[2026-04-05T05:47:13.970+0000] {logging_mixin.py:151} INFO - [2026-04-05T05:47:13.970+0000] {dagbag.py:536} INFO - Filling up the DagBag from /opt/airflow/dags/bronze_dag.py
[2026-04-05T05:47:14.304+0000] {processor.py:839} INFO - DAG(s) dict_keys(['bronze_mysql_to_minio']) retrieved from /opt/airflow/dags/bronze_dag.py
[2026-04-05T05:47:14.336+0000] {logging_mixin.py:151} INFO - [2026-04-05T05:47:14.336+0000] {dag.py:2941} INFO - Sync 1 DAGs
[2026-04-05T05:47:14.361+0000] {logging_mixin.py:151} INFO - [2026-04-05T05:47:14.361+0000] {dag.py:3722} INFO - Setting next_dagrun for bronze_mysql_to_minio to 2027-01-05T00:00:00+00:00, run_after=2027-01-06T00:00:00+00:00
[2026-04-05T05:47:14.390+0000] {processor.py:179} INFO - Processing /opt/airflow/dags/bronze_dag.py took 0.433 seconds
[2026-04-05T05:47:45.197+0000] {processor.py:157} INFO - Started process (PID=283) to work on /opt/airflow/dags/bronze_dag.py
[2026-04-05T05:47:45.206+0000] {processor.py:829} INFO - Processing file /opt/airflow/dags/bronze_dag.py for tasks to queue
[2026-04-05T05:47:45.207+0000] {logging_mixin.py:151} INFO - [2026-04-05T05:47:45.207+0000] {dagbag.py:536} INFO - Filling up the DagBag from /opt/airflow/dags/bronze_dag.py
[2026-04-05T05:47:45.510+0000] {processor.py:839} INFO - DAG(s) dict_keys(['bronze_mysql_to_minio']) retrieved from /opt/airflow/dags/bronze_dag.py
[2026-04-05T05:47:45.543+0000] {logging_mixin.py:151} INFO - [2026-04-05T05:47:45.543+0000] {dag.py:2941} INFO - Sync 1 DAGs
[2026-04-05T05:47:45.568+0000] {logging_mixin.py:151} INFO - [2026-04-05T05:47:45.568+0000] {dag.py:3722} INFO - Setting next_dagrun for bronze_mysql_to_minio to 2027-01-05T00:00:00+00:00, run_after=2027-01-06T00:00:00+00:00
[2026-04-05T05:47:45.597+0000] {processor.py:179} INFO - Processing /opt/airflow/dags/bronze_dag.py took 0.403 seconds
[2026-04-05T05:48:16.429+0000] {processor.py:157} INFO - Started process (PID=294) to work on /opt/airflow/dags/bronze_dag.py
[2026-04-05T05:48:16.430+0000] {processor.py:829} INFO - Processing file /opt/airflow/dags/bronze_dag.py for tasks to queue
[2026-04-05T05:48:16.430+0000] {logging_mixin.py:151} INFO - [2026-04-05T05:48:16.430+0000] {dagbag.py:536} INFO - Filling up the DagBag from /opt/airflow/dags/bronze_dag.py
[2026-04-05T05:48:16.737+0000] {processor.py:839} INFO - DAG(s) dict_keys(['bronze_mysql_to_minio']) retrieved from /opt/airflow/dags/bronze_dag.py
[2026-04-05T05:48:16.767+0000] {logging_mixin.py:151} INFO - [2026-04-05T05:48:16.767+0000] {dag.py:2941} INFO - Sync 1 DAGs
[2026-04-05T05:48:16.790+0000] {logging_mixin.py:151} INFO - [2026-04-05T05:48:16.789+0000] {dag.py:3722} INFO - Setting next_dagrun for bronze_mysql_to_minio to 2027-01-05T00:00:00+00:00, run_after=2027-01-06T00:00:00+00:00
[2026-04-05T05:48:16.815+0000] {processor.py:179} INFO - Processing /opt/airflow/dags/bronze_dag.py took 0.389 seconds
[2026-04-05T05:48:47.670+0000] {processor.py:157} INFO - Started process (PID=305) to work on /opt/airflow/dags/bronze_dag.py
[2026-04-05T05:48:47.671+0000] {processor.py:829} INFO - Processing file /opt/airflow/dags/bronze_dag.py for tasks to queue
[2026-04-05T05:48:47.672+0000] {logging_mixin.py:151} INFO - [2026-04-05T05:48:47.672+0000] {dagbag.py:536} INFO - Filling up the DagBag from /opt/airflow/dags/bronze_dag.py
[2026-04-05T05:48:47.983+0000] {processor.py:839} INFO - DAG(s) dict_keys(['bronze_mysql_to_minio']) retrieved from /opt/airflow/dags/bronze_dag.py
[2026-04-05T05:48:48.013+0000] {logging_mixin.py:151} INFO - [2026-04-05T05:48:48.013+0000] {dag.py:2941} INFO - Sync 1 DAGs
[2026-04-05T05:48:48.037+0000] {logging_mixin.py:151} INFO - [2026-04-05T05:48:48.037+0000] {dag.py:3722} INFO - Setting next_dagrun for bronze_mysql_to_minio to 2027-01-05T00:00:00+00:00, run_after=2027-01-06T00:00:00+00:00
[2026-04-05T05:48:48.064+0000] {processor.py:179} INFO - Processing /opt/airflow/dags/bronze_dag.py took 0.397 seconds
[2026-04-05T05:49:18.914+0000] {processor.py:157} INFO - Started process (PID=316) to work on /opt/airflow/dags/bronze_dag.py
[2026-04-05T05:49:18.923+0000] {processor.py:829} INFO - Processing file /opt/airflow/dags/bronze_dag.py for tasks to queue
[2026-04-05T05:49:18.924+0000] {logging_mixin.py:151} INFO - [2026-04-05T05:49:18.923+0000] {dagbag.py:536} INFO - Filling up the DagBag from /opt/airflow/dags/bronze_dag.py
[2026-04-05T05:49:19.246+0000] {processor.py:839} INFO - DAG(s) dict_keys(['bronze_mysql_to_minio']) retrieved from /opt/airflow/dags/bronze_dag.py
[2026-04-05T05:49:19.284+0000] {logging_mixin.py:151} INFO - [2026-04-05T05:49:19.283+0000] {dag.py:2941} INFO - Sync 1 DAGs
[2026-04-05T05:49:19.310+0000] {logging_mixin.py:151} INFO - [2026-04-05T05:49:19.310+0000] {dag.py:3722} INFO - Setting next_dagrun for bronze_mysql_to_minio to 2027-01-05T00:00:00+00:00, run_after=2027-01-06T00:00:00+00:00
[2026-04-05T05:49:19.331+0000] {processor.py:179} INFO - Processing /opt/airflow/dags/bronze_dag.py took 0.420 seconds
[2026-04-05T05:49:50.156+0000] {processor.py:157} INFO - Started process (PID=327) to work on /opt/airflow/dags/bronze_dag.py
[2026-04-05T05:49:50.164+0000] {processor.py:829} INFO - Processing file /opt/airflow/dags/bronze_dag.py for tasks to queue
[2026-04-05T05:49:50.165+0000] {logging_mixin.py:151} INFO - [2026-04-05T05:49:50.165+0000] {dagbag.py:536} INFO - Filling up the DagBag from /opt/airflow/dags/bronze_dag.py
[2026-04-05T05:49:50.482+0000] {processor.py:839} INFO - DAG(s) dict_keys(['bronze_mysql_to_minio']) retrieved from /opt/airflow/dags/bronze_dag.py
[2026-04-05T05:49:50.515+0000] {logging_mixin.py:151} INFO - [2026-04-05T05:49:50.515+0000] {dag.py:2941} INFO - Sync 1 DAGs
[2026-04-05T05:49:50.542+0000] {logging_mixin.py:151} INFO - [2026-04-05T05:49:50.541+0000] {dag.py:3722} INFO - Setting next_dagrun for bronze_mysql_to_minio to 2027-01-05T00:00:00+00:00, run_after=2027-01-06T00:00:00+00:00
[2026-04-05T05:49:50.572+0000] {processor.py:179} INFO - Processing /opt/airflow/dags/bronze_dag.py took 0.419 seconds
[2026-04-05T05:50:21.396+0000] {processor.py:157} INFO - Started process (PID=338) to work on /opt/airflow/dags/bronze_dag.py
[2026-04-05T05:50:21.397+0000] {processor.py:829} INFO - Processing file /opt/airflow/dags/bronze_dag.py for tasks to queue
[2026-04-05T05:50:21.397+0000] {logging_mixin.py:151} INFO - [2026-04-05T05:50:21.397+0000] {dagbag.py:536} INFO - Filling up the DagBag from /opt/airflow/dags/bronze_dag.py
[2026-04-05T05:50:21.710+0000] {processor.py:839} INFO - DAG(s) dict_keys(['bronze_mysql_to_minio']) retrieved from /opt/airflow/dags/bronze_dag.py
[2026-04-05T05:50:21.741+0000] {logging_mixin.py:151} INFO - [2026-04-05T05:50:21.740+0000] {dag.py:2941} INFO - Sync 1 DAGs
[2026-04-05T05:50:21.764+0000] {logging_mixin.py:151} INFO - [2026-04-05T05:50:21.764+0000] {dag.py:3722} INFO - Setting next_dagrun for bronze_mysql_to_minio to 2027-01-05T00:00:00+00:00, run_after=2027-01-06T00:00:00+00:00
[2026-04-05T05:50:21.789+0000] {processor.py:179} INFO - Processing /opt/airflow/dags/bronze_dag.py took 0.396 seconds
[2026-04-05T05:50:52.633+0000] {processor.py:157} INFO - Started process (PID=349) to work on /opt/airflow/dags/bronze_dag.py
[2026-04-05T05:50:52.634+0000] {processor.py:829} INFO - Processing file /opt/airflow/dags/bronze_dag.py for tasks to queue
[2026-04-05T05:50:52.635+0000] {logging_mixin.py:151} INFO - [2026-04-05T05:50:52.635+0000] {dagbag.py:536} INFO - Filling up the DagBag from /opt/airflow/dags/bronze_dag.py
[2026-04-05T05:50:52.960+0000] {processor.py:839} INFO - DAG(s) dict_keys(['bronze_mysql_to_minio']) retrieved from /opt/airflow/dags/bronze_dag.py
[2026-04-05T05:50:52.990+0000] {logging_mixin.py:151} INFO - [2026-04-05T05:50:52.990+0000] {dag.py:2941} INFO - Sync 1 DAGs
[2026-04-05T05:50:53.014+0000] {logging_mixin.py:151} INFO - [2026-04-05T05:50:53.014+0000] {dag.py:3722} INFO - Setting next_dagrun for bronze_mysql_to_minio to 2027-01-05T00:00:00+00:00, run_after=2027-01-06T00:00:00+00:00
[2026-04-05T05:50:53.040+0000] {processor.py:179} INFO - Processing /opt/airflow/dags/bronze_dag.py took 0.410 seconds
[2026-04-05T05:51:23.873+0000] {processor.py:157} INFO - Started process (PID=360) to work on /opt/airflow/dags/bronze_dag.py
[2026-04-05T05:51:23.874+0000] {processor.py:829} INFO - Processing file /opt/airflow/dags/bronze_dag.py for tasks to queue
[2026-04-05T05:51:23.874+0000] {logging_mixin.py:151} INFO - [2026-04-05T05:51:23.874+0000] {dagbag.py:536} INFO - Filling up the DagBag from /opt/airflow/dags/bronze_dag.py
[2026-04-05T05:51:24.181+0000] {processor.py:839} INFO - DAG(s) dict_keys(['bronze_mysql_to_minio']) retrieved from /opt/airflow/dags/bronze_dag.py
[2026-04-05T05:51:24.211+0000] {logging_mixin.py:151} INFO - [2026-04-05T05:51:24.211+0000] {dag.py:2941} INFO - Sync 1 DAGs
[2026-04-05T05:51:24.236+0000] {logging_mixin.py:151} INFO - [2026-04-05T05:51:24.236+0000] {dag.py:3722} INFO - Setting next_dagrun for bronze_mysql_to_minio to 2027-01-05T00:00:00+00:00, run_after=2027-01-06T00:00:00+00:00
[2026-04-05T05:51:24.261+0000] {processor.py:179} INFO - Processing /opt/airflow/dags/bronze_dag.py took 0.391 seconds
[2026-04-05T05:51:55.112+0000] {processor.py:157} INFO - Started process (PID=371) to work on /opt/airflow/dags/bronze_dag.py
[2026-04-05T05:51:55.120+0000] {processor.py:829} INFO - Processing file /opt/airflow/dags/bronze_dag.py for tasks to queue
[2026-04-05T05:51:55.121+0000] {logging_mixin.py:151} INFO - [2026-04-05T05:51:55.121+0000] {dagbag.py:536} INFO - Filling up the DagBag from /opt/airflow/dags/bronze_dag.py
[2026-04-05T05:51:55.452+0000] {processor.py:839} INFO - DAG(s) dict_keys(['bronze_mysql_to_minio']) retrieved from /opt/airflow/dags/bronze_dag.py
[2026-04-05T05:51:55.486+0000] {logging_mixin.py:151} INFO - [2026-04-05T05:51:55.485+0000] {dag.py:2941} INFO - Sync 1 DAGs
[2026-04-05T05:51:55.510+0000] {logging_mixin.py:151} INFO - [2026-04-05T05:51:55.509+0000] {dag.py:3722} INFO - Setting next_dagrun for bronze_mysql_to_minio to 2027-01-05T00:00:00+00:00, run_after=2027-01-06T00:00:00+00:00
[2026-04-05T05:51:55.540+0000] {processor.py:179} INFO - Processing /opt/airflow/dags/bronze_dag.py took 0.432 seconds
[2026-04-05T05:52:26.351+0000] {processor.py:157} INFO - Started process (PID=382) to work on /opt/airflow/dags/bronze_dag.py
[2026-04-05T05:52:26.360+0000] {processor.py:829} INFO - Processing file /opt/airflow/dags/bronze_dag.py for tasks to queue
[2026-04-05T05:52:26.361+0000] {logging_mixin.py:151} INFO - [2026-04-05T05:52:26.361+0000] {dagbag.py:536} INFO - Filling up the DagBag from /opt/airflow/dags/bronze_dag.py
[2026-04-05T05:52:26.757+0000] {processor.py:839} INFO - DAG(s) dict_keys(['bronze_mysql_to_minio']) retrieved from /opt/airflow/dags/bronze_dag.py
[2026-04-05T05:52:26.789+0000] {logging_mixin.py:151} INFO - [2026-04-05T05:52:26.788+0000] {dag.py:2941} INFO - Sync 1 DAGs
[2026-04-05T05:52:26.814+0000] {logging_mixin.py:151} INFO - [2026-04-05T05:52:26.814+0000] {dag.py:3722} INFO - Setting next_dagrun for bronze_mysql_to_minio to 2027-01-05T00:00:00+00:00, run_after=2027-01-06T00:00:00+00:00
[2026-04-05T05:52:26.845+0000] {processor.py:179} INFO - Processing /opt/airflow/dags/bronze_dag.py took 0.497 seconds
[2026-04-05T05:52:57.606+0000] {processor.py:157} INFO - Started process (PID=393) to work on /opt/airflow/dags/bronze_dag.py
[2026-04-05T05:52:57.607+0000] {processor.py:829} INFO - Processing file /opt/airflow/dags/bronze_dag.py for tasks to queue
[2026-04-05T05:52:57.608+0000] {logging_mixin.py:151} INFO - [2026-04-05T05:52:57.607+0000] {dagbag.py:536} INFO - Filling up the DagBag from /opt/airflow/dags/bronze_dag.py
[2026-04-05T05:52:57.941+0000] {processor.py:839} INFO - DAG(s) dict_keys(['bronze_mysql_to_minio']) retrieved from /opt/airflow/dags/bronze_dag.py
[2026-04-05T05:52:57.973+0000] {logging_mixin.py:151} INFO - [2026-04-05T05:52:57.973+0000] {dag.py:2941} INFO - Sync 1 DAGs
[2026-04-05T05:52:57.999+0000] {logging_mixin.py:151} INFO - [2026-04-05T05:52:57.999+0000] {dag.py:3722} INFO - Setting next_dagrun for bronze_mysql_to_minio to 2027-01-05T00:00:00+00:00, run_after=2027-01-06T00:00:00+00:00
[2026-04-05T05:52:58.024+0000] {processor.py:179} INFO - Processing /opt/airflow/dags/bronze_dag.py took 0.422 seconds
[2026-04-05T05:53:28.855+0000] {processor.py:157} INFO - Started process (PID=404) to work on /opt/airflow/dags/bronze_dag.py
[2026-04-05T05:53:28.856+0000] {processor.py:829} INFO - Processing file /opt/airflow/dags/bronze_dag.py for tasks to queue
[2026-04-05T05:53:28.857+0000] {logging_mixin.py:151} INFO - [2026-04-05T05:53:28.856+0000] {dagbag.py:536} INFO - Filling up the DagBag from /opt/airflow/dags/bronze_dag.py
[2026-04-05T05:53:29.168+0000] {processor.py:839} INFO - DAG(s) dict_keys(['bronze_mysql_to_minio']) retrieved from /opt/airflow/dags/bronze_dag.py
[2026-04-05T05:53:29.198+0000] {logging_mixin.py:151} INFO - [2026-04-05T05:53:29.198+0000] {dag.py:2941} INFO - Sync 1 DAGs
[2026-04-05T05:53:29.225+0000] {logging_mixin.py:151} INFO - [2026-04-05T05:53:29.225+0000] {dag.py:3722} INFO - Setting next_dagrun for bronze_mysql_to_minio to 2027-01-05T00:00:00+00:00, run_after=2027-01-06T00:00:00+00:00
[2026-04-05T05:53:29.251+0000] {processor.py:179} INFO - Processing /opt/airflow/dags/bronze_dag.py took 0.398 seconds
[2026-04-05T05:54:00.095+0000] {processor.py:157} INFO - Started process (PID=415) to work on /opt/airflow/dags/bronze_dag.py
[2026-04-05T05:54:00.096+0000] {processor.py:829} INFO - Processing file /opt/airflow/dags/bronze_dag.py for tasks to queue
[2026-04-05T05:54:00.097+0000] {logging_mixin.py:151} INFO - [2026-04-05T05:54:00.096+0000] {dagbag.py:536} INFO - Filling up the DagBag from /opt/airflow/dags/bronze_dag.py
[2026-04-05T05:54:00.427+0000] {processor.py:839} INFO - DAG(s) dict_keys(['bronze_mysql_to_minio']) retrieved from /opt/airflow/dags/bronze_dag.py
[2026-04-05T05:54:00.459+0000] {logging_mixin.py:151} INFO - [2026-04-05T05:54:00.459+0000] {dag.py:2941} INFO - Sync 1 DAGs
[2026-04-05T05:54:00.484+0000] {logging_mixin.py:151} INFO - [2026-04-05T05:54:00.484+0000] {dag.py:3722} INFO - Setting next_dagrun for bronze_mysql_to_minio to 2027-01-05T00:00:00+00:00, run_after=2027-01-06T00:00:00+00:00
[2026-04-05T05:54:00.511+0000] {processor.py:179} INFO - Processing /opt/airflow/dags/bronze_dag.py took 0.419 seconds
[2026-04-05T05:54:31.325+0000] {processor.py:157} INFO - Started process (PID=426) to work on /opt/airflow/dags/bronze_dag.py
[2026-04-05T05:54:31.334+0000] {processor.py:829} INFO - Processing file /opt/airflow/dags/bronze_dag.py for tasks to queue
[2026-04-05T05:54:31.336+0000] {logging_mixin.py:151} INFO - [2026-04-05T05:54:31.335+0000] {dagbag.py:536} INFO - Filling up the DagBag from /opt/airflow/dags/bronze_dag.py
[2026-04-05T05:54:31.645+0000] {processor.py:839} INFO - DAG(s) dict_keys(['bronze_mysql_to_minio']) retrieved from /opt/airflow/dags/bronze_dag.py
[2026-04-05T05:54:31.678+0000] {logging_mixin.py:151} INFO - [2026-04-05T05:54:31.677+0000] {dag.py:2941} INFO - Sync 1 DAGs
[2026-04-05T05:54:31.703+0000] {logging_mixin.py:151} INFO - [2026-04-05T05:54:31.703+0000] {dag.py:3722} INFO - Setting next_dagrun for bronze_mysql_to_minio to 2027-01-05T00:00:00+00:00, run_after=2027-01-06T00:00:00+00:00
[2026-04-05T05:54:31.728+0000] {processor.py:179} INFO - Processing /opt/airflow/dags/bronze_dag.py took 0.405 seconds
[2026-04-05T05:55:02.551+0000] {processor.py:157} INFO - Started process (PID=437) to work on /opt/airflow/dags/bronze_dag.py
[2026-04-05T05:55:02.560+0000] {processor.py:829} INFO - Processing file /opt/airflow/dags/bronze_dag.py for tasks to queue
[2026-04-05T05:55:02.561+0000] {logging_mixin.py:151} INFO - [2026-04-05T05:55:02.560+0000] {dagbag.py:536} INFO - Filling up the DagBag from /opt/airflow/dags/bronze_dag.py
[2026-04-05T05:55:02.877+0000] {processor.py:839} INFO - DAG(s) dict_keys(['bronze_mysql_to_minio']) retrieved from /opt/airflow/dags/bronze_dag.py
[2026-04-05T05:55:02.908+0000] {logging_mixin.py:151} INFO - [2026-04-05T05:55:02.908+0000] {dag.py:2941} INFO - Sync 1 DAGs
[2026-04-05T05:55:02.932+0000] {logging_mixin.py:151} INFO - [2026-04-05T05:55:02.932+0000] {dag.py:3722} INFO - Setting next_dagrun for bronze_mysql_to_minio to 2027-01-05T00:00:00+00:00, run_after=2027-01-06T00:00:00+00:00
[2026-04-05T05:55:02.960+0000] {processor.py:179} INFO - Processing /opt/airflow/dags/bronze_dag.py took 0.412 seconds
[2026-04-05T05:55:33.769+0000] {processor.py:157} INFO - Started process (PID=448) to work on /opt/airflow/dags/bronze_dag.py
[2026-04-05T05:55:33.780+0000] {processor.py:829} INFO - Processing file /opt/airflow/dags/bronze_dag.py for tasks to queue
[2026-04-05T05:55:33.782+0000] {logging_mixin.py:151} INFO - [2026-04-05T05:55:33.781+0000] {dagbag.py:536} INFO - Filling up the DagBag from /opt/airflow/dags/bronze_dag.py
[2026-04-05T05:55:34.189+0000] {processor.py:839} INFO - DAG(s) dict_keys(['bronze_mysql_to_minio']) retrieved from /opt/airflow/dags/bronze_dag.py
[2026-04-05T05:55:34.221+0000] {logging_mixin.py:151} INFO - [2026-04-05T05:55:34.221+0000] {dag.py:2941} INFO - Sync 1 DAGs
[2026-04-05T05:55:34.249+0000] {logging_mixin.py:151} INFO - [2026-04-05T05:55:34.249+0000] {dag.py:3722} INFO - Setting next_dagrun for bronze_mysql_to_minio to 2027-01-05T00:00:00+00:00, run_after=2027-01-06T00:00:00+00:00
[2026-04-05T05:55:34.276+0000] {processor.py:179} INFO - Processing /opt/airflow/dags/bronze_dag.py took 0.511 seconds
[2026-04-05T05:55:45.929+0000] {processor.py:157} INFO - Started process (PID=459) to work on /opt/airflow/dags/bronze_dag.py
[2026-04-05T05:55:45.931+0000] {processor.py:829} INFO - Processing file /opt/airflow/dags/bronze_dag.py for tasks to queue
[2026-04-05T05:55:45.932+0000] {logging_mixin.py:151} INFO - [2026-04-05T05:55:45.931+0000] {dagbag.py:536} INFO - Filling up the DagBag from /opt/airflow/dags/bronze_dag.py
[2026-04-05T05:55:46.328+0000] {processor.py:839} INFO - DAG(s) dict_keys(['bronze_mysql_to_minio']) retrieved from /opt/airflow/dags/bronze_dag.py
[2026-04-05T05:55:46.359+0000] {logging_mixin.py:151} INFO - [2026-04-05T05:55:46.358+0000] {dag.py:2941} INFO - Sync 1 DAGs
[2026-04-05T05:55:46.385+0000] {logging_mixin.py:151} INFO - [2026-04-05T05:55:46.384+0000] {dag.py:3722} INFO - Setting next_dagrun for bronze_mysql_to_minio to 2027-01-05T00:00:00+00:00, run_after=2027-01-06T00:00:00+00:00
[2026-04-05T05:55:46.417+0000] {processor.py:179} INFO - Processing /opt/airflow/dags/bronze_dag.py took 0.491 seconds
[2026-04-05T05:56:17.173+0000] {processor.py:157} INFO - Started process (PID=470) to work on /opt/airflow/dags/bronze_dag.py
[2026-04-05T05:56:17.182+0000] {processor.py:829} INFO - Processing file /opt/airflow/dags/bronze_dag.py for tasks to queue
[2026-04-05T05:56:17.182+0000] {logging_mixin.py:151} INFO - [2026-04-05T05:56:17.182+0000] {dagbag.py:536} INFO - Filling up the DagBag from /opt/airflow/dags/bronze_dag.py
[2026-04-05T05:56:17.501+0000] {processor.py:839} INFO - DAG(s) dict_keys(['bronze_mysql_to_minio']) retrieved from /opt/airflow/dags/bronze_dag.py
[2026-04-05T05:56:17.535+0000] {logging_mixin.py:151} INFO - [2026-04-05T05:56:17.534+0000] {dag.py:2941} INFO - Sync 1 DAGs
[2026-04-05T05:56:17.560+0000] {logging_mixin.py:151} INFO - [2026-04-05T05:56:17.559+0000] {dag.py:3722} INFO - Setting next_dagrun for bronze_mysql_to_minio to 2027-01-05T00:00:00+00:00, run_after=2027-01-06T00:00:00+00:00
[2026-04-05T05:56:17.587+0000] {processor.py:179} INFO - Processing /opt/airflow/dags/bronze_dag.py took 0.417 seconds
[2026-04-05T05:56:48.415+0000] {processor.py:157} INFO - Started process (PID=481) to work on /opt/airflow/dags/bronze_dag.py
[2026-04-05T05:56:48.423+0000] {processor.py:829} INFO - Processing file /opt/airflow/dags/bronze_dag.py for tasks to queue
[2026-04-05T05:56:48.425+0000] {logging_mixin.py:151} INFO - [2026-04-05T05:56:48.424+0000] {dagbag.py:536} INFO - Filling up the DagBag from /opt/airflow/dags/bronze_dag.py
[2026-04-05T05:56:48.758+0000] {processor.py:839} INFO - DAG(s) dict_keys(['bronze_mysql_to_minio']) retrieved from /opt/airflow/dags/bronze_dag.py
[2026-04-05T05:56:48.789+0000] {logging_mixin.py:151} INFO - [2026-04-05T05:56:48.789+0000] {dag.py:2941} INFO - Sync 1 DAGs
[2026-04-05T05:56:48.814+0000] {logging_mixin.py:151} INFO - [2026-04-05T05:56:48.814+0000] {dag.py:3722} INFO - Setting next_dagrun for bronze_mysql_to_minio to 2027-01-05T00:00:00+00:00, run_after=2027-01-06T00:00:00+00:00
[2026-04-05T05:56:48.839+0000] {processor.py:179} INFO - Processing /opt/airflow/dags/bronze_dag.py took 0.427 seconds
[2026-04-05T05:57:19.670+0000] {processor.py:157} INFO - Started process (PID=492) to work on /opt/airflow/dags/bronze_dag.py
[2026-04-05T05:57:19.679+0000] {processor.py:829} INFO - Processing file /opt/airflow/dags/bronze_dag.py for tasks to queue
[2026-04-05T05:57:19.680+0000] {logging_mixin.py:151} INFO - [2026-04-05T05:57:19.679+0000] {dagbag.py:536} INFO - Filling up the DagBag from /opt/airflow/dags/bronze_dag.py
[2026-04-05T05:57:19.989+0000] {processor.py:839} INFO - DAG(s) dict_keys(['bronze_mysql_to_minio']) retrieved from /opt/airflow/dags/bronze_dag.py
[2026-04-05T05:57:20.021+0000] {logging_mixin.py:151} INFO - [2026-04-05T05:57:20.020+0000] {dag.py:2941} INFO - Sync 1 DAGs
[2026-04-05T05:57:20.046+0000] {logging_mixin.py:151} INFO - [2026-04-05T05:57:20.046+0000] {dag.py:3722} INFO - Setting next_dagrun for bronze_mysql_to_minio to 2027-01-05T00:00:00+00:00, run_after=2027-01-06T00:00:00+00:00
[2026-04-05T05:57:20.073+0000] {processor.py:179} INFO - Processing /opt/airflow/dags/bronze_dag.py took 0.406 seconds
[2026-04-05T05:57:50.922+0000] {processor.py:157} INFO - Started process (PID=503) to work on /opt/airflow/dags/bronze_dag.py
[2026-04-05T05:57:50.931+0000] {processor.py:829} INFO - Processing file /opt/airflow/dags/bronze_dag.py for tasks to queue
[2026-04-05T05:57:50.933+0000] {logging_mixin.py:151} INFO - [2026-04-05T05:57:50.932+0000] {dagbag.py:536} INFO - Filling up the DagBag from /opt/airflow/dags/bronze_dag.py
[2026-04-05T05:57:51.245+0000] {processor.py:839} INFO - DAG(s) dict_keys(['bronze_mysql_to_minio']) retrieved from /opt/airflow/dags/bronze_dag.py
[2026-04-05T05:57:51.276+0000] {logging_mixin.py:151} INFO - [2026-04-05T05:57:51.276+0000] {dag.py:2941} INFO - Sync 1 DAGs
[2026-04-05T05:57:51.301+0000] {logging_mixin.py:151} INFO - [2026-04-05T05:57:51.301+0000] {dag.py:3722} INFO - Setting next_dagrun for bronze_mysql_to_minio to 2027-01-05T00:00:00+00:00, run_after=2027-01-06T00:00:00+00:00
[2026-04-05T05:57:51.327+0000] {processor.py:179} INFO - Processing /opt/airflow/dags/bronze_dag.py took 0.407 seconds
[2026-04-05T05:58:22.167+0000] {processor.py:157} INFO - Started process (PID=514) to work on /opt/airflow/dags/bronze_dag.py
[2026-04-05T05:58:22.176+0000] {processor.py:829} INFO - Processing file /opt/airflow/dags/bronze_dag.py for tasks to queue
[2026-04-05T05:58:22.177+0000] {logging_mixin.py:151} INFO - [2026-04-05T05:58:22.176+0000] {dagbag.py:536} INFO - Filling up the DagBag from /opt/airflow/dags/bronze_dag.py
[2026-04-05T05:58:22.499+0000] {processor.py:839} INFO - DAG(s) dict_keys(['bronze_mysql_to_minio']) retrieved from /opt/airflow/dags/bronze_dag.py
[2026-04-05T05:58:22.533+0000] {logging_mixin.py:151} INFO - [2026-04-05T05:58:22.532+0000] {dag.py:2941} INFO - Sync 1 DAGs
[2026-04-05T05:58:22.558+0000] {logging_mixin.py:151} INFO - [2026-04-05T05:58:22.557+0000] {dag.py:3722} INFO - Setting next_dagrun for bronze_mysql_to_minio to 2027-01-05T00:00:00+00:00, run_after=2027-01-06T00:00:00+00:00
[2026-04-05T05:58:22.584+0000] {processor.py:179} INFO - Processing /opt/airflow/dags/bronze_dag.py took 0.420 seconds
[2026-04-05T05:58:53.421+0000] {processor.py:157} INFO - Started process (PID=525) to work on /opt/airflow/dags/bronze_dag.py
[2026-04-05T05:58:53.423+0000] {processor.py:829} INFO - Processing file /opt/airflow/dags/bronze_dag.py for tasks to queue
[2026-04-05T05:58:53.424+0000] {logging_mixin.py:151} INFO - [2026-04-05T05:58:53.423+0000] {dagbag.py:536} INFO - Filling up the DagBag from /opt/airflow/dags/bronze_dag.py
[2026-04-05T05:58:53.831+0000] {processor.py:839} INFO - DAG(s) dict_keys(['bronze_mysql_to_minio']) retrieved from /opt/airflow/dags/bronze_dag.py
[2026-04-05T05:58:53.869+0000] {logging_mixin.py:151} INFO - [2026-04-05T05:58:53.869+0000] {dag.py:2941} INFO - Sync 1 DAGs
[2026-04-05T05:58:53.899+0000] {logging_mixin.py:151} INFO - [2026-04-05T05:58:53.899+0000] {dag.py:3722} INFO - Setting next_dagrun for bronze_mysql_to_minio to 2027-01-05T00:00:00+00:00, run_after=2027-01-06T00:00:00+00:00
[2026-04-05T05:58:53.922+0000] {processor.py:179} INFO - Processing /opt/airflow/dags/bronze_dag.py took 0.505 seconds
[2026-04-05T05:59:24.668+0000] {processor.py:157} INFO - Started process (PID=536) to work on /opt/airflow/dags/bronze_dag.py
[2026-04-05T05:59:24.669+0000] {processor.py:829} INFO - Processing file /opt/airflow/dags/bronze_dag.py for tasks to queue
[2026-04-05T05:59:24.669+0000] {logging_mixin.py:151} INFO - [2026-04-05T05:59:24.669+0000] {dagbag.py:536} INFO - Filling up the DagBag from /opt/airflow/dags/bronze_dag.py
[2026-04-05T05:59:25.011+0000] {processor.py:839} INFO - DAG(s) dict_keys(['bronze_mysql_to_minio']) retrieved from /opt/airflow/dags/bronze_dag.py
[2026-04-05T05:59:25.042+0000] {logging_mixin.py:151} INFO - [2026-04-05T05:59:25.042+0000] {dag.py:2941} INFO - Sync 1 DAGs
[2026-04-05T05:59:25.066+0000] {logging_mixin.py:151} INFO - [2026-04-05T05:59:25.066+0000] {dag.py:3722} INFO - Setting next_dagrun for bronze_mysql_to_minio to 2027-01-05T00:00:00+00:00, run_after=2027-01-06T00:00:00+00:00
[2026-04-05T05:59:25.094+0000] {processor.py:179} INFO - Processing /opt/airflow/dags/bronze_dag.py took 0.431 seconds
[2026-04-05T05:59:55.924+0000] {processor.py:157} INFO - Started process (PID=547) to work on /opt/airflow/dags/bronze_dag.py
[2026-04-05T05:59:55.933+0000] {processor.py:829} INFO - Processing file /opt/airflow/dags/bronze_dag.py for tasks to queue
[2026-04-05T05:59:55.934+0000] {logging_mixin.py:151} INFO - [2026-04-05T05:59:55.933+0000] {dagbag.py:536} INFO - Filling up the DagBag from /opt/airflow/dags/bronze_dag.py
[2026-04-05T05:59:56.252+0000] {processor.py:839} INFO - DAG(s) dict_keys(['bronze_mysql_to_minio']) retrieved from /opt/airflow/dags/bronze_dag.py
[2026-04-05T05:59:56.283+0000] {logging_mixin.py:151} INFO - [2026-04-05T05:59:56.282+0000] {dag.py:2941} INFO - Sync 1 DAGs
[2026-04-05T05:59:56.307+0000] {logging_mixin.py:151} INFO - [2026-04-05T05:59:56.307+0000] {dag.py:3722} INFO - Setting next_dagrun for bronze_mysql_to_minio to 2027-01-05T00:00:00+00:00, run_after=2027-01-06T00:00:00+00:00
[2026-04-05T05:59:56.332+0000] {processor.py:179} INFO - Processing /opt/airflow/dags/bronze_dag.py took 0.411 seconds
[2026-04-05T06:00:27.158+0000] {processor.py:157} INFO - Started process (PID=558) to work on /opt/airflow/dags/bronze_dag.py
[2026-04-05T06:00:27.167+0000] {processor.py:829} INFO - Processing file /opt/airflow/dags/bronze_dag.py for tasks to queue
[2026-04-05T06:00:27.169+0000] {logging_mixin.py:151} INFO - [2026-04-05T06:00:27.168+0000] {dagbag.py:536} INFO - Filling up the DagBag from /opt/airflow/dags/bronze_dag.py
[2026-04-05T06:00:27.546+0000] {processor.py:839} INFO - DAG(s) dict_keys(['bronze_mysql_to_minio']) retrieved from /opt/airflow/dags/bronze_dag.py
[2026-04-05T06:00:27.582+0000] {logging_mixin.py:151} INFO - [2026-04-05T06:00:27.581+0000] {dag.py:2941} INFO - Sync 1 DAGs
[2026-04-05T06:00:27.610+0000] {logging_mixin.py:151} INFO - [2026-04-05T06:00:27.610+0000] {dag.py:3722} INFO - Setting next_dagrun for bronze_mysql_to_minio to 2027-01-05T00:00:00+00:00, run_after=2027-01-06T00:00:00+00:00
[2026-04-05T06:00:27.637+0000] {processor.py:179} INFO - Processing /opt/airflow/dags/bronze_dag.py took 0.482 seconds
[2026-04-05T06:00:58.386+0000] {processor.py:157} INFO - Started process (PID=569) to work on /opt/airflow/dags/bronze_dag.py
[2026-04-05T06:00:58.395+0000] {processor.py:829} INFO - Processing file /opt/airflow/dags/bronze_dag.py for tasks to queue
[2026-04-05T06:00:58.396+0000] {logging_mixin.py:151} INFO - [2026-04-05T06:00:58.396+0000] {dagbag.py:536} INFO - Filling up the DagBag from /opt/airflow/dags/bronze_dag.py
[2026-04-05T06:00:58.721+0000] {processor.py:839} INFO - DAG(s) dict_keys(['bronze_mysql_to_minio']) retrieved from /opt/airflow/dags/bronze_dag.py
[2026-04-05T06:00:58.751+0000] {logging_mixin.py:151} INFO - [2026-04-05T06:00:58.751+0000] {dag.py:2941} INFO - Sync 1 DAGs
[2026-04-05T06:00:58.775+0000] {logging_mixin.py:151} INFO - [2026-04-05T06:00:58.775+0000] {dag.py:3722} INFO - Setting next_dagrun for bronze_mysql_to_minio to 2027-01-05T00:00:00+00:00, run_after=2027-01-06T00:00:00+00:00
[2026-04-05T06:00:58.792+0000] {processor.py:179} INFO - Processing /opt/airflow/dags/bronze_dag.py took 0.409 seconds
[2026-04-05T06:01:29.657+0000] {processor.py:157} INFO - Started process (PID=580) to work on /opt/airflow/dags/bronze_dag.py
[2026-04-05T06:01:29.666+0000] {processor.py:829} INFO - Processing file /opt/airflow/dags/bronze_dag.py for tasks to queue
[2026-04-05T06:01:29.667+0000] {logging_mixin.py:151} INFO - [2026-04-05T06:01:29.667+0000] {dagbag.py:536} INFO - Filling up the DagBag from /opt/airflow/dags/bronze_dag.py
[2026-04-05T06:01:29.992+0000] {processor.py:839} INFO - DAG(s) dict_keys(['bronze_mysql_to_minio']) retrieved from /opt/airflow/dags/bronze_dag.py
[2026-04-05T06:01:30.024+0000] {logging_mixin.py:151} INFO - [2026-04-05T06:01:30.024+0000] {dag.py:2941} INFO - Sync 1 DAGs
[2026-04-05T06:01:30.049+0000] {logging_mixin.py:151} INFO - [2026-04-05T06:01:30.049+0000] {dag.py:3722} INFO - Setting next_dagrun for bronze_mysql_to_minio to 2027-01-05T00:00:00+00:00, run_after=2027-01-06T00:00:00+00:00
[2026-04-05T06:01:30.076+0000] {processor.py:179} INFO - Processing /opt/airflow/dags/bronze_dag.py took 0.422 seconds
[2026-04-05T06:02:00.896+0000] {processor.py:157} INFO - Started process (PID=591) to work on /opt/airflow/dags/bronze_dag.py
[2026-04-05T06:02:00.896+0000] {processor.py:829} INFO - Processing file /opt/airflow/dags/bronze_dag.py for tasks to queue
[2026-04-05T06:02:00.897+0000] {logging_mixin.py:151} INFO - [2026-04-05T06:02:00.897+0000] {dagbag.py:536} INFO - Filling up the DagBag from /opt/airflow/dags/bronze_dag.py
[2026-04-05T06:02:01.203+0000] {processor.py:839} INFO - DAG(s) dict_keys(['bronze_mysql_to_minio']) retrieved from /opt/airflow/dags/bronze_dag.py
[2026-04-05T06:02:01.235+0000] {logging_mixin.py:151} INFO - [2026-04-05T06:02:01.234+0000] {dag.py:2941} INFO - Sync 1 DAGs
[2026-04-05T06:02:01.261+0000] {logging_mixin.py:151} INFO - [2026-04-05T06:02:01.261+0000] {dag.py:3722} INFO - Setting next_dagrun for bronze_mysql_to_minio to 2027-01-05T00:00:00+00:00, run_after=2027-01-06T00:00:00+00:00
[2026-04-05T06:02:01.286+0000] {processor.py:179} INFO - Processing /opt/airflow/dags/bronze_dag.py took 0.394 seconds
[2026-04-05T06:02:32.123+0000] {processor.py:157} INFO - Started process (PID=602) to work on /opt/airflow/dags/bronze_dag.py
[2026-04-05T06:02:32.132+0000] {processor.py:829} INFO - Processing file /opt/airflow/dags/bronze_dag.py for tasks to queue
[2026-04-05T06:02:32.133+0000] {logging_mixin.py:151} INFO - [2026-04-05T06:02:32.132+0000] {dagbag.py:536} INFO - Filling up the DagBag from /opt/airflow/dags/bronze_dag.py
[2026-04-05T06:02:32.448+0000] {processor.py:839} INFO - DAG(s) dict_keys(['bronze_mysql_to_minio']) retrieved from /opt/airflow/dags/bronze_dag.py
[2026-04-05T06:02:32.481+0000] {logging_mixin.py:151} INFO - [2026-04-05T06:02:32.480+0000] {dag.py:2941} INFO - Sync 1 DAGs
[2026-04-05T06:02:32.506+0000] {logging_mixin.py:151} INFO - [2026-04-05T06:02:32.506+0000] {dag.py:3722} INFO - Setting next_dagrun for bronze_mysql_to_minio to 2027-01-05T00:00:00+00:00, run_after=2027-01-06T00:00:00+00:00
[2026-04-05T06:02:32.532+0000] {processor.py:179} INFO - Processing /opt/airflow/dags/bronze_dag.py took 0.412 seconds
[2026-04-05T06:03:03.368+0000] {processor.py:157} INFO - Started process (PID=613) to work on /opt/airflow/dags/bronze_dag.py
[2026-04-05T06:03:03.377+0000] {processor.py:829} INFO - Processing file /opt/airflow/dags/bronze_dag.py for tasks to queue
[2026-04-05T06:03:03.378+0000] {logging_mixin.py:151} INFO - [2026-04-05T06:03:03.377+0000] {dagbag.py:536} INFO - Filling up the DagBag from /opt/airflow/dags/bronze_dag.py
[2026-04-05T06:03:03.686+0000] {processor.py:839} INFO - DAG(s) dict_keys(['bronze_mysql_to_minio']) retrieved from /opt/airflow/dags/bronze_dag.py
[2026-04-05T06:03:03.718+0000] {logging_mixin.py:151} INFO - [2026-04-05T06:03:03.718+0000] {dag.py:2941} INFO - Sync 1 DAGs
[2026-04-05T06:03:03.743+0000] {logging_mixin.py:151} INFO - [2026-04-05T06:03:03.742+0000] {dag.py:3722} INFO - Setting next_dagrun for bronze_mysql_to_minio to 2027-01-05T00:00:00+00:00, run_after=2027-01-06T00:00:00+00:00
[2026-04-05T06:03:03.767+0000] {processor.py:179} INFO - Processing /opt/airflow/dags/bronze_dag.py took 0.402 seconds
[2026-04-05T06:03:34.600+0000] {processor.py:157} INFO - Started process (PID=624) to work on /opt/airflow/dags/bronze_dag.py
[2026-04-05T06:03:34.609+0000] {processor.py:829} INFO - Processing file /opt/airflow/dags/bronze_dag.py for tasks to queue
[2026-04-05T06:03:34.610+0000] {logging_mixin.py:151} INFO - [2026-04-05T06:03:34.610+0000] {dagbag.py:536} INFO - Filling up the DagBag from /opt/airflow/dags/bronze_dag.py
[2026-04-05T06:03:34.929+0000] {processor.py:839} INFO - DAG(s) dict_keys(['bronze_mysql_to_minio']) retrieved from /opt/airflow/dags/bronze_dag.py
[2026-04-05T06:03:34.959+0000] {logging_mixin.py:151} INFO - [2026-04-05T06:03:34.959+0000] {dag.py:2941} INFO - Sync 1 DAGs
[2026-04-05T06:03:34.981+0000] {logging_mixin.py:151} INFO - [2026-04-05T06:03:34.981+0000] {dag.py:3722} INFO - Setting next_dagrun for bronze_mysql_to_minio to 2027-01-05T00:00:00+00:00, run_after=2027-01-06T00:00:00+00:00
[2026-04-05T06:03:35.008+0000] {processor.py:179} INFO - Processing /opt/airflow/dags/bronze_dag.py took 0.411 seconds
[2026-04-05T06:04:05.845+0000] {processor.py:157} INFO - Started process (PID=635) to work on /opt/airflow/dags/bronze_dag.py
[2026-04-05T06:04:05.846+0000] {processor.py:829} INFO - Processing file /opt/airflow/dags/bronze_dag.py for tasks to queue
[2026-04-05T06:04:05.847+0000] {logging_mixin.py:151} INFO - [2026-04-05T06:04:05.847+0000] {dagbag.py:536} INFO - Filling up the DagBag from /opt/airflow/dags/bronze_dag.py
[2026-04-05T06:04:06.179+0000] {processor.py:839} INFO - DAG(s) dict_keys(['bronze_mysql_to_minio']) retrieved from /opt/airflow/dags/bronze_dag.py
[2026-04-05T06:04:06.211+0000] {logging_mixin.py:151} INFO - [2026-04-05T06:04:06.210+0000] {dag.py:2941} INFO - Sync 1 DAGs
[2026-04-05T06:04:06.236+0000] {logging_mixin.py:151} INFO - [2026-04-05T06:04:06.236+0000] {dag.py:3722} INFO - Setting next_dagrun for bronze_mysql_to_minio to 2027-01-05T00:00:00+00:00, run_after=2027-01-06T00:00:00+00:00
[2026-04-05T06:04:06.257+0000] {processor.py:179} INFO - Processing /opt/airflow/dags/bronze_dag.py took 0.416 seconds
[2026-04-05T06:04:37.073+0000] {processor.py:157} INFO - Started process (PID=646) to work on /opt/airflow/dags/bronze_dag.py
[2026-04-05T06:04:37.081+0000] {processor.py:829} INFO - Processing file /opt/airflow/dags/bronze_dag.py for tasks to queue
[2026-04-05T06:04:37.082+0000] {logging_mixin.py:151} INFO - [2026-04-05T06:04:37.082+0000] {dagbag.py:536} INFO - Filling up the DagBag from /opt/airflow/dags/bronze_dag.py
[2026-04-05T06:04:37.406+0000] {processor.py:839} INFO - DAG(s) dict_keys(['bronze_mysql_to_minio']) retrieved from /opt/airflow/dags/bronze_dag.py
[2026-04-05T06:04:37.439+0000] {logging_mixin.py:151} INFO - [2026-04-05T06:04:37.439+0000] {dag.py:2941} INFO - Sync 1 DAGs
[2026-04-05T06:04:37.464+0000] {logging_mixin.py:151} INFO - [2026-04-05T06:04:37.464+0000] {dag.py:3722} INFO - Setting next_dagrun for bronze_mysql_to_minio to 2027-01-05T00:00:00+00:00, run_after=2027-01-06T00:00:00+00:00
[2026-04-05T06:04:37.489+0000] {processor.py:179} INFO - Processing /opt/airflow/dags/bronze_dag.py took 0.420 seconds
[2026-04-05T06:05:08.301+0000] {processor.py:157} INFO - Started process (PID=657) to work on /opt/airflow/dags/bronze_dag.py
[2026-04-05T06:05:08.309+0000] {processor.py:829} INFO - Processing file /opt/airflow/dags/bronze_dag.py for tasks to queue
[2026-04-05T06:05:08.310+0000] {logging_mixin.py:151} INFO - [2026-04-05T06:05:08.310+0000] {dagbag.py:536} INFO - Filling up the DagBag from /opt/airflow/dags/bronze_dag.py
[2026-04-05T06:05:08.647+0000] {processor.py:839} INFO - DAG(s) dict_keys(['bronze_mysql_to_minio']) retrieved from /opt/airflow/dags/bronze_dag.py
[2026-04-05T06:05:08.679+0000] {logging_mixin.py:151} INFO - [2026-04-05T06:05:08.679+0000] {dag.py:2941} INFO - Sync 1 DAGs
[2026-04-05T06:05:08.705+0000] {logging_mixin.py:151} INFO - [2026-04-05T06:05:08.704+0000] {dag.py:3722} INFO - Setting next_dagrun for bronze_mysql_to_minio to 2027-01-05T00:00:00+00:00, run_after=2027-01-06T00:00:00+00:00
[2026-04-05T06:05:08.730+0000] {processor.py:179} INFO - Processing /opt/airflow/dags/bronze_dag.py took 0.433 seconds
[2026-04-05T06:05:39.548+0000] {processor.py:157} INFO - Started process (PID=668) to work on /opt/airflow/dags/bronze_dag.py
[2026-04-05T06:05:39.557+0000] {processor.py:829} INFO - Processing file /opt/airflow/dags/bronze_dag.py for tasks to queue
[2026-04-05T06:05:39.559+0000] {logging_mixin.py:151} INFO - [2026-04-05T06:05:39.558+0000] {dagbag.py:536} INFO - Filling up the DagBag from /opt/airflow/dags/bronze_dag.py
[2026-04-05T06:05:39.876+0000] {processor.py:839} INFO - DAG(s) dict_keys(['bronze_mysql_to_minio']) retrieved from /opt/airflow/dags/bronze_dag.py
[2026-04-05T06:05:39.907+0000] {logging_mixin.py:151} INFO - [2026-04-05T06:05:39.907+0000] {dag.py:2941} INFO - Sync 1 DAGs
[2026-04-05T06:05:39.930+0000] {logging_mixin.py:151} INFO - [2026-04-05T06:05:39.930+0000] {dag.py:3722} INFO - Setting next_dagrun for bronze_mysql_to_minio to 2027-01-05T00:00:00+00:00, run_after=2027-01-06T00:00:00+00:00
[2026-04-05T06:05:39.948+0000] {processor.py:179} INFO - Processing /opt/airflow/dags/bronze_dag.py took 0.403 seconds
[2026-04-05T06:06:10.791+0000] {processor.py:157} INFO - Started process (PID=679) to work on /opt/airflow/dags/bronze_dag.py
[2026-04-05T06:06:10.800+0000] {processor.py:829} INFO - Processing file /opt/airflow/dags/bronze_dag.py for tasks to queue
[2026-04-05T06:06:10.801+0000] {logging_mixin.py:151} INFO - [2026-04-05T06:06:10.801+0000] {dagbag.py:536} INFO - Filling up the DagBag from /opt/airflow/dags/bronze_dag.py
[2026-04-05T06:06:11.156+0000] {processor.py:839} INFO - DAG(s) dict_keys(['bronze_mysql_to_minio']) retrieved from /opt/airflow/dags/bronze_dag.py
[2026-04-05T06:06:11.212+0000] {logging_mixin.py:151} INFO - [2026-04-05T06:06:11.211+0000] {dag.py:2941} INFO - Sync 1 DAGs
[2026-04-05T06:06:11.255+0000] {logging_mixin.py:151} INFO - [2026-04-05T06:06:11.255+0000] {dag.py:3722} INFO - Setting next_dagrun for bronze_mysql_to_minio to 2027-01-05T00:00:00+00:00, run_after=2027-01-06T00:00:00+00:00
[2026-04-05T06:06:11.276+0000] {processor.py:179} INFO - Processing /opt/airflow/dags/bronze_dag.py took 0.488 seconds
[2026-04-05T06:06:42.025+0000] {processor.py:157} INFO - Started process (PID=690) to work on /opt/airflow/dags/bronze_dag.py
[2026-04-05T06:06:42.026+0000] {processor.py:829} INFO - Processing file /opt/airflow/dags/bronze_dag.py for tasks to queue
[2026-04-05T06:06:42.027+0000] {logging_mixin.py:151} INFO - [2026-04-05T06:06:42.026+0000] {dagbag.py:536} INFO - Filling up the DagBag from /opt/airflow/dags/bronze_dag.py
[2026-04-05T06:06:42.342+0000] {processor.py:839} INFO - DAG(s) dict_keys(['bronze_mysql_to_minio']) retrieved from /opt/airflow/dags/bronze_dag.py
[2026-04-05T06:06:42.376+0000] {logging_mixin.py:151} INFO - [2026-04-05T06:06:42.375+0000] {dag.py:2941} INFO - Sync 1 DAGs
[2026-04-05T06:06:42.402+0000] {logging_mixin.py:151} INFO - [2026-04-05T06:06:42.402+0000] {dag.py:3722} INFO - Setting next_dagrun for bronze_mysql_to_minio to 2027-01-05T00:00:00+00:00, run_after=2027-01-06T00:00:00+00:00
[2026-04-05T06:06:42.428+0000] {processor.py:179} INFO - Processing /opt/airflow/dags/bronze_dag.py took 0.406 seconds
[2026-04-05T06:07:13.260+0000] {processor.py:157} INFO - Started process (PID=701) to work on /opt/airflow/dags/bronze_dag.py
[2026-04-05T06:07:13.261+0000] {processor.py:829} INFO - Processing file /opt/airflow/dags/bronze_dag.py for tasks to queue
[2026-04-05T06:07:13.262+0000] {logging_mixin.py:151} INFO - [2026-04-05T06:07:13.261+0000] {dagbag.py:536} INFO - Filling up the DagBag from /opt/airflow/dags/bronze_dag.py
[2026-04-05T06:07:13.630+0000] {processor.py:839} INFO - DAG(s) dict_keys(['bronze_mysql_to_minio']) retrieved from /opt/airflow/dags/bronze_dag.py
[2026-04-05T06:07:13.668+0000] {logging_mixin.py:151} INFO - [2026-04-05T06:07:13.668+0000] {dag.py:2941} INFO - Sync 1 DAGs
[2026-04-05T06:07:13.696+0000] {logging_mixin.py:151} INFO - [2026-04-05T06:07:13.696+0000] {dag.py:3722} INFO - Setting next_dagrun for bronze_mysql_to_minio to 2027-01-05T00:00:00+00:00, run_after=2027-01-06T00:00:00+00:00
[2026-04-05T06:07:13.719+0000] {processor.py:179} INFO - Processing /opt/airflow/dags/bronze_dag.py took 0.463 seconds
[2026-04-05T06:07:44.504+0000] {processor.py:157} INFO - Started process (PID=712) to work on /opt/airflow/dags/bronze_dag.py
[2026-04-05T06:07:44.513+0000] {processor.py:829} INFO - Processing file /opt/airflow/dags/bronze_dag.py for tasks to queue
[2026-04-05T06:07:44.514+0000] {logging_mixin.py:151} INFO - [2026-04-05T06:07:44.514+0000] {dagbag.py:536} INFO - Filling up the DagBag from /opt/airflow/dags/bronze_dag.py
[2026-04-05T06:07:44.835+0000] {processor.py:839} INFO - DAG(s) dict_keys(['bronze_mysql_to_minio']) retrieved from /opt/airflow/dags/bronze_dag.py
[2026-04-05T06:07:44.866+0000] {logging_mixin.py:151} INFO - [2026-04-05T06:07:44.866+0000] {dag.py:2941} INFO - Sync 1 DAGs
[2026-04-05T06:07:44.891+0000] {logging_mixin.py:151} INFO - [2026-04-05T06:07:44.891+0000] {dag.py:3722} INFO - Setting next_dagrun for bronze_mysql_to_minio to 2027-01-05T00:00:00+00:00, run_after=2027-01-06T00:00:00+00:00
[2026-04-05T06:07:44.917+0000] {processor.py:179} INFO - Processing /opt/airflow/dags/bronze_dag.py took 0.415 seconds
[2026-04-05T06:08:15.030+0000] {processor.py:157} INFO - Started process (PID=728) to work on /opt/airflow/dags/bronze_dag.py
[2026-04-05T06:08:15.031+0000] {processor.py:829} INFO - Processing file /opt/airflow/dags/bronze_dag.py for tasks to queue
[2026-04-05T06:08:15.031+0000] {logging_mixin.py:151} INFO - [2026-04-05T06:08:15.031+0000] {dagbag.py:536} INFO - Filling up the DagBag from /opt/airflow/dags/bronze_dag.py
[2026-04-05T06:08:15.365+0000] {processor.py:839} INFO - DAG(s) dict_keys(['bronze_mysql_to_minio']) retrieved from /opt/airflow/dags/bronze_dag.py
[2026-04-05T06:08:15.396+0000] {logging_mixin.py:151} INFO - [2026-04-05T06:08:15.396+0000] {dag.py:2941} INFO - Sync 1 DAGs
[2026-04-05T06:08:15.423+0000] {logging_mixin.py:151} INFO - [2026-04-05T06:08:15.423+0000] {dag.py:3722} INFO - Setting next_dagrun for bronze_mysql_to_minio to 2027-01-05T00:00:00+00:00, run_after=2027-01-06T00:00:00+00:00
[2026-04-05T06:08:15.448+0000] {processor.py:179} INFO - Processing /opt/airflow/dags/bronze_dag.py took 0.422 seconds
[2026-04-05T06:08:46.158+0000] {processor.py:157} INFO - Started process (PID=739) to work on /opt/airflow/dags/bronze_dag.py
[2026-04-05T06:08:46.167+0000] {processor.py:829} INFO - Processing file /opt/airflow/dags/bronze_dag.py for tasks to queue
[2026-04-05T06:08:46.169+0000] {logging_mixin.py:151} INFO - [2026-04-05T06:08:46.168+0000] {dagbag.py:536} INFO - Filling up the DagBag from /opt/airflow/dags/bronze_dag.py
[2026-04-05T06:08:46.540+0000] {processor.py:839} INFO - DAG(s) dict_keys(['bronze_mysql_to_minio']) retrieved from /opt/airflow/dags/bronze_dag.py
[2026-04-05T06:08:46.572+0000] {logging_mixin.py:151} INFO - [2026-04-05T06:08:46.572+0000] {dag.py:2941} INFO - Sync 1 DAGs
[2026-04-05T06:08:46.596+0000] {logging_mixin.py:151} INFO - [2026-04-05T06:08:46.596+0000] {dag.py:3722} INFO - Setting next_dagrun for bronze_mysql_to_minio to 2027-01-05T00:00:00+00:00, run_after=2027-01-06T00:00:00+00:00
[2026-04-05T06:08:46.615+0000] {processor.py:179} INFO - Processing /opt/airflow/dags/bronze_dag.py took 0.462 seconds
[2026-04-05T06:09:17.393+0000] {processor.py:157} INFO - Started process (PID=750) to work on /opt/airflow/dags/bronze_dag.py
[2026-04-05T06:09:17.402+0000] {processor.py:829} INFO - Processing file /opt/airflow/dags/bronze_dag.py for tasks to queue
[2026-04-05T06:09:17.403+0000] {logging_mixin.py:151} INFO - [2026-04-05T06:09:17.403+0000] {dagbag.py:536} INFO - Filling up the DagBag from /opt/airflow/dags/bronze_dag.py
[2026-04-05T06:09:17.711+0000] {processor.py:839} INFO - DAG(s) dict_keys(['bronze_mysql_to_minio']) retrieved from /opt/airflow/dags/bronze_dag.py
[2026-04-05T06:09:17.741+0000] {logging_mixin.py:151} INFO - [2026-04-05T06:09:17.741+0000] {dag.py:2941} INFO - Sync 1 DAGs
[2026-04-05T06:09:17.766+0000] {logging_mixin.py:151} INFO - [2026-04-05T06:09:17.766+0000] {dag.py:3722} INFO - Setting next_dagrun for bronze_mysql_to_minio to 2027-01-05T00:00:00+00:00, run_after=2027-01-06T00:00:00+00:00
[2026-04-05T06:09:17.792+0000] {processor.py:179} INFO - Processing /opt/airflow/dags/bronze_dag.py took 0.402 seconds
[2026-04-05T06:09:48.633+0000] {processor.py:157} INFO - Started process (PID=761) to work on /opt/airflow/dags/bronze_dag.py
[2026-04-05T06:09:48.642+0000] {processor.py:829} INFO - Processing file /opt/airflow/dags/bronze_dag.py for tasks to queue
[2026-04-05T06:09:48.643+0000] {logging_mixin.py:151} INFO - [2026-04-05T06:09:48.643+0000] {dagbag.py:536} INFO - Filling up the DagBag from /opt/airflow/dags/bronze_dag.py
[2026-04-05T06:09:48.960+0000] {processor.py:839} INFO - DAG(s) dict_keys(['bronze_mysql_to_minio']) retrieved from /opt/airflow/dags/bronze_dag.py
[2026-04-05T06:09:48.991+0000] {logging_mixin.py:151} INFO - [2026-04-05T06:09:48.990+0000] {dag.py:2941} INFO - Sync 1 DAGs
[2026-04-05T06:09:49.015+0000] {logging_mixin.py:151} INFO - [2026-04-05T06:09:49.015+0000] {dag.py:3722} INFO - Setting next_dagrun for bronze_mysql_to_minio to 2027-01-05T00:00:00+00:00, run_after=2027-01-06T00:00:00+00:00
[2026-04-05T06:09:49.043+0000] {processor.py:179} INFO - Processing /opt/airflow/dags/bronze_dag.py took 0.413 seconds
[2026-04-05T06:10:19.880+0000] {processor.py:157} INFO - Started process (PID=772) to work on /opt/airflow/dags/bronze_dag.py
[2026-04-05T06:10:19.889+0000] {processor.py:829} INFO - Processing file /opt/airflow/dags/bronze_dag.py for tasks to queue
[2026-04-05T06:10:19.890+0000] {logging_mixin.py:151} INFO - [2026-04-05T06:10:19.890+0000] {dagbag.py:536} INFO - Filling up the DagBag from /opt/airflow/dags/bronze_dag.py
[2026-04-05T06:10:20.200+0000] {processor.py:839} INFO - DAG(s) dict_keys(['bronze_mysql_to_minio']) retrieved from /opt/airflow/dags/bronze_dag.py
[2026-04-05T06:10:20.230+0000] {logging_mixin.py:151} INFO - [2026-04-05T06:10:20.230+0000] {dag.py:2941} INFO - Sync 1 DAGs
[2026-04-05T06:10:20.253+0000] {logging_mixin.py:151} INFO - [2026-04-05T06:10:20.253+0000] {dag.py:3722} INFO - Setting next_dagrun for bronze_mysql_to_minio to 2027-01-05T00:00:00+00:00, run_after=2027-01-06T00:00:00+00:00
[2026-04-05T06:10:20.282+0000] {processor.py:179} INFO - Processing /opt/airflow/dags/bronze_dag.py took 0.405 seconds
[2026-04-05T06:10:51.132+0000] {processor.py:157} INFO - Started process (PID=783) to work on /opt/airflow/dags/bronze_dag.py
[2026-04-05T06:10:51.141+0000] {processor.py:829} INFO - Processing file /opt/airflow/dags/bronze_dag.py for tasks to queue
[2026-04-05T06:10:51.141+0000] {logging_mixin.py:151} INFO - [2026-04-05T06:10:51.141+0000] {dagbag.py:536} INFO - Filling up the DagBag from /opt/airflow/dags/bronze_dag.py
[2026-04-05T06:10:51.482+0000] {processor.py:839} INFO - DAG(s) dict_keys(['bronze_mysql_to_minio']) retrieved from /opt/airflow/dags/bronze_dag.py
[2026-04-05T06:10:51.515+0000] {logging_mixin.py:151} INFO - [2026-04-05T06:10:51.514+0000] {dag.py:2941} INFO - Sync 1 DAGs
[2026-04-05T06:10:51.538+0000] {logging_mixin.py:151} INFO - [2026-04-05T06:10:51.538+0000] {dag.py:3722} INFO - Setting next_dagrun for bronze_mysql_to_minio to 2027-01-05T00:00:00+00:00, run_after=2027-01-06T00:00:00+00:00
[2026-04-05T06:10:51.555+0000] {processor.py:179} INFO - Processing /opt/airflow/dags/bronze_dag.py took 0.426 seconds
[2026-04-05T06:11:22.381+0000] {processor.py:157} INFO - Started process (PID=794) to work on /opt/airflow/dags/bronze_dag.py
[2026-04-05T06:11:22.390+0000] {processor.py:829} INFO - Processing file /opt/airflow/dags/bronze_dag.py for tasks to queue
[2026-04-05T06:11:22.391+0000] {logging_mixin.py:151} INFO - [2026-04-05T06:11:22.391+0000] {dagbag.py:536} INFO - Filling up the DagBag from /opt/airflow/dags/bronze_dag.py
[2026-04-05T06:11:22.729+0000] {processor.py:839} INFO - DAG(s) dict_keys(['bronze_mysql_to_minio']) retrieved from /opt/airflow/dags/bronze_dag.py
[2026-04-05T06:11:22.763+0000] {logging_mixin.py:151} INFO - [2026-04-05T06:11:22.762+0000] {dag.py:2941} INFO - Sync 1 DAGs
[2026-04-05T06:11:22.790+0000] {logging_mixin.py:151} INFO - [2026-04-05T06:11:22.789+0000] {dag.py:3722} INFO - Setting next_dagrun for bronze_mysql_to_minio to 2027-01-05T00:00:00+00:00, run_after=2027-01-06T00:00:00+00:00
[2026-04-05T06:11:22.816+0000] {processor.py:179} INFO - Processing /opt/airflow/dags/bronze_dag.py took 0.438 seconds
[2026-04-05T06:11:53.624+0000] {processor.py:157} INFO - Started process (PID=805) to work on /opt/airflow/dags/bronze_dag.py
[2026-04-05T06:11:53.633+0000] {processor.py:829} INFO - Processing file /opt/airflow/dags/bronze_dag.py for tasks to queue
[2026-04-05T06:11:53.634+0000] {logging_mixin.py:151} INFO - [2026-04-05T06:11:53.634+0000] {dagbag.py:536} INFO - Filling up the DagBag from /opt/airflow/dags/bronze_dag.py
[2026-04-05T06:11:53.941+0000] {processor.py:839} INFO - DAG(s) dict_keys(['bronze_mysql_to_minio']) retrieved from /opt/airflow/dags/bronze_dag.py
[2026-04-05T06:11:53.972+0000] {logging_mixin.py:151} INFO - [2026-04-05T06:11:53.972+0000] {dag.py:2941} INFO - Sync 1 DAGs
[2026-04-05T06:11:53.999+0000] {logging_mixin.py:151} INFO - [2026-04-05T06:11:53.998+0000] {dag.py:3722} INFO - Setting next_dagrun for bronze_mysql_to_minio to 2027-01-05T00:00:00+00:00, run_after=2027-01-06T00:00:00+00:00
[2026-04-05T06:11:54.024+0000] {processor.py:179} INFO - Processing /opt/airflow/dags/bronze_dag.py took 0.403 seconds
