[2026-04-05T05:42:32.522+0000] {processor.py:157} INFO - Started process (PID=167) to work on /opt/airflow/dags/silver_processor_dag.py
[2026-04-05T05:42:32.523+0000] {processor.py:829} INFO - Processing file /opt/airflow/dags/silver_processor_dag.py for tasks to queue
[2026-04-05T05:42:32.524+0000] {logging_mixin.py:151} INFO - [2026-04-05T05:42:32.524+0000] {dagbag.py:536} INFO - Filling up the DagBag from /opt/airflow/dags/silver_processor_dag.py
[2026-04-05T05:42:32.735+0000] {processor.py:839} INFO - DAG(s) dict_keys(['silver_spark_processor']) retrieved from /opt/airflow/dags/silver_processor_dag.py
[2026-04-05T05:42:32.776+0000] {logging_mixin.py:151} INFO - [2026-04-05T05:42:32.776+0000] {dag.py:2941} INFO - Sync 1 DAGs
[2026-04-05T05:42:32.809+0000] {logging_mixin.py:151} INFO - [2026-04-05T05:42:32.808+0000] {dag.py:3722} INFO - Setting next_dagrun for silver_spark_processor to 2027-01-05T00:00:00+00:00, run_after=2027-01-06T00:00:00+00:00
[2026-04-05T05:42:32.840+0000] {processor.py:179} INFO - Processing /opt/airflow/dags/silver_processor_dag.py took 0.322 seconds
[2026-04-05T05:43:02.979+0000] {processor.py:157} INFO - Started process (PID=179) to work on /opt/airflow/dags/silver_processor_dag.py
[2026-04-05T05:43:02.988+0000] {processor.py:829} INFO - Processing file /opt/airflow/dags/silver_processor_dag.py for tasks to queue
[2026-04-05T05:43:02.988+0000] {logging_mixin.py:151} INFO - [2026-04-05T05:43:02.988+0000] {dagbag.py:536} INFO - Filling up the DagBag from /opt/airflow/dags/silver_processor_dag.py
[2026-04-05T05:43:03.005+0000] {processor.py:839} INFO - DAG(s) dict_keys(['silver_spark_processor']) retrieved from /opt/airflow/dags/silver_processor_dag.py
[2026-04-05T05:43:03.043+0000] {logging_mixin.py:151} INFO - [2026-04-05T05:43:03.042+0000] {dag.py:2941} INFO - Sync 1 DAGs
[2026-04-05T05:43:03.069+0000] {logging_mixin.py:151} INFO - [2026-04-05T05:43:03.069+0000] {dag.py:3722} INFO - Setting next_dagrun for silver_spark_processor to 2027-01-05T00:00:00+00:00, run_after=2027-01-06T00:00:00+00:00
[2026-04-05T05:43:03.087+0000] {processor.py:179} INFO - Processing /opt/airflow/dags/silver_processor_dag.py took 0.111 seconds
[2026-04-05T05:43:33.227+0000] {processor.py:157} INFO - Started process (PID=190) to work on /opt/airflow/dags/silver_processor_dag.py
[2026-04-05T05:43:33.236+0000] {processor.py:829} INFO - Processing file /opt/airflow/dags/silver_processor_dag.py for tasks to queue
[2026-04-05T05:43:33.237+0000] {logging_mixin.py:151} INFO - [2026-04-05T05:43:33.237+0000] {dagbag.py:536} INFO - Filling up the DagBag from /opt/airflow/dags/silver_processor_dag.py
[2026-04-05T05:43:33.255+0000] {processor.py:839} INFO - DAG(s) dict_keys(['silver_spark_processor']) retrieved from /opt/airflow/dags/silver_processor_dag.py
[2026-04-05T05:43:33.293+0000] {logging_mixin.py:151} INFO - [2026-04-05T05:43:33.293+0000] {dag.py:2941} INFO - Sync 1 DAGs
[2026-04-05T05:43:33.318+0000] {logging_mixin.py:151} INFO - [2026-04-05T05:43:33.318+0000] {dag.py:3722} INFO - Setting next_dagrun for silver_spark_processor to 2027-01-05T00:00:00+00:00, run_after=2027-01-06T00:00:00+00:00
[2026-04-05T05:43:33.336+0000] {processor.py:179} INFO - Processing /opt/airflow/dags/silver_processor_dag.py took 0.112 seconds
[2026-04-05T05:44:03.467+0000] {processor.py:157} INFO - Started process (PID=201) to work on /opt/airflow/dags/silver_processor_dag.py
[2026-04-05T05:44:03.475+0000] {processor.py:829} INFO - Processing file /opt/airflow/dags/silver_processor_dag.py for tasks to queue
[2026-04-05T05:44:03.476+0000] {logging_mixin.py:151} INFO - [2026-04-05T05:44:03.476+0000] {dagbag.py:536} INFO - Filling up the DagBag from /opt/airflow/dags/silver_processor_dag.py
[2026-04-05T05:44:03.493+0000] {processor.py:839} INFO - DAG(s) dict_keys(['silver_spark_processor']) retrieved from /opt/airflow/dags/silver_processor_dag.py
[2026-04-05T05:44:03.529+0000] {logging_mixin.py:151} INFO - [2026-04-05T05:44:03.528+0000] {dag.py:2941} INFO - Sync 1 DAGs
[2026-04-05T05:44:03.554+0000] {logging_mixin.py:151} INFO - [2026-04-05T05:44:03.554+0000] {dag.py:3722} INFO - Setting next_dagrun for silver_spark_processor to 2027-01-05T00:00:00+00:00, run_after=2027-01-06T00:00:00+00:00
[2026-04-05T05:44:03.572+0000] {processor.py:179} INFO - Processing /opt/airflow/dags/silver_processor_dag.py took 0.108 seconds
[2026-04-05T05:44:33.710+0000] {processor.py:157} INFO - Started process (PID=212) to work on /opt/airflow/dags/silver_processor_dag.py
[2026-04-05T05:44:33.718+0000] {processor.py:829} INFO - Processing file /opt/airflow/dags/silver_processor_dag.py for tasks to queue
[2026-04-05T05:44:33.719+0000] {logging_mixin.py:151} INFO - [2026-04-05T05:44:33.719+0000] {dagbag.py:536} INFO - Filling up the DagBag from /opt/airflow/dags/silver_processor_dag.py
[2026-04-05T05:44:33.735+0000] {processor.py:839} INFO - DAG(s) dict_keys(['silver_spark_processor']) retrieved from /opt/airflow/dags/silver_processor_dag.py
[2026-04-05T05:44:33.771+0000] {logging_mixin.py:151} INFO - [2026-04-05T05:44:33.771+0000] {dag.py:2941} INFO - Sync 1 DAGs
[2026-04-05T05:44:33.797+0000] {logging_mixin.py:151} INFO - [2026-04-05T05:44:33.797+0000] {dag.py:3722} INFO - Setting next_dagrun for silver_spark_processor to 2027-01-05T00:00:00+00:00, run_after=2027-01-06T00:00:00+00:00
[2026-04-05T05:44:33.815+0000] {processor.py:179} INFO - Processing /opt/airflow/dags/silver_processor_dag.py took 0.108 seconds
[2026-04-05T05:45:03.956+0000] {processor.py:157} INFO - Started process (PID=223) to work on /opt/airflow/dags/silver_processor_dag.py
[2026-04-05T05:45:03.964+0000] {processor.py:829} INFO - Processing file /opt/airflow/dags/silver_processor_dag.py for tasks to queue
[2026-04-05T05:45:03.965+0000] {logging_mixin.py:151} INFO - [2026-04-05T05:45:03.965+0000] {dagbag.py:536} INFO - Filling up the DagBag from /opt/airflow/dags/silver_processor_dag.py
[2026-04-05T05:45:03.982+0000] {processor.py:839} INFO - DAG(s) dict_keys(['silver_spark_processor']) retrieved from /opt/airflow/dags/silver_processor_dag.py
[2026-04-05T05:45:04.015+0000] {logging_mixin.py:151} INFO - [2026-04-05T05:45:04.015+0000] {dag.py:2941} INFO - Sync 1 DAGs
[2026-04-05T05:45:04.038+0000] {logging_mixin.py:151} INFO - [2026-04-05T05:45:04.038+0000] {dag.py:3722} INFO - Setting next_dagrun for silver_spark_processor to 2027-01-05T00:00:00+00:00, run_after=2027-01-06T00:00:00+00:00
[2026-04-05T05:45:04.055+0000] {processor.py:179} INFO - Processing /opt/airflow/dags/silver_processor_dag.py took 0.102 seconds
[2026-04-05T05:45:34.196+0000] {processor.py:157} INFO - Started process (PID=234) to work on /opt/airflow/dags/silver_processor_dag.py
[2026-04-05T05:45:34.205+0000] {processor.py:829} INFO - Processing file /opt/airflow/dags/silver_processor_dag.py for tasks to queue
[2026-04-05T05:45:34.206+0000] {logging_mixin.py:151} INFO - [2026-04-05T05:45:34.206+0000] {dagbag.py:536} INFO - Filling up the DagBag from /opt/airflow/dags/silver_processor_dag.py
[2026-04-05T05:45:34.223+0000] {processor.py:839} INFO - DAG(s) dict_keys(['silver_spark_processor']) retrieved from /opt/airflow/dags/silver_processor_dag.py
[2026-04-05T05:45:34.258+0000] {logging_mixin.py:151} INFO - [2026-04-05T05:45:34.257+0000] {dag.py:2941} INFO - Sync 1 DAGs
[2026-04-05T05:45:34.284+0000] {logging_mixin.py:151} INFO - [2026-04-05T05:45:34.283+0000] {dag.py:3722} INFO - Setting next_dagrun for silver_spark_processor to 2027-01-05T00:00:00+00:00, run_after=2027-01-06T00:00:00+00:00
[2026-04-05T05:45:34.301+0000] {processor.py:179} INFO - Processing /opt/airflow/dags/silver_processor_dag.py took 0.107 seconds
[2026-04-05T05:46:04.435+0000] {processor.py:157} INFO - Started process (PID=245) to work on /opt/airflow/dags/silver_processor_dag.py
[2026-04-05T05:46:04.443+0000] {processor.py:829} INFO - Processing file /opt/airflow/dags/silver_processor_dag.py for tasks to queue
[2026-04-05T05:46:04.444+0000] {logging_mixin.py:151} INFO - [2026-04-05T05:46:04.444+0000] {dagbag.py:536} INFO - Filling up the DagBag from /opt/airflow/dags/silver_processor_dag.py
[2026-04-05T05:46:04.461+0000] {processor.py:839} INFO - DAG(s) dict_keys(['silver_spark_processor']) retrieved from /opt/airflow/dags/silver_processor_dag.py
[2026-04-05T05:46:04.495+0000] {logging_mixin.py:151} INFO - [2026-04-05T05:46:04.495+0000] {dag.py:2941} INFO - Sync 1 DAGs
[2026-04-05T05:46:04.518+0000] {logging_mixin.py:151} INFO - [2026-04-05T05:46:04.518+0000] {dag.py:3722} INFO - Setting next_dagrun for silver_spark_processor to 2027-01-05T00:00:00+00:00, run_after=2027-01-06T00:00:00+00:00
[2026-04-05T05:46:04.535+0000] {processor.py:179} INFO - Processing /opt/airflow/dags/silver_processor_dag.py took 0.103 seconds
[2026-04-05T05:46:34.671+0000] {processor.py:157} INFO - Started process (PID=256) to work on /opt/airflow/dags/silver_processor_dag.py
[2026-04-05T05:46:34.680+0000] {processor.py:829} INFO - Processing file /opt/airflow/dags/silver_processor_dag.py for tasks to queue
[2026-04-05T05:46:34.681+0000] {logging_mixin.py:151} INFO - [2026-04-05T05:46:34.681+0000] {dagbag.py:536} INFO - Filling up the DagBag from /opt/airflow/dags/silver_processor_dag.py
[2026-04-05T05:46:34.701+0000] {processor.py:839} INFO - DAG(s) dict_keys(['silver_spark_processor']) retrieved from /opt/airflow/dags/silver_processor_dag.py
[2026-04-05T05:46:34.736+0000] {logging_mixin.py:151} INFO - [2026-04-05T05:46:34.736+0000] {dag.py:2941} INFO - Sync 1 DAGs
[2026-04-05T05:46:34.761+0000] {logging_mixin.py:151} INFO - [2026-04-05T05:46:34.761+0000] {dag.py:3722} INFO - Setting next_dagrun for silver_spark_processor to 2027-01-05T00:00:00+00:00, run_after=2027-01-06T00:00:00+00:00
[2026-04-05T05:46:34.779+0000] {processor.py:179} INFO - Processing /opt/airflow/dags/silver_processor_dag.py took 0.111 seconds
[2026-04-05T05:47:04.918+0000] {processor.py:157} INFO - Started process (PID=267) to work on /opt/airflow/dags/silver_processor_dag.py
[2026-04-05T05:47:04.919+0000] {processor.py:829} INFO - Processing file /opt/airflow/dags/silver_processor_dag.py for tasks to queue
[2026-04-05T05:47:04.919+0000] {logging_mixin.py:151} INFO - [2026-04-05T05:47:04.919+0000] {dagbag.py:536} INFO - Filling up the DagBag from /opt/airflow/dags/silver_processor_dag.py
[2026-04-05T05:47:04.936+0000] {processor.py:839} INFO - DAG(s) dict_keys(['silver_spark_processor']) retrieved from /opt/airflow/dags/silver_processor_dag.py
[2026-04-05T05:47:04.972+0000] {logging_mixin.py:151} INFO - [2026-04-05T05:47:04.972+0000] {dag.py:2941} INFO - Sync 1 DAGs
[2026-04-05T05:47:04.996+0000] {logging_mixin.py:151} INFO - [2026-04-05T05:47:04.996+0000] {dag.py:3722} INFO - Setting next_dagrun for silver_spark_processor to 2027-01-05T00:00:00+00:00, run_after=2027-01-06T00:00:00+00:00
[2026-04-05T05:47:05.015+0000] {processor.py:179} INFO - Processing /opt/airflow/dags/silver_processor_dag.py took 0.100 seconds
[2026-04-05T05:47:35.145+0000] {processor.py:157} INFO - Started process (PID=278) to work on /opt/airflow/dags/silver_processor_dag.py
[2026-04-05T05:47:35.153+0000] {processor.py:829} INFO - Processing file /opt/airflow/dags/silver_processor_dag.py for tasks to queue
[2026-04-05T05:47:35.154+0000] {logging_mixin.py:151} INFO - [2026-04-05T05:47:35.154+0000] {dagbag.py:536} INFO - Filling up the DagBag from /opt/airflow/dags/silver_processor_dag.py
[2026-04-05T05:47:35.170+0000] {processor.py:839} INFO - DAG(s) dict_keys(['silver_spark_processor']) retrieved from /opt/airflow/dags/silver_processor_dag.py
[2026-04-05T05:47:35.205+0000] {logging_mixin.py:151} INFO - [2026-04-05T05:47:35.204+0000] {dag.py:2941} INFO - Sync 1 DAGs
[2026-04-05T05:47:35.231+0000] {logging_mixin.py:151} INFO - [2026-04-05T05:47:35.230+0000] {dag.py:3722} INFO - Setting next_dagrun for silver_spark_processor to 2027-01-05T00:00:00+00:00, run_after=2027-01-06T00:00:00+00:00
[2026-04-05T05:47:35.248+0000] {processor.py:179} INFO - Processing /opt/airflow/dags/silver_processor_dag.py took 0.106 seconds
[2026-04-05T05:48:05.375+0000] {processor.py:157} INFO - Started process (PID=289) to work on /opt/airflow/dags/silver_processor_dag.py
[2026-04-05T05:48:05.384+0000] {processor.py:829} INFO - Processing file /opt/airflow/dags/silver_processor_dag.py for tasks to queue
[2026-04-05T05:48:05.385+0000] {logging_mixin.py:151} INFO - [2026-04-05T05:48:05.384+0000] {dagbag.py:536} INFO - Filling up the DagBag from /opt/airflow/dags/silver_processor_dag.py
[2026-04-05T05:48:05.401+0000] {processor.py:839} INFO - DAG(s) dict_keys(['silver_spark_processor']) retrieved from /opt/airflow/dags/silver_processor_dag.py
[2026-04-05T05:48:05.437+0000] {logging_mixin.py:151} INFO - [2026-04-05T05:48:05.437+0000] {dag.py:2941} INFO - Sync 1 DAGs
[2026-04-05T05:48:05.461+0000] {logging_mixin.py:151} INFO - [2026-04-05T05:48:05.461+0000] {dag.py:3722} INFO - Setting next_dagrun for silver_spark_processor to 2027-01-05T00:00:00+00:00, run_after=2027-01-06T00:00:00+00:00
[2026-04-05T05:48:05.478+0000] {processor.py:179} INFO - Processing /opt/airflow/dags/silver_processor_dag.py took 0.106 seconds
[2026-04-05T05:48:35.616+0000] {processor.py:157} INFO - Started process (PID=300) to work on /opt/airflow/dags/silver_processor_dag.py
[2026-04-05T05:48:35.625+0000] {processor.py:829} INFO - Processing file /opt/airflow/dags/silver_processor_dag.py for tasks to queue
[2026-04-05T05:48:35.626+0000] {logging_mixin.py:151} INFO - [2026-04-05T05:48:35.625+0000] {dagbag.py:536} INFO - Filling up the DagBag from /opt/airflow/dags/silver_processor_dag.py
[2026-04-05T05:48:35.642+0000] {processor.py:839} INFO - DAG(s) dict_keys(['silver_spark_processor']) retrieved from /opt/airflow/dags/silver_processor_dag.py
[2026-04-05T05:48:35.675+0000] {logging_mixin.py:151} INFO - [2026-04-05T05:48:35.675+0000] {dag.py:2941} INFO - Sync 1 DAGs
[2026-04-05T05:48:35.701+0000] {logging_mixin.py:151} INFO - [2026-04-05T05:48:35.701+0000] {dag.py:3722} INFO - Setting next_dagrun for silver_spark_processor to 2027-01-05T00:00:00+00:00, run_after=2027-01-06T00:00:00+00:00
[2026-04-05T05:48:35.719+0000] {processor.py:179} INFO - Processing /opt/airflow/dags/silver_processor_dag.py took 0.106 seconds
[2026-04-05T05:49:05.859+0000] {processor.py:157} INFO - Started process (PID=311) to work on /opt/airflow/dags/silver_processor_dag.py
[2026-04-05T05:49:05.867+0000] {processor.py:829} INFO - Processing file /opt/airflow/dags/silver_processor_dag.py for tasks to queue
[2026-04-05T05:49:05.868+0000] {logging_mixin.py:151} INFO - [2026-04-05T05:49:05.867+0000] {dagbag.py:536} INFO - Filling up the DagBag from /opt/airflow/dags/silver_processor_dag.py
[2026-04-05T05:49:05.884+0000] {processor.py:839} INFO - DAG(s) dict_keys(['silver_spark_processor']) retrieved from /opt/airflow/dags/silver_processor_dag.py
[2026-04-05T05:49:05.919+0000] {logging_mixin.py:151} INFO - [2026-04-05T05:49:05.918+0000] {dag.py:2941} INFO - Sync 1 DAGs
[2026-04-05T05:49:05.944+0000] {logging_mixin.py:151} INFO - [2026-04-05T05:49:05.944+0000] {dag.py:3722} INFO - Setting next_dagrun for silver_spark_processor to 2027-01-05T00:00:00+00:00, run_after=2027-01-06T00:00:00+00:00
[2026-04-05T05:49:05.962+0000] {processor.py:179} INFO - Processing /opt/airflow/dags/silver_processor_dag.py took 0.107 seconds
[2026-04-05T05:49:36.098+0000] {processor.py:157} INFO - Started process (PID=322) to work on /opt/airflow/dags/silver_processor_dag.py
[2026-04-05T05:49:36.106+0000] {processor.py:829} INFO - Processing file /opt/airflow/dags/silver_processor_dag.py for tasks to queue
[2026-04-05T05:49:36.106+0000] {logging_mixin.py:151} INFO - [2026-04-05T05:49:36.106+0000] {dagbag.py:536} INFO - Filling up the DagBag from /opt/airflow/dags/silver_processor_dag.py
[2026-04-05T05:49:36.124+0000] {processor.py:839} INFO - DAG(s) dict_keys(['silver_spark_processor']) retrieved from /opt/airflow/dags/silver_processor_dag.py
[2026-04-05T05:49:36.159+0000] {logging_mixin.py:151} INFO - [2026-04-05T05:49:36.159+0000] {dag.py:2941} INFO - Sync 1 DAGs
[2026-04-05T05:49:36.183+0000] {logging_mixin.py:151} INFO - [2026-04-05T05:49:36.183+0000] {dag.py:3722} INFO - Setting next_dagrun for silver_spark_processor to 2027-01-05T00:00:00+00:00, run_after=2027-01-06T00:00:00+00:00
[2026-04-05T05:49:36.200+0000] {processor.py:179} INFO - Processing /opt/airflow/dags/silver_processor_dag.py took 0.105 seconds
[2026-04-05T05:50:06.330+0000] {processor.py:157} INFO - Started process (PID=333) to work on /opt/airflow/dags/silver_processor_dag.py
[2026-04-05T05:50:06.331+0000] {processor.py:829} INFO - Processing file /opt/airflow/dags/silver_processor_dag.py for tasks to queue
[2026-04-05T05:50:06.332+0000] {logging_mixin.py:151} INFO - [2026-04-05T05:50:06.331+0000] {dagbag.py:536} INFO - Filling up the DagBag from /opt/airflow/dags/silver_processor_dag.py
[2026-04-05T05:50:06.349+0000] {processor.py:839} INFO - DAG(s) dict_keys(['silver_spark_processor']) retrieved from /opt/airflow/dags/silver_processor_dag.py
[2026-04-05T05:50:06.384+0000] {logging_mixin.py:151} INFO - [2026-04-05T05:50:06.384+0000] {dag.py:2941} INFO - Sync 1 DAGs
[2026-04-05T05:50:06.410+0000] {logging_mixin.py:151} INFO - [2026-04-05T05:50:06.410+0000] {dag.py:3722} INFO - Setting next_dagrun for silver_spark_processor to 2027-01-05T00:00:00+00:00, run_after=2027-01-06T00:00:00+00:00
[2026-04-05T05:50:06.428+0000] {processor.py:179} INFO - Processing /opt/airflow/dags/silver_processor_dag.py took 0.100 seconds
[2026-04-05T05:50:36.561+0000] {processor.py:157} INFO - Started process (PID=344) to work on /opt/airflow/dags/silver_processor_dag.py
[2026-04-05T05:50:36.562+0000] {processor.py:829} INFO - Processing file /opt/airflow/dags/silver_processor_dag.py for tasks to queue
[2026-04-05T05:50:36.562+0000] {logging_mixin.py:151} INFO - [2026-04-05T05:50:36.562+0000] {dagbag.py:536} INFO - Filling up the DagBag from /opt/airflow/dags/silver_processor_dag.py
[2026-04-05T05:50:36.579+0000] {processor.py:839} INFO - DAG(s) dict_keys(['silver_spark_processor']) retrieved from /opt/airflow/dags/silver_processor_dag.py
[2026-04-05T05:50:36.615+0000] {logging_mixin.py:151} INFO - [2026-04-05T05:50:36.614+0000] {dag.py:2941} INFO - Sync 1 DAGs
[2026-04-05T05:50:36.641+0000] {logging_mixin.py:151} INFO - [2026-04-05T05:50:36.641+0000] {dag.py:3722} INFO - Setting next_dagrun for silver_spark_processor to 2027-01-05T00:00:00+00:00, run_after=2027-01-06T00:00:00+00:00
[2026-04-05T05:50:36.659+0000] {processor.py:179} INFO - Processing /opt/airflow/dags/silver_processor_dag.py took 0.101 seconds
[2026-04-05T05:51:06.802+0000] {processor.py:157} INFO - Started process (PID=355) to work on /opt/airflow/dags/silver_processor_dag.py
[2026-04-05T05:51:06.811+0000] {processor.py:829} INFO - Processing file /opt/airflow/dags/silver_processor_dag.py for tasks to queue
[2026-04-05T05:51:06.812+0000] {logging_mixin.py:151} INFO - [2026-04-05T05:51:06.811+0000] {dagbag.py:536} INFO - Filling up the DagBag from /opt/airflow/dags/silver_processor_dag.py
[2026-04-05T05:51:06.828+0000] {processor.py:839} INFO - DAG(s) dict_keys(['silver_spark_processor']) retrieved from /opt/airflow/dags/silver_processor_dag.py
[2026-04-05T05:51:06.862+0000] {logging_mixin.py:151} INFO - [2026-04-05T05:51:06.862+0000] {dag.py:2941} INFO - Sync 1 DAGs
[2026-04-05T05:51:06.885+0000] {logging_mixin.py:151} INFO - [2026-04-05T05:51:06.885+0000] {dag.py:3722} INFO - Setting next_dagrun for silver_spark_processor to 2027-01-05T00:00:00+00:00, run_after=2027-01-06T00:00:00+00:00
[2026-04-05T05:51:06.902+0000] {processor.py:179} INFO - Processing /opt/airflow/dags/silver_processor_dag.py took 0.103 seconds
[2026-04-05T05:51:37.039+0000] {processor.py:157} INFO - Started process (PID=366) to work on /opt/airflow/dags/silver_processor_dag.py
[2026-04-05T05:51:37.040+0000] {processor.py:829} INFO - Processing file /opt/airflow/dags/silver_processor_dag.py for tasks to queue
[2026-04-05T05:51:37.040+0000] {logging_mixin.py:151} INFO - [2026-04-05T05:51:37.040+0000] {dagbag.py:536} INFO - Filling up the DagBag from /opt/airflow/dags/silver_processor_dag.py
[2026-04-05T05:51:37.059+0000] {processor.py:839} INFO - DAG(s) dict_keys(['silver_spark_processor']) retrieved from /opt/airflow/dags/silver_processor_dag.py
[2026-04-05T05:51:37.100+0000] {logging_mixin.py:151} INFO - [2026-04-05T05:51:37.100+0000] {dag.py:2941} INFO - Sync 1 DAGs
[2026-04-05T05:51:37.127+0000] {logging_mixin.py:151} INFO - [2026-04-05T05:51:37.127+0000] {dag.py:3722} INFO - Setting next_dagrun for silver_spark_processor to 2027-01-05T00:00:00+00:00, run_after=2027-01-06T00:00:00+00:00
[2026-04-05T05:51:37.148+0000] {processor.py:179} INFO - Processing /opt/airflow/dags/silver_processor_dag.py took 0.112 seconds
[2026-04-05T05:52:07.271+0000] {processor.py:157} INFO - Started process (PID=377) to work on /opt/airflow/dags/silver_processor_dag.py
[2026-04-05T05:52:07.272+0000] {processor.py:829} INFO - Processing file /opt/airflow/dags/silver_processor_dag.py for tasks to queue
[2026-04-05T05:52:07.273+0000] {logging_mixin.py:151} INFO - [2026-04-05T05:52:07.273+0000] {dagbag.py:536} INFO - Filling up the DagBag from /opt/airflow/dags/silver_processor_dag.py
[2026-04-05T05:52:07.290+0000] {processor.py:839} INFO - DAG(s) dict_keys(['silver_spark_processor']) retrieved from /opt/airflow/dags/silver_processor_dag.py
[2026-04-05T05:52:07.327+0000] {logging_mixin.py:151} INFO - [2026-04-05T05:52:07.327+0000] {dag.py:2941} INFO - Sync 1 DAGs
[2026-04-05T05:52:07.360+0000] {logging_mixin.py:151} INFO - [2026-04-05T05:52:07.360+0000] {dag.py:3722} INFO - Setting next_dagrun for silver_spark_processor to 2027-01-05T00:00:00+00:00, run_after=2027-01-06T00:00:00+00:00
[2026-04-05T05:52:07.387+0000] {processor.py:179} INFO - Processing /opt/airflow/dags/silver_processor_dag.py took 0.118 seconds
[2026-04-05T05:52:37.526+0000] {processor.py:157} INFO - Started process (PID=388) to work on /opt/airflow/dags/silver_processor_dag.py
[2026-04-05T05:52:37.535+0000] {processor.py:829} INFO - Processing file /opt/airflow/dags/silver_processor_dag.py for tasks to queue
[2026-04-05T05:52:37.536+0000] {logging_mixin.py:151} INFO - [2026-04-05T05:52:37.536+0000] {dagbag.py:536} INFO - Filling up the DagBag from /opt/airflow/dags/silver_processor_dag.py
[2026-04-05T05:52:37.553+0000] {processor.py:839} INFO - DAG(s) dict_keys(['silver_spark_processor']) retrieved from /opt/airflow/dags/silver_processor_dag.py
[2026-04-05T05:52:37.589+0000] {logging_mixin.py:151} INFO - [2026-04-05T05:52:37.588+0000] {dag.py:2941} INFO - Sync 1 DAGs
[2026-04-05T05:52:37.616+0000] {logging_mixin.py:151} INFO - [2026-04-05T05:52:37.616+0000] {dag.py:3722} INFO - Setting next_dagrun for silver_spark_processor to 2027-01-05T00:00:00+00:00, run_after=2027-01-06T00:00:00+00:00
[2026-04-05T05:52:37.634+0000] {processor.py:179} INFO - Processing /opt/airflow/dags/silver_processor_dag.py took 0.111 seconds
[2026-04-05T05:53:07.763+0000] {processor.py:157} INFO - Started process (PID=399) to work on /opt/airflow/dags/silver_processor_dag.py
[2026-04-05T05:53:07.772+0000] {processor.py:829} INFO - Processing file /opt/airflow/dags/silver_processor_dag.py for tasks to queue
[2026-04-05T05:53:07.772+0000] {logging_mixin.py:151} INFO - [2026-04-05T05:53:07.772+0000] {dagbag.py:536} INFO - Filling up the DagBag from /opt/airflow/dags/silver_processor_dag.py
[2026-04-05T05:53:07.788+0000] {processor.py:839} INFO - DAG(s) dict_keys(['silver_spark_processor']) retrieved from /opt/airflow/dags/silver_processor_dag.py
[2026-04-05T05:53:07.823+0000] {logging_mixin.py:151} INFO - [2026-04-05T05:53:07.823+0000] {dag.py:2941} INFO - Sync 1 DAGs
[2026-04-05T05:53:07.848+0000] {logging_mixin.py:151} INFO - [2026-04-05T05:53:07.848+0000] {dag.py:3722} INFO - Setting next_dagrun for silver_spark_processor to 2027-01-05T00:00:00+00:00, run_after=2027-01-06T00:00:00+00:00
[2026-04-05T05:53:07.866+0000] {processor.py:179} INFO - Processing /opt/airflow/dags/silver_processor_dag.py took 0.105 seconds
[2026-04-05T05:53:38.002+0000] {processor.py:157} INFO - Started process (PID=410) to work on /opt/airflow/dags/silver_processor_dag.py
[2026-04-05T05:53:38.003+0000] {processor.py:829} INFO - Processing file /opt/airflow/dags/silver_processor_dag.py for tasks to queue
[2026-04-05T05:53:38.003+0000] {logging_mixin.py:151} INFO - [2026-04-05T05:53:38.003+0000] {dagbag.py:536} INFO - Filling up the DagBag from /opt/airflow/dags/silver_processor_dag.py
[2026-04-05T05:53:38.020+0000] {processor.py:839} INFO - DAG(s) dict_keys(['silver_spark_processor']) retrieved from /opt/airflow/dags/silver_processor_dag.py
[2026-04-05T05:53:38.056+0000] {logging_mixin.py:151} INFO - [2026-04-05T05:53:38.055+0000] {dag.py:2941} INFO - Sync 1 DAGs
[2026-04-05T05:53:38.082+0000] {logging_mixin.py:151} INFO - [2026-04-05T05:53:38.082+0000] {dag.py:3722} INFO - Setting next_dagrun for silver_spark_processor to 2027-01-05T00:00:00+00:00, run_after=2027-01-06T00:00:00+00:00
[2026-04-05T05:53:38.099+0000] {processor.py:179} INFO - Processing /opt/airflow/dags/silver_processor_dag.py took 0.099 seconds
[2026-04-05T05:54:08.231+0000] {processor.py:157} INFO - Started process (PID=421) to work on /opt/airflow/dags/silver_processor_dag.py
[2026-04-05T05:54:08.232+0000] {processor.py:829} INFO - Processing file /opt/airflow/dags/silver_processor_dag.py for tasks to queue
[2026-04-05T05:54:08.232+0000] {logging_mixin.py:151} INFO - [2026-04-05T05:54:08.232+0000] {dagbag.py:536} INFO - Filling up the DagBag from /opt/airflow/dags/silver_processor_dag.py
[2026-04-05T05:54:08.250+0000] {processor.py:839} INFO - DAG(s) dict_keys(['silver_spark_processor']) retrieved from /opt/airflow/dags/silver_processor_dag.py
[2026-04-05T05:54:08.285+0000] {logging_mixin.py:151} INFO - [2026-04-05T05:54:08.284+0000] {dag.py:2941} INFO - Sync 1 DAGs
[2026-04-05T05:54:08.310+0000] {logging_mixin.py:151} INFO - [2026-04-05T05:54:08.310+0000] {dag.py:3722} INFO - Setting next_dagrun for silver_spark_processor to 2027-01-05T00:00:00+00:00, run_after=2027-01-06T00:00:00+00:00
[2026-04-05T05:54:08.328+0000] {processor.py:179} INFO - Processing /opt/airflow/dags/silver_processor_dag.py took 0.100 seconds
[2026-04-05T05:54:38.449+0000] {processor.py:157} INFO - Started process (PID=432) to work on /opt/airflow/dags/silver_processor_dag.py
[2026-04-05T05:54:38.450+0000] {processor.py:829} INFO - Processing file /opt/airflow/dags/silver_processor_dag.py for tasks to queue
[2026-04-05T05:54:38.450+0000] {logging_mixin.py:151} INFO - [2026-04-05T05:54:38.450+0000] {dagbag.py:536} INFO - Filling up the DagBag from /opt/airflow/dags/silver_processor_dag.py
[2026-04-05T05:54:38.467+0000] {processor.py:839} INFO - DAG(s) dict_keys(['silver_spark_processor']) retrieved from /opt/airflow/dags/silver_processor_dag.py
[2026-04-05T05:54:38.502+0000] {logging_mixin.py:151} INFO - [2026-04-05T05:54:38.501+0000] {dag.py:2941} INFO - Sync 1 DAGs
[2026-04-05T05:54:38.525+0000] {logging_mixin.py:151} INFO - [2026-04-05T05:54:38.525+0000] {dag.py:3722} INFO - Setting next_dagrun for silver_spark_processor to 2027-01-05T00:00:00+00:00, run_after=2027-01-06T00:00:00+00:00
[2026-04-05T05:54:38.542+0000] {processor.py:179} INFO - Processing /opt/airflow/dags/silver_processor_dag.py took 0.095 seconds
[2026-04-05T05:55:08.668+0000] {processor.py:157} INFO - Started process (PID=443) to work on /opt/airflow/dags/silver_processor_dag.py
[2026-04-05T05:55:08.669+0000] {processor.py:829} INFO - Processing file /opt/airflow/dags/silver_processor_dag.py for tasks to queue
[2026-04-05T05:55:08.670+0000] {logging_mixin.py:151} INFO - [2026-04-05T05:55:08.670+0000] {dagbag.py:536} INFO - Filling up the DagBag from /opt/airflow/dags/silver_processor_dag.py
[2026-04-05T05:55:08.688+0000] {processor.py:839} INFO - DAG(s) dict_keys(['silver_spark_processor']) retrieved from /opt/airflow/dags/silver_processor_dag.py
[2026-04-05T05:55:08.722+0000] {logging_mixin.py:151} INFO - [2026-04-05T05:55:08.722+0000] {dag.py:2941} INFO - Sync 1 DAGs
[2026-04-05T05:55:08.746+0000] {logging_mixin.py:151} INFO - [2026-04-05T05:55:08.745+0000] {dag.py:3722} INFO - Setting next_dagrun for silver_spark_processor to 2027-01-05T00:00:00+00:00, run_after=2027-01-06T00:00:00+00:00
[2026-04-05T05:55:08.762+0000] {processor.py:179} INFO - Processing /opt/airflow/dags/silver_processor_dag.py took 0.097 seconds
[2026-04-05T05:55:38.893+0000] {processor.py:157} INFO - Started process (PID=454) to work on /opt/airflow/dags/silver_processor_dag.py
[2026-04-05T05:55:38.893+0000] {processor.py:829} INFO - Processing file /opt/airflow/dags/silver_processor_dag.py for tasks to queue
[2026-04-05T05:55:38.894+0000] {logging_mixin.py:151} INFO - [2026-04-05T05:55:38.894+0000] {dagbag.py:536} INFO - Filling up the DagBag from /opt/airflow/dags/silver_processor_dag.py
[2026-04-05T05:55:38.912+0000] {processor.py:839} INFO - DAG(s) dict_keys(['silver_spark_processor']) retrieved from /opt/airflow/dags/silver_processor_dag.py
[2026-04-05T05:55:38.951+0000] {logging_mixin.py:151} INFO - [2026-04-05T05:55:38.950+0000] {dag.py:2941} INFO - Sync 1 DAGs
[2026-04-05T05:55:38.977+0000] {logging_mixin.py:151} INFO - [2026-04-05T05:55:38.976+0000] {dag.py:3722} INFO - Setting next_dagrun for silver_spark_processor to 2027-01-05T00:00:00+00:00, run_after=2027-01-06T00:00:00+00:00
[2026-04-05T05:55:38.997+0000] {processor.py:179} INFO - Processing /opt/airflow/dags/silver_processor_dag.py took 0.107 seconds
[2026-04-05T05:56:09.134+0000] {processor.py:157} INFO - Started process (PID=465) to work on /opt/airflow/dags/silver_processor_dag.py
[2026-04-05T05:56:09.142+0000] {processor.py:829} INFO - Processing file /opt/airflow/dags/silver_processor_dag.py for tasks to queue
[2026-04-05T05:56:09.143+0000] {logging_mixin.py:151} INFO - [2026-04-05T05:56:09.143+0000] {dagbag.py:536} INFO - Filling up the DagBag from /opt/airflow/dags/silver_processor_dag.py
[2026-04-05T05:56:09.161+0000] {processor.py:839} INFO - DAG(s) dict_keys(['silver_spark_processor']) retrieved from /opt/airflow/dags/silver_processor_dag.py
[2026-04-05T05:56:09.196+0000] {logging_mixin.py:151} INFO - [2026-04-05T05:56:09.196+0000] {dag.py:2941} INFO - Sync 1 DAGs
[2026-04-05T05:56:09.220+0000] {logging_mixin.py:151} INFO - [2026-04-05T05:56:09.219+0000] {dag.py:3722} INFO - Setting next_dagrun for silver_spark_processor to 2027-01-05T00:00:00+00:00, run_after=2027-01-06T00:00:00+00:00
[2026-04-05T05:56:09.237+0000] {processor.py:179} INFO - Processing /opt/airflow/dags/silver_processor_dag.py took 0.107 seconds
[2026-04-05T05:56:39.376+0000] {processor.py:157} INFO - Started process (PID=476) to work on /opt/airflow/dags/silver_processor_dag.py
[2026-04-05T05:56:39.384+0000] {processor.py:829} INFO - Processing file /opt/airflow/dags/silver_processor_dag.py for tasks to queue
[2026-04-05T05:56:39.385+0000] {logging_mixin.py:151} INFO - [2026-04-05T05:56:39.385+0000] {dagbag.py:536} INFO - Filling up the DagBag from /opt/airflow/dags/silver_processor_dag.py
[2026-04-05T05:56:39.401+0000] {processor.py:839} INFO - DAG(s) dict_keys(['silver_spark_processor']) retrieved from /opt/airflow/dags/silver_processor_dag.py
[2026-04-05T05:56:39.436+0000] {logging_mixin.py:151} INFO - [2026-04-05T05:56:39.436+0000] {dag.py:2941} INFO - Sync 1 DAGs
[2026-04-05T05:56:39.463+0000] {logging_mixin.py:151} INFO - [2026-04-05T05:56:39.462+0000] {dag.py:3722} INFO - Setting next_dagrun for silver_spark_processor to 2027-01-05T00:00:00+00:00, run_after=2027-01-06T00:00:00+00:00
[2026-04-05T05:56:39.487+0000] {processor.py:179} INFO - Processing /opt/airflow/dags/silver_processor_dag.py took 0.114 seconds
[2026-04-05T05:57:09.622+0000] {processor.py:157} INFO - Started process (PID=487) to work on /opt/airflow/dags/silver_processor_dag.py
[2026-04-05T05:57:09.631+0000] {processor.py:829} INFO - Processing file /opt/airflow/dags/silver_processor_dag.py for tasks to queue
[2026-04-05T05:57:09.632+0000] {logging_mixin.py:151} INFO - [2026-04-05T05:57:09.632+0000] {dagbag.py:536} INFO - Filling up the DagBag from /opt/airflow/dags/silver_processor_dag.py
[2026-04-05T05:57:09.650+0000] {processor.py:839} INFO - DAG(s) dict_keys(['silver_spark_processor']) retrieved from /opt/airflow/dags/silver_processor_dag.py
[2026-04-05T05:57:09.685+0000] {logging_mixin.py:151} INFO - [2026-04-05T05:57:09.685+0000] {dag.py:2941} INFO - Sync 1 DAGs
[2026-04-05T05:57:09.712+0000] {logging_mixin.py:151} INFO - [2026-04-05T05:57:09.711+0000] {dag.py:3722} INFO - Setting next_dagrun for silver_spark_processor to 2027-01-05T00:00:00+00:00, run_after=2027-01-06T00:00:00+00:00
[2026-04-05T05:57:09.728+0000] {processor.py:179} INFO - Processing /opt/airflow/dags/silver_processor_dag.py took 0.109 seconds
[2026-04-05T05:57:39.870+0000] {processor.py:157} INFO - Started process (PID=498) to work on /opt/airflow/dags/silver_processor_dag.py
[2026-04-05T05:57:39.878+0000] {processor.py:829} INFO - Processing file /opt/airflow/dags/silver_processor_dag.py for tasks to queue
[2026-04-05T05:57:39.879+0000] {logging_mixin.py:151} INFO - [2026-04-05T05:57:39.879+0000] {dagbag.py:536} INFO - Filling up the DagBag from /opt/airflow/dags/silver_processor_dag.py
[2026-04-05T05:57:39.897+0000] {processor.py:839} INFO - DAG(s) dict_keys(['silver_spark_processor']) retrieved from /opt/airflow/dags/silver_processor_dag.py
[2026-04-05T05:57:39.932+0000] {logging_mixin.py:151} INFO - [2026-04-05T05:57:39.932+0000] {dag.py:2941} INFO - Sync 1 DAGs
[2026-04-05T05:57:39.959+0000] {logging_mixin.py:151} INFO - [2026-04-05T05:57:39.958+0000] {dag.py:3722} INFO - Setting next_dagrun for silver_spark_processor to 2027-01-05T00:00:00+00:00, run_after=2027-01-06T00:00:00+00:00
[2026-04-05T05:57:39.976+0000] {processor.py:179} INFO - Processing /opt/airflow/dags/silver_processor_dag.py took 0.110 seconds
[2026-04-05T05:58:10.111+0000] {processor.py:157} INFO - Started process (PID=509) to work on /opt/airflow/dags/silver_processor_dag.py
[2026-04-05T05:58:10.119+0000] {processor.py:829} INFO - Processing file /opt/airflow/dags/silver_processor_dag.py for tasks to queue
[2026-04-05T05:58:10.121+0000] {logging_mixin.py:151} INFO - [2026-04-05T05:58:10.120+0000] {dagbag.py:536} INFO - Filling up the DagBag from /opt/airflow/dags/silver_processor_dag.py
[2026-04-05T05:58:10.140+0000] {processor.py:839} INFO - DAG(s) dict_keys(['silver_spark_processor']) retrieved from /opt/airflow/dags/silver_processor_dag.py
[2026-04-05T05:58:10.176+0000] {logging_mixin.py:151} INFO - [2026-04-05T05:58:10.175+0000] {dag.py:2941} INFO - Sync 1 DAGs
[2026-04-05T05:58:10.202+0000] {logging_mixin.py:151} INFO - [2026-04-05T05:58:10.201+0000] {dag.py:3722} INFO - Setting next_dagrun for silver_spark_processor to 2027-01-05T00:00:00+00:00, run_after=2027-01-06T00:00:00+00:00
[2026-04-05T05:58:10.219+0000] {processor.py:179} INFO - Processing /opt/airflow/dags/silver_processor_dag.py took 0.111 seconds
[2026-04-05T05:58:40.354+0000] {processor.py:157} INFO - Started process (PID=520) to work on /opt/airflow/dags/silver_processor_dag.py
[2026-04-05T05:58:40.363+0000] {processor.py:829} INFO - Processing file /opt/airflow/dags/silver_processor_dag.py for tasks to queue
[2026-04-05T05:58:40.363+0000] {logging_mixin.py:151} INFO - [2026-04-05T05:58:40.363+0000] {dagbag.py:536} INFO - Filling up the DagBag from /opt/airflow/dags/silver_processor_dag.py
[2026-04-05T05:58:40.384+0000] {processor.py:839} INFO - DAG(s) dict_keys(['silver_spark_processor']) retrieved from /opt/airflow/dags/silver_processor_dag.py
[2026-04-05T05:58:40.424+0000] {logging_mixin.py:151} INFO - [2026-04-05T05:58:40.424+0000] {dag.py:2941} INFO - Sync 1 DAGs
[2026-04-05T05:58:40.451+0000] {logging_mixin.py:151} INFO - [2026-04-05T05:58:40.451+0000] {dag.py:3722} INFO - Setting next_dagrun for silver_spark_processor to 2027-01-05T00:00:00+00:00, run_after=2027-01-06T00:00:00+00:00
[2026-04-05T05:58:40.474+0000] {processor.py:179} INFO - Processing /opt/airflow/dags/silver_processor_dag.py took 0.123 seconds
[2026-04-05T05:59:10.606+0000] {processor.py:157} INFO - Started process (PID=531) to work on /opt/airflow/dags/silver_processor_dag.py
[2026-04-05T05:59:10.614+0000] {processor.py:829} INFO - Processing file /opt/airflow/dags/silver_processor_dag.py for tasks to queue
[2026-04-05T05:59:10.615+0000] {logging_mixin.py:151} INFO - [2026-04-05T05:59:10.615+0000] {dagbag.py:536} INFO - Filling up the DagBag from /opt/airflow/dags/silver_processor_dag.py
[2026-04-05T05:59:10.636+0000] {processor.py:839} INFO - DAG(s) dict_keys(['silver_spark_processor']) retrieved from /opt/airflow/dags/silver_processor_dag.py
[2026-04-05T05:59:10.674+0000] {logging_mixin.py:151} INFO - [2026-04-05T05:59:10.674+0000] {dag.py:2941} INFO - Sync 1 DAGs
[2026-04-05T05:59:10.701+0000] {logging_mixin.py:151} INFO - [2026-04-05T05:59:10.700+0000] {dag.py:3722} INFO - Setting next_dagrun for silver_spark_processor to 2027-01-05T00:00:00+00:00, run_after=2027-01-06T00:00:00+00:00
[2026-04-05T05:59:10.722+0000] {processor.py:179} INFO - Processing /opt/airflow/dags/silver_processor_dag.py took 0.119 seconds
[2026-04-05T05:59:40.857+0000] {processor.py:157} INFO - Started process (PID=542) to work on /opt/airflow/dags/silver_processor_dag.py
[2026-04-05T05:59:40.866+0000] {processor.py:829} INFO - Processing file /opt/airflow/dags/silver_processor_dag.py for tasks to queue
[2026-04-05T05:59:40.867+0000] {logging_mixin.py:151} INFO - [2026-04-05T05:59:40.867+0000] {dagbag.py:536} INFO - Filling up the DagBag from /opt/airflow/dags/silver_processor_dag.py
[2026-04-05T05:59:40.883+0000] {processor.py:839} INFO - DAG(s) dict_keys(['silver_spark_processor']) retrieved from /opt/airflow/dags/silver_processor_dag.py
[2026-04-05T05:59:40.918+0000] {logging_mixin.py:151} INFO - [2026-04-05T05:59:40.918+0000] {dag.py:2941} INFO - Sync 1 DAGs
[2026-04-05T05:59:40.944+0000] {logging_mixin.py:151} INFO - [2026-04-05T05:59:40.943+0000] {dag.py:3722} INFO - Setting next_dagrun for silver_spark_processor to 2027-01-05T00:00:00+00:00, run_after=2027-01-06T00:00:00+00:00
[2026-04-05T05:59:40.960+0000] {processor.py:179} INFO - Processing /opt/airflow/dags/silver_processor_dag.py took 0.105 seconds
[2026-04-05T06:00:11.087+0000] {processor.py:157} INFO - Started process (PID=553) to work on /opt/airflow/dags/silver_processor_dag.py
[2026-04-05T06:00:11.088+0000] {processor.py:829} INFO - Processing file /opt/airflow/dags/silver_processor_dag.py for tasks to queue
[2026-04-05T06:00:11.088+0000] {logging_mixin.py:151} INFO - [2026-04-05T06:00:11.088+0000] {dagbag.py:536} INFO - Filling up the DagBag from /opt/airflow/dags/silver_processor_dag.py
[2026-04-05T06:00:11.105+0000] {processor.py:839} INFO - DAG(s) dict_keys(['silver_spark_processor']) retrieved from /opt/airflow/dags/silver_processor_dag.py
[2026-04-05T06:00:11.141+0000] {logging_mixin.py:151} INFO - [2026-04-05T06:00:11.141+0000] {dag.py:2941} INFO - Sync 1 DAGs
[2026-04-05T06:00:11.167+0000] {logging_mixin.py:151} INFO - [2026-04-05T06:00:11.167+0000] {dag.py:3722} INFO - Setting next_dagrun for silver_spark_processor to 2027-01-05T00:00:00+00:00, run_after=2027-01-06T00:00:00+00:00
[2026-04-05T06:00:11.185+0000] {processor.py:179} INFO - Processing /opt/airflow/dags/silver_processor_dag.py took 0.100 seconds
[2026-04-05T06:00:41.322+0000] {processor.py:157} INFO - Started process (PID=564) to work on /opt/airflow/dags/silver_processor_dag.py
[2026-04-05T06:00:41.330+0000] {processor.py:829} INFO - Processing file /opt/airflow/dags/silver_processor_dag.py for tasks to queue
[2026-04-05T06:00:41.331+0000] {logging_mixin.py:151} INFO - [2026-04-05T06:00:41.331+0000] {dagbag.py:536} INFO - Filling up the DagBag from /opt/airflow/dags/silver_processor_dag.py
[2026-04-05T06:00:41.350+0000] {processor.py:839} INFO - DAG(s) dict_keys(['silver_spark_processor']) retrieved from /opt/airflow/dags/silver_processor_dag.py
[2026-04-05T06:00:41.404+0000] {logging_mixin.py:151} INFO - [2026-04-05T06:00:41.404+0000] {dag.py:2941} INFO - Sync 1 DAGs
[2026-04-05T06:00:41.434+0000] {logging_mixin.py:151} INFO - [2026-04-05T06:00:41.433+0000] {dag.py:3722} INFO - Setting next_dagrun for silver_spark_processor to 2027-01-05T00:00:00+00:00, run_after=2027-01-06T00:00:00+00:00
[2026-04-05T06:00:41.454+0000] {processor.py:179} INFO - Processing /opt/airflow/dags/silver_processor_dag.py took 0.135 seconds
[2026-04-05T06:01:11.580+0000] {processor.py:157} INFO - Started process (PID=575) to work on /opt/airflow/dags/silver_processor_dag.py
[2026-04-05T06:01:11.589+0000] {processor.py:829} INFO - Processing file /opt/airflow/dags/silver_processor_dag.py for tasks to queue
[2026-04-05T06:01:11.589+0000] {logging_mixin.py:151} INFO - [2026-04-05T06:01:11.589+0000] {dagbag.py:536} INFO - Filling up the DagBag from /opt/airflow/dags/silver_processor_dag.py
[2026-04-05T06:01:11.607+0000] {processor.py:839} INFO - DAG(s) dict_keys(['silver_spark_processor']) retrieved from /opt/airflow/dags/silver_processor_dag.py
[2026-04-05T06:01:11.641+0000] {logging_mixin.py:151} INFO - [2026-04-05T06:01:11.641+0000] {dag.py:2941} INFO - Sync 1 DAGs
[2026-04-05T06:01:11.665+0000] {logging_mixin.py:151} INFO - [2026-04-05T06:01:11.665+0000] {dag.py:3722} INFO - Setting next_dagrun for silver_spark_processor to 2027-01-05T00:00:00+00:00, run_after=2027-01-06T00:00:00+00:00
[2026-04-05T06:01:11.682+0000] {processor.py:179} INFO - Processing /opt/airflow/dags/silver_processor_dag.py took 0.105 seconds
[2026-04-05T06:01:41.815+0000] {processor.py:157} INFO - Started process (PID=586) to work on /opt/airflow/dags/silver_processor_dag.py
[2026-04-05T06:01:41.823+0000] {processor.py:829} INFO - Processing file /opt/airflow/dags/silver_processor_dag.py for tasks to queue
[2026-04-05T06:01:41.824+0000] {logging_mixin.py:151} INFO - [2026-04-05T06:01:41.823+0000] {dagbag.py:536} INFO - Filling up the DagBag from /opt/airflow/dags/silver_processor_dag.py
[2026-04-05T06:01:41.844+0000] {processor.py:839} INFO - DAG(s) dict_keys(['silver_spark_processor']) retrieved from /opt/airflow/dags/silver_processor_dag.py
[2026-04-05T06:01:41.878+0000] {logging_mixin.py:151} INFO - [2026-04-05T06:01:41.878+0000] {dag.py:2941} INFO - Sync 1 DAGs
[2026-04-05T06:01:41.903+0000] {logging_mixin.py:151} INFO - [2026-04-05T06:01:41.903+0000] {dag.py:3722} INFO - Setting next_dagrun for silver_spark_processor to 2027-01-05T00:00:00+00:00, run_after=2027-01-06T00:00:00+00:00
[2026-04-05T06:01:41.921+0000] {processor.py:179} INFO - Processing /opt/airflow/dags/silver_processor_dag.py took 0.109 seconds
[2026-04-05T06:02:12.042+0000] {processor.py:157} INFO - Started process (PID=597) to work on /opt/airflow/dags/silver_processor_dag.py
[2026-04-05T06:02:12.050+0000] {processor.py:829} INFO - Processing file /opt/airflow/dags/silver_processor_dag.py for tasks to queue
[2026-04-05T06:02:12.051+0000] {logging_mixin.py:151} INFO - [2026-04-05T06:02:12.051+0000] {dagbag.py:536} INFO - Filling up the DagBag from /opt/airflow/dags/silver_processor_dag.py
[2026-04-05T06:02:12.070+0000] {processor.py:839} INFO - DAG(s) dict_keys(['silver_spark_processor']) retrieved from /opt/airflow/dags/silver_processor_dag.py
[2026-04-05T06:02:12.105+0000] {logging_mixin.py:151} INFO - [2026-04-05T06:02:12.105+0000] {dag.py:2941} INFO - Sync 1 DAGs
[2026-04-05T06:02:12.131+0000] {logging_mixin.py:151} INFO - [2026-04-05T06:02:12.131+0000] {dag.py:3722} INFO - Setting next_dagrun for silver_spark_processor to 2027-01-05T00:00:00+00:00, run_after=2027-01-06T00:00:00+00:00
[2026-04-05T06:02:12.149+0000] {processor.py:179} INFO - Processing /opt/airflow/dags/silver_processor_dag.py took 0.110 seconds
[2026-04-05T06:02:42.280+0000] {processor.py:157} INFO - Started process (PID=608) to work on /opt/airflow/dags/silver_processor_dag.py
[2026-04-05T06:02:42.289+0000] {processor.py:829} INFO - Processing file /opt/airflow/dags/silver_processor_dag.py for tasks to queue
[2026-04-05T06:02:42.290+0000] {logging_mixin.py:151} INFO - [2026-04-05T06:02:42.289+0000] {dagbag.py:536} INFO - Filling up the DagBag from /opt/airflow/dags/silver_processor_dag.py
[2026-04-05T06:02:42.306+0000] {processor.py:839} INFO - DAG(s) dict_keys(['silver_spark_processor']) retrieved from /opt/airflow/dags/silver_processor_dag.py
[2026-04-05T06:02:42.341+0000] {logging_mixin.py:151} INFO - [2026-04-05T06:02:42.341+0000] {dag.py:2941} INFO - Sync 1 DAGs
[2026-04-05T06:02:42.367+0000] {logging_mixin.py:151} INFO - [2026-04-05T06:02:42.366+0000] {dag.py:3722} INFO - Setting next_dagrun for silver_spark_processor to 2027-01-05T00:00:00+00:00, run_after=2027-01-06T00:00:00+00:00
[2026-04-05T06:02:42.386+0000] {processor.py:179} INFO - Processing /opt/airflow/dags/silver_processor_dag.py took 0.108 seconds
[2026-04-05T06:03:12.510+0000] {processor.py:157} INFO - Started process (PID=619) to work on /opt/airflow/dags/silver_processor_dag.py
[2026-04-05T06:03:12.518+0000] {processor.py:829} INFO - Processing file /opt/airflow/dags/silver_processor_dag.py for tasks to queue
[2026-04-05T06:03:12.520+0000] {logging_mixin.py:151} INFO - [2026-04-05T06:03:12.519+0000] {dagbag.py:536} INFO - Filling up the DagBag from /opt/airflow/dags/silver_processor_dag.py
[2026-04-05T06:03:12.538+0000] {processor.py:839} INFO - DAG(s) dict_keys(['silver_spark_processor']) retrieved from /opt/airflow/dags/silver_processor_dag.py
[2026-04-05T06:03:12.574+0000] {logging_mixin.py:151} INFO - [2026-04-05T06:03:12.574+0000] {dag.py:2941} INFO - Sync 1 DAGs
[2026-04-05T06:03:12.604+0000] {logging_mixin.py:151} INFO - [2026-04-05T06:03:12.604+0000] {dag.py:3722} INFO - Setting next_dagrun for silver_spark_processor to 2027-01-05T00:00:00+00:00, run_after=2027-01-06T00:00:00+00:00
[2026-04-05T06:03:12.623+0000] {processor.py:179} INFO - Processing /opt/airflow/dags/silver_processor_dag.py took 0.117 seconds
[2026-04-05T06:03:42.750+0000] {processor.py:157} INFO - Started process (PID=630) to work on /opt/airflow/dags/silver_processor_dag.py
[2026-04-05T06:03:42.751+0000] {processor.py:829} INFO - Processing file /opt/airflow/dags/silver_processor_dag.py for tasks to queue
[2026-04-05T06:03:42.751+0000] {logging_mixin.py:151} INFO - [2026-04-05T06:03:42.751+0000] {dagbag.py:536} INFO - Filling up the DagBag from /opt/airflow/dags/silver_processor_dag.py
[2026-04-05T06:03:42.768+0000] {processor.py:839} INFO - DAG(s) dict_keys(['silver_spark_processor']) retrieved from /opt/airflow/dags/silver_processor_dag.py
[2026-04-05T06:03:42.808+0000] {logging_mixin.py:151} INFO - [2026-04-05T06:03:42.807+0000] {dag.py:2941} INFO - Sync 1 DAGs
[2026-04-05T06:03:42.839+0000] {logging_mixin.py:151} INFO - [2026-04-05T06:03:42.839+0000] {dag.py:3722} INFO - Setting next_dagrun for silver_spark_processor to 2027-01-05T00:00:00+00:00, run_after=2027-01-06T00:00:00+00:00
[2026-04-05T06:03:42.857+0000] {processor.py:179} INFO - Processing /opt/airflow/dags/silver_processor_dag.py took 0.109 seconds
[2026-04-05T06:04:12.978+0000] {processor.py:157} INFO - Started process (PID=641) to work on /opt/airflow/dags/silver_processor_dag.py
[2026-04-05T06:04:12.979+0000] {processor.py:829} INFO - Processing file /opt/airflow/dags/silver_processor_dag.py for tasks to queue
[2026-04-05T06:04:12.979+0000] {logging_mixin.py:151} INFO - [2026-04-05T06:04:12.979+0000] {dagbag.py:536} INFO - Filling up the DagBag from /opt/airflow/dags/silver_processor_dag.py
[2026-04-05T06:04:12.996+0000] {processor.py:839} INFO - DAG(s) dict_keys(['silver_spark_processor']) retrieved from /opt/airflow/dags/silver_processor_dag.py
[2026-04-05T06:04:13.040+0000] {logging_mixin.py:151} INFO - [2026-04-05T06:04:13.039+0000] {dag.py:2941} INFO - Sync 1 DAGs
[2026-04-05T06:04:13.065+0000] {logging_mixin.py:151} INFO - [2026-04-05T06:04:13.065+0000] {dag.py:3722} INFO - Setting next_dagrun for silver_spark_processor to 2027-01-05T00:00:00+00:00, run_after=2027-01-06T00:00:00+00:00
[2026-04-05T06:04:13.084+0000] {processor.py:179} INFO - Processing /opt/airflow/dags/silver_processor_dag.py took 0.109 seconds
[2026-04-05T06:04:43.206+0000] {processor.py:157} INFO - Started process (PID=652) to work on /opt/airflow/dags/silver_processor_dag.py
[2026-04-05T06:04:43.214+0000] {processor.py:829} INFO - Processing file /opt/airflow/dags/silver_processor_dag.py for tasks to queue
[2026-04-05T06:04:43.215+0000] {logging_mixin.py:151} INFO - [2026-04-05T06:04:43.215+0000] {dagbag.py:536} INFO - Filling up the DagBag from /opt/airflow/dags/silver_processor_dag.py
[2026-04-05T06:04:43.233+0000] {processor.py:839} INFO - DAG(s) dict_keys(['silver_spark_processor']) retrieved from /opt/airflow/dags/silver_processor_dag.py
[2026-04-05T06:04:43.275+0000] {logging_mixin.py:151} INFO - [2026-04-05T06:04:43.275+0000] {dag.py:2941} INFO - Sync 1 DAGs
[2026-04-05T06:04:43.300+0000] {logging_mixin.py:151} INFO - [2026-04-05T06:04:43.300+0000] {dag.py:3722} INFO - Setting next_dagrun for silver_spark_processor to 2027-01-05T00:00:00+00:00, run_after=2027-01-06T00:00:00+00:00
[2026-04-05T06:04:43.318+0000] {processor.py:179} INFO - Processing /opt/airflow/dags/silver_processor_dag.py took 0.116 seconds
[2026-04-05T06:05:13.445+0000] {processor.py:157} INFO - Started process (PID=663) to work on /opt/airflow/dags/silver_processor_dag.py
[2026-04-05T06:05:13.453+0000] {processor.py:829} INFO - Processing file /opt/airflow/dags/silver_processor_dag.py for tasks to queue
[2026-04-05T06:05:13.454+0000] {logging_mixin.py:151} INFO - [2026-04-05T06:05:13.454+0000] {dagbag.py:536} INFO - Filling up the DagBag from /opt/airflow/dags/silver_processor_dag.py
[2026-04-05T06:05:13.475+0000] {processor.py:839} INFO - DAG(s) dict_keys(['silver_spark_processor']) retrieved from /opt/airflow/dags/silver_processor_dag.py
[2026-04-05T06:05:13.511+0000] {logging_mixin.py:151} INFO - [2026-04-05T06:05:13.511+0000] {dag.py:2941} INFO - Sync 1 DAGs
[2026-04-05T06:05:13.536+0000] {logging_mixin.py:151} INFO - [2026-04-05T06:05:13.536+0000] {dag.py:3722} INFO - Setting next_dagrun for silver_spark_processor to 2027-01-05T00:00:00+00:00, run_after=2027-01-06T00:00:00+00:00
[2026-04-05T06:05:13.553+0000] {processor.py:179} INFO - Processing /opt/airflow/dags/silver_processor_dag.py took 0.111 seconds
[2026-04-05T06:05:43.681+0000] {processor.py:157} INFO - Started process (PID=674) to work on /opt/airflow/dags/silver_processor_dag.py
[2026-04-05T06:05:43.682+0000] {processor.py:829} INFO - Processing file /opt/airflow/dags/silver_processor_dag.py for tasks to queue
[2026-04-05T06:05:43.683+0000] {logging_mixin.py:151} INFO - [2026-04-05T06:05:43.683+0000] {dagbag.py:536} INFO - Filling up the DagBag from /opt/airflow/dags/silver_processor_dag.py
[2026-04-05T06:05:43.705+0000] {processor.py:839} INFO - DAG(s) dict_keys(['silver_spark_processor']) retrieved from /opt/airflow/dags/silver_processor_dag.py
[2026-04-05T06:05:43.740+0000] {logging_mixin.py:151} INFO - [2026-04-05T06:05:43.739+0000] {dag.py:2941} INFO - Sync 1 DAGs
[2026-04-05T06:05:43.765+0000] {logging_mixin.py:151} INFO - [2026-04-05T06:05:43.765+0000] {dag.py:3722} INFO - Setting next_dagrun for silver_spark_processor to 2027-01-05T00:00:00+00:00, run_after=2027-01-06T00:00:00+00:00
[2026-04-05T06:05:43.783+0000] {processor.py:179} INFO - Processing /opt/airflow/dags/silver_processor_dag.py took 0.104 seconds
[2026-04-05T06:06:13.904+0000] {processor.py:157} INFO - Started process (PID=685) to work on /opt/airflow/dags/silver_processor_dag.py
[2026-04-05T06:06:13.913+0000] {processor.py:829} INFO - Processing file /opt/airflow/dags/silver_processor_dag.py for tasks to queue
[2026-04-05T06:06:13.914+0000] {logging_mixin.py:151} INFO - [2026-04-05T06:06:13.914+0000] {dagbag.py:536} INFO - Filling up the DagBag from /opt/airflow/dags/silver_processor_dag.py
[2026-04-05T06:06:13.937+0000] {processor.py:839} INFO - DAG(s) dict_keys(['silver_spark_processor']) retrieved from /opt/airflow/dags/silver_processor_dag.py
[2026-04-05T06:06:13.973+0000] {logging_mixin.py:151} INFO - [2026-04-05T06:06:13.973+0000] {dag.py:2941} INFO - Sync 1 DAGs
[2026-04-05T06:06:13.999+0000] {logging_mixin.py:151} INFO - [2026-04-05T06:06:13.999+0000] {dag.py:3722} INFO - Setting next_dagrun for silver_spark_processor to 2027-01-05T00:00:00+00:00, run_after=2027-01-06T00:00:00+00:00
[2026-04-05T06:06:14.017+0000] {processor.py:179} INFO - Processing /opt/airflow/dags/silver_processor_dag.py took 0.115 seconds
[2026-04-05T06:06:44.145+0000] {processor.py:157} INFO - Started process (PID=696) to work on /opt/airflow/dags/silver_processor_dag.py
[2026-04-05T06:06:44.153+0000] {processor.py:829} INFO - Processing file /opt/airflow/dags/silver_processor_dag.py for tasks to queue
[2026-04-05T06:06:44.154+0000] {logging_mixin.py:151} INFO - [2026-04-05T06:06:44.154+0000] {dagbag.py:536} INFO - Filling up the DagBag from /opt/airflow/dags/silver_processor_dag.py
[2026-04-05T06:06:44.171+0000] {processor.py:839} INFO - DAG(s) dict_keys(['silver_spark_processor']) retrieved from /opt/airflow/dags/silver_processor_dag.py
[2026-04-05T06:06:44.208+0000] {logging_mixin.py:151} INFO - [2026-04-05T06:06:44.208+0000] {dag.py:2941} INFO - Sync 1 DAGs
[2026-04-05T06:06:44.236+0000] {logging_mixin.py:151} INFO - [2026-04-05T06:06:44.236+0000] {dag.py:3722} INFO - Setting next_dagrun for silver_spark_processor to 2027-01-05T00:00:00+00:00, run_after=2027-01-06T00:00:00+00:00
[2026-04-05T06:06:44.254+0000] {processor.py:179} INFO - Processing /opt/airflow/dags/silver_processor_dag.py took 0.112 seconds
[2026-04-05T06:07:14.385+0000] {processor.py:157} INFO - Started process (PID=707) to work on /opt/airflow/dags/silver_processor_dag.py
[2026-04-05T06:07:14.393+0000] {processor.py:829} INFO - Processing file /opt/airflow/dags/silver_processor_dag.py for tasks to queue
[2026-04-05T06:07:14.394+0000] {logging_mixin.py:151} INFO - [2026-04-05T06:07:14.394+0000] {dagbag.py:536} INFO - Filling up the DagBag from /opt/airflow/dags/silver_processor_dag.py
[2026-04-05T06:07:14.415+0000] {processor.py:839} INFO - DAG(s) dict_keys(['silver_spark_processor']) retrieved from /opt/airflow/dags/silver_processor_dag.py
[2026-04-05T06:07:14.451+0000] {logging_mixin.py:151} INFO - [2026-04-05T06:07:14.450+0000] {dag.py:2941} INFO - Sync 1 DAGs
[2026-04-05T06:07:14.477+0000] {logging_mixin.py:151} INFO - [2026-04-05T06:07:14.477+0000] {dag.py:3722} INFO - Setting next_dagrun for silver_spark_processor to 2027-01-05T00:00:00+00:00, run_after=2027-01-06T00:00:00+00:00
[2026-04-05T06:07:14.495+0000] {processor.py:179} INFO - Processing /opt/airflow/dags/silver_processor_dag.py took 0.115 seconds
[2026-04-05T06:07:44.623+0000] {processor.py:157} INFO - Started process (PID=716) to work on /opt/airflow/dags/silver_processor_dag.py
[2026-04-05T06:07:44.632+0000] {processor.py:829} INFO - Processing file /opt/airflow/dags/silver_processor_dag.py for tasks to queue
[2026-04-05T06:07:44.633+0000] {logging_mixin.py:151} INFO - [2026-04-05T06:07:44.632+0000] {dagbag.py:536} INFO - Filling up the DagBag from /opt/airflow/dags/silver_processor_dag.py
[2026-04-05T06:07:44.651+0000] {processor.py:839} INFO - DAG(s) dict_keys(['silver_spark_processor']) retrieved from /opt/airflow/dags/silver_processor_dag.py
[2026-04-05T06:07:44.688+0000] {logging_mixin.py:151} INFO - [2026-04-05T06:07:44.687+0000] {dag.py:2941} INFO - Sync 1 DAGs
[2026-04-05T06:07:44.715+0000] {logging_mixin.py:151} INFO - [2026-04-05T06:07:44.715+0000] {dag.py:3722} INFO - Setting next_dagrun for silver_spark_processor to 2027-01-05T00:00:00+00:00, run_after=2027-01-06T00:00:00+00:00
[2026-04-05T06:07:44.734+0000] {processor.py:179} INFO - Processing /opt/airflow/dags/silver_processor_dag.py took 0.114 seconds
[2026-04-05T06:08:14.869+0000] {processor.py:157} INFO - Started process (PID=723) to work on /opt/airflow/dags/silver_processor_dag.py
[2026-04-05T06:08:14.877+0000] {processor.py:829} INFO - Processing file /opt/airflow/dags/silver_processor_dag.py for tasks to queue
[2026-04-05T06:08:14.878+0000] {logging_mixin.py:151} INFO - [2026-04-05T06:08:14.878+0000] {dagbag.py:536} INFO - Filling up the DagBag from /opt/airflow/dags/silver_processor_dag.py
[2026-04-05T06:08:14.901+0000] {processor.py:839} INFO - DAG(s) dict_keys(['silver_spark_processor']) retrieved from /opt/airflow/dags/silver_processor_dag.py
[2026-04-05T06:08:14.942+0000] {logging_mixin.py:151} INFO - [2026-04-05T06:08:14.941+0000] {dag.py:2941} INFO - Sync 1 DAGs
[2026-04-05T06:08:14.970+0000] {logging_mixin.py:151} INFO - [2026-04-05T06:08:14.969+0000] {dag.py:3722} INFO - Setting next_dagrun for silver_spark_processor to 2027-01-05T00:00:00+00:00, run_after=2027-01-06T00:00:00+00:00
[2026-04-05T06:08:15.000+0000] {processor.py:179} INFO - Processing /opt/airflow/dags/silver_processor_dag.py took 0.135 seconds
[2026-04-05T06:08:45.139+0000] {processor.py:157} INFO - Started process (PID=734) to work on /opt/airflow/dags/silver_processor_dag.py
[2026-04-05T06:08:45.147+0000] {processor.py:829} INFO - Processing file /opt/airflow/dags/silver_processor_dag.py for tasks to queue
[2026-04-05T06:08:45.148+0000] {logging_mixin.py:151} INFO - [2026-04-05T06:08:45.148+0000] {dagbag.py:536} INFO - Filling up the DagBag from /opt/airflow/dags/silver_processor_dag.py
[2026-04-05T06:08:45.164+0000] {processor.py:839} INFO - DAG(s) dict_keys(['silver_spark_processor']) retrieved from /opt/airflow/dags/silver_processor_dag.py
[2026-04-05T06:08:45.200+0000] {logging_mixin.py:151} INFO - [2026-04-05T06:08:45.200+0000] {dag.py:2941} INFO - Sync 1 DAGs
[2026-04-05T06:08:45.225+0000] {logging_mixin.py:151} INFO - [2026-04-05T06:08:45.225+0000] {dag.py:3722} INFO - Setting next_dagrun for silver_spark_processor to 2027-01-05T00:00:00+00:00, run_after=2027-01-06T00:00:00+00:00
[2026-04-05T06:08:45.243+0000] {processor.py:179} INFO - Processing /opt/airflow/dags/silver_processor_dag.py took 0.107 seconds
[2026-04-05T06:09:15.376+0000] {processor.py:157} INFO - Started process (PID=745) to work on /opt/airflow/dags/silver_processor_dag.py
[2026-04-05T06:09:15.385+0000] {processor.py:829} INFO - Processing file /opt/airflow/dags/silver_processor_dag.py for tasks to queue
[2026-04-05T06:09:15.386+0000] {logging_mixin.py:151} INFO - [2026-04-05T06:09:15.386+0000] {dagbag.py:536} INFO - Filling up the DagBag from /opt/airflow/dags/silver_processor_dag.py
[2026-04-05T06:09:15.402+0000] {processor.py:839} INFO - DAG(s) dict_keys(['silver_spark_processor']) retrieved from /opt/airflow/dags/silver_processor_dag.py
[2026-04-05T06:09:15.437+0000] {logging_mixin.py:151} INFO - [2026-04-05T06:09:15.436+0000] {dag.py:2941} INFO - Sync 1 DAGs
[2026-04-05T06:09:15.462+0000] {logging_mixin.py:151} INFO - [2026-04-05T06:09:15.462+0000] {dag.py:3722} INFO - Setting next_dagrun for silver_spark_processor to 2027-01-05T00:00:00+00:00, run_after=2027-01-06T00:00:00+00:00
[2026-04-05T06:09:15.480+0000] {processor.py:179} INFO - Processing /opt/airflow/dags/silver_processor_dag.py took 0.106 seconds
[2026-04-05T06:09:45.610+0000] {processor.py:157} INFO - Started process (PID=756) to work on /opt/airflow/dags/silver_processor_dag.py
[2026-04-05T06:09:45.618+0000] {processor.py:829} INFO - Processing file /opt/airflow/dags/silver_processor_dag.py for tasks to queue
[2026-04-05T06:09:45.619+0000] {logging_mixin.py:151} INFO - [2026-04-05T06:09:45.619+0000] {dagbag.py:536} INFO - Filling up the DagBag from /opt/airflow/dags/silver_processor_dag.py
[2026-04-05T06:09:45.635+0000] {processor.py:839} INFO - DAG(s) dict_keys(['silver_spark_processor']) retrieved from /opt/airflow/dags/silver_processor_dag.py
[2026-04-05T06:09:45.673+0000] {logging_mixin.py:151} INFO - [2026-04-05T06:09:45.673+0000] {dag.py:2941} INFO - Sync 1 DAGs
[2026-04-05T06:09:45.701+0000] {logging_mixin.py:151} INFO - [2026-04-05T06:09:45.701+0000] {dag.py:3722} INFO - Setting next_dagrun for silver_spark_processor to 2027-01-05T00:00:00+00:00, run_after=2027-01-06T00:00:00+00:00
[2026-04-05T06:09:45.719+0000] {processor.py:179} INFO - Processing /opt/airflow/dags/silver_processor_dag.py took 0.112 seconds
[2026-04-05T06:10:15.855+0000] {processor.py:157} INFO - Started process (PID=767) to work on /opt/airflow/dags/silver_processor_dag.py
[2026-04-05T06:10:15.863+0000] {processor.py:829} INFO - Processing file /opt/airflow/dags/silver_processor_dag.py for tasks to queue
[2026-04-05T06:10:15.864+0000] {logging_mixin.py:151} INFO - [2026-04-05T06:10:15.864+0000] {dagbag.py:536} INFO - Filling up the DagBag from /opt/airflow/dags/silver_processor_dag.py
[2026-04-05T06:10:15.884+0000] {processor.py:839} INFO - DAG(s) dict_keys(['silver_spark_processor']) retrieved from /opt/airflow/dags/silver_processor_dag.py
[2026-04-05T06:10:15.924+0000] {logging_mixin.py:151} INFO - [2026-04-05T06:10:15.923+0000] {dag.py:2941} INFO - Sync 1 DAGs
[2026-04-05T06:10:15.951+0000] {logging_mixin.py:151} INFO - [2026-04-05T06:10:15.950+0000] {dag.py:3722} INFO - Setting next_dagrun for silver_spark_processor to 2027-01-05T00:00:00+00:00, run_after=2027-01-06T00:00:00+00:00
[2026-04-05T06:10:15.970+0000] {processor.py:179} INFO - Processing /opt/airflow/dags/silver_processor_dag.py took 0.118 seconds
[2026-04-05T06:10:46.104+0000] {processor.py:157} INFO - Started process (PID=778) to work on /opt/airflow/dags/silver_processor_dag.py
[2026-04-05T06:10:46.113+0000] {processor.py:829} INFO - Processing file /opt/airflow/dags/silver_processor_dag.py for tasks to queue
[2026-04-05T06:10:46.114+0000] {logging_mixin.py:151} INFO - [2026-04-05T06:10:46.113+0000] {dagbag.py:536} INFO - Filling up the DagBag from /opt/airflow/dags/silver_processor_dag.py
[2026-04-05T06:10:46.131+0000] {processor.py:839} INFO - DAG(s) dict_keys(['silver_spark_processor']) retrieved from /opt/airflow/dags/silver_processor_dag.py
[2026-04-05T06:10:46.170+0000] {logging_mixin.py:151} INFO - [2026-04-05T06:10:46.169+0000] {dag.py:2941} INFO - Sync 1 DAGs
[2026-04-05T06:10:46.199+0000] {logging_mixin.py:151} INFO - [2026-04-05T06:10:46.199+0000] {dag.py:3722} INFO - Setting next_dagrun for silver_spark_processor to 2027-01-05T00:00:00+00:00, run_after=2027-01-06T00:00:00+00:00
[2026-04-05T06:10:46.219+0000] {processor.py:179} INFO - Processing /opt/airflow/dags/silver_processor_dag.py took 0.118 seconds
[2026-04-05T06:11:16.349+0000] {processor.py:157} INFO - Started process (PID=789) to work on /opt/airflow/dags/silver_processor_dag.py
[2026-04-05T06:11:16.358+0000] {processor.py:829} INFO - Processing file /opt/airflow/dags/silver_processor_dag.py for tasks to queue
[2026-04-05T06:11:16.359+0000] {logging_mixin.py:151} INFO - [2026-04-05T06:11:16.359+0000] {dagbag.py:536} INFO - Filling up the DagBag from /opt/airflow/dags/silver_processor_dag.py
[2026-04-05T06:11:16.376+0000] {processor.py:839} INFO - DAG(s) dict_keys(['silver_spark_processor']) retrieved from /opt/airflow/dags/silver_processor_dag.py
[2026-04-05T06:11:16.410+0000] {logging_mixin.py:151} INFO - [2026-04-05T06:11:16.410+0000] {dag.py:2941} INFO - Sync 1 DAGs
[2026-04-05T06:11:16.434+0000] {logging_mixin.py:151} INFO - [2026-04-05T06:11:16.434+0000] {dag.py:3722} INFO - Setting next_dagrun for silver_spark_processor to 2027-01-05T00:00:00+00:00, run_after=2027-01-06T00:00:00+00:00
[2026-04-05T06:11:16.452+0000] {processor.py:179} INFO - Processing /opt/airflow/dags/silver_processor_dag.py took 0.105 seconds
[2026-04-05T06:11:46.587+0000] {processor.py:157} INFO - Started process (PID=800) to work on /opt/airflow/dags/silver_processor_dag.py
[2026-04-05T06:11:46.595+0000] {processor.py:829} INFO - Processing file /opt/airflow/dags/silver_processor_dag.py for tasks to queue
[2026-04-05T06:11:46.596+0000] {logging_mixin.py:151} INFO - [2026-04-05T06:11:46.596+0000] {dagbag.py:536} INFO - Filling up the DagBag from /opt/airflow/dags/silver_processor_dag.py
[2026-04-05T06:11:46.617+0000] {processor.py:839} INFO - DAG(s) dict_keys(['silver_spark_processor']) retrieved from /opt/airflow/dags/silver_processor_dag.py
[2026-04-05T06:11:46.655+0000] {logging_mixin.py:151} INFO - [2026-04-05T06:11:46.655+0000] {dag.py:2941} INFO - Sync 1 DAGs
[2026-04-05T06:11:46.679+0000] {logging_mixin.py:151} INFO - [2026-04-05T06:11:46.679+0000] {dag.py:3722} INFO - Setting next_dagrun for silver_spark_processor to 2027-01-05T00:00:00+00:00, run_after=2027-01-06T00:00:00+00:00
[2026-04-05T06:11:46.698+0000] {processor.py:179} INFO - Processing /opt/airflow/dags/silver_processor_dag.py took 0.115 seconds
