[2026-03-22T14:52:19.641+0000] {processor.py:157} INFO - Started process (PID=171) to work on /opt/airflow/dags/dag_run_spark.py
[2026-03-22T14:52:19.641+0000] {processor.py:829} INFO - Processing file /opt/airflow/dags/dag_run_spark.py for tasks to queue
[2026-03-22T14:52:19.642+0000] {logging_mixin.py:151} INFO - [2026-03-22T14:52:19.642+0000] {dagbag.py:536} INFO - Filling up the DagBag from /opt/airflow/dags/dag_run_spark.py
[2026-03-22T14:52:19.667+0000] {processor.py:839} INFO - DAG(s) dict_keys(['02_test_spark_to_minio']) retrieved from /opt/airflow/dags/dag_run_spark.py
[2026-03-22T14:52:19.890+0000] {logging_mixin.py:151} INFO - [2026-03-22T14:52:19.890+0000] {manager.py:499} INFO - Created Permission View: %s
[2026-03-22T14:52:19.900+0000] {logging_mixin.py:151} INFO - [2026-03-22T14:52:19.900+0000] {manager.py:499} INFO - Created Permission View: %s
[2026-03-22T14:52:19.906+0000] {logging_mixin.py:151} INFO - [2026-03-22T14:52:19.906+0000] {manager.py:499} INFO - Created Permission View: %s
[2026-03-22T14:52:19.906+0000] {logging_mixin.py:151} INFO - [2026-03-22T14:52:19.906+0000] {dag.py:2941} INFO - Sync 1 DAGs
[2026-03-22T14:52:19.918+0000] {logging_mixin.py:151} INFO - [2026-03-22T14:52:19.918+0000] {dag.py:2963} INFO - Creating ORM DAG for 02_test_spark_to_minio
[2026-03-22T14:52:19.918+0000] {logging_mixin.py:151} INFO - [2026-03-22T14:52:19.918+0000] {dag.py:3722} INFO - Setting next_dagrun for 02_test_spark_to_minio to None, run_after=None
[2026-03-22T14:52:19.939+0000] {processor.py:179} INFO - Processing /opt/airflow/dags/dag_run_spark.py took 0.300 seconds
[2026-03-22T14:52:50.064+0000] {processor.py:157} INFO - Started process (PID=176) to work on /opt/airflow/dags/dag_run_spark.py
[2026-03-22T14:52:50.073+0000] {processor.py:829} INFO - Processing file /opt/airflow/dags/dag_run_spark.py for tasks to queue
[2026-03-22T14:52:50.074+0000] {logging_mixin.py:151} INFO - [2026-03-22T14:52:50.073+0000] {dagbag.py:536} INFO - Filling up the DagBag from /opt/airflow/dags/dag_run_spark.py
[2026-03-22T14:52:50.087+0000] {processor.py:839} INFO - DAG(s) dict_keys(['02_test_spark_to_minio']) retrieved from /opt/airflow/dags/dag_run_spark.py
[2026-03-22T14:52:50.125+0000] {logging_mixin.py:151} INFO - [2026-03-22T14:52:50.125+0000] {dag.py:2941} INFO - Sync 1 DAGs
[2026-03-22T14:52:50.145+0000] {logging_mixin.py:151} INFO - [2026-03-22T14:52:50.145+0000] {dag.py:3722} INFO - Setting next_dagrun for 02_test_spark_to_minio to None, run_after=None
[2026-03-22T14:52:50.171+0000] {processor.py:179} INFO - Processing /opt/airflow/dags/dag_run_spark.py took 0.111 seconds
[2026-03-22T14:53:20.297+0000] {processor.py:157} INFO - Started process (PID=181) to work on /opt/airflow/dags/dag_run_spark.py
[2026-03-22T14:53:20.307+0000] {processor.py:829} INFO - Processing file /opt/airflow/dags/dag_run_spark.py for tasks to queue
[2026-03-22T14:53:20.308+0000] {logging_mixin.py:151} INFO - [2026-03-22T14:53:20.307+0000] {dagbag.py:536} INFO - Filling up the DagBag from /opt/airflow/dags/dag_run_spark.py
[2026-03-22T14:53:20.316+0000] {processor.py:839} INFO - DAG(s) dict_keys(['02_test_spark_to_minio']) retrieved from /opt/airflow/dags/dag_run_spark.py
[2026-03-22T14:53:20.342+0000] {logging_mixin.py:151} INFO - [2026-03-22T14:53:20.342+0000] {dag.py:2941} INFO - Sync 1 DAGs
[2026-03-22T14:53:20.355+0000] {logging_mixin.py:151} INFO - [2026-03-22T14:53:20.354+0000] {dag.py:3722} INFO - Setting next_dagrun for 02_test_spark_to_minio to None, run_after=None
[2026-03-22T14:53:20.372+0000] {processor.py:179} INFO - Processing /opt/airflow/dags/dag_run_spark.py took 0.077 seconds
[2026-03-22T14:53:50.420+0000] {processor.py:157} INFO - Started process (PID=186) to work on /opt/airflow/dags/dag_run_spark.py
[2026-03-22T14:53:50.429+0000] {processor.py:829} INFO - Processing file /opt/airflow/dags/dag_run_spark.py for tasks to queue
[2026-03-22T14:53:50.430+0000] {logging_mixin.py:151} INFO - [2026-03-22T14:53:50.429+0000] {dagbag.py:536} INFO - Filling up the DagBag from /opt/airflow/dags/dag_run_spark.py
[2026-03-22T14:53:50.439+0000] {processor.py:839} INFO - DAG(s) dict_keys(['02_test_spark_to_minio']) retrieved from /opt/airflow/dags/dag_run_spark.py
[2026-03-22T14:53:50.465+0000] {logging_mixin.py:151} INFO - [2026-03-22T14:53:50.464+0000] {dag.py:2941} INFO - Sync 1 DAGs
[2026-03-22T14:53:50.479+0000] {logging_mixin.py:151} INFO - [2026-03-22T14:53:50.479+0000] {dag.py:3722} INFO - Setting next_dagrun for 02_test_spark_to_minio to None, run_after=None
[2026-03-22T14:53:50.497+0000] {processor.py:179} INFO - Processing /opt/airflow/dags/dag_run_spark.py took 0.079 seconds
[2026-03-22T14:54:20.605+0000] {processor.py:157} INFO - Started process (PID=191) to work on /opt/airflow/dags/dag_run_spark.py
[2026-03-22T14:54:20.606+0000] {processor.py:829} INFO - Processing file /opt/airflow/dags/dag_run_spark.py for tasks to queue
[2026-03-22T14:54:20.607+0000] {logging_mixin.py:151} INFO - [2026-03-22T14:54:20.607+0000] {dagbag.py:536} INFO - Filling up the DagBag from /opt/airflow/dags/dag_run_spark.py
[2026-03-22T14:54:20.616+0000] {processor.py:839} INFO - DAG(s) dict_keys(['02_test_spark_to_minio']) retrieved from /opt/airflow/dags/dag_run_spark.py
[2026-03-22T14:54:20.642+0000] {logging_mixin.py:151} INFO - [2026-03-22T14:54:20.642+0000] {dag.py:2941} INFO - Sync 1 DAGs
[2026-03-22T14:54:20.658+0000] {logging_mixin.py:151} INFO - [2026-03-22T14:54:20.658+0000] {dag.py:3722} INFO - Setting next_dagrun for 02_test_spark_to_minio to None, run_after=None
[2026-03-22T14:54:20.675+0000] {processor.py:179} INFO - Processing /opt/airflow/dags/dag_run_spark.py took 0.072 seconds
[2026-03-22T14:54:50.734+0000] {processor.py:157} INFO - Started process (PID=196) to work on /opt/airflow/dags/dag_run_spark.py
[2026-03-22T14:54:50.743+0000] {processor.py:829} INFO - Processing file /opt/airflow/dags/dag_run_spark.py for tasks to queue
[2026-03-22T14:54:50.744+0000] {logging_mixin.py:151} INFO - [2026-03-22T14:54:50.744+0000] {dagbag.py:536} INFO - Filling up the DagBag from /opt/airflow/dags/dag_run_spark.py
[2026-03-22T14:54:50.753+0000] {processor.py:839} INFO - DAG(s) dict_keys(['02_test_spark_to_minio']) retrieved from /opt/airflow/dags/dag_run_spark.py
[2026-03-22T14:54:50.780+0000] {logging_mixin.py:151} INFO - [2026-03-22T14:54:50.779+0000] {dag.py:2941} INFO - Sync 1 DAGs
[2026-03-22T14:54:50.794+0000] {logging_mixin.py:151} INFO - [2026-03-22T14:54:50.794+0000] {dag.py:3722} INFO - Setting next_dagrun for 02_test_spark_to_minio to None, run_after=None
[2026-03-22T14:54:50.810+0000] {processor.py:179} INFO - Processing /opt/airflow/dags/dag_run_spark.py took 0.079 seconds
[2026-03-22T14:55:20.899+0000] {processor.py:157} INFO - Started process (PID=260) to work on /opt/airflow/dags/dag_run_spark.py
[2026-03-22T14:55:20.908+0000] {processor.py:829} INFO - Processing file /opt/airflow/dags/dag_run_spark.py for tasks to queue
[2026-03-22T14:55:20.908+0000] {logging_mixin.py:151} INFO - [2026-03-22T14:55:20.908+0000] {dagbag.py:536} INFO - Filling up the DagBag from /opt/airflow/dags/dag_run_spark.py
[2026-03-22T14:55:20.918+0000] {processor.py:839} INFO - DAG(s) dict_keys(['02_test_spark_to_minio']) retrieved from /opt/airflow/dags/dag_run_spark.py
[2026-03-22T14:55:20.944+0000] {logging_mixin.py:151} INFO - [2026-03-22T14:55:20.944+0000] {dag.py:2941} INFO - Sync 1 DAGs
[2026-03-22T14:55:20.958+0000] {logging_mixin.py:151} INFO - [2026-03-22T14:55:20.958+0000] {dag.py:3722} INFO - Setting next_dagrun for 02_test_spark_to_minio to None, run_after=None
[2026-03-22T14:55:20.977+0000] {processor.py:179} INFO - Processing /opt/airflow/dags/dag_run_spark.py took 0.081 seconds
[2026-03-22T14:55:51.042+0000] {processor.py:157} INFO - Started process (PID=397) to work on /opt/airflow/dags/dag_run_spark.py
[2026-03-22T14:55:51.043+0000] {processor.py:829} INFO - Processing file /opt/airflow/dags/dag_run_spark.py for tasks to queue
[2026-03-22T14:55:51.043+0000] {logging_mixin.py:151} INFO - [2026-03-22T14:55:51.043+0000] {dagbag.py:536} INFO - Filling up the DagBag from /opt/airflow/dags/dag_run_spark.py
[2026-03-22T14:55:51.052+0000] {processor.py:839} INFO - DAG(s) dict_keys(['02_test_spark_to_minio']) retrieved from /opt/airflow/dags/dag_run_spark.py
[2026-03-22T14:55:51.079+0000] {logging_mixin.py:151} INFO - [2026-03-22T14:55:51.079+0000] {dag.py:2941} INFO - Sync 1 DAGs
[2026-03-22T14:55:51.093+0000] {logging_mixin.py:151} INFO - [2026-03-22T14:55:51.093+0000] {dag.py:3722} INFO - Setting next_dagrun for 02_test_spark_to_minio to None, run_after=None
[2026-03-22T14:55:51.109+0000] {processor.py:179} INFO - Processing /opt/airflow/dags/dag_run_spark.py took 0.070 seconds
[2026-03-22T14:56:21.215+0000] {processor.py:157} INFO - Started process (PID=402) to work on /opt/airflow/dags/dag_run_spark.py
[2026-03-22T14:56:21.224+0000] {processor.py:829} INFO - Processing file /opt/airflow/dags/dag_run_spark.py for tasks to queue
[2026-03-22T14:56:21.225+0000] {logging_mixin.py:151} INFO - [2026-03-22T14:56:21.225+0000] {dagbag.py:536} INFO - Filling up the DagBag from /opt/airflow/dags/dag_run_spark.py
[2026-03-22T14:56:21.234+0000] {processor.py:839} INFO - DAG(s) dict_keys(['02_test_spark_to_minio']) retrieved from /opt/airflow/dags/dag_run_spark.py
[2026-03-22T14:56:21.264+0000] {logging_mixin.py:151} INFO - [2026-03-22T14:56:21.264+0000] {dag.py:2941} INFO - Sync 1 DAGs
[2026-03-22T14:56:21.278+0000] {logging_mixin.py:151} INFO - [2026-03-22T14:56:21.278+0000] {dag.py:3722} INFO - Setting next_dagrun for 02_test_spark_to_minio to None, run_after=None
[2026-03-22T14:56:21.301+0000] {processor.py:179} INFO - Processing /opt/airflow/dags/dag_run_spark.py took 0.088 seconds
[2026-03-22T14:56:51.348+0000] {processor.py:157} INFO - Started process (PID=407) to work on /opt/airflow/dags/dag_run_spark.py
[2026-03-22T14:56:51.357+0000] {processor.py:829} INFO - Processing file /opt/airflow/dags/dag_run_spark.py for tasks to queue
[2026-03-22T14:56:51.358+0000] {logging_mixin.py:151} INFO - [2026-03-22T14:56:51.357+0000] {dagbag.py:536} INFO - Filling up the DagBag from /opt/airflow/dags/dag_run_spark.py
[2026-03-22T14:56:51.367+0000] {processor.py:839} INFO - DAG(s) dict_keys(['02_test_spark_to_minio']) retrieved from /opt/airflow/dags/dag_run_spark.py
[2026-03-22T14:56:51.394+0000] {logging_mixin.py:151} INFO - [2026-03-22T14:56:51.393+0000] {dag.py:2941} INFO - Sync 1 DAGs
[2026-03-22T14:56:51.407+0000] {logging_mixin.py:151} INFO - [2026-03-22T14:56:51.407+0000] {dag.py:3722} INFO - Setting next_dagrun for 02_test_spark_to_minio to None, run_after=None
[2026-03-22T14:56:51.427+0000] {processor.py:179} INFO - Processing /opt/airflow/dags/dag_run_spark.py took 0.081 seconds
[2026-03-22T14:57:21.539+0000] {processor.py:157} INFO - Started process (PID=412) to work on /opt/airflow/dags/dag_run_spark.py
[2026-03-22T14:57:21.547+0000] {processor.py:829} INFO - Processing file /opt/airflow/dags/dag_run_spark.py for tasks to queue
[2026-03-22T14:57:21.548+0000] {logging_mixin.py:151} INFO - [2026-03-22T14:57:21.548+0000] {dagbag.py:536} INFO - Filling up the DagBag from /opt/airflow/dags/dag_run_spark.py
[2026-03-22T14:57:21.560+0000] {processor.py:839} INFO - DAG(s) dict_keys(['02_test_spark_to_minio']) retrieved from /opt/airflow/dags/dag_run_spark.py
[2026-03-22T14:57:21.587+0000] {logging_mixin.py:151} INFO - [2026-03-22T14:57:21.587+0000] {dag.py:2941} INFO - Sync 1 DAGs
[2026-03-22T14:57:21.603+0000] {logging_mixin.py:151} INFO - [2026-03-22T14:57:21.603+0000] {dag.py:3722} INFO - Setting next_dagrun for 02_test_spark_to_minio to None, run_after=None
[2026-03-22T14:57:21.621+0000] {processor.py:179} INFO - Processing /opt/airflow/dags/dag_run_spark.py took 0.085 seconds
[2026-03-22T14:57:51.675+0000] {processor.py:157} INFO - Started process (PID=417) to work on /opt/airflow/dags/dag_run_spark.py
[2026-03-22T14:57:51.677+0000] {processor.py:829} INFO - Processing file /opt/airflow/dags/dag_run_spark.py for tasks to queue
[2026-03-22T14:57:51.678+0000] {logging_mixin.py:151} INFO - [2026-03-22T14:57:51.678+0000] {dagbag.py:536} INFO - Filling up the DagBag from /opt/airflow/dags/dag_run_spark.py
[2026-03-22T14:57:51.688+0000] {processor.py:839} INFO - DAG(s) dict_keys(['02_test_spark_to_minio']) retrieved from /opt/airflow/dags/dag_run_spark.py
[2026-03-22T14:57:51.715+0000] {logging_mixin.py:151} INFO - [2026-03-22T14:57:51.715+0000] {dag.py:2941} INFO - Sync 1 DAGs
[2026-03-22T14:57:51.729+0000] {logging_mixin.py:151} INFO - [2026-03-22T14:57:51.729+0000] {dag.py:3722} INFO - Setting next_dagrun for 02_test_spark_to_minio to None, run_after=None
[2026-03-22T14:57:51.747+0000] {processor.py:179} INFO - Processing /opt/airflow/dags/dag_run_spark.py took 0.077 seconds
[2026-03-22T14:58:21.852+0000] {processor.py:157} INFO - Started process (PID=422) to work on /opt/airflow/dags/dag_run_spark.py
[2026-03-22T14:58:21.854+0000] {processor.py:829} INFO - Processing file /opt/airflow/dags/dag_run_spark.py for tasks to queue
[2026-03-22T14:58:21.854+0000] {logging_mixin.py:151} INFO - [2026-03-22T14:58:21.854+0000] {dagbag.py:536} INFO - Filling up the DagBag from /opt/airflow/dags/dag_run_spark.py
[2026-03-22T14:58:21.865+0000] {processor.py:839} INFO - DAG(s) dict_keys(['02_test_spark_to_minio']) retrieved from /opt/airflow/dags/dag_run_spark.py
[2026-03-22T14:58:21.890+0000] {logging_mixin.py:151} INFO - [2026-03-22T14:58:21.890+0000] {dag.py:2941} INFO - Sync 1 DAGs
[2026-03-22T14:58:21.903+0000] {logging_mixin.py:151} INFO - [2026-03-22T14:58:21.903+0000] {dag.py:3722} INFO - Setting next_dagrun for 02_test_spark_to_minio to None, run_after=None
[2026-03-22T14:58:21.921+0000] {processor.py:179} INFO - Processing /opt/airflow/dags/dag_run_spark.py took 0.071 seconds
[2026-03-22T14:58:51.984+0000] {processor.py:157} INFO - Started process (PID=427) to work on /opt/airflow/dags/dag_run_spark.py
[2026-03-22T14:58:51.993+0000] {processor.py:829} INFO - Processing file /opt/airflow/dags/dag_run_spark.py for tasks to queue
[2026-03-22T14:58:51.994+0000] {logging_mixin.py:151} INFO - [2026-03-22T14:58:51.994+0000] {dagbag.py:536} INFO - Filling up the DagBag from /opt/airflow/dags/dag_run_spark.py
[2026-03-22T14:58:52.004+0000] {processor.py:839} INFO - DAG(s) dict_keys(['02_test_spark_to_minio']) retrieved from /opt/airflow/dags/dag_run_spark.py
[2026-03-22T14:58:52.032+0000] {logging_mixin.py:151} INFO - [2026-03-22T14:58:52.032+0000] {dag.py:2941} INFO - Sync 1 DAGs
[2026-03-22T14:58:52.046+0000] {logging_mixin.py:151} INFO - [2026-03-22T14:58:52.046+0000] {dag.py:3722} INFO - Setting next_dagrun for 02_test_spark_to_minio to None, run_after=None
[2026-03-22T14:58:52.064+0000] {processor.py:179} INFO - Processing /opt/airflow/dags/dag_run_spark.py took 0.083 seconds
[2026-03-22T14:59:22.156+0000] {processor.py:157} INFO - Started process (PID=478) to work on /opt/airflow/dags/dag_run_spark.py
[2026-03-22T14:59:22.157+0000] {processor.py:829} INFO - Processing file /opt/airflow/dags/dag_run_spark.py for tasks to queue
[2026-03-22T14:59:22.158+0000] {logging_mixin.py:151} INFO - [2026-03-22T14:59:22.157+0000] {dagbag.py:536} INFO - Filling up the DagBag from /opt/airflow/dags/dag_run_spark.py
[2026-03-22T14:59:22.169+0000] {processor.py:839} INFO - DAG(s) dict_keys(['02_test_spark_to_minio']) retrieved from /opt/airflow/dags/dag_run_spark.py
[2026-03-22T14:59:22.205+0000] {logging_mixin.py:151} INFO - [2026-03-22T14:59:22.205+0000] {dag.py:2941} INFO - Sync 1 DAGs
[2026-03-22T14:59:22.226+0000] {logging_mixin.py:151} INFO - [2026-03-22T14:59:22.225+0000] {dag.py:3722} INFO - Setting next_dagrun for 02_test_spark_to_minio to None, run_after=None
[2026-03-22T14:59:22.254+0000] {processor.py:179} INFO - Processing /opt/airflow/dags/dag_run_spark.py took 0.102 seconds
[2026-03-22T14:59:52.311+0000] {processor.py:157} INFO - Started process (PID=660) to work on /opt/airflow/dags/dag_run_spark.py
[2026-03-22T14:59:52.320+0000] {processor.py:829} INFO - Processing file /opt/airflow/dags/dag_run_spark.py for tasks to queue
[2026-03-22T14:59:52.320+0000] {logging_mixin.py:151} INFO - [2026-03-22T14:59:52.320+0000] {dagbag.py:536} INFO - Filling up the DagBag from /opt/airflow/dags/dag_run_spark.py
[2026-03-22T14:59:52.329+0000] {processor.py:839} INFO - DAG(s) dict_keys(['02_test_spark_to_minio']) retrieved from /opt/airflow/dags/dag_run_spark.py
[2026-03-22T14:59:52.355+0000] {logging_mixin.py:151} INFO - [2026-03-22T14:59:52.355+0000] {dag.py:2941} INFO - Sync 1 DAGs
[2026-03-22T14:59:52.369+0000] {logging_mixin.py:151} INFO - [2026-03-22T14:59:52.369+0000] {dag.py:3722} INFO - Setting next_dagrun for 02_test_spark_to_minio to None, run_after=None
[2026-03-22T14:59:52.386+0000] {processor.py:179} INFO - Processing /opt/airflow/dags/dag_run_spark.py took 0.078 seconds
[2026-03-22T15:00:22.501+0000] {processor.py:157} INFO - Started process (PID=665) to work on /opt/airflow/dags/dag_run_spark.py
[2026-03-22T15:00:22.509+0000] {processor.py:829} INFO - Processing file /opt/airflow/dags/dag_run_spark.py for tasks to queue
[2026-03-22T15:00:22.510+0000] {logging_mixin.py:151} INFO - [2026-03-22T15:00:22.510+0000] {dagbag.py:536} INFO - Filling up the DagBag from /opt/airflow/dags/dag_run_spark.py
[2026-03-22T15:00:22.520+0000] {processor.py:839} INFO - DAG(s) dict_keys(['02_test_spark_to_minio']) retrieved from /opt/airflow/dags/dag_run_spark.py
[2026-03-22T15:00:22.546+0000] {logging_mixin.py:151} INFO - [2026-03-22T15:00:22.546+0000] {dag.py:2941} INFO - Sync 1 DAGs
[2026-03-22T15:00:22.560+0000] {logging_mixin.py:151} INFO - [2026-03-22T15:00:22.560+0000] {dag.py:3722} INFO - Setting next_dagrun for 02_test_spark_to_minio to None, run_after=None
[2026-03-22T15:00:22.579+0000] {processor.py:179} INFO - Processing /opt/airflow/dags/dag_run_spark.py took 0.081 seconds
[2026-03-22T15:00:52.628+0000] {processor.py:157} INFO - Started process (PID=670) to work on /opt/airflow/dags/dag_run_spark.py
[2026-03-22T15:00:52.629+0000] {processor.py:829} INFO - Processing file /opt/airflow/dags/dag_run_spark.py for tasks to queue
[2026-03-22T15:00:52.630+0000] {logging_mixin.py:151} INFO - [2026-03-22T15:00:52.630+0000] {dagbag.py:536} INFO - Filling up the DagBag from /opt/airflow/dags/dag_run_spark.py
[2026-03-22T15:00:52.640+0000] {processor.py:839} INFO - DAG(s) dict_keys(['02_test_spark_to_minio']) retrieved from /opt/airflow/dags/dag_run_spark.py
[2026-03-22T15:00:52.669+0000] {logging_mixin.py:151} INFO - [2026-03-22T15:00:52.669+0000] {dag.py:2941} INFO - Sync 1 DAGs
[2026-03-22T15:00:52.684+0000] {logging_mixin.py:151} INFO - [2026-03-22T15:00:52.684+0000] {dag.py:3722} INFO - Setting next_dagrun for 02_test_spark_to_minio to None, run_after=None
[2026-03-22T15:00:52.705+0000] {processor.py:179} INFO - Processing /opt/airflow/dags/dag_run_spark.py took 0.079 seconds
[2026-03-22T15:01:22.810+0000] {processor.py:157} INFO - Started process (PID=675) to work on /opt/airflow/dags/dag_run_spark.py
[2026-03-22T15:01:22.819+0000] {processor.py:829} INFO - Processing file /opt/airflow/dags/dag_run_spark.py for tasks to queue
[2026-03-22T15:01:22.819+0000] {logging_mixin.py:151} INFO - [2026-03-22T15:01:22.819+0000] {dagbag.py:536} INFO - Filling up the DagBag from /opt/airflow/dags/dag_run_spark.py
[2026-03-22T15:01:22.829+0000] {processor.py:839} INFO - DAG(s) dict_keys(['02_test_spark_to_minio']) retrieved from /opt/airflow/dags/dag_run_spark.py
[2026-03-22T15:01:22.854+0000] {logging_mixin.py:151} INFO - [2026-03-22T15:01:22.854+0000] {dag.py:2941} INFO - Sync 1 DAGs
[2026-03-22T15:01:22.868+0000] {logging_mixin.py:151} INFO - [2026-03-22T15:01:22.868+0000] {dag.py:3722} INFO - Setting next_dagrun for 02_test_spark_to_minio to None, run_after=None
[2026-03-22T15:01:22.887+0000] {processor.py:179} INFO - Processing /opt/airflow/dags/dag_run_spark.py took 0.080 seconds
[2026-03-22T15:01:52.940+0000] {processor.py:157} INFO - Started process (PID=680) to work on /opt/airflow/dags/dag_run_spark.py
[2026-03-22T15:01:52.949+0000] {processor.py:829} INFO - Processing file /opt/airflow/dags/dag_run_spark.py for tasks to queue
[2026-03-22T15:01:52.950+0000] {logging_mixin.py:151} INFO - [2026-03-22T15:01:52.949+0000] {dagbag.py:536} INFO - Filling up the DagBag from /opt/airflow/dags/dag_run_spark.py
[2026-03-22T15:01:52.959+0000] {processor.py:839} INFO - DAG(s) dict_keys(['02_test_spark_to_minio']) retrieved from /opt/airflow/dags/dag_run_spark.py
[2026-03-22T15:01:52.986+0000] {logging_mixin.py:151} INFO - [2026-03-22T15:01:52.986+0000] {dag.py:2941} INFO - Sync 1 DAGs
[2026-03-22T15:01:53.001+0000] {logging_mixin.py:151} INFO - [2026-03-22T15:01:53.001+0000] {dag.py:3722} INFO - Setting next_dagrun for 02_test_spark_to_minio to None, run_after=None
[2026-03-22T15:01:53.019+0000] {processor.py:179} INFO - Processing /opt/airflow/dags/dag_run_spark.py took 0.082 seconds
[2026-03-22T15:02:23.133+0000] {processor.py:157} INFO - Started process (PID=685) to work on /opt/airflow/dags/dag_run_spark.py
[2026-03-22T15:02:23.134+0000] {processor.py:829} INFO - Processing file /opt/airflow/dags/dag_run_spark.py for tasks to queue
[2026-03-22T15:02:23.134+0000] {logging_mixin.py:151} INFO - [2026-03-22T15:02:23.134+0000] {dagbag.py:536} INFO - Filling up the DagBag from /opt/airflow/dags/dag_run_spark.py
[2026-03-22T15:02:23.144+0000] {processor.py:839} INFO - DAG(s) dict_keys(['02_test_spark_to_minio']) retrieved from /opt/airflow/dags/dag_run_spark.py
[2026-03-22T15:02:23.170+0000] {logging_mixin.py:151} INFO - [2026-03-22T15:02:23.170+0000] {dag.py:2941} INFO - Sync 1 DAGs
[2026-03-22T15:02:23.183+0000] {logging_mixin.py:151} INFO - [2026-03-22T15:02:23.183+0000] {dag.py:3722} INFO - Setting next_dagrun for 02_test_spark_to_minio to None, run_after=None
[2026-03-22T15:02:23.202+0000] {processor.py:179} INFO - Processing /opt/airflow/dags/dag_run_spark.py took 0.072 seconds
