[2026-04-02T11:03:55.379+0000] {taskinstance.py:1159} INFO - Dependencies all met for dep_context=non-requeueable deps ti=<TaskInstance: silver_spark_processor.process_silver_orders manual__2026-04-02T10:55:44.325453+00:00 [queued]>
[2026-04-02T11:03:55.395+0000] {taskinstance.py:1159} INFO - Dependencies all met for dep_context=requeueable deps ti=<TaskInstance: silver_spark_processor.process_silver_orders manual__2026-04-02T10:55:44.325453+00:00 [queued]>
[2026-04-02T11:03:55.396+0000] {taskinstance.py:1361} INFO - Starting attempt 3 of 4
[2026-04-02T11:03:55.432+0000] {taskinstance.py:1382} INFO - Executing <Task(SparkSubmitOperator): process_silver_orders> on 2026-04-02 10:55:44.325453+00:00
[2026-04-02T11:03:55.446+0000] {standard_task_runner.py:57} INFO - Started process 5781 to run task
[2026-04-02T11:03:55.454+0000] {standard_task_runner.py:84} INFO - Running: ['airflow', 'tasks', 'run', 'silver_spark_processor', 'process_silver_orders', 'manual__2026-04-02T10:55:44.325453+00:00', '--job-id', '267', '--raw', '--subdir', 'DAGS_FOLDER/silver_processor_dag.py', '--cfg-path', '/tmp/tmp5z9kz66z']
[2026-04-02T11:03:55.459+0000] {standard_task_runner.py:85} INFO - Job 267: Subtask process_silver_orders
[2026-04-02T11:03:55.600+0000] {task_command.py:416} INFO - Running <TaskInstance: silver_spark_processor.process_silver_orders manual__2026-04-02T10:55:44.325453+00:00 [running]> on host 1115d2cb4d12
[2026-04-02T11:03:55.814+0000] {taskinstance.py:1662} INFO - Exporting env vars: AIRFLOW_CTX_DAG_OWNER='data-team' AIRFLOW_CTX_DAG_ID='silver_spark_processor' AIRFLOW_CTX_TASK_ID='process_silver_orders' AIRFLOW_CTX_EXECUTION_DATE='2026-04-02T10:55:44.325453+00:00' AIRFLOW_CTX_TRY_NUMBER='3' AIRFLOW_CTX_DAG_RUN_ID='manual__2026-04-02T10:55:44.325453+00:00'
[2026-04-02T11:03:55.837+0000] {base.py:73} INFO - Using connection ID 'spark_default' for task execution.
[2026-04-02T11:03:55.838+0000] {spark_submit.py:340} INFO - Spark-Submit cmd: spark-submit --master spark://spark-master:7077 --executor-cores 1 --executor-memory 1g --driver-memory 1g --name airflow_silver_orders /opt/airflow/etl/silver/main_silver.py --table_name orders --merge_key order_id --is_cdc true --json_schema order_id STRING, customer_id STRING, order_status STRING, order_purchase_timestamp STRING, order_approved_at STRING, order_delivered_carrier_date STRING, order_delivered_customer_date STRING, order_estimated_delivery_date STRING
[2026-04-02T11:03:56.168+0000] {spark_submit.py:491} INFO - /home/airflow/.local/lib/python3.10/site-packages/pyspark/bin/load-spark-env.sh: line 68: ps: command not found
[2026-04-02T11:04:00.375+0000] {spark_submit.py:491} INFO - Traceback (most recent call last):
[2026-04-02T11:04:00.375+0000] {spark_submit.py:491} INFO - File "/opt/airflow/etl/silver/main_silver.py", line 6, in <module>
[2026-04-02T11:04:00.375+0000] {spark_submit.py:491} INFO - from silver_processor import process_silver_layer
[2026-04-02T11:04:00.375+0000] {spark_submit.py:491} INFO - File "/opt/airflow/etl/silver/silver_processor.py", line 5, in <module>
[2026-04-02T11:04:00.375+0000] {spark_submit.py:491} INFO - from delta.tables import DeltaTable
[2026-04-02T11:04:00.375+0000] {spark_submit.py:491} INFO - ModuleNotFoundError: No module named 'delta'
[2026-04-02T11:04:00.481+0000] {spark_submit.py:491} INFO - 26/04/02 11:04:00 INFO ShutdownHookManager: Shutdown hook called
[2026-04-02T11:04:00.487+0000] {spark_submit.py:491} INFO - 26/04/02 11:04:00 INFO ShutdownHookManager: Deleting directory /tmp/spark-ed8d571a-ae21-41f0-9b5c-111d61c8ff0e
[2026-04-02T11:04:00.548+0000] {taskinstance.py:1937} ERROR - Task failed with exception
Traceback (most recent call last):
  File "/home/airflow/.local/lib/python3.10/site-packages/airflow/providers/apache/spark/operators/spark_submit.py", line 156, in execute
    self._hook.submit(self._application)
  File "/home/airflow/.local/lib/python3.10/site-packages/airflow/providers/apache/spark/hooks/spark_submit.py", line 422, in submit
    raise AirflowException(
airflow.exceptions.AirflowException: Cannot execute: spark-submit --master spark://spark-master:7077 --executor-cores 1 --executor-memory 1g --driver-memory 1g --name airflow_silver_orders /opt/airflow/etl/silver/main_silver.py --table_name orders --merge_key order_id --is_cdc true --json_schema order_id STRING, customer_id STRING, order_status STRING, order_purchase_timestamp STRING, order_approved_at STRING, order_delivered_carrier_date STRING, order_delivered_customer_date STRING, order_estimated_delivery_date STRING. Error code is: 1.
[2026-04-02T11:04:00.550+0000] {taskinstance.py:1400} INFO - Marking task as UP_FOR_RETRY. dag_id=silver_spark_processor, task_id=process_silver_orders, execution_date=20260402T105544, start_date=20260402T110355, end_date=20260402T110400
[2026-04-02T11:04:00.575+0000] {standard_task_runner.py:104} ERROR - Failed to execute job 267 for task process_silver_orders (Cannot execute: spark-submit --master spark://spark-master:7077 --executor-cores 1 --executor-memory 1g --driver-memory 1g --name airflow_silver_orders /opt/airflow/etl/silver/main_silver.py --table_name orders --merge_key order_id --is_cdc true --json_schema order_id STRING, customer_id STRING, order_status STRING, order_purchase_timestamp STRING, order_approved_at STRING, order_delivered_carrier_date STRING, order_delivered_customer_date STRING, order_estimated_delivery_date STRING. Error code is: 1.; 5781)
[2026-04-02T11:04:00.605+0000] {local_task_job_runner.py:228} INFO - Task exited with return code 1
[2026-04-02T11:04:00.634+0000] {taskinstance.py:2778} INFO - 0 downstream tasks scheduled from follow-on schedule check
