[2026-04-04T09:17:50.731+0000] {taskinstance.py:1159} INFO - Dependencies all met for dep_context=non-requeueable deps ti=<TaskInstance: silver_spark_processor.process_silver_customers scheduled__2026-04-03T00:00:00+00:00 [queued]>
[2026-04-04T09:17:50.744+0000] {taskinstance.py:1159} INFO - Dependencies all met for dep_context=requeueable deps ti=<TaskInstance: silver_spark_processor.process_silver_customers scheduled__2026-04-03T00:00:00+00:00 [queued]>
[2026-04-04T09:17:50.744+0000] {taskinstance.py:1361} INFO - Starting attempt 1 of 2
[2026-04-04T09:17:50.761+0000] {taskinstance.py:1382} INFO - Executing <Task(SparkSubmitOperator): process_silver_customers> on 2026-04-03 00:00:00+00:00
[2026-04-04T09:17:50.769+0000] {standard_task_runner.py:57} INFO - Started process 182 to run task
[2026-04-04T09:17:50.772+0000] {standard_task_runner.py:84} INFO - Running: ['airflow', 'tasks', 'run', 'silver_spark_processor', 'process_silver_customers', 'scheduled__2026-04-03T00:00:00+00:00', '--job-id', '658', '--raw', '--subdir', 'DAGS_FOLDER/silver_processor_dag.py', '--cfg-path', '/tmp/tmpwbtp9ysn']
[2026-04-04T09:17:50.775+0000] {standard_task_runner.py:85} INFO - Job 658: Subtask process_silver_customers
[2026-04-04T09:17:50.834+0000] {task_command.py:416} INFO - Running <TaskInstance: silver_spark_processor.process_silver_customers scheduled__2026-04-03T00:00:00+00:00 [running]> on host 03c232fb577d
[2026-04-04T09:17:50.945+0000] {taskinstance.py:1662} INFO - Exporting env vars: AIRFLOW_CTX_DAG_OWNER='data-team' AIRFLOW_CTX_DAG_ID='silver_spark_processor' AIRFLOW_CTX_TASK_ID='process_silver_customers' AIRFLOW_CTX_EXECUTION_DATE='2026-04-03T00:00:00+00:00' AIRFLOW_CTX_TRY_NUMBER='1' AIRFLOW_CTX_DAG_RUN_ID='scheduled__2026-04-03T00:00:00+00:00'
[2026-04-04T09:17:50.957+0000] {base.py:73} INFO - Using connection ID 'spark_default' for task execution.
[2026-04-04T09:17:50.961+0000] {spark_submit.py:340} INFO - Spark-Submit cmd: spark-submit --master spark://spark-master:7077 --conf spark.sql.extensions=io.delta.sql.DeltaSparkSessionExtension --conf spark.sql.catalog.spark_catalog=org.apache.spark.sql.delta.catalog.DeltaCatalog --conf spark.databricks.delta.schema.autoMerge.enabled=true --conf spark.hadoop.fs.s3a.endpoint=http://minio:9000 --conf spark.hadoop.fs.s3a.access.key=minio --conf spark.hadoop.fs.s3a.secret.key=****** --conf spark.hadoop.fs.s3a.path.style.access=true --conf spark.hadoop.fs.s3a.connection.ssl.enabled=false --conf spark.hadoop.fs.s3a.impl=org.apache.hadoop.fs.s3a.S3AFileSystem --conf spark.sql.parquet.enableVectorizedReader=false --conf spark.sql.legacy.parquet.nanosAsLong=true --conf spark.sql.parquet.int64RebaseModeInRead=LEGACY --conf spark.sql.parquet.datetimeRebaseModeInRead=LEGACY --jars /opt/airflow/etl/jars/hadoop-aws-3.3.2.jar,/opt/airflow/etl/jars/aws-java-sdk-bundle-1.11.1026.jar,/opt/airflow/etl/jars/delta-core_2.12-2.3.0.jar,/opt/airflow/etl/jars/delta-storage-2.3.0.jar,/opt/airflow/etl/jars/mysql-connector-java-8.0.28.jar --executor-cores 1 --executor-memory 1g --driver-memory 512m --name airflow_silver_customers --verbose /opt/airflow/etl/silver/main_silver.py --table_name customers --merge_key customer_id --is_cdc false --json_schema 
[2026-04-04T09:17:51.068+0000] {spark_submit.py:491} INFO - /home/airflow/.local/lib/python3.10/site-packages/pyspark/bin/load-spark-env.sh: line 68: ps: command not found
[2026-04-04T09:17:53.798+0000] {spark_submit.py:491} INFO - Using properties file: null
[2026-04-04T09:17:53.948+0000] {spark_submit.py:491} INFO - Parsed arguments:
[2026-04-04T09:17:53.948+0000] {spark_submit.py:491} INFO - master                  spark://spark-master:7077
[2026-04-04T09:17:53.948+0000] {spark_submit.py:491} INFO - deployMode              null
[2026-04-04T09:17:53.948+0000] {spark_submit.py:491} INFO - executorMemory          1g
[2026-04-04T09:17:53.948+0000] {spark_submit.py:491} INFO - executorCores           1
[2026-04-04T09:17:53.948+0000] {spark_submit.py:491} INFO - totalExecutorCores      null
[2026-04-04T09:17:53.948+0000] {spark_submit.py:491} INFO - propertiesFile          null
[2026-04-04T09:17:53.948+0000] {spark_submit.py:491} INFO - driverMemory            512m
[2026-04-04T09:17:53.948+0000] {spark_submit.py:491} INFO - driverCores             null
[2026-04-04T09:17:53.949+0000] {spark_submit.py:491} INFO - driverExtraClassPath    null
[2026-04-04T09:17:53.949+0000] {spark_submit.py:491} INFO - driverExtraLibraryPath  null
[2026-04-04T09:17:53.949+0000] {spark_submit.py:491} INFO - driverExtraJavaOptions  null
[2026-04-04T09:17:53.949+0000] {spark_submit.py:491} INFO - supervise               false
[2026-04-04T09:17:53.949+0000] {spark_submit.py:491} INFO - queue                   null
[2026-04-04T09:17:53.949+0000] {spark_submit.py:491} INFO - numExecutors            null
[2026-04-04T09:17:53.949+0000] {spark_submit.py:491} INFO - files                   null
[2026-04-04T09:17:53.949+0000] {spark_submit.py:491} INFO - pyFiles                 null
[2026-04-04T09:17:53.949+0000] {spark_submit.py:491} INFO - archives                null
[2026-04-04T09:17:53.949+0000] {spark_submit.py:491} INFO - mainClass               null
[2026-04-04T09:17:53.949+0000] {spark_submit.py:491} INFO - primaryResource         file:/opt/airflow/etl/silver/main_silver.py
[2026-04-04T09:17:53.949+0000] {spark_submit.py:491} INFO - name                    airflow_silver_customers
[2026-04-04T09:17:53.949+0000] {spark_submit.py:491} INFO - childArgs               [--table_name customers --merge_key customer_id --is_cdc false --json_schema ]
[2026-04-04T09:17:53.949+0000] {spark_submit.py:491} INFO - jars                    file:/opt/airflow/etl/jars/hadoop-aws-3.3.2.jar,file:/opt/airflow/etl/jars/aws-java-sdk-bundle-1.11.1026.jar,file:/opt/airflow/etl/jars/delta-core_2.12-2.3.0.jar,file:/opt/airflow/etl/jars/delta-storage-2.3.0.jar,file:/opt/airflow/etl/jars/mysql-connector-java-8.0.28.jar
[2026-04-04T09:17:53.949+0000] {spark_submit.py:491} INFO - packages                null
[2026-04-04T09:17:53.949+0000] {spark_submit.py:491} INFO - packagesExclusions      null
[2026-04-04T09:17:53.950+0000] {spark_submit.py:491} INFO - repositories            null
[2026-04-04T09:17:53.950+0000] {spark_submit.py:491} INFO - verbose                 true
[2026-04-04T09:17:53.950+0000] {spark_submit.py:491} INFO - 
[2026-04-04T09:17:53.950+0000] {spark_submit.py:491} INFO - Spark properties used, including those specified through
[2026-04-04T09:17:53.950+0000] {spark_submit.py:491} INFO - --conf and those from the properties file null:
[2026-04-04T09:17:53.950+0000] {spark_submit.py:491} INFO - (spark.databricks.delta.schema.autoMerge.enabled,true)
[2026-04-04T09:17:53.950+0000] {spark_submit.py:491} INFO - (spark.driver.memory,512m)
[2026-04-04T09:17:53.950+0000] {spark_submit.py:491} INFO - (spark.hadoop.fs.s3a.access.key,*********(redacted))
[2026-04-04T09:17:53.950+0000] {spark_submit.py:491} INFO - (spark.hadoop.fs.s3a.connection.ssl.enabled,false)
[2026-04-04T09:17:53.950+0000] {spark_submit.py:491} INFO - (spark.hadoop.fs.s3a.endpoint,http://minio:9000)
[2026-04-04T09:17:53.950+0000] {spark_submit.py:491} INFO - (spark.hadoop.fs.s3a.impl,org.apache.hadoop.fs.s3a.S3AFileSystem)
[2026-04-04T09:17:53.950+0000] {spark_submit.py:491} INFO - (spark.hadoop.fs.s3a.path.style.access,true)
[2026-04-04T09:17:53.950+0000] {spark_submit.py:491} INFO - (spark.hadoop.fs.s3a.secret.key,*********(redacted))
[2026-04-04T09:17:53.950+0000] {spark_submit.py:491} INFO - (spark.sql.catalog.spark_catalog,org.apache.spark.sql.delta.catalog.DeltaCatalog)
[2026-04-04T09:17:53.950+0000] {spark_submit.py:491} INFO - (spark.sql.extensions,io.delta.sql.DeltaSparkSessionExtension)
[2026-04-04T09:17:53.950+0000] {spark_submit.py:491} INFO - (spark.sql.legacy.parquet.nanosAsLong,true)
[2026-04-04T09:17:53.950+0000] {spark_submit.py:491} INFO - (spark.sql.parquet.datetimeRebaseModeInRead,LEGACY)
[2026-04-04T09:17:53.951+0000] {spark_submit.py:491} INFO - (spark.sql.parquet.enableVectorizedReader,false)
[2026-04-04T09:17:53.951+0000] {spark_submit.py:491} INFO - (spark.sql.parquet.int64RebaseModeInRead,LEGACY)
[2026-04-04T09:17:53.951+0000] {spark_submit.py:491} INFO - 
[2026-04-04T09:17:53.951+0000] {spark_submit.py:491} INFO - 
[2026-04-04T09:17:54.416+0000] {spark_submit.py:491} INFO - 26/04/04 09:17:54 WARN NativeCodeLoader: Unable to load native-hadoop library for your platform... using builtin-java classes where applicable
[2026-04-04T09:17:54.661+0000] {spark_submit.py:491} INFO - Main class:
[2026-04-04T09:17:54.662+0000] {spark_submit.py:491} INFO - org.apache.spark.deploy.PythonRunner
[2026-04-04T09:17:54.662+0000] {spark_submit.py:491} INFO - Arguments:
[2026-04-04T09:17:54.662+0000] {spark_submit.py:491} INFO - file:/opt/airflow/etl/silver/main_silver.py
[2026-04-04T09:17:54.663+0000] {spark_submit.py:491} INFO - null
[2026-04-04T09:17:54.663+0000] {spark_submit.py:491} INFO - --table_name
[2026-04-04T09:17:54.663+0000] {spark_submit.py:491} INFO - customers
[2026-04-04T09:17:54.663+0000] {spark_submit.py:491} INFO - --merge_key
[2026-04-04T09:17:54.663+0000] {spark_submit.py:491} INFO - customer_id
[2026-04-04T09:17:54.663+0000] {spark_submit.py:491} INFO - --is_cdc
[2026-04-04T09:17:54.663+0000] {spark_submit.py:491} INFO - false
[2026-04-04T09:17:54.663+0000] {spark_submit.py:491} INFO - --json_schema
[2026-04-04T09:17:54.663+0000] {spark_submit.py:491} INFO - 
[2026-04-04T09:17:54.667+0000] {spark_submit.py:491} INFO - Spark config:
[2026-04-04T09:17:54.668+0000] {spark_submit.py:491} INFO - (spark.app.name,airflow_silver_customers)
[2026-04-04T09:17:54.668+0000] {spark_submit.py:491} INFO - (spark.app.submitTime,1775294274640)
[2026-04-04T09:17:54.668+0000] {spark_submit.py:491} INFO - (spark.databricks.delta.schema.autoMerge.enabled,true)
[2026-04-04T09:17:54.668+0000] {spark_submit.py:491} INFO - (spark.driver.memory,512m)
[2026-04-04T09:17:54.668+0000] {spark_submit.py:491} INFO - (spark.executor.cores,1)
[2026-04-04T09:17:54.668+0000] {spark_submit.py:491} INFO - (spark.executor.memory,1g)
[2026-04-04T09:17:54.668+0000] {spark_submit.py:491} INFO - (spark.hadoop.fs.s3a.access.key,*********(redacted))
[2026-04-04T09:17:54.668+0000] {spark_submit.py:491} INFO - (spark.hadoop.fs.s3a.connection.ssl.enabled,false)
[2026-04-04T09:17:54.668+0000] {spark_submit.py:491} INFO - (spark.hadoop.fs.s3a.endpoint,http://minio:9000)
[2026-04-04T09:17:54.668+0000] {spark_submit.py:491} INFO - (spark.hadoop.fs.s3a.impl,org.apache.hadoop.fs.s3a.S3AFileSystem)
[2026-04-04T09:17:54.668+0000] {spark_submit.py:491} INFO - (spark.hadoop.fs.s3a.path.style.access,true)
[2026-04-04T09:17:54.669+0000] {spark_submit.py:491} INFO - (spark.hadoop.fs.s3a.secret.key,*********(redacted))
[2026-04-04T09:17:54.669+0000] {spark_submit.py:491} INFO - (spark.jars,file:///opt/airflow/etl/jars/hadoop-aws-3.3.2.jar,file:///opt/airflow/etl/jars/aws-java-sdk-bundle-1.11.1026.jar,file:///opt/airflow/etl/jars/delta-core_2.12-2.3.0.jar,file:///opt/airflow/etl/jars/delta-storage-2.3.0.jar,file:///opt/airflow/etl/jars/mysql-connector-java-8.0.28.jar)
[2026-04-04T09:17:54.669+0000] {spark_submit.py:491} INFO - (spark.master,spark://spark-master:7077)
[2026-04-04T09:17:54.669+0000] {spark_submit.py:491} INFO - (spark.repl.local.jars,file:///opt/airflow/etl/jars/hadoop-aws-3.3.2.jar,file:///opt/airflow/etl/jars/aws-java-sdk-bundle-1.11.1026.jar,file:///opt/airflow/etl/jars/delta-core_2.12-2.3.0.jar,file:///opt/airflow/etl/jars/delta-storage-2.3.0.jar,file:///opt/airflow/etl/jars/mysql-connector-java-8.0.28.jar)
[2026-04-04T09:17:54.669+0000] {spark_submit.py:491} INFO - (spark.sql.catalog.spark_catalog,org.apache.spark.sql.delta.catalog.DeltaCatalog)
[2026-04-04T09:17:54.669+0000] {spark_submit.py:491} INFO - (spark.sql.extensions,io.delta.sql.DeltaSparkSessionExtension)
[2026-04-04T09:17:54.669+0000] {spark_submit.py:491} INFO - (spark.sql.legacy.parquet.nanosAsLong,true)
[2026-04-04T09:17:54.669+0000] {spark_submit.py:491} INFO - (spark.sql.parquet.datetimeRebaseModeInRead,LEGACY)
[2026-04-04T09:17:54.669+0000] {spark_submit.py:491} INFO - (spark.sql.parquet.enableVectorizedReader,false)
[2026-04-04T09:17:54.669+0000] {spark_submit.py:491} INFO - (spark.sql.parquet.int64RebaseModeInRead,LEGACY)
[2026-04-04T09:17:54.669+0000] {spark_submit.py:491} INFO - (spark.submit.deployMode,client)
[2026-04-04T09:17:54.670+0000] {spark_submit.py:491} INFO - (spark.submit.pyFiles,)
[2026-04-04T09:17:54.670+0000] {spark_submit.py:491} INFO - Classpath elements:
[2026-04-04T09:17:54.670+0000] {spark_submit.py:491} INFO - file:///opt/airflow/etl/jars/hadoop-aws-3.3.2.jar
[2026-04-04T09:17:54.670+0000] {spark_submit.py:491} INFO - file:///opt/airflow/etl/jars/aws-java-sdk-bundle-1.11.1026.jar
[2026-04-04T09:17:54.670+0000] {spark_submit.py:491} INFO - file:///opt/airflow/etl/jars/delta-core_2.12-2.3.0.jar
[2026-04-04T09:17:54.670+0000] {spark_submit.py:491} INFO - file:///opt/airflow/etl/jars/delta-storage-2.3.0.jar
[2026-04-04T09:17:54.670+0000] {spark_submit.py:491} INFO - file:///opt/airflow/etl/jars/mysql-connector-java-8.0.28.jar
[2026-04-04T09:17:54.670+0000] {spark_submit.py:491} INFO - 
[2026-04-04T09:17:54.670+0000] {spark_submit.py:491} INFO - 
[2026-04-04T09:17:55.778+0000] {spark_submit.py:491} INFO - INFO:__main__:Khởi tạo Spark Job cho bảng: customers
[2026-04-04T09:17:55.908+0000] {spark_submit.py:491} INFO - 26/04/04 09:17:55 INFO SparkContext: Running Spark version 3.3.2
[2026-04-04T09:17:55.958+0000] {spark_submit.py:491} INFO - 26/04/04 09:17:55 INFO ResourceUtils: ==============================================================
[2026-04-04T09:17:55.959+0000] {spark_submit.py:491} INFO - 26/04/04 09:17:55 INFO ResourceUtils: No custom resources configured for spark.driver.
[2026-04-04T09:17:55.960+0000] {spark_submit.py:491} INFO - 26/04/04 09:17:55 INFO ResourceUtils: ==============================================================
[2026-04-04T09:17:55.960+0000] {spark_submit.py:491} INFO - 26/04/04 09:17:55 INFO SparkContext: Submitted application: Silver_Processor_customers
[2026-04-04T09:17:55.998+0000] {spark_submit.py:491} INFO - 26/04/04 09:17:55 INFO ResourceProfile: Default ResourceProfile created, executor resources: Map(cores -> name: cores, amount: 1, script: , vendor: , memory -> name: memory, amount: 1024, script: , vendor: , offHeap -> name: offHeap, amount: 0, script: , vendor: ), task resources: Map(cpus -> name: cpus, amount: 1.0)
[2026-04-04T09:17:56.019+0000] {spark_submit.py:491} INFO - 26/04/04 09:17:56 INFO ResourceProfile: Limiting resource is cpus at 1 tasks per executor
[2026-04-04T09:17:56.022+0000] {spark_submit.py:491} INFO - 26/04/04 09:17:56 INFO ResourceProfileManager: Added ResourceProfile id: 0
[2026-04-04T09:17:56.105+0000] {spark_submit.py:491} INFO - 26/04/04 09:17:56 INFO SecurityManager: Changing view acls to: airflow
[2026-04-04T09:17:56.106+0000] {spark_submit.py:491} INFO - 26/04/04 09:17:56 INFO SecurityManager: Changing modify acls to: airflow
[2026-04-04T09:17:56.107+0000] {spark_submit.py:491} INFO - 26/04/04 09:17:56 INFO SecurityManager: Changing view acls groups to:
[2026-04-04T09:17:56.108+0000] {spark_submit.py:491} INFO - 26/04/04 09:17:56 INFO SecurityManager: Changing modify acls groups to:
[2026-04-04T09:17:56.109+0000] {spark_submit.py:491} INFO - 26/04/04 09:17:56 INFO SecurityManager: SecurityManager: authentication disabled; ui acls disabled; users  with view permissions: Set(airflow); groups with view permissions: Set(); users  with modify permissions: Set(airflow); groups with modify permissions: Set()
[2026-04-04T09:17:56.522+0000] {spark_submit.py:491} INFO - 26/04/04 09:17:56 INFO Utils: Successfully started service 'sparkDriver' on port 32973.
[2026-04-04T09:17:56.607+0000] {spark_submit.py:491} INFO - 26/04/04 09:17:56 INFO SparkEnv: Registering MapOutputTracker
[2026-04-04T09:17:56.671+0000] {spark_submit.py:491} INFO - 26/04/04 09:17:56 INFO SparkEnv: Registering BlockManagerMaster
[2026-04-04T09:17:56.700+0000] {spark_submit.py:491} INFO - 26/04/04 09:17:56 INFO BlockManagerMasterEndpoint: Using org.apache.spark.storage.DefaultTopologyMapper for getting topology information
[2026-04-04T09:17:56.701+0000] {spark_submit.py:491} INFO - 26/04/04 09:17:56 INFO BlockManagerMasterEndpoint: BlockManagerMasterEndpoint up
[2026-04-04T09:17:56.707+0000] {spark_submit.py:491} INFO - 26/04/04 09:17:56 INFO SparkEnv: Registering BlockManagerMasterHeartbeat
[2026-04-04T09:17:56.736+0000] {spark_submit.py:491} INFO - 26/04/04 09:17:56 INFO DiskBlockManager: Created local directory at /tmp/blockmgr-a6c37c0f-ccdc-4e9f-a186-cafa6fd5cb3b
[2026-04-04T09:17:56.759+0000] {spark_submit.py:491} INFO - 26/04/04 09:17:56 INFO MemoryStore: MemoryStore started with capacity 127.2 MiB
[2026-04-04T09:17:56.781+0000] {spark_submit.py:491} INFO - 26/04/04 09:17:56 INFO SparkEnv: Registering OutputCommitCoordinator
[2026-04-04T09:17:57.048+0000] {spark_submit.py:491} INFO - 26/04/04 09:17:57 INFO Utils: Successfully started service 'SparkUI' on port 4040.
[2026-04-04T09:17:57.092+0000] {spark_submit.py:491} INFO - 26/04/04 09:17:57 INFO SparkContext: Added JAR file:///opt/airflow/etl/jars/hadoop-aws-3.3.2.jar at spark://03c232fb577d:32973/jars/hadoop-aws-3.3.2.jar with timestamp 1775294275894
[2026-04-04T09:17:57.092+0000] {spark_submit.py:491} INFO - 26/04/04 09:17:57 INFO SparkContext: Added JAR file:///opt/airflow/etl/jars/aws-java-sdk-bundle-1.11.1026.jar at spark://03c232fb577d:32973/jars/aws-java-sdk-bundle-1.11.1026.jar with timestamp 1775294275894
[2026-04-04T09:17:57.093+0000] {spark_submit.py:491} INFO - 26/04/04 09:17:57 INFO SparkContext: Added JAR file:///opt/airflow/etl/jars/delta-core_2.12-2.3.0.jar at spark://03c232fb577d:32973/jars/delta-core_2.12-2.3.0.jar with timestamp 1775294275894
[2026-04-04T09:17:57.093+0000] {spark_submit.py:491} INFO - 26/04/04 09:17:57 INFO SparkContext: Added JAR file:///opt/airflow/etl/jars/delta-storage-2.3.0.jar at spark://03c232fb577d:32973/jars/delta-storage-2.3.0.jar with timestamp 1775294275894
[2026-04-04T09:17:57.093+0000] {spark_submit.py:491} INFO - 26/04/04 09:17:57 INFO SparkContext: Added JAR file:///opt/airflow/etl/jars/mysql-connector-java-8.0.28.jar at spark://03c232fb577d:32973/jars/mysql-connector-java-8.0.28.jar with timestamp 1775294275894
[2026-04-04T09:17:57.212+0000] {spark_submit.py:491} INFO - 26/04/04 09:17:57 INFO StandaloneAppClient$ClientEndpoint: Connecting to master spark://spark-master:7077...
[2026-04-04T09:17:57.277+0000] {spark_submit.py:491} INFO - 26/04/04 09:17:57 INFO TransportClientFactory: Successfully created connection to spark-master/172.18.0.5:7077 after 40 ms (0 ms spent in bootstraps)
[2026-04-04T09:17:57.482+0000] {spark_submit.py:491} INFO - 26/04/04 09:17:57 INFO StandaloneSchedulerBackend: Connected to Spark cluster with app ID app-20260404091757-0000
[2026-04-04T09:17:57.492+0000] {spark_submit.py:491} INFO - 26/04/04 09:17:57 INFO Utils: Successfully started service 'org.apache.spark.network.netty.NettyBlockTransferService' on port 41727.
[2026-04-04T09:17:57.493+0000] {spark_submit.py:491} INFO - 26/04/04 09:17:57 INFO NettyBlockTransferService: Server created on 03c232fb577d:41727
[2026-04-04T09:17:57.496+0000] {spark_submit.py:491} INFO - 26/04/04 09:17:57 INFO BlockManager: Using org.apache.spark.storage.RandomBlockReplicationPolicy for block replication policy
[2026-04-04T09:17:57.513+0000] {spark_submit.py:491} INFO - 26/04/04 09:17:57 INFO BlockManagerMaster: Registering BlockManager BlockManagerId(driver, 03c232fb577d, 41727, None)
[2026-04-04T09:17:57.518+0000] {spark_submit.py:491} INFO - 26/04/04 09:17:57 INFO StandaloneAppClient$ClientEndpoint: Executor added: app-20260404091757-0000/0 on worker-20260404091736-172.18.0.12-42117 (172.18.0.12:42117) with 1 core(s)
[2026-04-04T09:17:57.523+0000] {spark_submit.py:491} INFO - 26/04/04 09:17:57 INFO StandaloneSchedulerBackend: Granted executor ID app-20260404091757-0000/0 on hostPort 172.18.0.12:42117 with 1 core(s), 1024.0 MiB RAM
[2026-04-04T09:17:57.523+0000] {spark_submit.py:491} INFO - 26/04/04 09:17:57 INFO StandaloneAppClient$ClientEndpoint: Executor added: app-20260404091757-0000/1 on worker-20260404091736-172.18.0.12-42117 (172.18.0.12:42117) with 1 core(s)
[2026-04-04T09:17:57.524+0000] {spark_submit.py:491} INFO - 26/04/04 09:17:57 INFO StandaloneSchedulerBackend: Granted executor ID app-20260404091757-0000/1 on hostPort 172.18.0.12:42117 with 1 core(s), 1024.0 MiB RAM
[2026-04-04T09:17:57.524+0000] {spark_submit.py:491} INFO - 26/04/04 09:17:57 INFO StandaloneAppClient$ClientEndpoint: Executor added: app-20260404091757-0000/2 on worker-20260404091736-172.18.0.12-42117 (172.18.0.12:42117) with 1 core(s)
[2026-04-04T09:17:57.525+0000] {spark_submit.py:491} INFO - 26/04/04 09:17:57 INFO BlockManagerMasterEndpoint: Registering block manager 03c232fb577d:41727 with 127.2 MiB RAM, BlockManagerId(driver, 03c232fb577d, 41727, None)
[2026-04-04T09:17:57.526+0000] {spark_submit.py:491} INFO - 26/04/04 09:17:57 INFO StandaloneSchedulerBackend: Granted executor ID app-20260404091757-0000/2 on hostPort 172.18.0.12:42117 with 1 core(s), 1024.0 MiB RAM
[2026-04-04T09:17:57.526+0000] {spark_submit.py:491} INFO - 26/04/04 09:17:57 INFO StandaloneAppClient$ClientEndpoint: Executor added: app-20260404091757-0000/3 on worker-20260404091736-172.18.0.12-42117 (172.18.0.12:42117) with 1 core(s)
[2026-04-04T09:17:57.527+0000] {spark_submit.py:491} INFO - 26/04/04 09:17:57 INFO StandaloneSchedulerBackend: Granted executor ID app-20260404091757-0000/3 on hostPort 172.18.0.12:42117 with 1 core(s), 1024.0 MiB RAM
[2026-04-04T09:17:57.528+0000] {spark_submit.py:491} INFO - 26/04/04 09:17:57 INFO StandaloneAppClient$ClientEndpoint: Executor added: app-20260404091757-0000/4 on worker-20260404091736-172.18.0.12-42117 (172.18.0.12:42117) with 1 core(s)
[2026-04-04T09:17:57.530+0000] {spark_submit.py:491} INFO - 26/04/04 09:17:57 INFO StandaloneSchedulerBackend: Granted executor ID app-20260404091757-0000/4 on hostPort 172.18.0.12:42117 with 1 core(s), 1024.0 MiB RAM
[2026-04-04T09:17:57.530+0000] {spark_submit.py:491} INFO - 26/04/04 09:17:57 INFO StandaloneAppClient$ClientEndpoint: Executor added: app-20260404091757-0000/5 on worker-20260404091736-172.18.0.12-42117 (172.18.0.12:42117) with 1 core(s)
[2026-04-04T09:17:57.531+0000] {spark_submit.py:491} INFO - 26/04/04 09:17:57 INFO StandaloneSchedulerBackend: Granted executor ID app-20260404091757-0000/5 on hostPort 172.18.0.12:42117 with 1 core(s), 1024.0 MiB RAM
[2026-04-04T09:17:57.531+0000] {spark_submit.py:491} INFO - 26/04/04 09:17:57 INFO StandaloneAppClient$ClientEndpoint: Executor added: app-20260404091757-0000/6 on worker-20260404091736-172.18.0.12-42117 (172.18.0.12:42117) with 1 core(s)
[2026-04-04T09:17:57.533+0000] {spark_submit.py:491} INFO - 26/04/04 09:17:57 INFO StandaloneSchedulerBackend: Granted executor ID app-20260404091757-0000/6 on hostPort 172.18.0.12:42117 with 1 core(s), 1024.0 MiB RAM
[2026-04-04T09:17:57.534+0000] {spark_submit.py:491} INFO - 26/04/04 09:17:57 INFO StandaloneAppClient$ClientEndpoint: Executor added: app-20260404091757-0000/7 on worker-20260404091736-172.18.0.12-42117 (172.18.0.12:42117) with 1 core(s)
[2026-04-04T09:17:57.534+0000] {spark_submit.py:491} INFO - 26/04/04 09:17:57 INFO StandaloneSchedulerBackend: Granted executor ID app-20260404091757-0000/7 on hostPort 172.18.0.12:42117 with 1 core(s), 1024.0 MiB RAM
[2026-04-04T09:17:57.534+0000] {spark_submit.py:491} INFO - 26/04/04 09:17:57 INFO StandaloneAppClient$ClientEndpoint: Executor added: app-20260404091757-0000/8 on worker-20260404091736-172.18.0.12-42117 (172.18.0.12:42117) with 1 core(s)
[2026-04-04T09:17:57.534+0000] {spark_submit.py:491} INFO - 26/04/04 09:17:57 INFO StandaloneSchedulerBackend: Granted executor ID app-20260404091757-0000/8 on hostPort 172.18.0.12:42117 with 1 core(s), 1024.0 MiB RAM
[2026-04-04T09:17:57.535+0000] {spark_submit.py:491} INFO - 26/04/04 09:17:57 INFO StandaloneAppClient$ClientEndpoint: Executor added: app-20260404091757-0000/9 on worker-20260404091736-172.18.0.12-42117 (172.18.0.12:42117) with 1 core(s)
[2026-04-04T09:17:57.536+0000] {spark_submit.py:491} INFO - 26/04/04 09:17:57 INFO StandaloneSchedulerBackend: Granted executor ID app-20260404091757-0000/9 on hostPort 172.18.0.12:42117 with 1 core(s), 1024.0 MiB RAM
[2026-04-04T09:17:57.543+0000] {spark_submit.py:491} INFO - 26/04/04 09:17:57 INFO BlockManagerMaster: Registered BlockManager BlockManagerId(driver, 03c232fb577d, 41727, None)
[2026-04-04T09:17:57.552+0000] {spark_submit.py:491} INFO - 26/04/04 09:17:57 INFO StandaloneAppClient$ClientEndpoint: Executor added: app-20260404091757-0000/10 on worker-20260404091736-172.18.0.12-42117 (172.18.0.12:42117) with 1 core(s)
[2026-04-04T09:17:57.553+0000] {spark_submit.py:491} INFO - 26/04/04 09:17:57 INFO BlockManager: Initialized BlockManager: BlockManagerId(driver, 03c232fb577d, 41727, None)
[2026-04-04T09:17:57.553+0000] {spark_submit.py:491} INFO - 26/04/04 09:17:57 INFO StandaloneSchedulerBackend: Granted executor ID app-20260404091757-0000/10 on hostPort 172.18.0.12:42117 with 1 core(s), 1024.0 MiB RAM
[2026-04-04T09:17:57.565+0000] {spark_submit.py:491} INFO - 26/04/04 09:17:57 INFO StandaloneAppClient$ClientEndpoint: Executor added: app-20260404091757-0000/11 on worker-20260404091736-172.18.0.12-42117 (172.18.0.12:42117) with 1 core(s)
[2026-04-04T09:17:57.566+0000] {spark_submit.py:491} INFO - 26/04/04 09:17:57 INFO StandaloneSchedulerBackend: Granted executor ID app-20260404091757-0000/11 on hostPort 172.18.0.12:42117 with 1 core(s), 1024.0 MiB RAM
[2026-04-04T09:17:58.134+0000] {spark_submit.py:491} INFO - 26/04/04 09:17:58 INFO StandaloneSchedulerBackend: SchedulerBackend is ready for scheduling beginning after reached minRegisteredResourcesRatio: 0.0
[2026-04-04T09:17:58.202+0000] {spark_submit.py:491} INFO - 26/04/04 09:17:58 INFO StandaloneAppClient$ClientEndpoint: Executor updated: app-20260404091757-0000/10 is now RUNNING
[2026-04-04T09:17:58.219+0000] {spark_submit.py:491} INFO - 26/04/04 09:17:58 INFO StandaloneAppClient$ClientEndpoint: Executor updated: app-20260404091757-0000/4 is now RUNNING
[2026-04-04T09:17:58.247+0000] {spark_submit.py:491} INFO - 26/04/04 09:17:58 INFO StandaloneAppClient$ClientEndpoint: Executor updated: app-20260404091757-0000/0 is now RUNNING
[2026-04-04T09:17:58.266+0000] {spark_submit.py:491} INFO - 26/04/04 09:17:58 INFO StandaloneAppClient$ClientEndpoint: Executor updated: app-20260404091757-0000/7 is now RUNNING
[2026-04-04T09:17:58.286+0000] {spark_submit.py:491} INFO - 26/04/04 09:17:58 INFO StandaloneAppClient$ClientEndpoint: Executor updated: app-20260404091757-0000/6 is now RUNNING
[2026-04-04T09:17:58.303+0000] {spark_submit.py:491} INFO - 26/04/04 09:17:58 INFO StandaloneAppClient$ClientEndpoint: Executor updated: app-20260404091757-0000/2 is now RUNNING
[2026-04-04T09:17:58.307+0000] {spark_submit.py:491} INFO - 26/04/04 09:17:58 INFO StandaloneAppClient$ClientEndpoint: Executor updated: app-20260404091757-0000/8 is now RUNNING
[2026-04-04T09:17:58.335+0000] {spark_submit.py:491} INFO - 26/04/04 09:17:58 INFO StandaloneAppClient$ClientEndpoint: Executor updated: app-20260404091757-0000/1 is now RUNNING
[2026-04-04T09:17:58.349+0000] {spark_submit.py:491} INFO - 26/04/04 09:17:58 INFO StandaloneAppClient$ClientEndpoint: Executor updated: app-20260404091757-0000/11 is now RUNNING
[2026-04-04T09:17:58.374+0000] {spark_submit.py:491} INFO - 26/04/04 09:17:58 INFO StandaloneAppClient$ClientEndpoint: Executor updated: app-20260404091757-0000/5 is now RUNNING
[2026-04-04T09:17:58.382+0000] {spark_submit.py:491} INFO - 26/04/04 09:17:58 INFO StandaloneAppClient$ClientEndpoint: Executor updated: app-20260404091757-0000/9 is now RUNNING
[2026-04-04T09:17:58.403+0000] {spark_submit.py:491} INFO - 26/04/04 09:17:58 INFO StandaloneAppClient$ClientEndpoint: Executor updated: app-20260404091757-0000/3 is now RUNNING
[2026-04-04T09:18:07.175+0000] {spark_submit.py:491} INFO - INFO:silver_processor: Bắt đầu xử lý lớp Silver cho bảng: customers | Chế độ CDC: False
[2026-04-04T09:18:07.176+0000] {spark_submit.py:491} INFO - INFO:silver_processor: Bắt đầu quét Data Nóng từ Bronze...
[2026-04-04T09:18:07.788+0000] {spark_submit.py:491} INFO - 26/04/04 09:18:07 WARN MetricsConfig: Cannot locate configuration: tried hadoop-metrics2-s3a-file-system.properties,hadoop-metrics2.properties
[2026-04-04T09:18:23.223+0000] {spark_submit.py:491} INFO - INFO:py4j.java_gateway:Callback Server Starting
[2026-04-04T09:18:23.224+0000] {spark_submit.py:491} INFO - INFO:py4j.java_gateway:Socket listening on ('127.0.0.1', 43523)
[2026-04-04T09:18:23.331+0000] {spark_submit.py:491} INFO - 26/04/04 09:18:23 WARN ResolveWriteToStream: spark.sql.adaptive.enabled is not supported in streaming DataFrames/Datasets and will be disabled.
[2026-04-04T09:18:23.864+0000] {spark_submit.py:491} INFO - INFO:silver_processor: Hoàn thành quét Data Nóng cập nhật vào Silver.
[2026-04-04T09:18:27.766+0000] {spark_submit.py:491} INFO - INFO:silver_processor: Bắt đầu dò tìm 'bóng ma' Hard Delete...
[2026-04-04T09:18:28.993+0000] {spark_submit.py:491} INFO - 26/04/04 09:18:28 WARN package: Truncated the string representation of a plan since it was too large. This behavior can be adjusted by setting 'spark.sql.debug.maxToStringFields'.
[2026-04-04T09:19:05.628+0000] {spark_submit.py:491} INFO - INFO:silver_processor: Ko phát hiện bản ghi Hard Delete nào.
[2026-04-04T09:19:05.628+0000] {spark_submit.py:491} INFO - INFO:silver_processor: Xử lý lớp Silver xong cho bảng: customers
[2026-04-04T09:19:05.629+0000] {spark_submit.py:491} INFO - ----------------------------------------
[2026-04-04T09:19:06.324+0000] {spark_submit.py:491} INFO - INFO:py4j.clientserver:Closing down clientserver connection
[2026-04-04T09:19:07.105+0000] {taskinstance.py:1400} INFO - Marking task as SUCCESS. dag_id=silver_spark_processor, task_id=process_silver_customers, execution_date=20260403T000000, start_date=20260404T091750, end_date=20260404T091907
[2026-04-04T09:19:07.380+0000] {local_task_job_runner.py:228} INFO - Task exited with return code 0
[2026-04-04T09:19:07.630+0000] {taskinstance.py:2778} INFO - 1 downstream tasks scheduled from follow-on schedule check
