[2026-04-03T14:35:19.066+0000] {taskinstance.py:1159} INFO - Dependencies all met for dep_context=non-requeueable deps ti=<TaskInstance: silver_spark_processor.process_silver_order_payments scheduled__2026-04-02T00:00:00+00:00 [queued]>
[2026-04-03T14:35:19.077+0000] {taskinstance.py:1159} INFO - Dependencies all met for dep_context=requeueable deps ti=<TaskInstance: silver_spark_processor.process_silver_order_payments scheduled__2026-04-02T00:00:00+00:00 [queued]>
[2026-04-03T14:35:19.078+0000] {taskinstance.py:1361} INFO - Starting attempt 13 of 14
[2026-04-03T14:35:19.103+0000] {taskinstance.py:1382} INFO - Executing <Task(SparkSubmitOperator): process_silver_order_payments> on 2026-04-02 00:00:00+00:00
[2026-04-03T14:35:19.116+0000] {standard_task_runner.py:57} INFO - Started process 1362 to run task
[2026-04-03T14:35:19.124+0000] {standard_task_runner.py:84} INFO - Running: ['airflow', 'tasks', 'run', 'silver_spark_processor', 'process_silver_order_payments', 'scheduled__2026-04-02T00:00:00+00:00', '--job-id', '577', '--raw', '--subdir', 'DAGS_FOLDER/silver_processor_dag.py', '--cfg-path', '/tmp/tmpwi5xn_e0']
[2026-04-03T14:35:19.131+0000] {standard_task_runner.py:85} INFO - Job 577: Subtask process_silver_order_payments
[2026-04-03T14:35:19.228+0000] {task_command.py:416} INFO - Running <TaskInstance: silver_spark_processor.process_silver_order_payments scheduled__2026-04-02T00:00:00+00:00 [running]> on host e516154efc74
[2026-04-03T14:35:19.351+0000] {taskinstance.py:1662} INFO - Exporting env vars: AIRFLOW_CTX_DAG_OWNER='data-team' AIRFLOW_CTX_DAG_ID='silver_spark_processor' AIRFLOW_CTX_TASK_ID='process_silver_order_payments' AIRFLOW_CTX_EXECUTION_DATE='2026-04-02T00:00:00+00:00' AIRFLOW_CTX_TRY_NUMBER='13' AIRFLOW_CTX_DAG_RUN_ID='scheduled__2026-04-02T00:00:00+00:00'
[2026-04-03T14:35:19.368+0000] {base.py:73} INFO - Using connection ID 'spark_default' for task execution.
[2026-04-03T14:35:19.370+0000] {spark_submit.py:340} INFO - Spark-Submit cmd: spark-submit --master spark://spark-master:7077 --conf spark.sql.extensions=io.delta.sql.DeltaSparkSessionExtension --conf spark.sql.catalog.spark_catalog=org.apache.spark.sql.delta.catalog.DeltaCatalog --conf spark.databricks.delta.schema.autoMerge.enabled=true --jars /opt/airflow/etl/jars/hadoop-aws-3.3.2.jar,/opt/airflow/etl/jars/aws-java-sdk-bundle-1.11.1026.jar,/opt/airflow/etl/jars/delta-core_2.12-2.3.0.jar,/opt/airflow/etl/jars/delta-storage-2.3.0.jar --executor-cores 1 --executor-memory 1g --driver-memory 1g --name airflow_silver_order_payments /opt/airflow/etl/silver/main_silver.py --table_name order_payments --merge_key id --is_cdc false --json_schema 
[2026-04-03T14:35:19.537+0000] {spark_submit.py:491} INFO - /home/airflow/.local/lib/python3.10/site-packages/pyspark/bin/load-spark-env.sh: line 68: ps: command not found
[2026-04-03T14:35:23.034+0000] {spark_submit.py:491} INFO - 26/04/03 14:35:23 WARN NativeCodeLoader: Unable to load native-hadoop library for your platform... using builtin-java classes where applicable
[2026-04-03T14:35:24.645+0000] {spark_submit.py:491} INFO - INFO:__main__:Khởi tạo Spark Job cho bảng: order_payments
[2026-04-03T14:35:24.829+0000] {spark_submit.py:491} INFO - 26/04/03 14:35:24 INFO SparkContext: Running Spark version 3.3.2
[2026-04-03T14:35:24.890+0000] {spark_submit.py:491} INFO - 26/04/03 14:35:24 INFO ResourceUtils: ==============================================================
[2026-04-03T14:35:24.891+0000] {spark_submit.py:491} INFO - 26/04/03 14:35:24 INFO ResourceUtils: No custom resources configured for spark.driver.
[2026-04-03T14:35:24.891+0000] {spark_submit.py:491} INFO - 26/04/03 14:35:24 INFO ResourceUtils: ==============================================================
[2026-04-03T14:35:24.892+0000] {spark_submit.py:491} INFO - 26/04/03 14:35:24 INFO SparkContext: Submitted application: <class 'pyspark.sql.session.SparkSession'>
[2026-04-03T14:35:24.940+0000] {spark_submit.py:491} INFO - 26/04/03 14:35:24 INFO ResourceProfile: Default ResourceProfile created, executor resources: Map(cores -> name: cores, amount: 1, script: , vendor: , memory -> name: memory, amount: 1024, script: , vendor: , offHeap -> name: offHeap, amount: 0, script: , vendor: ), task resources: Map(cpus -> name: cpus, amount: 1.0)
[2026-04-03T14:35:24.959+0000] {spark_submit.py:491} INFO - 26/04/03 14:35:24 INFO ResourceProfile: Limiting resource is cpus at 1 tasks per executor
[2026-04-03T14:35:24.963+0000] {spark_submit.py:491} INFO - 26/04/03 14:35:24 INFO ResourceProfileManager: Added ResourceProfile id: 0
[2026-04-03T14:35:25.059+0000] {spark_submit.py:491} INFO - 26/04/03 14:35:25 INFO SecurityManager: Changing view acls to: airflow
[2026-04-03T14:35:25.060+0000] {spark_submit.py:491} INFO - 26/04/03 14:35:25 INFO SecurityManager: Changing modify acls to: airflow
[2026-04-03T14:35:25.061+0000] {spark_submit.py:491} INFO - 26/04/03 14:35:25 INFO SecurityManager: Changing view acls groups to:
[2026-04-03T14:35:25.062+0000] {spark_submit.py:491} INFO - 26/04/03 14:35:25 INFO SecurityManager: Changing modify acls groups to:
[2026-04-03T14:35:25.063+0000] {spark_submit.py:491} INFO - 26/04/03 14:35:25 INFO SecurityManager: SecurityManager: authentication disabled; ui acls disabled; users  with view permissions: Set(airflow); groups with view permissions: Set(); users  with modify permissions: Set(airflow); groups with modify permissions: Set()
[2026-04-03T14:35:25.600+0000] {spark_submit.py:491} INFO - 26/04/03 14:35:25 INFO Utils: Successfully started service 'sparkDriver' on port 42303.
[2026-04-03T14:35:25.728+0000] {spark_submit.py:491} INFO - 26/04/03 14:35:25 INFO SparkEnv: Registering MapOutputTracker
[2026-04-03T14:35:25.792+0000] {spark_submit.py:491} INFO - 26/04/03 14:35:25 INFO SparkEnv: Registering BlockManagerMaster
[2026-04-03T14:35:25.825+0000] {spark_submit.py:491} INFO - 26/04/03 14:35:25 INFO BlockManagerMasterEndpoint: Using org.apache.spark.storage.DefaultTopologyMapper for getting topology information
[2026-04-03T14:35:25.826+0000] {spark_submit.py:491} INFO - 26/04/03 14:35:25 INFO BlockManagerMasterEndpoint: BlockManagerMasterEndpoint up
[2026-04-03T14:35:25.834+0000] {spark_submit.py:491} INFO - 26/04/03 14:35:25 INFO SparkEnv: Registering BlockManagerMasterHeartbeat
[2026-04-03T14:35:25.870+0000] {spark_submit.py:491} INFO - 26/04/03 14:35:25 INFO DiskBlockManager: Created local directory at /tmp/blockmgr-d8f9b317-a4a9-4a6f-bc84-faee2359942a
[2026-04-03T14:35:25.899+0000] {spark_submit.py:491} INFO - 26/04/03 14:35:25 INFO MemoryStore: MemoryStore started with capacity 434.4 MiB
[2026-04-03T14:35:25.926+0000] {spark_submit.py:491} INFO - 26/04/03 14:35:25 INFO SparkEnv: Registering OutputCommitCoordinator
[2026-04-03T14:35:26.266+0000] {spark_submit.py:491} INFO - 26/04/03 14:35:26 INFO Utils: Successfully started service 'SparkUI' on port 4040.
[2026-04-03T14:35:26.317+0000] {spark_submit.py:491} INFO - 26/04/03 14:35:26 INFO SparkContext: Added JAR file:///opt/airflow/etl/jars/hadoop-aws-3.3.2.jar at spark://e516154efc74:42303/jars/hadoop-aws-3.3.2.jar with timestamp 1775226924809
[2026-04-03T14:35:26.318+0000] {spark_submit.py:491} INFO - 26/04/03 14:35:26 INFO SparkContext: Added JAR file:///opt/airflow/etl/jars/aws-java-sdk-bundle-1.11.1026.jar at spark://e516154efc74:42303/jars/aws-java-sdk-bundle-1.11.1026.jar with timestamp 1775226924809
[2026-04-03T14:35:26.318+0000] {spark_submit.py:491} INFO - 26/04/03 14:35:26 INFO SparkContext: Added JAR file:///opt/airflow/etl/jars/delta-core_2.12-2.3.0.jar at spark://e516154efc74:42303/jars/delta-core_2.12-2.3.0.jar with timestamp 1775226924809
[2026-04-03T14:35:26.319+0000] {spark_submit.py:491} INFO - 26/04/03 14:35:26 INFO SparkContext: Added JAR file:///opt/airflow/etl/jars/delta-storage-2.3.0.jar at spark://e516154efc74:42303/jars/delta-storage-2.3.0.jar with timestamp 1775226924809
[2026-04-03T14:35:26.508+0000] {spark_submit.py:491} INFO - 26/04/03 14:35:26 INFO StandaloneAppClient$ClientEndpoint: Connecting to master spark://spark-master:7077...
[2026-04-03T14:35:26.570+0000] {spark_submit.py:491} INFO - 26/04/03 14:35:26 INFO TransportClientFactory: Successfully created connection to spark-master/172.18.0.6:7077 after 36 ms (0 ms spent in bootstraps)
[2026-04-03T14:35:26.688+0000] {spark_submit.py:491} INFO - 26/04/03 14:35:26 INFO StandaloneSchedulerBackend: Connected to Spark cluster with app ID app-20260403143526-0009
[2026-04-03T14:35:26.697+0000] {spark_submit.py:491} INFO - 26/04/03 14:35:26 INFO Utils: Successfully started service 'org.apache.spark.network.netty.NettyBlockTransferService' on port 41929.
[2026-04-03T14:35:26.697+0000] {spark_submit.py:491} INFO - 26/04/03 14:35:26 INFO NettyBlockTransferService: Server created on e516154efc74:41929
[2026-04-03T14:35:26.700+0000] {spark_submit.py:491} INFO - 26/04/03 14:35:26 INFO BlockManager: Using org.apache.spark.storage.RandomBlockReplicationPolicy for block replication policy
[2026-04-03T14:35:26.712+0000] {spark_submit.py:491} INFO - 26/04/03 14:35:26 INFO BlockManagerMaster: Registering BlockManager BlockManagerId(driver, e516154efc74, 41929, None)
[2026-04-03T14:35:26.719+0000] {spark_submit.py:491} INFO - 26/04/03 14:35:26 INFO BlockManagerMasterEndpoint: Registering block manager e516154efc74:41929 with 434.4 MiB RAM, BlockManagerId(driver, e516154efc74, 41929, None)
[2026-04-03T14:35:26.725+0000] {spark_submit.py:491} INFO - 26/04/03 14:35:26 INFO BlockManagerMaster: Registered BlockManager BlockManagerId(driver, e516154efc74, 41929, None)
[2026-04-03T14:35:26.728+0000] {spark_submit.py:491} INFO - 26/04/03 14:35:26 INFO BlockManager: Initialized BlockManager: BlockManagerId(driver, e516154efc74, 41929, None)
[2026-04-03T14:35:27.094+0000] {spark_submit.py:491} INFO - 26/04/03 14:35:27 INFO StandaloneSchedulerBackend: SchedulerBackend is ready for scheduling beginning after reached minRegisteredResourcesRatio: 0.0
[2026-04-03T14:35:28.552+0000] {spark_submit.py:491} INFO - INFO:silver_processor: Bắt đầu xử lý lớp Silver cho bảng: order_payments | Chế độ CDC: False
[2026-04-03T14:35:28.552+0000] {spark_submit.py:491} INFO - INFO:silver_processor: Bắt đầu quét Data Nóng từ Bronze...
[2026-04-03T14:35:28.986+0000] {spark_submit.py:491} INFO - 26/04/03 14:35:28 WARN MetricsConfig: Cannot locate configuration: tried hadoop-metrics2-s3a-file-system.properties,hadoop-metrics2.properties
[2026-04-03T14:35:29.212+0000] {local_task_job_runner.py:294} WARNING - State of this instance has been externally set to restarting. Terminating instance.
[2026-04-03T14:35:29.215+0000] {process_utils.py:131} INFO - Sending 15 to group 1362. PIDs of all processes in the group: [1365, 1383, 1512, 1362]
[2026-04-03T14:35:29.216+0000] {process_utils.py:86} INFO - Sending the signal 15 to group 1362
[2026-04-03T14:35:29.217+0000] {taskinstance.py:1632} ERROR - Received SIGTERM. Terminating subprocesses.
[2026-04-03T14:35:29.217+0000] {spark_submit.py:618} INFO - Sending kill signal to spark-submit
[2026-04-03T14:35:29.242+0000] {taskinstance.py:1937} ERROR - Task failed with exception
Traceback (most recent call last):
  File "/home/airflow/.local/lib/python3.10/site-packages/airflow/providers/apache/spark/operators/spark_submit.py", line 156, in execute
    self._hook.submit(self._application)
  File "/home/airflow/.local/lib/python3.10/site-packages/airflow/providers/apache/spark/hooks/spark_submit.py", line 410, in submit
    self._process_spark_submit_log(iter(self._submit_sp.stdout))  # type: ignore
  File "/home/airflow/.local/lib/python3.10/site-packages/airflow/providers/apache/spark/hooks/spark_submit.py", line 459, in _process_spark_submit_log
    for line in itr:
  File "/home/airflow/.local/lib/python3.10/site-packages/airflow/models/taskinstance.py", line 1634, in signal_handler
    raise AirflowException("Task received SIGTERM signal")
airflow.exceptions.AirflowException: Task received SIGTERM signal
[2026-04-03T14:35:29.249+0000] {taskinstance.py:1400} INFO - Marking task as UP_FOR_RETRY. dag_id=silver_spark_processor, task_id=process_silver_order_payments, execution_date=20260402T000000, start_date=20260403T143519, end_date=20260403T143529
[2026-04-03T14:35:29.277+0000] {standard_task_runner.py:104} ERROR - Failed to execute job 577 for task process_silver_order_payments (Task received SIGTERM signal; 1362)
[2026-04-03T14:35:29.311+0000] {process_utils.py:79} INFO - Process psutil.Process(pid=1383, status='terminated', started='14:35:19') (1383) terminated with exit code None
[2026-04-03T14:35:29.312+0000] {process_utils.py:79} INFO - Process psutil.Process(pid=1362, status='terminated', exitcode=1, started='14:35:18') (1362) terminated with exit code 1
[2026-04-03T14:35:29.312+0000] {process_utils.py:79} INFO - Process psutil.Process(pid=1512, status='terminated', started='14:35:23') (1512) terminated with exit code None
[2026-04-03T14:35:29.313+0000] {process_utils.py:79} INFO - Process psutil.Process(pid=1365, status='terminated', started='14:35:19') (1365) terminated with exit code None
