[2026-04-03T11:02:20.686+0000] {taskinstance.py:1159} INFO - Dependencies all met for dep_context=non-requeueable deps ti=<TaskInstance: silver_spark_processor.process_silver_order_payments scheduled__2026-04-02T00:00:00+00:00 [queued]>
[2026-04-03T11:02:20.752+0000] {taskinstance.py:1159} INFO - Dependencies all met for dep_context=requeueable deps ti=<TaskInstance: silver_spark_processor.process_silver_order_payments scheduled__2026-04-02T00:00:00+00:00 [queued]>
[2026-04-03T11:02:20.752+0000] {taskinstance.py:1361} INFO - Starting attempt 1 of 2
[2026-04-03T11:02:20.797+0000] {taskinstance.py:1382} INFO - Executing <Task(SparkSubmitOperator): process_silver_order_payments> on 2026-04-02 00:00:00+00:00
[2026-04-03T11:02:20.824+0000] {standard_task_runner.py:57} INFO - Started process 214 to run task
[2026-04-03T11:02:20.856+0000] {standard_task_runner.py:84} INFO - Running: ['airflow', 'tasks', 'run', 'silver_spark_processor', 'process_silver_order_payments', 'scheduled__2026-04-02T00:00:00+00:00', '--job-id', '367', '--raw', '--subdir', 'DAGS_FOLDER/silver_processor_dag.py', '--cfg-path', '/tmp/tmpts2ym6x6']
[2026-04-03T11:02:20.887+0000] {standard_task_runner.py:85} INFO - Job 367: Subtask process_silver_order_payments
[2026-04-03T11:02:21.127+0000] {task_command.py:416} INFO - Running <TaskInstance: silver_spark_processor.process_silver_order_payments scheduled__2026-04-02T00:00:00+00:00 [running]> on host ad303354f1ab
[2026-04-03T11:02:21.567+0000] {taskinstance.py:1662} INFO - Exporting env vars: AIRFLOW_CTX_DAG_OWNER='data-team' AIRFLOW_CTX_DAG_ID='silver_spark_processor' AIRFLOW_CTX_TASK_ID='process_silver_order_payments' AIRFLOW_CTX_EXECUTION_DATE='2026-04-02T00:00:00+00:00' AIRFLOW_CTX_TRY_NUMBER='1' AIRFLOW_CTX_DAG_RUN_ID='scheduled__2026-04-02T00:00:00+00:00'
[2026-04-03T11:02:21.607+0000] {base.py:73} INFO - Using connection ID 'spark_default' for task execution.
[2026-04-03T11:02:21.610+0000] {spark_submit.py:340} INFO - Spark-Submit cmd: spark-submit --master spark://spark-master:7077 --conf spark.sql.extensions=io.delta.sql.DeltaSparkSessionExtension --conf spark.sql.catalog.spark_catalog=org.apache.spark.sql.delta.catalog.DeltaCatalog --conf spark.databricks.delta.schema.autoMerge.enabled=true --packages org.apache.hadoop:hadoop-aws:3.3.2,com.amazonaws:aws-java-sdk-bundle:1.11.1026,io.delta:delta-core_2.12:2.3.0 --executor-cores 1 --executor-memory 1g --driver-memory 1g --name airflow_silver_order_payments /opt/airflow/etl/silver/main_silver.py --table_name order_payments --merge_key id --is_cdc false --json_schema 
[2026-04-03T11:02:22.549+0000] {spark_submit.py:491} INFO - /home/airflow/.local/lib/python3.10/site-packages/pyspark/bin/load-spark-env.sh: line 68: ps: command not found
[2026-04-03T11:02:38.163+0000] {spark_submit.py:491} INFO - :: loading settings :: url = jar:file:/home/airflow/.local/lib/python3.10/site-packages/pyspark/jars/ivy-2.5.1.jar!/org/apache/ivy/core/settings/ivysettings.xml
[2026-04-03T11:02:38.736+0000] {spark_submit.py:491} INFO - Ivy Default Cache set to: /home/airflow/.ivy2/cache
[2026-04-03T11:02:38.744+0000] {spark_submit.py:491} INFO - The jars for the packages stored in: /home/airflow/.ivy2/jars
[2026-04-03T11:02:38.760+0000] {spark_submit.py:491} INFO - org.apache.hadoop#hadoop-aws added as a dependency
[2026-04-03T11:02:38.761+0000] {spark_submit.py:491} INFO - com.amazonaws#aws-java-sdk-bundle added as a dependency
[2026-04-03T11:02:38.761+0000] {spark_submit.py:491} INFO - io.delta#delta-core_2.12 added as a dependency
[2026-04-03T11:02:38.762+0000] {spark_submit.py:491} INFO - :: resolving dependencies :: org.apache.spark#spark-submit-parent-51f4b3d5-5c4c-4ea3-9652-02742440a5bd;1.0
[2026-04-03T11:02:38.765+0000] {spark_submit.py:491} INFO - confs: [default]
[2026-04-03T11:02:42.446+0000] {spark_submit.py:491} INFO - found io.delta#delta-core_2.12;2.3.0 in central
[2026-04-03T11:02:42.608+0000] {spark_submit.py:491} INFO - found io.delta#delta-storage;2.3.0 in central
[2026-04-03T11:02:45.316+0000] {spark_submit.py:491} INFO - downloading https://repo1.maven.org/maven2/io/delta/delta-core_2.12/2.3.0/delta-core_2.12-2.3.0.jar ...
[2026-04-03T11:02:46.769+0000] {spark_submit.py:491} INFO - [SUCCESSFUL ] io.delta#delta-core_2.12;2.3.0!delta-core_2.12.jar (1765ms)
[2026-04-03T11:02:46.910+0000] {spark_submit.py:491} INFO - downloading https://repo1.maven.org/maven2/io/delta/delta-storage/2.3.0/delta-storage-2.3.0.jar ...
[2026-04-03T11:02:47.071+0000] {spark_submit.py:491} INFO - [SUCCESSFUL ] io.delta#delta-storage;2.3.0!delta-storage.jar (300ms)
[2026-04-03T11:02:47.072+0000] {spark_submit.py:491} INFO - :: resolution report :: resolve 6240ms :: artifacts dl 2071ms
[2026-04-03T11:02:47.072+0000] {spark_submit.py:491} INFO - :: modules in use:
[2026-04-03T11:02:47.072+0000] {spark_submit.py:491} INFO - io.delta#delta-core_2.12;2.3.0 from central in [default]
[2026-04-03T11:02:47.072+0000] {spark_submit.py:491} INFO - io.delta#delta-storage;2.3.0 from central in [default]
[2026-04-03T11:02:47.073+0000] {spark_submit.py:491} INFO - ---------------------------------------------------------------------
[2026-04-03T11:02:47.073+0000] {spark_submit.py:491} INFO - |                  |            modules            ||   artifacts   |
[2026-04-03T11:02:47.073+0000] {spark_submit.py:491} INFO - |       conf       | number| search|dwnlded|evicted|| number|dwnlded|
[2026-04-03T11:02:47.073+0000] {spark_submit.py:491} INFO - ---------------------------------------------------------------------
[2026-04-03T11:02:47.073+0000] {spark_submit.py:491} INFO - |      default     |   5   |   2   |   1   |   0   ||   2   |   2   |
[2026-04-03T11:02:47.073+0000] {spark_submit.py:491} INFO - ---------------------------------------------------------------------
[2026-04-03T11:02:47.076+0000] {spark_submit.py:491} INFO - 
[2026-04-03T11:02:47.077+0000] {spark_submit.py:491} INFO - :: problems summary ::
[2026-04-03T11:02:47.077+0000] {spark_submit.py:491} INFO - :::: WARNINGS
[2026-04-03T11:02:47.077+0000] {spark_submit.py:491} INFO - problem while downloading module descriptor: https://repo1.maven.org/maven2/org/apache/hadoop/hadoop-aws/3.3.2/hadoop-aws-3.3.2.pom: size of source file /home/airflow/.ivy2/cache/org.apache.hadoop/hadoop-aws/ivy-3.3.2.xml.original(0) differs from size of dest file /home/airflow/.ivy2/cache/org.apache.hadoop/hadoop-aws/ivy-3.3.2.xml.original.backup(25377) - please retry (10ms)
[2026-04-03T11:02:47.077+0000] {spark_submit.py:491} INFO - 
[2026-04-03T11:02:47.077+0000] {spark_submit.py:491} INFO - module not found: org.apache.hadoop#hadoop-aws;3.3.2
[2026-04-03T11:02:47.077+0000] {spark_submit.py:491} INFO - 
[2026-04-03T11:02:47.077+0000] {spark_submit.py:491} INFO - ==== local-m2-cache: tried
[2026-04-03T11:02:47.077+0000] {spark_submit.py:491} INFO - 
[2026-04-03T11:02:47.077+0000] {spark_submit.py:491} INFO - file:/home/airflow/.m2/repository/org/apache/hadoop/hadoop-aws/3.3.2/hadoop-aws-3.3.2.pom
[2026-04-03T11:02:47.077+0000] {spark_submit.py:491} INFO - 
[2026-04-03T11:02:47.078+0000] {spark_submit.py:491} INFO - -- artifact org.apache.hadoop#hadoop-aws;3.3.2!hadoop-aws.jar:
[2026-04-03T11:02:47.078+0000] {spark_submit.py:491} INFO - 
[2026-04-03T11:02:47.078+0000] {spark_submit.py:491} INFO - file:/home/airflow/.m2/repository/org/apache/hadoop/hadoop-aws/3.3.2/hadoop-aws-3.3.2.jar
[2026-04-03T11:02:47.078+0000] {spark_submit.py:491} INFO - 
[2026-04-03T11:02:47.078+0000] {spark_submit.py:491} INFO - ==== local-ivy-cache: tried
[2026-04-03T11:02:47.078+0000] {spark_submit.py:491} INFO - 
[2026-04-03T11:02:47.078+0000] {spark_submit.py:491} INFO - /home/airflow/.ivy2/local/org.apache.hadoop/hadoop-aws/3.3.2/ivys/ivy.xml
[2026-04-03T11:02:47.078+0000] {spark_submit.py:491} INFO - 
[2026-04-03T11:02:47.078+0000] {spark_submit.py:491} INFO - -- artifact org.apache.hadoop#hadoop-aws;3.3.2!hadoop-aws.jar:
[2026-04-03T11:02:47.078+0000] {spark_submit.py:491} INFO - 
[2026-04-03T11:02:47.078+0000] {spark_submit.py:491} INFO - /home/airflow/.ivy2/local/org.apache.hadoop/hadoop-aws/3.3.2/jars/hadoop-aws.jar
[2026-04-03T11:02:47.078+0000] {spark_submit.py:491} INFO - 
[2026-04-03T11:02:47.078+0000] {spark_submit.py:491} INFO - ==== central: tried
[2026-04-03T11:02:47.078+0000] {spark_submit.py:491} INFO - 
[2026-04-03T11:02:47.079+0000] {spark_submit.py:491} INFO - https://repo1.maven.org/maven2/org/apache/hadoop/hadoop-aws/3.3.2/hadoop-aws-3.3.2.pom
[2026-04-03T11:02:47.079+0000] {spark_submit.py:491} INFO - 
[2026-04-03T11:02:47.079+0000] {spark_submit.py:491} INFO - ==== spark-packages: tried
[2026-04-03T11:02:47.079+0000] {spark_submit.py:491} INFO - 
[2026-04-03T11:02:47.079+0000] {spark_submit.py:491} INFO - https://repos.spark-packages.org/org/apache/hadoop/hadoop-aws/3.3.2/hadoop-aws-3.3.2.pom
[2026-04-03T11:02:47.079+0000] {spark_submit.py:491} INFO - 
[2026-04-03T11:02:47.079+0000] {spark_submit.py:491} INFO - -- artifact org.apache.hadoop#hadoop-aws;3.3.2!hadoop-aws.jar:
[2026-04-03T11:02:47.079+0000] {spark_submit.py:491} INFO - 
[2026-04-03T11:02:47.079+0000] {spark_submit.py:491} INFO - https://repos.spark-packages.org/org/apache/hadoop/hadoop-aws/3.3.2/hadoop-aws-3.3.2.jar
[2026-04-03T11:02:47.079+0000] {spark_submit.py:491} INFO - 
[2026-04-03T11:02:47.079+0000] {spark_submit.py:491} INFO - io problem while parsing ivy file: https://repo1.maven.org/maven2/com/amazonaws/aws-java-sdk-bundle/1.11.1026/aws-java-sdk-bundle-1.11.1026.pom (java.io.FileNotFoundException: /home/airflow/.ivy2/cache/com.amazonaws/aws-java-sdk-bundle/ivy-1.11.1026.xml.original (No such file or directory))
[2026-04-03T11:02:47.079+0000] {spark_submit.py:491} INFO - 
[2026-04-03T11:02:47.079+0000] {spark_submit.py:491} INFO - module not found: com.amazonaws#aws-java-sdk-bundle;1.11.1026
[2026-04-03T11:02:47.079+0000] {spark_submit.py:491} INFO - 
[2026-04-03T11:02:47.079+0000] {spark_submit.py:491} INFO - ==== local-m2-cache: tried
[2026-04-03T11:02:47.080+0000] {spark_submit.py:491} INFO - 
[2026-04-03T11:02:47.080+0000] {spark_submit.py:491} INFO - file:/home/airflow/.m2/repository/com/amazonaws/aws-java-sdk-bundle/1.11.1026/aws-java-sdk-bundle-1.11.1026.pom
[2026-04-03T11:02:47.080+0000] {spark_submit.py:491} INFO - 
[2026-04-03T11:02:47.080+0000] {spark_submit.py:491} INFO - -- artifact com.amazonaws#aws-java-sdk-bundle;1.11.1026!aws-java-sdk-bundle.jar:
[2026-04-03T11:02:47.080+0000] {spark_submit.py:491} INFO - 
[2026-04-03T11:02:47.080+0000] {spark_submit.py:491} INFO - file:/home/airflow/.m2/repository/com/amazonaws/aws-java-sdk-bundle/1.11.1026/aws-java-sdk-bundle-1.11.1026.jar
[2026-04-03T11:02:47.080+0000] {spark_submit.py:491} INFO - 
[2026-04-03T11:02:47.080+0000] {spark_submit.py:491} INFO - ==== local-ivy-cache: tried
[2026-04-03T11:02:47.080+0000] {spark_submit.py:491} INFO - 
[2026-04-03T11:02:47.080+0000] {spark_submit.py:491} INFO - /home/airflow/.ivy2/local/com.amazonaws/aws-java-sdk-bundle/1.11.1026/ivys/ivy.xml
[2026-04-03T11:02:47.080+0000] {spark_submit.py:491} INFO - 
[2026-04-03T11:02:47.080+0000] {spark_submit.py:491} INFO - -- artifact com.amazonaws#aws-java-sdk-bundle;1.11.1026!aws-java-sdk-bundle.jar:
[2026-04-03T11:02:47.080+0000] {spark_submit.py:491} INFO - 
[2026-04-03T11:02:47.080+0000] {spark_submit.py:491} INFO - /home/airflow/.ivy2/local/com.amazonaws/aws-java-sdk-bundle/1.11.1026/jars/aws-java-sdk-bundle.jar
[2026-04-03T11:02:47.081+0000] {spark_submit.py:491} INFO - 
[2026-04-03T11:02:47.081+0000] {spark_submit.py:491} INFO - ==== central: tried
[2026-04-03T11:02:47.081+0000] {spark_submit.py:491} INFO - 
[2026-04-03T11:02:47.081+0000] {spark_submit.py:491} INFO - https://repo1.maven.org/maven2/com/amazonaws/aws-java-sdk-bundle/1.11.1026/aws-java-sdk-bundle-1.11.1026.pom
[2026-04-03T11:02:47.081+0000] {spark_submit.py:491} INFO - 
[2026-04-03T11:02:47.081+0000] {spark_submit.py:491} INFO - ==== spark-packages: tried
[2026-04-03T11:02:47.081+0000] {spark_submit.py:491} INFO - 
[2026-04-03T11:02:47.081+0000] {spark_submit.py:491} INFO - https://repos.spark-packages.org/com/amazonaws/aws-java-sdk-bundle/1.11.1026/aws-java-sdk-bundle-1.11.1026.pom
[2026-04-03T11:02:47.081+0000] {spark_submit.py:491} INFO - 
[2026-04-03T11:02:47.081+0000] {spark_submit.py:491} INFO - -- artifact com.amazonaws#aws-java-sdk-bundle;1.11.1026!aws-java-sdk-bundle.jar:
[2026-04-03T11:02:47.081+0000] {spark_submit.py:491} INFO - 
[2026-04-03T11:02:47.081+0000] {spark_submit.py:491} INFO - https://repos.spark-packages.org/com/amazonaws/aws-java-sdk-bundle/1.11.1026/aws-java-sdk-bundle-1.11.1026.jar
[2026-04-03T11:02:47.081+0000] {spark_submit.py:491} INFO - 
[2026-04-03T11:02:47.081+0000] {spark_submit.py:491} INFO - problem while downloading module descriptor: https://repo1.maven.org/maven2/org/sonatype/oss/oss-parent/9/oss-parent-9.pom: impossible to move part file to definitive one: /home/airflow/.ivy2/cache/org.sonatype.oss/oss-parent/ivy-9.xml.original.part -> /home/airflow/.ivy2/cache/org.sonatype.oss/oss-parent/ivy-9.xml.original (48ms)
[2026-04-03T11:02:47.081+0000] {spark_submit.py:491} INFO - 
[2026-04-03T11:02:47.081+0000] {spark_submit.py:491} INFO - io problem while parsing ivy file: https://repo1.maven.org/maven2/org/antlr/antlr4-master/4.8/antlr4-master-4.8.pom (java.io.IOException: Impossible to load parent for file:/home/airflow/.ivy2/cache/org.antlr/antlr4-master/ivy-4.8.xml.original. Parent=org.sonatype.oss#oss-parent;9)
[2026-04-03T11:02:47.082+0000] {spark_submit.py:491} INFO - 
[2026-04-03T11:02:47.082+0000] {spark_submit.py:491} INFO - io problem while parsing ivy file: https://repo1.maven.org/maven2/org/antlr/antlr4-runtime/4.8/antlr4-runtime-4.8.pom (java.io.IOException: Impossible to load parent for file:/home/airflow/.ivy2/cache/org.antlr/antlr4-runtime/ivy-4.8.xml.original. Parent=org.antlr#antlr4-master;4.8)
[2026-04-03T11:02:47.082+0000] {spark_submit.py:491} INFO - 
[2026-04-03T11:02:47.082+0000] {spark_submit.py:491} INFO - module not found: org.antlr#antlr4-runtime;4.8
[2026-04-03T11:02:47.082+0000] {spark_submit.py:491} INFO - 
[2026-04-03T11:02:47.082+0000] {spark_submit.py:491} INFO - ==== local-m2-cache: tried
[2026-04-03T11:02:47.082+0000] {spark_submit.py:491} INFO - 
[2026-04-03T11:02:47.082+0000] {spark_submit.py:491} INFO - file:/home/airflow/.m2/repository/org/sonatype/oss/oss-parent/9/oss-parent-9.pom
[2026-04-03T11:02:47.082+0000] {spark_submit.py:491} INFO - 
[2026-04-03T11:02:47.082+0000] {spark_submit.py:491} INFO - -- artifact org.sonatype.oss#oss-parent;9!oss-parent.jar:
[2026-04-03T11:02:47.082+0000] {spark_submit.py:491} INFO - 
[2026-04-03T11:02:47.082+0000] {spark_submit.py:491} INFO - file:/home/airflow/.m2/repository/org/sonatype/oss/oss-parent/9/oss-parent-9.jar
[2026-04-03T11:02:47.082+0000] {spark_submit.py:491} INFO - 
[2026-04-03T11:02:47.082+0000] {spark_submit.py:491} INFO - ==== local-ivy-cache: tried
[2026-04-03T11:02:47.083+0000] {spark_submit.py:491} INFO - 
[2026-04-03T11:02:47.083+0000] {spark_submit.py:491} INFO - /home/airflow/.ivy2/local/org.sonatype.oss/oss-parent/9/ivys/ivy.xml
[2026-04-03T11:02:47.083+0000] {spark_submit.py:491} INFO - 
[2026-04-03T11:02:47.083+0000] {spark_submit.py:491} INFO - -- artifact org.sonatype.oss#oss-parent;9!oss-parent.jar:
[2026-04-03T11:02:47.083+0000] {spark_submit.py:491} INFO - 
[2026-04-03T11:02:47.083+0000] {spark_submit.py:491} INFO - /home/airflow/.ivy2/local/org.sonatype.oss/oss-parent/9/jars/oss-parent.jar
[2026-04-03T11:02:47.083+0000] {spark_submit.py:491} INFO - 
[2026-04-03T11:02:47.083+0000] {spark_submit.py:491} INFO - ==== central: tried
[2026-04-03T11:02:47.083+0000] {spark_submit.py:491} INFO - 
[2026-04-03T11:02:47.083+0000] {spark_submit.py:491} INFO - https://repo1.maven.org/maven2/org/sonatype/oss/oss-parent/9/oss-parent-9.pom
[2026-04-03T11:02:47.083+0000] {spark_submit.py:491} INFO - 
[2026-04-03T11:02:47.083+0000] {spark_submit.py:491} INFO - ==== spark-packages: tried
[2026-04-03T11:02:47.083+0000] {spark_submit.py:491} INFO - 
[2026-04-03T11:02:47.083+0000] {spark_submit.py:491} INFO - https://repos.spark-packages.org/org/antlr/antlr4-runtime/4.8/antlr4-runtime-4.8.pom
[2026-04-03T11:02:47.083+0000] {spark_submit.py:491} INFO - 
[2026-04-03T11:02:47.083+0000] {spark_submit.py:491} INFO - -- artifact org.antlr#antlr4-runtime;4.8!antlr4-runtime.jar:
[2026-04-03T11:02:47.084+0000] {spark_submit.py:491} INFO - 
[2026-04-03T11:02:47.084+0000] {spark_submit.py:491} INFO - https://repos.spark-packages.org/org/antlr/antlr4-runtime/4.8/antlr4-runtime-4.8.jar
[2026-04-03T11:02:47.084+0000] {spark_submit.py:491} INFO - 
[2026-04-03T11:02:47.084+0000] {spark_submit.py:491} INFO - ::::::::::::::::::::::::::::::::::::::::::::::
[2026-04-03T11:02:47.084+0000] {spark_submit.py:491} INFO - 
[2026-04-03T11:02:47.084+0000] {spark_submit.py:491} INFO - ::          UNRESOLVED DEPENDENCIES         ::
[2026-04-03T11:02:47.084+0000] {spark_submit.py:491} INFO - 
[2026-04-03T11:02:47.084+0000] {spark_submit.py:491} INFO - ::::::::::::::::::::::::::::::::::::::::::::::
[2026-04-03T11:02:47.084+0000] {spark_submit.py:491} INFO - 
[2026-04-03T11:02:47.084+0000] {spark_submit.py:491} INFO - :: org.apache.hadoop#hadoop-aws;3.3.2: not found
[2026-04-03T11:02:47.084+0000] {spark_submit.py:491} INFO - 
[2026-04-03T11:02:47.084+0000] {spark_submit.py:491} INFO - :: com.amazonaws#aws-java-sdk-bundle;1.11.1026: not found
[2026-04-03T11:02:47.084+0000] {spark_submit.py:491} INFO - 
[2026-04-03T11:02:47.084+0000] {spark_submit.py:491} INFO - :: org.antlr#antlr4-runtime;4.8: not found
[2026-04-03T11:02:47.085+0000] {spark_submit.py:491} INFO - 
[2026-04-03T11:02:47.085+0000] {spark_submit.py:491} INFO - ::::::::::::::::::::::::::::::::::::::::::::::
[2026-04-03T11:02:47.085+0000] {spark_submit.py:491} INFO - 
[2026-04-03T11:02:47.085+0000] {spark_submit.py:491} INFO - 
[2026-04-03T11:02:47.085+0000] {spark_submit.py:491} INFO - 
[2026-04-03T11:02:47.085+0000] {spark_submit.py:491} INFO - :: USE VERBOSE OR DEBUG MESSAGE LEVEL FOR MORE DETAILS
[2026-04-03T11:02:47.085+0000] {spark_submit.py:491} INFO - Exception in thread "main" java.lang.RuntimeException: [unresolved dependency: org.apache.hadoop#hadoop-aws;3.3.2: not found, unresolved dependency: com.amazonaws#aws-java-sdk-bundle;1.11.1026: not found, unresolved dependency: org.antlr#antlr4-runtime;4.8: not found]
[2026-04-03T11:02:47.085+0000] {spark_submit.py:491} INFO - at org.apache.spark.deploy.SparkSubmitUtils$.resolveMavenCoordinates(SparkSubmit.scala:1456)
[2026-04-03T11:02:47.085+0000] {spark_submit.py:491} INFO - at org.apache.spark.util.DependencyUtils$.resolveMavenDependencies(DependencyUtils.scala:185)
[2026-04-03T11:02:47.085+0000] {spark_submit.py:491} INFO - at org.apache.spark.deploy.SparkSubmit.prepareSubmitEnvironment(SparkSubmit.scala:308)
[2026-04-03T11:02:47.085+0000] {spark_submit.py:491} INFO - at org.apache.spark.deploy.SparkSubmit.org$apache$spark$deploy$SparkSubmit$$runMain(SparkSubmit.scala:901)
[2026-04-03T11:02:47.085+0000] {spark_submit.py:491} INFO - at org.apache.spark.deploy.SparkSubmit.doRunMain$1(SparkSubmit.scala:180)
[2026-04-03T11:02:47.085+0000] {spark_submit.py:491} INFO - at org.apache.spark.deploy.SparkSubmit.submit(SparkSubmit.scala:203)
[2026-04-03T11:02:47.085+0000] {spark_submit.py:491} INFO - at org.apache.spark.deploy.SparkSubmit.doSubmit(SparkSubmit.scala:90)
[2026-04-03T11:02:47.085+0000] {spark_submit.py:491} INFO - at org.apache.spark.deploy.SparkSubmit$$anon$2.doSubmit(SparkSubmit.scala:1046)
[2026-04-03T11:02:47.085+0000] {spark_submit.py:491} INFO - at org.apache.spark.deploy.SparkSubmit$.main(SparkSubmit.scala:1055)
[2026-04-03T11:02:47.086+0000] {spark_submit.py:491} INFO - at org.apache.spark.deploy.SparkSubmit.main(SparkSubmit.scala)
[2026-04-03T11:02:47.125+0000] {taskinstance.py:1937} ERROR - Task failed with exception
Traceback (most recent call last):
  File "/home/airflow/.local/lib/python3.10/site-packages/airflow/providers/apache/spark/operators/spark_submit.py", line 156, in execute
    self._hook.submit(self._application)
  File "/home/airflow/.local/lib/python3.10/site-packages/airflow/providers/apache/spark/hooks/spark_submit.py", line 422, in submit
    raise AirflowException(
airflow.exceptions.AirflowException: Cannot execute: spark-submit --master spark://spark-master:7077 --conf spark.sql.extensions=io.delta.sql.DeltaSparkSessionExtension --conf spark.sql.catalog.spark_catalog=org.apache.spark.sql.delta.catalog.DeltaCatalog --conf spark.databricks.delta.schema.autoMerge.enabled=true --packages org.apache.hadoop:hadoop-aws:3.3.2,com.amazonaws:aws-java-sdk-bundle:1.11.1026,io.delta:delta-core_2.12:2.3.0 --executor-cores 1 --executor-memory 1g --driver-memory 1g --name airflow_silver_order_payments /opt/airflow/etl/silver/main_silver.py --table_name order_payments --merge_key id --is_cdc false --json_schema . Error code is: 1.
[2026-04-03T11:02:47.129+0000] {taskinstance.py:1400} INFO - Marking task as UP_FOR_RETRY. dag_id=silver_spark_processor, task_id=process_silver_order_payments, execution_date=20260402T000000, start_date=20260403T110220, end_date=20260403T110247
[2026-04-03T11:02:47.143+0000] {standard_task_runner.py:104} ERROR - Failed to execute job 367 for task process_silver_order_payments (Cannot execute: spark-submit --master spark://spark-master:7077 --conf spark.sql.extensions=io.delta.sql.DeltaSparkSessionExtension --conf spark.sql.catalog.spark_catalog=org.apache.spark.sql.delta.catalog.DeltaCatalog --conf spark.databricks.delta.schema.autoMerge.enabled=true --packages org.apache.hadoop:hadoop-aws:3.3.2,com.amazonaws:aws-java-sdk-bundle:1.11.1026,io.delta:delta-core_2.12:2.3.0 --executor-cores 1 --executor-memory 1g --driver-memory 1g --name airflow_silver_order_payments /opt/airflow/etl/silver/main_silver.py --table_name order_payments --merge_key id --is_cdc false --json_schema . Error code is: 1.; 214)
[2026-04-03T11:02:47.192+0000] {local_task_job_runner.py:228} INFO - Task exited with return code 1
[2026-04-03T11:02:47.231+0000] {taskinstance.py:2778} INFO - 0 downstream tasks scheduled from follow-on schedule check
