[2026-04-03T13:47:32.629+0000] {taskinstance.py:1159} INFO - Dependencies all met for dep_context=non-requeueable deps ti=<TaskInstance: silver_spark_processor.process_silver_order_payments scheduled__2026-04-02T00:00:00+00:00 [queued]>
[2026-04-03T13:47:32.644+0000] {taskinstance.py:1159} INFO - Dependencies all met for dep_context=requeueable deps ti=<TaskInstance: silver_spark_processor.process_silver_order_payments scheduled__2026-04-02T00:00:00+00:00 [queued]>
[2026-04-03T13:47:32.645+0000] {taskinstance.py:1361} INFO - Starting attempt 7 of 5
[2026-04-03T13:47:32.672+0000] {taskinstance.py:1382} INFO - Executing <Task(SparkSubmitOperator): process_silver_order_payments> on 2026-04-02 00:00:00+00:00
[2026-04-03T13:47:32.680+0000] {standard_task_runner.py:57} INFO - Started process 1808 to run task
[2026-04-03T13:47:32.685+0000] {standard_task_runner.py:84} INFO - Running: ['airflow', 'tasks', 'run', 'silver_spark_processor', 'process_silver_order_payments', 'scheduled__2026-04-02T00:00:00+00:00', '--job-id', '497', '--raw', '--subdir', 'DAGS_FOLDER/silver_processor_dag.py', '--cfg-path', '/tmp/tmp3u6b9wg9']
[2026-04-03T13:47:32.688+0000] {standard_task_runner.py:85} INFO - Job 497: Subtask process_silver_order_payments
[2026-04-03T13:47:32.775+0000] {task_command.py:416} INFO - Running <TaskInstance: silver_spark_processor.process_silver_order_payments scheduled__2026-04-02T00:00:00+00:00 [running]> on host 3e1e8c99e894
[2026-04-03T13:47:32.909+0000] {taskinstance.py:1662} INFO - Exporting env vars: AIRFLOW_CTX_DAG_OWNER='data-team' AIRFLOW_CTX_DAG_ID='silver_spark_processor' AIRFLOW_CTX_TASK_ID='process_silver_order_payments' AIRFLOW_CTX_EXECUTION_DATE='2026-04-02T00:00:00+00:00' AIRFLOW_CTX_TRY_NUMBER='7' AIRFLOW_CTX_DAG_RUN_ID='scheduled__2026-04-02T00:00:00+00:00'
[2026-04-03T13:47:32.928+0000] {base.py:73} INFO - Using connection ID 'spark_default' for task execution.
[2026-04-03T13:47:32.930+0000] {spark_submit.py:340} INFO - Spark-Submit cmd: spark-submit --master spark://spark-master:7077 --conf spark.sql.extensions=io.delta.sql.DeltaSparkSessionExtension --conf spark.sql.catalog.spark_catalog=org.apache.spark.sql.delta.catalog.DeltaCatalog --conf spark.databricks.delta.schema.autoMerge.enabled=true --jars /opt/airflow/etl/jars/hadoop-aws-3.3.2.jar,/opt/airflow/etl/jars/aws-java-sdk-bundle-1.11.1026.jar,/opt/airflow/etl/jars/delta-core_2.12-2.3.0.jar --executor-cores 1 --executor-memory 1g --driver-memory 1g --name airflow_silver_order_payments /opt/airflow/etl/silver/main_silver.py --table_name order_payments --merge_key id --is_cdc false --json_schema 
[2026-04-03T13:47:33.127+0000] {spark_submit.py:491} INFO - /home/airflow/.local/lib/python3.10/site-packages/pyspark/bin/load-spark-env.sh: line 68: ps: command not found
[2026-04-03T13:47:38.941+0000] {spark_submit.py:491} INFO - 26/04/03 13:47:38 WARN NativeCodeLoader: Unable to load native-hadoop library for your platform... using builtin-java classes where applicable
[2026-04-03T13:47:41.034+0000] {spark_submit.py:491} INFO - INFO:__main__:Khởi tạo Spark Job cho bảng: order_payments
[2026-04-03T13:47:41.224+0000] {spark_submit.py:491} INFO - 26/04/03 13:47:41 INFO SparkContext: Running Spark version 3.3.2
[2026-04-03T13:47:41.300+0000] {spark_submit.py:491} INFO - 26/04/03 13:47:41 INFO ResourceUtils: ==============================================================
[2026-04-03T13:47:41.301+0000] {spark_submit.py:491} INFO - 26/04/03 13:47:41 INFO ResourceUtils: No custom resources configured for spark.driver.
[2026-04-03T13:47:41.302+0000] {spark_submit.py:491} INFO - 26/04/03 13:47:41 INFO ResourceUtils: ==============================================================
[2026-04-03T13:47:41.303+0000] {spark_submit.py:491} INFO - 26/04/03 13:47:41 INFO SparkContext: Submitted application: <class 'pyspark.sql.session.SparkSession'>
[2026-04-03T13:47:41.365+0000] {spark_submit.py:491} INFO - 26/04/03 13:47:41 INFO ResourceProfile: Default ResourceProfile created, executor resources: Map(cores -> name: cores, amount: 1, script: , vendor: , memory -> name: memory, amount: 1024, script: , vendor: , offHeap -> name: offHeap, amount: 0, script: , vendor: ), task resources: Map(cpus -> name: cpus, amount: 1.0)
[2026-04-03T13:47:41.400+0000] {spark_submit.py:491} INFO - 26/04/03 13:47:41 INFO ResourceProfile: Limiting resource is cpus at 1 tasks per executor
[2026-04-03T13:47:41.406+0000] {spark_submit.py:491} INFO - 26/04/03 13:47:41 INFO ResourceProfileManager: Added ResourceProfile id: 0
[2026-04-03T13:47:41.536+0000] {spark_submit.py:491} INFO - 26/04/03 13:47:41 INFO SecurityManager: Changing view acls to: airflow
[2026-04-03T13:47:41.537+0000] {spark_submit.py:491} INFO - 26/04/03 13:47:41 INFO SecurityManager: Changing modify acls to: airflow
[2026-04-03T13:47:41.539+0000] {spark_submit.py:491} INFO - 26/04/03 13:47:41 INFO SecurityManager: Changing view acls groups to:
[2026-04-03T13:47:41.541+0000] {spark_submit.py:491} INFO - 26/04/03 13:47:41 INFO SecurityManager: Changing modify acls groups to:
[2026-04-03T13:47:41.542+0000] {spark_submit.py:491} INFO - 26/04/03 13:47:41 INFO SecurityManager: SecurityManager: authentication disabled; ui acls disabled; users  with view permissions: Set(airflow); groups with view permissions: Set(); users  with modify permissions: Set(airflow); groups with modify permissions: Set()
[2026-04-03T13:47:42.540+0000] {spark_submit.py:491} INFO - 26/04/03 13:47:42 INFO Utils: Successfully started service 'sparkDriver' on port 46859.
[2026-04-03T13:47:42.637+0000] {spark_submit.py:491} INFO - 26/04/03 13:47:42 INFO SparkEnv: Registering MapOutputTracker
[2026-04-03T13:47:42.722+0000] {spark_submit.py:491} INFO - 26/04/03 13:47:42 INFO SparkEnv: Registering BlockManagerMaster
[2026-04-03T13:47:42.842+0000] {spark_submit.py:491} INFO - 26/04/03 13:47:42 INFO BlockManagerMasterEndpoint: Using org.apache.spark.storage.DefaultTopologyMapper for getting topology information
[2026-04-03T13:47:42.852+0000] {spark_submit.py:491} INFO - 26/04/03 13:47:42 INFO BlockManagerMasterEndpoint: BlockManagerMasterEndpoint up
[2026-04-03T13:47:42.886+0000] {spark_submit.py:491} INFO - 26/04/03 13:47:42 INFO SparkEnv: Registering BlockManagerMasterHeartbeat
[2026-04-03T13:47:42.950+0000] {spark_submit.py:491} INFO - 26/04/03 13:47:42 INFO DiskBlockManager: Created local directory at /tmp/blockmgr-44e9c404-a844-4d20-a3d8-2f375ae58371
[2026-04-03T13:47:43.011+0000] {spark_submit.py:491} INFO - 26/04/03 13:47:43 INFO MemoryStore: MemoryStore started with capacity 434.4 MiB
[2026-04-03T13:47:43.068+0000] {spark_submit.py:491} INFO - 26/04/03 13:47:43 INFO SparkEnv: Registering OutputCommitCoordinator
[2026-04-03T13:47:43.810+0000] {spark_submit.py:491} INFO - 26/04/03 13:47:43 WARN Utils: Service 'SparkUI' could not bind on port 4040. Attempting port 4041.
[2026-04-03T13:47:43.813+0000] {spark_submit.py:491} INFO - 26/04/03 13:47:43 WARN Utils: Service 'SparkUI' could not bind on port 4041. Attempting port 4042.
[2026-04-03T13:47:43.814+0000] {spark_submit.py:491} INFO - 26/04/03 13:47:43 WARN Utils: Service 'SparkUI' could not bind on port 4042. Attempting port 4043.
[2026-04-03T13:47:43.855+0000] {spark_submit.py:491} INFO - 26/04/03 13:47:43 INFO Utils: Successfully started service 'SparkUI' on port 4043.
[2026-04-03T13:47:43.975+0000] {spark_submit.py:491} INFO - 26/04/03 13:47:43 INFO SparkContext: Added JAR file:///opt/airflow/etl/jars/hadoop-aws-3.3.2.jar at spark://3e1e8c99e894:46859/jars/hadoop-aws-3.3.2.jar with timestamp 1775224061201
[2026-04-03T13:47:43.980+0000] {spark_submit.py:491} INFO - 26/04/03 13:47:43 INFO SparkContext: Added JAR file:///opt/airflow/etl/jars/aws-java-sdk-bundle-1.11.1026.jar at spark://3e1e8c99e894:46859/jars/aws-java-sdk-bundle-1.11.1026.jar with timestamp 1775224061201
[2026-04-03T13:47:43.987+0000] {spark_submit.py:491} INFO - 26/04/03 13:47:43 INFO SparkContext: Added JAR file:///opt/airflow/etl/jars/delta-core_2.12-2.3.0.jar at spark://3e1e8c99e894:46859/jars/delta-core_2.12-2.3.0.jar with timestamp 1775224061201
[2026-04-03T13:47:44.357+0000] {spark_submit.py:491} INFO - 26/04/03 13:47:44 INFO StandaloneAppClient$ClientEndpoint: Connecting to master spark://spark-master:7077...
[2026-04-03T13:47:44.525+0000] {spark_submit.py:491} INFO - 26/04/03 13:47:44 INFO TransportClientFactory: Successfully created connection to spark-master/172.18.0.4:7077 after 109 ms (0 ms spent in bootstraps)
[2026-04-03T13:47:44.862+0000] {spark_submit.py:491} INFO - 26/04/03 13:47:44 INFO StandaloneSchedulerBackend: Connected to Spark cluster with app ID app-20260403134744-0014
[2026-04-03T13:47:44.887+0000] {spark_submit.py:491} INFO - 26/04/03 13:47:44 INFO Utils: Successfully started service 'org.apache.spark.network.netty.NettyBlockTransferService' on port 45139.
[2026-04-03T13:47:44.888+0000] {spark_submit.py:491} INFO - 26/04/03 13:47:44 INFO NettyBlockTransferService: Server created on 3e1e8c99e894:45139
[2026-04-03T13:47:44.891+0000] {spark_submit.py:491} INFO - 26/04/03 13:47:44 INFO BlockManager: Using org.apache.spark.storage.RandomBlockReplicationPolicy for block replication policy
[2026-04-03T13:47:44.908+0000] {spark_submit.py:491} INFO - 26/04/03 13:47:44 INFO BlockManagerMaster: Registering BlockManager BlockManagerId(driver, 3e1e8c99e894, 45139, None)
[2026-04-03T13:47:44.919+0000] {spark_submit.py:491} INFO - 26/04/03 13:47:44 INFO BlockManagerMasterEndpoint: Registering block manager 3e1e8c99e894:45139 with 434.4 MiB RAM, BlockManagerId(driver, 3e1e8c99e894, 45139, None)
[2026-04-03T13:47:44.924+0000] {spark_submit.py:491} INFO - 26/04/03 13:47:44 INFO BlockManagerMaster: Registered BlockManager BlockManagerId(driver, 3e1e8c99e894, 45139, None)
[2026-04-03T13:47:44.925+0000] {spark_submit.py:491} INFO - 26/04/03 13:47:44 INFO BlockManager: Initialized BlockManager: BlockManagerId(driver, 3e1e8c99e894, 45139, None)
[2026-04-03T13:47:45.533+0000] {spark_submit.py:491} INFO - 26/04/03 13:47:45 INFO StandaloneSchedulerBackend: SchedulerBackend is ready for scheduling beginning after reached minRegisteredResourcesRatio: 0.0
[2026-04-03T13:47:47.858+0000] {spark_submit.py:491} INFO - INFO:silver_processor: Bắt đầu xử lý lớp Silver cho bảng: order_payments | Chế độ CDC: False
[2026-04-03T13:47:47.859+0000] {spark_submit.py:491} INFO - INFO:silver_processor: Bắt đầu quét Data Nóng từ Bronze...
[2026-04-03T13:47:48.807+0000] {spark_submit.py:491} INFO - 26/04/03 13:47:48 WARN MetricsConfig: Cannot locate configuration: tried hadoop-metrics2-s3a-file-system.properties,hadoop-metrics2.properties
