[2026-04-03T14:34:32.594+0000] {taskinstance.py:1159} INFO - Dependencies all met for dep_context=non-requeueable deps ti=<TaskInstance: silver_spark_processor.process_silver_order_payments scheduled__2026-04-02T00:00:00+00:00 [queued]>
[2026-04-03T14:34:32.609+0000] {taskinstance.py:1159} INFO - Dependencies all met for dep_context=requeueable deps ti=<TaskInstance: silver_spark_processor.process_silver_order_payments scheduled__2026-04-02T00:00:00+00:00 [queued]>
[2026-04-03T14:34:32.610+0000] {taskinstance.py:1361} INFO - Starting attempt 12 of 11
[2026-04-03T14:34:32.634+0000] {taskinstance.py:1382} INFO - Executing <Task(SparkSubmitOperator): process_silver_order_payments> on 2026-04-02 00:00:00+00:00
[2026-04-03T14:34:32.646+0000] {standard_task_runner.py:57} INFO - Started process 190 to run task
[2026-04-03T14:34:32.655+0000] {standard_task_runner.py:84} INFO - Running: ['airflow', 'tasks', 'run', 'silver_spark_processor', 'process_silver_order_payments', 'scheduled__2026-04-02T00:00:00+00:00', '--job-id', '570', '--raw', '--subdir', 'DAGS_FOLDER/silver_processor_dag.py', '--cfg-path', '/tmp/tmpm0ney2zy']
[2026-04-03T14:34:32.658+0000] {standard_task_runner.py:85} INFO - Job 570: Subtask process_silver_order_payments
[2026-04-03T14:34:32.765+0000] {task_command.py:416} INFO - Running <TaskInstance: silver_spark_processor.process_silver_order_payments scheduled__2026-04-02T00:00:00+00:00 [running]> on host e516154efc74
[2026-04-03T14:34:32.948+0000] {taskinstance.py:1662} INFO - Exporting env vars: AIRFLOW_CTX_DAG_OWNER='data-team' AIRFLOW_CTX_DAG_ID='silver_spark_processor' AIRFLOW_CTX_TASK_ID='process_silver_order_payments' AIRFLOW_CTX_EXECUTION_DATE='2026-04-02T00:00:00+00:00' AIRFLOW_CTX_TRY_NUMBER='12' AIRFLOW_CTX_DAG_RUN_ID='scheduled__2026-04-02T00:00:00+00:00'
[2026-04-03T14:34:32.967+0000] {base.py:73} INFO - Using connection ID 'spark_default' for task execution.
[2026-04-03T14:34:32.970+0000] {spark_submit.py:340} INFO - Spark-Submit cmd: spark-submit --master spark://spark-master:7077 --conf spark.sql.extensions=io.delta.sql.DeltaSparkSessionExtension --conf spark.sql.catalog.spark_catalog=org.apache.spark.sql.delta.catalog.DeltaCatalog --conf spark.databricks.delta.schema.autoMerge.enabled=true --jars /opt/airflow/etl/jars/hadoop-aws-3.3.2.jar,/opt/airflow/etl/jars/aws-java-sdk-bundle-1.11.1026.jar,/opt/airflow/etl/jars/delta-core_2.12-2.3.0.jar,/opt/airflow/etl/jars/delta-storage-2.3.0.jar --executor-cores 1 --executor-memory 1g --driver-memory 1g --name airflow_silver_order_payments /opt/airflow/etl/silver/main_silver.py --table_name order_payments --merge_key id --is_cdc false --json_schema 
[2026-04-03T14:34:33.184+0000] {spark_submit.py:491} INFO - /home/airflow/.local/lib/python3.10/site-packages/pyspark/bin/load-spark-env.sh: line 68: ps: command not found
[2026-04-03T14:34:42.717+0000] {spark_submit.py:491} INFO - 26/04/03 14:34:42 WARN NativeCodeLoader: Unable to load native-hadoop library for your platform... using builtin-java classes where applicable
[2026-04-03T14:34:45.782+0000] {spark_submit.py:491} INFO - INFO:__main__:Khởi tạo Spark Job cho bảng: order_payments
[2026-04-03T14:34:46.499+0000] {spark_submit.py:491} INFO - 26/04/03 14:34:46 INFO SparkContext: Running Spark version 3.3.2
[2026-04-03T14:34:46.695+0000] {spark_submit.py:491} INFO - 26/04/03 14:34:46 INFO ResourceUtils: ==============================================================
[2026-04-03T14:34:46.698+0000] {spark_submit.py:491} INFO - 26/04/03 14:34:46 INFO ResourceUtils: No custom resources configured for spark.driver.
[2026-04-03T14:34:46.701+0000] {spark_submit.py:491} INFO - 26/04/03 14:34:46 INFO ResourceUtils: ==============================================================
[2026-04-03T14:34:46.711+0000] {spark_submit.py:491} INFO - 26/04/03 14:34:46 INFO SparkContext: Submitted application: <class 'pyspark.sql.session.SparkSession'>
[2026-04-03T14:34:46.791+0000] {spark_submit.py:491} INFO - 26/04/03 14:34:46 INFO ResourceProfile: Default ResourceProfile created, executor resources: Map(cores -> name: cores, amount: 1, script: , vendor: , memory -> name: memory, amount: 1024, script: , vendor: , offHeap -> name: offHeap, amount: 0, script: , vendor: ), task resources: Map(cpus -> name: cpus, amount: 1.0)
[2026-04-03T14:34:46.868+0000] {spark_submit.py:491} INFO - 26/04/03 14:34:46 INFO ResourceProfile: Limiting resource is cpus at 1 tasks per executor
[2026-04-03T14:34:46.887+0000] {spark_submit.py:491} INFO - 26/04/03 14:34:46 INFO ResourceProfileManager: Added ResourceProfile id: 0
[2026-04-03T14:34:47.115+0000] {spark_submit.py:491} INFO - 26/04/03 14:34:47 INFO SecurityManager: Changing view acls to: airflow
[2026-04-03T14:34:47.116+0000] {spark_submit.py:491} INFO - 26/04/03 14:34:47 INFO SecurityManager: Changing modify acls to: airflow
[2026-04-03T14:34:47.121+0000] {spark_submit.py:491} INFO - 26/04/03 14:34:47 INFO SecurityManager: Changing view acls groups to:
[2026-04-03T14:34:47.123+0000] {spark_submit.py:491} INFO - 26/04/03 14:34:47 INFO SecurityManager: Changing modify acls groups to:
[2026-04-03T14:34:47.129+0000] {spark_submit.py:491} INFO - 26/04/03 14:34:47 INFO SecurityManager: SecurityManager: authentication disabled; ui acls disabled; users  with view permissions: Set(airflow); groups with view permissions: Set(); users  with modify permissions: Set(airflow); groups with modify permissions: Set()
[2026-04-03T14:34:48.227+0000] {spark_submit.py:491} INFO - 26/04/03 14:34:48 INFO Utils: Successfully started service 'sparkDriver' on port 46833.
[2026-04-03T14:34:48.345+0000] {spark_submit.py:491} INFO - 26/04/03 14:34:48 INFO SparkEnv: Registering MapOutputTracker
[2026-04-03T14:34:48.454+0000] {spark_submit.py:491} INFO - 26/04/03 14:34:48 INFO SparkEnv: Registering BlockManagerMaster
[2026-04-03T14:34:48.532+0000] {spark_submit.py:491} INFO - 26/04/03 14:34:48 INFO BlockManagerMasterEndpoint: Using org.apache.spark.storage.DefaultTopologyMapper for getting topology information
[2026-04-03T14:34:48.533+0000] {spark_submit.py:491} INFO - 26/04/03 14:34:48 INFO BlockManagerMasterEndpoint: BlockManagerMasterEndpoint up
[2026-04-03T14:34:48.561+0000] {spark_submit.py:491} INFO - 26/04/03 14:34:48 INFO SparkEnv: Registering BlockManagerMasterHeartbeat
[2026-04-03T14:34:48.611+0000] {spark_submit.py:491} INFO - 26/04/03 14:34:48 INFO DiskBlockManager: Created local directory at /tmp/blockmgr-5677dd0a-b321-450f-818b-76837dfcf9cb
[2026-04-03T14:34:48.669+0000] {spark_submit.py:491} INFO - 26/04/03 14:34:48 INFO MemoryStore: MemoryStore started with capacity 434.4 MiB
[2026-04-03T14:34:48.706+0000] {spark_submit.py:491} INFO - 26/04/03 14:34:48 INFO SparkEnv: Registering OutputCommitCoordinator
[2026-04-03T14:34:49.813+0000] {spark_submit.py:491} INFO - 26/04/03 14:34:49 WARN Utils: Service 'SparkUI' could not bind on port 4040. Attempting port 4041.
[2026-04-03T14:34:49.815+0000] {spark_submit.py:491} INFO - 26/04/03 14:34:49 WARN Utils: Service 'SparkUI' could not bind on port 4041. Attempting port 4042.
[2026-04-03T14:34:49.818+0000] {spark_submit.py:491} INFO - 26/04/03 14:34:49 WARN Utils: Service 'SparkUI' could not bind on port 4042. Attempting port 4043.
[2026-04-03T14:34:49.826+0000] {spark_submit.py:491} INFO - 26/04/03 14:34:49 WARN Utils: Service 'SparkUI' could not bind on port 4043. Attempting port 4044.
[2026-04-03T14:34:49.827+0000] {spark_submit.py:491} INFO - 26/04/03 14:34:49 WARN Utils: Service 'SparkUI' could not bind on port 4044. Attempting port 4045.
[2026-04-03T14:34:49.828+0000] {spark_submit.py:491} INFO - 26/04/03 14:34:49 WARN Utils: Service 'SparkUI' could not bind on port 4045. Attempting port 4046.
[2026-04-03T14:34:49.836+0000] {spark_submit.py:491} INFO - 26/04/03 14:34:49 WARN Utils: Service 'SparkUI' could not bind on port 4046. Attempting port 4047.
[2026-04-03T14:34:49.893+0000] {spark_submit.py:491} INFO - 26/04/03 14:34:49 INFO Utils: Successfully started service 'SparkUI' on port 4047.
[2026-04-03T14:34:50.090+0000] {spark_submit.py:491} INFO - 26/04/03 14:34:50 INFO SparkContext: Added JAR file:///opt/airflow/etl/jars/hadoop-aws-3.3.2.jar at spark://e516154efc74:46833/jars/hadoop-aws-3.3.2.jar with timestamp 1775226886386
[2026-04-03T14:34:50.092+0000] {spark_submit.py:491} INFO - 26/04/03 14:34:50 INFO SparkContext: Added JAR file:///opt/airflow/etl/jars/aws-java-sdk-bundle-1.11.1026.jar at spark://e516154efc74:46833/jars/aws-java-sdk-bundle-1.11.1026.jar with timestamp 1775226886386
[2026-04-03T14:34:50.092+0000] {spark_submit.py:491} INFO - 26/04/03 14:34:50 INFO SparkContext: Added JAR file:///opt/airflow/etl/jars/delta-core_2.12-2.3.0.jar at spark://e516154efc74:46833/jars/delta-core_2.12-2.3.0.jar with timestamp 1775226886386
[2026-04-03T14:34:50.093+0000] {spark_submit.py:491} INFO - 26/04/03 14:34:50 INFO SparkContext: Added JAR file:///opt/airflow/etl/jars/delta-storage-2.3.0.jar at spark://e516154efc74:46833/jars/delta-storage-2.3.0.jar with timestamp 1775226886386
[2026-04-03T14:34:50.664+0000] {spark_submit.py:491} INFO - 26/04/03 14:34:50 INFO StandaloneAppClient$ClientEndpoint: Connecting to master spark://spark-master:7077...
[2026-04-03T14:34:50.959+0000] {spark_submit.py:491} INFO - 26/04/03 14:34:50 INFO TransportClientFactory: Successfully created connection to spark-master/172.18.0.6:7077 after 199 ms (0 ms spent in bootstraps)
[2026-04-03T14:34:51.380+0000] {spark_submit.py:491} INFO - 26/04/03 14:34:51 INFO StandaloneSchedulerBackend: Connected to Spark cluster with app ID app-20260403143451-0006
[2026-04-03T14:34:51.405+0000] {spark_submit.py:491} INFO - 26/04/03 14:34:51 INFO Utils: Successfully started service 'org.apache.spark.network.netty.NettyBlockTransferService' on port 35287.
[2026-04-03T14:34:51.407+0000] {spark_submit.py:491} INFO - 26/04/03 14:34:51 INFO NettyBlockTransferService: Server created on e516154efc74:35287
[2026-04-03T14:34:51.412+0000] {spark_submit.py:491} INFO - 26/04/03 14:34:51 INFO BlockManager: Using org.apache.spark.storage.RandomBlockReplicationPolicy for block replication policy
[2026-04-03T14:34:51.423+0000] {spark_submit.py:491} INFO - 26/04/03 14:34:51 INFO BlockManagerMaster: Registering BlockManager BlockManagerId(driver, e516154efc74, 35287, None)
[2026-04-03T14:34:51.431+0000] {spark_submit.py:491} INFO - 26/04/03 14:34:51 INFO BlockManagerMasterEndpoint: Registering block manager e516154efc74:35287 with 434.4 MiB RAM, BlockManagerId(driver, e516154efc74, 35287, None)
[2026-04-03T14:34:51.436+0000] {spark_submit.py:491} INFO - 26/04/03 14:34:51 INFO BlockManagerMaster: Registered BlockManager BlockManagerId(driver, e516154efc74, 35287, None)
[2026-04-03T14:34:51.439+0000] {spark_submit.py:491} INFO - 26/04/03 14:34:51 INFO BlockManager: Initialized BlockManager: BlockManagerId(driver, e516154efc74, 35287, None)
[2026-04-03T14:34:52.079+0000] {spark_submit.py:491} INFO - 26/04/03 14:34:52 INFO StandaloneSchedulerBackend: SchedulerBackend is ready for scheduling beginning after reached minRegisteredResourcesRatio: 0.0
[2026-04-03T14:34:55.189+0000] {taskinstance.py:1937} ERROR - Task failed with exception
Traceback (most recent call last):
  File "/home/airflow/.local/lib/python3.10/site-packages/airflow/providers/apache/spark/operators/spark_submit.py", line 156, in execute
    self._hook.submit(self._application)
  File "/home/airflow/.local/lib/python3.10/site-packages/airflow/providers/apache/spark/hooks/spark_submit.py", line 422, in submit
    raise AirflowException(
airflow.exceptions.AirflowException: Cannot execute: spark-submit --master spark://spark-master:7077 --conf spark.sql.extensions=io.delta.sql.DeltaSparkSessionExtension --conf spark.sql.catalog.spark_catalog=org.apache.spark.sql.delta.catalog.DeltaCatalog --conf spark.databricks.delta.schema.autoMerge.enabled=true --jars /opt/airflow/etl/jars/hadoop-aws-3.3.2.jar,/opt/airflow/etl/jars/aws-java-sdk-bundle-1.11.1026.jar,/opt/airflow/etl/jars/delta-core_2.12-2.3.0.jar,/opt/airflow/etl/jars/delta-storage-2.3.0.jar --executor-cores 1 --executor-memory 1g --driver-memory 1g --name airflow_silver_order_payments /opt/airflow/etl/silver/main_silver.py --table_name order_payments --merge_key id --is_cdc false --json_schema . Error code is: -9.
[2026-04-03T14:34:55.301+0000] {taskinstance.py:1400} INFO - Marking task as FAILED. dag_id=silver_spark_processor, task_id=process_silver_order_payments, execution_date=20260402T000000, start_date=20260403T143432, end_date=20260403T143455
[2026-04-03T14:34:55.652+0000] {standard_task_runner.py:104} ERROR - Failed to execute job 570 for task process_silver_order_payments (Cannot execute: spark-submit --master spark://spark-master:7077 --conf spark.sql.extensions=io.delta.sql.DeltaSparkSessionExtension --conf spark.sql.catalog.spark_catalog=org.apache.spark.sql.delta.catalog.DeltaCatalog --conf spark.databricks.delta.schema.autoMerge.enabled=true --jars /opt/airflow/etl/jars/hadoop-aws-3.3.2.jar,/opt/airflow/etl/jars/aws-java-sdk-bundle-1.11.1026.jar,/opt/airflow/etl/jars/delta-core_2.12-2.3.0.jar,/opt/airflow/etl/jars/delta-storage-2.3.0.jar --executor-cores 1 --executor-memory 1g --driver-memory 1g --name airflow_silver_order_payments /opt/airflow/etl/silver/main_silver.py --table_name order_payments --merge_key id --is_cdc false --json_schema . Error code is: -9.; 190)
[2026-04-03T14:34:55.712+0000] {local_task_job_runner.py:228} INFO - Task exited with return code 1
[2026-04-03T14:34:56.031+0000] {taskinstance.py:2778} INFO - 0 downstream tasks scheduled from follow-on schedule check
