[2026-04-03T13:35:25.148+0000] {taskinstance.py:1159} INFO - Dependencies all met for dep_context=non-requeueable deps ti=<TaskInstance: silver_spark_processor.process_silver_order_payments scheduled__2026-04-02T00:00:00+00:00 [queued]>
[2026-04-03T13:35:25.182+0000] {taskinstance.py:1159} INFO - Dependencies all met for dep_context=requeueable deps ti=<TaskInstance: silver_spark_processor.process_silver_order_payments scheduled__2026-04-02T00:00:00+00:00 [queued]>
[2026-04-03T13:35:25.182+0000] {taskinstance.py:1361} INFO - Starting attempt 6 of 5
[2026-04-03T13:35:25.212+0000] {taskinstance.py:1382} INFO - Executing <Task(SparkSubmitOperator): process_silver_order_payments> on 2026-04-02 00:00:00+00:00
[2026-04-03T13:35:25.232+0000] {standard_task_runner.py:57} INFO - Started process 187 to run task
[2026-04-03T13:35:25.235+0000] {standard_task_runner.py:84} INFO - Running: ['airflow', 'tasks', 'run', 'silver_spark_processor', 'process_silver_order_payments', 'scheduled__2026-04-02T00:00:00+00:00', '--job-id', '483', '--raw', '--subdir', 'DAGS_FOLDER/silver_processor_dag.py', '--cfg-path', '/tmp/tmpwo3k2pf_']
[2026-04-03T13:35:25.238+0000] {standard_task_runner.py:85} INFO - Job 483: Subtask process_silver_order_payments
[2026-04-03T13:35:25.359+0000] {task_command.py:416} INFO - Running <TaskInstance: silver_spark_processor.process_silver_order_payments scheduled__2026-04-02T00:00:00+00:00 [running]> on host 3e1e8c99e894
[2026-04-03T13:35:25.558+0000] {taskinstance.py:1662} INFO - Exporting env vars: AIRFLOW_CTX_DAG_OWNER='data-team' AIRFLOW_CTX_DAG_ID='silver_spark_processor' AIRFLOW_CTX_TASK_ID='process_silver_order_payments' AIRFLOW_CTX_EXECUTION_DATE='2026-04-02T00:00:00+00:00' AIRFLOW_CTX_TRY_NUMBER='6' AIRFLOW_CTX_DAG_RUN_ID='scheduled__2026-04-02T00:00:00+00:00'
[2026-04-03T13:35:25.600+0000] {base.py:73} INFO - Using connection ID 'spark_default' for task execution.
[2026-04-03T13:35:25.605+0000] {spark_submit.py:340} INFO - Spark-Submit cmd: spark-submit --master spark://spark-master:7077 --conf spark.sql.extensions=io.delta.sql.DeltaSparkSessionExtension --conf spark.sql.catalog.spark_catalog=org.apache.spark.sql.delta.catalog.DeltaCatalog --conf spark.databricks.delta.schema.autoMerge.enabled=true --jars /opt/airflow/etl/jars/hadoop-aws-3.3.2.jar,/opt/airflow/etl/jars/aws-java-sdk-bundle-1.11.1026.jar,/opt/airflow/etl/jars/delta-core_2.12-2.3.0.jar --executor-cores 1 --executor-memory 1g --driver-memory 1g --name airflow_silver_order_payments /opt/airflow/etl/silver/main_silver.py --table_name order_payments --merge_key id --is_cdc false --json_schema 
[2026-04-03T13:35:25.889+0000] {spark_submit.py:491} INFO - /home/airflow/.local/lib/python3.10/site-packages/pyspark/bin/load-spark-env.sh: line 68: ps: command not found
[2026-04-03T13:35:35.544+0000] {spark_submit.py:491} INFO - 26/04/03 13:35:35 WARN NativeCodeLoader: Unable to load native-hadoop library for your platform... using builtin-java classes where applicable
[2026-04-03T13:35:39.742+0000] {spark_submit.py:491} INFO - INFO:__main__:Khởi tạo Spark Job cho bảng: order_payments
[2026-04-03T13:35:40.065+0000] {spark_submit.py:491} INFO - 26/04/03 13:35:40 INFO SparkContext: Running Spark version 3.3.2
[2026-04-03T13:35:40.207+0000] {spark_submit.py:491} INFO - 26/04/03 13:35:40 INFO ResourceUtils: ==============================================================
[2026-04-03T13:35:40.207+0000] {spark_submit.py:491} INFO - 26/04/03 13:35:40 INFO ResourceUtils: No custom resources configured for spark.driver.
[2026-04-03T13:35:40.210+0000] {spark_submit.py:491} INFO - 26/04/03 13:35:40 INFO ResourceUtils: ==============================================================
[2026-04-03T13:35:40.211+0000] {spark_submit.py:491} INFO - 26/04/03 13:35:40 INFO SparkContext: Submitted application: <class 'pyspark.sql.session.SparkSession'>
[2026-04-03T13:35:40.305+0000] {spark_submit.py:491} INFO - 26/04/03 13:35:40 INFO ResourceProfile: Default ResourceProfile created, executor resources: Map(cores -> name: cores, amount: 1, script: , vendor: , memory -> name: memory, amount: 1024, script: , vendor: , offHeap -> name: offHeap, amount: 0, script: , vendor: ), task resources: Map(cpus -> name: cpus, amount: 1.0)
[2026-04-03T13:35:40.398+0000] {spark_submit.py:491} INFO - 26/04/03 13:35:40 INFO ResourceProfile: Limiting resource is cpus at 1 tasks per executor
[2026-04-03T13:35:40.411+0000] {spark_submit.py:491} INFO - 26/04/03 13:35:40 INFO ResourceProfileManager: Added ResourceProfile id: 0
[2026-04-03T13:35:40.825+0000] {spark_submit.py:491} INFO - 26/04/03 13:35:40 INFO SecurityManager: Changing view acls to: airflow
[2026-04-03T13:35:40.837+0000] {spark_submit.py:491} INFO - 26/04/03 13:35:40 INFO SecurityManager: Changing modify acls to: airflow
[2026-04-03T13:35:40.837+0000] {spark_submit.py:491} INFO - 26/04/03 13:35:40 INFO SecurityManager: Changing view acls groups to:
[2026-04-03T13:35:40.839+0000] {spark_submit.py:491} INFO - 26/04/03 13:35:40 INFO SecurityManager: Changing modify acls groups to:
[2026-04-03T13:35:40.840+0000] {spark_submit.py:491} INFO - 26/04/03 13:35:40 INFO SecurityManager: SecurityManager: authentication disabled; ui acls disabled; users  with view permissions: Set(airflow); groups with view permissions: Set(); users  with modify permissions: Set(airflow); groups with modify permissions: Set()
[2026-04-03T13:35:42.238+0000] {spark_submit.py:491} INFO - 26/04/03 13:35:42 INFO Utils: Successfully started service 'sparkDriver' on port 43407.
[2026-04-03T13:35:42.443+0000] {spark_submit.py:491} INFO - 26/04/03 13:35:42 INFO SparkEnv: Registering MapOutputTracker
[2026-04-03T13:35:42.718+0000] {spark_submit.py:491} INFO - 26/04/03 13:35:42 INFO SparkEnv: Registering BlockManagerMaster
[2026-04-03T13:35:42.885+0000] {spark_submit.py:491} INFO - 26/04/03 13:35:42 INFO BlockManagerMasterEndpoint: Using org.apache.spark.storage.DefaultTopologyMapper for getting topology information
[2026-04-03T13:35:42.896+0000] {spark_submit.py:491} INFO - 26/04/03 13:35:42 INFO BlockManagerMasterEndpoint: BlockManagerMasterEndpoint up
[2026-04-03T13:35:42.912+0000] {spark_submit.py:491} INFO - 26/04/03 13:35:42 INFO SparkEnv: Registering BlockManagerMasterHeartbeat
[2026-04-03T13:35:42.966+0000] {spark_submit.py:491} INFO - 26/04/03 13:35:42 INFO DiskBlockManager: Created local directory at /tmp/blockmgr-f69cd753-476f-476d-87e7-d0e59eac1699
[2026-04-03T13:35:43.045+0000] {spark_submit.py:491} INFO - 26/04/03 13:35:43 INFO MemoryStore: MemoryStore started with capacity 434.4 MiB
[2026-04-03T13:35:43.131+0000] {spark_submit.py:491} INFO - 26/04/03 13:35:43 INFO SparkEnv: Registering OutputCommitCoordinator
[2026-04-03T13:35:44.000+0000] {spark_submit.py:491} INFO - 26/04/03 13:35:43 INFO Utils: Successfully started service 'SparkUI' on port 4040.
[2026-04-03T13:35:44.142+0000] {spark_submit.py:491} INFO - 26/04/03 13:35:44 INFO SparkContext: Added JAR file:///opt/airflow/etl/jars/hadoop-aws-3.3.2.jar at spark://3e1e8c99e894:43407/jars/hadoop-aws-3.3.2.jar with timestamp 1775223340028
[2026-04-03T13:35:44.144+0000] {spark_submit.py:491} INFO - 26/04/03 13:35:44 INFO SparkContext: Added JAR file:///opt/airflow/etl/jars/aws-java-sdk-bundle-1.11.1026.jar at spark://3e1e8c99e894:43407/jars/aws-java-sdk-bundle-1.11.1026.jar with timestamp 1775223340028
[2026-04-03T13:35:44.145+0000] {spark_submit.py:491} INFO - 26/04/03 13:35:44 INFO SparkContext: Added JAR file:///opt/airflow/etl/jars/delta-core_2.12-2.3.0.jar at spark://3e1e8c99e894:43407/jars/delta-core_2.12-2.3.0.jar with timestamp 1775223340028
[2026-04-03T13:35:44.724+0000] {spark_submit.py:491} INFO - 26/04/03 13:35:44 INFO StandaloneAppClient$ClientEndpoint: Connecting to master spark://spark-master:7077...
[2026-04-03T13:35:45.056+0000] {spark_submit.py:491} INFO - 26/04/03 13:35:45 INFO TransportClientFactory: Successfully created connection to spark-master/172.18.0.4:7077 after 215 ms (0 ms spent in bootstraps)
[2026-04-03T13:35:45.762+0000] {spark_submit.py:491} INFO - 26/04/03 13:35:45 INFO StandaloneSchedulerBackend: Connected to Spark cluster with app ID app-20260403133545-0001
[2026-04-03T13:35:45.825+0000] {spark_submit.py:491} INFO - 26/04/03 13:35:45 INFO Utils: Successfully started service 'org.apache.spark.network.netty.NettyBlockTransferService' on port 33809.
[2026-04-03T13:35:45.826+0000] {spark_submit.py:491} INFO - 26/04/03 13:35:45 INFO NettyBlockTransferService: Server created on 3e1e8c99e894:33809
[2026-04-03T13:35:45.837+0000] {spark_submit.py:491} INFO - 26/04/03 13:35:45 INFO BlockManager: Using org.apache.spark.storage.RandomBlockReplicationPolicy for block replication policy
[2026-04-03T13:35:45.895+0000] {spark_submit.py:491} INFO - 26/04/03 13:35:45 INFO BlockManagerMaster: Registering BlockManager BlockManagerId(driver, 3e1e8c99e894, 33809, None)
[2026-04-03T13:35:45.918+0000] {spark_submit.py:491} INFO - 26/04/03 13:35:45 INFO BlockManagerMasterEndpoint: Registering block manager 3e1e8c99e894:33809 with 434.4 MiB RAM, BlockManagerId(driver, 3e1e8c99e894, 33809, None)
[2026-04-03T13:35:45.973+0000] {spark_submit.py:491} INFO - 26/04/03 13:35:45 INFO BlockManagerMaster: Registered BlockManager BlockManagerId(driver, 3e1e8c99e894, 33809, None)
[2026-04-03T13:35:45.974+0000] {spark_submit.py:491} INFO - 26/04/03 13:35:45 INFO BlockManager: Initialized BlockManager: BlockManagerId(driver, 3e1e8c99e894, 33809, None)
[2026-04-03T13:35:47.790+0000] {spark_submit.py:491} INFO - 26/04/03 13:35:47 INFO StandaloneSchedulerBackend: SchedulerBackend is ready for scheduling beginning after reached minRegisteredResourcesRatio: 0.0
[2026-04-03T13:35:57.334+0000] {spark_submit.py:491} INFO - INFO:silver_processor: Bắt đầu xử lý lớp Silver cho bảng: order_payments | Chế độ CDC: False
[2026-04-03T13:35:57.342+0000] {spark_submit.py:491} INFO - INFO:silver_processor: Bắt đầu quét Data Nóng từ Bronze...
[2026-04-03T13:35:59.773+0000] {spark_submit.py:491} INFO - 26/04/03 13:35:59 WARN MetricsConfig: Cannot locate configuration: tried hadoop-metrics2-s3a-file-system.properties,hadoop-metrics2.properties
[2026-04-03T13:42:30.087+0000] {local_task_job_runner.py:294} WARNING - State of this instance has been externally set to restarting. Terminating instance.
[2026-04-03T13:42:30.092+0000] {process_utils.py:131} INFO - Sending 15 to group 187. PIDs of all processes in the group: [199, 661, 187]
[2026-04-03T13:42:30.092+0000] {process_utils.py:86} INFO - Sending the signal 15 to group 187
[2026-04-03T13:42:30.094+0000] {taskinstance.py:1632} ERROR - Received SIGTERM. Terminating subprocesses.
[2026-04-03T13:42:30.094+0000] {spark_submit.py:618} INFO - Sending kill signal to spark-submit
[2026-04-03T13:42:30.111+0000] {taskinstance.py:1937} ERROR - Task failed with exception
Traceback (most recent call last):
  File "/home/airflow/.local/lib/python3.10/site-packages/airflow/providers/apache/spark/operators/spark_submit.py", line 156, in execute
    self._hook.submit(self._application)
  File "/home/airflow/.local/lib/python3.10/site-packages/airflow/providers/apache/spark/hooks/spark_submit.py", line 410, in submit
    self._process_spark_submit_log(iter(self._submit_sp.stdout))  # type: ignore
  File "/home/airflow/.local/lib/python3.10/site-packages/airflow/providers/apache/spark/hooks/spark_submit.py", line 459, in _process_spark_submit_log
    for line in itr:
  File "/home/airflow/.local/lib/python3.10/site-packages/airflow/models/taskinstance.py", line 1634, in signal_handler
    raise AirflowException("Task received SIGTERM signal")
airflow.exceptions.AirflowException: Task received SIGTERM signal
[2026-04-03T13:42:30.118+0000] {taskinstance.py:1400} INFO - Marking task as UP_FOR_RETRY. dag_id=silver_spark_processor, task_id=process_silver_order_payments, execution_date=20260402T000000, start_date=20260403T133525, end_date=20260403T134230
[2026-04-03T13:42:30.154+0000] {standard_task_runner.py:104} ERROR - Failed to execute job 483 for task process_silver_order_payments (Task received SIGTERM signal; 187)
[2026-04-03T13:42:30.185+0000] {process_utils.py:79} INFO - Process psutil.Process(pid=199, status='terminated', started='13:35:25') (199) terminated with exit code None
[2026-04-03T13:42:30.186+0000] {process_utils.py:79} INFO - Process psutil.Process(pid=661, status='terminated', started='13:35:36') (661) terminated with exit code None
[2026-04-03T13:42:30.186+0000] {process_utils.py:79} INFO - Process psutil.Process(pid=187, status='terminated', exitcode=1, started='13:35:24') (187) terminated with exit code 1
