[2026-04-03T13:47:32.631+0000] {taskinstance.py:1159} INFO - Dependencies all met for dep_context=non-requeueable deps ti=<TaskInstance: silver_spark_processor.process_silver_orders scheduled__2026-04-02T00:00:00+00:00 [queued]>
[2026-04-03T13:47:32.644+0000] {taskinstance.py:1159} INFO - Dependencies all met for dep_context=requeueable deps ti=<TaskInstance: silver_spark_processor.process_silver_orders scheduled__2026-04-02T00:00:00+00:00 [queued]>
[2026-04-03T13:47:32.645+0000] {taskinstance.py:1361} INFO - Starting attempt 7 of 5
[2026-04-03T13:47:32.679+0000] {taskinstance.py:1382} INFO - Executing <Task(SparkSubmitOperator): process_silver_orders> on 2026-04-02 00:00:00+00:00
[2026-04-03T13:47:32.689+0000] {standard_task_runner.py:57} INFO - Started process 1809 to run task
[2026-04-03T13:47:32.693+0000] {standard_task_runner.py:84} INFO - Running: ['airflow', 'tasks', 'run', 'silver_spark_processor', 'process_silver_orders', 'scheduled__2026-04-02T00:00:00+00:00', '--job-id', '493', '--raw', '--subdir', 'DAGS_FOLDER/silver_processor_dag.py', '--cfg-path', '/tmp/tmpg7n2rz8w']
[2026-04-03T13:47:32.696+0000] {standard_task_runner.py:85} INFO - Job 493: Subtask process_silver_orders
[2026-04-03T13:47:32.775+0000] {task_command.py:416} INFO - Running <TaskInstance: silver_spark_processor.process_silver_orders scheduled__2026-04-02T00:00:00+00:00 [running]> on host 3e1e8c99e894
[2026-04-03T13:47:32.920+0000] {taskinstance.py:1662} INFO - Exporting env vars: AIRFLOW_CTX_DAG_OWNER='data-team' AIRFLOW_CTX_DAG_ID='silver_spark_processor' AIRFLOW_CTX_TASK_ID='process_silver_orders' AIRFLOW_CTX_EXECUTION_DATE='2026-04-02T00:00:00+00:00' AIRFLOW_CTX_TRY_NUMBER='7' AIRFLOW_CTX_DAG_RUN_ID='scheduled__2026-04-02T00:00:00+00:00'
[2026-04-03T13:47:32.938+0000] {base.py:73} INFO - Using connection ID 'spark_default' for task execution.
[2026-04-03T13:47:32.940+0000] {spark_submit.py:340} INFO - Spark-Submit cmd: spark-submit --master spark://spark-master:7077 --conf spark.sql.extensions=io.delta.sql.DeltaSparkSessionExtension --conf spark.sql.catalog.spark_catalog=org.apache.spark.sql.delta.catalog.DeltaCatalog --conf spark.databricks.delta.schema.autoMerge.enabled=true --jars /opt/airflow/etl/jars/hadoop-aws-3.3.2.jar,/opt/airflow/etl/jars/aws-java-sdk-bundle-1.11.1026.jar,/opt/airflow/etl/jars/delta-core_2.12-2.3.0.jar --executor-cores 1 --executor-memory 1g --driver-memory 1g --name airflow_silver_orders /opt/airflow/etl/silver/main_silver.py --table_name orders --merge_key order_id --is_cdc true --json_schema order_id STRING, customer_id STRING, order_status STRING, order_purchase_timestamp STRING, order_approved_at STRING, order_delivered_carrier_date STRING, order_delivered_customer_date STRING, order_estimated_delivery_date STRING
[2026-04-03T13:47:33.131+0000] {spark_submit.py:491} INFO - /home/airflow/.local/lib/python3.10/site-packages/pyspark/bin/load-spark-env.sh: line 68: ps: command not found
[2026-04-03T13:47:38.955+0000] {spark_submit.py:491} INFO - 26/04/03 13:47:38 WARN NativeCodeLoader: Unable to load native-hadoop library for your platform... using builtin-java classes where applicable
[2026-04-03T13:47:41.065+0000] {spark_submit.py:491} INFO - INFO:__main__:Khởi tạo Spark Job cho bảng: orders
[2026-04-03T13:47:41.249+0000] {spark_submit.py:491} INFO - 26/04/03 13:47:41 INFO SparkContext: Running Spark version 3.3.2
[2026-04-03T13:47:41.389+0000] {spark_submit.py:491} INFO - 26/04/03 13:47:41 INFO ResourceUtils: ==============================================================
[2026-04-03T13:47:41.391+0000] {spark_submit.py:491} INFO - 26/04/03 13:47:41 INFO ResourceUtils: No custom resources configured for spark.driver.
[2026-04-03T13:47:41.393+0000] {spark_submit.py:491} INFO - 26/04/03 13:47:41 INFO ResourceUtils: ==============================================================
[2026-04-03T13:47:41.395+0000] {spark_submit.py:491} INFO - 26/04/03 13:47:41 INFO SparkContext: Submitted application: <class 'pyspark.sql.session.SparkSession'>
[2026-04-03T13:47:41.475+0000] {spark_submit.py:491} INFO - 26/04/03 13:47:41 INFO ResourceProfile: Default ResourceProfile created, executor resources: Map(cores -> name: cores, amount: 1, script: , vendor: , memory -> name: memory, amount: 1024, script: , vendor: , offHeap -> name: offHeap, amount: 0, script: , vendor: ), task resources: Map(cpus -> name: cpus, amount: 1.0)
[2026-04-03T13:47:41.518+0000] {spark_submit.py:491} INFO - 26/04/03 13:47:41 INFO ResourceProfile: Limiting resource is cpus at 1 tasks per executor
[2026-04-03T13:47:41.522+0000] {spark_submit.py:491} INFO - 26/04/03 13:47:41 INFO ResourceProfileManager: Added ResourceProfile id: 0
[2026-04-03T13:47:41.670+0000] {spark_submit.py:491} INFO - 26/04/03 13:47:41 INFO SecurityManager: Changing view acls to: airflow
[2026-04-03T13:47:41.672+0000] {spark_submit.py:491} INFO - 26/04/03 13:47:41 INFO SecurityManager: Changing modify acls to: airflow
[2026-04-03T13:47:41.674+0000] {spark_submit.py:491} INFO - 26/04/03 13:47:41 INFO SecurityManager: Changing view acls groups to:
[2026-04-03T13:47:41.678+0000] {spark_submit.py:491} INFO - 26/04/03 13:47:41 INFO SecurityManager: Changing modify acls groups to:
[2026-04-03T13:47:41.678+0000] {spark_submit.py:491} INFO - 26/04/03 13:47:41 INFO SecurityManager: SecurityManager: authentication disabled; ui acls disabled; users  with view permissions: Set(airflow); groups with view permissions: Set(); users  with modify permissions: Set(airflow); groups with modify permissions: Set()
[2026-04-03T13:47:42.595+0000] {spark_submit.py:491} INFO - 26/04/03 13:47:42 INFO Utils: Successfully started service 'sparkDriver' on port 32991.
[2026-04-03T13:47:42.743+0000] {spark_submit.py:491} INFO - 26/04/03 13:47:42 INFO SparkEnv: Registering MapOutputTracker
[2026-04-03T13:47:42.872+0000] {spark_submit.py:491} INFO - 26/04/03 13:47:42 INFO SparkEnv: Registering BlockManagerMaster
[2026-04-03T13:47:42.940+0000] {spark_submit.py:491} INFO - 26/04/03 13:47:42 INFO BlockManagerMasterEndpoint: Using org.apache.spark.storage.DefaultTopologyMapper for getting topology information
[2026-04-03T13:47:42.943+0000] {spark_submit.py:491} INFO - 26/04/03 13:47:42 INFO BlockManagerMasterEndpoint: BlockManagerMasterEndpoint up
[2026-04-03T13:47:42.960+0000] {spark_submit.py:491} INFO - 26/04/03 13:47:42 INFO SparkEnv: Registering BlockManagerMasterHeartbeat
[2026-04-03T13:47:42.995+0000] {spark_submit.py:491} INFO - 26/04/03 13:47:42 INFO DiskBlockManager: Created local directory at /tmp/blockmgr-ffaeae6c-8920-41c5-b461-15157a484974
[2026-04-03T13:47:43.040+0000] {spark_submit.py:491} INFO - 26/04/03 13:47:43 INFO MemoryStore: MemoryStore started with capacity 434.4 MiB
[2026-04-03T13:47:43.118+0000] {spark_submit.py:491} INFO - 26/04/03 13:47:43 INFO SparkEnv: Registering OutputCommitCoordinator
[2026-04-03T13:47:43.917+0000] {spark_submit.py:491} INFO - 26/04/03 13:47:43 WARN Utils: Service 'SparkUI' could not bind on port 4040. Attempting port 4041.
[2026-04-03T13:47:43.919+0000] {spark_submit.py:491} INFO - 26/04/03 13:47:43 WARN Utils: Service 'SparkUI' could not bind on port 4041. Attempting port 4042.
[2026-04-03T13:47:43.923+0000] {spark_submit.py:491} INFO - 26/04/03 13:47:43 WARN Utils: Service 'SparkUI' could not bind on port 4042. Attempting port 4043.
[2026-04-03T13:47:43.923+0000] {spark_submit.py:491} INFO - 26/04/03 13:47:43 WARN Utils: Service 'SparkUI' could not bind on port 4043. Attempting port 4044.
[2026-04-03T13:47:43.925+0000] {spark_submit.py:491} INFO - 26/04/03 13:47:43 WARN Utils: Service 'SparkUI' could not bind on port 4044. Attempting port 4045.
[2026-04-03T13:47:43.969+0000] {spark_submit.py:491} INFO - 26/04/03 13:47:43 INFO Utils: Successfully started service 'SparkUI' on port 4045.
[2026-04-03T13:47:44.140+0000] {spark_submit.py:491} INFO - 26/04/03 13:47:44 INFO SparkContext: Added JAR file:///opt/airflow/etl/jars/hadoop-aws-3.3.2.jar at spark://3e1e8c99e894:32991/jars/hadoop-aws-3.3.2.jar with timestamp 1775224061226
[2026-04-03T13:47:44.142+0000] {spark_submit.py:491} INFO - 26/04/03 13:47:44 INFO SparkContext: Added JAR file:///opt/airflow/etl/jars/aws-java-sdk-bundle-1.11.1026.jar at spark://3e1e8c99e894:32991/jars/aws-java-sdk-bundle-1.11.1026.jar with timestamp 1775224061226
[2026-04-03T13:47:44.143+0000] {spark_submit.py:491} INFO - 26/04/03 13:47:44 INFO SparkContext: Added JAR file:///opt/airflow/etl/jars/delta-core_2.12-2.3.0.jar at spark://3e1e8c99e894:32991/jars/delta-core_2.12-2.3.0.jar with timestamp 1775224061226
[2026-04-03T13:47:44.383+0000] {spark_submit.py:491} INFO - 26/04/03 13:47:44 INFO StandaloneAppClient$ClientEndpoint: Connecting to master spark://spark-master:7077...
[2026-04-03T13:47:44.510+0000] {spark_submit.py:491} INFO - 26/04/03 13:47:44 INFO TransportClientFactory: Successfully created connection to spark-master/172.18.0.4:7077 after 78 ms (0 ms spent in bootstraps)
[2026-04-03T13:47:44.817+0000] {spark_submit.py:491} INFO - 26/04/03 13:47:44 INFO StandaloneSchedulerBackend: Connected to Spark cluster with app ID app-20260403134744-0012
[2026-04-03T13:47:44.856+0000] {spark_submit.py:491} INFO - 26/04/03 13:47:44 INFO Utils: Successfully started service 'org.apache.spark.network.netty.NettyBlockTransferService' on port 38499.
[2026-04-03T13:47:44.856+0000] {spark_submit.py:491} INFO - 26/04/03 13:47:44 INFO NettyBlockTransferService: Server created on 3e1e8c99e894:38499
[2026-04-03T13:47:44.866+0000] {spark_submit.py:491} INFO - 26/04/03 13:47:44 INFO BlockManager: Using org.apache.spark.storage.RandomBlockReplicationPolicy for block replication policy
[2026-04-03T13:47:44.887+0000] {spark_submit.py:491} INFO - 26/04/03 13:47:44 INFO BlockManagerMaster: Registering BlockManager BlockManagerId(driver, 3e1e8c99e894, 38499, None)
[2026-04-03T13:47:44.895+0000] {spark_submit.py:491} INFO - 26/04/03 13:47:44 INFO BlockManagerMasterEndpoint: Registering block manager 3e1e8c99e894:38499 with 434.4 MiB RAM, BlockManagerId(driver, 3e1e8c99e894, 38499, None)
[2026-04-03T13:47:44.900+0000] {spark_submit.py:491} INFO - 26/04/03 13:47:44 INFO BlockManagerMaster: Registered BlockManager BlockManagerId(driver, 3e1e8c99e894, 38499, None)
[2026-04-03T13:47:44.903+0000] {spark_submit.py:491} INFO - 26/04/03 13:47:44 INFO BlockManager: Initialized BlockManager: BlockManagerId(driver, 3e1e8c99e894, 38499, None)
[2026-04-03T13:47:45.518+0000] {spark_submit.py:491} INFO - 26/04/03 13:47:45 INFO StandaloneSchedulerBackend: SchedulerBackend is ready for scheduling beginning after reached minRegisteredResourcesRatio: 0.0
[2026-04-03T13:47:47.905+0000] {spark_submit.py:491} INFO - INFO:silver_processor: Bắt đầu xử lý lớp Silver cho bảng: orders | Chế độ CDC: True
[2026-04-03T13:47:47.905+0000] {spark_submit.py:491} INFO - INFO:silver_processor: Bắt đầu quét Data Nóng từ Bronze...
[2026-04-03T13:47:48.779+0000] {spark_submit.py:491} INFO - 26/04/03 13:47:48 WARN MetricsConfig: Cannot locate configuration: tried hadoop-metrics2-s3a-file-system.properties,hadoop-metrics2.properties
