[2026-04-03T13:35:25.301+0000] {taskinstance.py:1159} INFO - Dependencies all met for dep_context=non-requeueable deps ti=<TaskInstance: silver_spark_processor.process_silver_orders scheduled__2026-04-02T00:00:00+00:00 [queued]>
[2026-04-03T13:35:25.327+0000] {taskinstance.py:1159} INFO - Dependencies all met for dep_context=requeueable deps ti=<TaskInstance: silver_spark_processor.process_silver_orders scheduled__2026-04-02T00:00:00+00:00 [queued]>
[2026-04-03T13:35:25.327+0000] {taskinstance.py:1361} INFO - Starting attempt 6 of 5
[2026-04-03T13:35:25.371+0000] {taskinstance.py:1382} INFO - Executing <Task(SparkSubmitOperator): process_silver_orders> on 2026-04-02 00:00:00+00:00
[2026-04-03T13:35:25.382+0000] {standard_task_runner.py:57} INFO - Started process 191 to run task
[2026-04-03T13:35:25.390+0000] {standard_task_runner.py:84} INFO - Running: ['airflow', 'tasks', 'run', 'silver_spark_processor', 'process_silver_orders', 'scheduled__2026-04-02T00:00:00+00:00', '--job-id', '487', '--raw', '--subdir', 'DAGS_FOLDER/silver_processor_dag.py', '--cfg-path', '/tmp/tmppyyweky6']
[2026-04-03T13:35:25.393+0000] {standard_task_runner.py:85} INFO - Job 487: Subtask process_silver_orders
[2026-04-03T13:35:25.496+0000] {task_command.py:416} INFO - Running <TaskInstance: silver_spark_processor.process_silver_orders scheduled__2026-04-02T00:00:00+00:00 [running]> on host 3e1e8c99e894
[2026-04-03T13:35:25.767+0000] {taskinstance.py:1662} INFO - Exporting env vars: AIRFLOW_CTX_DAG_OWNER='data-team' AIRFLOW_CTX_DAG_ID='silver_spark_processor' AIRFLOW_CTX_TASK_ID='process_silver_orders' AIRFLOW_CTX_EXECUTION_DATE='2026-04-02T00:00:00+00:00' AIRFLOW_CTX_TRY_NUMBER='6' AIRFLOW_CTX_DAG_RUN_ID='scheduled__2026-04-02T00:00:00+00:00'
[2026-04-03T13:35:25.798+0000] {base.py:73} INFO - Using connection ID 'spark_default' for task execution.
[2026-04-03T13:35:25.803+0000] {spark_submit.py:340} INFO - Spark-Submit cmd: spark-submit --master spark://spark-master:7077 --conf spark.sql.extensions=io.delta.sql.DeltaSparkSessionExtension --conf spark.sql.catalog.spark_catalog=org.apache.spark.sql.delta.catalog.DeltaCatalog --conf spark.databricks.delta.schema.autoMerge.enabled=true --jars /opt/airflow/etl/jars/hadoop-aws-3.3.2.jar,/opt/airflow/etl/jars/aws-java-sdk-bundle-1.11.1026.jar,/opt/airflow/etl/jars/delta-core_2.12-2.3.0.jar --executor-cores 1 --executor-memory 1g --driver-memory 1g --name airflow_silver_orders /opt/airflow/etl/silver/main_silver.py --table_name orders --merge_key order_id --is_cdc true --json_schema order_id STRING, customer_id STRING, order_status STRING, order_purchase_timestamp STRING, order_approved_at STRING, order_delivered_carrier_date STRING, order_delivered_customer_date STRING, order_estimated_delivery_date STRING
[2026-04-03T13:35:26.014+0000] {spark_submit.py:491} INFO - /home/airflow/.local/lib/python3.10/site-packages/pyspark/bin/load-spark-env.sh: line 68: ps: command not found
[2026-04-03T13:35:36.523+0000] {spark_submit.py:491} INFO - 26/04/03 13:35:36 WARN NativeCodeLoader: Unable to load native-hadoop library for your platform... using builtin-java classes where applicable
[2026-04-03T13:35:40.685+0000] {spark_submit.py:491} INFO - INFO:__main__:Khởi tạo Spark Job cho bảng: orders
[2026-04-03T13:35:41.002+0000] {spark_submit.py:491} INFO - 26/04/03 13:35:41 INFO SparkContext: Running Spark version 3.3.2
[2026-04-03T13:35:41.194+0000] {spark_submit.py:491} INFO - 26/04/03 13:35:41 INFO ResourceUtils: ==============================================================
[2026-04-03T13:35:41.197+0000] {spark_submit.py:491} INFO - 26/04/03 13:35:41 INFO ResourceUtils: No custom resources configured for spark.driver.
[2026-04-03T13:35:41.201+0000] {spark_submit.py:491} INFO - 26/04/03 13:35:41 INFO ResourceUtils: ==============================================================
[2026-04-03T13:35:41.202+0000] {spark_submit.py:491} INFO - 26/04/03 13:35:41 INFO SparkContext: Submitted application: <class 'pyspark.sql.session.SparkSession'>
[2026-04-03T13:35:41.343+0000] {spark_submit.py:491} INFO - 26/04/03 13:35:41 INFO ResourceProfile: Default ResourceProfile created, executor resources: Map(cores -> name: cores, amount: 1, script: , vendor: , memory -> name: memory, amount: 1024, script: , vendor: , offHeap -> name: offHeap, amount: 0, script: , vendor: ), task resources: Map(cpus -> name: cpus, amount: 1.0)
[2026-04-03T13:35:41.432+0000] {spark_submit.py:491} INFO - 26/04/03 13:35:41 INFO ResourceProfile: Limiting resource is cpus at 1 tasks per executor
[2026-04-03T13:35:41.460+0000] {spark_submit.py:491} INFO - 26/04/03 13:35:41 INFO ResourceProfileManager: Added ResourceProfile id: 0
[2026-04-03T13:35:41.749+0000] {spark_submit.py:491} INFO - 26/04/03 13:35:41 INFO SecurityManager: Changing view acls to: airflow
[2026-04-03T13:35:41.751+0000] {spark_submit.py:491} INFO - 26/04/03 13:35:41 INFO SecurityManager: Changing modify acls to: airflow
[2026-04-03T13:35:41.753+0000] {spark_submit.py:491} INFO - 26/04/03 13:35:41 INFO SecurityManager: Changing view acls groups to:
[2026-04-03T13:35:41.755+0000] {spark_submit.py:491} INFO - 26/04/03 13:35:41 INFO SecurityManager: Changing modify acls groups to:
[2026-04-03T13:35:41.760+0000] {spark_submit.py:491} INFO - 26/04/03 13:35:41 INFO SecurityManager: SecurityManager: authentication disabled; ui acls disabled; users  with view permissions: Set(airflow); groups with view permissions: Set(); users  with modify permissions: Set(airflow); groups with modify permissions: Set()
[2026-04-03T13:35:43.180+0000] {spark_submit.py:491} INFO - 26/04/03 13:35:43 INFO Utils: Successfully started service 'sparkDriver' on port 37923.
[2026-04-03T13:35:43.357+0000] {spark_submit.py:491} INFO - 26/04/03 13:35:43 INFO SparkEnv: Registering MapOutputTracker
[2026-04-03T13:35:43.513+0000] {spark_submit.py:491} INFO - 26/04/03 13:35:43 INFO SparkEnv: Registering BlockManagerMaster
[2026-04-03T13:35:43.607+0000] {spark_submit.py:491} INFO - 26/04/03 13:35:43 INFO BlockManagerMasterEndpoint: Using org.apache.spark.storage.DefaultTopologyMapper for getting topology information
[2026-04-03T13:35:43.609+0000] {spark_submit.py:491} INFO - 26/04/03 13:35:43 INFO BlockManagerMasterEndpoint: BlockManagerMasterEndpoint up
[2026-04-03T13:35:43.630+0000] {spark_submit.py:491} INFO - 26/04/03 13:35:43 INFO SparkEnv: Registering BlockManagerMasterHeartbeat
[2026-04-03T13:35:43.678+0000] {spark_submit.py:491} INFO - 26/04/03 13:35:43 INFO DiskBlockManager: Created local directory at /tmp/blockmgr-ed107657-a9f3-4d26-a74c-48058bb09db5
[2026-04-03T13:35:43.735+0000] {spark_submit.py:491} INFO - 26/04/03 13:35:43 INFO MemoryStore: MemoryStore started with capacity 434.4 MiB
[2026-04-03T13:35:43.792+0000] {spark_submit.py:491} INFO - 26/04/03 13:35:43 INFO SparkEnv: Registering OutputCommitCoordinator
[2026-04-03T13:35:44.885+0000] {spark_submit.py:491} INFO - 26/04/03 13:35:44 WARN Utils: Service 'SparkUI' could not bind on port 4040. Attempting port 4041.
[2026-04-03T13:35:44.891+0000] {spark_submit.py:491} INFO - 26/04/03 13:35:44 WARN Utils: Service 'SparkUI' could not bind on port 4041. Attempting port 4042.
[2026-04-03T13:35:44.901+0000] {spark_submit.py:491} INFO - 26/04/03 13:35:44 WARN Utils: Service 'SparkUI' could not bind on port 4042. Attempting port 4043.
[2026-04-03T13:35:44.902+0000] {spark_submit.py:491} INFO - 26/04/03 13:35:44 WARN Utils: Service 'SparkUI' could not bind on port 4043. Attempting port 4044.
[2026-04-03T13:35:44.904+0000] {spark_submit.py:491} INFO - 26/04/03 13:35:44 WARN Utils: Service 'SparkUI' could not bind on port 4044. Attempting port 4045.
[2026-04-03T13:35:44.907+0000] {spark_submit.py:491} INFO - 26/04/03 13:35:44 WARN Utils: Service 'SparkUI' could not bind on port 4045. Attempting port 4046.
[2026-04-03T13:35:44.913+0000] {spark_submit.py:491} INFO - 26/04/03 13:35:44 WARN Utils: Service 'SparkUI' could not bind on port 4046. Attempting port 4047.
[2026-04-03T13:35:44.916+0000] {spark_submit.py:491} INFO - 26/04/03 13:35:44 WARN Utils: Service 'SparkUI' could not bind on port 4047. Attempting port 4048.
[2026-04-03T13:35:45.000+0000] {spark_submit.py:491} INFO - 26/04/03 13:35:44 INFO Utils: Successfully started service 'SparkUI' on port 4048.
[2026-04-03T13:35:45.191+0000] {spark_submit.py:491} INFO - 26/04/03 13:35:45 INFO SparkContext: Added JAR file:///opt/airflow/etl/jars/hadoop-aws-3.3.2.jar at spark://3e1e8c99e894:37923/jars/hadoop-aws-3.3.2.jar with timestamp 1775223340968
[2026-04-03T13:35:45.192+0000] {spark_submit.py:491} INFO - 26/04/03 13:35:45 INFO SparkContext: Added JAR file:///opt/airflow/etl/jars/aws-java-sdk-bundle-1.11.1026.jar at spark://3e1e8c99e894:37923/jars/aws-java-sdk-bundle-1.11.1026.jar with timestamp 1775223340968
[2026-04-03T13:35:45.197+0000] {spark_submit.py:491} INFO - 26/04/03 13:35:45 INFO SparkContext: Added JAR file:///opt/airflow/etl/jars/delta-core_2.12-2.3.0.jar at spark://3e1e8c99e894:37923/jars/delta-core_2.12-2.3.0.jar with timestamp 1775223340968
[2026-04-03T13:35:45.668+0000] {spark_submit.py:491} INFO - 26/04/03 13:35:45 INFO StandaloneAppClient$ClientEndpoint: Connecting to master spark://spark-master:7077...
[2026-04-03T13:35:46.007+0000] {spark_submit.py:491} INFO - 26/04/03 13:35:46 INFO TransportClientFactory: Successfully created connection to spark-master/172.18.0.4:7077 after 241 ms (0 ms spent in bootstraps)
[2026-04-03T13:35:46.738+0000] {spark_submit.py:491} INFO - 26/04/03 13:35:46 INFO StandaloneSchedulerBackend: Connected to Spark cluster with app ID app-20260403133546-0008
[2026-04-03T13:35:46.772+0000] {spark_submit.py:491} INFO - 26/04/03 13:35:46 INFO Utils: Successfully started service 'org.apache.spark.network.netty.NettyBlockTransferService' on port 32775.
[2026-04-03T13:35:46.774+0000] {spark_submit.py:491} INFO - 26/04/03 13:35:46 INFO NettyBlockTransferService: Server created on 3e1e8c99e894:32775
[2026-04-03T13:35:46.783+0000] {spark_submit.py:491} INFO - 26/04/03 13:35:46 INFO BlockManager: Using org.apache.spark.storage.RandomBlockReplicationPolicy for block replication policy
[2026-04-03T13:35:46.819+0000] {spark_submit.py:491} INFO - 26/04/03 13:35:46 INFO BlockManagerMaster: Registering BlockManager BlockManagerId(driver, 3e1e8c99e894, 32775, None)
[2026-04-03T13:35:46.844+0000] {spark_submit.py:491} INFO - 26/04/03 13:35:46 INFO BlockManagerMasterEndpoint: Registering block manager 3e1e8c99e894:32775 with 434.4 MiB RAM, BlockManagerId(driver, 3e1e8c99e894, 32775, None)
[2026-04-03T13:35:46.858+0000] {spark_submit.py:491} INFO - 26/04/03 13:35:46 INFO BlockManagerMaster: Registered BlockManager BlockManagerId(driver, 3e1e8c99e894, 32775, None)
[2026-04-03T13:35:46.863+0000] {spark_submit.py:491} INFO - 26/04/03 13:35:46 INFO BlockManager: Initialized BlockManager: BlockManagerId(driver, 3e1e8c99e894, 32775, None)
[2026-04-03T13:35:49.558+0000] {spark_submit.py:491} INFO - 26/04/03 13:35:49 INFO StandaloneSchedulerBackend: SchedulerBackend is ready for scheduling beginning after reached minRegisteredResourcesRatio: 0.0
[2026-04-03T13:35:56.485+0000] {spark_submit.py:491} INFO - INFO:silver_processor: Bắt đầu xử lý lớp Silver cho bảng: orders | Chế độ CDC: True
[2026-04-03T13:35:56.489+0000] {spark_submit.py:491} INFO - INFO:silver_processor: Bắt đầu quét Data Nóng từ Bronze...
[2026-04-03T13:35:58.610+0000] {spark_submit.py:491} INFO - 26/04/03 13:35:58 WARN MetricsConfig: Cannot locate configuration: tried hadoop-metrics2-s3a-file-system.properties,hadoop-metrics2.properties
[2026-04-03T13:42:30.387+0000] {local_task_job_runner.py:294} WARNING - State of this instance has been externally set to restarting. Terminating instance.
[2026-04-03T13:42:30.393+0000] {process_utils.py:131} INFO - Sending 15 to group 191. PIDs of all processes in the group: [220, 682, 191]
[2026-04-03T13:42:30.394+0000] {process_utils.py:86} INFO - Sending the signal 15 to group 191
[2026-04-03T13:42:30.394+0000] {taskinstance.py:1632} ERROR - Received SIGTERM. Terminating subprocesses.
[2026-04-03T13:42:30.395+0000] {spark_submit.py:618} INFO - Sending kill signal to spark-submit
[2026-04-03T13:42:30.444+0000] {taskinstance.py:1937} ERROR - Task failed with exception
Traceback (most recent call last):
  File "/home/airflow/.local/lib/python3.10/site-packages/airflow/providers/apache/spark/operators/spark_submit.py", line 156, in execute
    self._hook.submit(self._application)
  File "/home/airflow/.local/lib/python3.10/site-packages/airflow/providers/apache/spark/hooks/spark_submit.py", line 410, in submit
    self._process_spark_submit_log(iter(self._submit_sp.stdout))  # type: ignore
  File "/home/airflow/.local/lib/python3.10/site-packages/airflow/providers/apache/spark/hooks/spark_submit.py", line 459, in _process_spark_submit_log
    for line in itr:
  File "/home/airflow/.local/lib/python3.10/site-packages/airflow/models/taskinstance.py", line 1634, in signal_handler
    raise AirflowException("Task received SIGTERM signal")
airflow.exceptions.AirflowException: Task received SIGTERM signal
[2026-04-03T13:42:30.463+0000] {taskinstance.py:1400} INFO - Marking task as UP_FOR_RETRY. dag_id=silver_spark_processor, task_id=process_silver_orders, execution_date=20260402T000000, start_date=20260403T133525, end_date=20260403T134230
[2026-04-03T13:42:30.610+0000] {standard_task_runner.py:104} ERROR - Failed to execute job 487 for task process_silver_orders (Task received SIGTERM signal; 191)
[2026-04-03T13:42:30.662+0000] {process_utils.py:79} INFO - Process psutil.Process(pid=220, status='terminated', started='13:35:25') (220) terminated with exit code None
[2026-04-03T13:42:30.663+0000] {process_utils.py:79} INFO - Process psutil.Process(pid=682, status='terminated', started='13:35:37') (682) terminated with exit code None
[2026-04-03T13:42:30.663+0000] {process_utils.py:79} INFO - Process psutil.Process(pid=191, status='terminated', exitcode=1, started='13:35:25') (191) terminated with exit code 1
