[2026-04-03T11:02:20.633+0000] {taskinstance.py:1159} INFO - Dependencies all met for dep_context=non-requeueable deps ti=<TaskInstance: silver_spark_processor.process_silver_orders scheduled__2026-04-02T00:00:00+00:00 [queued]>
[2026-04-03T11:02:20.705+0000] {taskinstance.py:1159} INFO - Dependencies all met for dep_context=requeueable deps ti=<TaskInstance: silver_spark_processor.process_silver_orders scheduled__2026-04-02T00:00:00+00:00 [queued]>
[2026-04-03T11:02:20.706+0000] {taskinstance.py:1361} INFO - Starting attempt 1 of 2
[2026-04-03T11:02:20.760+0000] {taskinstance.py:1382} INFO - Executing <Task(SparkSubmitOperator): process_silver_orders> on 2026-04-02 00:00:00+00:00
[2026-04-03T11:02:20.783+0000] {standard_task_runner.py:57} INFO - Started process 213 to run task
[2026-04-03T11:02:20.793+0000] {standard_task_runner.py:84} INFO - Running: ['airflow', 'tasks', 'run', 'silver_spark_processor', 'process_silver_orders', 'scheduled__2026-04-02T00:00:00+00:00', '--job-id', '366', '--raw', '--subdir', 'DAGS_FOLDER/silver_processor_dag.py', '--cfg-path', '/tmp/tmp9v1_to2_']
[2026-04-03T11:02:20.798+0000] {standard_task_runner.py:85} INFO - Job 366: Subtask process_silver_orders
[2026-04-03T11:02:21.169+0000] {task_command.py:416} INFO - Running <TaskInstance: silver_spark_processor.process_silver_orders scheduled__2026-04-02T00:00:00+00:00 [running]> on host ad303354f1ab
[2026-04-03T11:02:21.823+0000] {taskinstance.py:1662} INFO - Exporting env vars: AIRFLOW_CTX_DAG_OWNER='data-team' AIRFLOW_CTX_DAG_ID='silver_spark_processor' AIRFLOW_CTX_TASK_ID='process_silver_orders' AIRFLOW_CTX_EXECUTION_DATE='2026-04-02T00:00:00+00:00' AIRFLOW_CTX_TRY_NUMBER='1' AIRFLOW_CTX_DAG_RUN_ID='scheduled__2026-04-02T00:00:00+00:00'
[2026-04-03T11:02:21.930+0000] {base.py:73} INFO - Using connection ID 'spark_default' for task execution.
[2026-04-03T11:02:21.952+0000] {spark_submit.py:340} INFO - Spark-Submit cmd: spark-submit --master spark://spark-master:7077 --conf spark.sql.extensions=io.delta.sql.DeltaSparkSessionExtension --conf spark.sql.catalog.spark_catalog=org.apache.spark.sql.delta.catalog.DeltaCatalog --conf spark.databricks.delta.schema.autoMerge.enabled=true --packages org.apache.hadoop:hadoop-aws:3.3.2,com.amazonaws:aws-java-sdk-bundle:1.11.1026,io.delta:delta-core_2.12:2.3.0 --executor-cores 1 --executor-memory 1g --driver-memory 1g --name airflow_silver_orders /opt/airflow/etl/silver/main_silver.py --table_name orders --merge_key order_id --is_cdc true --json_schema order_id STRING, customer_id STRING, order_status STRING, order_purchase_timestamp STRING, order_approved_at STRING, order_delivered_carrier_date STRING, order_delivered_customer_date STRING, order_estimated_delivery_date STRING
[2026-04-03T11:02:22.791+0000] {spark_submit.py:491} INFO - /home/airflow/.local/lib/python3.10/site-packages/pyspark/bin/load-spark-env.sh: line 68: ps: command not found
[2026-04-03T11:02:37.992+0000] {spark_submit.py:491} INFO - :: loading settings :: url = jar:file:/home/airflow/.local/lib/python3.10/site-packages/pyspark/jars/ivy-2.5.1.jar!/org/apache/ivy/core/settings/ivysettings.xml
[2026-04-03T11:02:38.468+0000] {spark_submit.py:491} INFO - Ivy Default Cache set to: /home/airflow/.ivy2/cache
[2026-04-03T11:02:38.469+0000] {spark_submit.py:491} INFO - The jars for the packages stored in: /home/airflow/.ivy2/jars
[2026-04-03T11:02:38.510+0000] {spark_submit.py:491} INFO - org.apache.hadoop#hadoop-aws added as a dependency
[2026-04-03T11:02:38.510+0000] {spark_submit.py:491} INFO - com.amazonaws#aws-java-sdk-bundle added as a dependency
[2026-04-03T11:02:38.510+0000] {spark_submit.py:491} INFO - io.delta#delta-core_2.12 added as a dependency
[2026-04-03T11:02:38.510+0000] {spark_submit.py:491} INFO - :: resolving dependencies :: org.apache.spark#spark-submit-parent-885d644d-b04a-4e3a-bb9c-4945ae9a7fc3;1.0
[2026-04-03T11:02:38.510+0000] {spark_submit.py:491} INFO - confs: [default]
[2026-04-03T11:02:42.175+0000] {spark_submit.py:491} INFO - found com.amazonaws#aws-java-sdk-bundle;1.11.1026 in central
[2026-04-03T11:02:42.330+0000] {spark_submit.py:491} INFO - found io.delta#delta-core_2.12;2.3.0 in central
[2026-04-03T11:02:42.584+0000] {spark_submit.py:491} INFO - found io.delta#delta-storage;2.3.0 in central
[2026-04-03T11:02:44.213+0000] {spark_submit.py:491} INFO - found org.antlr#antlr4-runtime;4.8 in central
[2026-04-03T11:02:44.300+0000] {spark_submit.py:491} INFO - downloading https://repo1.maven.org/maven2/com/amazonaws/aws-java-sdk-bundle/1.11.1026/aws-java-sdk-bundle-1.11.1026.jar ...
[2026-04-03T11:03:21.058+0000] {spark_submit.py:491} INFO - :: resolution report :: resolve 5724ms :: artifacts dl 36831ms
[2026-04-03T11:03:21.058+0000] {spark_submit.py:491} INFO - :: modules in use:
[2026-04-03T11:03:21.059+0000] {spark_submit.py:491} INFO - com.amazonaws#aws-java-sdk-bundle;1.11.1026 from central in [default]
[2026-04-03T11:03:21.059+0000] {spark_submit.py:491} INFO - io.delta#delta-core_2.12;2.3.0 from central in [default]
[2026-04-03T11:03:21.059+0000] {spark_submit.py:491} INFO - io.delta#delta-storage;2.3.0 from central in [default]
[2026-04-03T11:03:21.059+0000] {spark_submit.py:491} INFO - org.antlr#antlr4-runtime;4.8 from central in [default]
[2026-04-03T11:03:21.059+0000] {spark_submit.py:491} INFO - ---------------------------------------------------------------------
[2026-04-03T11:03:21.059+0000] {spark_submit.py:491} INFO - |                  |            modules            ||   artifacts   |
[2026-04-03T11:03:21.059+0000] {spark_submit.py:491} INFO - |       conf       | number| search|dwnlded|evicted|| number|dwnlded|
[2026-04-03T11:03:21.059+0000] {spark_submit.py:491} INFO - ---------------------------------------------------------------------
[2026-04-03T11:03:21.059+0000] {spark_submit.py:491} INFO - |      default     |   5   |   4   |   4   |   0   ||   4   |   0   |
[2026-04-03T11:03:21.059+0000] {spark_submit.py:491} INFO - ---------------------------------------------------------------------
[2026-04-03T11:03:21.061+0000] {spark_submit.py:491} INFO - 
[2026-04-03T11:03:21.061+0000] {spark_submit.py:491} INFO - :: problems summary ::
[2026-04-03T11:03:21.061+0000] {spark_submit.py:491} INFO - :::: WARNINGS
[2026-04-03T11:03:21.061+0000] {spark_submit.py:491} INFO - problem while downloading module descriptor: https://repo1.maven.org/maven2/org/apache/hadoop/hadoop-aws/3.3.2/hadoop-aws-3.3.2.pom: impossible to move part file to definitive one: /home/airflow/.ivy2/cache/org.apache.hadoop/hadoop-aws/ivy-3.3.2.xml.original.part -> /home/airflow/.ivy2/cache/org.apache.hadoop/hadoop-aws/ivy-3.3.2.xml.original (77ms)
[2026-04-03T11:03:21.061+0000] {spark_submit.py:491} INFO - 
[2026-04-03T11:03:21.061+0000] {spark_submit.py:491} INFO - module not found: org.apache.hadoop#hadoop-aws;3.3.2
[2026-04-03T11:03:21.062+0000] {spark_submit.py:491} INFO - 
[2026-04-03T11:03:21.062+0000] {spark_submit.py:491} INFO - ==== local-m2-cache: tried
[2026-04-03T11:03:21.062+0000] {spark_submit.py:491} INFO - 
[2026-04-03T11:03:21.062+0000] {spark_submit.py:491} INFO - file:/home/airflow/.m2/repository/org/apache/hadoop/hadoop-aws/3.3.2/hadoop-aws-3.3.2.pom
[2026-04-03T11:03:21.062+0000] {spark_submit.py:491} INFO - 
[2026-04-03T11:03:21.062+0000] {spark_submit.py:491} INFO - -- artifact org.apache.hadoop#hadoop-aws;3.3.2!hadoop-aws.jar:
[2026-04-03T11:03:21.062+0000] {spark_submit.py:491} INFO - 
[2026-04-03T11:03:21.062+0000] {spark_submit.py:491} INFO - file:/home/airflow/.m2/repository/org/apache/hadoop/hadoop-aws/3.3.2/hadoop-aws-3.3.2.jar
[2026-04-03T11:03:21.062+0000] {spark_submit.py:491} INFO - 
[2026-04-03T11:03:21.062+0000] {spark_submit.py:491} INFO - ==== local-ivy-cache: tried
[2026-04-03T11:03:21.062+0000] {spark_submit.py:491} INFO - 
[2026-04-03T11:03:21.062+0000] {spark_submit.py:491} INFO - /home/airflow/.ivy2/local/org.apache.hadoop/hadoop-aws/3.3.2/ivys/ivy.xml
[2026-04-03T11:03:21.062+0000] {spark_submit.py:491} INFO - 
[2026-04-03T11:03:21.063+0000] {spark_submit.py:491} INFO - -- artifact org.apache.hadoop#hadoop-aws;3.3.2!hadoop-aws.jar:
[2026-04-03T11:03:21.063+0000] {spark_submit.py:491} INFO - 
[2026-04-03T11:03:21.063+0000] {spark_submit.py:491} INFO - /home/airflow/.ivy2/local/org.apache.hadoop/hadoop-aws/3.3.2/jars/hadoop-aws.jar
[2026-04-03T11:03:21.063+0000] {spark_submit.py:491} INFO - 
[2026-04-03T11:03:21.063+0000] {spark_submit.py:491} INFO - ==== central: tried
[2026-04-03T11:03:21.063+0000] {spark_submit.py:491} INFO - 
[2026-04-03T11:03:21.063+0000] {spark_submit.py:491} INFO - https://repo1.maven.org/maven2/org/apache/hadoop/hadoop-aws/3.3.2/hadoop-aws-3.3.2.pom
[2026-04-03T11:03:21.063+0000] {spark_submit.py:491} INFO - 
[2026-04-03T11:03:21.063+0000] {spark_submit.py:491} INFO - ==== spark-packages: tried
[2026-04-03T11:03:21.063+0000] {spark_submit.py:491} INFO - 
[2026-04-03T11:03:21.063+0000] {spark_submit.py:491} INFO - https://repos.spark-packages.org/org/apache/hadoop/hadoop-aws/3.3.2/hadoop-aws-3.3.2.pom
[2026-04-03T11:03:21.063+0000] {spark_submit.py:491} INFO - 
[2026-04-03T11:03:21.063+0000] {spark_submit.py:491} INFO - -- artifact org.apache.hadoop#hadoop-aws;3.3.2!hadoop-aws.jar:
[2026-04-03T11:03:21.064+0000] {spark_submit.py:491} INFO - 
[2026-04-03T11:03:21.064+0000] {spark_submit.py:491} INFO - https://repos.spark-packages.org/org/apache/hadoop/hadoop-aws/3.3.2/hadoop-aws-3.3.2.jar
[2026-04-03T11:03:21.064+0000] {spark_submit.py:491} INFO - 
[2026-04-03T11:03:21.064+0000] {spark_submit.py:491} INFO - impossible to put metadata file in cache: https://repo1.maven.org/maven2/org/antlr/antlr4-runtime/4.8/antlr4-runtime-4.8.pom (4.8) (java.io.FileNotFoundException: /home/airflow/.ivy2/cache/org.antlr/antlr4-runtime/ivy-4.8.xml.original (No such file or directory))
[2026-04-03T11:03:21.064+0000] {spark_submit.py:491} INFO - 
[2026-04-03T11:03:21.064+0000] {spark_submit.py:491} INFO - [FAILED     ] com.amazonaws#aws-java-sdk-bundle;1.11.1026!aws-java-sdk-bundle.jar: Downloaded file size (0) doesn't match expected Content Length (226379782) for https://repo1.maven.org/maven2/com/amazonaws/aws-java-sdk-bundle/1.11.1026/aws-java-sdk-bundle-1.11.1026.jar. Please retry. (36824ms)
[2026-04-03T11:03:21.064+0000] {spark_submit.py:491} INFO - 
[2026-04-03T11:03:21.064+0000] {spark_submit.py:491} INFO - [FAILED     ] com.amazonaws#aws-java-sdk-bundle;1.11.1026!aws-java-sdk-bundle.jar: Downloaded file size (0) doesn't match expected Content Length (226379782) for https://repo1.maven.org/maven2/com/amazonaws/aws-java-sdk-bundle/1.11.1026/aws-java-sdk-bundle-1.11.1026.jar. Please retry. (36824ms)
[2026-04-03T11:03:21.064+0000] {spark_submit.py:491} INFO - 
[2026-04-03T11:03:21.064+0000] {spark_submit.py:491} INFO - ==== central: tried
[2026-04-03T11:03:21.064+0000] {spark_submit.py:491} INFO - 
[2026-04-03T11:03:21.064+0000] {spark_submit.py:491} INFO - https://repo1.maven.org/maven2/com/amazonaws/aws-java-sdk-bundle/1.11.1026/aws-java-sdk-bundle-1.11.1026.jar
[2026-04-03T11:03:21.064+0000] {spark_submit.py:491} INFO - 
[2026-04-03T11:03:21.064+0000] {spark_submit.py:491} INFO - ::::::::::::::::::::::::::::::::::::::::::::::
[2026-04-03T11:03:21.065+0000] {spark_submit.py:491} INFO - 
[2026-04-03T11:03:21.065+0000] {spark_submit.py:491} INFO - ::          UNRESOLVED DEPENDENCIES         ::
[2026-04-03T11:03:21.065+0000] {spark_submit.py:491} INFO - 
[2026-04-03T11:03:21.065+0000] {spark_submit.py:491} INFO - ::::::::::::::::::::::::::::::::::::::::::::::
[2026-04-03T11:03:21.065+0000] {spark_submit.py:491} INFO - 
[2026-04-03T11:03:21.065+0000] {spark_submit.py:491} INFO - :: org.apache.hadoop#hadoop-aws;3.3.2: not found
[2026-04-03T11:03:21.065+0000] {spark_submit.py:491} INFO - 
[2026-04-03T11:03:21.065+0000] {spark_submit.py:491} INFO - ::::::::::::::::::::::::::::::::::::::::::::::
[2026-04-03T11:03:21.065+0000] {spark_submit.py:491} INFO - 
[2026-04-03T11:03:21.065+0000] {spark_submit.py:491} INFO - 
[2026-04-03T11:03:21.065+0000] {spark_submit.py:491} INFO - ::::::::::::::::::::::::::::::::::::::::::::::
[2026-04-03T11:03:21.065+0000] {spark_submit.py:491} INFO - 
[2026-04-03T11:03:21.065+0000] {spark_submit.py:491} INFO - ::              FAILED DOWNLOADS            ::
[2026-04-03T11:03:21.065+0000] {spark_submit.py:491} INFO - 
[2026-04-03T11:03:21.065+0000] {spark_submit.py:491} INFO - :: ^ see resolution messages for details  ^ ::
[2026-04-03T11:03:21.065+0000] {spark_submit.py:491} INFO - 
[2026-04-03T11:03:21.066+0000] {spark_submit.py:491} INFO - ::::::::::::::::::::::::::::::::::::::::::::::
[2026-04-03T11:03:21.066+0000] {spark_submit.py:491} INFO - 
[2026-04-03T11:03:21.066+0000] {spark_submit.py:491} INFO - :: com.amazonaws#aws-java-sdk-bundle;1.11.1026!aws-java-sdk-bundle.jar
[2026-04-03T11:03:21.066+0000] {spark_submit.py:491} INFO - 
[2026-04-03T11:03:21.066+0000] {spark_submit.py:491} INFO - ::::::::::::::::::::::::::::::::::::::::::::::
[2026-04-03T11:03:21.066+0000] {spark_submit.py:491} INFO - 
[2026-04-03T11:03:21.066+0000] {spark_submit.py:491} INFO - 
[2026-04-03T11:03:21.066+0000] {spark_submit.py:491} INFO - 
[2026-04-03T11:03:21.066+0000] {spark_submit.py:491} INFO - :: USE VERBOSE OR DEBUG MESSAGE LEVEL FOR MORE DETAILS
[2026-04-03T11:03:21.066+0000] {spark_submit.py:491} INFO - Exception in thread "main" java.lang.RuntimeException: [unresolved dependency: org.apache.hadoop#hadoop-aws;3.3.2: not found, download failed: com.amazonaws#aws-java-sdk-bundle;1.11.1026!aws-java-sdk-bundle.jar]
[2026-04-03T11:03:21.066+0000] {spark_submit.py:491} INFO - at org.apache.spark.deploy.SparkSubmitUtils$.resolveMavenCoordinates(SparkSubmit.scala:1456)
[2026-04-03T11:03:21.066+0000] {spark_submit.py:491} INFO - at org.apache.spark.util.DependencyUtils$.resolveMavenDependencies(DependencyUtils.scala:185)
[2026-04-03T11:03:21.066+0000] {spark_submit.py:491} INFO - at org.apache.spark.deploy.SparkSubmit.prepareSubmitEnvironment(SparkSubmit.scala:308)
[2026-04-03T11:03:21.067+0000] {spark_submit.py:491} INFO - at org.apache.spark.deploy.SparkSubmit.org$apache$spark$deploy$SparkSubmit$$runMain(SparkSubmit.scala:901)
[2026-04-03T11:03:21.067+0000] {spark_submit.py:491} INFO - at org.apache.spark.deploy.SparkSubmit.doRunMain$1(SparkSubmit.scala:180)
[2026-04-03T11:03:21.067+0000] {spark_submit.py:491} INFO - at org.apache.spark.deploy.SparkSubmit.submit(SparkSubmit.scala:203)
[2026-04-03T11:03:21.067+0000] {spark_submit.py:491} INFO - at org.apache.spark.deploy.SparkSubmit.doSubmit(SparkSubmit.scala:90)
[2026-04-03T11:03:21.067+0000] {spark_submit.py:491} INFO - at org.apache.spark.deploy.SparkSubmit$$anon$2.doSubmit(SparkSubmit.scala:1046)
[2026-04-03T11:03:21.067+0000] {spark_submit.py:491} INFO - at org.apache.spark.deploy.SparkSubmit$.main(SparkSubmit.scala:1055)
[2026-04-03T11:03:21.067+0000] {spark_submit.py:491} INFO - at org.apache.spark.deploy.SparkSubmit.main(SparkSubmit.scala)
[2026-04-03T11:03:21.122+0000] {taskinstance.py:1937} ERROR - Task failed with exception
Traceback (most recent call last):
  File "/home/airflow/.local/lib/python3.10/site-packages/airflow/providers/apache/spark/operators/spark_submit.py", line 156, in execute
    self._hook.submit(self._application)
  File "/home/airflow/.local/lib/python3.10/site-packages/airflow/providers/apache/spark/hooks/spark_submit.py", line 422, in submit
    raise AirflowException(
airflow.exceptions.AirflowException: Cannot execute: spark-submit --master spark://spark-master:7077 --conf spark.sql.extensions=io.delta.sql.DeltaSparkSessionExtension --conf spark.sql.catalog.spark_catalog=org.apache.spark.sql.delta.catalog.DeltaCatalog --conf spark.databricks.delta.schema.autoMerge.enabled=true --packages org.apache.hadoop:hadoop-aws:3.3.2,com.amazonaws:aws-java-sdk-bundle:1.11.1026,io.delta:delta-core_2.12:2.3.0 --executor-cores 1 --executor-memory 1g --driver-memory 1g --name airflow_silver_orders /opt/airflow/etl/silver/main_silver.py --table_name orders --merge_key order_id --is_cdc true --json_schema order_id STRING, customer_id STRING, order_status STRING, order_purchase_timestamp STRING, order_approved_at STRING, order_delivered_carrier_date STRING, order_delivered_customer_date STRING, order_estimated_delivery_date STRING. Error code is: 1.
[2026-04-03T11:03:21.127+0000] {taskinstance.py:1400} INFO - Marking task as UP_FOR_RETRY. dag_id=silver_spark_processor, task_id=process_silver_orders, execution_date=20260402T000000, start_date=20260403T110220, end_date=20260403T110321
[2026-04-03T11:03:21.147+0000] {standard_task_runner.py:104} ERROR - Failed to execute job 366 for task process_silver_orders (Cannot execute: spark-submit --master spark://spark-master:7077 --conf spark.sql.extensions=io.delta.sql.DeltaSparkSessionExtension --conf spark.sql.catalog.spark_catalog=org.apache.spark.sql.delta.catalog.DeltaCatalog --conf spark.databricks.delta.schema.autoMerge.enabled=true --packages org.apache.hadoop:hadoop-aws:3.3.2,com.amazonaws:aws-java-sdk-bundle:1.11.1026,io.delta:delta-core_2.12:2.3.0 --executor-cores 1 --executor-memory 1g --driver-memory 1g --name airflow_silver_orders /opt/airflow/etl/silver/main_silver.py --table_name orders --merge_key order_id --is_cdc true --json_schema order_id STRING, customer_id STRING, order_status STRING, order_purchase_timestamp STRING, order_approved_at STRING, order_delivered_carrier_date STRING, order_delivered_customer_date STRING, order_estimated_delivery_date STRING. Error code is: 1.; 213)
[2026-04-03T11:03:21.176+0000] {local_task_job_runner.py:228} INFO - Task exited with return code 1
[2026-04-03T11:03:21.209+0000] {taskinstance.py:2778} INFO - 0 downstream tasks scheduled from follow-on schedule check
