[2026-04-03T12:18:37.707+0000] {taskinstance.py:1159} INFO - Dependencies all met for dep_context=non-requeueable deps ti=<TaskInstance: silver_spark_processor.process_silver_orders scheduled__2026-04-02T00:00:00+00:00 [queued]>
[2026-04-03T12:18:37.724+0000] {taskinstance.py:1159} INFO - Dependencies all met for dep_context=requeueable deps ti=<TaskInstance: silver_spark_processor.process_silver_orders scheduled__2026-04-02T00:00:00+00:00 [queued]>
[2026-04-03T12:18:37.724+0000] {taskinstance.py:1361} INFO - Starting attempt 5 of 5
[2026-04-03T12:18:37.749+0000] {taskinstance.py:1382} INFO - Executing <Task(SparkSubmitOperator): process_silver_orders> on 2026-04-02 00:00:00+00:00
[2026-04-03T12:18:37.764+0000] {standard_task_runner.py:57} INFO - Started process 188 to run task
[2026-04-03T12:18:37.771+0000] {standard_task_runner.py:84} INFO - Running: ['airflow', 'tasks', 'run', 'silver_spark_processor', 'process_silver_orders', 'scheduled__2026-04-02T00:00:00+00:00', '--job-id', '453', '--raw', '--subdir', 'DAGS_FOLDER/silver_processor_dag.py', '--cfg-path', '/tmp/tmp_v7kknyb']
[2026-04-03T12:18:37.775+0000] {standard_task_runner.py:85} INFO - Job 453: Subtask process_silver_orders
[2026-04-03T12:18:37.964+0000] {task_command.py:416} INFO - Running <TaskInstance: silver_spark_processor.process_silver_orders scheduled__2026-04-02T00:00:00+00:00 [running]> on host d6decca907a4
[2026-04-03T12:18:38.234+0000] {taskinstance.py:1662} INFO - Exporting env vars: AIRFLOW_CTX_DAG_OWNER='data-team' AIRFLOW_CTX_DAG_ID='silver_spark_processor' AIRFLOW_CTX_TASK_ID='process_silver_orders' AIRFLOW_CTX_EXECUTION_DATE='2026-04-02T00:00:00+00:00' AIRFLOW_CTX_TRY_NUMBER='5' AIRFLOW_CTX_DAG_RUN_ID='scheduled__2026-04-02T00:00:00+00:00'
[2026-04-03T12:18:38.286+0000] {base.py:73} INFO - Using connection ID 'spark_default' for task execution.
[2026-04-03T12:18:38.289+0000] {spark_submit.py:340} INFO - Spark-Submit cmd: spark-submit --master spark://spark-master:7077 --conf spark.sql.extensions=io.delta.sql.DeltaSparkSessionExtension --conf spark.sql.catalog.spark_catalog=org.apache.spark.sql.delta.catalog.DeltaCatalog --conf spark.databricks.delta.schema.autoMerge.enabled=true --jars /opt/airflow/etl/jars/hadoop-aws-3.3.2.jar,/opt/airflow/etl/jars/aws-java-sdk-bundle-1.11.1026.jar,/opt/airflow/etl/jars/delta-core_2.12-2.3.0.jar --executor-cores 1 --executor-memory 1g --driver-memory 1g --name airflow_silver_orders /opt/airflow/etl/silver/main_silver.py --table_name orders --merge_key order_id --is_cdc true --json_schema order_id STRING, customer_id STRING, order_status STRING, order_purchase_timestamp STRING, order_approved_at STRING, order_delivered_carrier_date STRING, order_delivered_customer_date STRING, order_estimated_delivery_date STRING
[2026-04-03T12:18:38.638+0000] {spark_submit.py:491} INFO - /home/airflow/.local/lib/python3.10/site-packages/pyspark/bin/load-spark-env.sh: line 68: ps: command not found
[2026-04-03T12:18:50.523+0000] {spark_submit.py:491} INFO - 26/04/03 12:18:50 WARN NativeCodeLoader: Unable to load native-hadoop library for your platform... using builtin-java classes where applicable
[2026-04-03T12:18:54.307+0000] {spark_submit.py:491} INFO - INFO:__main__:Khởi tạo Spark Job cho bảng: orders
[2026-04-03T12:18:54.699+0000] {spark_submit.py:491} INFO - 26/04/03 12:18:54 INFO SparkContext: Running Spark version 3.3.2
[2026-04-03T12:18:54.831+0000] {spark_submit.py:491} INFO - 26/04/03 12:18:54 INFO ResourceUtils: ==============================================================
[2026-04-03T12:18:54.832+0000] {spark_submit.py:491} INFO - 26/04/03 12:18:54 INFO ResourceUtils: No custom resources configured for spark.driver.
[2026-04-03T12:18:54.833+0000] {spark_submit.py:491} INFO - 26/04/03 12:18:54 INFO ResourceUtils: ==============================================================
[2026-04-03T12:18:54.834+0000] {spark_submit.py:491} INFO - 26/04/03 12:18:54 INFO SparkContext: Submitted application: <class 'pyspark.sql.session.SparkSession'>
[2026-04-03T12:18:54.928+0000] {spark_submit.py:491} INFO - 26/04/03 12:18:54 INFO ResourceProfile: Default ResourceProfile created, executor resources: Map(cores -> name: cores, amount: 1, script: , vendor: , memory -> name: memory, amount: 1024, script: , vendor: , offHeap -> name: offHeap, amount: 0, script: , vendor: ), task resources: Map(cpus -> name: cpus, amount: 1.0)
[2026-04-03T12:18:54.969+0000] {spark_submit.py:491} INFO - 26/04/03 12:18:54 INFO ResourceProfile: Limiting resource is cpus at 1 tasks per executor
[2026-04-03T12:18:54.976+0000] {spark_submit.py:491} INFO - 26/04/03 12:18:54 INFO ResourceProfileManager: Added ResourceProfile id: 0
[2026-04-03T12:18:55.190+0000] {spark_submit.py:491} INFO - 26/04/03 12:18:55 INFO SecurityManager: Changing view acls to: airflow
[2026-04-03T12:18:55.195+0000] {spark_submit.py:491} INFO - 26/04/03 12:18:55 INFO SecurityManager: Changing modify acls to: airflow
[2026-04-03T12:18:55.199+0000] {spark_submit.py:491} INFO - 26/04/03 12:18:55 INFO SecurityManager: Changing view acls groups to:
[2026-04-03T12:18:55.202+0000] {spark_submit.py:491} INFO - 26/04/03 12:18:55 INFO SecurityManager: Changing modify acls groups to:
[2026-04-03T12:18:55.203+0000] {spark_submit.py:491} INFO - 26/04/03 12:18:55 INFO SecurityManager: SecurityManager: authentication disabled; ui acls disabled; users  with view permissions: Set(airflow); groups with view permissions: Set(); users  with modify permissions: Set(airflow); groups with modify permissions: Set()
[2026-04-03T12:18:56.230+0000] {spark_submit.py:491} INFO - 26/04/03 12:18:56 INFO Utils: Successfully started service 'sparkDriver' on port 38793.
[2026-04-03T12:18:56.427+0000] {spark_submit.py:491} INFO - 26/04/03 12:18:56 INFO SparkEnv: Registering MapOutputTracker
[2026-04-03T12:18:56.584+0000] {spark_submit.py:491} INFO - 26/04/03 12:18:56 INFO SparkEnv: Registering BlockManagerMaster
[2026-04-03T12:18:56.628+0000] {spark_submit.py:491} INFO - 26/04/03 12:18:56 INFO BlockManagerMasterEndpoint: Using org.apache.spark.storage.DefaultTopologyMapper for getting topology information
[2026-04-03T12:18:56.628+0000] {spark_submit.py:491} INFO - 26/04/03 12:18:56 INFO BlockManagerMasterEndpoint: BlockManagerMasterEndpoint up
[2026-04-03T12:18:56.650+0000] {spark_submit.py:491} INFO - 26/04/03 12:18:56 INFO SparkEnv: Registering BlockManagerMasterHeartbeat
[2026-04-03T12:18:56.777+0000] {spark_submit.py:491} INFO - 26/04/03 12:18:56 INFO DiskBlockManager: Created local directory at /tmp/blockmgr-f3c8b7d7-c5e7-49d4-affe-1abaa63949aa
[2026-04-03T12:18:56.867+0000] {spark_submit.py:491} INFO - 26/04/03 12:18:56 INFO MemoryStore: MemoryStore started with capacity 434.4 MiB
[2026-04-03T12:18:56.937+0000] {spark_submit.py:491} INFO - 26/04/03 12:18:56 INFO SparkEnv: Registering OutputCommitCoordinator
[2026-04-03T12:18:57.692+0000] {spark_submit.py:491} INFO - 26/04/03 12:18:57 WARN Utils: Service 'SparkUI' could not bind on port 4040. Attempting port 4041.
[2026-04-03T12:18:57.692+0000] {spark_submit.py:491} INFO - 26/04/03 12:18:57 WARN Utils: Service 'SparkUI' could not bind on port 4041. Attempting port 4042.
[2026-04-03T12:18:57.693+0000] {spark_submit.py:491} INFO - 26/04/03 12:18:57 WARN Utils: Service 'SparkUI' could not bind on port 4042. Attempting port 4043.
[2026-04-03T12:18:57.742+0000] {spark_submit.py:491} INFO - 26/04/03 12:18:57 INFO Utils: Successfully started service 'SparkUI' on port 4043.
[2026-04-03T12:18:57.893+0000] {spark_submit.py:491} INFO - 26/04/03 12:18:57 INFO SparkContext: Added JAR file:///opt/airflow/etl/jars/hadoop-aws-3.3.2.jar at spark://d6decca907a4:38793/jars/hadoop-aws-3.3.2.jar with timestamp 1775218734667
[2026-04-03T12:18:57.893+0000] {spark_submit.py:491} INFO - 26/04/03 12:18:57 INFO SparkContext: Added JAR file:///opt/airflow/etl/jars/aws-java-sdk-bundle-1.11.1026.jar at spark://d6decca907a4:38793/jars/aws-java-sdk-bundle-1.11.1026.jar with timestamp 1775218734667
[2026-04-03T12:18:57.896+0000] {spark_submit.py:491} INFO - 26/04/03 12:18:57 INFO SparkContext: Added JAR file:///opt/airflow/etl/jars/delta-core_2.12-2.3.0.jar at spark://d6decca907a4:38793/jars/delta-core_2.12-2.3.0.jar with timestamp 1775218734667
[2026-04-03T12:18:58.336+0000] {spark_submit.py:491} INFO - 26/04/03 12:18:58 INFO StandaloneAppClient$ClientEndpoint: Connecting to master spark://spark-master:7077...
[2026-04-03T12:18:58.649+0000] {spark_submit.py:491} INFO - 26/04/03 12:18:58 INFO TransportClientFactory: Successfully created connection to spark-master/172.18.0.6:7077 after 215 ms (0 ms spent in bootstraps)
[2026-04-03T12:18:59.143+0000] {spark_submit.py:491} INFO - 26/04/03 12:18:59 INFO StandaloneSchedulerBackend: Connected to Spark cluster with app ID app-20260403121859-0005
[2026-04-03T12:18:59.172+0000] {spark_submit.py:491} INFO - 26/04/03 12:18:59 INFO Utils: Successfully started service 'org.apache.spark.network.netty.NettyBlockTransferService' on port 42743.
[2026-04-03T12:18:59.173+0000] {spark_submit.py:491} INFO - 26/04/03 12:18:59 INFO NettyBlockTransferService: Server created on d6decca907a4:42743
[2026-04-03T12:18:59.176+0000] {spark_submit.py:491} INFO - 26/04/03 12:18:59 INFO BlockManager: Using org.apache.spark.storage.RandomBlockReplicationPolicy for block replication policy
[2026-04-03T12:18:59.193+0000] {spark_submit.py:491} INFO - 26/04/03 12:18:59 INFO BlockManagerMaster: Registering BlockManager BlockManagerId(driver, d6decca907a4, 42743, None)
[2026-04-03T12:18:59.201+0000] {spark_submit.py:491} INFO - 26/04/03 12:18:59 INFO BlockManagerMasterEndpoint: Registering block manager d6decca907a4:42743 with 434.4 MiB RAM, BlockManagerId(driver, d6decca907a4, 42743, None)
[2026-04-03T12:18:59.212+0000] {spark_submit.py:491} INFO - 26/04/03 12:18:59 INFO BlockManagerMaster: Registered BlockManager BlockManagerId(driver, d6decca907a4, 42743, None)
[2026-04-03T12:18:59.218+0000] {spark_submit.py:491} INFO - 26/04/03 12:18:59 INFO BlockManager: Initialized BlockManager: BlockManagerId(driver, d6decca907a4, 42743, None)
[2026-04-03T12:19:00.779+0000] {spark_submit.py:491} INFO - 26/04/03 12:19:00 INFO StandaloneSchedulerBackend: SchedulerBackend is ready for scheduling beginning after reached minRegisteredResourcesRatio: 0.0
[2026-04-03T12:19:07.493+0000] {spark_submit.py:491} INFO - INFO:silver_processor: Bắt đầu xử lý lớp Silver cho bảng: orders | Chế độ CDC: True
[2026-04-03T12:19:07.493+0000] {spark_submit.py:491} INFO - INFO:silver_processor: Bắt đầu quét Data Nóng từ Bronze...
[2026-04-03T12:19:08.272+0000] {spark_submit.py:491} INFO - 26/04/03 12:19:08 WARN MetricsConfig: Cannot locate configuration: tried hadoop-metrics2-s3a-file-system.properties,hadoop-metrics2.properties
[2026-04-03T12:20:01.638+0000] {job.py:219} ERROR - Job heartbeat got an exception
Traceback (most recent call last):
  File "/home/airflow/.local/lib/python3.10/site-packages/sqlalchemy/engine/base.py", line 3371, in _wrap_pool_connect
    return fn()
  File "/home/airflow/.local/lib/python3.10/site-packages/sqlalchemy/pool/base.py", line 327, in connect
    return _ConnectionFairy._checkout(self)
  File "/home/airflow/.local/lib/python3.10/site-packages/sqlalchemy/pool/base.py", line 894, in _checkout
    fairy = _ConnectionRecord.checkout(pool)
  File "/home/airflow/.local/lib/python3.10/site-packages/sqlalchemy/pool/base.py", line 493, in checkout
    rec = pool._do_get()
  File "/home/airflow/.local/lib/python3.10/site-packages/sqlalchemy/pool/impl.py", line 256, in _do_get
    return self._create_connection()
  File "/home/airflow/.local/lib/python3.10/site-packages/sqlalchemy/pool/base.py", line 273, in _create_connection
    return _ConnectionRecord(self)
  File "/home/airflow/.local/lib/python3.10/site-packages/sqlalchemy/pool/base.py", line 388, in __init__
    self.__connect()
  File "/home/airflow/.local/lib/python3.10/site-packages/sqlalchemy/pool/base.py", line 690, in __connect
    with util.safe_reraise():
  File "/home/airflow/.local/lib/python3.10/site-packages/sqlalchemy/util/langhelpers.py", line 70, in __exit__
    compat.raise_(
  File "/home/airflow/.local/lib/python3.10/site-packages/sqlalchemy/util/compat.py", line 211, in raise_
    raise exception
  File "/home/airflow/.local/lib/python3.10/site-packages/sqlalchemy/pool/base.py", line 686, in __connect
    self.dbapi_connection = connection = pool._invoke_creator(self)
  File "/home/airflow/.local/lib/python3.10/site-packages/sqlalchemy/engine/create.py", line 574, in connect
    return dialect.connect(*cargs, **cparams)
  File "/home/airflow/.local/lib/python3.10/site-packages/sqlalchemy/engine/default.py", line 598, in connect
    return self.dbapi.connect(*cargs, **cparams)
  File "/home/airflow/.local/lib/python3.10/site-packages/psycopg2/__init__.py", line 122, in connect
    conn = _connect(dsn, connection_factory=connection_factory, **kwasync)
psycopg2.OperationalError: could not translate host name "postgres" to address: Temporary failure in name resolution


The above exception was the direct cause of the following exception:

Traceback (most recent call last):
  File "/home/airflow/.local/lib/python3.10/site-packages/airflow/jobs/job.py", line 190, in heartbeat
    session.merge(self)
  File "/home/airflow/.local/lib/python3.10/site-packages/sqlalchemy/orm/session.py", line 3056, in merge
    return self._merge(
  File "/home/airflow/.local/lib/python3.10/site-packages/sqlalchemy/orm/session.py", line 3136, in _merge
    merged = self.get(
  File "/home/airflow/.local/lib/python3.10/site-packages/sqlalchemy/orm/session.py", line 2853, in get
    return self._get_impl(
  File "/home/airflow/.local/lib/python3.10/site-packages/sqlalchemy/orm/session.py", line 2975, in _get_impl
    return db_load_fn(
  File "/home/airflow/.local/lib/python3.10/site-packages/sqlalchemy/orm/loading.py", line 530, in load_on_pk_identity
    session.execute(
  File "/home/airflow/.local/lib/python3.10/site-packages/sqlalchemy/orm/session.py", line 1716, in execute
    conn = self._connection_for_bind(bind)
  File "/home/airflow/.local/lib/python3.10/site-packages/sqlalchemy/orm/session.py", line 1555, in _connection_for_bind
    return self._transaction._connection_for_bind(
  File "/home/airflow/.local/lib/python3.10/site-packages/sqlalchemy/orm/session.py", line 750, in _connection_for_bind
    conn = bind.connect()
  File "/home/airflow/.local/lib/python3.10/site-packages/sqlalchemy/future/engine.py", line 406, in connect
    return super(Engine, self).connect()
  File "/home/airflow/.local/lib/python3.10/site-packages/sqlalchemy/engine/base.py", line 3325, in connect
    return self._connection_cls(self, close_with_result=close_with_result)
  File "/home/airflow/.local/lib/python3.10/site-packages/sqlalchemy/engine/base.py", line 96, in __init__
    else engine.raw_connection()
  File "/home/airflow/.local/lib/python3.10/site-packages/sqlalchemy/engine/base.py", line 3404, in raw_connection
    return self._wrap_pool_connect(self.pool.connect, _connection)
  File "/home/airflow/.local/lib/python3.10/site-packages/sqlalchemy/engine/base.py", line 3374, in _wrap_pool_connect
    Connection._handle_dbapi_exception_noconnection(
  File "/home/airflow/.local/lib/python3.10/site-packages/sqlalchemy/engine/base.py", line 2208, in _handle_dbapi_exception_noconnection
    util.raise_(
  File "/home/airflow/.local/lib/python3.10/site-packages/sqlalchemy/util/compat.py", line 211, in raise_
    raise exception
  File "/home/airflow/.local/lib/python3.10/site-packages/sqlalchemy/engine/base.py", line 3371, in _wrap_pool_connect
    return fn()
  File "/home/airflow/.local/lib/python3.10/site-packages/sqlalchemy/pool/base.py", line 327, in connect
    return _ConnectionFairy._checkout(self)
  File "/home/airflow/.local/lib/python3.10/site-packages/sqlalchemy/pool/base.py", line 894, in _checkout
    fairy = _ConnectionRecord.checkout(pool)
  File "/home/airflow/.local/lib/python3.10/site-packages/sqlalchemy/pool/base.py", line 493, in checkout
    rec = pool._do_get()
  File "/home/airflow/.local/lib/python3.10/site-packages/sqlalchemy/pool/impl.py", line 256, in _do_get
    return self._create_connection()
  File "/home/airflow/.local/lib/python3.10/site-packages/sqlalchemy/pool/base.py", line 273, in _create_connection
    return _ConnectionRecord(self)
  File "/home/airflow/.local/lib/python3.10/site-packages/sqlalchemy/pool/base.py", line 388, in __init__
    self.__connect()
  File "/home/airflow/.local/lib/python3.10/site-packages/sqlalchemy/pool/base.py", line 690, in __connect
    with util.safe_reraise():
  File "/home/airflow/.local/lib/python3.10/site-packages/sqlalchemy/util/langhelpers.py", line 70, in __exit__
    compat.raise_(
  File "/home/airflow/.local/lib/python3.10/site-packages/sqlalchemy/util/compat.py", line 211, in raise_
    raise exception
  File "/home/airflow/.local/lib/python3.10/site-packages/sqlalchemy/pool/base.py", line 686, in __connect
    self.dbapi_connection = connection = pool._invoke_creator(self)
  File "/home/airflow/.local/lib/python3.10/site-packages/sqlalchemy/engine/create.py", line 574, in connect
    return dialect.connect(*cargs, **cparams)
  File "/home/airflow/.local/lib/python3.10/site-packages/sqlalchemy/engine/default.py", line 598, in connect
    return self.dbapi.connect(*cargs, **cparams)
  File "/home/airflow/.local/lib/python3.10/site-packages/psycopg2/__init__.py", line 122, in connect
    conn = _connect(dsn, connection_factory=connection_factory, **kwasync)
sqlalchemy.exc.OperationalError: (psycopg2.OperationalError) could not translate host name "postgres" to address: Temporary failure in name resolution

(Background on this error at: https://sqlalche.me/e/14/e3q8)
