[2026-04-03T14:40:28.174+0000] {taskinstance.py:1159} INFO - Dependencies all met for dep_context=non-requeueable deps ti=<TaskInstance: silver_spark_processor.process_silver_orders scheduled__2026-04-02T00:00:00+00:00 [queued]>
[2026-04-03T14:40:28.190+0000] {taskinstance.py:1159} INFO - Dependencies all met for dep_context=requeueable deps ti=<TaskInstance: silver_spark_processor.process_silver_orders scheduled__2026-04-02T00:00:00+00:00 [queued]>
[2026-04-03T14:40:28.190+0000] {taskinstance.py:1361} INFO - Starting attempt 13 of 14
[2026-04-03T14:40:28.215+0000] {taskinstance.py:1382} INFO - Executing <Task(SparkSubmitOperator): process_silver_orders> on 2026-04-02 00:00:00+00:00
[2026-04-03T14:40:28.224+0000] {standard_task_runner.py:57} INFO - Started process 3147 to run task
[2026-04-03T14:40:28.228+0000] {standard_task_runner.py:84} INFO - Running: ['airflow', 'tasks', 'run', 'silver_spark_processor', 'process_silver_orders', 'scheduled__2026-04-02T00:00:00+00:00', '--job-id', '592', '--raw', '--subdir', 'DAGS_FOLDER/silver_processor_dag.py', '--cfg-path', '/tmp/tmpqh1n8l9c']
[2026-04-03T14:40:28.231+0000] {standard_task_runner.py:85} INFO - Job 592: Subtask process_silver_orders
[2026-04-03T14:40:28.321+0000] {task_command.py:416} INFO - Running <TaskInstance: silver_spark_processor.process_silver_orders scheduled__2026-04-02T00:00:00+00:00 [running]> on host e516154efc74
[2026-04-03T14:40:28.450+0000] {taskinstance.py:1662} INFO - Exporting env vars: AIRFLOW_CTX_DAG_OWNER='data-team' AIRFLOW_CTX_DAG_ID='silver_spark_processor' AIRFLOW_CTX_TASK_ID='process_silver_orders' AIRFLOW_CTX_EXECUTION_DATE='2026-04-02T00:00:00+00:00' AIRFLOW_CTX_TRY_NUMBER='13' AIRFLOW_CTX_DAG_RUN_ID='scheduled__2026-04-02T00:00:00+00:00'
[2026-04-03T14:40:28.463+0000] {base.py:73} INFO - Using connection ID 'spark_default' for task execution.
[2026-04-03T14:40:28.466+0000] {spark_submit.py:340} INFO - Spark-Submit cmd: spark-submit --master spark://spark-master:7077 --conf spark.sql.extensions=io.delta.sql.DeltaSparkSessionExtension --conf spark.sql.catalog.spark_catalog=org.apache.spark.sql.delta.catalog.DeltaCatalog --conf spark.databricks.delta.schema.autoMerge.enabled=true --jars /opt/airflow/etl/jars/hadoop-aws-3.3.2.jar,/opt/airflow/etl/jars/aws-java-sdk-bundle-1.11.1026.jar,/opt/airflow/etl/jars/delta-core_2.12-2.3.0.jar,/opt/airflow/etl/jars/delta-storage-2.3.0.jar --executor-cores 1 --executor-memory 1g --driver-memory 1g --name airflow_silver_orders /opt/airflow/etl/silver/main_silver.py --table_name orders --merge_key order_id --is_cdc true --json_schema order_id STRING, customer_id STRING, order_status STRING, order_purchase_timestamp STRING, order_approved_at STRING, order_delivered_carrier_date STRING, order_delivered_customer_date STRING, order_estimated_delivery_date STRING
[2026-04-03T14:40:28.612+0000] {spark_submit.py:491} INFO - /home/airflow/.local/lib/python3.10/site-packages/pyspark/bin/load-spark-env.sh: line 68: ps: command not found
[2026-04-03T14:40:34.609+0000] {spark_submit.py:491} INFO - 26/04/03 14:40:34 WARN NativeCodeLoader: Unable to load native-hadoop library for your platform... using builtin-java classes where applicable
[2026-04-03T14:40:37.426+0000] {spark_submit.py:491} INFO - INFO:__main__:Khởi tạo Spark Job cho bảng: orders
[2026-04-03T14:40:37.915+0000] {spark_submit.py:491} INFO - 26/04/03 14:40:37 INFO SparkContext: Running Spark version 3.3.2
[2026-04-03T14:40:38.021+0000] {spark_submit.py:491} INFO - 26/04/03 14:40:38 INFO ResourceUtils: ==============================================================
[2026-04-03T14:40:38.022+0000] {spark_submit.py:491} INFO - 26/04/03 14:40:38 INFO ResourceUtils: No custom resources configured for spark.driver.
[2026-04-03T14:40:38.026+0000] {spark_submit.py:491} INFO - 26/04/03 14:40:38 INFO ResourceUtils: ==============================================================
[2026-04-03T14:40:38.026+0000] {spark_submit.py:491} INFO - 26/04/03 14:40:38 INFO SparkContext: Submitted application: <class 'pyspark.sql.session.SparkSession'>
[2026-04-03T14:40:38.079+0000] {spark_submit.py:491} INFO - 26/04/03 14:40:38 INFO ResourceProfile: Default ResourceProfile created, executor resources: Map(cores -> name: cores, amount: 1, script: , vendor: , memory -> name: memory, amount: 1024, script: , vendor: , offHeap -> name: offHeap, amount: 0, script: , vendor: ), task resources: Map(cpus -> name: cpus, amount: 1.0)
[2026-04-03T14:40:38.120+0000] {spark_submit.py:491} INFO - 26/04/03 14:40:38 INFO ResourceProfile: Limiting resource is cpus at 1 tasks per executor
[2026-04-03T14:40:38.125+0000] {spark_submit.py:491} INFO - 26/04/03 14:40:38 INFO ResourceProfileManager: Added ResourceProfile id: 0
[2026-04-03T14:40:38.325+0000] {spark_submit.py:491} INFO - 26/04/03 14:40:38 INFO SecurityManager: Changing view acls to: airflow
[2026-04-03T14:40:38.329+0000] {spark_submit.py:491} INFO - 26/04/03 14:40:38 INFO SecurityManager: Changing modify acls to: airflow
[2026-04-03T14:40:38.331+0000] {spark_submit.py:491} INFO - 26/04/03 14:40:38 INFO SecurityManager: Changing view acls groups to:
[2026-04-03T14:40:38.332+0000] {spark_submit.py:491} INFO - 26/04/03 14:40:38 INFO SecurityManager: Changing modify acls groups to:
[2026-04-03T14:40:38.336+0000] {spark_submit.py:491} INFO - 26/04/03 14:40:38 INFO SecurityManager: SecurityManager: authentication disabled; ui acls disabled; users  with view permissions: Set(airflow); groups with view permissions: Set(); users  with modify permissions: Set(airflow); groups with modify permissions: Set()
[2026-04-03T14:40:40.490+0000] {spark_submit.py:491} INFO - 26/04/03 14:40:40 INFO Utils: Successfully started service 'sparkDriver' on port 36055.
[2026-04-03T14:40:40.630+0000] {spark_submit.py:491} INFO - 26/04/03 14:40:40 INFO SparkEnv: Registering MapOutputTracker
[2026-04-03T14:40:40.768+0000] {spark_submit.py:491} INFO - 26/04/03 14:40:40 INFO SparkEnv: Registering BlockManagerMaster
[2026-04-03T14:40:40.834+0000] {spark_submit.py:491} INFO - 26/04/03 14:40:40 INFO BlockManagerMasterEndpoint: Using org.apache.spark.storage.DefaultTopologyMapper for getting topology information
[2026-04-03T14:40:40.839+0000] {spark_submit.py:491} INFO - 26/04/03 14:40:40 INFO BlockManagerMasterEndpoint: BlockManagerMasterEndpoint up
[2026-04-03T14:40:40.858+0000] {spark_submit.py:491} INFO - 26/04/03 14:40:40 INFO SparkEnv: Registering BlockManagerMasterHeartbeat
[2026-04-03T14:40:40.908+0000] {spark_submit.py:491} INFO - 26/04/03 14:40:40 INFO DiskBlockManager: Created local directory at /tmp/blockmgr-4035899b-66c4-4fdb-ad35-e0ff72514ff2
[2026-04-03T14:40:40.952+0000] {spark_submit.py:491} INFO - 26/04/03 14:40:40 INFO MemoryStore: MemoryStore started with capacity 434.4 MiB
[2026-04-03T14:40:41.028+0000] {spark_submit.py:491} INFO - 26/04/03 14:40:41 INFO SparkEnv: Registering OutputCommitCoordinator
[2026-04-03T14:40:41.643+0000] {spark_submit.py:491} INFO - 26/04/03 14:40:41 INFO Utils: Successfully started service 'SparkUI' on port 4040.
[2026-04-03T14:40:41.795+0000] {spark_submit.py:491} INFO - 26/04/03 14:40:41 INFO SparkContext: Added JAR file:///opt/airflow/etl/jars/hadoop-aws-3.3.2.jar at spark://e516154efc74:36055/jars/hadoop-aws-3.3.2.jar with timestamp 1775227237872
[2026-04-03T14:40:41.797+0000] {spark_submit.py:491} INFO - 26/04/03 14:40:41 INFO SparkContext: Added JAR file:///opt/airflow/etl/jars/aws-java-sdk-bundle-1.11.1026.jar at spark://e516154efc74:36055/jars/aws-java-sdk-bundle-1.11.1026.jar with timestamp 1775227237872
[2026-04-03T14:40:41.797+0000] {spark_submit.py:491} INFO - 26/04/03 14:40:41 INFO SparkContext: Added JAR file:///opt/airflow/etl/jars/delta-core_2.12-2.3.0.jar at spark://e516154efc74:36055/jars/delta-core_2.12-2.3.0.jar with timestamp 1775227237872
[2026-04-03T14:40:41.798+0000] {spark_submit.py:491} INFO - 26/04/03 14:40:41 INFO SparkContext: Added JAR file:///opt/airflow/etl/jars/delta-storage-2.3.0.jar at spark://e516154efc74:36055/jars/delta-storage-2.3.0.jar with timestamp 1775227237872
[2026-04-03T14:40:42.302+0000] {spark_submit.py:491} INFO - 26/04/03 14:40:42 INFO StandaloneAppClient$ClientEndpoint: Connecting to master spark://spark-master:7077...
[2026-04-03T14:40:42.525+0000] {spark_submit.py:491} INFO - 26/04/03 14:40:42 INFO TransportClientFactory: Successfully created connection to spark-master/172.18.0.6:7077 after 133 ms (0 ms spent in bootstraps)
[2026-04-03T14:40:42.922+0000] {spark_submit.py:491} INFO - 26/04/03 14:40:42 INFO StandaloneSchedulerBackend: Connected to Spark cluster with app ID app-20260403144042-0019
[2026-04-03T14:40:42.952+0000] {spark_submit.py:491} INFO - 26/04/03 14:40:42 INFO Utils: Successfully started service 'org.apache.spark.network.netty.NettyBlockTransferService' on port 38833.
[2026-04-03T14:40:42.952+0000] {spark_submit.py:491} INFO - 26/04/03 14:40:42 INFO NettyBlockTransferService: Server created on e516154efc74:38833
[2026-04-03T14:40:42.958+0000] {spark_submit.py:491} INFO - 26/04/03 14:40:42 INFO BlockManager: Using org.apache.spark.storage.RandomBlockReplicationPolicy for block replication policy
[2026-04-03T14:40:42.991+0000] {spark_submit.py:491} INFO - 26/04/03 14:40:42 INFO BlockManagerMaster: Registering BlockManager BlockManagerId(driver, e516154efc74, 38833, None)
[2026-04-03T14:40:43.006+0000] {spark_submit.py:491} INFO - 26/04/03 14:40:43 INFO BlockManagerMasterEndpoint: Registering block manager e516154efc74:38833 with 434.4 MiB RAM, BlockManagerId(driver, e516154efc74, 38833, None)
[2026-04-03T14:40:43.008+0000] {spark_submit.py:491} INFO - 26/04/03 14:40:43 INFO BlockManagerMaster: Registered BlockManager BlockManagerId(driver, e516154efc74, 38833, None)
[2026-04-03T14:40:43.011+0000] {spark_submit.py:491} INFO - 26/04/03 14:40:43 INFO BlockManager: Initialized BlockManager: BlockManagerId(driver, e516154efc74, 38833, None)
[2026-04-03T14:40:45.190+0000] {spark_submit.py:491} INFO - 26/04/03 14:40:45 INFO StandaloneAppClient$ClientEndpoint: Executor added: app-20260403144042-0019/0 on worker-20260403141648-172.18.0.12-38881 (172.18.0.12:38881) with 1 core(s)
[2026-04-03T14:40:45.207+0000] {spark_submit.py:491} INFO - 26/04/03 14:40:45 INFO StandaloneSchedulerBackend: Granted executor ID app-20260403144042-0019/0 on hostPort 172.18.0.12:38881 with 1 core(s), 1024.0 MiB RAM
[2026-04-03T14:40:45.212+0000] {spark_submit.py:491} INFO - 26/04/03 14:40:45 INFO StandaloneAppClient$ClientEndpoint: Executor updated: app-20260403144042-0019/0 is now RUNNING
[2026-04-03T14:40:45.500+0000] {spark_submit.py:491} INFO - 26/04/03 14:40:45 INFO StandaloneSchedulerBackend: SchedulerBackend is ready for scheduling beginning after reached minRegisteredResourcesRatio: 0.0
[2026-04-03T14:40:48.204+0000] {spark_submit.py:491} INFO - INFO:silver_processor: Bắt đầu xử lý lớp Silver cho bảng: orders | Chế độ CDC: True
[2026-04-03T14:40:48.205+0000] {spark_submit.py:491} INFO - INFO:silver_processor: Bắt đầu quét Data Nóng từ Bronze...
[2026-04-03T14:40:49.123+0000] {spark_submit.py:491} INFO - 26/04/03 14:40:49 WARN MetricsConfig: Cannot locate configuration: tried hadoop-metrics2-s3a-file-system.properties,hadoop-metrics2.properties
[2026-04-03T14:40:53.430+0000] {taskinstance.py:1937} ERROR - Task failed with exception
Traceback (most recent call last):
  File "/home/airflow/.local/lib/python3.10/site-packages/airflow/providers/apache/spark/operators/spark_submit.py", line 156, in execute
    self._hook.submit(self._application)
  File "/home/airflow/.local/lib/python3.10/site-packages/airflow/providers/apache/spark/hooks/spark_submit.py", line 422, in submit
    raise AirflowException(
airflow.exceptions.AirflowException: Cannot execute: spark-submit --master spark://spark-master:7077 --conf spark.sql.extensions=io.delta.sql.DeltaSparkSessionExtension --conf spark.sql.catalog.spark_catalog=org.apache.spark.sql.delta.catalog.DeltaCatalog --conf spark.databricks.delta.schema.autoMerge.enabled=true --jars /opt/airflow/etl/jars/hadoop-aws-3.3.2.jar,/opt/airflow/etl/jars/aws-java-sdk-bundle-1.11.1026.jar,/opt/airflow/etl/jars/delta-core_2.12-2.3.0.jar,/opt/airflow/etl/jars/delta-storage-2.3.0.jar --executor-cores 1 --executor-memory 1g --driver-memory 1g --name airflow_silver_orders /opt/airflow/etl/silver/main_silver.py --table_name orders --merge_key order_id --is_cdc true --json_schema order_id STRING, customer_id STRING, order_status STRING, order_purchase_timestamp STRING, order_approved_at STRING, order_delivered_carrier_date STRING, order_delivered_customer_date STRING, order_estimated_delivery_date STRING. Error code is: -9.
[2026-04-03T14:40:53.490+0000] {taskinstance.py:1400} INFO - Marking task as UP_FOR_RETRY. dag_id=silver_spark_processor, task_id=process_silver_orders, execution_date=20260402T000000, start_date=20260403T144028, end_date=20260403T144053
[2026-04-03T14:40:53.655+0000] {standard_task_runner.py:104} ERROR - Failed to execute job 592 for task process_silver_orders (Cannot execute: spark-submit --master spark://spark-master:7077 --conf spark.sql.extensions=io.delta.sql.DeltaSparkSessionExtension --conf spark.sql.catalog.spark_catalog=org.apache.spark.sql.delta.catalog.DeltaCatalog --conf spark.databricks.delta.schema.autoMerge.enabled=true --jars /opt/airflow/etl/jars/hadoop-aws-3.3.2.jar,/opt/airflow/etl/jars/aws-java-sdk-bundle-1.11.1026.jar,/opt/airflow/etl/jars/delta-core_2.12-2.3.0.jar,/opt/airflow/etl/jars/delta-storage-2.3.0.jar --executor-cores 1 --executor-memory 1g --driver-memory 1g --name airflow_silver_orders /opt/airflow/etl/silver/main_silver.py --table_name orders --merge_key order_id --is_cdc true --json_schema order_id STRING, customer_id STRING, order_status STRING, order_purchase_timestamp STRING, order_approved_at STRING, order_delivered_carrier_date STRING, order_delivered_customer_date STRING, order_estimated_delivery_date STRING. Error code is: -9.; 3147)
[2026-04-03T14:40:53.695+0000] {local_task_job_runner.py:228} INFO - Task exited with return code 1
[2026-04-03T14:40:53.912+0000] {taskinstance.py:2778} INFO - 0 downstream tasks scheduled from follow-on schedule check
