[2026-04-03T14:34:32.610+0000] {taskinstance.py:1159} INFO - Dependencies all met for dep_context=non-requeueable deps ti=<TaskInstance: silver_spark_processor.process_silver_orders scheduled__2026-04-02T00:00:00+00:00 [queued]>
[2026-04-03T14:34:32.626+0000] {taskinstance.py:1159} INFO - Dependencies all met for dep_context=requeueable deps ti=<TaskInstance: silver_spark_processor.process_silver_orders scheduled__2026-04-02T00:00:00+00:00 [queued]>
[2026-04-03T14:34:32.627+0000] {taskinstance.py:1361} INFO - Starting attempt 12 of 11
[2026-04-03T14:34:32.661+0000] {taskinstance.py:1382} INFO - Executing <Task(SparkSubmitOperator): process_silver_orders> on 2026-04-02 00:00:00+00:00
[2026-04-03T14:34:32.673+0000] {standard_task_runner.py:57} INFO - Started process 194 to run task
[2026-04-03T14:34:32.678+0000] {standard_task_runner.py:84} INFO - Running: ['airflow', 'tasks', 'run', 'silver_spark_processor', 'process_silver_orders', 'scheduled__2026-04-02T00:00:00+00:00', '--job-id', '573', '--raw', '--subdir', 'DAGS_FOLDER/silver_processor_dag.py', '--cfg-path', '/tmp/tmpgay3qwn9']
[2026-04-03T14:34:32.681+0000] {standard_task_runner.py:85} INFO - Job 573: Subtask process_silver_orders
[2026-04-03T14:34:32.777+0000] {task_command.py:416} INFO - Running <TaskInstance: silver_spark_processor.process_silver_orders scheduled__2026-04-02T00:00:00+00:00 [running]> on host e516154efc74
[2026-04-03T14:34:32.968+0000] {taskinstance.py:1662} INFO - Exporting env vars: AIRFLOW_CTX_DAG_OWNER='data-team' AIRFLOW_CTX_DAG_ID='silver_spark_processor' AIRFLOW_CTX_TASK_ID='process_silver_orders' AIRFLOW_CTX_EXECUTION_DATE='2026-04-02T00:00:00+00:00' AIRFLOW_CTX_TRY_NUMBER='12' AIRFLOW_CTX_DAG_RUN_ID='scheduled__2026-04-02T00:00:00+00:00'
[2026-04-03T14:34:33.001+0000] {base.py:73} INFO - Using connection ID 'spark_default' for task execution.
[2026-04-03T14:34:33.004+0000] {spark_submit.py:340} INFO - Spark-Submit cmd: spark-submit --master spark://spark-master:7077 --conf spark.sql.extensions=io.delta.sql.DeltaSparkSessionExtension --conf spark.sql.catalog.spark_catalog=org.apache.spark.sql.delta.catalog.DeltaCatalog --conf spark.databricks.delta.schema.autoMerge.enabled=true --jars /opt/airflow/etl/jars/hadoop-aws-3.3.2.jar,/opt/airflow/etl/jars/aws-java-sdk-bundle-1.11.1026.jar,/opt/airflow/etl/jars/delta-core_2.12-2.3.0.jar,/opt/airflow/etl/jars/delta-storage-2.3.0.jar --executor-cores 1 --executor-memory 1g --driver-memory 1g --name airflow_silver_orders /opt/airflow/etl/silver/main_silver.py --table_name orders --merge_key order_id --is_cdc true --json_schema order_id STRING, customer_id STRING, order_status STRING, order_purchase_timestamp STRING, order_approved_at STRING, order_delivered_carrier_date STRING, order_delivered_customer_date STRING, order_estimated_delivery_date STRING
[2026-04-03T14:34:33.191+0000] {spark_submit.py:491} INFO - /home/airflow/.local/lib/python3.10/site-packages/pyspark/bin/load-spark-env.sh: line 68: ps: command not found
[2026-04-03T14:34:41.974+0000] {spark_submit.py:491} INFO - 26/04/03 14:34:41 WARN NativeCodeLoader: Unable to load native-hadoop library for your platform... using builtin-java classes where applicable
[2026-04-03T14:34:45.540+0000] {spark_submit.py:491} INFO - INFO:__main__:Khởi tạo Spark Job cho bảng: orders
[2026-04-03T14:34:45.860+0000] {spark_submit.py:491} INFO - 26/04/03 14:34:45 INFO SparkContext: Running Spark version 3.3.2
[2026-04-03T14:34:45.995+0000] {spark_submit.py:491} INFO - 26/04/03 14:34:45 INFO ResourceUtils: ==============================================================
[2026-04-03T14:34:45.997+0000] {spark_submit.py:491} INFO - 26/04/03 14:34:45 INFO ResourceUtils: No custom resources configured for spark.driver.
[2026-04-03T14:34:45.998+0000] {spark_submit.py:491} INFO - 26/04/03 14:34:45 INFO ResourceUtils: ==============================================================
[2026-04-03T14:34:45.999+0000] {spark_submit.py:491} INFO - 26/04/03 14:34:45 INFO SparkContext: Submitted application: <class 'pyspark.sql.session.SparkSession'>
[2026-04-03T14:34:46.091+0000] {spark_submit.py:491} INFO - 26/04/03 14:34:46 INFO ResourceProfile: Default ResourceProfile created, executor resources: Map(cores -> name: cores, amount: 1, script: , vendor: , memory -> name: memory, amount: 1024, script: , vendor: , offHeap -> name: offHeap, amount: 0, script: , vendor: ), task resources: Map(cpus -> name: cpus, amount: 1.0)
[2026-04-03T14:34:46.189+0000] {spark_submit.py:491} INFO - 26/04/03 14:34:46 INFO ResourceProfile: Limiting resource is cpus at 1 tasks per executor
[2026-04-03T14:34:46.194+0000] {spark_submit.py:491} INFO - 26/04/03 14:34:46 INFO ResourceProfileManager: Added ResourceProfile id: 0
[2026-04-03T14:34:46.606+0000] {spark_submit.py:491} INFO - 26/04/03 14:34:46 INFO SecurityManager: Changing view acls to: airflow
[2026-04-03T14:34:46.611+0000] {spark_submit.py:491} INFO - 26/04/03 14:34:46 INFO SecurityManager: Changing modify acls to: airflow
[2026-04-03T14:34:46.612+0000] {spark_submit.py:491} INFO - 26/04/03 14:34:46 INFO SecurityManager: Changing view acls groups to:
[2026-04-03T14:34:46.614+0000] {spark_submit.py:491} INFO - 26/04/03 14:34:46 INFO SecurityManager: Changing modify acls groups to:
[2026-04-03T14:34:46.619+0000] {spark_submit.py:491} INFO - 26/04/03 14:34:46 INFO SecurityManager: SecurityManager: authentication disabled; ui acls disabled; users  with view permissions: Set(airflow); groups with view permissions: Set(); users  with modify permissions: Set(airflow); groups with modify permissions: Set()
[2026-04-03T14:34:47.765+0000] {spark_submit.py:491} INFO - 26/04/03 14:34:47 INFO Utils: Successfully started service 'sparkDriver' on port 44901.
[2026-04-03T14:34:47.893+0000] {spark_submit.py:491} INFO - 26/04/03 14:34:47 INFO SparkEnv: Registering MapOutputTracker
[2026-04-03T14:34:48.004+0000] {spark_submit.py:491} INFO - 26/04/03 14:34:48 INFO SparkEnv: Registering BlockManagerMaster
[2026-04-03T14:34:48.080+0000] {spark_submit.py:491} INFO - 26/04/03 14:34:48 INFO BlockManagerMasterEndpoint: Using org.apache.spark.storage.DefaultTopologyMapper for getting topology information
[2026-04-03T14:34:48.084+0000] {spark_submit.py:491} INFO - 26/04/03 14:34:48 INFO BlockManagerMasterEndpoint: BlockManagerMasterEndpoint up
[2026-04-03T14:34:48.093+0000] {spark_submit.py:491} INFO - 26/04/03 14:34:48 INFO SparkEnv: Registering BlockManagerMasterHeartbeat
[2026-04-03T14:34:48.182+0000] {spark_submit.py:491} INFO - 26/04/03 14:34:48 INFO DiskBlockManager: Created local directory at /tmp/blockmgr-88ff63f9-78a4-495a-8d7b-9676ef692e1b
[2026-04-03T14:34:48.246+0000] {spark_submit.py:491} INFO - 26/04/03 14:34:48 INFO MemoryStore: MemoryStore started with capacity 434.4 MiB
[2026-04-03T14:34:48.307+0000] {spark_submit.py:491} INFO - 26/04/03 14:34:48 INFO SparkEnv: Registering OutputCommitCoordinator
[2026-04-03T14:34:48.891+0000] {spark_submit.py:491} INFO - 26/04/03 14:34:48 WARN Utils: Service 'SparkUI' could not bind on port 4040. Attempting port 4041.
[2026-04-03T14:34:48.894+0000] {spark_submit.py:491} INFO - 26/04/03 14:34:48 WARN Utils: Service 'SparkUI' could not bind on port 4041. Attempting port 4042.
[2026-04-03T14:34:48.951+0000] {spark_submit.py:491} INFO - 26/04/03 14:34:48 INFO Utils: Successfully started service 'SparkUI' on port 4042.
[2026-04-03T14:34:49.222+0000] {spark_submit.py:491} INFO - 26/04/03 14:34:49 INFO SparkContext: Added JAR file:///opt/airflow/etl/jars/hadoop-aws-3.3.2.jar at spark://e516154efc74:44901/jars/hadoop-aws-3.3.2.jar with timestamp 1775226885826
[2026-04-03T14:34:49.224+0000] {spark_submit.py:491} INFO - 26/04/03 14:34:49 INFO SparkContext: Added JAR file:///opt/airflow/etl/jars/aws-java-sdk-bundle-1.11.1026.jar at spark://e516154efc74:44901/jars/aws-java-sdk-bundle-1.11.1026.jar with timestamp 1775226885826
[2026-04-03T14:34:49.224+0000] {spark_submit.py:491} INFO - 26/04/03 14:34:49 INFO SparkContext: Added JAR file:///opt/airflow/etl/jars/delta-core_2.12-2.3.0.jar at spark://e516154efc74:44901/jars/delta-core_2.12-2.3.0.jar with timestamp 1775226885826
[2026-04-03T14:34:49.225+0000] {spark_submit.py:491} INFO - 26/04/03 14:34:49 INFO SparkContext: Added JAR file:///opt/airflow/etl/jars/delta-storage-2.3.0.jar at spark://e516154efc74:44901/jars/delta-storage-2.3.0.jar with timestamp 1775226885826
[2026-04-03T14:34:49.899+0000] {spark_submit.py:491} INFO - 26/04/03 14:34:49 INFO StandaloneAppClient$ClientEndpoint: Connecting to master spark://spark-master:7077...
[2026-04-03T14:34:50.105+0000] {spark_submit.py:491} INFO - 26/04/03 14:34:50 INFO TransportClientFactory: Successfully created connection to spark-master/172.18.0.6:7077 after 108 ms (0 ms spent in bootstraps)
[2026-04-03T14:34:51.093+0000] {spark_submit.py:491} INFO - 26/04/03 14:34:51 INFO StandaloneSchedulerBackend: Connected to Spark cluster with app ID app-20260403143451-0004
[2026-04-03T14:34:51.121+0000] {spark_submit.py:491} INFO - 26/04/03 14:34:51 INFO Utils: Successfully started service 'org.apache.spark.network.netty.NettyBlockTransferService' on port 36441.
[2026-04-03T14:34:51.122+0000] {spark_submit.py:491} INFO - 26/04/03 14:34:51 INFO NettyBlockTransferService: Server created on e516154efc74:36441
[2026-04-03T14:34:51.128+0000] {spark_submit.py:491} INFO - 26/04/03 14:34:51 INFO BlockManager: Using org.apache.spark.storage.RandomBlockReplicationPolicy for block replication policy
[2026-04-03T14:34:51.156+0000] {spark_submit.py:491} INFO - 26/04/03 14:34:51 INFO BlockManagerMaster: Registering BlockManager BlockManagerId(driver, e516154efc74, 36441, None)
[2026-04-03T14:34:51.182+0000] {spark_submit.py:491} INFO - 26/04/03 14:34:51 INFO BlockManagerMasterEndpoint: Registering block manager e516154efc74:36441 with 434.4 MiB RAM, BlockManagerId(driver, e516154efc74, 36441, None)
[2026-04-03T14:34:51.185+0000] {spark_submit.py:491} INFO - 26/04/03 14:34:51 INFO BlockManagerMaster: Registered BlockManager BlockManagerId(driver, e516154efc74, 36441, None)
[2026-04-03T14:34:51.192+0000] {spark_submit.py:491} INFO - 26/04/03 14:34:51 INFO BlockManager: Initialized BlockManager: BlockManagerId(driver, e516154efc74, 36441, None)
[2026-04-03T14:34:51.983+0000] {spark_submit.py:491} INFO - 26/04/03 14:34:51 INFO StandaloneSchedulerBackend: SchedulerBackend is ready for scheduling beginning after reached minRegisteredResourcesRatio: 0.0
[2026-04-03T14:34:55.187+0000] {spark_submit.py:491} INFO - INFO:silver_processor: Bắt đầu xử lý lớp Silver cho bảng: orders | Chế độ CDC: True
[2026-04-03T14:34:55.188+0000] {spark_submit.py:491} INFO - INFO:silver_processor: Bắt đầu quét Data Nóng từ Bronze...
[2026-04-03T14:34:55.868+0000] {spark_submit.py:491} INFO - 26/04/03 14:34:55 WARN MetricsConfig: Cannot locate configuration: tried hadoop-metrics2-s3a-file-system.properties,hadoop-metrics2.properties
[2026-04-03T14:35:24.132+0000] {local_task_job_runner.py:294} WARNING - State of this instance has been externally set to None. Terminating instance.
[2026-04-03T14:35:24.226+0000] {process_utils.py:131} INFO - Sending 15 to group 194. PIDs of all processes in the group: [220, 634, 194]
[2026-04-03T14:35:24.230+0000] {process_utils.py:86} INFO - Sending the signal 15 to group 194
[2026-04-03T14:35:24.257+0000] {taskinstance.py:1632} ERROR - Received SIGTERM. Terminating subprocesses.
[2026-04-03T14:35:24.311+0000] {spark_submit.py:618} INFO - Sending kill signal to spark-submit
[2026-04-03T14:35:24.571+0000] {process_utils.py:79} INFO - Process psutil.Process(pid=634, status='terminated', started='14:34:43') (634) terminated with exit code None
[2026-04-03T14:35:24.607+0000] {taskinstance.py:1937} ERROR - Task failed with exception
Traceback (most recent call last):
  File "/home/airflow/.local/lib/python3.10/site-packages/airflow/providers/apache/spark/operators/spark_submit.py", line 156, in execute
    self._hook.submit(self._application)
  File "/home/airflow/.local/lib/python3.10/site-packages/airflow/providers/apache/spark/hooks/spark_submit.py", line 410, in submit
    self._process_spark_submit_log(iter(self._submit_sp.stdout))  # type: ignore
  File "/home/airflow/.local/lib/python3.10/site-packages/airflow/providers/apache/spark/hooks/spark_submit.py", line 459, in _process_spark_submit_log
    for line in itr:
  File "/home/airflow/.local/lib/python3.10/site-packages/airflow/models/taskinstance.py", line 1634, in signal_handler
    raise AirflowException("Task received SIGTERM signal")
airflow.exceptions.AirflowException: Task received SIGTERM signal
[2026-04-03T14:35:24.661+0000] {taskinstance.py:1400} INFO - Marking task as UP_FOR_RETRY. dag_id=silver_spark_processor, task_id=process_silver_orders, execution_date=20260402T000000, start_date=20260403T143432, end_date=20260403T143524
[2026-04-03T14:35:24.883+0000] {standard_task_runner.py:104} ERROR - Failed to execute job 573 for task process_silver_orders (Task received SIGTERM signal; 194)
[2026-04-03T14:35:24.915+0000] {process_utils.py:79} INFO - Process psutil.Process(pid=194, status='terminated', exitcode=1, started='14:34:32') (194) terminated with exit code 1
[2026-04-03T14:35:24.915+0000] {process_utils.py:79} INFO - Process psutil.Process(pid=220, status='terminated', started='14:34:32') (220) terminated with exit code None
