[2026-04-03T14:44:57.506+0000] {taskinstance.py:1159} INFO - Dependencies all met for dep_context=non-requeueable deps ti=<TaskInstance: silver_spark_processor.process_silver_orders scheduled__2026-04-02T00:00:00+00:00 [queued]>
[2026-04-03T14:44:57.519+0000] {taskinstance.py:1159} INFO - Dependencies all met for dep_context=requeueable deps ti=<TaskInstance: silver_spark_processor.process_silver_orders scheduled__2026-04-02T00:00:00+00:00 [queued]>
[2026-04-03T14:44:57.520+0000] {taskinstance.py:1361} INFO - Starting attempt 14 of 15
[2026-04-03T14:44:57.545+0000] {taskinstance.py:1382} INFO - Executing <Task(SparkSubmitOperator): process_silver_orders> on 2026-04-02 00:00:00+00:00
[2026-04-03T14:44:57.557+0000] {standard_task_runner.py:57} INFO - Started process 206 to run task
[2026-04-03T14:44:57.565+0000] {standard_task_runner.py:84} INFO - Running: ['airflow', 'tasks', 'run', 'silver_spark_processor', 'process_silver_orders', 'scheduled__2026-04-02T00:00:00+00:00', '--job-id', '603', '--raw', '--subdir', 'DAGS_FOLDER/silver_processor_dag.py', '--cfg-path', '/tmp/tmp6sswr09m']
[2026-04-03T14:44:57.568+0000] {standard_task_runner.py:85} INFO - Job 603: Subtask process_silver_orders
[2026-04-03T14:44:57.667+0000] {task_command.py:416} INFO - Running <TaskInstance: silver_spark_processor.process_silver_orders scheduled__2026-04-02T00:00:00+00:00 [running]> on host ff668b8b098e
[2026-04-03T14:44:57.816+0000] {taskinstance.py:1662} INFO - Exporting env vars: AIRFLOW_CTX_DAG_OWNER='data-team' AIRFLOW_CTX_DAG_ID='silver_spark_processor' AIRFLOW_CTX_TASK_ID='process_silver_orders' AIRFLOW_CTX_EXECUTION_DATE='2026-04-02T00:00:00+00:00' AIRFLOW_CTX_TRY_NUMBER='14' AIRFLOW_CTX_DAG_RUN_ID='scheduled__2026-04-02T00:00:00+00:00'
[2026-04-03T14:44:57.836+0000] {base.py:73} INFO - Using connection ID 'spark_default' for task execution.
[2026-04-03T14:44:57.839+0000] {spark_submit.py:340} INFO - Spark-Submit cmd: spark-submit --master spark://spark-master:7077 --conf spark.sql.extensions=io.delta.sql.DeltaSparkSessionExtension --conf spark.sql.catalog.spark_catalog=org.apache.spark.sql.delta.catalog.DeltaCatalog --conf spark.databricks.delta.schema.autoMerge.enabled=true --jars /opt/airflow/etl/jars/hadoop-aws-3.3.2.jar,/opt/airflow/etl/jars/aws-java-sdk-bundle-1.11.1026.jar,/opt/airflow/etl/jars/delta-core_2.12-2.3.0.jar,/opt/airflow/etl/jars/delta-storage-2.3.0.jar --executor-cores 1 --executor-memory 1g --driver-memory 1g --name airflow_silver_orders /opt/airflow/etl/silver/main_silver.py --table_name orders --merge_key order_id --is_cdc true --json_schema order_id STRING, customer_id STRING, order_status STRING, order_purchase_timestamp STRING, order_approved_at STRING, order_delivered_carrier_date STRING, order_delivered_customer_date STRING, order_estimated_delivery_date STRING
[2026-04-03T14:44:57.997+0000] {spark_submit.py:491} INFO - /home/airflow/.local/lib/python3.10/site-packages/pyspark/bin/load-spark-env.sh: line 68: ps: command not found
[2026-04-03T14:45:04.924+0000] {spark_submit.py:491} INFO - 26/04/03 14:45:04 WARN NativeCodeLoader: Unable to load native-hadoop library for your platform... using builtin-java classes where applicable
[2026-04-03T14:45:07.333+0000] {spark_submit.py:491} INFO - INFO:__main__:Khởi tạo Spark Job cho bảng: orders
[2026-04-03T14:45:07.589+0000] {spark_submit.py:491} INFO - 26/04/03 14:45:07 INFO SparkContext: Running Spark version 3.3.2
[2026-04-03T14:45:07.689+0000] {spark_submit.py:491} INFO - 26/04/03 14:45:07 INFO ResourceUtils: ==============================================================
[2026-04-03T14:45:07.691+0000] {spark_submit.py:491} INFO - 26/04/03 14:45:07 INFO ResourceUtils: No custom resources configured for spark.driver.
[2026-04-03T14:45:07.693+0000] {spark_submit.py:491} INFO - 26/04/03 14:45:07 INFO ResourceUtils: ==============================================================
[2026-04-03T14:45:07.696+0000] {spark_submit.py:491} INFO - 26/04/03 14:45:07 INFO SparkContext: Submitted application: <class 'pyspark.sql.session.SparkSession'>
[2026-04-03T14:45:07.832+0000] {spark_submit.py:491} INFO - 26/04/03 14:45:07 INFO ResourceProfile: Default ResourceProfile created, executor resources: Map(cores -> name: cores, amount: 1, script: , vendor: , memory -> name: memory, amount: 1024, script: , vendor: , offHeap -> name: offHeap, amount: 0, script: , vendor: ), task resources: Map(cpus -> name: cpus, amount: 1.0)
[2026-04-03T14:45:07.861+0000] {spark_submit.py:491} INFO - 26/04/03 14:45:07 INFO ResourceProfile: Limiting resource is cpus at 1 tasks per executor
[2026-04-03T14:45:07.869+0000] {spark_submit.py:491} INFO - 26/04/03 14:45:07 INFO ResourceProfileManager: Added ResourceProfile id: 0
[2026-04-03T14:45:08.046+0000] {spark_submit.py:491} INFO - 26/04/03 14:45:08 INFO SecurityManager: Changing view acls to: airflow
[2026-04-03T14:45:08.047+0000] {spark_submit.py:491} INFO - 26/04/03 14:45:08 INFO SecurityManager: Changing modify acls to: airflow
[2026-04-03T14:45:08.052+0000] {spark_submit.py:491} INFO - 26/04/03 14:45:08 INFO SecurityManager: Changing view acls groups to:
[2026-04-03T14:45:08.055+0000] {spark_submit.py:491} INFO - 26/04/03 14:45:08 INFO SecurityManager: Changing modify acls groups to:
[2026-04-03T14:45:08.064+0000] {spark_submit.py:491} INFO - 26/04/03 14:45:08 INFO SecurityManager: SecurityManager: authentication disabled; ui acls disabled; users  with view permissions: Set(airflow); groups with view permissions: Set(); users  with modify permissions: Set(airflow); groups with modify permissions: Set()
[2026-04-03T14:45:09.188+0000] {spark_submit.py:491} INFO - 26/04/03 14:45:09 INFO Utils: Successfully started service 'sparkDriver' on port 44743.
[2026-04-03T14:45:09.297+0000] {spark_submit.py:491} INFO - 26/04/03 14:45:09 INFO SparkEnv: Registering MapOutputTracker
[2026-04-03T14:45:09.460+0000] {spark_submit.py:491} INFO - 26/04/03 14:45:09 INFO SparkEnv: Registering BlockManagerMaster
[2026-04-03T14:45:09.564+0000] {spark_submit.py:491} INFO - 26/04/03 14:45:09 INFO BlockManagerMasterEndpoint: Using org.apache.spark.storage.DefaultTopologyMapper for getting topology information
[2026-04-03T14:45:09.567+0000] {spark_submit.py:491} INFO - 26/04/03 14:45:09 INFO BlockManagerMasterEndpoint: BlockManagerMasterEndpoint up
[2026-04-03T14:45:09.585+0000] {spark_submit.py:491} INFO - 26/04/03 14:45:09 INFO SparkEnv: Registering BlockManagerMasterHeartbeat
[2026-04-03T14:45:09.679+0000] {spark_submit.py:491} INFO - 26/04/03 14:45:09 INFO DiskBlockManager: Created local directory at /tmp/blockmgr-6fc45708-746c-4fa0-bfe4-81ddb736a871
[2026-04-03T14:45:09.744+0000] {spark_submit.py:491} INFO - 26/04/03 14:45:09 INFO MemoryStore: MemoryStore started with capacity 434.4 MiB
[2026-04-03T14:45:09.791+0000] {spark_submit.py:491} INFO - 26/04/03 14:45:09 INFO SparkEnv: Registering OutputCommitCoordinator
[2026-04-03T14:45:10.484+0000] {spark_submit.py:491} INFO - 26/04/03 14:45:10 WARN Utils: Service 'SparkUI' could not bind on port 4040. Attempting port 4041.
[2026-04-03T14:45:10.486+0000] {spark_submit.py:491} INFO - 26/04/03 14:45:10 WARN Utils: Service 'SparkUI' could not bind on port 4041. Attempting port 4042.
[2026-04-03T14:45:10.492+0000] {spark_submit.py:491} INFO - 26/04/03 14:45:10 WARN Utils: Service 'SparkUI' could not bind on port 4042. Attempting port 4043.
[2026-04-03T14:45:10.493+0000] {spark_submit.py:491} INFO - 26/04/03 14:45:10 WARN Utils: Service 'SparkUI' could not bind on port 4043. Attempting port 4044.
[2026-04-03T14:45:10.494+0000] {spark_submit.py:491} INFO - 26/04/03 14:45:10 WARN Utils: Service 'SparkUI' could not bind on port 4044. Attempting port 4045.
[2026-04-03T14:45:10.495+0000] {spark_submit.py:491} INFO - 26/04/03 14:45:10 WARN Utils: Service 'SparkUI' could not bind on port 4045. Attempting port 4046.
[2026-04-03T14:45:10.547+0000] {spark_submit.py:491} INFO - 26/04/03 14:45:10 INFO Utils: Successfully started service 'SparkUI' on port 4046.
[2026-04-03T14:45:10.678+0000] {spark_submit.py:491} INFO - 26/04/03 14:45:10 INFO SparkContext: Added JAR file:///opt/airflow/etl/jars/hadoop-aws-3.3.2.jar at spark://ff668b8b098e:44743/jars/hadoop-aws-3.3.2.jar with timestamp 1775227507550
[2026-04-03T14:45:10.680+0000] {spark_submit.py:491} INFO - 26/04/03 14:45:10 INFO SparkContext: Added JAR file:///opt/airflow/etl/jars/aws-java-sdk-bundle-1.11.1026.jar at spark://ff668b8b098e:44743/jars/aws-java-sdk-bundle-1.11.1026.jar with timestamp 1775227507550
[2026-04-03T14:45:10.680+0000] {spark_submit.py:491} INFO - 26/04/03 14:45:10 INFO SparkContext: Added JAR file:///opt/airflow/etl/jars/delta-core_2.12-2.3.0.jar at spark://ff668b8b098e:44743/jars/delta-core_2.12-2.3.0.jar with timestamp 1775227507550
[2026-04-03T14:45:10.681+0000] {spark_submit.py:491} INFO - 26/04/03 14:45:10 INFO SparkContext: Added JAR file:///opt/airflow/etl/jars/delta-storage-2.3.0.jar at spark://ff668b8b098e:44743/jars/delta-storage-2.3.0.jar with timestamp 1775227507550
[2026-04-03T14:45:11.121+0000] {spark_submit.py:491} INFO - 26/04/03 14:45:11 INFO StandaloneAppClient$ClientEndpoint: Connecting to master spark://spark-master:7077...
[2026-04-03T14:45:11.432+0000] {spark_submit.py:491} INFO - 26/04/03 14:45:11 INFO TransportClientFactory: Successfully created connection to spark-master/172.18.0.6:7077 after 197 ms (0 ms spent in bootstraps)
[2026-04-03T14:45:11.776+0000] {spark_submit.py:491} INFO - 26/04/03 14:45:11 INFO StandaloneSchedulerBackend: Connected to Spark cluster with app ID app-20260403144511-0035
[2026-04-03T14:45:11.790+0000] {spark_submit.py:491} INFO - 26/04/03 14:45:11 INFO Utils: Successfully started service 'org.apache.spark.network.netty.NettyBlockTransferService' on port 34165.
[2026-04-03T14:45:11.790+0000] {spark_submit.py:491} INFO - 26/04/03 14:45:11 INFO NettyBlockTransferService: Server created on ff668b8b098e:34165
[2026-04-03T14:45:11.795+0000] {spark_submit.py:491} INFO - 26/04/03 14:45:11 INFO BlockManager: Using org.apache.spark.storage.RandomBlockReplicationPolicy for block replication policy
[2026-04-03T14:45:11.811+0000] {spark_submit.py:491} INFO - 26/04/03 14:45:11 INFO BlockManagerMaster: Registering BlockManager BlockManagerId(driver, ff668b8b098e, 34165, None)
[2026-04-03T14:45:11.820+0000] {spark_submit.py:491} INFO - 26/04/03 14:45:11 INFO BlockManagerMasterEndpoint: Registering block manager ff668b8b098e:34165 with 434.4 MiB RAM, BlockManagerId(driver, ff668b8b098e, 34165, None)
[2026-04-03T14:45:11.825+0000] {spark_submit.py:491} INFO - 26/04/03 14:45:11 INFO BlockManagerMaster: Registered BlockManager BlockManagerId(driver, ff668b8b098e, 34165, None)
[2026-04-03T14:45:11.831+0000] {spark_submit.py:491} INFO - 26/04/03 14:45:11 INFO BlockManager: Initialized BlockManager: BlockManagerId(driver, ff668b8b098e, 34165, None)
[2026-04-03T14:45:12.498+0000] {spark_submit.py:491} INFO - 26/04/03 14:45:12 INFO StandaloneSchedulerBackend: SchedulerBackend is ready for scheduling beginning after reached minRegisteredResourcesRatio: 0.0
[2026-04-03T14:45:15.315+0000] {spark_submit.py:491} INFO - INFO:silver_processor: Bắt đầu xử lý lớp Silver cho bảng: orders | Chế độ CDC: True
[2026-04-03T14:45:15.316+0000] {spark_submit.py:491} INFO - INFO:silver_processor: Bắt đầu quét Data Nóng từ Bronze...
[2026-04-03T14:45:16.172+0000] {spark_submit.py:491} INFO - 26/04/03 14:45:16 WARN MetricsConfig: Cannot locate configuration: tried hadoop-metrics2-s3a-file-system.properties,hadoop-metrics2.properties
[2026-04-03T14:45:33.206+0000] {taskinstance.py:1937} ERROR - Task failed with exception
Traceback (most recent call last):
  File "/home/airflow/.local/lib/python3.10/site-packages/airflow/providers/apache/spark/operators/spark_submit.py", line 156, in execute
    self._hook.submit(self._application)
  File "/home/airflow/.local/lib/python3.10/site-packages/airflow/providers/apache/spark/hooks/spark_submit.py", line 422, in submit
    raise AirflowException(
airflow.exceptions.AirflowException: Cannot execute: spark-submit --master spark://spark-master:7077 --conf spark.sql.extensions=io.delta.sql.DeltaSparkSessionExtension --conf spark.sql.catalog.spark_catalog=org.apache.spark.sql.delta.catalog.DeltaCatalog --conf spark.databricks.delta.schema.autoMerge.enabled=true --jars /opt/airflow/etl/jars/hadoop-aws-3.3.2.jar,/opt/airflow/etl/jars/aws-java-sdk-bundle-1.11.1026.jar,/opt/airflow/etl/jars/delta-core_2.12-2.3.0.jar,/opt/airflow/etl/jars/delta-storage-2.3.0.jar --executor-cores 1 --executor-memory 1g --driver-memory 1g --name airflow_silver_orders /opt/airflow/etl/silver/main_silver.py --table_name orders --merge_key order_id --is_cdc true --json_schema order_id STRING, customer_id STRING, order_status STRING, order_purchase_timestamp STRING, order_approved_at STRING, order_delivered_carrier_date STRING, order_delivered_customer_date STRING, order_estimated_delivery_date STRING. Error code is: -9.
[2026-04-03T14:45:33.284+0000] {taskinstance.py:1400} INFO - Marking task as UP_FOR_RETRY. dag_id=silver_spark_processor, task_id=process_silver_orders, execution_date=20260402T000000, start_date=20260403T144457, end_date=20260403T144533
[2026-04-03T14:45:33.660+0000] {standard_task_runner.py:104} ERROR - Failed to execute job 603 for task process_silver_orders (Cannot execute: spark-submit --master spark://spark-master:7077 --conf spark.sql.extensions=io.delta.sql.DeltaSparkSessionExtension --conf spark.sql.catalog.spark_catalog=org.apache.spark.sql.delta.catalog.DeltaCatalog --conf spark.databricks.delta.schema.autoMerge.enabled=true --jars /opt/airflow/etl/jars/hadoop-aws-3.3.2.jar,/opt/airflow/etl/jars/aws-java-sdk-bundle-1.11.1026.jar,/opt/airflow/etl/jars/delta-core_2.12-2.3.0.jar,/opt/airflow/etl/jars/delta-storage-2.3.0.jar --executor-cores 1 --executor-memory 1g --driver-memory 1g --name airflow_silver_orders /opt/airflow/etl/silver/main_silver.py --table_name orders --merge_key order_id --is_cdc true --json_schema order_id STRING, customer_id STRING, order_status STRING, order_purchase_timestamp STRING, order_approved_at STRING, order_delivered_carrier_date STRING, order_delivered_customer_date STRING, order_estimated_delivery_date STRING. Error code is: -9.; 206)
[2026-04-03T14:45:33.744+0000] {local_task_job_runner.py:228} INFO - Task exited with return code 1
[2026-04-03T14:45:34.123+0000] {taskinstance.py:2778} INFO - 0 downstream tasks scheduled from follow-on schedule check
