[2026-04-02T10:24:11.992+0000] {taskinstance.py:1159} INFO - Dependencies all met for dep_context=non-requeueable deps ti=<TaskInstance: bronze_mysql_to_minio.extract_order_reviews manual__2026-04-02T04:03:31.543964+00:00 [queued]>
[2026-04-02T10:24:12.013+0000] {taskinstance.py:1159} INFO - Dependencies all met for dep_context=requeueable deps ti=<TaskInstance: bronze_mysql_to_minio.extract_order_reviews manual__2026-04-02T04:03:31.543964+00:00 [queued]>
[2026-04-02T10:24:12.013+0000] {taskinstance.py:1361} INFO - Starting attempt 1 of 2
[2026-04-02T10:24:12.043+0000] {taskinstance.py:1382} INFO - Executing <Task(PythonOperator): extract_order_reviews> on 2026-04-02 04:03:31.543964+00:00
[2026-04-02T10:24:12.061+0000] {standard_task_runner.py:57} INFO - Started process 428 to run task
[2026-04-02T10:24:12.067+0000] {standard_task_runner.py:84} INFO - Running: ['airflow', 'tasks', 'run', 'bronze_mysql_to_minio', 'extract_order_reviews', 'manual__2026-04-02T04:03:31.543964+00:00', '--job-id', '159', '--raw', '--subdir', 'DAGS_FOLDER/bronze_dag.py', '--cfg-path', '/tmp/tmpk_45ra9b']
[2026-04-02T10:24:12.072+0000] {standard_task_runner.py:85} INFO - Job 159: Subtask extract_order_reviews
[2026-04-02T10:24:12.204+0000] {task_command.py:416} INFO - Running <TaskInstance: bronze_mysql_to_minio.extract_order_reviews manual__2026-04-02T04:03:31.543964+00:00 [running]> on host 1115d2cb4d12
[2026-04-02T10:24:12.412+0000] {taskinstance.py:1662} INFO - Exporting env vars: AIRFLOW_CTX_DAG_OWNER='data-team' AIRFLOW_CTX_DAG_ID='bronze_mysql_to_minio' AIRFLOW_CTX_TASK_ID='extract_order_reviews' AIRFLOW_CTX_EXECUTION_DATE='2026-04-02T04:03:31.543964+00:00' AIRFLOW_CTX_TRY_NUMBER='1' AIRFLOW_CTX_DAG_RUN_ID='manual__2026-04-02T04:03:31.543964+00:00'
[2026-04-02T10:24:12.464+0000] {extract_mysql.py:139} INFO - [order_reviews] Lần chạy đầu tiên -> Kích hoạt FULL LOAD
[2026-04-02T10:24:12.465+0000] {extract_mysql.py:32} INFO - [order_reviews] Full Load | Query: SELECT * FROM order_reviews;
[2026-04-02T10:24:15.615+0000] {extract_mysql.py:35} INFO - [order_reviews] Đã đọc: 99224 dòng x 9 cột
[2026-04-02T10:24:15.863+0000] {extract_mysql.py:38} INFO - [order_reviews] Đã lưu MinIO: bronze/olist/order_reviews/year=2026/month=04/day=02/order_reviews_20260402_000000.parquet
[2026-04-02T10:24:15.864+0000] {bronze_dag.py:86} INFO -  extract_order_reviews | {'table': 'order_reviews', 'layer': 'bronze', 'schema': 'olist', 'row_count': 99224, 'column_count': 9, 'columns': ['review_id', 'order_id', 'review_score', 'review_comment_title', 'review_comment_message', 'review_creation_date', 'review_answer_timestamp', 'created_date', 'last_modified_date'], 'minio_path': 'bronze/olist/order_reviews/year=2026/month=04/day=02/order_reviews_20260402_000000.parquet', 'mode': 'full'}
[2026-04-02T10:24:15.873+0000] {crypto.py:82} WARNING - empty cryptography key - values will not be stored encrypted.
[2026-04-02T10:24:15.876+0000] {bronze_dag.py:93} INFO -  Đã cập nhật watermark cho 'order_reviews' thành: 2026-04-02 00:00:00
[2026-04-02T10:24:15.877+0000] {python.py:194} INFO - Done. Returned value was: {'table': 'order_reviews', 'layer': 'bronze', 'schema': 'olist', 'row_count': 99224, 'column_count': 9, 'columns': ['review_id', 'order_id', 'review_score', 'review_comment_title', 'review_comment_message', 'review_creation_date', 'review_answer_timestamp', 'created_date', 'last_modified_date'], 'minio_path': 'bronze/olist/order_reviews/year=2026/month=04/day=02/order_reviews_20260402_000000.parquet', 'mode': 'full'}
[2026-04-02T10:24:15.908+0000] {taskinstance.py:1400} INFO - Marking task as SUCCESS. dag_id=bronze_mysql_to_minio, task_id=extract_order_reviews, execution_date=20260402T040331, start_date=20260402T102411, end_date=20260402T102415
[2026-04-02T10:24:15.976+0000] {local_task_job_runner.py:228} INFO - Task exited with return code 0
[2026-04-02T10:24:16.002+0000] {taskinstance.py:2778} INFO - 0 downstream tasks scheduled from follow-on schedule check
