[2026-04-03T14:45:43.432+0000] {taskinstance.py:1159} INFO - Dependencies all met for dep_context=non-requeueable deps ti=<TaskInstance: silver_spark_processor.process_silver_product_category_name_translation scheduled__2026-04-01T00:00:00+00:00 [queued]>
[2026-04-03T14:45:43.452+0000] {taskinstance.py:1159} INFO - Dependencies all met for dep_context=requeueable deps ti=<TaskInstance: silver_spark_processor.process_silver_product_category_name_translation scheduled__2026-04-01T00:00:00+00:00 [queued]>
[2026-04-03T14:45:43.452+0000] {taskinstance.py:1361} INFO - Starting attempt 8 of 8
[2026-04-03T14:45:43.483+0000] {taskinstance.py:1382} INFO - Executing <Task(SparkSubmitOperator): process_silver_product_category_name_translation> on 2026-04-01 00:00:00+00:00
[2026-04-03T14:45:43.496+0000] {standard_task_runner.py:57} INFO - Started process 2206 to run task
[2026-04-03T14:45:43.538+0000] {standard_task_runner.py:84} INFO - Running: ['airflow', 'tasks', 'run', 'silver_spark_processor', 'process_silver_product_category_name_translation', 'scheduled__2026-04-01T00:00:00+00:00', '--job-id', '614', '--raw', '--subdir', 'DAGS_FOLDER/silver_processor_dag.py', '--cfg-path', '/tmp/tmp7wejgtrm']
[2026-04-03T14:45:43.547+0000] {standard_task_runner.py:85} INFO - Job 614: Subtask process_silver_product_category_name_translation
[2026-04-03T14:45:43.676+0000] {task_command.py:416} INFO - Running <TaskInstance: silver_spark_processor.process_silver_product_category_name_translation scheduled__2026-04-01T00:00:00+00:00 [running]> on host ff668b8b098e
[2026-04-03T14:45:43.833+0000] {taskinstance.py:1662} INFO - Exporting env vars: AIRFLOW_CTX_DAG_OWNER='data-team' AIRFLOW_CTX_DAG_ID='silver_spark_processor' AIRFLOW_CTX_TASK_ID='process_silver_product_category_name_translation' AIRFLOW_CTX_EXECUTION_DATE='2026-04-01T00:00:00+00:00' AIRFLOW_CTX_TRY_NUMBER='8' AIRFLOW_CTX_DAG_RUN_ID='scheduled__2026-04-01T00:00:00+00:00'
[2026-04-03T14:45:43.862+0000] {base.py:73} INFO - Using connection ID 'spark_default' for task execution.
[2026-04-03T14:45:43.864+0000] {spark_submit.py:340} INFO - Spark-Submit cmd: spark-submit --master spark://spark-master:7077 --conf spark.sql.extensions=io.delta.sql.DeltaSparkSessionExtension --conf spark.sql.catalog.spark_catalog=org.apache.spark.sql.delta.catalog.DeltaCatalog --conf spark.databricks.delta.schema.autoMerge.enabled=true --jars /opt/airflow/etl/jars/hadoop-aws-3.3.2.jar,/opt/airflow/etl/jars/aws-java-sdk-bundle-1.11.1026.jar,/opt/airflow/etl/jars/delta-core_2.12-2.3.0.jar,/opt/airflow/etl/jars/delta-storage-2.3.0.jar --executor-cores 1 --executor-memory 1g --driver-memory 1g --name airflow_silver_product_category_name_translation /opt/airflow/etl/silver/main_silver.py --table_name product_category_name_translation --merge_key product_category_name --is_cdc false --json_schema 
[2026-04-03T14:45:44.153+0000] {spark_submit.py:491} INFO - /home/airflow/.local/lib/python3.10/site-packages/pyspark/bin/load-spark-env.sh: line 68: ps: command not found
[2026-04-03T14:45:49.417+0000] {spark_submit.py:491} INFO - 26/04/03 14:45:49 WARN NativeCodeLoader: Unable to load native-hadoop library for your platform... using builtin-java classes where applicable
[2026-04-03T14:45:51.287+0000] {spark_submit.py:491} INFO - INFO:__main__:Khởi tạo Spark Job cho bảng: product_category_name_translation
[2026-04-03T14:45:51.437+0000] {spark_submit.py:491} INFO - 26/04/03 14:45:51 INFO SparkContext: Running Spark version 3.3.2
[2026-04-03T14:45:51.485+0000] {spark_submit.py:491} INFO - 26/04/03 14:45:51 INFO ResourceUtils: ==============================================================
[2026-04-03T14:45:51.486+0000] {spark_submit.py:491} INFO - 26/04/03 14:45:51 INFO ResourceUtils: No custom resources configured for spark.driver.
[2026-04-03T14:45:51.486+0000] {spark_submit.py:491} INFO - 26/04/03 14:45:51 INFO ResourceUtils: ==============================================================
[2026-04-03T14:45:51.487+0000] {spark_submit.py:491} INFO - 26/04/03 14:45:51 INFO SparkContext: Submitted application: <class 'pyspark.sql.session.SparkSession'>
[2026-04-03T14:45:51.517+0000] {spark_submit.py:491} INFO - 26/04/03 14:45:51 INFO ResourceProfile: Default ResourceProfile created, executor resources: Map(cores -> name: cores, amount: 1, script: , vendor: , memory -> name: memory, amount: 1024, script: , vendor: , offHeap -> name: offHeap, amount: 0, script: , vendor: ), task resources: Map(cpus -> name: cpus, amount: 1.0)
[2026-04-03T14:45:51.536+0000] {spark_submit.py:491} INFO - 26/04/03 14:45:51 INFO ResourceProfile: Limiting resource is cpus at 1 tasks per executor
[2026-04-03T14:45:51.539+0000] {spark_submit.py:491} INFO - 26/04/03 14:45:51 INFO ResourceProfileManager: Added ResourceProfile id: 0
[2026-04-03T14:45:51.632+0000] {spark_submit.py:491} INFO - 26/04/03 14:45:51 INFO SecurityManager: Changing view acls to: airflow
[2026-04-03T14:45:51.633+0000] {spark_submit.py:491} INFO - 26/04/03 14:45:51 INFO SecurityManager: Changing modify acls to: airflow
[2026-04-03T14:45:51.634+0000] {spark_submit.py:491} INFO - 26/04/03 14:45:51 INFO SecurityManager: Changing view acls groups to:
[2026-04-03T14:45:51.635+0000] {spark_submit.py:491} INFO - 26/04/03 14:45:51 INFO SecurityManager: Changing modify acls groups to:
[2026-04-03T14:45:51.636+0000] {spark_submit.py:491} INFO - 26/04/03 14:45:51 INFO SecurityManager: SecurityManager: authentication disabled; ui acls disabled; users  with view permissions: Set(airflow); groups with view permissions: Set(); users  with modify permissions: Set(airflow); groups with modify permissions: Set()
[2026-04-03T14:45:52.089+0000] {spark_submit.py:491} INFO - 26/04/03 14:45:52 INFO Utils: Successfully started service 'sparkDriver' on port 43251.
[2026-04-03T14:45:52.132+0000] {spark_submit.py:491} INFO - 26/04/03 14:45:52 INFO SparkEnv: Registering MapOutputTracker
[2026-04-03T14:45:52.196+0000] {spark_submit.py:491} INFO - 26/04/03 14:45:52 INFO SparkEnv: Registering BlockManagerMaster
[2026-04-03T14:45:52.230+0000] {spark_submit.py:491} INFO - 26/04/03 14:45:52 INFO BlockManagerMasterEndpoint: Using org.apache.spark.storage.DefaultTopologyMapper for getting topology information
[2026-04-03T14:45:52.231+0000] {spark_submit.py:491} INFO - 26/04/03 14:45:52 INFO BlockManagerMasterEndpoint: BlockManagerMasterEndpoint up
[2026-04-03T14:45:52.236+0000] {spark_submit.py:491} INFO - 26/04/03 14:45:52 INFO SparkEnv: Registering BlockManagerMasterHeartbeat
[2026-04-03T14:45:52.260+0000] {spark_submit.py:491} INFO - 26/04/03 14:45:52 INFO DiskBlockManager: Created local directory at /tmp/blockmgr-517626cd-4e01-4e9f-ad08-e7138c4405ba
[2026-04-03T14:45:52.287+0000] {spark_submit.py:491} INFO - 26/04/03 14:45:52 INFO MemoryStore: MemoryStore started with capacity 434.4 MiB
[2026-04-03T14:45:52.312+0000] {spark_submit.py:491} INFO - 26/04/03 14:45:52 INFO SparkEnv: Registering OutputCommitCoordinator
[2026-04-03T14:45:52.601+0000] {spark_submit.py:491} INFO - 26/04/03 14:45:52 WARN Utils: Service 'SparkUI' could not bind on port 4040. Attempting port 4041.
[2026-04-03T14:45:52.602+0000] {spark_submit.py:491} INFO - 26/04/03 14:45:52 WARN Utils: Service 'SparkUI' could not bind on port 4041. Attempting port 4042.
[2026-04-03T14:45:52.603+0000] {spark_submit.py:491} INFO - 26/04/03 14:45:52 WARN Utils: Service 'SparkUI' could not bind on port 4042. Attempting port 4043.
[2026-04-03T14:45:52.604+0000] {spark_submit.py:491} INFO - 26/04/03 14:45:52 WARN Utils: Service 'SparkUI' could not bind on port 4043. Attempting port 4044.
[2026-04-03T14:45:52.604+0000] {spark_submit.py:491} INFO - 26/04/03 14:45:52 WARN Utils: Service 'SparkUI' could not bind on port 4044. Attempting port 4045.
[2026-04-03T14:45:52.605+0000] {spark_submit.py:491} INFO - 26/04/03 14:45:52 WARN Utils: Service 'SparkUI' could not bind on port 4045. Attempting port 4046.
[2026-04-03T14:45:52.606+0000] {spark_submit.py:491} INFO - 26/04/03 14:45:52 WARN Utils: Service 'SparkUI' could not bind on port 4046. Attempting port 4047.
[2026-04-03T14:45:52.622+0000] {spark_submit.py:491} INFO - 26/04/03 14:45:52 INFO Utils: Successfully started service 'SparkUI' on port 4047.
[2026-04-03T14:45:52.670+0000] {spark_submit.py:491} INFO - 26/04/03 14:45:52 INFO SparkContext: Added JAR file:///opt/airflow/etl/jars/hadoop-aws-3.3.2.jar at spark://ff668b8b098e:43251/jars/hadoop-aws-3.3.2.jar with timestamp 1775227551423
[2026-04-03T14:45:52.670+0000] {spark_submit.py:491} INFO - 26/04/03 14:45:52 INFO SparkContext: Added JAR file:///opt/airflow/etl/jars/aws-java-sdk-bundle-1.11.1026.jar at spark://ff668b8b098e:43251/jars/aws-java-sdk-bundle-1.11.1026.jar with timestamp 1775227551423
[2026-04-03T14:45:52.671+0000] {spark_submit.py:491} INFO - 26/04/03 14:45:52 INFO SparkContext: Added JAR file:///opt/airflow/etl/jars/delta-core_2.12-2.3.0.jar at spark://ff668b8b098e:43251/jars/delta-core_2.12-2.3.0.jar with timestamp 1775227551423
[2026-04-03T14:45:52.671+0000] {spark_submit.py:491} INFO - 26/04/03 14:45:52 INFO SparkContext: Added JAR file:///opt/airflow/etl/jars/delta-storage-2.3.0.jar at spark://ff668b8b098e:43251/jars/delta-storage-2.3.0.jar with timestamp 1775227551423
[2026-04-03T14:45:52.843+0000] {spark_submit.py:491} INFO - 26/04/03 14:45:52 INFO StandaloneAppClient$ClientEndpoint: Connecting to master spark://spark-master:7077...
[2026-04-03T14:45:52.944+0000] {spark_submit.py:491} INFO - 26/04/03 14:45:52 INFO TransportClientFactory: Successfully created connection to spark-master/172.18.0.6:7077 after 62 ms (0 ms spent in bootstraps)
[2026-04-03T14:45:53.137+0000] {spark_submit.py:491} INFO - 26/04/03 14:45:53 INFO StandaloneSchedulerBackend: Connected to Spark cluster with app ID app-20260403144553-0043
[2026-04-03T14:45:53.147+0000] {spark_submit.py:491} INFO - 26/04/03 14:45:53 INFO Utils: Successfully started service 'org.apache.spark.network.netty.NettyBlockTransferService' on port 37669.
[2026-04-03T14:45:53.148+0000] {spark_submit.py:491} INFO - 26/04/03 14:45:53 INFO NettyBlockTransferService: Server created on ff668b8b098e:37669
[2026-04-03T14:45:53.152+0000] {spark_submit.py:491} INFO - 26/04/03 14:45:53 INFO BlockManager: Using org.apache.spark.storage.RandomBlockReplicationPolicy for block replication policy
[2026-04-03T14:45:53.165+0000] {spark_submit.py:491} INFO - 26/04/03 14:45:53 INFO BlockManagerMaster: Registering BlockManager BlockManagerId(driver, ff668b8b098e, 37669, None)
[2026-04-03T14:45:53.172+0000] {spark_submit.py:491} INFO - 26/04/03 14:45:53 INFO BlockManagerMasterEndpoint: Registering block manager ff668b8b098e:37669 with 434.4 MiB RAM, BlockManagerId(driver, ff668b8b098e, 37669, None)
[2026-04-03T14:45:53.176+0000] {spark_submit.py:491} INFO - 26/04/03 14:45:53 INFO BlockManagerMaster: Registered BlockManager BlockManagerId(driver, ff668b8b098e, 37669, None)
[2026-04-03T14:45:53.178+0000] {spark_submit.py:491} INFO - 26/04/03 14:45:53 INFO BlockManager: Initialized BlockManager: BlockManagerId(driver, ff668b8b098e, 37669, None)
[2026-04-03T14:45:53.591+0000] {spark_submit.py:491} INFO - 26/04/03 14:45:53 INFO StandaloneSchedulerBackend: SchedulerBackend is ready for scheduling beginning after reached minRegisteredResourcesRatio: 0.0
[2026-04-03T14:45:55.101+0000] {spark_submit.py:491} INFO - INFO:silver_processor: Bắt đầu xử lý lớp Silver cho bảng: product_category_name_translation | Chế độ CDC: False
[2026-04-03T14:45:55.102+0000] {spark_submit.py:491} INFO - INFO:silver_processor: Bắt đầu quét Data Nóng từ Bronze...
[2026-04-03T14:45:55.409+0000] {spark_submit.py:491} INFO - 26/04/03 14:45:55 WARN MetricsConfig: Cannot locate configuration: tried hadoop-metrics2-s3a-file-system.properties,hadoop-metrics2.properties
[2026-04-03T14:48:50.669+0000] {local_task_job_runner.py:115} ERROR - Received SIGTERM. Terminating subprocesses
[2026-04-03T14:48:50.674+0000] {process_utils.py:131} INFO - Sending 15 to group 2206. PIDs of all processes in the group: [2228, 2386, 2206]
[2026-04-03T14:48:50.675+0000] {process_utils.py:86} INFO - Sending the signal 15 to group 2206
[2026-04-03T14:48:50.676+0000] {taskinstance.py:1632} ERROR - Received SIGTERM. Terminating subprocesses.
[2026-04-03T14:48:50.676+0000] {spark_submit.py:618} INFO - Sending kill signal to spark-submit
[2026-04-03T14:48:50.747+0000] {taskinstance.py:1937} ERROR - Task failed with exception
Traceback (most recent call last):
  File "/home/airflow/.local/lib/python3.10/site-packages/airflow/providers/apache/spark/operators/spark_submit.py", line 156, in execute
    self._hook.submit(self._application)
  File "/home/airflow/.local/lib/python3.10/site-packages/airflow/providers/apache/spark/hooks/spark_submit.py", line 410, in submit
    self._process_spark_submit_log(iter(self._submit_sp.stdout))  # type: ignore
  File "/home/airflow/.local/lib/python3.10/site-packages/airflow/providers/apache/spark/hooks/spark_submit.py", line 459, in _process_spark_submit_log
    for line in itr:
  File "/home/airflow/.local/lib/python3.10/site-packages/airflow/models/taskinstance.py", line 1634, in signal_handler
    raise AirflowException("Task received SIGTERM signal")
airflow.exceptions.AirflowException: Task received SIGTERM signal
[2026-04-03T14:48:50.795+0000] {taskinstance.py:1400} INFO - Marking task as FAILED. dag_id=silver_spark_processor, task_id=process_silver_product_category_name_translation, execution_date=20260401T000000, start_date=20260403T144543, end_date=20260403T144850
[2026-04-03T14:48:50.842+0000] {standard_task_runner.py:104} ERROR - Failed to execute job 614 for task process_silver_product_category_name_translation (Task received SIGTERM signal; 2206)
[2026-04-03T14:48:50.899+0000] {process_utils.py:79} INFO - Process psutil.Process(pid=2206, status='terminated', exitcode=1, started='14:45:43') (2206) terminated with exit code 1
[2026-04-03T14:48:50.900+0000] {process_utils.py:79} INFO - Process psutil.Process(pid=2228, status='terminated', started='14:45:43') (2228) terminated with exit code None
[2026-04-03T14:48:50.901+0000] {process_utils.py:79} INFO - Process psutil.Process(pid=2386, status='terminated', started='14:45:49') (2386) terminated with exit code None
[2026-04-03T14:48:50.901+0000] {local_task_job_runner.py:228} INFO - Task exited with return code 143
[2026-04-03T14:48:50.933+0000] {taskinstance.py:2778} INFO - 0 downstream tasks scheduled from follow-on schedule check
[2026-04-03T14:48:53.053+0000] {local_task_job_runner.py:115} ERROR - Received SIGTERM. Terminating subprocesses
[2026-04-03T14:48:53.054+0000] {local_task_job_runner.py:228} INFO - Task exited with return code 143
