[2026-04-03T14:40:01.277+0000] {taskinstance.py:1159} INFO - Dependencies all met for dep_context=non-requeueable deps ti=<TaskInstance: silver_spark_processor.process_silver_product_category_name_translation scheduled__2026-04-01T00:00:00+00:00 [queued]>
[2026-04-03T14:40:01.292+0000] {taskinstance.py:1159} INFO - Dependencies all met for dep_context=requeueable deps ti=<TaskInstance: silver_spark_processor.process_silver_product_category_name_translation scheduled__2026-04-01T00:00:00+00:00 [queued]>
[2026-04-03T14:40:01.293+0000] {taskinstance.py:1361} INFO - Starting attempt 7 of 8
[2026-04-03T14:40:01.330+0000] {taskinstance.py:1382} INFO - Executing <Task(SparkSubmitOperator): process_silver_product_category_name_translation> on 2026-04-01 00:00:00+00:00
[2026-04-03T14:40:01.342+0000] {standard_task_runner.py:57} INFO - Started process 2027 to run task
[2026-04-03T14:40:01.348+0000] {standard_task_runner.py:84} INFO - Running: ['airflow', 'tasks', 'run', 'silver_spark_processor', 'process_silver_product_category_name_translation', 'scheduled__2026-04-01T00:00:00+00:00', '--job-id', '588', '--raw', '--subdir', 'DAGS_FOLDER/silver_processor_dag.py', '--cfg-path', '/tmp/tmpeccmt_of']
[2026-04-03T14:40:01.352+0000] {standard_task_runner.py:85} INFO - Job 588: Subtask process_silver_product_category_name_translation
[2026-04-03T14:40:01.437+0000] {task_command.py:416} INFO - Running <TaskInstance: silver_spark_processor.process_silver_product_category_name_translation scheduled__2026-04-01T00:00:00+00:00 [running]> on host e516154efc74
[2026-04-03T14:40:01.660+0000] {taskinstance.py:1662} INFO - Exporting env vars: AIRFLOW_CTX_DAG_OWNER='data-team' AIRFLOW_CTX_DAG_ID='silver_spark_processor' AIRFLOW_CTX_TASK_ID='process_silver_product_category_name_translation' AIRFLOW_CTX_EXECUTION_DATE='2026-04-01T00:00:00+00:00' AIRFLOW_CTX_TRY_NUMBER='7' AIRFLOW_CTX_DAG_RUN_ID='scheduled__2026-04-01T00:00:00+00:00'
[2026-04-03T14:40:01.678+0000] {base.py:73} INFO - Using connection ID 'spark_default' for task execution.
[2026-04-03T14:40:01.680+0000] {spark_submit.py:340} INFO - Spark-Submit cmd: spark-submit --master spark://spark-master:7077 --conf spark.sql.extensions=io.delta.sql.DeltaSparkSessionExtension --conf spark.sql.catalog.spark_catalog=org.apache.spark.sql.delta.catalog.DeltaCatalog --conf spark.databricks.delta.schema.autoMerge.enabled=true --jars /opt/airflow/etl/jars/hadoop-aws-3.3.2.jar,/opt/airflow/etl/jars/aws-java-sdk-bundle-1.11.1026.jar,/opt/airflow/etl/jars/delta-core_2.12-2.3.0.jar,/opt/airflow/etl/jars/delta-storage-2.3.0.jar --executor-cores 1 --executor-memory 1g --driver-memory 1g --name airflow_silver_product_category_name_translation /opt/airflow/etl/silver/main_silver.py --table_name product_category_name_translation --merge_key product_category_name --is_cdc false --json_schema 
[2026-04-03T14:40:01.913+0000] {spark_submit.py:491} INFO - /home/airflow/.local/lib/python3.10/site-packages/pyspark/bin/load-spark-env.sh: line 68: ps: command not found
[2026-04-03T14:40:08.923+0000] {spark_submit.py:491} INFO - 26/04/03 14:40:08 WARN NativeCodeLoader: Unable to load native-hadoop library for your platform... using builtin-java classes where applicable
[2026-04-03T14:40:11.480+0000] {spark_submit.py:491} INFO - INFO:__main__:Khởi tạo Spark Job cho bảng: product_category_name_translation
[2026-04-03T14:40:11.795+0000] {spark_submit.py:491} INFO - 26/04/03 14:40:11 INFO SparkContext: Running Spark version 3.3.2
[2026-04-03T14:40:11.902+0000] {spark_submit.py:491} INFO - 26/04/03 14:40:11 INFO ResourceUtils: ==============================================================
[2026-04-03T14:40:11.905+0000] {spark_submit.py:491} INFO - 26/04/03 14:40:11 INFO ResourceUtils: No custom resources configured for spark.driver.
[2026-04-03T14:40:11.909+0000] {spark_submit.py:491} INFO - 26/04/03 14:40:11 INFO ResourceUtils: ==============================================================
[2026-04-03T14:40:11.918+0000] {spark_submit.py:491} INFO - 26/04/03 14:40:11 INFO SparkContext: Submitted application: <class 'pyspark.sql.session.SparkSession'>
[2026-04-03T14:40:12.010+0000] {spark_submit.py:491} INFO - 26/04/03 14:40:12 INFO ResourceProfile: Default ResourceProfile created, executor resources: Map(cores -> name: cores, amount: 1, script: , vendor: , memory -> name: memory, amount: 1024, script: , vendor: , offHeap -> name: offHeap, amount: 0, script: , vendor: ), task resources: Map(cpus -> name: cpus, amount: 1.0)
[2026-04-03T14:40:12.099+0000] {spark_submit.py:491} INFO - 26/04/03 14:40:12 INFO ResourceProfile: Limiting resource is cpus at 1 tasks per executor
[2026-04-03T14:40:12.108+0000] {spark_submit.py:491} INFO - 26/04/03 14:40:12 INFO ResourceProfileManager: Added ResourceProfile id: 0
[2026-04-03T14:40:12.407+0000] {spark_submit.py:491} INFO - 26/04/03 14:40:12 INFO SecurityManager: Changing view acls to: airflow
[2026-04-03T14:40:12.410+0000] {spark_submit.py:491} INFO - 26/04/03 14:40:12 INFO SecurityManager: Changing modify acls to: airflow
[2026-04-03T14:40:12.415+0000] {spark_submit.py:491} INFO - 26/04/03 14:40:12 INFO SecurityManager: Changing view acls groups to:
[2026-04-03T14:40:12.418+0000] {spark_submit.py:491} INFO - 26/04/03 14:40:12 INFO SecurityManager: Changing modify acls groups to:
[2026-04-03T14:40:12.423+0000] {spark_submit.py:491} INFO - 26/04/03 14:40:12 INFO SecurityManager: SecurityManager: authentication disabled; ui acls disabled; users  with view permissions: Set(airflow); groups with view permissions: Set(); users  with modify permissions: Set(airflow); groups with modify permissions: Set()
[2026-04-03T14:40:14.748+0000] {spark_submit.py:491} INFO - 26/04/03 14:40:14 INFO Utils: Successfully started service 'sparkDriver' on port 45419.
[2026-04-03T14:40:14.875+0000] {spark_submit.py:491} INFO - 26/04/03 14:40:14 INFO SparkEnv: Registering MapOutputTracker
[2026-04-03T14:40:15.003+0000] {spark_submit.py:491} INFO - 26/04/03 14:40:15 INFO SparkEnv: Registering BlockManagerMaster
[2026-04-03T14:40:15.090+0000] {spark_submit.py:491} INFO - 26/04/03 14:40:15 INFO BlockManagerMasterEndpoint: Using org.apache.spark.storage.DefaultTopologyMapper for getting topology information
[2026-04-03T14:40:15.095+0000] {spark_submit.py:491} INFO - 26/04/03 14:40:15 INFO BlockManagerMasterEndpoint: BlockManagerMasterEndpoint up
[2026-04-03T14:40:15.109+0000] {spark_submit.py:491} INFO - 26/04/03 14:40:15 INFO SparkEnv: Registering BlockManagerMasterHeartbeat
[2026-04-03T14:40:15.157+0000] {spark_submit.py:491} INFO - 26/04/03 14:40:15 INFO DiskBlockManager: Created local directory at /tmp/blockmgr-d9372827-6a48-4729-b97e-ceb4acef3d21
[2026-04-03T14:40:15.209+0000] {spark_submit.py:491} INFO - 26/04/03 14:40:15 INFO MemoryStore: MemoryStore started with capacity 434.4 MiB
[2026-04-03T14:40:15.250+0000] {spark_submit.py:491} INFO - 26/04/03 14:40:15 INFO SparkEnv: Registering OutputCommitCoordinator
[2026-04-03T14:40:15.836+0000] {spark_submit.py:491} INFO - 26/04/03 14:40:15 WARN Utils: Service 'SparkUI' could not bind on port 4040. Attempting port 4041.
[2026-04-03T14:40:15.838+0000] {spark_submit.py:491} INFO - 26/04/03 14:40:15 WARN Utils: Service 'SparkUI' could not bind on port 4041. Attempting port 4042.
[2026-04-03T14:40:15.838+0000] {spark_submit.py:491} INFO - 26/04/03 14:40:15 WARN Utils: Service 'SparkUI' could not bind on port 4042. Attempting port 4043.
[2026-04-03T14:40:15.842+0000] {spark_submit.py:491} INFO - 26/04/03 14:40:15 WARN Utils: Service 'SparkUI' could not bind on port 4043. Attempting port 4044.
[2026-04-03T14:40:15.843+0000] {spark_submit.py:491} INFO - 26/04/03 14:40:15 WARN Utils: Service 'SparkUI' could not bind on port 4044. Attempting port 4045.
[2026-04-03T14:40:15.846+0000] {spark_submit.py:491} INFO - 26/04/03 14:40:15 WARN Utils: Service 'SparkUI' could not bind on port 4045. Attempting port 4046.
[2026-04-03T14:40:15.948+0000] {spark_submit.py:491} INFO - 26/04/03 14:40:15 INFO Utils: Successfully started service 'SparkUI' on port 4046.
[2026-04-03T14:40:16.599+0000] {spark_submit.py:491} INFO - 26/04/03 14:40:16 INFO SparkContext: Added JAR file:///opt/airflow/etl/jars/hadoop-aws-3.3.2.jar at spark://e516154efc74:45419/jars/hadoop-aws-3.3.2.jar with timestamp 1775227211755
[2026-04-03T14:40:16.603+0000] {spark_submit.py:491} INFO - 26/04/03 14:40:16 INFO SparkContext: Added JAR file:///opt/airflow/etl/jars/aws-java-sdk-bundle-1.11.1026.jar at spark://e516154efc74:45419/jars/aws-java-sdk-bundle-1.11.1026.jar with timestamp 1775227211755
[2026-04-03T14:40:16.604+0000] {spark_submit.py:491} INFO - 26/04/03 14:40:16 INFO SparkContext: Added JAR file:///opt/airflow/etl/jars/delta-core_2.12-2.3.0.jar at spark://e516154efc74:45419/jars/delta-core_2.12-2.3.0.jar with timestamp 1775227211755
[2026-04-03T14:40:16.606+0000] {spark_submit.py:491} INFO - 26/04/03 14:40:16 INFO SparkContext: Added JAR file:///opt/airflow/etl/jars/delta-storage-2.3.0.jar at spark://e516154efc74:45419/jars/delta-storage-2.3.0.jar with timestamp 1775227211755
[2026-04-03T14:40:16.966+0000] {spark_submit.py:491} INFO - 26/04/03 14:40:16 INFO StandaloneAppClient$ClientEndpoint: Connecting to master spark://spark-master:7077...
[2026-04-03T14:40:17.200+0000] {spark_submit.py:491} INFO - 26/04/03 14:40:17 INFO TransportClientFactory: Successfully created connection to spark-master/172.18.0.6:7077 after 105 ms (0 ms spent in bootstraps)
[2026-04-03T14:40:17.634+0000] {spark_submit.py:491} INFO - 26/04/03 14:40:17 INFO StandaloneSchedulerBackend: Connected to Spark cluster with app ID app-20260403144017-0016
[2026-04-03T14:40:17.656+0000] {spark_submit.py:491} INFO - 26/04/03 14:40:17 INFO Utils: Successfully started service 'org.apache.spark.network.netty.NettyBlockTransferService' on port 38445.
[2026-04-03T14:40:17.657+0000] {spark_submit.py:491} INFO - 26/04/03 14:40:17 INFO NettyBlockTransferService: Server created on e516154efc74:38445
[2026-04-03T14:40:17.665+0000] {spark_submit.py:491} INFO - 26/04/03 14:40:17 INFO BlockManager: Using org.apache.spark.storage.RandomBlockReplicationPolicy for block replication policy
[2026-04-03T14:40:17.694+0000] {spark_submit.py:491} INFO - 26/04/03 14:40:17 INFO BlockManagerMaster: Registering BlockManager BlockManagerId(driver, e516154efc74, 38445, None)
[2026-04-03T14:40:17.703+0000] {spark_submit.py:491} INFO - 26/04/03 14:40:17 INFO BlockManagerMasterEndpoint: Registering block manager e516154efc74:38445 with 434.4 MiB RAM, BlockManagerId(driver, e516154efc74, 38445, None)
[2026-04-03T14:40:17.709+0000] {spark_submit.py:491} INFO - 26/04/03 14:40:17 INFO BlockManagerMaster: Registered BlockManager BlockManagerId(driver, e516154efc74, 38445, None)
[2026-04-03T14:40:17.710+0000] {spark_submit.py:491} INFO - 26/04/03 14:40:17 INFO BlockManager: Initialized BlockManager: BlockManagerId(driver, e516154efc74, 38445, None)
[2026-04-03T14:40:18.352+0000] {spark_submit.py:491} INFO - 26/04/03 14:40:18 INFO StandaloneSchedulerBackend: SchedulerBackend is ready for scheduling beginning after reached minRegisteredResourcesRatio: 0.0
[2026-04-03T14:40:20.877+0000] {spark_submit.py:491} INFO - INFO:silver_processor: Bắt đầu xử lý lớp Silver cho bảng: product_category_name_translation | Chế độ CDC: False
[2026-04-03T14:40:20.888+0000] {spark_submit.py:491} INFO - INFO:silver_processor: Bắt đầu quét Data Nóng từ Bronze...
[2026-04-03T14:40:21.758+0000] {spark_submit.py:491} INFO - 26/04/03 14:40:21 WARN MetricsConfig: Cannot locate configuration: tried hadoop-metrics2-s3a-file-system.properties,hadoop-metrics2.properties
[2026-04-03T14:40:40.296+0000] {taskinstance.py:1937} ERROR - Task failed with exception
Traceback (most recent call last):
  File "/home/airflow/.local/lib/python3.10/site-packages/airflow/providers/apache/spark/operators/spark_submit.py", line 156, in execute
    self._hook.submit(self._application)
  File "/home/airflow/.local/lib/python3.10/site-packages/airflow/providers/apache/spark/hooks/spark_submit.py", line 422, in submit
    raise AirflowException(
airflow.exceptions.AirflowException: Cannot execute: spark-submit --master spark://spark-master:7077 --conf spark.sql.extensions=io.delta.sql.DeltaSparkSessionExtension --conf spark.sql.catalog.spark_catalog=org.apache.spark.sql.delta.catalog.DeltaCatalog --conf spark.databricks.delta.schema.autoMerge.enabled=true --jars /opt/airflow/etl/jars/hadoop-aws-3.3.2.jar,/opt/airflow/etl/jars/aws-java-sdk-bundle-1.11.1026.jar,/opt/airflow/etl/jars/delta-core_2.12-2.3.0.jar,/opt/airflow/etl/jars/delta-storage-2.3.0.jar --executor-cores 1 --executor-memory 1g --driver-memory 1g --name airflow_silver_product_category_name_translation /opt/airflow/etl/silver/main_silver.py --table_name product_category_name_translation --merge_key product_category_name --is_cdc false --json_schema . Error code is: -9.
[2026-04-03T14:40:40.415+0000] {taskinstance.py:1400} INFO - Marking task as UP_FOR_RETRY. dag_id=silver_spark_processor, task_id=process_silver_product_category_name_translation, execution_date=20260401T000000, start_date=20260403T144001, end_date=20260403T144040
[2026-04-03T14:40:40.741+0000] {standard_task_runner.py:104} ERROR - Failed to execute job 588 for task process_silver_product_category_name_translation (Cannot execute: spark-submit --master spark://spark-master:7077 --conf spark.sql.extensions=io.delta.sql.DeltaSparkSessionExtension --conf spark.sql.catalog.spark_catalog=org.apache.spark.sql.delta.catalog.DeltaCatalog --conf spark.databricks.delta.schema.autoMerge.enabled=true --jars /opt/airflow/etl/jars/hadoop-aws-3.3.2.jar,/opt/airflow/etl/jars/aws-java-sdk-bundle-1.11.1026.jar,/opt/airflow/etl/jars/delta-core_2.12-2.3.0.jar,/opt/airflow/etl/jars/delta-storage-2.3.0.jar --executor-cores 1 --executor-memory 1g --driver-memory 1g --name airflow_silver_product_category_name_translation /opt/airflow/etl/silver/main_silver.py --table_name product_category_name_translation --merge_key product_category_name --is_cdc false --json_schema . Error code is: -9.; 2027)
[2026-04-03T14:40:40.827+0000] {local_task_job_runner.py:228} INFO - Task exited with return code 1
[2026-04-03T14:40:41.260+0000] {taskinstance.py:2778} INFO - 0 downstream tasks scheduled from follow-on schedule check
