[2026-04-04T09:21:53.149+0000] {taskinstance.py:1159} INFO - Dependencies all met for dep_context=non-requeueable deps ti=<TaskInstance: silver_spark_processor.process_silver_products scheduled__2026-04-03T00:00:00+00:00 [queued]>
[2026-04-04T09:21:53.167+0000] {taskinstance.py:1159} INFO - Dependencies all met for dep_context=requeueable deps ti=<TaskInstance: silver_spark_processor.process_silver_products scheduled__2026-04-03T00:00:00+00:00 [queued]>
[2026-04-04T09:21:53.168+0000] {taskinstance.py:1361} INFO - Starting attempt 1 of 2
[2026-04-04T09:21:53.204+0000] {taskinstance.py:1382} INFO - Executing <Task(SparkSubmitOperator): process_silver_products> on 2026-04-03 00:00:00+00:00
[2026-04-04T09:21:53.216+0000] {standard_task_runner.py:57} INFO - Started process 1528 to run task
[2026-04-04T09:21:53.221+0000] {standard_task_runner.py:84} INFO - Running: ['airflow', 'tasks', 'run', 'silver_spark_processor', 'process_silver_products', 'scheduled__2026-04-03T00:00:00+00:00', '--job-id', '661', '--raw', '--subdir', 'DAGS_FOLDER/silver_processor_dag.py', '--cfg-path', '/tmp/tmp7pov5vng']
[2026-04-04T09:21:53.226+0000] {standard_task_runner.py:85} INFO - Job 661: Subtask process_silver_products
[2026-04-04T09:21:53.340+0000] {task_command.py:416} INFO - Running <TaskInstance: silver_spark_processor.process_silver_products scheduled__2026-04-03T00:00:00+00:00 [running]> on host 03c232fb577d
[2026-04-04T09:21:53.545+0000] {taskinstance.py:1662} INFO - Exporting env vars: AIRFLOW_CTX_DAG_OWNER='data-team' AIRFLOW_CTX_DAG_ID='silver_spark_processor' AIRFLOW_CTX_TASK_ID='process_silver_products' AIRFLOW_CTX_EXECUTION_DATE='2026-04-03T00:00:00+00:00' AIRFLOW_CTX_TRY_NUMBER='1' AIRFLOW_CTX_DAG_RUN_ID='scheduled__2026-04-03T00:00:00+00:00'
[2026-04-04T09:21:53.567+0000] {base.py:73} INFO - Using connection ID 'spark_default' for task execution.
[2026-04-04T09:21:53.571+0000] {spark_submit.py:340} INFO - Spark-Submit cmd: spark-submit --master spark://spark-master:7077 --conf spark.sql.extensions=io.delta.sql.DeltaSparkSessionExtension --conf spark.sql.catalog.spark_catalog=org.apache.spark.sql.delta.catalog.DeltaCatalog --conf spark.databricks.delta.schema.autoMerge.enabled=true --conf spark.hadoop.fs.s3a.endpoint=http://minio:9000 --conf spark.hadoop.fs.s3a.access.key=minio --conf spark.hadoop.fs.s3a.secret.key=****** --conf spark.hadoop.fs.s3a.path.style.access=true --conf spark.hadoop.fs.s3a.connection.ssl.enabled=false --conf spark.hadoop.fs.s3a.impl=org.apache.hadoop.fs.s3a.S3AFileSystem --conf spark.sql.parquet.enableVectorizedReader=false --conf spark.sql.legacy.parquet.nanosAsLong=true --conf spark.sql.parquet.int64RebaseModeInRead=LEGACY --conf spark.sql.parquet.datetimeRebaseModeInRead=LEGACY --jars /opt/airflow/etl/jars/hadoop-aws-3.3.2.jar,/opt/airflow/etl/jars/aws-java-sdk-bundle-1.11.1026.jar,/opt/airflow/etl/jars/delta-core_2.12-2.3.0.jar,/opt/airflow/etl/jars/delta-storage-2.3.0.jar,/opt/airflow/etl/jars/mysql-connector-java-8.0.28.jar --executor-cores 1 --executor-memory 1g --driver-memory 512m --name airflow_silver_products --verbose /opt/airflow/etl/silver/main_silver.py --table_name products --merge_key product_id --is_cdc false --json_schema 
[2026-04-04T09:21:53.904+0000] {spark_submit.py:491} INFO - /home/airflow/.local/lib/python3.10/site-packages/pyspark/bin/load-spark-env.sh: line 68: ps: command not found
[2026-04-04T09:21:57.916+0000] {spark_submit.py:491} INFO - Using properties file: null
[2026-04-04T09:21:58.255+0000] {spark_submit.py:491} INFO - Parsed arguments:
[2026-04-04T09:21:58.256+0000] {spark_submit.py:491} INFO - master                  spark://spark-master:7077
[2026-04-04T09:21:58.256+0000] {spark_submit.py:491} INFO - deployMode              null
[2026-04-04T09:21:58.256+0000] {spark_submit.py:491} INFO - executorMemory          1g
[2026-04-04T09:21:58.256+0000] {spark_submit.py:491} INFO - executorCores           1
[2026-04-04T09:21:58.256+0000] {spark_submit.py:491} INFO - totalExecutorCores      null
[2026-04-04T09:21:58.256+0000] {spark_submit.py:491} INFO - propertiesFile          null
[2026-04-04T09:21:58.257+0000] {spark_submit.py:491} INFO - driverMemory            512m
[2026-04-04T09:21:58.257+0000] {spark_submit.py:491} INFO - driverCores             null
[2026-04-04T09:21:58.257+0000] {spark_submit.py:491} INFO - driverExtraClassPath    null
[2026-04-04T09:21:58.257+0000] {spark_submit.py:491} INFO - driverExtraLibraryPath  null
[2026-04-04T09:21:58.257+0000] {spark_submit.py:491} INFO - driverExtraJavaOptions  null
[2026-04-04T09:21:58.257+0000] {spark_submit.py:491} INFO - supervise               false
[2026-04-04T09:21:58.257+0000] {spark_submit.py:491} INFO - queue                   null
[2026-04-04T09:21:58.257+0000] {spark_submit.py:491} INFO - numExecutors            null
[2026-04-04T09:21:58.257+0000] {spark_submit.py:491} INFO - files                   null
[2026-04-04T09:21:58.257+0000] {spark_submit.py:491} INFO - pyFiles                 null
[2026-04-04T09:21:58.257+0000] {spark_submit.py:491} INFO - archives                null
[2026-04-04T09:21:58.257+0000] {spark_submit.py:491} INFO - mainClass               null
[2026-04-04T09:21:58.258+0000] {spark_submit.py:491} INFO - primaryResource         file:/opt/airflow/etl/silver/main_silver.py
[2026-04-04T09:21:58.258+0000] {spark_submit.py:491} INFO - name                    airflow_silver_products
[2026-04-04T09:21:58.258+0000] {spark_submit.py:491} INFO - childArgs               [--table_name products --merge_key product_id --is_cdc false --json_schema ]
[2026-04-04T09:21:58.258+0000] {spark_submit.py:491} INFO - jars                    file:/opt/airflow/etl/jars/hadoop-aws-3.3.2.jar,file:/opt/airflow/etl/jars/aws-java-sdk-bundle-1.11.1026.jar,file:/opt/airflow/etl/jars/delta-core_2.12-2.3.0.jar,file:/opt/airflow/etl/jars/delta-storage-2.3.0.jar,file:/opt/airflow/etl/jars/mysql-connector-java-8.0.28.jar
[2026-04-04T09:21:58.258+0000] {spark_submit.py:491} INFO - packages                null
[2026-04-04T09:21:58.258+0000] {spark_submit.py:491} INFO - packagesExclusions      null
[2026-04-04T09:21:58.258+0000] {spark_submit.py:491} INFO - repositories            null
[2026-04-04T09:21:58.258+0000] {spark_submit.py:491} INFO - verbose                 true
[2026-04-04T09:21:58.258+0000] {spark_submit.py:491} INFO - 
[2026-04-04T09:21:58.258+0000] {spark_submit.py:491} INFO - Spark properties used, including those specified through
[2026-04-04T09:21:58.258+0000] {spark_submit.py:491} INFO - --conf and those from the properties file null:
[2026-04-04T09:21:58.258+0000] {spark_submit.py:491} INFO - (spark.databricks.delta.schema.autoMerge.enabled,true)
[2026-04-04T09:21:58.259+0000] {spark_submit.py:491} INFO - (spark.driver.memory,512m)
[2026-04-04T09:21:58.259+0000] {spark_submit.py:491} INFO - (spark.hadoop.fs.s3a.access.key,*********(redacted))
[2026-04-04T09:21:58.259+0000] {spark_submit.py:491} INFO - (spark.hadoop.fs.s3a.connection.ssl.enabled,false)
[2026-04-04T09:21:58.259+0000] {spark_submit.py:491} INFO - (spark.hadoop.fs.s3a.endpoint,http://minio:9000)
[2026-04-04T09:21:58.262+0000] {spark_submit.py:491} INFO - (spark.hadoop.fs.s3a.impl,org.apache.hadoop.fs.s3a.S3AFileSystem)
[2026-04-04T09:21:58.263+0000] {spark_submit.py:491} INFO - (spark.hadoop.fs.s3a.path.style.access,true)
[2026-04-04T09:21:58.263+0000] {spark_submit.py:491} INFO - (spark.hadoop.fs.s3a.secret.key,*********(redacted))
[2026-04-04T09:21:58.263+0000] {spark_submit.py:491} INFO - (spark.sql.catalog.spark_catalog,org.apache.spark.sql.delta.catalog.DeltaCatalog)
[2026-04-04T09:21:58.263+0000] {spark_submit.py:491} INFO - (spark.sql.extensions,io.delta.sql.DeltaSparkSessionExtension)
[2026-04-04T09:21:58.263+0000] {spark_submit.py:491} INFO - (spark.sql.legacy.parquet.nanosAsLong,true)
[2026-04-04T09:21:58.263+0000] {spark_submit.py:491} INFO - (spark.sql.parquet.datetimeRebaseModeInRead,LEGACY)
[2026-04-04T09:21:58.263+0000] {spark_submit.py:491} INFO - (spark.sql.parquet.enableVectorizedReader,false)
[2026-04-04T09:21:58.263+0000] {spark_submit.py:491} INFO - (spark.sql.parquet.int64RebaseModeInRead,LEGACY)
[2026-04-04T09:21:58.263+0000] {spark_submit.py:491} INFO - 
[2026-04-04T09:21:58.263+0000] {spark_submit.py:491} INFO - 
[2026-04-04T09:21:59.200+0000] {spark_submit.py:491} INFO - 26/04/04 09:21:59 WARN NativeCodeLoader: Unable to load native-hadoop library for your platform... using builtin-java classes where applicable
[2026-04-04T09:21:59.647+0000] {spark_submit.py:491} INFO - Main class:
[2026-04-04T09:21:59.649+0000] {spark_submit.py:491} INFO - org.apache.spark.deploy.PythonRunner
[2026-04-04T09:21:59.652+0000] {spark_submit.py:491} INFO - Arguments:
[2026-04-04T09:21:59.652+0000] {spark_submit.py:491} INFO - file:/opt/airflow/etl/silver/main_silver.py
[2026-04-04T09:21:59.652+0000] {spark_submit.py:491} INFO - null
[2026-04-04T09:21:59.652+0000] {spark_submit.py:491} INFO - --table_name
[2026-04-04T09:21:59.652+0000] {spark_submit.py:491} INFO - products
[2026-04-04T09:21:59.652+0000] {spark_submit.py:491} INFO - --merge_key
[2026-04-04T09:21:59.653+0000] {spark_submit.py:491} INFO - product_id
[2026-04-04T09:21:59.653+0000] {spark_submit.py:491} INFO - --is_cdc
[2026-04-04T09:21:59.653+0000] {spark_submit.py:491} INFO - false
[2026-04-04T09:21:59.653+0000] {spark_submit.py:491} INFO - --json_schema
[2026-04-04T09:21:59.658+0000] {spark_submit.py:491} INFO - 
[2026-04-04T09:21:59.663+0000] {spark_submit.py:491} INFO - Spark config:
[2026-04-04T09:21:59.664+0000] {spark_submit.py:491} INFO - (spark.app.name,airflow_silver_products)
[2026-04-04T09:21:59.664+0000] {spark_submit.py:491} INFO - (spark.app.submitTime,1775294519613)
[2026-04-04T09:21:59.664+0000] {spark_submit.py:491} INFO - (spark.databricks.delta.schema.autoMerge.enabled,true)
[2026-04-04T09:21:59.664+0000] {spark_submit.py:491} INFO - (spark.driver.memory,512m)
[2026-04-04T09:21:59.664+0000] {spark_submit.py:491} INFO - (spark.executor.cores,1)
[2026-04-04T09:21:59.664+0000] {spark_submit.py:491} INFO - (spark.executor.memory,1g)
[2026-04-04T09:21:59.664+0000] {spark_submit.py:491} INFO - (spark.hadoop.fs.s3a.access.key,*********(redacted))
[2026-04-04T09:21:59.665+0000] {spark_submit.py:491} INFO - (spark.hadoop.fs.s3a.connection.ssl.enabled,false)
[2026-04-04T09:21:59.665+0000] {spark_submit.py:491} INFO - (spark.hadoop.fs.s3a.endpoint,http://minio:9000)
[2026-04-04T09:21:59.665+0000] {spark_submit.py:491} INFO - (spark.hadoop.fs.s3a.impl,org.apache.hadoop.fs.s3a.S3AFileSystem)
[2026-04-04T09:21:59.665+0000] {spark_submit.py:491} INFO - (spark.hadoop.fs.s3a.path.style.access,true)
[2026-04-04T09:21:59.665+0000] {spark_submit.py:491} INFO - (spark.hadoop.fs.s3a.secret.key,*********(redacted))
[2026-04-04T09:21:59.665+0000] {spark_submit.py:491} INFO - (spark.jars,file:///opt/airflow/etl/jars/hadoop-aws-3.3.2.jar,file:///opt/airflow/etl/jars/aws-java-sdk-bundle-1.11.1026.jar,file:///opt/airflow/etl/jars/delta-core_2.12-2.3.0.jar,file:///opt/airflow/etl/jars/delta-storage-2.3.0.jar,file:///opt/airflow/etl/jars/mysql-connector-java-8.0.28.jar)
[2026-04-04T09:21:59.665+0000] {spark_submit.py:491} INFO - (spark.master,spark://spark-master:7077)
[2026-04-04T09:21:59.665+0000] {spark_submit.py:491} INFO - (spark.repl.local.jars,file:///opt/airflow/etl/jars/hadoop-aws-3.3.2.jar,file:///opt/airflow/etl/jars/aws-java-sdk-bundle-1.11.1026.jar,file:///opt/airflow/etl/jars/delta-core_2.12-2.3.0.jar,file:///opt/airflow/etl/jars/delta-storage-2.3.0.jar,file:///opt/airflow/etl/jars/mysql-connector-java-8.0.28.jar)
[2026-04-04T09:21:59.665+0000] {spark_submit.py:491} INFO - (spark.sql.catalog.spark_catalog,org.apache.spark.sql.delta.catalog.DeltaCatalog)
[2026-04-04T09:21:59.665+0000] {spark_submit.py:491} INFO - (spark.sql.extensions,io.delta.sql.DeltaSparkSessionExtension)
[2026-04-04T09:21:59.665+0000] {spark_submit.py:491} INFO - (spark.sql.legacy.parquet.nanosAsLong,true)
[2026-04-04T09:21:59.666+0000] {spark_submit.py:491} INFO - (spark.sql.parquet.datetimeRebaseModeInRead,LEGACY)
[2026-04-04T09:21:59.666+0000] {spark_submit.py:491} INFO - (spark.sql.parquet.enableVectorizedReader,false)
[2026-04-04T09:21:59.666+0000] {spark_submit.py:491} INFO - (spark.sql.parquet.int64RebaseModeInRead,LEGACY)
[2026-04-04T09:21:59.666+0000] {spark_submit.py:491} INFO - (spark.submit.deployMode,client)
[2026-04-04T09:21:59.669+0000] {spark_submit.py:491} INFO - (spark.submit.pyFiles,)
[2026-04-04T09:21:59.670+0000] {spark_submit.py:491} INFO - Classpath elements:
[2026-04-04T09:21:59.670+0000] {spark_submit.py:491} INFO - file:///opt/airflow/etl/jars/hadoop-aws-3.3.2.jar
[2026-04-04T09:21:59.670+0000] {spark_submit.py:491} INFO - file:///opt/airflow/etl/jars/aws-java-sdk-bundle-1.11.1026.jar
[2026-04-04T09:21:59.670+0000] {spark_submit.py:491} INFO - file:///opt/airflow/etl/jars/delta-core_2.12-2.3.0.jar
[2026-04-04T09:21:59.670+0000] {spark_submit.py:491} INFO - file:///opt/airflow/etl/jars/delta-storage-2.3.0.jar
[2026-04-04T09:21:59.670+0000] {spark_submit.py:491} INFO - file:///opt/airflow/etl/jars/mysql-connector-java-8.0.28.jar
[2026-04-04T09:21:59.670+0000] {spark_submit.py:491} INFO - 
[2026-04-04T09:21:59.670+0000] {spark_submit.py:491} INFO - 
[2026-04-04T09:22:01.900+0000] {spark_submit.py:491} INFO - INFO:__main__:Khởi tạo Spark Job cho bảng: products
[2026-04-04T09:22:02.136+0000] {spark_submit.py:491} INFO - 26/04/04 09:22:02 INFO SparkContext: Running Spark version 3.3.2
[2026-04-04T09:22:02.205+0000] {spark_submit.py:491} INFO - 26/04/04 09:22:02 INFO ResourceUtils: ==============================================================
[2026-04-04T09:22:02.206+0000] {spark_submit.py:491} INFO - 26/04/04 09:22:02 INFO ResourceUtils: No custom resources configured for spark.driver.
[2026-04-04T09:22:02.207+0000] {spark_submit.py:491} INFO - 26/04/04 09:22:02 INFO ResourceUtils: ==============================================================
[2026-04-04T09:22:02.208+0000] {spark_submit.py:491} INFO - 26/04/04 09:22:02 INFO SparkContext: Submitted application: Silver_Processor_products
[2026-04-04T09:22:02.265+0000] {spark_submit.py:491} INFO - 26/04/04 09:22:02 INFO ResourceProfile: Default ResourceProfile created, executor resources: Map(cores -> name: cores, amount: 1, script: , vendor: , memory -> name: memory, amount: 1024, script: , vendor: , offHeap -> name: offHeap, amount: 0, script: , vendor: ), task resources: Map(cpus -> name: cpus, amount: 1.0)
[2026-04-04T09:22:02.296+0000] {spark_submit.py:491} INFO - 26/04/04 09:22:02 INFO ResourceProfile: Limiting resource is cpus at 1 tasks per executor
[2026-04-04T09:22:02.301+0000] {spark_submit.py:491} INFO - 26/04/04 09:22:02 INFO ResourceProfileManager: Added ResourceProfile id: 0
[2026-04-04T09:22:02.437+0000] {spark_submit.py:491} INFO - 26/04/04 09:22:02 INFO SecurityManager: Changing view acls to: airflow
[2026-04-04T09:22:02.439+0000] {spark_submit.py:491} INFO - 26/04/04 09:22:02 INFO SecurityManager: Changing modify acls to: airflow
[2026-04-04T09:22:02.440+0000] {spark_submit.py:491} INFO - 26/04/04 09:22:02 INFO SecurityManager: Changing view acls groups to:
[2026-04-04T09:22:02.442+0000] {spark_submit.py:491} INFO - 26/04/04 09:22:02 INFO SecurityManager: Changing modify acls groups to:
[2026-04-04T09:22:02.443+0000] {spark_submit.py:491} INFO - 26/04/04 09:22:02 INFO SecurityManager: SecurityManager: authentication disabled; ui acls disabled; users  with view permissions: Set(airflow); groups with view permissions: Set(); users  with modify permissions: Set(airflow); groups with modify permissions: Set()
[2026-04-04T09:22:03.231+0000] {spark_submit.py:491} INFO - 26/04/04 09:22:03 INFO Utils: Successfully started service 'sparkDriver' on port 37657.
[2026-04-04T09:22:03.337+0000] {spark_submit.py:491} INFO - 26/04/04 09:22:03 INFO SparkEnv: Registering MapOutputTracker
[2026-04-04T09:22:03.457+0000] {spark_submit.py:491} INFO - 26/04/04 09:22:03 INFO SparkEnv: Registering BlockManagerMaster
[2026-04-04T09:22:03.517+0000] {spark_submit.py:491} INFO - 26/04/04 09:22:03 INFO BlockManagerMasterEndpoint: Using org.apache.spark.storage.DefaultTopologyMapper for getting topology information
[2026-04-04T09:22:03.520+0000] {spark_submit.py:491} INFO - 26/04/04 09:22:03 INFO BlockManagerMasterEndpoint: BlockManagerMasterEndpoint up
[2026-04-04T09:22:03.535+0000] {spark_submit.py:491} INFO - 26/04/04 09:22:03 INFO SparkEnv: Registering BlockManagerMasterHeartbeat
[2026-04-04T09:22:03.591+0000] {spark_submit.py:491} INFO - 26/04/04 09:22:03 INFO DiskBlockManager: Created local directory at /tmp/blockmgr-6d503037-abfc-4d57-99fb-4bde0c2fa9cb
[2026-04-04T09:22:03.636+0000] {spark_submit.py:491} INFO - 26/04/04 09:22:03 INFO MemoryStore: MemoryStore started with capacity 127.2 MiB
[2026-04-04T09:22:03.681+0000] {spark_submit.py:491} INFO - 26/04/04 09:22:03 INFO SparkEnv: Registering OutputCommitCoordinator
[2026-04-04T09:22:04.239+0000] {spark_submit.py:491} INFO - 26/04/04 09:22:04 INFO Utils: Successfully started service 'SparkUI' on port 4040.
[2026-04-04T09:22:04.329+0000] {spark_submit.py:491} INFO - 26/04/04 09:22:04 INFO SparkContext: Added JAR file:///opt/airflow/etl/jars/hadoop-aws-3.3.2.jar at spark://03c232fb577d:37657/jars/hadoop-aws-3.3.2.jar with timestamp 1775294522113
[2026-04-04T09:22:04.329+0000] {spark_submit.py:491} INFO - 26/04/04 09:22:04 INFO SparkContext: Added JAR file:///opt/airflow/etl/jars/aws-java-sdk-bundle-1.11.1026.jar at spark://03c232fb577d:37657/jars/aws-java-sdk-bundle-1.11.1026.jar with timestamp 1775294522113
[2026-04-04T09:22:04.330+0000] {spark_submit.py:491} INFO - 26/04/04 09:22:04 INFO SparkContext: Added JAR file:///opt/airflow/etl/jars/delta-core_2.12-2.3.0.jar at spark://03c232fb577d:37657/jars/delta-core_2.12-2.3.0.jar with timestamp 1775294522113
[2026-04-04T09:22:04.330+0000] {spark_submit.py:491} INFO - 26/04/04 09:22:04 INFO SparkContext: Added JAR file:///opt/airflow/etl/jars/delta-storage-2.3.0.jar at spark://03c232fb577d:37657/jars/delta-storage-2.3.0.jar with timestamp 1775294522113
[2026-04-04T09:22:04.338+0000] {spark_submit.py:491} INFO - 26/04/04 09:22:04 INFO SparkContext: Added JAR file:///opt/airflow/etl/jars/mysql-connector-java-8.0.28.jar at spark://03c232fb577d:37657/jars/mysql-connector-java-8.0.28.jar with timestamp 1775294522113
[2026-04-04T09:22:04.621+0000] {spark_submit.py:491} INFO - 26/04/04 09:22:04 INFO StandaloneAppClient$ClientEndpoint: Connecting to master spark://spark-master:7077...
[2026-04-04T09:22:04.772+0000] {spark_submit.py:491} INFO - 26/04/04 09:22:04 INFO TransportClientFactory: Successfully created connection to spark-master/172.18.0.5:7077 after 88 ms (0 ms spent in bootstraps)
[2026-04-04T09:22:05.017+0000] {spark_submit.py:491} INFO - 26/04/04 09:22:05 INFO StandaloneSchedulerBackend: Connected to Spark cluster with app ID app-20260404092205-0004
[2026-04-04T09:22:05.034+0000] {spark_submit.py:491} INFO - 26/04/04 09:22:05 INFO Utils: Successfully started service 'org.apache.spark.network.netty.NettyBlockTransferService' on port 40341.
[2026-04-04T09:22:05.034+0000] {spark_submit.py:491} INFO - 26/04/04 09:22:05 INFO NettyBlockTransferService: Server created on 03c232fb577d:40341
[2026-04-04T09:22:05.041+0000] {spark_submit.py:491} INFO - 26/04/04 09:22:05 INFO BlockManager: Using org.apache.spark.storage.RandomBlockReplicationPolicy for block replication policy
[2026-04-04T09:22:05.063+0000] {spark_submit.py:491} INFO - 26/04/04 09:22:05 INFO BlockManagerMaster: Registering BlockManager BlockManagerId(driver, 03c232fb577d, 40341, None)
[2026-04-04T09:22:05.079+0000] {spark_submit.py:491} INFO - 26/04/04 09:22:05 INFO BlockManagerMasterEndpoint: Registering block manager 03c232fb577d:40341 with 127.2 MiB RAM, BlockManagerId(driver, 03c232fb577d, 40341, None)
[2026-04-04T09:22:05.082+0000] {spark_submit.py:491} INFO - 26/04/04 09:22:05 INFO BlockManagerMaster: Registered BlockManager BlockManagerId(driver, 03c232fb577d, 40341, None)
[2026-04-04T09:22:05.085+0000] {spark_submit.py:491} INFO - 26/04/04 09:22:05 INFO BlockManager: Initialized BlockManager: BlockManagerId(driver, 03c232fb577d, 40341, None)
[2026-04-04T09:22:05.614+0000] {spark_submit.py:491} INFO - 26/04/04 09:22:05 INFO StandaloneSchedulerBackend: SchedulerBackend is ready for scheduling beginning after reached minRegisteredResourcesRatio: 0.0
[2026-04-04T09:22:18.709+0000] {spark_submit.py:491} INFO - INFO:silver_processor: Bắt đầu xử lý lớp Silver cho bảng: products | Chế độ CDC: False
[2026-04-04T09:22:18.718+0000] {spark_submit.py:491} INFO - INFO:silver_processor: Bắt đầu quét Data Nóng từ Bronze...
[2026-04-04T09:22:21.576+0000] {spark_submit.py:491} INFO - 26/04/04 09:22:21 WARN MetricsConfig: Cannot locate configuration: tried hadoop-metrics2-s3a-file-system.properties,hadoop-metrics2.properties
[2026-04-04T09:22:38.718+0000] {spark_submit.py:491} INFO - 26/04/04 09:22:38 WARN TaskSchedulerImpl: Initial job has not accepted any resources; check your cluster UI to ensure that workers are registered and have sufficient resources
[2026-04-04T09:22:53.717+0000] {spark_submit.py:491} INFO - 26/04/04 09:22:53 WARN TaskSchedulerImpl: Initial job has not accepted any resources; check your cluster UI to ensure that workers are registered and have sufficient resources
[2026-04-04T09:23:08.716+0000] {spark_submit.py:491} INFO - 26/04/04 09:23:08 WARN TaskSchedulerImpl: Initial job has not accepted any resources; check your cluster UI to ensure that workers are registered and have sufficient resources
[2026-04-04T09:23:54.471+0000] {spark_submit.py:491} INFO - INFO:py4j.java_gateway:Callback Server Starting
[2026-04-04T09:23:54.472+0000] {spark_submit.py:491} INFO - INFO:py4j.java_gateway:Socket listening on ('127.0.0.1', 42929)
[2026-04-04T09:23:54.651+0000] {spark_submit.py:491} INFO - 26/04/04 09:23:54 WARN ResolveWriteToStream: spark.sql.adaptive.enabled is not supported in streaming DataFrames/Datasets and will be disabled.
[2026-04-04T09:23:55.744+0000] {spark_submit.py:491} INFO - INFO:py4j.clientserver:Python Server ready to receive messages
[2026-04-04T09:23:55.744+0000] {spark_submit.py:491} INFO - INFO:py4j.clientserver:Received command c on object id p0
[2026-04-04T09:24:39.861+0000] {spark_submit.py:491} INFO - 26/04/04 09:24:39 WARN package: Truncated the string representation of a plan since it was too large. This behavior can be adjusted by setting 'spark.sql.debug.maxToStringFields'.
[2026-04-04T09:24:47.371+0000] {spark_submit.py:491} INFO - INFO:silver_processor:   [Batch 0] Đã khởi tạo bảng Delta Lake lần đầu.
[2026-04-04T09:24:47.824+0000] {spark_submit.py:491} INFO - INFO:silver_processor: Hoàn thành quét Data Nóng cập nhật vào Silver.
[2026-04-04T09:24:47.838+0000] {spark_submit.py:491} INFO - INFO:silver_processor: Bắt đầu dò tìm 'bóng ma' Hard Delete...
[2026-04-04T09:26:56.705+0000] {job.py:219} ERROR - Job heartbeat got an exception
Traceback (most recent call last):
  File "/home/airflow/.local/lib/python3.10/site-packages/sqlalchemy/engine/base.py", line 3371, in _wrap_pool_connect
    return fn()
  File "/home/airflow/.local/lib/python3.10/site-packages/sqlalchemy/pool/base.py", line 327, in connect
    return _ConnectionFairy._checkout(self)
  File "/home/airflow/.local/lib/python3.10/site-packages/sqlalchemy/pool/base.py", line 894, in _checkout
    fairy = _ConnectionRecord.checkout(pool)
  File "/home/airflow/.local/lib/python3.10/site-packages/sqlalchemy/pool/base.py", line 493, in checkout
    rec = pool._do_get()
  File "/home/airflow/.local/lib/python3.10/site-packages/sqlalchemy/pool/impl.py", line 256, in _do_get
    return self._create_connection()
  File "/home/airflow/.local/lib/python3.10/site-packages/sqlalchemy/pool/base.py", line 273, in _create_connection
    return _ConnectionRecord(self)
  File "/home/airflow/.local/lib/python3.10/site-packages/sqlalchemy/pool/base.py", line 388, in __init__
    self.__connect()
  File "/home/airflow/.local/lib/python3.10/site-packages/sqlalchemy/pool/base.py", line 690, in __connect
    with util.safe_reraise():
  File "/home/airflow/.local/lib/python3.10/site-packages/sqlalchemy/util/langhelpers.py", line 70, in __exit__
    compat.raise_(
  File "/home/airflow/.local/lib/python3.10/site-packages/sqlalchemy/util/compat.py", line 211, in raise_
    raise exception
  File "/home/airflow/.local/lib/python3.10/site-packages/sqlalchemy/pool/base.py", line 686, in __connect
    self.dbapi_connection = connection = pool._invoke_creator(self)
  File "/home/airflow/.local/lib/python3.10/site-packages/sqlalchemy/engine/create.py", line 574, in connect
    return dialect.connect(*cargs, **cparams)
  File "/home/airflow/.local/lib/python3.10/site-packages/sqlalchemy/engine/default.py", line 598, in connect
    return self.dbapi.connect(*cargs, **cparams)
  File "/home/airflow/.local/lib/python3.10/site-packages/psycopg2/__init__.py", line 122, in connect
    conn = _connect(dsn, connection_factory=connection_factory, **kwasync)
psycopg2.OperationalError: could not translate host name "postgres" to address: Temporary failure in name resolution


The above exception was the direct cause of the following exception:

Traceback (most recent call last):
  File "/home/airflow/.local/lib/python3.10/site-packages/airflow/jobs/job.py", line 215, in heartbeat
    heartbeat_callback(session)
  File "/home/airflow/.local/lib/python3.10/site-packages/airflow/utils/session.py", line 74, in wrapper
    return func(*args, **kwargs)
  File "/home/airflow/.local/lib/python3.10/site-packages/airflow/jobs/local_task_job_runner.py", line 246, in heartbeat_callback
    self.task_instance.refresh_from_db()
  File "/home/airflow/.local/lib/python3.10/site-packages/airflow/utils/session.py", line 77, in wrapper
    return func(*args, session=session, **kwargs)
  File "/home/airflow/.local/lib/python3.10/site-packages/airflow/models/taskinstance.py", line 866, in refresh_from_db
    ti = qry.one_or_none()
  File "/home/airflow/.local/lib/python3.10/site-packages/sqlalchemy/orm/query.py", line 2850, in one_or_none
    return self._iter().one_or_none()
  File "/home/airflow/.local/lib/python3.10/site-packages/sqlalchemy/orm/query.py", line 2916, in _iter
    result = self.session.execute(
  File "/home/airflow/.local/lib/python3.10/site-packages/sqlalchemy/orm/session.py", line 1716, in execute
    conn = self._connection_for_bind(bind)
  File "/home/airflow/.local/lib/python3.10/site-packages/sqlalchemy/orm/session.py", line 1555, in _connection_for_bind
    return self._transaction._connection_for_bind(
  File "/home/airflow/.local/lib/python3.10/site-packages/sqlalchemy/orm/session.py", line 750, in _connection_for_bind
    conn = bind.connect()
  File "/home/airflow/.local/lib/python3.10/site-packages/sqlalchemy/future/engine.py", line 406, in connect
    return super(Engine, self).connect()
  File "/home/airflow/.local/lib/python3.10/site-packages/sqlalchemy/engine/base.py", line 3325, in connect
    return self._connection_cls(self, close_with_result=close_with_result)
  File "/home/airflow/.local/lib/python3.10/site-packages/sqlalchemy/engine/base.py", line 96, in __init__
    else engine.raw_connection()
  File "/home/airflow/.local/lib/python3.10/site-packages/sqlalchemy/engine/base.py", line 3404, in raw_connection
    return self._wrap_pool_connect(self.pool.connect, _connection)
  File "/home/airflow/.local/lib/python3.10/site-packages/sqlalchemy/engine/base.py", line 3374, in _wrap_pool_connect
    Connection._handle_dbapi_exception_noconnection(
  File "/home/airflow/.local/lib/python3.10/site-packages/sqlalchemy/engine/base.py", line 2208, in _handle_dbapi_exception_noconnection
    util.raise_(
  File "/home/airflow/.local/lib/python3.10/site-packages/sqlalchemy/util/compat.py", line 211, in raise_
    raise exception
  File "/home/airflow/.local/lib/python3.10/site-packages/sqlalchemy/engine/base.py", line 3371, in _wrap_pool_connect
    return fn()
  File "/home/airflow/.local/lib/python3.10/site-packages/sqlalchemy/pool/base.py", line 327, in connect
    return _ConnectionFairy._checkout(self)
  File "/home/airflow/.local/lib/python3.10/site-packages/sqlalchemy/pool/base.py", line 894, in _checkout
    fairy = _ConnectionRecord.checkout(pool)
  File "/home/airflow/.local/lib/python3.10/site-packages/sqlalchemy/pool/base.py", line 493, in checkout
    rec = pool._do_get()
  File "/home/airflow/.local/lib/python3.10/site-packages/sqlalchemy/pool/impl.py", line 256, in _do_get
    return self._create_connection()
  File "/home/airflow/.local/lib/python3.10/site-packages/sqlalchemy/pool/base.py", line 273, in _create_connection
    return _ConnectionRecord(self)
  File "/home/airflow/.local/lib/python3.10/site-packages/sqlalchemy/pool/base.py", line 388, in __init__
    self.__connect()
  File "/home/airflow/.local/lib/python3.10/site-packages/sqlalchemy/pool/base.py", line 690, in __connect
    with util.safe_reraise():
  File "/home/airflow/.local/lib/python3.10/site-packages/sqlalchemy/util/langhelpers.py", line 70, in __exit__
    compat.raise_(
  File "/home/airflow/.local/lib/python3.10/site-packages/sqlalchemy/util/compat.py", line 211, in raise_
    raise exception
  File "/home/airflow/.local/lib/python3.10/site-packages/sqlalchemy/pool/base.py", line 686, in __connect
    self.dbapi_connection = connection = pool._invoke_creator(self)
  File "/home/airflow/.local/lib/python3.10/site-packages/sqlalchemy/engine/create.py", line 574, in connect
    return dialect.connect(*cargs, **cparams)
  File "/home/airflow/.local/lib/python3.10/site-packages/sqlalchemy/engine/default.py", line 598, in connect
    return self.dbapi.connect(*cargs, **cparams)
  File "/home/airflow/.local/lib/python3.10/site-packages/psycopg2/__init__.py", line 122, in connect
    conn = _connect(dsn, connection_factory=connection_factory, **kwasync)
sqlalchemy.exc.OperationalError: (psycopg2.OperationalError) could not translate host name "postgres" to address: Temporary failure in name resolution

(Background on this error at: https://sqlalche.me/e/14/e3q8)
[2026-04-04T09:28:28.404+0000] {job.py:219} ERROR - Job heartbeat got an exception
Traceback (most recent call last):
  File "/home/airflow/.local/lib/python3.10/site-packages/sqlalchemy/engine/base.py", line 3371, in _wrap_pool_connect
    return fn()
  File "/home/airflow/.local/lib/python3.10/site-packages/sqlalchemy/pool/base.py", line 327, in connect
    return _ConnectionFairy._checkout(self)
  File "/home/airflow/.local/lib/python3.10/site-packages/sqlalchemy/pool/base.py", line 894, in _checkout
    fairy = _ConnectionRecord.checkout(pool)
  File "/home/airflow/.local/lib/python3.10/site-packages/sqlalchemy/pool/base.py", line 493, in checkout
    rec = pool._do_get()
  File "/home/airflow/.local/lib/python3.10/site-packages/sqlalchemy/pool/impl.py", line 256, in _do_get
    return self._create_connection()
  File "/home/airflow/.local/lib/python3.10/site-packages/sqlalchemy/pool/base.py", line 273, in _create_connection
    return _ConnectionRecord(self)
  File "/home/airflow/.local/lib/python3.10/site-packages/sqlalchemy/pool/base.py", line 388, in __init__
    self.__connect()
  File "/home/airflow/.local/lib/python3.10/site-packages/sqlalchemy/pool/base.py", line 690, in __connect
    with util.safe_reraise():
  File "/home/airflow/.local/lib/python3.10/site-packages/sqlalchemy/util/langhelpers.py", line 70, in __exit__
    compat.raise_(
  File "/home/airflow/.local/lib/python3.10/site-packages/sqlalchemy/util/compat.py", line 211, in raise_
    raise exception
  File "/home/airflow/.local/lib/python3.10/site-packages/sqlalchemy/pool/base.py", line 686, in __connect
    self.dbapi_connection = connection = pool._invoke_creator(self)
  File "/home/airflow/.local/lib/python3.10/site-packages/sqlalchemy/engine/create.py", line 574, in connect
    return dialect.connect(*cargs, **cparams)
  File "/home/airflow/.local/lib/python3.10/site-packages/sqlalchemy/engine/default.py", line 598, in connect
    return self.dbapi.connect(*cargs, **cparams)
  File "/home/airflow/.local/lib/python3.10/site-packages/psycopg2/__init__.py", line 122, in connect
    conn = _connect(dsn, connection_factory=connection_factory, **kwasync)
psycopg2.OperationalError: could not translate host name "postgres" to address: Temporary failure in name resolution


The above exception was the direct cause of the following exception:

Traceback (most recent call last):
  File "/home/airflow/.local/lib/python3.10/site-packages/airflow/jobs/job.py", line 190, in heartbeat
    session.merge(self)
  File "/home/airflow/.local/lib/python3.10/site-packages/sqlalchemy/orm/session.py", line 3056, in merge
    return self._merge(
  File "/home/airflow/.local/lib/python3.10/site-packages/sqlalchemy/orm/session.py", line 3136, in _merge
    merged = self.get(
  File "/home/airflow/.local/lib/python3.10/site-packages/sqlalchemy/orm/session.py", line 2853, in get
    return self._get_impl(
  File "/home/airflow/.local/lib/python3.10/site-packages/sqlalchemy/orm/session.py", line 2975, in _get_impl
    return db_load_fn(
  File "/home/airflow/.local/lib/python3.10/site-packages/sqlalchemy/orm/loading.py", line 530, in load_on_pk_identity
    session.execute(
  File "/home/airflow/.local/lib/python3.10/site-packages/sqlalchemy/orm/session.py", line 1716, in execute
    conn = self._connection_for_bind(bind)
  File "/home/airflow/.local/lib/python3.10/site-packages/sqlalchemy/orm/session.py", line 1555, in _connection_for_bind
    return self._transaction._connection_for_bind(
  File "/home/airflow/.local/lib/python3.10/site-packages/sqlalchemy/orm/session.py", line 750, in _connection_for_bind
    conn = bind.connect()
  File "/home/airflow/.local/lib/python3.10/site-packages/sqlalchemy/future/engine.py", line 406, in connect
    return super(Engine, self).connect()
  File "/home/airflow/.local/lib/python3.10/site-packages/sqlalchemy/engine/base.py", line 3325, in connect
    return self._connection_cls(self, close_with_result=close_with_result)
  File "/home/airflow/.local/lib/python3.10/site-packages/sqlalchemy/engine/base.py", line 96, in __init__
    else engine.raw_connection()
  File "/home/airflow/.local/lib/python3.10/site-packages/sqlalchemy/engine/base.py", line 3404, in raw_connection
    return self._wrap_pool_connect(self.pool.connect, _connection)
  File "/home/airflow/.local/lib/python3.10/site-packages/sqlalchemy/engine/base.py", line 3374, in _wrap_pool_connect
    Connection._handle_dbapi_exception_noconnection(
  File "/home/airflow/.local/lib/python3.10/site-packages/sqlalchemy/engine/base.py", line 2208, in _handle_dbapi_exception_noconnection
    util.raise_(
  File "/home/airflow/.local/lib/python3.10/site-packages/sqlalchemy/util/compat.py", line 211, in raise_
    raise exception
  File "/home/airflow/.local/lib/python3.10/site-packages/sqlalchemy/engine/base.py", line 3371, in _wrap_pool_connect
    return fn()
  File "/home/airflow/.local/lib/python3.10/site-packages/sqlalchemy/pool/base.py", line 327, in connect
    return _ConnectionFairy._checkout(self)
  File "/home/airflow/.local/lib/python3.10/site-packages/sqlalchemy/pool/base.py", line 894, in _checkout
    fairy = _ConnectionRecord.checkout(pool)
  File "/home/airflow/.local/lib/python3.10/site-packages/sqlalchemy/pool/base.py", line 493, in checkout
    rec = pool._do_get()
  File "/home/airflow/.local/lib/python3.10/site-packages/sqlalchemy/pool/impl.py", line 256, in _do_get
    return self._create_connection()
  File "/home/airflow/.local/lib/python3.10/site-packages/sqlalchemy/pool/base.py", line 273, in _create_connection
    return _ConnectionRecord(self)
  File "/home/airflow/.local/lib/python3.10/site-packages/sqlalchemy/pool/base.py", line 388, in __init__
    self.__connect()
  File "/home/airflow/.local/lib/python3.10/site-packages/sqlalchemy/pool/base.py", line 690, in __connect
    with util.safe_reraise():
  File "/home/airflow/.local/lib/python3.10/site-packages/sqlalchemy/util/langhelpers.py", line 70, in __exit__
    compat.raise_(
  File "/home/airflow/.local/lib/python3.10/site-packages/sqlalchemy/util/compat.py", line 211, in raise_
    raise exception
  File "/home/airflow/.local/lib/python3.10/site-packages/sqlalchemy/pool/base.py", line 686, in __connect
    self.dbapi_connection = connection = pool._invoke_creator(self)
  File "/home/airflow/.local/lib/python3.10/site-packages/sqlalchemy/engine/create.py", line 574, in connect
    return dialect.connect(*cargs, **cparams)
  File "/home/airflow/.local/lib/python3.10/site-packages/sqlalchemy/engine/default.py", line 598, in connect
    return self.dbapi.connect(*cargs, **cparams)
  File "/home/airflow/.local/lib/python3.10/site-packages/psycopg2/__init__.py", line 122, in connect
    conn = _connect(dsn, connection_factory=connection_factory, **kwasync)
sqlalchemy.exc.OperationalError: (psycopg2.OperationalError) could not translate host name "postgres" to address: Temporary failure in name resolution

(Background on this error at: https://sqlalche.me/e/14/e3q8)
[2026-04-04T09:28:35.391+0000] {spark_submit.py:491} INFO - 26/04/04 09:28:35 WARN HeartbeatReceiver: Removing executor 2 with no recent heartbeats: 127467 ms exceeds timeout 120000 ms
[2026-04-04T09:28:35.731+0000] {spark_submit.py:491} INFO - 26/04/04 09:28:35 WARN HeartbeatReceiver: Removing executor 5 with no recent heartbeats: 134723 ms exceeds timeout 120000 ms
[2026-04-04T09:28:35.874+0000] {spark_submit.py:491} INFO - 26/04/04 09:28:35 WARN HeartbeatReceiver: Removing executor 8 with no recent heartbeats: 129622 ms exceeds timeout 120000 ms
[2026-04-04T09:28:35.874+0000] {spark_submit.py:491} INFO - 26/04/04 09:28:35 WARN HeartbeatReceiver: Removing executor 7 with no recent heartbeats: 127442 ms exceeds timeout 120000 ms
[2026-04-04T09:28:35.874+0000] {spark_submit.py:491} INFO - 26/04/04 09:28:35 WARN HeartbeatReceiver: Removing executor 1 with no recent heartbeats: 129622 ms exceeds timeout 120000 ms
[2026-04-04T09:28:35.874+0000] {spark_submit.py:491} INFO - 26/04/04 09:28:35 WARN HeartbeatReceiver: Removing executor 11 with no recent heartbeats: 129621 ms exceeds timeout 120000 ms
[2026-04-04T09:28:35.874+0000] {spark_submit.py:491} INFO - 26/04/04 09:28:35 WARN HeartbeatReceiver: Removing executor 4 with no recent heartbeats: 129622 ms exceeds timeout 120000 ms
[2026-04-04T09:28:35.874+0000] {spark_submit.py:491} INFO - 26/04/04 09:28:35 WARN HeartbeatReceiver: Removing executor 6 with no recent heartbeats: 127471 ms exceeds timeout 120000 ms
[2026-04-04T09:28:35.874+0000] {spark_submit.py:491} INFO - 26/04/04 09:28:35 WARN HeartbeatReceiver: Removing executor 0 with no recent heartbeats: 129639 ms exceeds timeout 120000 ms
[2026-04-04T09:28:35.874+0000] {spark_submit.py:491} INFO - 26/04/04 09:28:35 WARN HeartbeatReceiver: Removing executor 9 with no recent heartbeats: 133487 ms exceeds timeout 120000 ms
[2026-04-04T09:28:35.875+0000] {spark_submit.py:491} INFO - 26/04/04 09:28:35 WARN HeartbeatReceiver: Removing executor 3 with no recent heartbeats: 134755 ms exceeds timeout 120000 ms
[2026-04-04T09:28:35.875+0000] {spark_submit.py:491} INFO - 26/04/04 09:28:35 WARN HeartbeatReceiver: Removing executor 10 with no recent heartbeats: 129622 ms exceeds timeout 120000 ms
[2026-04-04T09:28:36.986+0000] {spark_submit.py:491} INFO - 26/04/04 09:28:36 ERROR Inbox: Ignoring error
[2026-04-04T09:28:37.129+0000] {spark_submit.py:491} INFO - java.lang.AssertionError: assertion failed: BlockManager re-registration shouldn't succeed when the executor is lost
[2026-04-04T09:28:37.130+0000] {spark_submit.py:491} INFO - at scala.Predef$.assert(Predef.scala:223)
[2026-04-04T09:28:37.130+0000] {spark_submit.py:491} INFO - at org.apache.spark.storage.BlockManagerMasterEndpoint.org$apache$spark$storage$BlockManagerMasterEndpoint$$register(BlockManagerMasterEndpoint.scala:632)
[2026-04-04T09:28:37.130+0000] {spark_submit.py:491} INFO - at org.apache.spark.storage.BlockManagerMasterEndpoint$$anonfun$receiveAndReply$1.applyOrElse(BlockManagerMasterEndpoint.scala:123)
[2026-04-04T09:28:37.130+0000] {spark_submit.py:491} INFO - at org.apache.spark.rpc.netty.Inbox.$anonfun$process$1(Inbox.scala:103)
[2026-04-04T09:28:37.130+0000] {spark_submit.py:491} INFO - at org.apache.spark.rpc.netty.Inbox.safelyCall(Inbox.scala:213)
[2026-04-04T09:28:37.131+0000] {spark_submit.py:491} INFO - at org.apache.spark.rpc.netty.Inbox.process(Inbox.scala:100)
[2026-04-04T09:28:37.131+0000] {spark_submit.py:491} INFO - at org.apache.spark.rpc.netty.MessageLoop.org$apache$spark$rpc$netty$MessageLoop$$receiveLoop(MessageLoop.scala:75)
[2026-04-04T09:28:37.131+0000] {spark_submit.py:491} INFO - at org.apache.spark.rpc.netty.MessageLoop$$anon$1.run(MessageLoop.scala:41)
[2026-04-04T09:28:37.131+0000] {spark_submit.py:491} INFO - at java.base/java.util.concurrent.Executors$RunnableAdapter.call(Executors.java:515)
[2026-04-04T09:28:37.131+0000] {spark_submit.py:491} INFO - at java.base/java.util.concurrent.FutureTask.run(FutureTask.java:264)
[2026-04-04T09:28:37.131+0000] {spark_submit.py:491} INFO - at java.base/java.util.concurrent.ThreadPoolExecutor.runWorker(ThreadPoolExecutor.java:1128)
[2026-04-04T09:28:37.131+0000] {spark_submit.py:491} INFO - at java.base/java.util.concurrent.ThreadPoolExecutor$Worker.run(ThreadPoolExecutor.java:628)
[2026-04-04T09:28:37.131+0000] {spark_submit.py:491} INFO - at java.base/java.lang.Thread.run(Thread.java:829)
[2026-04-04T09:28:37.183+0000] {spark_submit.py:491} INFO - 26/04/04 09:28:37 ERROR Inbox: Ignoring error
[2026-04-04T09:28:37.184+0000] {spark_submit.py:491} INFO - java.lang.AssertionError: assertion failed: BlockManager re-registration shouldn't succeed when the executor is lost
[2026-04-04T09:28:37.184+0000] {spark_submit.py:491} INFO - at scala.Predef$.assert(Predef.scala:223)
[2026-04-04T09:28:37.184+0000] {spark_submit.py:491} INFO - at org.apache.spark.storage.BlockManagerMasterEndpoint.org$apache$spark$storage$BlockManagerMasterEndpoint$$register(BlockManagerMasterEndpoint.scala:632)
[2026-04-04T09:28:37.184+0000] {spark_submit.py:491} INFO - at org.apache.spark.storage.BlockManagerMasterEndpoint$$anonfun$receiveAndReply$1.applyOrElse(BlockManagerMasterEndpoint.scala:123)
[2026-04-04T09:28:37.184+0000] {spark_submit.py:491} INFO - at org.apache.spark.rpc.netty.Inbox.$anonfun$process$1(Inbox.scala:103)
[2026-04-04T09:28:37.184+0000] {spark_submit.py:491} INFO - at org.apache.spark.rpc.netty.Inbox.safelyCall(Inbox.scala:213)
[2026-04-04T09:28:37.184+0000] {spark_submit.py:491} INFO - at org.apache.spark.rpc.netty.Inbox.process(Inbox.scala:100)
[2026-04-04T09:28:37.184+0000] {spark_submit.py:491} INFO - at org.apache.spark.rpc.netty.MessageLoop.org$apache$spark$rpc$netty$MessageLoop$$receiveLoop(MessageLoop.scala:75)
[2026-04-04T09:28:37.184+0000] {spark_submit.py:491} INFO - at org.apache.spark.rpc.netty.MessageLoop$$anon$1.run(MessageLoop.scala:41)
[2026-04-04T09:28:37.184+0000] {spark_submit.py:491} INFO - at java.base/java.util.concurrent.Executors$RunnableAdapter.call(Executors.java:515)
[2026-04-04T09:28:37.184+0000] {spark_submit.py:491} INFO - at java.base/java.util.concurrent.FutureTask.run(FutureTask.java:264)
[2026-04-04T09:28:37.184+0000] {spark_submit.py:491} INFO - at java.base/java.util.concurrent.ThreadPoolExecutor.runWorker(ThreadPoolExecutor.java:1128)
[2026-04-04T09:28:37.184+0000] {spark_submit.py:491} INFO - at java.base/java.util.concurrent.ThreadPoolExecutor$Worker.run(ThreadPoolExecutor.java:628)
[2026-04-04T09:28:37.185+0000] {spark_submit.py:491} INFO - at java.base/java.lang.Thread.run(Thread.java:829)
[2026-04-04T09:28:37.428+0000] {spark_submit.py:491} INFO - 26/04/04 09:28:37 ERROR TaskSchedulerImpl: Lost executor 2 on 172.18.0.12: Executor heartbeat timed out after 127467 ms
[2026-04-04T09:28:37.814+0000] {spark_submit.py:491} INFO - 26/04/04 09:28:37 ERROR TaskSchedulerImpl: Lost executor 5 on 172.18.0.12: Executor heartbeat timed out after 134723 ms
[2026-04-04T09:28:37.886+0000] {spark_submit.py:491} INFO - 26/04/04 09:28:37 ERROR TaskSchedulerImpl: Lost executor 8 on 172.18.0.12: Executor heartbeat timed out after 129622 ms
[2026-04-04T09:28:37.886+0000] {spark_submit.py:491} INFO - 26/04/04 09:28:37 ERROR TaskSchedulerImpl: Lost executor 7 on 172.18.0.12: Executor heartbeat timed out after 127442 ms
[2026-04-04T09:28:37.886+0000] {spark_submit.py:491} INFO - 26/04/04 09:28:37 ERROR Inbox: Ignoring error
[2026-04-04T09:28:37.886+0000] {spark_submit.py:491} INFO - java.lang.AssertionError: assertion failed: BlockManager re-registration shouldn't succeed when the executor is lost
[2026-04-04T09:28:37.886+0000] {spark_submit.py:491} INFO - at scala.Predef$.assert(Predef.scala:223)
[2026-04-04T09:28:37.886+0000] {spark_submit.py:491} INFO - at org.apache.spark.storage.BlockManagerMasterEndpoint.org$apache$spark$storage$BlockManagerMasterEndpoint$$register(BlockManagerMasterEndpoint.scala:632)
[2026-04-04T09:28:37.889+0000] {spark_submit.py:491} INFO - at org.apache.spark.storage.BlockManagerMasterEndpoint$$anonfun$receiveAndReply$1.applyOrElse(BlockManagerMasterEndpoint.scala:123)
[2026-04-04T09:28:37.889+0000] {spark_submit.py:491} INFO - at org.apache.spark.rpc.netty.Inbox.$anonfun$process$1(Inbox.scala:103)
[2026-04-04T09:28:37.889+0000] {spark_submit.py:491} INFO - at org.apache.spark.rpc.netty.Inbox.safelyCall(Inbox.scala:213)
[2026-04-04T09:28:37.889+0000] {spark_submit.py:491} INFO - at org.apache.spark.rpc.netty.Inbox.process(Inbox.scala:100)
[2026-04-04T09:28:37.889+0000] {spark_submit.py:491} INFO - at org.apache.spark.rpc.netty.MessageLoop.org$apache$spark$rpc$netty$MessageLoop$$receiveLoop(MessageLoop.scala:75)
[2026-04-04T09:28:37.890+0000] {spark_submit.py:491} INFO - at org.apache.spark.rpc.netty.MessageLoop$$anon$1.run(MessageLoop.scala:41)
[2026-04-04T09:28:37.890+0000] {spark_submit.py:491} INFO - at java.base/java.util.concurrent.Executors$RunnableAdapter.call(Executors.java:515)
[2026-04-04T09:28:37.890+0000] {spark_submit.py:491} INFO - at java.base/java.util.concurrent.FutureTask.run(FutureTask.java:264)
[2026-04-04T09:28:37.890+0000] {spark_submit.py:491} INFO - at java.base/java.util.concurrent.ThreadPoolExecutor.runWorker(ThreadPoolExecutor.java:1128)
[2026-04-04T09:28:37.890+0000] {spark_submit.py:491} INFO - at java.base/java.util.concurrent.ThreadPoolExecutor$Worker.run(ThreadPoolExecutor.java:628)
[2026-04-04T09:28:37.890+0000] {spark_submit.py:491} INFO - at java.base/java.lang.Thread.run(Thread.java:829)
[2026-04-04T09:28:37.890+0000] {spark_submit.py:491} INFO - 26/04/04 09:28:37 WARN TaskSetManager: Lost task 3.0 in stage 10.0 (TID 311) (172.18.0.12 executor 7): ExecutorLostFailure (executor 7 exited caused by one of the running tasks) Reason: Executor heartbeat timed out after 127442 ms
[2026-04-04T09:28:37.890+0000] {spark_submit.py:491} INFO - 26/04/04 09:28:37 ERROR TaskSchedulerImpl: Lost executor 1 on 172.18.0.12: Executor heartbeat timed out after 129622 ms
[2026-04-04T09:28:37.974+0000] {spark_submit.py:491} INFO - 26/04/04 09:28:37 ERROR TaskSchedulerImpl: Lost executor 11 on 172.18.0.12: Executor heartbeat timed out after 129621 ms
[2026-04-04T09:28:37.989+0000] {spark_submit.py:491} INFO - 26/04/04 09:28:37 ERROR Inbox: Ignoring error
[2026-04-04T09:28:37.991+0000] {spark_submit.py:491} INFO - java.lang.AssertionError: assertion failed: BlockManager re-registration shouldn't succeed when the executor is lost
[2026-04-04T09:28:37.991+0000] {spark_submit.py:491} INFO - at scala.Predef$.assert(Predef.scala:223)
[2026-04-04T09:28:37.991+0000] {spark_submit.py:491} INFO - at org.apache.spark.storage.BlockManagerMasterEndpoint.org$apache$spark$storage$BlockManagerMasterEndpoint$$register(BlockManagerMasterEndpoint.scala:632)
[2026-04-04T09:28:37.991+0000] {spark_submit.py:491} INFO - at org.apache.spark.storage.BlockManagerMasterEndpoint$$anonfun$receiveAndReply$1.applyOrElse(BlockManagerMasterEndpoint.scala:123)
[2026-04-04T09:28:37.991+0000] {spark_submit.py:491} INFO - at org.apache.spark.rpc.netty.Inbox.$anonfun$process$1(Inbox.scala:103)
[2026-04-04T09:28:37.991+0000] {spark_submit.py:491} INFO - at org.apache.spark.rpc.netty.Inbox.safelyCall(Inbox.scala:213)
[2026-04-04T09:28:37.991+0000] {spark_submit.py:491} INFO - at org.apache.spark.rpc.netty.Inbox.process(Inbox.scala:100)
[2026-04-04T09:28:37.991+0000] {spark_submit.py:491} INFO - at org.apache.spark.rpc.netty.MessageLoop.org$apache$spark$rpc$netty$MessageLoop$$receiveLoop(MessageLoop.scala:75)
[2026-04-04T09:28:37.991+0000] {spark_submit.py:491} INFO - at org.apache.spark.rpc.netty.MessageLoop$$anon$1.run(MessageLoop.scala:41)
[2026-04-04T09:28:37.991+0000] {spark_submit.py:491} INFO - at java.base/java.util.concurrent.Executors$RunnableAdapter.call(Executors.java:515)
[2026-04-04T09:28:37.992+0000] {spark_submit.py:491} INFO - at java.base/java.util.concurrent.FutureTask.run(FutureTask.java:264)
[2026-04-04T09:28:37.992+0000] {spark_submit.py:491} INFO - at java.base/java.util.concurrent.ThreadPoolExecutor.runWorker(ThreadPoolExecutor.java:1128)
[2026-04-04T09:28:37.992+0000] {spark_submit.py:491} INFO - at java.base/java.util.concurrent.ThreadPoolExecutor$Worker.run(ThreadPoolExecutor.java:628)
[2026-04-04T09:28:37.997+0000] {spark_submit.py:491} INFO - at java.base/java.lang.Thread.run(Thread.java:829)
[2026-04-04T09:28:37.997+0000] {spark_submit.py:491} INFO - 26/04/04 09:28:37 ERROR TaskSchedulerImpl: Lost executor 4 on 172.18.0.12: Executor heartbeat timed out after 129622 ms
[2026-04-04T09:28:37.998+0000] {spark_submit.py:491} INFO - 26/04/04 09:28:37 WARN TaskSetManager: Lost task 3.1 in stage 10.0 (TID 322) (172.18.0.12 executor 4): ExecutorLostFailure (executor 4 exited caused by one of the running tasks) Reason: Executor heartbeat timed out after 129622 ms
[2026-04-04T09:28:38.012+0000] {spark_submit.py:491} INFO - 26/04/04 09:28:38 ERROR TaskSchedulerImpl: Lost executor 6 on 172.18.0.12: Executor heartbeat timed out after 127471 ms
[2026-04-04T09:28:38.013+0000] {spark_submit.py:491} INFO - 26/04/04 09:28:38 WARN TaskSetManager: Lost task 5.1 in stage 10.0 (TID 324) (172.18.0.12 executor 6): ExecutorLostFailure (executor 6 exited caused by one of the running tasks) Reason: Executor heartbeat timed out after 127471 ms
[2026-04-04T09:28:38.048+0000] {spark_submit.py:491} INFO - 26/04/04 09:28:38 ERROR TaskSchedulerImpl: Lost executor 0 on 172.18.0.12: Executor heartbeat timed out after 129639 ms
[2026-04-04T09:28:38.049+0000] {spark_submit.py:491} INFO - 26/04/04 09:28:38 WARN TaskSetManager: Lost task 4.1 in stage 10.0 (TID 323) (172.18.0.12 executor 0): ExecutorLostFailure (executor 0 exited caused by one of the running tasks) Reason: Executor heartbeat timed out after 129639 ms
[2026-04-04T09:28:38.075+0000] {spark_submit.py:491} INFO - 26/04/04 09:28:38 ERROR TaskSchedulerImpl: Lost executor 9 on 172.18.0.12: Executor heartbeat timed out after 133487 ms
[2026-04-04T09:28:38.077+0000] {spark_submit.py:491} INFO - 26/04/04 09:28:38 WARN TaskSetManager: Lost task 8.1 in stage 10.0 (TID 321) (172.18.0.12 executor 9): ExecutorLostFailure (executor 9 exited caused by one of the running tasks) Reason: Executor heartbeat timed out after 133487 ms
[2026-04-04T09:28:38.106+0000] {spark_submit.py:491} INFO - 26/04/04 09:28:38 WARN BlockManagerMasterEndpoint: No more replicas available for rdd_41_42 !
[2026-04-04T09:28:38.106+0000] {spark_submit.py:491} INFO - 26/04/04 09:28:38 WARN BlockManagerMasterEndpoint: No more replicas available for rdd_31_11 !
[2026-04-04T09:28:38.107+0000] {spark_submit.py:491} INFO - 26/04/04 09:28:38 WARN BlockManagerMasterEndpoint: No more replicas available for rdd_31_42 !
[2026-04-04T09:28:38.107+0000] {spark_submit.py:491} INFO - 26/04/04 09:28:38 WARN BlockManagerMasterEndpoint: No more replicas available for rdd_41_11 !
[2026-04-04T09:28:38.109+0000] {spark_submit.py:491} INFO - 26/04/04 09:28:38 WARN BlockManagerMasterEndpoint: No more replicas available for rdd_41_36 !
[2026-04-04T09:28:38.112+0000] {spark_submit.py:491} INFO - 26/04/04 09:28:38 ERROR TaskSchedulerImpl: Lost executor 3 on 172.18.0.12: Executor heartbeat timed out after 134755 ms
[2026-04-04T09:28:38.112+0000] {spark_submit.py:491} INFO - 26/04/04 09:28:38 WARN TaskSetManager: Lost task 7.0 in stage 10.0 (TID 315) (172.18.0.12 executor 3): ExecutorLostFailure (executor 3 exited caused by one of the running tasks) Reason: Executor heartbeat timed out after 134755 ms
[2026-04-04T09:28:38.136+0000] {spark_submit.py:491} INFO - 26/04/04 09:28:38 ERROR Inbox: Ignoring error
[2026-04-04T09:28:38.136+0000] {spark_submit.py:491} INFO - java.lang.AssertionError: assertion failed: BlockManager re-registration shouldn't succeed when the executor is lost
[2026-04-04T09:28:38.136+0000] {spark_submit.py:491} INFO - at scala.Predef$.assert(Predef.scala:223)
[2026-04-04T09:28:38.136+0000] {spark_submit.py:491} INFO - at org.apache.spark.storage.BlockManagerMasterEndpoint.org$apache$spark$storage$BlockManagerMasterEndpoint$$register(BlockManagerMasterEndpoint.scala:632)
[2026-04-04T09:28:38.136+0000] {spark_submit.py:491} INFO - at org.apache.spark.storage.BlockManagerMasterEndpoint$$anonfun$receiveAndReply$1.applyOrElse(BlockManagerMasterEndpoint.scala:123)
[2026-04-04T09:28:38.137+0000] {spark_submit.py:491} INFO - at org.apache.spark.rpc.netty.Inbox.$anonfun$process$1(Inbox.scala:103)
[2026-04-04T09:28:38.137+0000] {spark_submit.py:491} INFO - at org.apache.spark.rpc.netty.Inbox.safelyCall(Inbox.scala:213)
[2026-04-04T09:28:38.137+0000] {spark_submit.py:491} INFO - at org.apache.spark.rpc.netty.Inbox.process(Inbox.scala:100)
[2026-04-04T09:28:38.137+0000] {spark_submit.py:491} INFO - at org.apache.spark.rpc.netty.MessageLoop.org$apache$spark$rpc$netty$MessageLoop$$receiveLoop(MessageLoop.scala:75)
[2026-04-04T09:28:38.137+0000] {spark_submit.py:491} INFO - at org.apache.spark.rpc.netty.MessageLoop$$anon$1.run(MessageLoop.scala:41)
[2026-04-04T09:28:38.137+0000] {spark_submit.py:491} INFO - at java.base/java.util.concurrent.Executors$RunnableAdapter.call(Executors.java:515)
[2026-04-04T09:28:38.137+0000] {spark_submit.py:491} INFO - at java.base/java.util.concurrent.FutureTask.run(FutureTask.java:264)
[2026-04-04T09:28:38.137+0000] {spark_submit.py:491} INFO - at java.base/java.util.concurrent.ThreadPoolExecutor.runWorker(ThreadPoolExecutor.java:1128)
[2026-04-04T09:28:38.138+0000] {spark_submit.py:491} INFO - at java.base/java.util.concurrent.ThreadPoolExecutor$Worker.run(ThreadPoolExecutor.java:628)
[2026-04-04T09:28:38.138+0000] {spark_submit.py:491} INFO - at java.base/java.lang.Thread.run(Thread.java:829)
[2026-04-04T09:28:38.157+0000] {spark_submit.py:491} INFO - 26/04/04 09:28:38 WARN BlockManagerMasterEndpoint: No more replicas available for rdd_31_4 !
[2026-04-04T09:28:38.157+0000] {spark_submit.py:491} INFO - 26/04/04 09:28:38 WARN BlockManagerMasterEndpoint: No more replicas available for rdd_31_38 !
[2026-04-04T09:28:38.158+0000] {spark_submit.py:491} INFO - 26/04/04 09:28:38 WARN BlockManagerMasterEndpoint: No more replicas available for rdd_31_26 !
[2026-04-04T09:28:38.158+0000] {spark_submit.py:491} INFO - 26/04/04 09:28:38 WARN BlockManagerMasterEndpoint: No more replicas available for rdd_41_39 !
[2026-04-04T09:28:38.158+0000] {spark_submit.py:491} INFO - 26/04/04 09:28:38 WARN BlockManagerMasterEndpoint: No more replicas available for rdd_41_4 !
[2026-04-04T09:28:38.158+0000] {spark_submit.py:491} INFO - 26/04/04 09:28:38 WARN BlockManagerMasterEndpoint: No more replicas available for rdd_31_16 !
[2026-04-04T09:28:38.158+0000] {spark_submit.py:491} INFO - 26/04/04 09:28:38 WARN BlockManagerMasterEndpoint: No more replicas available for rdd_41_16 !
[2026-04-04T09:28:38.158+0000] {spark_submit.py:491} INFO - 26/04/04 09:28:38 WARN BlockManagerMasterEndpoint: No more replicas available for rdd_31_49 !
[2026-04-04T09:28:38.158+0000] {spark_submit.py:491} INFO - 26/04/04 09:28:38 WARN BlockManagerMasterEndpoint: No more replicas available for rdd_41_26 !
[2026-04-04T09:28:38.158+0000] {spark_submit.py:491} INFO - 26/04/04 09:28:38 WARN BlockManagerMasterEndpoint: No more replicas available for rdd_41_38 !
[2026-04-04T09:28:38.158+0000] {spark_submit.py:491} INFO - 26/04/04 09:28:38 WARN BlockManagerMasterEndpoint: No more replicas available for rdd_41_49 !
[2026-04-04T09:28:38.164+0000] {spark_submit.py:491} INFO - 26/04/04 09:28:38 WARN BlockManagerMasterEndpoint: No more replicas available for rdd_41_27 !
[2026-04-04T09:28:38.164+0000] {spark_submit.py:491} INFO - 26/04/04 09:28:38 WARN BlockManagerMasterEndpoint: No more replicas available for rdd_41_35 !
[2026-04-04T09:28:38.165+0000] {spark_submit.py:491} INFO - 26/04/04 09:28:38 WARN BlockManagerMasterEndpoint: No more replicas available for rdd_31_27 !
[2026-04-04T09:28:38.165+0000] {spark_submit.py:491} INFO - 26/04/04 09:28:38 WARN BlockManagerMasterEndpoint: No more replicas available for rdd_41_0 !
[2026-04-04T09:28:38.165+0000] {spark_submit.py:491} INFO - 26/04/04 09:28:38 WARN BlockManagerMasterEndpoint: No more replicas available for rdd_31_35 !
[2026-04-04T09:28:38.165+0000] {spark_submit.py:491} INFO - 26/04/04 09:28:38 WARN BlockManagerMasterEndpoint: No more replicas available for rdd_31_0 !
[2026-04-04T09:28:38.165+0000] {spark_submit.py:491} INFO - 26/04/04 09:28:38 WARN BlockManagerMasterEndpoint: No more replicas available for rdd_41_48 !
[2026-04-04T09:28:38.166+0000] {spark_submit.py:491} INFO - 26/04/04 09:28:38 WARN BlockManagerMasterEndpoint: No more replicas available for rdd_41_33 !
[2026-04-04T09:28:38.166+0000] {spark_submit.py:491} INFO - 26/04/04 09:28:38 WARN BlockManagerMasterEndpoint: No more replicas available for rdd_31_48 !
[2026-04-04T09:28:38.183+0000] {spark_submit.py:491} INFO - 26/04/04 09:28:38 ERROR TaskSchedulerImpl: Lost executor 10 on 172.18.0.12: Executor heartbeat timed out after 129622 ms
[2026-04-04T09:28:38.196+0000] {spark_submit.py:491} INFO - 26/04/04 09:28:38 WARN TaskSetManager: Lost task 6.0 in stage 10.0 (TID 314) (172.18.0.12 executor 10): ExecutorLostFailure (executor 10 exited caused by one of the running tasks) Reason: Executor heartbeat timed out after 129622 ms
[2026-04-04T09:28:38.208+0000] {spark_submit.py:491} INFO - 26/04/04 09:28:38 WARN BlockManagerMasterEndpoint: No more replicas available for rdd_41_28 !
[2026-04-04T09:28:38.209+0000] {spark_submit.py:491} INFO - 26/04/04 09:28:38 WARN BlockManagerMasterEndpoint: No more replicas available for rdd_31_2 !
[2026-04-04T09:28:38.209+0000] {spark_submit.py:491} INFO - 26/04/04 09:28:38 WARN BlockManagerMasterEndpoint: No more replicas available for rdd_41_2 !
[2026-04-04T09:28:38.211+0000] {spark_submit.py:491} INFO - 26/04/04 09:28:38 WARN BlockManagerMasterEndpoint: No more replicas available for rdd_31_18 !
[2026-04-04T09:28:38.211+0000] {spark_submit.py:491} INFO - 26/04/04 09:28:38 WARN BlockManagerMasterEndpoint: No more replicas available for rdd_41_24 !
[2026-04-04T09:28:38.211+0000] {spark_submit.py:491} INFO - 26/04/04 09:28:38 WARN BlockManagerMasterEndpoint: No more replicas available for rdd_41_1 !
[2026-04-04T09:28:38.211+0000] {spark_submit.py:491} INFO - 26/04/04 09:28:38 WARN BlockManagerMasterEndpoint: No more replicas available for rdd_31_24 !
[2026-04-04T09:28:38.211+0000] {spark_submit.py:491} INFO - 26/04/04 09:28:38 WARN BlockManagerMasterEndpoint: No more replicas available for rdd_31_36 !
[2026-04-04T09:28:38.211+0000] {spark_submit.py:491} INFO - 26/04/04 09:28:38 WARN BlockManagerMasterEndpoint: No more replicas available for rdd_31_31 !
[2026-04-04T09:28:38.211+0000] {spark_submit.py:491} INFO - 26/04/04 09:28:38 WARN BlockManagerMasterEndpoint: No more replicas available for rdd_31_1 !
[2026-04-04T09:28:38.212+0000] {spark_submit.py:491} INFO - 26/04/04 09:28:38 WARN BlockManagerMasterEndpoint: No more replicas available for rdd_41_18 !
[2026-04-04T09:28:38.212+0000] {spark_submit.py:491} INFO - 26/04/04 09:28:38 WARN BlockManagerMasterEndpoint: No more replicas available for rdd_41_31 !
[2026-04-04T09:28:38.216+0000] {spark_submit.py:491} INFO - 26/04/04 09:28:38 WARN BlockManagerMasterEndpoint: No more replicas available for rdd_31_12 !
[2026-04-04T09:28:38.216+0000] {spark_submit.py:491} INFO - 26/04/04 09:28:38 WARN BlockManagerMasterEndpoint: No more replicas available for rdd_31_39 !
[2026-04-04T09:28:38.217+0000] {spark_submit.py:491} INFO - 26/04/04 09:28:38 WARN BlockManagerMasterEndpoint: No more replicas available for rdd_31_47 !
[2026-04-04T09:28:38.217+0000] {spark_submit.py:491} INFO - 26/04/04 09:28:38 WARN BlockManagerMasterEndpoint: No more replicas available for rdd_31_23 !
[2026-04-04T09:28:38.217+0000] {spark_submit.py:491} INFO - 26/04/04 09:28:38 WARN BlockManagerMasterEndpoint: No more replicas available for rdd_31_15 !
[2026-04-04T09:28:38.217+0000] {spark_submit.py:491} INFO - 26/04/04 09:28:38 WARN BlockManagerMasterEndpoint: No more replicas available for rdd_41_12 !
[2026-04-04T09:28:38.217+0000] {spark_submit.py:491} INFO - 26/04/04 09:28:38 WARN BlockManagerMasterEndpoint: No more replicas available for rdd_41_6 !
[2026-04-04T09:28:38.217+0000] {spark_submit.py:491} INFO - 26/04/04 09:28:38 WARN BlockManagerMasterEndpoint: No more replicas available for rdd_31_28 !
[2026-04-04T09:28:38.217+0000] {spark_submit.py:491} INFO - 26/04/04 09:28:38 WARN BlockManagerMasterEndpoint: No more replicas available for rdd_31_33 !
[2026-04-04T09:28:38.217+0000] {spark_submit.py:491} INFO - 26/04/04 09:28:38 WARN BlockManagerMasterEndpoint: No more replicas available for rdd_41_23 !
[2026-04-04T09:28:38.217+0000] {spark_submit.py:491} INFO - 26/04/04 09:28:38 WARN BlockManagerMasterEndpoint: No more replicas available for rdd_31_21 !
[2026-04-04T09:28:38.219+0000] {spark_submit.py:491} INFO - 26/04/04 09:28:38 WARN BlockManagerMasterEndpoint: No more replicas available for rdd_41_15 !
[2026-04-04T09:28:38.220+0000] {spark_submit.py:491} INFO - 26/04/04 09:28:38 WARN BlockManagerMasterEndpoint: No more replicas available for rdd_31_19 !
[2026-04-04T09:28:38.220+0000] {spark_submit.py:491} INFO - 26/04/04 09:28:38 WARN BlockManagerMasterEndpoint: No more replicas available for rdd_41_21 !
[2026-04-04T09:28:38.220+0000] {spark_submit.py:491} INFO - 26/04/04 09:28:38 WARN BlockManagerMasterEndpoint: No more replicas available for rdd_31_6 !
[2026-04-04T09:28:38.220+0000] {spark_submit.py:491} INFO - 26/04/04 09:28:38 WARN BlockManagerMasterEndpoint: No more replicas available for rdd_41_19 !
[2026-04-04T09:28:38.220+0000] {spark_submit.py:491} INFO - 26/04/04 09:28:38 WARN BlockManagerMasterEndpoint: No more replicas available for rdd_31_34 !
[2026-04-04T09:28:38.220+0000] {spark_submit.py:491} INFO - 26/04/04 09:28:38 WARN BlockManagerMasterEndpoint: No more replicas available for rdd_41_7 !
[2026-04-04T09:28:38.220+0000] {spark_submit.py:491} INFO - 26/04/04 09:28:38 WARN BlockManagerMasterEndpoint: No more replicas available for rdd_31_22 !
[2026-04-04T09:28:38.220+0000] {spark_submit.py:491} INFO - 26/04/04 09:28:38 WARN BlockManagerMasterEndpoint: No more replicas available for rdd_41_14 !
[2026-04-04T09:28:38.220+0000] {spark_submit.py:491} INFO - 26/04/04 09:28:38 WARN BlockManagerMasterEndpoint: No more replicas available for rdd_41_22 !
[2026-04-04T09:28:38.221+0000] {spark_submit.py:491} INFO - 26/04/04 09:28:38 WARN BlockManagerMasterEndpoint: No more replicas available for rdd_31_14 !
[2026-04-04T09:28:38.221+0000] {spark_submit.py:491} INFO - 26/04/04 09:28:38 WARN BlockManagerMasterEndpoint: No more replicas available for rdd_31_44 !
[2026-04-04T09:28:38.221+0000] {spark_submit.py:491} INFO - 26/04/04 09:28:38 WARN BlockManagerMasterEndpoint: No more replicas available for rdd_41_34 !
[2026-04-04T09:28:38.221+0000] {spark_submit.py:491} INFO - 26/04/04 09:28:38 WARN BlockManagerMasterEndpoint: No more replicas available for rdd_31_7 !
[2026-04-04T09:28:38.221+0000] {spark_submit.py:491} INFO - 26/04/04 09:28:38 WARN BlockManagerMasterEndpoint: No more replicas available for rdd_41_44 !
[2026-04-04T09:28:38.222+0000] {spark_submit.py:491} INFO - 26/04/04 09:28:38 WARN BlockManagerMasterEndpoint: No more replicas available for rdd_41_45 !
[2026-04-04T09:28:38.222+0000] {spark_submit.py:491} INFO - 26/04/04 09:28:38 WARN BlockManagerMasterEndpoint: No more replicas available for rdd_41_10 !
[2026-04-04T09:28:38.222+0000] {spark_submit.py:491} INFO - 26/04/04 09:28:38 WARN BlockManagerMasterEndpoint: No more replicas available for rdd_31_10 !
[2026-04-04T09:28:38.222+0000] {spark_submit.py:491} INFO - 26/04/04 09:28:38 WARN BlockManagerMasterEndpoint: No more replicas available for rdd_31_45 !
[2026-04-04T09:28:38.222+0000] {spark_submit.py:491} INFO - 26/04/04 09:28:38 WARN BlockManagerMasterEndpoint: No more replicas available for rdd_31_29 !
[2026-04-04T09:28:38.222+0000] {spark_submit.py:491} INFO - 26/04/04 09:28:38 WARN BlockManagerMasterEndpoint: No more replicas available for rdd_31_43 !
[2026-04-04T09:28:38.222+0000] {spark_submit.py:491} INFO - 26/04/04 09:28:38 WARN BlockManagerMasterEndpoint: No more replicas available for rdd_41_43 !
[2026-04-04T09:28:38.222+0000] {spark_submit.py:491} INFO - 26/04/04 09:28:38 WARN BlockManagerMasterEndpoint: No more replicas available for rdd_31_20 !
[2026-04-04T09:28:38.224+0000] {spark_submit.py:491} INFO - 26/04/04 09:28:38 WARN BlockManagerMasterEndpoint: No more replicas available for rdd_41_29 !
[2026-04-04T09:28:38.224+0000] {spark_submit.py:491} INFO - 26/04/04 09:28:38 WARN BlockManagerMasterEndpoint: No more replicas available for rdd_31_8 !
[2026-04-04T09:28:38.224+0000] {spark_submit.py:491} INFO - 26/04/04 09:28:38 WARN BlockManagerMasterEndpoint: No more replicas available for rdd_41_8 !
[2026-04-04T09:28:38.224+0000] {spark_submit.py:491} INFO - 26/04/04 09:28:38 WARN BlockManagerMasterEndpoint: No more replicas available for rdd_41_20 !
[2026-04-04T09:28:38.224+0000] {spark_submit.py:491} INFO - 26/04/04 09:28:38 WARN BlockManagerMasterEndpoint: No more replicas available for rdd_31_17 !
[2026-04-04T09:28:38.224+0000] {spark_submit.py:491} INFO - 26/04/04 09:28:38 WARN BlockManagerMasterEndpoint: No more replicas available for rdd_41_32 !
[2026-04-04T09:28:38.225+0000] {spark_submit.py:491} INFO - 26/04/04 09:28:38 WARN BlockManagerMasterEndpoint: No more replicas available for rdd_41_13 !
[2026-04-04T09:28:38.225+0000] {spark_submit.py:491} INFO - 26/04/04 09:28:38 WARN BlockManagerMasterEndpoint: No more replicas available for rdd_31_40 !
[2026-04-04T09:28:38.225+0000] {spark_submit.py:491} INFO - 26/04/04 09:28:38 WARN BlockManagerMasterEndpoint: No more replicas available for rdd_41_25 !
[2026-04-04T09:28:38.225+0000] {spark_submit.py:491} INFO - 26/04/04 09:28:38 WARN BlockManagerMasterEndpoint: No more replicas available for rdd_31_25 !
[2026-04-04T09:28:38.225+0000] {spark_submit.py:491} INFO - 26/04/04 09:28:38 WARN BlockManagerMasterEndpoint: No more replicas available for rdd_31_13 !
[2026-04-04T09:28:38.225+0000] {spark_submit.py:491} INFO - 26/04/04 09:28:38 WARN BlockManagerMasterEndpoint: No more replicas available for rdd_41_5 !
[2026-04-04T09:28:38.226+0000] {spark_submit.py:491} INFO - 26/04/04 09:28:38 WARN BlockManagerMasterEndpoint: No more replicas available for rdd_41_40 !
[2026-04-04T09:28:38.226+0000] {spark_submit.py:491} INFO - 26/04/04 09:28:38 WARN BlockManagerMasterEndpoint: No more replicas available for rdd_31_5 !
[2026-04-04T09:28:38.226+0000] {spark_submit.py:491} INFO - 26/04/04 09:28:38 WARN BlockManagerMasterEndpoint: No more replicas available for rdd_41_17 !
[2026-04-04T09:28:38.226+0000] {spark_submit.py:491} INFO - 26/04/04 09:28:38 WARN BlockManagerMasterEndpoint: No more replicas available for rdd_31_32 !
[2026-04-04T09:28:38.226+0000] {spark_submit.py:491} INFO - 26/04/04 09:28:38 WARN BlockManagerMasterEndpoint: No more replicas available for rdd_31_9 !
[2026-04-04T09:28:38.226+0000] {spark_submit.py:491} INFO - 26/04/04 09:28:38 WARN BlockManagerMasterEndpoint: No more replicas available for rdd_41_41 !
[2026-04-04T09:28:38.226+0000] {spark_submit.py:491} INFO - 26/04/04 09:28:38 WARN BlockManagerMasterEndpoint: No more replicas available for rdd_41_47 !
[2026-04-04T09:28:38.226+0000] {spark_submit.py:491} INFO - 26/04/04 09:28:38 WARN BlockManagerMasterEndpoint: No more replicas available for rdd_31_41 !
[2026-04-04T09:28:38.226+0000] {spark_submit.py:491} INFO - 26/04/04 09:28:38 WARN BlockManagerMasterEndpoint: No more replicas available for rdd_41_9 !
[2026-04-04T09:28:38.227+0000] {spark_submit.py:491} INFO - 26/04/04 09:28:38 WARN BlockManagerMasterEndpoint: No more replicas available for rdd_41_30 !
[2026-04-04T09:28:38.227+0000] {spark_submit.py:491} INFO - 26/04/04 09:28:38 WARN BlockManagerMasterEndpoint: No more replicas available for rdd_31_30 !
[2026-04-04T09:28:38.227+0000] {spark_submit.py:491} INFO - 26/04/04 09:28:38 WARN BlockManagerMasterEndpoint: No more replicas available for rdd_41_37 !
[2026-04-04T09:28:38.227+0000] {spark_submit.py:491} INFO - 26/04/04 09:28:38 WARN BlockManagerMasterEndpoint: No more replicas available for rdd_31_37 !
[2026-04-04T09:28:38.227+0000] {spark_submit.py:491} INFO - 26/04/04 09:28:38 WARN BlockManagerMasterEndpoint: No more replicas available for rdd_31_3 !
[2026-04-04T09:28:38.228+0000] {spark_submit.py:491} INFO - 26/04/04 09:28:38 WARN BlockManagerMasterEndpoint: No more replicas available for rdd_41_3 !
[2026-04-04T09:28:38.228+0000] {spark_submit.py:491} INFO - 26/04/04 09:28:38 WARN BlockManagerMasterEndpoint: No more replicas available for rdd_41_46 !
[2026-04-04T09:28:38.228+0000] {spark_submit.py:491} INFO - 26/04/04 09:28:38 WARN BlockManagerMasterEndpoint: No more replicas available for rdd_31_46 !
[2026-04-04T09:28:44.639+0000] {local_task_job_runner.py:274} WARNING - Recorded pid 2417 does not match the current pid 1528
[2026-04-04T09:28:44.647+0000] {process_utils.py:131} INFO - Sending 15 to group 1528. PIDs of all processes in the group: [1529, 1594, 1528]
[2026-04-04T09:28:44.650+0000] {process_utils.py:86} INFO - Sending the signal 15 to group 1528
[2026-04-04T09:28:44.656+0000] {taskinstance.py:1632} ERROR - Received SIGTERM. Terminating subprocesses.
[2026-04-04T09:28:44.657+0000] {spark_submit.py:618} INFO - Sending kill signal to spark-submit
[2026-04-04T09:28:44.718+0000] {taskinstance.py:1937} ERROR - Task failed with exception
Traceback (most recent call last):
  File "/home/airflow/.local/lib/python3.10/site-packages/airflow/providers/apache/spark/operators/spark_submit.py", line 156, in execute
    self._hook.submit(self._application)
  File "/home/airflow/.local/lib/python3.10/site-packages/airflow/providers/apache/spark/hooks/spark_submit.py", line 410, in submit
    self._process_spark_submit_log(iter(self._submit_sp.stdout))  # type: ignore
  File "/home/airflow/.local/lib/python3.10/site-packages/airflow/providers/apache/spark/hooks/spark_submit.py", line 459, in _process_spark_submit_log
    for line in itr:
  File "/home/airflow/.local/lib/python3.10/site-packages/airflow/models/taskinstance.py", line 1634, in signal_handler
    raise AirflowException("Task received SIGTERM signal")
airflow.exceptions.AirflowException: Task received SIGTERM signal
[2026-04-04T09:28:44.737+0000] {taskinstance.py:1400} INFO - Marking task as FAILED. dag_id=silver_spark_processor, task_id=process_silver_products, execution_date=20260403T000000, start_date=20260404T092843, end_date=20260404T092844
[2026-04-04T09:28:44.870+0000] {standard_task_runner.py:104} ERROR - Failed to execute job 661 for task process_silver_products (Task received SIGTERM signal; 1528)
[2026-04-04T09:28:44.962+0000] {process_utils.py:79} INFO - Process psutil.Process(pid=1529, status='terminated', started='09:21:53') (1529) terminated with exit code None
[2026-04-04T09:28:44.967+0000] {process_utils.py:79} INFO - Process psutil.Process(pid=1528, status='terminated', exitcode=1, started='09:21:53') (1528) terminated with exit code 1
[2026-04-04T09:28:44.968+0000] {process_utils.py:79} INFO - Process psutil.Process(pid=1594, status='terminated', started='09:21:59') (1594) terminated with exit code None
