[2026-04-02T10:28:44.359+0000] {taskinstance.py:1159} INFO - Dependencies all met for dep_context=non-requeueable deps ti=<TaskInstance: bronze_mysql_to_minio.extract_products scheduled__2026-04-01T00:00:00+00:00 [queued]>
[2026-04-02T10:28:44.398+0000] {taskinstance.py:1159} INFO - Dependencies all met for dep_context=requeueable deps ti=<TaskInstance: bronze_mysql_to_minio.extract_products scheduled__2026-04-01T00:00:00+00:00 [queued]>
[2026-04-02T10:28:44.399+0000] {taskinstance.py:1361} INFO - Starting attempt 3 of 4
[2026-04-02T10:28:44.477+0000] {taskinstance.py:1382} INFO - Executing <Task(PythonOperator): extract_products> on 2026-04-01 00:00:00+00:00
[2026-04-02T10:28:44.494+0000] {standard_task_runner.py:57} INFO - Started process 772 to run task
[2026-04-02T10:28:44.502+0000] {standard_task_runner.py:84} INFO - Running: ['airflow', 'tasks', 'run', 'bronze_mysql_to_minio', 'extract_products', 'scheduled__2026-04-01T00:00:00+00:00', '--job-id', '182', '--raw', '--subdir', 'DAGS_FOLDER/bronze_dag.py', '--cfg-path', '/tmp/tmpxrnio7dx']
[2026-04-02T10:28:44.511+0000] {standard_task_runner.py:85} INFO - Job 182: Subtask extract_products
[2026-04-02T10:28:44.690+0000] {task_command.py:416} INFO - Running <TaskInstance: bronze_mysql_to_minio.extract_products scheduled__2026-04-01T00:00:00+00:00 [running]> on host 1115d2cb4d12
[2026-04-02T10:28:44.936+0000] {taskinstance.py:1662} INFO - Exporting env vars: AIRFLOW_CTX_DAG_OWNER='data-team' AIRFLOW_CTX_DAG_ID='bronze_mysql_to_minio' AIRFLOW_CTX_TASK_ID='extract_products' AIRFLOW_CTX_EXECUTION_DATE='2026-04-01T00:00:00+00:00' AIRFLOW_CTX_TRY_NUMBER='3' AIRFLOW_CTX_DAG_RUN_ID='scheduled__2026-04-01T00:00:00+00:00'
[2026-04-02T10:28:44.986+0000] {extract_mysql.py:32} INFO - [products] Full Load | Query: SELECT * FROM products;
[2026-04-02T10:28:47.921+0000] {extract_mysql.py:35} INFO - [products] Đã đọc: 32951 dòng x 11 cột
[2026-04-02T10:28:48.032+0000] {taskinstance.py:1937} ERROR - Task failed with exception
Traceback (most recent call last):
  File "/opt/airflow/etl/utils/minio_client.py", line 61, in save
    self._client.fput_object(self._bucket, object_key, tmp_path)
  File "/home/airflow/.local/lib/python3.10/site-packages/minio/api.py", line 992, in fput_object
    file_size = os.stat(file_path).st_size
FileNotFoundError: [Errno 2] No such file or directory: '/tmp/file_bronze_olist_products_20260402102847.parquet'

During handling of the above exception, another exception occurred:

Traceback (most recent call last):
  File "/home/airflow/.local/lib/python3.10/site-packages/airflow/operators/python.py", line 192, in execute
    return_value = self.execute_callable()
  File "/home/airflow/.local/lib/python3.10/site-packages/airflow/operators/python.py", line 209, in execute_callable
    return self.python_callable(*self.op_args, **self.op_kwargs)
  File "/opt/airflow/dags/bronze_dag.py", line 58, in _run
    metadata = extract_fn(mysql, minio, logical_date=logical_date)
  File "/opt/airflow/etl/bronze/extract_mysql.py", line 91, in extract_products
    return _extract_full_load(mysql, minio, "products", "olist", logical_date=logical_date)
  File "/opt/airflow/etl/bronze/extract_mysql.py", line 37, in _extract_full_load
    object_key = minio.save(df, layer=LAYER, schema=schema, table=table_name, logical_date=logical_date)
  File "/opt/airflow/etl/utils/minio_client.py", line 64, in save
    raise Exception(f"Error saving to MinIO [{object_key}]: {e}")
Exception: Error saving to MinIO [bronze/olist/products/year=2026/month=04/day=02/products_20260402_000000.parquet]: [Errno 2] No such file or directory: '/tmp/file_bronze_olist_products_20260402102847.parquet'
[2026-04-02T10:28:48.057+0000] {taskinstance.py:1400} INFO - Marking task as UP_FOR_RETRY. dag_id=bronze_mysql_to_minio, task_id=extract_products, execution_date=20260401T000000, start_date=20260402T102844, end_date=20260402T102848
[2026-04-02T10:28:48.102+0000] {standard_task_runner.py:104} ERROR - Failed to execute job 182 for task extract_products (Error saving to MinIO [bronze/olist/products/year=2026/month=04/day=02/products_20260402_000000.parquet]: [Errno 2] No such file or directory: '/tmp/file_bronze_olist_products_20260402102847.parquet'; 772)
[2026-04-02T10:28:48.225+0000] {local_task_job_runner.py:228} INFO - Task exited with return code 1
[2026-04-02T10:28:48.323+0000] {taskinstance.py:2778} INFO - 0 downstream tasks scheduled from follow-on schedule check
