[2026-04-03T14:45:45.704+0000] {taskinstance.py:1159} INFO - Dependencies all met for dep_context=non-requeueable deps ti=<TaskInstance: silver_spark_processor.process_silver_products scheduled__2026-04-01T00:00:00+00:00 [queued]>
[2026-04-03T14:45:45.721+0000] {taskinstance.py:1159} INFO - Dependencies all met for dep_context=requeueable deps ti=<TaskInstance: silver_spark_processor.process_silver_products scheduled__2026-04-01T00:00:00+00:00 [queued]>
[2026-04-03T14:45:45.721+0000] {taskinstance.py:1361} INFO - Starting attempt 8 of 8
[2026-04-03T14:45:45.747+0000] {taskinstance.py:1382} INFO - Executing <Task(SparkSubmitOperator): process_silver_products> on 2026-04-01 00:00:00+00:00
[2026-04-03T14:45:45.758+0000] {standard_task_runner.py:57} INFO - Started process 2302 to run task
[2026-04-03T14:45:45.764+0000] {standard_task_runner.py:84} INFO - Running: ['airflow', 'tasks', 'run', 'silver_spark_processor', 'process_silver_products', 'scheduled__2026-04-01T00:00:00+00:00', '--job-id', '615', '--raw', '--subdir', 'DAGS_FOLDER/silver_processor_dag.py', '--cfg-path', '/tmp/tmp5flj8zty']
[2026-04-03T14:45:45.771+0000] {standard_task_runner.py:85} INFO - Job 615: Subtask process_silver_products
[2026-04-03T14:45:45.902+0000] {task_command.py:416} INFO - Running <TaskInstance: silver_spark_processor.process_silver_products scheduled__2026-04-01T00:00:00+00:00 [running]> on host ff668b8b098e
[2026-04-03T14:45:46.085+0000] {taskinstance.py:1662} INFO - Exporting env vars: AIRFLOW_CTX_DAG_OWNER='data-team' AIRFLOW_CTX_DAG_ID='silver_spark_processor' AIRFLOW_CTX_TASK_ID='process_silver_products' AIRFLOW_CTX_EXECUTION_DATE='2026-04-01T00:00:00+00:00' AIRFLOW_CTX_TRY_NUMBER='8' AIRFLOW_CTX_DAG_RUN_ID='scheduled__2026-04-01T00:00:00+00:00'
[2026-04-03T14:45:46.101+0000] {base.py:73} INFO - Using connection ID 'spark_default' for task execution.
[2026-04-03T14:45:46.103+0000] {spark_submit.py:340} INFO - Spark-Submit cmd: spark-submit --master spark://spark-master:7077 --conf spark.sql.extensions=io.delta.sql.DeltaSparkSessionExtension --conf spark.sql.catalog.spark_catalog=org.apache.spark.sql.delta.catalog.DeltaCatalog --conf spark.databricks.delta.schema.autoMerge.enabled=true --jars /opt/airflow/etl/jars/hadoop-aws-3.3.2.jar,/opt/airflow/etl/jars/aws-java-sdk-bundle-1.11.1026.jar,/opt/airflow/etl/jars/delta-core_2.12-2.3.0.jar,/opt/airflow/etl/jars/delta-storage-2.3.0.jar --executor-cores 1 --executor-memory 1g --driver-memory 1g --name airflow_silver_products /opt/airflow/etl/silver/main_silver.py --table_name products --merge_key product_id --is_cdc false --json_schema 
[2026-04-03T14:45:46.300+0000] {spark_submit.py:491} INFO - /home/airflow/.local/lib/python3.10/site-packages/pyspark/bin/load-spark-env.sh: line 68: ps: command not found
[2026-04-03T14:45:50.907+0000] {spark_submit.py:491} INFO - 26/04/03 14:45:50 WARN NativeCodeLoader: Unable to load native-hadoop library for your platform... using builtin-java classes where applicable
[2026-04-03T14:45:52.416+0000] {spark_submit.py:491} INFO - INFO:__main__:Khởi tạo Spark Job cho bảng: products
[2026-04-03T14:45:52.589+0000] {spark_submit.py:491} INFO - 26/04/03 14:45:52 INFO SparkContext: Running Spark version 3.3.2
[2026-04-03T14:45:52.643+0000] {spark_submit.py:491} INFO - 26/04/03 14:45:52 INFO ResourceUtils: ==============================================================
[2026-04-03T14:45:52.643+0000] {spark_submit.py:491} INFO - 26/04/03 14:45:52 INFO ResourceUtils: No custom resources configured for spark.driver.
[2026-04-03T14:45:52.644+0000] {spark_submit.py:491} INFO - 26/04/03 14:45:52 INFO ResourceUtils: ==============================================================
[2026-04-03T14:45:52.645+0000] {spark_submit.py:491} INFO - 26/04/03 14:45:52 INFO SparkContext: Submitted application: <class 'pyspark.sql.session.SparkSession'>
[2026-04-03T14:45:52.690+0000] {spark_submit.py:491} INFO - 26/04/03 14:45:52 INFO ResourceProfile: Default ResourceProfile created, executor resources: Map(cores -> name: cores, amount: 1, script: , vendor: , memory -> name: memory, amount: 1024, script: , vendor: , offHeap -> name: offHeap, amount: 0, script: , vendor: ), task resources: Map(cpus -> name: cpus, amount: 1.0)
[2026-04-03T14:45:52.732+0000] {spark_submit.py:491} INFO - 26/04/03 14:45:52 INFO ResourceProfile: Limiting resource is cpus at 1 tasks per executor
[2026-04-03T14:45:52.736+0000] {spark_submit.py:491} INFO - 26/04/03 14:45:52 INFO ResourceProfileManager: Added ResourceProfile id: 0
[2026-04-03T14:45:52.834+0000] {spark_submit.py:491} INFO - 26/04/03 14:45:52 INFO SecurityManager: Changing view acls to: airflow
[2026-04-03T14:45:52.834+0000] {spark_submit.py:491} INFO - 26/04/03 14:45:52 INFO SecurityManager: Changing modify acls to: airflow
[2026-04-03T14:45:52.835+0000] {spark_submit.py:491} INFO - 26/04/03 14:45:52 INFO SecurityManager: Changing view acls groups to:
[2026-04-03T14:45:52.836+0000] {spark_submit.py:491} INFO - 26/04/03 14:45:52 INFO SecurityManager: Changing modify acls groups to:
[2026-04-03T14:45:52.837+0000] {spark_submit.py:491} INFO - 26/04/03 14:45:52 INFO SecurityManager: SecurityManager: authentication disabled; ui acls disabled; users  with view permissions: Set(airflow); groups with view permissions: Set(); users  with modify permissions: Set(airflow); groups with modify permissions: Set()
[2026-04-03T14:45:53.240+0000] {spark_submit.py:491} INFO - 26/04/03 14:45:53 INFO Utils: Successfully started service 'sparkDriver' on port 42903.
[2026-04-03T14:45:53.293+0000] {spark_submit.py:491} INFO - 26/04/03 14:45:53 INFO SparkEnv: Registering MapOutputTracker
[2026-04-03T14:45:53.356+0000] {spark_submit.py:491} INFO - 26/04/03 14:45:53 INFO SparkEnv: Registering BlockManagerMaster
[2026-04-03T14:45:53.390+0000] {spark_submit.py:491} INFO - 26/04/03 14:45:53 INFO BlockManagerMasterEndpoint: Using org.apache.spark.storage.DefaultTopologyMapper for getting topology information
[2026-04-03T14:45:53.391+0000] {spark_submit.py:491} INFO - 26/04/03 14:45:53 INFO BlockManagerMasterEndpoint: BlockManagerMasterEndpoint up
[2026-04-03T14:45:53.400+0000] {spark_submit.py:491} INFO - 26/04/03 14:45:53 INFO SparkEnv: Registering BlockManagerMasterHeartbeat
[2026-04-03T14:45:53.439+0000] {spark_submit.py:491} INFO - 26/04/03 14:45:53 INFO DiskBlockManager: Created local directory at /tmp/blockmgr-76a522fd-b5c5-4990-a528-5782fd437da1
[2026-04-03T14:45:53.464+0000] {spark_submit.py:491} INFO - 26/04/03 14:45:53 INFO MemoryStore: MemoryStore started with capacity 434.4 MiB
[2026-04-03T14:45:53.491+0000] {spark_submit.py:491} INFO - 26/04/03 14:45:53 INFO SparkEnv: Registering OutputCommitCoordinator
[2026-04-03T14:45:53.839+0000] {spark_submit.py:491} INFO - 26/04/03 14:45:53 WARN Utils: Service 'SparkUI' could not bind on port 4040. Attempting port 4041.
[2026-04-03T14:45:53.840+0000] {spark_submit.py:491} INFO - 26/04/03 14:45:53 WARN Utils: Service 'SparkUI' could not bind on port 4041. Attempting port 4042.
[2026-04-03T14:45:53.840+0000] {spark_submit.py:491} INFO - 26/04/03 14:45:53 WARN Utils: Service 'SparkUI' could not bind on port 4042. Attempting port 4043.
[2026-04-03T14:45:53.872+0000] {spark_submit.py:491} INFO - 26/04/03 14:45:53 INFO Utils: Successfully started service 'SparkUI' on port 4043.
[2026-04-03T14:45:53.942+0000] {spark_submit.py:491} INFO - 26/04/03 14:45:53 INFO SparkContext: Added JAR file:///opt/airflow/etl/jars/hadoop-aws-3.3.2.jar at spark://ff668b8b098e:42903/jars/hadoop-aws-3.3.2.jar with timestamp 1775227552571
[2026-04-03T14:45:53.943+0000] {spark_submit.py:491} INFO - 26/04/03 14:45:53 INFO SparkContext: Added JAR file:///opt/airflow/etl/jars/aws-java-sdk-bundle-1.11.1026.jar at spark://ff668b8b098e:42903/jars/aws-java-sdk-bundle-1.11.1026.jar with timestamp 1775227552571
[2026-04-03T14:45:53.943+0000] {spark_submit.py:491} INFO - 26/04/03 14:45:53 INFO SparkContext: Added JAR file:///opt/airflow/etl/jars/delta-core_2.12-2.3.0.jar at spark://ff668b8b098e:42903/jars/delta-core_2.12-2.3.0.jar with timestamp 1775227552571
[2026-04-03T14:45:53.943+0000] {spark_submit.py:491} INFO - 26/04/03 14:45:53 INFO SparkContext: Added JAR file:///opt/airflow/etl/jars/delta-storage-2.3.0.jar at spark://ff668b8b098e:42903/jars/delta-storage-2.3.0.jar with timestamp 1775227552571
[2026-04-03T14:45:54.122+0000] {spark_submit.py:491} INFO - 26/04/03 14:45:54 INFO StandaloneAppClient$ClientEndpoint: Connecting to master spark://spark-master:7077...
[2026-04-03T14:45:54.219+0000] {spark_submit.py:491} INFO - 26/04/03 14:45:54 INFO TransportClientFactory: Successfully created connection to spark-master/172.18.0.6:7077 after 58 ms (0 ms spent in bootstraps)
[2026-04-03T14:45:54.396+0000] {spark_submit.py:491} INFO - 26/04/03 14:45:54 INFO StandaloneSchedulerBackend: Connected to Spark cluster with app ID app-20260403144554-0044
[2026-04-03T14:45:54.410+0000] {spark_submit.py:491} INFO - 26/04/03 14:45:54 INFO Utils: Successfully started service 'org.apache.spark.network.netty.NettyBlockTransferService' on port 38369.
[2026-04-03T14:45:54.411+0000] {spark_submit.py:491} INFO - 26/04/03 14:45:54 INFO NettyBlockTransferService: Server created on ff668b8b098e:38369
[2026-04-03T14:45:54.413+0000] {spark_submit.py:491} INFO - 26/04/03 14:45:54 INFO BlockManager: Using org.apache.spark.storage.RandomBlockReplicationPolicy for block replication policy
[2026-04-03T14:45:54.427+0000] {spark_submit.py:491} INFO - 26/04/03 14:45:54 INFO BlockManagerMaster: Registering BlockManager BlockManagerId(driver, ff668b8b098e, 38369, None)
[2026-04-03T14:45:54.434+0000] {spark_submit.py:491} INFO - 26/04/03 14:45:54 INFO BlockManagerMasterEndpoint: Registering block manager ff668b8b098e:38369 with 434.4 MiB RAM, BlockManagerId(driver, ff668b8b098e, 38369, None)
[2026-04-03T14:45:54.438+0000] {spark_submit.py:491} INFO - 26/04/03 14:45:54 INFO BlockManagerMaster: Registered BlockManager BlockManagerId(driver, ff668b8b098e, 38369, None)
[2026-04-03T14:45:54.439+0000] {spark_submit.py:491} INFO - 26/04/03 14:45:54 INFO BlockManager: Initialized BlockManager: BlockManagerId(driver, ff668b8b098e, 38369, None)
[2026-04-03T14:45:54.801+0000] {spark_submit.py:491} INFO - 26/04/03 14:45:54 INFO StandaloneSchedulerBackend: SchedulerBackend is ready for scheduling beginning after reached minRegisteredResourcesRatio: 0.0
[2026-04-03T14:45:55.957+0000] {spark_submit.py:491} INFO - INFO:silver_processor: Bắt đầu xử lý lớp Silver cho bảng: products | Chế độ CDC: False
[2026-04-03T14:45:55.957+0000] {spark_submit.py:491} INFO - INFO:silver_processor: Bắt đầu quét Data Nóng từ Bronze...
[2026-04-03T14:45:56.218+0000] {spark_submit.py:491} INFO - 26/04/03 14:45:56 WARN MetricsConfig: Cannot locate configuration: tried hadoop-metrics2-s3a-file-system.properties,hadoop-metrics2.properties
[2026-04-03T14:48:50.668+0000] {local_task_job_runner.py:115} ERROR - Received SIGTERM. Terminating subprocesses
[2026-04-03T14:48:50.679+0000] {process_utils.py:131} INFO - Sending 15 to group 2302. PIDs of all processes in the group: [2306, 2453, 2302]
[2026-04-03T14:48:50.680+0000] {process_utils.py:86} INFO - Sending the signal 15 to group 2302
[2026-04-03T14:48:50.681+0000] {taskinstance.py:1632} ERROR - Received SIGTERM. Terminating subprocesses.
[2026-04-03T14:48:50.682+0000] {spark_submit.py:618} INFO - Sending kill signal to spark-submit
[2026-04-03T14:48:50.705+0000] {taskinstance.py:1937} ERROR - Task failed with exception
Traceback (most recent call last):
  File "/home/airflow/.local/lib/python3.10/site-packages/airflow/providers/apache/spark/operators/spark_submit.py", line 156, in execute
    self._hook.submit(self._application)
  File "/home/airflow/.local/lib/python3.10/site-packages/airflow/providers/apache/spark/hooks/spark_submit.py", line 410, in submit
    self._process_spark_submit_log(iter(self._submit_sp.stdout))  # type: ignore
  File "/home/airflow/.local/lib/python3.10/site-packages/airflow/providers/apache/spark/hooks/spark_submit.py", line 459, in _process_spark_submit_log
    for line in itr:
  File "/home/airflow/.local/lib/python3.10/site-packages/airflow/models/taskinstance.py", line 1634, in signal_handler
    raise AirflowException("Task received SIGTERM signal")
airflow.exceptions.AirflowException: Task received SIGTERM signal
[2026-04-03T14:48:50.719+0000] {taskinstance.py:1400} INFO - Marking task as FAILED. dag_id=silver_spark_processor, task_id=process_silver_products, execution_date=20260401T000000, start_date=20260403T144545, end_date=20260403T144850
[2026-04-03T14:48:50.764+0000] {standard_task_runner.py:104} ERROR - Failed to execute job 615 for task process_silver_products (Task received SIGTERM signal; 2302)
[2026-04-03T14:48:50.817+0000] {process_utils.py:79} INFO - Process psutil.Process(pid=2302, status='terminated', exitcode=1, started='14:45:45') (2302) terminated with exit code 1
[2026-04-03T14:48:50.920+0000] {process_utils.py:79} INFO - Process psutil.Process(pid=2306, status='terminated', started='14:45:45') (2306) terminated with exit code None
[2026-04-03T14:48:50.921+0000] {process_utils.py:79} INFO - Process psutil.Process(pid=2453, status='terminated', started='14:45:51') (2453) terminated with exit code None
[2026-04-03T14:48:50.921+0000] {local_task_job_runner.py:228} INFO - Task exited with return code 143
[2026-04-03T14:48:50.962+0000] {taskinstance.py:2778} INFO - 0 downstream tasks scheduled from follow-on schedule check
