[2026-04-02T11:13:53.231+0000] {taskinstance.py:1159} INFO - Dependencies all met for dep_context=non-requeueable deps ti=<TaskInstance: silver_spark_processor.process_silver_products scheduled__2026-04-01T00:00:00+00:00 [queued]>
[2026-04-02T11:13:53.247+0000] {taskinstance.py:1159} INFO - Dependencies all met for dep_context=requeueable deps ti=<TaskInstance: silver_spark_processor.process_silver_products scheduled__2026-04-01T00:00:00+00:00 [queued]>
[2026-04-02T11:13:53.247+0000] {taskinstance.py:1361} INFO - Starting attempt 5 of 6
[2026-04-02T11:13:53.273+0000] {taskinstance.py:1382} INFO - Executing <Task(SparkSubmitOperator): process_silver_products> on 2026-04-01 00:00:00+00:00
[2026-04-02T11:13:53.286+0000] {standard_task_runner.py:57} INFO - Started process 3534 to run task
[2026-04-02T11:13:53.291+0000] {standard_task_runner.py:84} INFO - Running: ['airflow', 'tasks', 'run', 'silver_spark_processor', 'process_silver_products', 'scheduled__2026-04-01T00:00:00+00:00', '--job-id', '295', '--raw', '--subdir', 'DAGS_FOLDER/silver_processor_dag.py', '--cfg-path', '/tmp/tmpy606niwa']
[2026-04-02T11:13:53.294+0000] {standard_task_runner.py:85} INFO - Job 295: Subtask process_silver_products
[2026-04-02T11:13:53.391+0000] {task_command.py:416} INFO - Running <TaskInstance: silver_spark_processor.process_silver_products scheduled__2026-04-01T00:00:00+00:00 [running]> on host 5926004790ec
[2026-04-02T11:13:53.562+0000] {taskinstance.py:1662} INFO - Exporting env vars: AIRFLOW_CTX_DAG_OWNER='data-team' AIRFLOW_CTX_DAG_ID='silver_spark_processor' AIRFLOW_CTX_TASK_ID='process_silver_products' AIRFLOW_CTX_EXECUTION_DATE='2026-04-01T00:00:00+00:00' AIRFLOW_CTX_TRY_NUMBER='5' AIRFLOW_CTX_DAG_RUN_ID='scheduled__2026-04-01T00:00:00+00:00'
[2026-04-02T11:13:53.582+0000] {base.py:73} INFO - Using connection ID 'spark_default' for task execution.
[2026-04-02T11:13:53.584+0000] {spark_submit.py:340} INFO - Spark-Submit cmd: spark-submit --master spark://spark-master:7077 --executor-cores 1 --executor-memory 1g --driver-memory 1g --name airflow_silver_products /opt/airflow/etl/silver/main_silver.py --table_name products --merge_key product_id --is_cdc false --json_schema 
[2026-04-02T11:13:53.760+0000] {spark_submit.py:491} INFO - /home/airflow/.local/lib/python3.10/site-packages/pyspark/bin/load-spark-env.sh: line 68: ps: command not found
[2026-04-02T11:14:05.138+0000] {spark_submit.py:491} INFO - INFO:__main__:Khởi tạo Spark Job cho bảng: products
[2026-04-02T11:14:05.477+0000] {spark_submit.py:491} INFO - 26/04/02 11:14:05 INFO SparkContext: Running Spark version 3.3.2
[2026-04-02T11:14:05.791+0000] {spark_submit.py:491} INFO - 26/04/02 11:14:05 WARN NativeCodeLoader: Unable to load native-hadoop library for your platform... using builtin-java classes where applicable
[2026-04-02T11:14:06.378+0000] {spark_submit.py:491} INFO - 26/04/02 11:14:06 INFO ResourceUtils: ==============================================================
[2026-04-02T11:14:06.379+0000] {spark_submit.py:491} INFO - 26/04/02 11:14:06 INFO ResourceUtils: No custom resources configured for spark.driver.
[2026-04-02T11:14:06.383+0000] {spark_submit.py:491} INFO - 26/04/02 11:14:06 INFO ResourceUtils: ==============================================================
[2026-04-02T11:14:06.384+0000] {spark_submit.py:491} INFO - 26/04/02 11:14:06 INFO SparkContext: Submitted application: <class 'pyspark.sql.session.SparkSession'>
[2026-04-02T11:14:06.570+0000] {spark_submit.py:491} INFO - 26/04/02 11:14:06 INFO ResourceProfile: Default ResourceProfile created, executor resources: Map(cores -> name: cores, amount: 1, script: , vendor: , memory -> name: memory, amount: 1024, script: , vendor: , offHeap -> name: offHeap, amount: 0, script: , vendor: ), task resources: Map(cpus -> name: cpus, amount: 1.0)
[2026-04-02T11:14:06.639+0000] {spark_submit.py:491} INFO - 26/04/02 11:14:06 INFO ResourceProfile: Limiting resource is cpus at 1 tasks per executor
[2026-04-02T11:14:06.647+0000] {spark_submit.py:491} INFO - 26/04/02 11:14:06 INFO ResourceProfileManager: Added ResourceProfile id: 0
[2026-04-02T11:14:06.906+0000] {spark_submit.py:491} INFO - 26/04/02 11:14:06 INFO SecurityManager: Changing view acls to: airflow
[2026-04-02T11:14:06.907+0000] {spark_submit.py:491} INFO - 26/04/02 11:14:06 INFO SecurityManager: Changing modify acls to: airflow
[2026-04-02T11:14:06.919+0000] {spark_submit.py:491} INFO - 26/04/02 11:14:06 INFO SecurityManager: Changing view acls groups to:
[2026-04-02T11:14:06.927+0000] {spark_submit.py:491} INFO - 26/04/02 11:14:06 INFO SecurityManager: Changing modify acls groups to:
[2026-04-02T11:14:06.933+0000] {spark_submit.py:491} INFO - 26/04/02 11:14:06 INFO SecurityManager: SecurityManager: authentication disabled; ui acls disabled; users  with view permissions: Set(airflow); groups with view permissions: Set(); users  with modify permissions: Set(airflow); groups with modify permissions: Set()
