[2026-04-02T11:21:23.062+0000] {taskinstance.py:1159} INFO - Dependencies all met for dep_context=non-requeueable deps ti=<TaskInstance: silver_spark_processor.process_silver_products scheduled__2026-04-01T00:00:00+00:00 [queued]>
[2026-04-02T11:21:23.202+0000] {taskinstance.py:1159} INFO - Dependencies all met for dep_context=requeueable deps ti=<TaskInstance: silver_spark_processor.process_silver_products scheduled__2026-04-01T00:00:00+00:00 [queued]>
[2026-04-02T11:21:23.209+0000] {taskinstance.py:1361} INFO - Starting attempt 6 of 6
[2026-04-02T11:21:23.351+0000] {taskinstance.py:1382} INFO - Executing <Task(SparkSubmitOperator): process_silver_products> on 2026-04-01 00:00:00+00:00
[2026-04-02T11:21:23.366+0000] {standard_task_runner.py:57} INFO - Started process 225 to run task
[2026-04-02T11:21:23.375+0000] {standard_task_runner.py:84} INFO - Running: ['airflow', 'tasks', 'run', 'silver_spark_processor', 'process_silver_products', 'scheduled__2026-04-01T00:00:00+00:00', '--job-id', '340', '--raw', '--subdir', 'DAGS_FOLDER/silver_processor_dag.py', '--cfg-path', '/tmp/tmputow8726']
[2026-04-02T11:21:23.379+0000] {standard_task_runner.py:85} INFO - Job 340: Subtask process_silver_products
[2026-04-02T11:21:23.589+0000] {task_command.py:416} INFO - Running <TaskInstance: silver_spark_processor.process_silver_products scheduled__2026-04-01T00:00:00+00:00 [running]> on host 5926004790ec
[2026-04-02T11:21:24.052+0000] {taskinstance.py:1662} INFO - Exporting env vars: AIRFLOW_CTX_DAG_OWNER='data-team' AIRFLOW_CTX_DAG_ID='silver_spark_processor' AIRFLOW_CTX_TASK_ID='process_silver_products' AIRFLOW_CTX_EXECUTION_DATE='2026-04-01T00:00:00+00:00' AIRFLOW_CTX_TRY_NUMBER='6' AIRFLOW_CTX_DAG_RUN_ID='scheduled__2026-04-01T00:00:00+00:00'
[2026-04-02T11:21:24.084+0000] {base.py:73} INFO - Using connection ID 'spark_default' for task execution.
[2026-04-02T11:21:24.092+0000] {spark_submit.py:340} INFO - Spark-Submit cmd: spark-submit --master spark://spark-master:7077 --executor-cores 1 --executor-memory 1g --driver-memory 1g --name airflow_silver_products /opt/airflow/etl/silver/main_silver.py --table_name products --merge_key product_id --is_cdc false --json_schema 
[2026-04-02T11:21:24.882+0000] {spark_submit.py:491} INFO - /home/airflow/.local/lib/python3.10/site-packages/pyspark/bin/load-spark-env.sh: line 68: ps: command not found
[2026-04-02T11:21:48.637+0000] {spark_submit.py:491} INFO - INFO:__main__:Khởi tạo Spark Job cho bảng: products
[2026-04-02T11:21:49.833+0000] {spark_submit.py:491} INFO - 26/04/02 11:21:49 INFO SparkContext: Running Spark version 3.3.2
[2026-04-02T11:21:50.094+0000] {spark_submit.py:491} INFO - 26/04/02 11:21:50 WARN NativeCodeLoader: Unable to load native-hadoop library for your platform... using builtin-java classes where applicable
[2026-04-02T11:21:50.592+0000] {spark_submit.py:491} INFO - 26/04/02 11:21:50 INFO ResourceUtils: ==============================================================
[2026-04-02T11:21:50.592+0000] {spark_submit.py:491} INFO - 26/04/02 11:21:50 INFO ResourceUtils: No custom resources configured for spark.driver.
[2026-04-02T11:21:50.593+0000] {spark_submit.py:491} INFO - 26/04/02 11:21:50 INFO ResourceUtils: ==============================================================
[2026-04-02T11:21:50.598+0000] {spark_submit.py:491} INFO - 26/04/02 11:21:50 INFO SparkContext: Submitted application: <class 'pyspark.sql.session.SparkSession'>
[2026-04-02T11:21:50.658+0000] {spark_submit.py:491} INFO - 26/04/02 11:21:50 INFO ResourceProfile: Default ResourceProfile created, executor resources: Map(cores -> name: cores, amount: 1, script: , vendor: , memory -> name: memory, amount: 1024, script: , vendor: , offHeap -> name: offHeap, amount: 0, script: , vendor: ), task resources: Map(cpus -> name: cpus, amount: 1.0)
[2026-04-02T11:21:50.696+0000] {spark_submit.py:491} INFO - 26/04/02 11:21:50 INFO ResourceProfile: Limiting resource is cpus at 1 tasks per executor
[2026-04-02T11:21:50.703+0000] {spark_submit.py:491} INFO - 26/04/02 11:21:50 INFO ResourceProfileManager: Added ResourceProfile id: 0
[2026-04-02T11:21:50.889+0000] {spark_submit.py:491} INFO - 26/04/02 11:21:50 INFO SecurityManager: Changing view acls to: airflow
[2026-04-02T11:21:50.892+0000] {spark_submit.py:491} INFO - 26/04/02 11:21:50 INFO SecurityManager: Changing modify acls to: airflow
[2026-04-02T11:21:50.893+0000] {spark_submit.py:491} INFO - 26/04/02 11:21:50 INFO SecurityManager: Changing view acls groups to:
[2026-04-02T11:21:50.894+0000] {spark_submit.py:491} INFO - 26/04/02 11:21:50 INFO SecurityManager: Changing modify acls groups to:
[2026-04-02T11:21:50.896+0000] {spark_submit.py:491} INFO - 26/04/02 11:21:50 INFO SecurityManager: SecurityManager: authentication disabled; ui acls disabled; users  with view permissions: Set(airflow); groups with view permissions: Set(); users  with modify permissions: Set(airflow); groups with modify permissions: Set()
[2026-04-02T11:21:54.040+0000] {spark_submit.py:491} INFO - 26/04/02 11:21:54 INFO Utils: Successfully started service 'sparkDriver' on port 45869.
[2026-04-02T11:21:54.266+0000] {spark_submit.py:491} INFO - 26/04/02 11:21:54 INFO SparkEnv: Registering MapOutputTracker
[2026-04-02T11:21:54.701+0000] {spark_submit.py:491} INFO - 26/04/02 11:21:54 INFO SparkEnv: Registering BlockManagerMaster
[2026-04-02T11:21:55.057+0000] {spark_submit.py:491} INFO - 26/04/02 11:21:55 INFO BlockManagerMasterEndpoint: Using org.apache.spark.storage.DefaultTopologyMapper for getting topology information
[2026-04-02T11:21:55.057+0000] {spark_submit.py:491} INFO - 26/04/02 11:21:55 INFO BlockManagerMasterEndpoint: BlockManagerMasterEndpoint up
[2026-04-02T11:21:55.131+0000] {spark_submit.py:491} INFO - 26/04/02 11:21:55 INFO SparkEnv: Registering BlockManagerMasterHeartbeat
[2026-04-02T11:21:55.219+0000] {spark_submit.py:491} INFO - 26/04/02 11:21:55 INFO DiskBlockManager: Created local directory at /tmp/blockmgr-4b70994a-bcd8-429d-b7f3-948031e40642
[2026-04-02T11:21:55.319+0000] {spark_submit.py:491} INFO - 26/04/02 11:21:55 INFO MemoryStore: MemoryStore started with capacity 434.4 MiB
[2026-04-02T11:21:55.406+0000] {spark_submit.py:491} INFO - 26/04/02 11:21:55 INFO SparkEnv: Registering OutputCommitCoordinator
[2026-04-02T11:21:56.727+0000] {spark_submit.py:491} INFO - 26/04/02 11:21:56 WARN Utils: Service 'SparkUI' could not bind on port 4040. Attempting port 4041.
[2026-04-02T11:21:56.738+0000] {spark_submit.py:491} INFO - 26/04/02 11:21:56 WARN Utils: Service 'SparkUI' could not bind on port 4041. Attempting port 4042.
[2026-04-02T11:21:56.738+0000] {spark_submit.py:491} INFO - 26/04/02 11:21:56 WARN Utils: Service 'SparkUI' could not bind on port 4042. Attempting port 4043.
[2026-04-02T11:21:56.748+0000] {spark_submit.py:491} INFO - 26/04/02 11:21:56 WARN Utils: Service 'SparkUI' could not bind on port 4043. Attempting port 4044.
[2026-04-02T11:21:56.748+0000] {spark_submit.py:491} INFO - 26/04/02 11:21:56 WARN Utils: Service 'SparkUI' could not bind on port 4044. Attempting port 4045.
[2026-04-02T11:21:56.754+0000] {spark_submit.py:491} INFO - 26/04/02 11:21:56 WARN Utils: Service 'SparkUI' could not bind on port 4045. Attempting port 4046.
[2026-04-02T11:21:56.760+0000] {spark_submit.py:491} INFO - 26/04/02 11:21:56 WARN Utils: Service 'SparkUI' could not bind on port 4046. Attempting port 4047.
[2026-04-02T11:21:56.779+0000] {spark_submit.py:491} INFO - 26/04/02 11:21:56 WARN Utils: Service 'SparkUI' could not bind on port 4047. Attempting port 4048.
[2026-04-02T11:21:56.895+0000] {spark_submit.py:491} INFO - 26/04/02 11:21:56 INFO Utils: Successfully started service 'SparkUI' on port 4048.
[2026-04-02T11:21:57.611+0000] {spark_submit.py:491} INFO - 26/04/02 11:21:57 INFO StandaloneAppClient$ClientEndpoint: Connecting to master spark://spark-master:7077...
[2026-04-02T11:21:58.141+0000] {spark_submit.py:491} INFO - 26/04/02 11:21:58 INFO TransportClientFactory: Successfully created connection to spark-master/172.18.0.6:7077 after 374 ms (0 ms spent in bootstraps)
[2026-04-02T11:21:59.878+0000] {spark_submit.py:491} INFO - 26/04/02 11:21:59 INFO StandaloneSchedulerBackend: Connected to Spark cluster with app ID app-20260402112159-0008
[2026-04-02T11:21:59.946+0000] {spark_submit.py:491} INFO - 26/04/02 11:21:59 INFO Utils: Successfully started service 'org.apache.spark.network.netty.NettyBlockTransferService' on port 34867.
[2026-04-02T11:21:59.946+0000] {spark_submit.py:491} INFO - 26/04/02 11:21:59 INFO NettyBlockTransferService: Server created on 5926004790ec:34867
[2026-04-02T11:21:59.990+0000] {spark_submit.py:491} INFO - 26/04/02 11:21:59 INFO BlockManager: Using org.apache.spark.storage.RandomBlockReplicationPolicy for block replication policy
[2026-04-02T11:22:00.224+0000] {spark_submit.py:491} INFO - 26/04/02 11:22:00 INFO BlockManagerMaster: Registering BlockManager BlockManagerId(driver, 5926004790ec, 34867, None)
[2026-04-02T11:22:00.306+0000] {spark_submit.py:491} INFO - 26/04/02 11:22:00 INFO BlockManagerMasterEndpoint: Registering block manager 5926004790ec:34867 with 434.4 MiB RAM, BlockManagerId(driver, 5926004790ec, 34867, None)
[2026-04-02T11:22:00.367+0000] {spark_submit.py:491} INFO - 26/04/02 11:22:00 INFO BlockManagerMaster: Registered BlockManager BlockManagerId(driver, 5926004790ec, 34867, None)
[2026-04-02T11:22:00.411+0000] {spark_submit.py:491} INFO - 26/04/02 11:22:00 INFO BlockManager: Initialized BlockManager: BlockManagerId(driver, 5926004790ec, 34867, None)
[2026-04-02T11:22:05.194+0000] {spark_submit.py:491} INFO - 26/04/02 11:22:05 INFO StandaloneSchedulerBackend: SchedulerBackend is ready for scheduling beginning after reached minRegisteredResourcesRatio: 0.0
[2026-04-02T11:22:18.276+0000] {spark_submit.py:491} INFO - INFO:silver_processor: Bắt đầu xử lý lớp Silver cho bảng: products | Chế độ CDC: False
[2026-04-02T11:22:18.276+0000] {spark_submit.py:491} INFO - INFO:silver_processor: Bắt đầu quét Data Nóng từ Bronze...
[2026-04-02T11:22:19.321+0000] {spark_submit.py:491} INFO - ERROR:__main__:Lỗi khi xử lý lớp Silver bảng products: An error occurred while calling o39.load.
[2026-04-02T11:22:19.322+0000] {spark_submit.py:491} INFO - : java.lang.RuntimeException: java.lang.ClassNotFoundException: Class org.apache.hadoop.fs.s3a.S3AFileSystem not found
[2026-04-02T11:22:19.323+0000] {spark_submit.py:491} INFO - at org.apache.hadoop.conf.Configuration.getClass(Configuration.java:2688)
[2026-04-02T11:22:19.323+0000] {spark_submit.py:491} INFO - at org.apache.hadoop.fs.FileSystem.getFileSystemClass(FileSystem.java:3431)
[2026-04-02T11:22:19.323+0000] {spark_submit.py:491} INFO - at org.apache.hadoop.fs.FileSystem.createFileSystem(FileSystem.java:3466)
[2026-04-02T11:22:19.323+0000] {spark_submit.py:491} INFO - at org.apache.hadoop.fs.FileSystem.access$300(FileSystem.java:174)
[2026-04-02T11:22:19.323+0000] {spark_submit.py:491} INFO - at org.apache.hadoop.fs.FileSystem$Cache.getInternal(FileSystem.java:3574)
[2026-04-02T11:22:19.323+0000] {spark_submit.py:491} INFO - at org.apache.hadoop.fs.FileSystem$Cache.get(FileSystem.java:3521)
[2026-04-02T11:22:19.323+0000] {spark_submit.py:491} INFO - at org.apache.hadoop.fs.FileSystem.get(FileSystem.java:540)
[2026-04-02T11:22:19.323+0000] {spark_submit.py:491} INFO - at org.apache.hadoop.fs.Path.getFileSystem(Path.java:365)
[2026-04-02T11:22:19.324+0000] {spark_submit.py:491} INFO - at org.apache.spark.sql.execution.datasources.DataSource.sourceSchema(DataSource.scala:249)
[2026-04-02T11:22:19.324+0000] {spark_submit.py:491} INFO - at org.apache.spark.sql.execution.datasources.DataSource.sourceInfo$lzycompute(DataSource.scala:118)
[2026-04-02T11:22:19.324+0000] {spark_submit.py:491} INFO - at org.apache.spark.sql.execution.datasources.DataSource.sourceInfo(DataSource.scala:118)
[2026-04-02T11:22:19.324+0000] {spark_submit.py:491} INFO - at org.apache.spark.sql.execution.streaming.StreamingRelation$.apply(StreamingRelation.scala:34)
[2026-04-02T11:22:19.324+0000] {spark_submit.py:491} INFO - at org.apache.spark.sql.streaming.DataStreamReader.loadInternal(DataStreamReader.scala:196)
[2026-04-02T11:22:19.324+0000] {spark_submit.py:491} INFO - at org.apache.spark.sql.streaming.DataStreamReader.load(DataStreamReader.scala:210)
[2026-04-02T11:22:19.324+0000] {spark_submit.py:491} INFO - at java.base/jdk.internal.reflect.NativeMethodAccessorImpl.invoke0(Native Method)
[2026-04-02T11:22:19.324+0000] {spark_submit.py:491} INFO - at java.base/jdk.internal.reflect.NativeMethodAccessorImpl.invoke(NativeMethodAccessorImpl.java:62)
[2026-04-02T11:22:19.324+0000] {spark_submit.py:491} INFO - at java.base/jdk.internal.reflect.DelegatingMethodAccessorImpl.invoke(DelegatingMethodAccessorImpl.java:43)
[2026-04-02T11:22:19.324+0000] {spark_submit.py:491} INFO - at java.base/java.lang.reflect.Method.invoke(Method.java:566)
[2026-04-02T11:22:19.324+0000] {spark_submit.py:491} INFO - at py4j.reflection.MethodInvoker.invoke(MethodInvoker.java:244)
[2026-04-02T11:22:19.324+0000] {spark_submit.py:491} INFO - at py4j.reflection.ReflectionEngine.invoke(ReflectionEngine.java:357)
[2026-04-02T11:22:19.325+0000] {spark_submit.py:491} INFO - at py4j.Gateway.invoke(Gateway.java:282)
[2026-04-02T11:22:19.325+0000] {spark_submit.py:491} INFO - at py4j.commands.AbstractCommand.invokeMethod(AbstractCommand.java:132)
[2026-04-02T11:22:19.325+0000] {spark_submit.py:491} INFO - at py4j.commands.CallCommand.execute(CallCommand.java:79)
[2026-04-02T11:22:19.325+0000] {spark_submit.py:491} INFO - at py4j.ClientServerConnection.waitForCommands(ClientServerConnection.java:182)
[2026-04-02T11:22:19.325+0000] {spark_submit.py:491} INFO - at py4j.ClientServerConnection.run(ClientServerConnection.java:106)
[2026-04-02T11:22:19.325+0000] {spark_submit.py:491} INFO - at java.base/java.lang.Thread.run(Thread.java:829)
[2026-04-02T11:22:19.325+0000] {spark_submit.py:491} INFO - Caused by: java.lang.ClassNotFoundException: Class org.apache.hadoop.fs.s3a.S3AFileSystem not found
[2026-04-02T11:22:19.325+0000] {spark_submit.py:491} INFO - at org.apache.hadoop.conf.Configuration.getClassByName(Configuration.java:2592)
[2026-04-02T11:22:19.325+0000] {spark_submit.py:491} INFO - at org.apache.hadoop.conf.Configuration.getClass(Configuration.java:2686)
[2026-04-02T11:22:19.325+0000] {spark_submit.py:491} INFO - ... 25 more
[2026-04-02T11:22:19.325+0000] {spark_submit.py:491} INFO - 
[2026-04-02T11:22:20.700+0000] {spark_submit.py:491} INFO - Traceback (most recent call last):
[2026-04-02T11:22:20.701+0000] {spark_submit.py:491} INFO - File "/opt/airflow/etl/silver/main_silver.py", line 59, in <module>
[2026-04-02T11:22:20.701+0000] {spark_submit.py:491} INFO - raise e
[2026-04-02T11:22:20.701+0000] {spark_submit.py:491} INFO - File "/opt/airflow/etl/silver/main_silver.py", line 48, in <module>
[2026-04-02T11:22:20.701+0000] {spark_submit.py:491} INFO - process_silver_layer(
[2026-04-02T11:22:20.701+0000] {spark_submit.py:491} INFO - File "/opt/airflow/etl/silver/silver_processor.py", line 78, in process_silver_layer
[2026-04-02T11:22:20.701+0000] {spark_submit.py:491} INFO - .load(bronze_path)
[2026-04-02T11:22:20.701+0000] {spark_submit.py:491} INFO - File "/home/airflow/.local/lib/python3.10/site-packages/pyspark/python/lib/pyspark.zip/pyspark/sql/streaming.py", line 467, in load
[2026-04-02T11:22:20.701+0000] {spark_submit.py:491} INFO - File "/home/airflow/.local/lib/python3.10/site-packages/pyspark/python/lib/py4j-0.10.9.5-src.zip/py4j/java_gateway.py", line 1321, in __call__
[2026-04-02T11:22:20.702+0000] {spark_submit.py:491} INFO - File "/home/airflow/.local/lib/python3.10/site-packages/pyspark/python/lib/pyspark.zip/pyspark/sql/utils.py", line 190, in deco
[2026-04-02T11:22:20.702+0000] {spark_submit.py:491} INFO - File "/home/airflow/.local/lib/python3.10/site-packages/pyspark/python/lib/py4j-0.10.9.5-src.zip/py4j/protocol.py", line 326, in get_return_value
[2026-04-02T11:22:20.721+0000] {spark_submit.py:491} INFO - py4j.protocol.Py4JJavaError: An error occurred while calling o39.load.
[2026-04-02T11:22:20.722+0000] {spark_submit.py:491} INFO - : java.lang.RuntimeException: java.lang.ClassNotFoundException: Class org.apache.hadoop.fs.s3a.S3AFileSystem not found
[2026-04-02T11:22:20.722+0000] {spark_submit.py:491} INFO - at org.apache.hadoop.conf.Configuration.getClass(Configuration.java:2688)
[2026-04-02T11:22:20.722+0000] {spark_submit.py:491} INFO - at org.apache.hadoop.fs.FileSystem.getFileSystemClass(FileSystem.java:3431)
[2026-04-02T11:22:20.722+0000] {spark_submit.py:491} INFO - at org.apache.hadoop.fs.FileSystem.createFileSystem(FileSystem.java:3466)
[2026-04-02T11:22:20.722+0000] {spark_submit.py:491} INFO - at org.apache.hadoop.fs.FileSystem.access$300(FileSystem.java:174)
[2026-04-02T11:22:20.723+0000] {spark_submit.py:491} INFO - at org.apache.hadoop.fs.FileSystem$Cache.getInternal(FileSystem.java:3574)
[2026-04-02T11:22:20.723+0000] {spark_submit.py:491} INFO - at org.apache.hadoop.fs.FileSystem$Cache.get(FileSystem.java:3521)
[2026-04-02T11:22:20.723+0000] {spark_submit.py:491} INFO - at org.apache.hadoop.fs.FileSystem.get(FileSystem.java:540)
[2026-04-02T11:22:20.723+0000] {spark_submit.py:491} INFO - at org.apache.hadoop.fs.Path.getFileSystem(Path.java:365)
[2026-04-02T11:22:20.723+0000] {spark_submit.py:491} INFO - at org.apache.spark.sql.execution.datasources.DataSource.sourceSchema(DataSource.scala:249)
[2026-04-02T11:22:20.723+0000] {spark_submit.py:491} INFO - at org.apache.spark.sql.execution.datasources.DataSource.sourceInfo$lzycompute(DataSource.scala:118)
[2026-04-02T11:22:20.723+0000] {spark_submit.py:491} INFO - at org.apache.spark.sql.execution.datasources.DataSource.sourceInfo(DataSource.scala:118)
[2026-04-02T11:22:20.723+0000] {spark_submit.py:491} INFO - at org.apache.spark.sql.execution.streaming.StreamingRelation$.apply(StreamingRelation.scala:34)
[2026-04-02T11:22:20.723+0000] {spark_submit.py:491} INFO - at org.apache.spark.sql.streaming.DataStreamReader.loadInternal(DataStreamReader.scala:196)
[2026-04-02T11:22:20.723+0000] {spark_submit.py:491} INFO - at org.apache.spark.sql.streaming.DataStreamReader.load(DataStreamReader.scala:210)
[2026-04-02T11:22:20.723+0000] {spark_submit.py:491} INFO - at java.base/jdk.internal.reflect.NativeMethodAccessorImpl.invoke0(Native Method)
[2026-04-02T11:22:20.731+0000] {spark_submit.py:491} INFO - at java.base/jdk.internal.reflect.NativeMethodAccessorImpl.invoke(NativeMethodAccessorImpl.java:62)
[2026-04-02T11:22:20.731+0000] {spark_submit.py:491} INFO - at java.base/jdk.internal.reflect.DelegatingMethodAccessorImpl.invoke(DelegatingMethodAccessorImpl.java:43)
[2026-04-02T11:22:20.731+0000] {spark_submit.py:491} INFO - at java.base/java.lang.reflect.Method.invoke(Method.java:566)
[2026-04-02T11:22:20.731+0000] {spark_submit.py:491} INFO - at py4j.reflection.MethodInvoker.invoke(MethodInvoker.java:244)
[2026-04-02T11:22:20.731+0000] {spark_submit.py:491} INFO - at py4j.reflection.ReflectionEngine.invoke(ReflectionEngine.java:357)
[2026-04-02T11:22:20.731+0000] {spark_submit.py:491} INFO - at py4j.Gateway.invoke(Gateway.java:282)
[2026-04-02T11:22:20.731+0000] {spark_submit.py:491} INFO - at py4j.commands.AbstractCommand.invokeMethod(AbstractCommand.java:132)
[2026-04-02T11:22:20.731+0000] {spark_submit.py:491} INFO - at py4j.commands.CallCommand.execute(CallCommand.java:79)
[2026-04-02T11:22:20.738+0000] {spark_submit.py:491} INFO - at py4j.ClientServerConnection.waitForCommands(ClientServerConnection.java:182)
[2026-04-02T11:22:20.738+0000] {spark_submit.py:491} INFO - at py4j.ClientServerConnection.run(ClientServerConnection.java:106)
[2026-04-02T11:22:20.738+0000] {spark_submit.py:491} INFO - at java.base/java.lang.Thread.run(Thread.java:829)
[2026-04-02T11:22:20.739+0000] {spark_submit.py:491} INFO - Caused by: java.lang.ClassNotFoundException: Class org.apache.hadoop.fs.s3a.S3AFileSystem not found
[2026-04-02T11:22:20.739+0000] {spark_submit.py:491} INFO - at org.apache.hadoop.conf.Configuration.getClassByName(Configuration.java:2592)
[2026-04-02T11:22:20.739+0000] {spark_submit.py:491} INFO - at org.apache.hadoop.conf.Configuration.getClass(Configuration.java:2686)
[2026-04-02T11:22:20.739+0000] {spark_submit.py:491} INFO - ... 25 more
[2026-04-02T11:22:20.739+0000] {spark_submit.py:491} INFO - 
[2026-04-02T11:22:20.739+0000] {spark_submit.py:491} INFO - INFO:py4j.clientserver:Closing down clientserver connection
[2026-04-02T11:22:21.551+0000] {taskinstance.py:1937} ERROR - Task failed with exception
Traceback (most recent call last):
  File "/home/airflow/.local/lib/python3.10/site-packages/airflow/providers/apache/spark/operators/spark_submit.py", line 156, in execute
    self._hook.submit(self._application)
  File "/home/airflow/.local/lib/python3.10/site-packages/airflow/providers/apache/spark/hooks/spark_submit.py", line 422, in submit
    raise AirflowException(
airflow.exceptions.AirflowException: Cannot execute: spark-submit --master spark://spark-master:7077 --executor-cores 1 --executor-memory 1g --driver-memory 1g --name airflow_silver_products /opt/airflow/etl/silver/main_silver.py --table_name products --merge_key product_id --is_cdc false --json_schema . Error code is: 1.
[2026-04-02T11:22:21.560+0000] {taskinstance.py:1400} INFO - Marking task as FAILED. dag_id=silver_spark_processor, task_id=process_silver_products, execution_date=20260401T000000, start_date=20260402T112123, end_date=20260402T112221
[2026-04-02T11:22:21.599+0000] {standard_task_runner.py:104} ERROR - Failed to execute job 340 for task process_silver_products (Cannot execute: spark-submit --master spark://spark-master:7077 --executor-cores 1 --executor-memory 1g --driver-memory 1g --name airflow_silver_products /opt/airflow/etl/silver/main_silver.py --table_name products --merge_key product_id --is_cdc false --json_schema . Error code is: 1.; 225)
[2026-04-02T11:22:21.642+0000] {local_task_job_runner.py:228} INFO - Task exited with return code 1
[2026-04-02T11:22:21.762+0000] {taskinstance.py:2778} INFO - 0 downstream tasks scheduled from follow-on schedule check
