[2026-04-03T14:45:40.312+0000] {taskinstance.py:1159} INFO - Dependencies all met for dep_context=non-requeueable deps ti=<TaskInstance: silver_spark_processor.process_silver_customers scheduled__2026-04-01T00:00:00+00:00 [queued]>
[2026-04-03T14:45:40.344+0000] {taskinstance.py:1159} INFO - Dependencies all met for dep_context=requeueable deps ti=<TaskInstance: silver_spark_processor.process_silver_customers scheduled__2026-04-01T00:00:00+00:00 [queued]>
[2026-04-03T14:45:40.345+0000] {taskinstance.py:1361} INFO - Starting attempt 8 of 8
[2026-04-03T14:45:40.385+0000] {taskinstance.py:1382} INFO - Executing <Task(SparkSubmitOperator): process_silver_customers> on 2026-04-01 00:00:00+00:00
[2026-04-03T14:45:40.406+0000] {standard_task_runner.py:57} INFO - Started process 2073 to run task
[2026-04-03T14:45:40.411+0000] {standard_task_runner.py:84} INFO - Running: ['airflow', 'tasks', 'run', 'silver_spark_processor', 'process_silver_customers', 'scheduled__2026-04-01T00:00:00+00:00', '--job-id', '613', '--raw', '--subdir', 'DAGS_FOLDER/silver_processor_dag.py', '--cfg-path', '/tmp/tmp4a5rd8xw']
[2026-04-03T14:45:40.415+0000] {standard_task_runner.py:85} INFO - Job 613: Subtask process_silver_customers
[2026-04-03T14:45:40.514+0000] {task_command.py:416} INFO - Running <TaskInstance: silver_spark_processor.process_silver_customers scheduled__2026-04-01T00:00:00+00:00 [running]> on host ff668b8b098e
[2026-04-03T14:45:40.688+0000] {taskinstance.py:1662} INFO - Exporting env vars: AIRFLOW_CTX_DAG_OWNER='data-team' AIRFLOW_CTX_DAG_ID='silver_spark_processor' AIRFLOW_CTX_TASK_ID='process_silver_customers' AIRFLOW_CTX_EXECUTION_DATE='2026-04-01T00:00:00+00:00' AIRFLOW_CTX_TRY_NUMBER='8' AIRFLOW_CTX_DAG_RUN_ID='scheduled__2026-04-01T00:00:00+00:00'
[2026-04-03T14:45:40.703+0000] {base.py:73} INFO - Using connection ID 'spark_default' for task execution.
[2026-04-03T14:45:40.706+0000] {spark_submit.py:340} INFO - Spark-Submit cmd: spark-submit --master spark://spark-master:7077 --conf spark.sql.extensions=io.delta.sql.DeltaSparkSessionExtension --conf spark.sql.catalog.spark_catalog=org.apache.spark.sql.delta.catalog.DeltaCatalog --conf spark.databricks.delta.schema.autoMerge.enabled=true --jars /opt/airflow/etl/jars/hadoop-aws-3.3.2.jar,/opt/airflow/etl/jars/aws-java-sdk-bundle-1.11.1026.jar,/opt/airflow/etl/jars/delta-core_2.12-2.3.0.jar,/opt/airflow/etl/jars/delta-storage-2.3.0.jar --executor-cores 1 --executor-memory 1g --driver-memory 1g --name airflow_silver_customers /opt/airflow/etl/silver/main_silver.py --table_name customers --merge_key customer_id --is_cdc false --json_schema 
[2026-04-03T14:45:40.932+0000] {spark_submit.py:491} INFO - /home/airflow/.local/lib/python3.10/site-packages/pyspark/bin/load-spark-env.sh: line 68: ps: command not found
[2026-04-03T14:45:45.822+0000] {spark_submit.py:491} INFO - 26/04/03 14:45:45 WARN NativeCodeLoader: Unable to load native-hadoop library for your platform... using builtin-java classes where applicable
[2026-04-03T14:45:48.936+0000] {spark_submit.py:491} INFO - INFO:__main__:Khởi tạo Spark Job cho bảng: customers
[2026-04-03T14:45:49.128+0000] {spark_submit.py:491} INFO - 26/04/03 14:45:49 INFO SparkContext: Running Spark version 3.3.2
[2026-04-03T14:45:49.188+0000] {spark_submit.py:491} INFO - 26/04/03 14:45:49 INFO ResourceUtils: ==============================================================
[2026-04-03T14:45:49.188+0000] {spark_submit.py:491} INFO - 26/04/03 14:45:49 INFO ResourceUtils: No custom resources configured for spark.driver.
[2026-04-03T14:45:49.189+0000] {spark_submit.py:491} INFO - 26/04/03 14:45:49 INFO ResourceUtils: ==============================================================
[2026-04-03T14:45:49.190+0000] {spark_submit.py:491} INFO - 26/04/03 14:45:49 INFO SparkContext: Submitted application: <class 'pyspark.sql.session.SparkSession'>
[2026-04-03T14:45:49.232+0000] {spark_submit.py:491} INFO - 26/04/03 14:45:49 INFO ResourceProfile: Default ResourceProfile created, executor resources: Map(cores -> name: cores, amount: 1, script: , vendor: , memory -> name: memory, amount: 1024, script: , vendor: , offHeap -> name: offHeap, amount: 0, script: , vendor: ), task resources: Map(cpus -> name: cpus, amount: 1.0)
[2026-04-03T14:45:49.258+0000] {spark_submit.py:491} INFO - 26/04/03 14:45:49 INFO ResourceProfile: Limiting resource is cpus at 1 tasks per executor
[2026-04-03T14:45:49.261+0000] {spark_submit.py:491} INFO - 26/04/03 14:45:49 INFO ResourceProfileManager: Added ResourceProfile id: 0
[2026-04-03T14:45:49.378+0000] {spark_submit.py:491} INFO - 26/04/03 14:45:49 INFO SecurityManager: Changing view acls to: airflow
[2026-04-03T14:45:49.379+0000] {spark_submit.py:491} INFO - 26/04/03 14:45:49 INFO SecurityManager: Changing modify acls to: airflow
[2026-04-03T14:45:49.382+0000] {spark_submit.py:491} INFO - 26/04/03 14:45:49 INFO SecurityManager: Changing view acls groups to:
[2026-04-03T14:45:49.383+0000] {spark_submit.py:491} INFO - 26/04/03 14:45:49 INFO SecurityManager: Changing modify acls groups to:
[2026-04-03T14:45:49.385+0000] {spark_submit.py:491} INFO - 26/04/03 14:45:49 INFO SecurityManager: SecurityManager: authentication disabled; ui acls disabled; users  with view permissions: Set(airflow); groups with view permissions: Set(); users  with modify permissions: Set(airflow); groups with modify permissions: Set()
[2026-04-03T14:45:49.926+0000] {spark_submit.py:491} INFO - 26/04/03 14:45:49 INFO Utils: Successfully started service 'sparkDriver' on port 46867.
[2026-04-03T14:45:49.999+0000] {spark_submit.py:491} INFO - 26/04/03 14:45:49 INFO SparkEnv: Registering MapOutputTracker
[2026-04-03T14:45:50.074+0000] {spark_submit.py:491} INFO - 26/04/03 14:45:50 INFO SparkEnv: Registering BlockManagerMaster
[2026-04-03T14:45:50.125+0000] {spark_submit.py:491} INFO - 26/04/03 14:45:50 INFO BlockManagerMasterEndpoint: Using org.apache.spark.storage.DefaultTopologyMapper for getting topology information
[2026-04-03T14:45:50.128+0000] {spark_submit.py:491} INFO - 26/04/03 14:45:50 INFO BlockManagerMasterEndpoint: BlockManagerMasterEndpoint up
[2026-04-03T14:45:50.136+0000] {spark_submit.py:491} INFO - 26/04/03 14:45:50 INFO SparkEnv: Registering BlockManagerMasterHeartbeat
[2026-04-03T14:45:50.180+0000] {spark_submit.py:491} INFO - 26/04/03 14:45:50 INFO DiskBlockManager: Created local directory at /tmp/blockmgr-52c5ec55-4769-4911-afdc-b16d8d6a70e9
[2026-04-03T14:45:50.214+0000] {spark_submit.py:491} INFO - 26/04/03 14:45:50 INFO MemoryStore: MemoryStore started with capacity 434.4 MiB
[2026-04-03T14:45:50.241+0000] {spark_submit.py:491} INFO - 26/04/03 14:45:50 INFO SparkEnv: Registering OutputCommitCoordinator
[2026-04-03T14:45:50.609+0000] {spark_submit.py:491} INFO - 26/04/03 14:45:50 WARN Utils: Service 'SparkUI' could not bind on port 4040. Attempting port 4041.
[2026-04-03T14:45:50.611+0000] {spark_submit.py:491} INFO - 26/04/03 14:45:50 WARN Utils: Service 'SparkUI' could not bind on port 4041. Attempting port 4042.
[2026-04-03T14:45:50.611+0000] {spark_submit.py:491} INFO - 26/04/03 14:45:50 WARN Utils: Service 'SparkUI' could not bind on port 4042. Attempting port 4043.
[2026-04-03T14:45:50.613+0000] {spark_submit.py:491} INFO - 26/04/03 14:45:50 WARN Utils: Service 'SparkUI' could not bind on port 4043. Attempting port 4044.
[2026-04-03T14:45:50.615+0000] {spark_submit.py:491} INFO - 26/04/03 14:45:50 WARN Utils: Service 'SparkUI' could not bind on port 4044. Attempting port 4045.
[2026-04-03T14:45:50.632+0000] {spark_submit.py:491} INFO - 26/04/03 14:45:50 INFO Utils: Successfully started service 'SparkUI' on port 4045.
[2026-04-03T14:45:50.687+0000] {spark_submit.py:491} INFO - 26/04/03 14:45:50 INFO SparkContext: Added JAR file:///opt/airflow/etl/jars/hadoop-aws-3.3.2.jar at spark://ff668b8b098e:46867/jars/hadoop-aws-3.3.2.jar with timestamp 1775227549112
[2026-04-03T14:45:50.688+0000] {spark_submit.py:491} INFO - 26/04/03 14:45:50 INFO SparkContext: Added JAR file:///opt/airflow/etl/jars/aws-java-sdk-bundle-1.11.1026.jar at spark://ff668b8b098e:46867/jars/aws-java-sdk-bundle-1.11.1026.jar with timestamp 1775227549112
[2026-04-03T14:45:50.688+0000] {spark_submit.py:491} INFO - 26/04/03 14:45:50 INFO SparkContext: Added JAR file:///opt/airflow/etl/jars/delta-core_2.12-2.3.0.jar at spark://ff668b8b098e:46867/jars/delta-core_2.12-2.3.0.jar with timestamp 1775227549112
[2026-04-03T14:45:50.688+0000] {spark_submit.py:491} INFO - 26/04/03 14:45:50 INFO SparkContext: Added JAR file:///opt/airflow/etl/jars/delta-storage-2.3.0.jar at spark://ff668b8b098e:46867/jars/delta-storage-2.3.0.jar with timestamp 1775227549112
[2026-04-03T14:45:50.835+0000] {spark_submit.py:491} INFO - 26/04/03 14:45:50 INFO StandaloneAppClient$ClientEndpoint: Connecting to master spark://spark-master:7077...
[2026-04-03T14:45:50.909+0000] {spark_submit.py:491} INFO - 26/04/03 14:45:50 INFO TransportClientFactory: Successfully created connection to spark-master/172.18.0.6:7077 after 43 ms (0 ms spent in bootstraps)
[2026-04-03T14:45:51.084+0000] {spark_submit.py:491} INFO - 26/04/03 14:45:51 INFO StandaloneSchedulerBackend: Connected to Spark cluster with app ID app-20260403144551-0042
[2026-04-03T14:45:51.097+0000] {spark_submit.py:491} INFO - 26/04/03 14:45:51 INFO Utils: Successfully started service 'org.apache.spark.network.netty.NettyBlockTransferService' on port 42095.
[2026-04-03T14:45:51.097+0000] {spark_submit.py:491} INFO - 26/04/03 14:45:51 INFO NettyBlockTransferService: Server created on ff668b8b098e:42095
[2026-04-03T14:45:51.099+0000] {spark_submit.py:491} INFO - 26/04/03 14:45:51 INFO BlockManager: Using org.apache.spark.storage.RandomBlockReplicationPolicy for block replication policy
[2026-04-03T14:45:51.112+0000] {spark_submit.py:491} INFO - 26/04/03 14:45:51 INFO BlockManagerMaster: Registering BlockManager BlockManagerId(driver, ff668b8b098e, 42095, None)
[2026-04-03T14:45:51.118+0000] {spark_submit.py:491} INFO - 26/04/03 14:45:51 INFO BlockManagerMasterEndpoint: Registering block manager ff668b8b098e:42095 with 434.4 MiB RAM, BlockManagerId(driver, ff668b8b098e, 42095, None)
[2026-04-03T14:45:51.122+0000] {spark_submit.py:491} INFO - 26/04/03 14:45:51 INFO BlockManagerMaster: Registered BlockManager BlockManagerId(driver, ff668b8b098e, 42095, None)
[2026-04-03T14:45:51.124+0000] {spark_submit.py:491} INFO - 26/04/03 14:45:51 INFO BlockManager: Initialized BlockManager: BlockManagerId(driver, ff668b8b098e, 42095, None)
[2026-04-03T14:45:51.453+0000] {spark_submit.py:491} INFO - 26/04/03 14:45:51 INFO StandaloneSchedulerBackend: SchedulerBackend is ready for scheduling beginning after reached minRegisteredResourcesRatio: 0.0
[2026-04-03T14:45:53.036+0000] {spark_submit.py:491} INFO - INFO:silver_processor: Bắt đầu xử lý lớp Silver cho bảng: customers | Chế độ CDC: False
[2026-04-03T14:45:53.037+0000] {spark_submit.py:491} INFO - INFO:silver_processor: Bắt đầu quét Data Nóng từ Bronze...
[2026-04-03T14:45:53.450+0000] {spark_submit.py:491} INFO - 26/04/03 14:45:53 WARN MetricsConfig: Cannot locate configuration: tried hadoop-metrics2-s3a-file-system.properties,hadoop-metrics2.properties
[2026-04-03T14:48:50.671+0000] {local_task_job_runner.py:115} ERROR - Received SIGTERM. Terminating subprocesses
[2026-04-03T14:48:50.728+0000] {process_utils.py:131} INFO - Sending 15 to group 2073. PIDs of all processes in the group: [2082, 2315, 2073]
[2026-04-03T14:48:50.730+0000] {process_utils.py:86} INFO - Sending the signal 15 to group 2073
[2026-04-03T14:48:50.735+0000] {taskinstance.py:1632} ERROR - Received SIGTERM. Terminating subprocesses.
[2026-04-03T14:48:50.749+0000] {spark_submit.py:618} INFO - Sending kill signal to spark-submit
[2026-04-03T14:48:51.070+0000] {process_utils.py:79} INFO - Process psutil.Process(pid=2315, status='terminated', started='14:45:46') (2315) terminated with exit code None
[2026-04-03T14:48:51.103+0000] {taskinstance.py:1937} ERROR - Task failed with exception
Traceback (most recent call last):
  File "/home/airflow/.local/lib/python3.10/site-packages/airflow/providers/apache/spark/operators/spark_submit.py", line 156, in execute
    self._hook.submit(self._application)
  File "/home/airflow/.local/lib/python3.10/site-packages/airflow/providers/apache/spark/hooks/spark_submit.py", line 410, in submit
    self._process_spark_submit_log(iter(self._submit_sp.stdout))  # type: ignore
  File "/home/airflow/.local/lib/python3.10/site-packages/airflow/providers/apache/spark/hooks/spark_submit.py", line 459, in _process_spark_submit_log
    for line in itr:
  File "/home/airflow/.local/lib/python3.10/site-packages/airflow/models/taskinstance.py", line 1634, in signal_handler
    raise AirflowException("Task received SIGTERM signal")
airflow.exceptions.AirflowException: Task received SIGTERM signal
[2026-04-03T14:48:51.150+0000] {taskinstance.py:1400} INFO - Marking task as FAILED. dag_id=silver_spark_processor, task_id=process_silver_customers, execution_date=20260401T000000, start_date=20260403T144540, end_date=20260403T144851
[2026-04-03T14:48:51.303+0000] {standard_task_runner.py:104} ERROR - Failed to execute job 613 for task process_silver_customers (Task received SIGTERM signal; 2073)
[2026-04-03T14:48:51.366+0000] {process_utils.py:79} INFO - Process psutil.Process(pid=2082, status='terminated', started='14:45:40') (2082) terminated with exit code None
[2026-04-03T14:48:51.367+0000] {process_utils.py:79} INFO - Process psutil.Process(pid=2073, status='terminated', exitcode=1, started='14:45:40') (2073) terminated with exit code 1
[2026-04-03T14:48:51.368+0000] {local_task_job_runner.py:228} INFO - Task exited with return code 143
[2026-04-03T14:48:51.429+0000] {taskinstance.py:2778} INFO - 0 downstream tasks scheduled from follow-on schedule check
