[2026-04-02T11:03:38.830+0000] {taskinstance.py:1159} INFO - Dependencies all met for dep_context=non-requeueable deps ti=<TaskInstance: silver_spark_processor.process_silver_customers scheduled__2026-04-01T00:00:00+00:00 [queued]>
[2026-04-02T11:03:38.847+0000] {taskinstance.py:1159} INFO - Dependencies all met for dep_context=requeueable deps ti=<TaskInstance: silver_spark_processor.process_silver_customers scheduled__2026-04-01T00:00:00+00:00 [queued]>
[2026-04-02T11:03:38.847+0000] {taskinstance.py:1361} INFO - Starting attempt 3 of 4
[2026-04-02T11:03:38.873+0000] {taskinstance.py:1382} INFO - Executing <Task(SparkSubmitOperator): process_silver_customers> on 2026-04-01 00:00:00+00:00
[2026-04-02T11:03:38.887+0000] {standard_task_runner.py:57} INFO - Started process 4734 to run task
[2026-04-02T11:03:38.896+0000] {standard_task_runner.py:84} INFO - Running: ['airflow', 'tasks', 'run', 'silver_spark_processor', 'process_silver_customers', 'scheduled__2026-04-01T00:00:00+00:00', '--job-id', '256', '--raw', '--subdir', 'DAGS_FOLDER/silver_processor_dag.py', '--cfg-path', '/tmp/tmpzfdgo40s']
[2026-04-02T11:03:38.901+0000] {standard_task_runner.py:85} INFO - Job 256: Subtask process_silver_customers
[2026-04-02T11:03:39.016+0000] {task_command.py:416} INFO - Running <TaskInstance: silver_spark_processor.process_silver_customers scheduled__2026-04-01T00:00:00+00:00 [running]> on host 1115d2cb4d12
[2026-04-02T11:03:39.172+0000] {taskinstance.py:1662} INFO - Exporting env vars: AIRFLOW_CTX_DAG_OWNER='data-team' AIRFLOW_CTX_DAG_ID='silver_spark_processor' AIRFLOW_CTX_TASK_ID='process_silver_customers' AIRFLOW_CTX_EXECUTION_DATE='2026-04-01T00:00:00+00:00' AIRFLOW_CTX_TRY_NUMBER='3' AIRFLOW_CTX_DAG_RUN_ID='scheduled__2026-04-01T00:00:00+00:00'
[2026-04-02T11:03:39.192+0000] {base.py:73} INFO - Using connection ID 'spark_default' for task execution.
[2026-04-02T11:03:39.194+0000] {spark_submit.py:340} INFO - Spark-Submit cmd: spark-submit --master spark://spark-master:7077 --executor-cores 1 --executor-memory 1g --driver-memory 1g --name airflow_silver_customers /opt/airflow/etl/silver/main_silver.py --table_name customers --merge_key customer_id --is_cdc false --json_schema 
[2026-04-02T11:03:39.326+0000] {spark_submit.py:491} INFO - /home/airflow/.local/lib/python3.10/site-packages/pyspark/bin/load-spark-env.sh: line 68: ps: command not found
[2026-04-02T11:03:53.241+0000] {spark_submit.py:491} INFO - Traceback (most recent call last):
[2026-04-02T11:03:53.246+0000] {spark_submit.py:491} INFO - File "/opt/airflow/etl/silver/main_silver.py", line 6, in <module>
[2026-04-02T11:03:53.246+0000] {spark_submit.py:491} INFO - from silver_processor import process_silver_layer
[2026-04-02T11:03:53.246+0000] {spark_submit.py:491} INFO - File "/opt/airflow/etl/silver/silver_processor.py", line 5, in <module>
[2026-04-02T11:03:53.246+0000] {spark_submit.py:491} INFO - from delta.tables import DeltaTable
[2026-04-02T11:03:53.246+0000] {spark_submit.py:491} INFO - ModuleNotFoundError: No module named 'delta'
[2026-04-02T11:03:53.732+0000] {spark_submit.py:491} INFO - 26/04/02 11:03:53 INFO ShutdownHookManager: Shutdown hook called
[2026-04-02T11:03:53.749+0000] {spark_submit.py:491} INFO - 26/04/02 11:03:53 INFO ShutdownHookManager: Deleting directory /tmp/spark-9fcfc0cf-224f-42c7-aaca-0d846caa97e4
[2026-04-02T11:03:53.885+0000] {taskinstance.py:1937} ERROR - Task failed with exception
Traceback (most recent call last):
  File "/home/airflow/.local/lib/python3.10/site-packages/airflow/providers/apache/spark/operators/spark_submit.py", line 156, in execute
    self._hook.submit(self._application)
  File "/home/airflow/.local/lib/python3.10/site-packages/airflow/providers/apache/spark/hooks/spark_submit.py", line 422, in submit
    raise AirflowException(
airflow.exceptions.AirflowException: Cannot execute: spark-submit --master spark://spark-master:7077 --executor-cores 1 --executor-memory 1g --driver-memory 1g --name airflow_silver_customers /opt/airflow/etl/silver/main_silver.py --table_name customers --merge_key customer_id --is_cdc false --json_schema . Error code is: 1.
[2026-04-02T11:03:53.890+0000] {taskinstance.py:1400} INFO - Marking task as UP_FOR_RETRY. dag_id=silver_spark_processor, task_id=process_silver_customers, execution_date=20260401T000000, start_date=20260402T110338, end_date=20260402T110353
[2026-04-02T11:03:53.918+0000] {standard_task_runner.py:104} ERROR - Failed to execute job 256 for task process_silver_customers (Cannot execute: spark-submit --master spark://spark-master:7077 --executor-cores 1 --executor-memory 1g --driver-memory 1g --name airflow_silver_customers /opt/airflow/etl/silver/main_silver.py --table_name customers --merge_key customer_id --is_cdc false --json_schema . Error code is: 1.; 4734)
[2026-04-02T11:03:53.970+0000] {local_task_job_runner.py:228} INFO - Task exited with return code 1
[2026-04-02T11:03:54.060+0000] {taskinstance.py:2778} INFO - 0 downstream tasks scheduled from follow-on schedule check
