[2026-04-02T11:13:53.215+0000] {taskinstance.py:1159} INFO - Dependencies all met for dep_context=non-requeueable deps ti=<TaskInstance: silver_spark_processor.process_silver_sellers scheduled__2026-04-01T00:00:00+00:00 [queued]>
[2026-04-02T11:13:53.232+0000] {taskinstance.py:1159} INFO - Dependencies all met for dep_context=requeueable deps ti=<TaskInstance: silver_spark_processor.process_silver_sellers scheduled__2026-04-01T00:00:00+00:00 [queued]>
[2026-04-02T11:13:53.232+0000] {taskinstance.py:1361} INFO - Starting attempt 5 of 6
[2026-04-02T11:13:53.265+0000] {taskinstance.py:1382} INFO - Executing <Task(SparkSubmitOperator): process_silver_sellers> on 2026-04-01 00:00:00+00:00
[2026-04-02T11:13:53.276+0000] {standard_task_runner.py:57} INFO - Started process 3533 to run task
[2026-04-02T11:13:53.282+0000] {standard_task_runner.py:84} INFO - Running: ['airflow', 'tasks', 'run', 'silver_spark_processor', 'process_silver_sellers', 'scheduled__2026-04-01T00:00:00+00:00', '--job-id', '293', '--raw', '--subdir', 'DAGS_FOLDER/silver_processor_dag.py', '--cfg-path', '/tmp/tmphjh81j4h']
[2026-04-02T11:13:53.285+0000] {standard_task_runner.py:85} INFO - Job 293: Subtask process_silver_sellers
[2026-04-02T11:13:53.373+0000] {task_command.py:416} INFO - Running <TaskInstance: silver_spark_processor.process_silver_sellers scheduled__2026-04-01T00:00:00+00:00 [running]> on host 5926004790ec
[2026-04-02T11:13:53.538+0000] {taskinstance.py:1662} INFO - Exporting env vars: AIRFLOW_CTX_DAG_OWNER='data-team' AIRFLOW_CTX_DAG_ID='silver_spark_processor' AIRFLOW_CTX_TASK_ID='process_silver_sellers' AIRFLOW_CTX_EXECUTION_DATE='2026-04-01T00:00:00+00:00' AIRFLOW_CTX_TRY_NUMBER='5' AIRFLOW_CTX_DAG_RUN_ID='scheduled__2026-04-01T00:00:00+00:00'
[2026-04-02T11:13:53.560+0000] {base.py:73} INFO - Using connection ID 'spark_default' for task execution.
[2026-04-02T11:13:53.561+0000] {spark_submit.py:340} INFO - Spark-Submit cmd: spark-submit --master spark://spark-master:7077 --executor-cores 1 --executor-memory 1g --driver-memory 1g --name airflow_silver_sellers /opt/airflow/etl/silver/main_silver.py --table_name sellers --merge_key seller_id --is_cdc false --json_schema 
[2026-04-02T11:13:53.732+0000] {spark_submit.py:491} INFO - /home/airflow/.local/lib/python3.10/site-packages/pyspark/bin/load-spark-env.sh: line 68: ps: command not found
[2026-04-02T11:14:05.088+0000] {spark_submit.py:491} INFO - INFO:__main__:Khởi tạo Spark Job cho bảng: sellers
[2026-04-02T11:14:05.478+0000] {spark_submit.py:491} INFO - 26/04/02 11:14:05 INFO SparkContext: Running Spark version 3.3.2
[2026-04-02T11:14:05.790+0000] {spark_submit.py:491} INFO - 26/04/02 11:14:05 WARN NativeCodeLoader: Unable to load native-hadoop library for your platform... using builtin-java classes where applicable
[2026-04-02T11:14:06.422+0000] {spark_submit.py:491} INFO - 26/04/02 11:14:06 INFO ResourceUtils: ==============================================================
[2026-04-02T11:14:06.424+0000] {spark_submit.py:491} INFO - 26/04/02 11:14:06 INFO ResourceUtils: No custom resources configured for spark.driver.
[2026-04-02T11:14:06.428+0000] {spark_submit.py:491} INFO - 26/04/02 11:14:06 INFO ResourceUtils: ==============================================================
[2026-04-02T11:14:06.429+0000] {spark_submit.py:491} INFO - 26/04/02 11:14:06 INFO SparkContext: Submitted application: <class 'pyspark.sql.session.SparkSession'>
[2026-04-02T11:14:06.635+0000] {spark_submit.py:491} INFO - 26/04/02 11:14:06 INFO ResourceProfile: Default ResourceProfile created, executor resources: Map(cores -> name: cores, amount: 1, script: , vendor: , memory -> name: memory, amount: 1024, script: , vendor: , offHeap -> name: offHeap, amount: 0, script: , vendor: ), task resources: Map(cpus -> name: cpus, amount: 1.0)
[2026-04-02T11:14:06.776+0000] {spark_submit.py:491} INFO - 26/04/02 11:14:06 INFO ResourceProfile: Limiting resource is cpus at 1 tasks per executor
[2026-04-02T11:14:06.787+0000] {spark_submit.py:491} INFO - 26/04/02 11:14:06 INFO ResourceProfileManager: Added ResourceProfile id: 0
[2026-04-02T11:14:07.364+0000] {spark_submit.py:491} INFO - 26/04/02 11:14:07 INFO SecurityManager: Changing view acls to: airflow
[2026-04-02T11:14:07.365+0000] {spark_submit.py:491} INFO - 26/04/02 11:14:07 INFO SecurityManager: Changing modify acls to: airflow
[2026-04-02T11:14:07.382+0000] {spark_submit.py:491} INFO - 26/04/02 11:14:07 INFO SecurityManager: Changing view acls groups to:
[2026-04-02T11:14:07.383+0000] {spark_submit.py:491} INFO - 26/04/02 11:14:07 INFO SecurityManager: Changing modify acls groups to:
[2026-04-02T11:14:07.383+0000] {spark_submit.py:491} INFO - 26/04/02 11:14:07 INFO SecurityManager: SecurityManager: authentication disabled; ui acls disabled; users  with view permissions: Set(airflow); groups with view permissions: Set(); users  with modify permissions: Set(airflow); groups with modify permissions: Set()
