[2026-04-03T14:45:21.090+0000] {taskinstance.py:1159} INFO - Dependencies all met for dep_context=non-requeueable deps ti=<TaskInstance: silver_spark_processor.process_silver_sellers scheduled__2026-04-01T00:00:00+00:00 [queued]>
[2026-04-03T14:45:21.098+0000] {taskinstance.py:1159} INFO - Dependencies all met for dep_context=requeueable deps ti=<TaskInstance: silver_spark_processor.process_silver_sellers scheduled__2026-04-01T00:00:00+00:00 [queued]>
[2026-04-03T14:45:21.098+0000] {taskinstance.py:1361} INFO - Starting attempt 8 of 8
[2026-04-03T14:45:21.112+0000] {taskinstance.py:1382} INFO - Executing <Task(SparkSubmitOperator): process_silver_sellers> on 2026-04-01 00:00:00+00:00
[2026-04-03T14:45:21.120+0000] {standard_task_runner.py:57} INFO - Started process 1394 to run task
[2026-04-03T14:45:21.123+0000] {standard_task_runner.py:84} INFO - Running: ['airflow', 'tasks', 'run', 'silver_spark_processor', 'process_silver_sellers', 'scheduled__2026-04-01T00:00:00+00:00', '--job-id', '608', '--raw', '--subdir', 'DAGS_FOLDER/silver_processor_dag.py', '--cfg-path', '/tmp/tmp7oxmwz6b']
[2026-04-03T14:45:21.125+0000] {standard_task_runner.py:85} INFO - Job 608: Subtask process_silver_sellers
[2026-04-03T14:45:21.184+0000] {task_command.py:416} INFO - Running <TaskInstance: silver_spark_processor.process_silver_sellers scheduled__2026-04-01T00:00:00+00:00 [running]> on host ff668b8b098e
[2026-04-03T14:45:21.289+0000] {taskinstance.py:1662} INFO - Exporting env vars: AIRFLOW_CTX_DAG_OWNER='data-team' AIRFLOW_CTX_DAG_ID='silver_spark_processor' AIRFLOW_CTX_TASK_ID='process_silver_sellers' AIRFLOW_CTX_EXECUTION_DATE='2026-04-01T00:00:00+00:00' AIRFLOW_CTX_TRY_NUMBER='8' AIRFLOW_CTX_DAG_RUN_ID='scheduled__2026-04-01T00:00:00+00:00'
[2026-04-03T14:45:21.300+0000] {base.py:73} INFO - Using connection ID 'spark_default' for task execution.
[2026-04-03T14:45:21.302+0000] {spark_submit.py:340} INFO - Spark-Submit cmd: spark-submit --master spark://spark-master:7077 --conf spark.sql.extensions=io.delta.sql.DeltaSparkSessionExtension --conf spark.sql.catalog.spark_catalog=org.apache.spark.sql.delta.catalog.DeltaCatalog --conf spark.databricks.delta.schema.autoMerge.enabled=true --jars /opt/airflow/etl/jars/hadoop-aws-3.3.2.jar,/opt/airflow/etl/jars/aws-java-sdk-bundle-1.11.1026.jar,/opt/airflow/etl/jars/delta-core_2.12-2.3.0.jar,/opt/airflow/etl/jars/delta-storage-2.3.0.jar --executor-cores 1 --executor-memory 1g --driver-memory 1g --name airflow_silver_sellers /opt/airflow/etl/silver/main_silver.py --table_name sellers --merge_key seller_id --is_cdc false --json_schema 
[2026-04-03T14:45:21.421+0000] {spark_submit.py:491} INFO - /home/airflow/.local/lib/python3.10/site-packages/pyspark/bin/load-spark-env.sh: line 68: ps: command not found
[2026-04-03T14:45:24.264+0000] {spark_submit.py:491} INFO - 26/04/03 14:45:24 WARN NativeCodeLoader: Unable to load native-hadoop library for your platform... using builtin-java classes where applicable
[2026-04-03T14:45:25.664+0000] {spark_submit.py:491} INFO - INFO:__main__:Khởi tạo Spark Job cho bảng: sellers
[2026-04-03T14:45:25.795+0000] {spark_submit.py:491} INFO - 26/04/03 14:45:25 INFO SparkContext: Running Spark version 3.3.2
[2026-04-03T14:45:25.833+0000] {spark_submit.py:491} INFO - 26/04/03 14:45:25 INFO ResourceUtils: ==============================================================
[2026-04-03T14:45:25.833+0000] {spark_submit.py:491} INFO - 26/04/03 14:45:25 INFO ResourceUtils: No custom resources configured for spark.driver.
[2026-04-03T14:45:25.833+0000] {spark_submit.py:491} INFO - 26/04/03 14:45:25 INFO ResourceUtils: ==============================================================
[2026-04-03T14:45:25.834+0000] {spark_submit.py:491} INFO - 26/04/03 14:45:25 INFO SparkContext: Submitted application: <class 'pyspark.sql.session.SparkSession'>
[2026-04-03T14:45:25.866+0000] {spark_submit.py:491} INFO - 26/04/03 14:45:25 INFO ResourceProfile: Default ResourceProfile created, executor resources: Map(cores -> name: cores, amount: 1, script: , vendor: , memory -> name: memory, amount: 1024, script: , vendor: , offHeap -> name: offHeap, amount: 0, script: , vendor: ), task resources: Map(cpus -> name: cpus, amount: 1.0)
[2026-04-03T14:45:25.882+0000] {spark_submit.py:491} INFO - 26/04/03 14:45:25 INFO ResourceProfile: Limiting resource is cpus at 1 tasks per executor
[2026-04-03T14:45:25.885+0000] {spark_submit.py:491} INFO - 26/04/03 14:45:25 INFO ResourceProfileManager: Added ResourceProfile id: 0
[2026-04-03T14:45:25.965+0000] {spark_submit.py:491} INFO - 26/04/03 14:45:25 INFO SecurityManager: Changing view acls to: airflow
[2026-04-03T14:45:25.967+0000] {spark_submit.py:491} INFO - 26/04/03 14:45:25 INFO SecurityManager: Changing modify acls to: airflow
[2026-04-03T14:45:25.968+0000] {spark_submit.py:491} INFO - 26/04/03 14:45:25 INFO SecurityManager: Changing view acls groups to:
[2026-04-03T14:45:25.969+0000] {spark_submit.py:491} INFO - 26/04/03 14:45:25 INFO SecurityManager: Changing modify acls groups to:
[2026-04-03T14:45:25.969+0000] {spark_submit.py:491} INFO - 26/04/03 14:45:25 INFO SecurityManager: SecurityManager: authentication disabled; ui acls disabled; users  with view permissions: Set(airflow); groups with view permissions: Set(); users  with modify permissions: Set(airflow); groups with modify permissions: Set()
[2026-04-03T14:45:26.322+0000] {spark_submit.py:491} INFO - 26/04/03 14:45:26 INFO Utils: Successfully started service 'sparkDriver' on port 39547.
[2026-04-03T14:45:26.364+0000] {spark_submit.py:491} INFO - 26/04/03 14:45:26 INFO SparkEnv: Registering MapOutputTracker
[2026-04-03T14:45:26.418+0000] {spark_submit.py:491} INFO - 26/04/03 14:45:26 INFO SparkEnv: Registering BlockManagerMaster
[2026-04-03T14:45:26.450+0000] {spark_submit.py:491} INFO - 26/04/03 14:45:26 INFO BlockManagerMasterEndpoint: Using org.apache.spark.storage.DefaultTopologyMapper for getting topology information
[2026-04-03T14:45:26.451+0000] {spark_submit.py:491} INFO - 26/04/03 14:45:26 INFO BlockManagerMasterEndpoint: BlockManagerMasterEndpoint up
[2026-04-03T14:45:26.460+0000] {spark_submit.py:491} INFO - 26/04/03 14:45:26 INFO SparkEnv: Registering BlockManagerMasterHeartbeat
[2026-04-03T14:45:26.496+0000] {spark_submit.py:491} INFO - 26/04/03 14:45:26 INFO DiskBlockManager: Created local directory at /tmp/blockmgr-8e70195e-71d4-4a80-86f7-2b486cc8e798
[2026-04-03T14:45:26.519+0000] {spark_submit.py:491} INFO - 26/04/03 14:45:26 INFO MemoryStore: MemoryStore started with capacity 434.4 MiB
[2026-04-03T14:45:26.541+0000] {spark_submit.py:491} INFO - 26/04/03 14:45:26 INFO SparkEnv: Registering OutputCommitCoordinator
[2026-04-03T14:45:26.801+0000] {spark_submit.py:491} INFO - 26/04/03 14:45:26 WARN Utils: Service 'SparkUI' could not bind on port 4040. Attempting port 4041.
[2026-04-03T14:45:26.813+0000] {spark_submit.py:491} INFO - 26/04/03 14:45:26 INFO Utils: Successfully started service 'SparkUI' on port 4041.
[2026-04-03T14:45:26.867+0000] {spark_submit.py:491} INFO - 26/04/03 14:45:26 INFO SparkContext: Added JAR file:///opt/airflow/etl/jars/hadoop-aws-3.3.2.jar at spark://ff668b8b098e:39547/jars/hadoop-aws-3.3.2.jar with timestamp 1775227525780
[2026-04-03T14:45:26.868+0000] {spark_submit.py:491} INFO - 26/04/03 14:45:26 INFO SparkContext: Added JAR file:///opt/airflow/etl/jars/aws-java-sdk-bundle-1.11.1026.jar at spark://ff668b8b098e:39547/jars/aws-java-sdk-bundle-1.11.1026.jar with timestamp 1775227525780
[2026-04-03T14:45:26.868+0000] {spark_submit.py:491} INFO - 26/04/03 14:45:26 INFO SparkContext: Added JAR file:///opt/airflow/etl/jars/delta-core_2.12-2.3.0.jar at spark://ff668b8b098e:39547/jars/delta-core_2.12-2.3.0.jar with timestamp 1775227525780
[2026-04-03T14:45:26.868+0000] {spark_submit.py:491} INFO - 26/04/03 14:45:26 INFO SparkContext: Added JAR file:///opt/airflow/etl/jars/delta-storage-2.3.0.jar at spark://ff668b8b098e:39547/jars/delta-storage-2.3.0.jar with timestamp 1775227525780
[2026-04-03T14:45:27.061+0000] {spark_submit.py:491} INFO - 26/04/03 14:45:27 INFO StandaloneAppClient$ClientEndpoint: Connecting to master spark://spark-master:7077...
[2026-04-03T14:45:27.190+0000] {spark_submit.py:491} INFO - 26/04/03 14:45:27 INFO TransportClientFactory: Successfully created connection to spark-master/172.18.0.6:7077 after 91 ms (0 ms spent in bootstraps)
[2026-04-03T14:45:27.339+0000] {spark_submit.py:491} INFO - 26/04/03 14:45:27 INFO StandaloneSchedulerBackend: Connected to Spark cluster with app ID app-20260403144527-0037
[2026-04-03T14:45:27.352+0000] {spark_submit.py:491} INFO - 26/04/03 14:45:27 INFO Utils: Successfully started service 'org.apache.spark.network.netty.NettyBlockTransferService' on port 35925.
[2026-04-03T14:45:27.352+0000] {spark_submit.py:491} INFO - 26/04/03 14:45:27 INFO NettyBlockTransferService: Server created on ff668b8b098e:35925
[2026-04-03T14:45:27.355+0000] {spark_submit.py:491} INFO - 26/04/03 14:45:27 INFO BlockManager: Using org.apache.spark.storage.RandomBlockReplicationPolicy for block replication policy
[2026-04-03T14:45:27.379+0000] {spark_submit.py:491} INFO - 26/04/03 14:45:27 INFO BlockManagerMaster: Registering BlockManager BlockManagerId(driver, ff668b8b098e, 35925, None)
[2026-04-03T14:45:27.400+0000] {spark_submit.py:491} INFO - 26/04/03 14:45:27 INFO BlockManagerMasterEndpoint: Registering block manager ff668b8b098e:35925 with 434.4 MiB RAM, BlockManagerId(driver, ff668b8b098e, 35925, None)
[2026-04-03T14:45:27.412+0000] {spark_submit.py:491} INFO - 26/04/03 14:45:27 INFO BlockManagerMaster: Registered BlockManager BlockManagerId(driver, ff668b8b098e, 35925, None)
[2026-04-03T14:45:27.414+0000] {spark_submit.py:491} INFO - 26/04/03 14:45:27 INFO BlockManager: Initialized BlockManager: BlockManagerId(driver, ff668b8b098e, 35925, None)
[2026-04-03T14:45:27.721+0000] {spark_submit.py:491} INFO - 26/04/03 14:45:27 INFO StandaloneSchedulerBackend: SchedulerBackend is ready for scheduling beginning after reached minRegisteredResourcesRatio: 0.0
[2026-04-03T14:45:28.901+0000] {spark_submit.py:491} INFO - INFO:silver_processor: Bắt đầu xử lý lớp Silver cho bảng: sellers | Chế độ CDC: False
[2026-04-03T14:45:28.901+0000] {spark_submit.py:491} INFO - INFO:silver_processor: Bắt đầu quét Data Nóng từ Bronze...
[2026-04-03T14:45:29.314+0000] {spark_submit.py:491} INFO - 26/04/03 14:45:29 WARN MetricsConfig: Cannot locate configuration: tried hadoop-metrics2-s3a-file-system.properties,hadoop-metrics2.properties
[2026-04-03T14:48:50.678+0000] {local_task_job_runner.py:115} ERROR - Received SIGTERM. Terminating subprocesses
[2026-04-03T14:48:50.774+0000] {process_utils.py:131} INFO - Sending 15 to group 1394. PIDs of all processes in the group: [1396, 1519, 1394]
[2026-04-03T14:48:50.781+0000] {process_utils.py:86} INFO - Sending the signal 15 to group 1394
[2026-04-03T14:48:50.819+0000] {taskinstance.py:1632} ERROR - Received SIGTERM. Terminating subprocesses.
[2026-04-03T14:48:50.884+0000] {spark_submit.py:618} INFO - Sending kill signal to spark-submit
[2026-04-03T14:48:51.222+0000] {taskinstance.py:1937} ERROR - Task failed with exception
Traceback (most recent call last):
  File "/home/airflow/.local/lib/python3.10/site-packages/airflow/providers/apache/spark/operators/spark_submit.py", line 156, in execute
    self._hook.submit(self._application)
  File "/home/airflow/.local/lib/python3.10/site-packages/airflow/providers/apache/spark/hooks/spark_submit.py", line 410, in submit
    self._process_spark_submit_log(iter(self._submit_sp.stdout))  # type: ignore
  File "/home/airflow/.local/lib/python3.10/site-packages/airflow/providers/apache/spark/hooks/spark_submit.py", line 459, in _process_spark_submit_log
    for line in itr:
  File "/home/airflow/.local/lib/python3.10/site-packages/airflow/models/taskinstance.py", line 1634, in signal_handler
    raise AirflowException("Task received SIGTERM signal")
airflow.exceptions.AirflowException: Task received SIGTERM signal
[2026-04-03T14:48:51.285+0000] {taskinstance.py:1400} INFO - Marking task as FAILED. dag_id=silver_spark_processor, task_id=process_silver_sellers, execution_date=20260401T000000, start_date=20260403T144521, end_date=20260403T144851
[2026-04-03T14:48:51.498+0000] {process_utils.py:79} INFO - Process psutil.Process(pid=1519, status='terminated', started='14:45:24') (1519) terminated with exit code None
[2026-04-03T14:48:51.554+0000] {standard_task_runner.py:104} ERROR - Failed to execute job 608 for task process_silver_sellers (Task received SIGTERM signal; 1394)
[2026-04-03T14:48:51.592+0000] {process_utils.py:79} INFO - Process psutil.Process(pid=1396, status='terminated', started='14:45:21') (1396) terminated with exit code None
[2026-04-03T14:48:51.593+0000] {process_utils.py:79} INFO - Process psutil.Process(pid=1394, status='terminated', exitcode=1, started='14:45:20') (1394) terminated with exit code 1
[2026-04-03T14:48:51.595+0000] {local_task_job_runner.py:228} INFO - Task exited with return code 143
[2026-04-03T14:48:51.939+0000] {taskinstance.py:2778} INFO - 0 downstream tasks scheduled from follow-on schedule check
[2026-04-03T14:48:53.053+0000] {local_task_job_runner.py:115} ERROR - Received SIGTERM. Terminating subprocesses
[2026-04-03T14:48:53.054+0000] {local_task_job_runner.py:228} INFO - Task exited with return code 143
