[2026-04-02T04:03:33.522+0000] {taskinstance.py:1159} INFO - Dependencies all met for dep_context=non-requeueable deps ti=<TaskInstance: bronze_mysql_to_minio.extract_geolocation scheduled__2026-04-01T00:00:00+00:00 [queued]>
[2026-04-02T04:03:33.570+0000] {taskinstance.py:1159} INFO - Dependencies all met for dep_context=requeueable deps ti=<TaskInstance: bronze_mysql_to_minio.extract_geolocation scheduled__2026-04-01T00:00:00+00:00 [queued]>
[2026-04-02T04:03:33.571+0000] {taskinstance.py:1361} INFO - Starting attempt 4 of 5
[2026-04-02T04:03:33.602+0000] {taskinstance.py:1382} INFO - Executing <Task(PythonOperator): extract_geolocation> on 2026-04-01 00:00:00+00:00
[2026-04-02T04:03:33.621+0000] {standard_task_runner.py:57} INFO - Started process 845 to run task
[2026-04-02T04:03:33.627+0000] {standard_task_runner.py:84} INFO - Running: ['airflow', 'tasks', 'run', 'bronze_mysql_to_minio', 'extract_geolocation', 'scheduled__2026-04-01T00:00:00+00:00', '--job-id', '66', '--raw', '--subdir', 'DAGS_FOLDER/bronze_dag.py', '--cfg-path', '/tmp/tmp9_yjvb2e']
[2026-04-02T04:03:33.632+0000] {standard_task_runner.py:85} INFO - Job 66: Subtask extract_geolocation
[2026-04-02T04:03:33.766+0000] {task_command.py:416} INFO - Running <TaskInstance: bronze_mysql_to_minio.extract_geolocation scheduled__2026-04-01T00:00:00+00:00 [running]> on host bfff109fd42e
[2026-04-02T04:03:34.061+0000] {taskinstance.py:1662} INFO - Exporting env vars: AIRFLOW_CTX_DAG_OWNER='data-team' AIRFLOW_CTX_DAG_ID='bronze_mysql_to_minio' AIRFLOW_CTX_TASK_ID='extract_geolocation' AIRFLOW_CTX_EXECUTION_DATE='2026-04-01T00:00:00+00:00' AIRFLOW_CTX_TRY_NUMBER='4' AIRFLOW_CTX_DAG_RUN_ID='scheduled__2026-04-01T00:00:00+00:00'
[2026-04-02T04:03:34.122+0000] {extract_mysql.py:32} INFO - [geolocation] Full Load | Query: SELECT * FROM geolocation;
[2026-04-02T04:03:59.067+0000] {extract_mysql.py:35} INFO - [geolocation] Đã đọc: 738332 dòng x 7 cột
[2026-04-02T04:03:59.465+0000] {taskinstance.py:1937} ERROR - Task failed with exception
Traceback (most recent call last):
  File "/home/airflow/.local/lib/python3.10/site-packages/airflow/operators/python.py", line 192, in execute
    return_value = self.execute_callable()
  File "/home/airflow/.local/lib/python3.10/site-packages/airflow/operators/python.py", line 209, in execute_callable
    return self.python_callable(*self.op_args, **self.op_kwargs)
  File "/opt/airflow/dags/bronze_dag.py", line 58, in _run
    metadata = extract_fn(mysql, minio, logical_date=logical_date)
  File "/opt/airflow/etl/bronze/extract_mysql.py", line 97, in extract_geolocation
    return _extract_full_load(mysql, minio, "geolocation", "geolocation", logical_date=logical_date)
  File "/opt/airflow/etl/bronze/extract_mysql.py", line 37, in _extract_full_load
    object_key = minio.save(df, layer=LAYER, schema=schema, table=table_name, logical_date=logical_date)
  File "/opt/airflow/etl/utils/minio_client.py", line 67, in save
    os.remove(tmp_path)
FileNotFoundError: [Errno 2] No such file or directory: '/tmp/file_bronze_geolocation_geolocation_20260402040359.parquet'
[2026-04-02T04:03:59.486+0000] {taskinstance.py:1400} INFO - Marking task as UP_FOR_RETRY. dag_id=bronze_mysql_to_minio, task_id=extract_geolocation, execution_date=20260401T000000, start_date=20260402T040333, end_date=20260402T040359
[2026-04-02T04:03:59.513+0000] {standard_task_runner.py:104} ERROR - Failed to execute job 66 for task extract_geolocation ([Errno 2] No such file or directory: '/tmp/file_bronze_geolocation_geolocation_20260402040359.parquet'; 845)
[2026-04-02T04:03:59.566+0000] {local_task_job_runner.py:228} INFO - Task exited with return code 1
[2026-04-02T04:03:59.607+0000] {taskinstance.py:2778} INFO - 0 downstream tasks scheduled from follow-on schedule check
