[2026-04-02T10:24:12.172+0000] {taskinstance.py:1159} INFO - Dependencies all met for dep_context=non-requeueable deps ti=<TaskInstance: bronze_mysql_to_minio.extract_order_reviews manual__2026-04-02T03:52:46.450760+00:00 [queued]>
[2026-04-02T10:24:12.208+0000] {taskinstance.py:1159} INFO - Dependencies all met for dep_context=requeueable deps ti=<TaskInstance: bronze_mysql_to_minio.extract_order_reviews manual__2026-04-02T03:52:46.450760+00:00 [queued]>
[2026-04-02T10:24:12.209+0000] {taskinstance.py:1361} INFO - Starting attempt 1 of 2
[2026-04-02T10:24:12.252+0000] {taskinstance.py:1382} INFO - Executing <Task(PythonOperator): extract_order_reviews> on 2026-04-02 03:52:46.450760+00:00
[2026-04-02T10:24:12.266+0000] {standard_task_runner.py:57} INFO - Started process 429 to run task
[2026-04-02T10:24:12.271+0000] {standard_task_runner.py:84} INFO - Running: ['airflow', 'tasks', 'run', 'bronze_mysql_to_minio', 'extract_order_reviews', 'manual__2026-04-02T03:52:46.450760+00:00', '--job-id', '160', '--raw', '--subdir', 'DAGS_FOLDER/bronze_dag.py', '--cfg-path', '/tmp/tmpipd8n039']
[2026-04-02T10:24:12.274+0000] {standard_task_runner.py:85} INFO - Job 160: Subtask extract_order_reviews
[2026-04-02T10:24:12.401+0000] {task_command.py:416} INFO - Running <TaskInstance: bronze_mysql_to_minio.extract_order_reviews manual__2026-04-02T03:52:46.450760+00:00 [running]> on host 1115d2cb4d12
[2026-04-02T10:24:12.558+0000] {taskinstance.py:1662} INFO - Exporting env vars: AIRFLOW_CTX_DAG_OWNER='data-team' AIRFLOW_CTX_DAG_ID='bronze_mysql_to_minio' AIRFLOW_CTX_TASK_ID='extract_order_reviews' AIRFLOW_CTX_EXECUTION_DATE='2026-04-02T03:52:46.450760+00:00' AIRFLOW_CTX_TRY_NUMBER='1' AIRFLOW_CTX_DAG_RUN_ID='manual__2026-04-02T03:52:46.450760+00:00'
[2026-04-02T10:24:12.585+0000] {extract_mysql.py:139} INFO - [order_reviews] Lần chạy đầu tiên -> Kích hoạt FULL LOAD
[2026-04-02T10:24:12.585+0000] {extract_mysql.py:32} INFO - [order_reviews] Full Load | Query: SELECT * FROM order_reviews;
[2026-04-02T10:24:15.774+0000] {extract_mysql.py:35} INFO - [order_reviews] Đã đọc: 99224 dòng x 9 cột
[2026-04-02T10:24:15.927+0000] {taskinstance.py:1937} ERROR - Task failed with exception
Traceback (most recent call last):
  File "/opt/airflow/etl/utils/minio_client.py", line 61, in save
    self._client.fput_object(self._bucket, object_key, tmp_path)
  File "/home/airflow/.local/lib/python3.10/site-packages/minio/api.py", line 992, in fput_object
    file_size = os.stat(file_path).st_size
FileNotFoundError: [Errno 2] No such file or directory: '/tmp/file_bronze_olist_order_reviews_20260402102415.parquet'

During handling of the above exception, another exception occurred:

Traceback (most recent call last):
  File "/home/airflow/.local/lib/python3.10/site-packages/airflow/operators/python.py", line 192, in execute
    return_value = self.execute_callable()
  File "/home/airflow/.local/lib/python3.10/site-packages/airflow/operators/python.py", line 209, in execute_callable
    return self.python_callable(*self.op_args, **self.op_kwargs)
  File "/opt/airflow/dags/bronze_dag.py", line 80, in _run
    metadata = extract_fn(
  File "/opt/airflow/etl/bronze/extract_mysql.py", line 140, in extract_order_reviews
    return _extract_full_load(mysql, minio, "order_reviews", "olist", logical_date=logical_date)
  File "/opt/airflow/etl/bronze/extract_mysql.py", line 37, in _extract_full_load
    object_key = minio.save(df, layer=LAYER, schema=schema, table=table_name, logical_date=logical_date)
  File "/opt/airflow/etl/utils/minio_client.py", line 64, in save
    raise Exception(f"Error saving to MinIO [{object_key}]: {e}")
Exception: Error saving to MinIO [bronze/olist/order_reviews/year=2026/month=04/day=02/order_reviews_20260402_000000.parquet]: [Errno 2] No such file or directory: '/tmp/file_bronze_olist_order_reviews_20260402102415.parquet'
[2026-04-02T10:24:15.939+0000] {taskinstance.py:1400} INFO - Marking task as UP_FOR_RETRY. dag_id=bronze_mysql_to_minio, task_id=extract_order_reviews, execution_date=20260402T035246, start_date=20260402T102412, end_date=20260402T102415
[2026-04-02T10:24:15.953+0000] {standard_task_runner.py:104} ERROR - Failed to execute job 160 for task extract_order_reviews (Error saving to MinIO [bronze/olist/order_reviews/year=2026/month=04/day=02/order_reviews_20260402_000000.parquet]: [Errno 2] No such file or directory: '/tmp/file_bronze_olist_order_reviews_20260402102415.parquet'; 429)
[2026-04-02T10:24:15.984+0000] {local_task_job_runner.py:228} INFO - Task exited with return code 1
[2026-04-02T10:24:16.008+0000] {taskinstance.py:2778} INFO - 0 downstream tasks scheduled from follow-on schedule check
