[2026-04-03T14:35:27.725+0000] {taskinstance.py:1159} INFO - Dependencies all met for dep_context=non-requeueable deps ti=<TaskInstance: silver_spark_processor.process_silver_order_reviews scheduled__2026-04-02T00:00:00+00:00 [queued]>
[2026-04-03T14:35:27.736+0000] {taskinstance.py:1159} INFO - Dependencies all met for dep_context=requeueable deps ti=<TaskInstance: silver_spark_processor.process_silver_order_reviews scheduled__2026-04-02T00:00:00+00:00 [queued]>
[2026-04-03T14:35:27.736+0000] {taskinstance.py:1361} INFO - Starting attempt 13 of 14
[2026-04-03T14:35:27.756+0000] {taskinstance.py:1382} INFO - Executing <Task(SparkSubmitOperator): process_silver_order_reviews> on 2026-04-02 00:00:00+00:00
[2026-04-03T14:35:27.767+0000] {standard_task_runner.py:57} INFO - Started process 1758 to run task
[2026-04-03T14:35:27.770+0000] {standard_task_runner.py:84} INFO - Running: ['airflow', 'tasks', 'run', 'silver_spark_processor', 'process_silver_order_reviews', 'scheduled__2026-04-02T00:00:00+00:00', '--job-id', '579', '--raw', '--subdir', 'DAGS_FOLDER/silver_processor_dag.py', '--cfg-path', '/tmp/tmp8g_ets5u']
[2026-04-03T14:35:27.773+0000] {standard_task_runner.py:85} INFO - Job 579: Subtask process_silver_order_reviews
[2026-04-03T14:35:27.844+0000] {task_command.py:416} INFO - Running <TaskInstance: silver_spark_processor.process_silver_order_reviews scheduled__2026-04-02T00:00:00+00:00 [running]> on host e516154efc74
[2026-04-03T14:35:27.984+0000] {taskinstance.py:1662} INFO - Exporting env vars: AIRFLOW_CTX_DAG_OWNER='data-team' AIRFLOW_CTX_DAG_ID='silver_spark_processor' AIRFLOW_CTX_TASK_ID='process_silver_order_reviews' AIRFLOW_CTX_EXECUTION_DATE='2026-04-02T00:00:00+00:00' AIRFLOW_CTX_TRY_NUMBER='13' AIRFLOW_CTX_DAG_RUN_ID='scheduled__2026-04-02T00:00:00+00:00'
[2026-04-03T14:35:27.998+0000] {base.py:73} INFO - Using connection ID 'spark_default' for task execution.
[2026-04-03T14:35:28.000+0000] {spark_submit.py:340} INFO - Spark-Submit cmd: spark-submit --master spark://spark-master:7077 --conf spark.sql.extensions=io.delta.sql.DeltaSparkSessionExtension --conf spark.sql.catalog.spark_catalog=org.apache.spark.sql.delta.catalog.DeltaCatalog --conf spark.databricks.delta.schema.autoMerge.enabled=true --jars /opt/airflow/etl/jars/hadoop-aws-3.3.2.jar,/opt/airflow/etl/jars/aws-java-sdk-bundle-1.11.1026.jar,/opt/airflow/etl/jars/delta-core_2.12-2.3.0.jar,/opt/airflow/etl/jars/delta-storage-2.3.0.jar --executor-cores 1 --executor-memory 1g --driver-memory 1g --name airflow_silver_order_reviews /opt/airflow/etl/silver/main_silver.py --table_name order_reviews --merge_key review_id --is_cdc false --json_schema 
[2026-04-03T14:35:28.141+0000] {spark_submit.py:491} INFO - /home/airflow/.local/lib/python3.10/site-packages/pyspark/bin/load-spark-env.sh: line 68: ps: command not found
[2026-04-03T14:35:30.444+0000] {spark_submit.py:491} INFO - 26/04/03 14:35:30 WARN NativeCodeLoader: Unable to load native-hadoop library for your platform... using builtin-java classes where applicable
[2026-04-03T14:35:31.533+0000] {spark_submit.py:491} INFO - INFO:__main__:Khởi tạo Spark Job cho bảng: order_reviews
[2026-04-03T14:35:31.622+0000] {spark_submit.py:491} INFO - 26/04/03 14:35:31 INFO SparkContext: Running Spark version 3.3.2
[2026-04-03T14:35:31.650+0000] {spark_submit.py:491} INFO - 26/04/03 14:35:31 INFO ResourceUtils: ==============================================================
[2026-04-03T14:35:31.650+0000] {spark_submit.py:491} INFO - 26/04/03 14:35:31 INFO ResourceUtils: No custom resources configured for spark.driver.
[2026-04-03T14:35:31.650+0000] {spark_submit.py:491} INFO - 26/04/03 14:35:31 INFO ResourceUtils: ==============================================================
[2026-04-03T14:35:31.651+0000] {spark_submit.py:491} INFO - 26/04/03 14:35:31 INFO SparkContext: Submitted application: <class 'pyspark.sql.session.SparkSession'>
[2026-04-03T14:35:31.671+0000] {spark_submit.py:491} INFO - 26/04/03 14:35:31 INFO ResourceProfile: Default ResourceProfile created, executor resources: Map(cores -> name: cores, amount: 1, script: , vendor: , memory -> name: memory, amount: 1024, script: , vendor: , offHeap -> name: offHeap, amount: 0, script: , vendor: ), task resources: Map(cpus -> name: cpus, amount: 1.0)
[2026-04-03T14:35:31.683+0000] {spark_submit.py:491} INFO - 26/04/03 14:35:31 INFO ResourceProfile: Limiting resource is cpus at 1 tasks per executor
[2026-04-03T14:35:31.686+0000] {spark_submit.py:491} INFO - 26/04/03 14:35:31 INFO ResourceProfileManager: Added ResourceProfile id: 0
[2026-04-03T14:35:31.744+0000] {spark_submit.py:491} INFO - 26/04/03 14:35:31 INFO SecurityManager: Changing view acls to: airflow
[2026-04-03T14:35:31.745+0000] {spark_submit.py:491} INFO - 26/04/03 14:35:31 INFO SecurityManager: Changing modify acls to: airflow
[2026-04-03T14:35:31.746+0000] {spark_submit.py:491} INFO - 26/04/03 14:35:31 INFO SecurityManager: Changing view acls groups to:
[2026-04-03T14:35:31.746+0000] {spark_submit.py:491} INFO - 26/04/03 14:35:31 INFO SecurityManager: Changing modify acls groups to:
[2026-04-03T14:35:31.747+0000] {spark_submit.py:491} INFO - 26/04/03 14:35:31 INFO SecurityManager: SecurityManager: authentication disabled; ui acls disabled; users  with view permissions: Set(airflow); groups with view permissions: Set(); users  with modify permissions: Set(airflow); groups with modify permissions: Set()
[2026-04-03T14:35:32.015+0000] {spark_submit.py:491} INFO - 26/04/03 14:35:32 INFO Utils: Successfully started service 'sparkDriver' on port 42863.
[2026-04-03T14:35:32.049+0000] {spark_submit.py:491} INFO - 26/04/03 14:35:32 INFO SparkEnv: Registering MapOutputTracker
[2026-04-03T14:35:32.085+0000] {spark_submit.py:491} INFO - 26/04/03 14:35:32 INFO SparkEnv: Registering BlockManagerMaster
[2026-04-03T14:35:32.107+0000] {spark_submit.py:491} INFO - 26/04/03 14:35:32 INFO BlockManagerMasterEndpoint: Using org.apache.spark.storage.DefaultTopologyMapper for getting topology information
[2026-04-03T14:35:32.108+0000] {spark_submit.py:491} INFO - 26/04/03 14:35:32 INFO BlockManagerMasterEndpoint: BlockManagerMasterEndpoint up
[2026-04-03T14:35:32.113+0000] {spark_submit.py:491} INFO - 26/04/03 14:35:32 INFO SparkEnv: Registering BlockManagerMasterHeartbeat
[2026-04-03T14:35:32.133+0000] {spark_submit.py:491} INFO - 26/04/03 14:35:32 INFO DiskBlockManager: Created local directory at /tmp/blockmgr-a910b37f-753a-45f1-899d-482c3708c5f4
[2026-04-03T14:35:32.153+0000] {spark_submit.py:491} INFO - 26/04/03 14:35:32 INFO MemoryStore: MemoryStore started with capacity 434.4 MiB
[2026-04-03T14:35:32.173+0000] {spark_submit.py:491} INFO - 26/04/03 14:35:32 INFO SparkEnv: Registering OutputCommitCoordinator
[2026-04-03T14:35:32.393+0000] {spark_submit.py:491} INFO - 26/04/03 14:35:32 INFO Utils: Successfully started service 'SparkUI' on port 4040.
[2026-04-03T14:35:32.426+0000] {spark_submit.py:491} INFO - 26/04/03 14:35:32 INFO SparkContext: Added JAR file:///opt/airflow/etl/jars/hadoop-aws-3.3.2.jar at spark://e516154efc74:42863/jars/hadoop-aws-3.3.2.jar with timestamp 1775226931614
[2026-04-03T14:35:32.426+0000] {spark_submit.py:491} INFO - 26/04/03 14:35:32 INFO SparkContext: Added JAR file:///opt/airflow/etl/jars/aws-java-sdk-bundle-1.11.1026.jar at spark://e516154efc74:42863/jars/aws-java-sdk-bundle-1.11.1026.jar with timestamp 1775226931614
[2026-04-03T14:35:32.426+0000] {spark_submit.py:491} INFO - 26/04/03 14:35:32 INFO SparkContext: Added JAR file:///opt/airflow/etl/jars/delta-core_2.12-2.3.0.jar at spark://e516154efc74:42863/jars/delta-core_2.12-2.3.0.jar with timestamp 1775226931614
[2026-04-03T14:35:32.427+0000] {spark_submit.py:491} INFO - 26/04/03 14:35:32 INFO SparkContext: Added JAR file:///opt/airflow/etl/jars/delta-storage-2.3.0.jar at spark://e516154efc74:42863/jars/delta-storage-2.3.0.jar with timestamp 1775226931614
[2026-04-03T14:35:32.521+0000] {spark_submit.py:491} INFO - 26/04/03 14:35:32 INFO StandaloneAppClient$ClientEndpoint: Connecting to master spark://spark-master:7077...
[2026-04-03T14:35:32.564+0000] {spark_submit.py:491} INFO - 26/04/03 14:35:32 INFO TransportClientFactory: Successfully created connection to spark-master/172.18.0.6:7077 after 26 ms (0 ms spent in bootstraps)
[2026-04-03T14:35:32.654+0000] {spark_submit.py:491} INFO - 26/04/03 14:35:32 INFO StandaloneSchedulerBackend: Connected to Spark cluster with app ID app-20260403143532-0011
[2026-04-03T14:35:32.657+0000] {spark_submit.py:491} INFO - 26/04/03 14:35:32 INFO StandaloneAppClient$ClientEndpoint: Executor added: app-20260403143532-0011/0 on worker-20260403141648-172.18.0.12-38881 (172.18.0.12:38881) with 1 core(s)
[2026-04-03T14:35:32.659+0000] {spark_submit.py:491} INFO - 26/04/03 14:35:32 INFO StandaloneSchedulerBackend: Granted executor ID app-20260403143532-0011/0 on hostPort 172.18.0.12:38881 with 1 core(s), 1024.0 MiB RAM
[2026-04-03T14:35:32.663+0000] {spark_submit.py:491} INFO - 26/04/03 14:35:32 INFO Utils: Successfully started service 'org.apache.spark.network.netty.NettyBlockTransferService' on port 46267.
[2026-04-03T14:35:32.664+0000] {spark_submit.py:491} INFO - 26/04/03 14:35:32 INFO NettyBlockTransferService: Server created on e516154efc74:46267
[2026-04-03T14:35:32.666+0000] {spark_submit.py:491} INFO - 26/04/03 14:35:32 INFO BlockManager: Using org.apache.spark.storage.RandomBlockReplicationPolicy for block replication policy
[2026-04-03T14:35:32.677+0000] {spark_submit.py:491} INFO - 26/04/03 14:35:32 INFO BlockManagerMaster: Registering BlockManager BlockManagerId(driver, e516154efc74, 46267, None)
[2026-04-03T14:35:32.683+0000] {spark_submit.py:491} INFO - 26/04/03 14:35:32 INFO BlockManagerMasterEndpoint: Registering block manager e516154efc74:46267 with 434.4 MiB RAM, BlockManagerId(driver, e516154efc74, 46267, None)
[2026-04-03T14:35:32.686+0000] {spark_submit.py:491} INFO - 26/04/03 14:35:32 INFO BlockManagerMaster: Registered BlockManager BlockManagerId(driver, e516154efc74, 46267, None)
[2026-04-03T14:35:32.687+0000] {spark_submit.py:491} INFO - 26/04/03 14:35:32 INFO StandaloneAppClient$ClientEndpoint: Executor updated: app-20260403143532-0011/0 is now RUNNING
[2026-04-03T14:35:32.688+0000] {spark_submit.py:491} INFO - 26/04/03 14:35:32 INFO BlockManager: Initialized BlockManager: BlockManagerId(driver, e516154efc74, 46267, None)
[2026-04-03T14:35:32.910+0000] {spark_submit.py:491} INFO - 26/04/03 14:35:32 INFO StandaloneSchedulerBackend: SchedulerBackend is ready for scheduling beginning after reached minRegisteredResourcesRatio: 0.0
[2026-04-03T14:35:33.852+0000] {spark_submit.py:491} INFO - INFO:silver_processor: Bắt đầu xử lý lớp Silver cho bảng: order_reviews | Chế độ CDC: False
[2026-04-03T14:35:33.853+0000] {spark_submit.py:491} INFO - INFO:silver_processor: Bắt đầu quét Data Nóng từ Bronze...
[2026-04-03T14:35:34.109+0000] {spark_submit.py:491} INFO - 26/04/03 14:35:34 WARN MetricsConfig: Cannot locate configuration: tried hadoop-metrics2-s3a-file-system.properties,hadoop-metrics2.properties
[2026-04-03T14:40:13.242+0000] {taskinstance.py:1937} ERROR - Task failed with exception
Traceback (most recent call last):
  File "/home/airflow/.local/lib/python3.10/site-packages/airflow/providers/apache/spark/operators/spark_submit.py", line 156, in execute
    self._hook.submit(self._application)
  File "/home/airflow/.local/lib/python3.10/site-packages/airflow/providers/apache/spark/hooks/spark_submit.py", line 422, in submit
    raise AirflowException(
airflow.exceptions.AirflowException: Cannot execute: spark-submit --master spark://spark-master:7077 --conf spark.sql.extensions=io.delta.sql.DeltaSparkSessionExtension --conf spark.sql.catalog.spark_catalog=org.apache.spark.sql.delta.catalog.DeltaCatalog --conf spark.databricks.delta.schema.autoMerge.enabled=true --jars /opt/airflow/etl/jars/hadoop-aws-3.3.2.jar,/opt/airflow/etl/jars/aws-java-sdk-bundle-1.11.1026.jar,/opt/airflow/etl/jars/delta-core_2.12-2.3.0.jar,/opt/airflow/etl/jars/delta-storage-2.3.0.jar --executor-cores 1 --executor-memory 1g --driver-memory 1g --name airflow_silver_order_reviews /opt/airflow/etl/silver/main_silver.py --table_name order_reviews --merge_key review_id --is_cdc false --json_schema . Error code is: -9.
[2026-04-03T14:40:13.329+0000] {taskinstance.py:1400} INFO - Marking task as UP_FOR_RETRY. dag_id=silver_spark_processor, task_id=process_silver_order_reviews, execution_date=20260402T000000, start_date=20260403T143527, end_date=20260403T144013
[2026-04-03T14:40:13.512+0000] {standard_task_runner.py:104} ERROR - Failed to execute job 579 for task process_silver_order_reviews (Cannot execute: spark-submit --master spark://spark-master:7077 --conf spark.sql.extensions=io.delta.sql.DeltaSparkSessionExtension --conf spark.sql.catalog.spark_catalog=org.apache.spark.sql.delta.catalog.DeltaCatalog --conf spark.databricks.delta.schema.autoMerge.enabled=true --jars /opt/airflow/etl/jars/hadoop-aws-3.3.2.jar,/opt/airflow/etl/jars/aws-java-sdk-bundle-1.11.1026.jar,/opt/airflow/etl/jars/delta-core_2.12-2.3.0.jar,/opt/airflow/etl/jars/delta-storage-2.3.0.jar --executor-cores 1 --executor-memory 1g --driver-memory 1g --name airflow_silver_order_reviews /opt/airflow/etl/silver/main_silver.py --table_name order_reviews --merge_key review_id --is_cdc false --json_schema . Error code is: -9.; 1758)
[2026-04-03T14:40:13.568+0000] {local_task_job_runner.py:228} INFO - Task exited with return code 1
[2026-04-03T14:40:13.952+0000] {taskinstance.py:2778} INFO - 0 downstream tasks scheduled from follow-on schedule check
