[2026-04-03T13:47:32.626+0000] {taskinstance.py:1159} INFO - Dependencies all met for dep_context=non-requeueable deps ti=<TaskInstance: silver_spark_processor.process_silver_order_reviews scheduled__2026-04-02T00:00:00+00:00 [queued]>
[2026-04-03T13:47:32.640+0000] {taskinstance.py:1159} INFO - Dependencies all met for dep_context=requeueable deps ti=<TaskInstance: silver_spark_processor.process_silver_order_reviews scheduled__2026-04-02T00:00:00+00:00 [queued]>
[2026-04-03T13:47:32.641+0000] {taskinstance.py:1361} INFO - Starting attempt 7 of 5
[2026-04-03T13:47:32.660+0000] {taskinstance.py:1382} INFO - Executing <Task(SparkSubmitOperator): process_silver_order_reviews> on 2026-04-02 00:00:00+00:00
[2026-04-03T13:47:32.667+0000] {standard_task_runner.py:57} INFO - Started process 1806 to run task
[2026-04-03T13:47:32.670+0000] {standard_task_runner.py:84} INFO - Running: ['airflow', 'tasks', 'run', 'silver_spark_processor', 'process_silver_order_reviews', 'scheduled__2026-04-02T00:00:00+00:00', '--job-id', '496', '--raw', '--subdir', 'DAGS_FOLDER/silver_processor_dag.py', '--cfg-path', '/tmp/tmp70k0pyzz']
[2026-04-03T13:47:32.672+0000] {standard_task_runner.py:85} INFO - Job 496: Subtask process_silver_order_reviews
[2026-04-03T13:47:32.756+0000] {task_command.py:416} INFO - Running <TaskInstance: silver_spark_processor.process_silver_order_reviews scheduled__2026-04-02T00:00:00+00:00 [running]> on host 3e1e8c99e894
[2026-04-03T13:47:32.891+0000] {taskinstance.py:1662} INFO - Exporting env vars: AIRFLOW_CTX_DAG_OWNER='data-team' AIRFLOW_CTX_DAG_ID='silver_spark_processor' AIRFLOW_CTX_TASK_ID='process_silver_order_reviews' AIRFLOW_CTX_EXECUTION_DATE='2026-04-02T00:00:00+00:00' AIRFLOW_CTX_TRY_NUMBER='7' AIRFLOW_CTX_DAG_RUN_ID='scheduled__2026-04-02T00:00:00+00:00'
[2026-04-03T13:47:32.909+0000] {base.py:73} INFO - Using connection ID 'spark_default' for task execution.
[2026-04-03T13:47:32.911+0000] {spark_submit.py:340} INFO - Spark-Submit cmd: spark-submit --master spark://spark-master:7077 --conf spark.sql.extensions=io.delta.sql.DeltaSparkSessionExtension --conf spark.sql.catalog.spark_catalog=org.apache.spark.sql.delta.catalog.DeltaCatalog --conf spark.databricks.delta.schema.autoMerge.enabled=true --jars /opt/airflow/etl/jars/hadoop-aws-3.3.2.jar,/opt/airflow/etl/jars/aws-java-sdk-bundle-1.11.1026.jar,/opt/airflow/etl/jars/delta-core_2.12-2.3.0.jar --executor-cores 1 --executor-memory 1g --driver-memory 1g --name airflow_silver_order_reviews /opt/airflow/etl/silver/main_silver.py --table_name order_reviews --merge_key review_id --is_cdc false --json_schema 
[2026-04-03T13:47:33.122+0000] {spark_submit.py:491} INFO - /home/airflow/.local/lib/python3.10/site-packages/pyspark/bin/load-spark-env.sh: line 68: ps: command not found
[2026-04-03T13:47:38.985+0000] {spark_submit.py:491} INFO - 26/04/03 13:47:38 WARN NativeCodeLoader: Unable to load native-hadoop library for your platform... using builtin-java classes where applicable
[2026-04-03T13:47:41.131+0000] {spark_submit.py:491} INFO - INFO:__main__:Khởi tạo Spark Job cho bảng: order_reviews
[2026-04-03T13:47:41.356+0000] {spark_submit.py:491} INFO - 26/04/03 13:47:41 INFO SparkContext: Running Spark version 3.3.2
[2026-04-03T13:47:41.451+0000] {spark_submit.py:491} INFO - 26/04/03 13:47:41 INFO ResourceUtils: ==============================================================
[2026-04-03T13:47:41.452+0000] {spark_submit.py:491} INFO - 26/04/03 13:47:41 INFO ResourceUtils: No custom resources configured for spark.driver.
[2026-04-03T13:47:41.453+0000] {spark_submit.py:491} INFO - 26/04/03 13:47:41 INFO ResourceUtils: ==============================================================
[2026-04-03T13:47:41.458+0000] {spark_submit.py:491} INFO - 26/04/03 13:47:41 INFO SparkContext: Submitted application: <class 'pyspark.sql.session.SparkSession'>
[2026-04-03T13:47:41.512+0000] {spark_submit.py:491} INFO - 26/04/03 13:47:41 INFO ResourceProfile: Default ResourceProfile created, executor resources: Map(cores -> name: cores, amount: 1, script: , vendor: , memory -> name: memory, amount: 1024, script: , vendor: , offHeap -> name: offHeap, amount: 0, script: , vendor: ), task resources: Map(cpus -> name: cpus, amount: 1.0)
[2026-04-03T13:47:41.552+0000] {spark_submit.py:491} INFO - 26/04/03 13:47:41 INFO ResourceProfile: Limiting resource is cpus at 1 tasks per executor
[2026-04-03T13:47:41.557+0000] {spark_submit.py:491} INFO - 26/04/03 13:47:41 INFO ResourceProfileManager: Added ResourceProfile id: 0
[2026-04-03T13:47:41.746+0000] {spark_submit.py:491} INFO - 26/04/03 13:47:41 INFO SecurityManager: Changing view acls to: airflow
[2026-04-03T13:47:41.748+0000] {spark_submit.py:491} INFO - 26/04/03 13:47:41 INFO SecurityManager: Changing modify acls to: airflow
[2026-04-03T13:47:41.749+0000] {spark_submit.py:491} INFO - 26/04/03 13:47:41 INFO SecurityManager: Changing view acls groups to:
[2026-04-03T13:47:41.751+0000] {spark_submit.py:491} INFO - 26/04/03 13:47:41 INFO SecurityManager: Changing modify acls groups to:
[2026-04-03T13:47:41.753+0000] {spark_submit.py:491} INFO - 26/04/03 13:47:41 INFO SecurityManager: SecurityManager: authentication disabled; ui acls disabled; users  with view permissions: Set(airflow); groups with view permissions: Set(); users  with modify permissions: Set(airflow); groups with modify permissions: Set()
[2026-04-03T13:47:42.477+0000] {spark_submit.py:491} INFO - 26/04/03 13:47:42 INFO Utils: Successfully started service 'sparkDriver' on port 35597.
[2026-04-03T13:47:42.598+0000] {spark_submit.py:491} INFO - 26/04/03 13:47:42 INFO SparkEnv: Registering MapOutputTracker
[2026-04-03T13:47:42.688+0000] {spark_submit.py:491} INFO - 26/04/03 13:47:42 INFO SparkEnv: Registering BlockManagerMaster
[2026-04-03T13:47:42.728+0000] {spark_submit.py:491} INFO - 26/04/03 13:47:42 INFO BlockManagerMasterEndpoint: Using org.apache.spark.storage.DefaultTopologyMapper for getting topology information
[2026-04-03T13:47:42.734+0000] {spark_submit.py:491} INFO - 26/04/03 13:47:42 INFO BlockManagerMasterEndpoint: BlockManagerMasterEndpoint up
[2026-04-03T13:47:42.742+0000] {spark_submit.py:491} INFO - 26/04/03 13:47:42 INFO SparkEnv: Registering BlockManagerMasterHeartbeat
[2026-04-03T13:47:42.908+0000] {spark_submit.py:491} INFO - 26/04/03 13:47:42 INFO DiskBlockManager: Created local directory at /tmp/blockmgr-7af3e752-143b-4375-82fe-13c12959a1e2
[2026-04-03T13:47:42.984+0000] {spark_submit.py:491} INFO - 26/04/03 13:47:42 INFO MemoryStore: MemoryStore started with capacity 434.4 MiB
[2026-04-03T13:47:43.045+0000] {spark_submit.py:491} INFO - 26/04/03 13:47:43 INFO SparkEnv: Registering OutputCommitCoordinator
[2026-04-03T13:47:43.787+0000] {spark_submit.py:491} INFO - 26/04/03 13:47:43 WARN Utils: Service 'SparkUI' could not bind on port 4040. Attempting port 4041.
[2026-04-03T13:47:43.788+0000] {spark_submit.py:491} INFO - 26/04/03 13:47:43 WARN Utils: Service 'SparkUI' could not bind on port 4041. Attempting port 4042.
[2026-04-03T13:47:43.825+0000] {spark_submit.py:491} INFO - 26/04/03 13:47:43 INFO Utils: Successfully started service 'SparkUI' on port 4042.
[2026-04-03T13:47:43.947+0000] {spark_submit.py:491} INFO - 26/04/03 13:47:43 INFO SparkContext: Added JAR file:///opt/airflow/etl/jars/hadoop-aws-3.3.2.jar at spark://3e1e8c99e894:35597/jars/hadoop-aws-3.3.2.jar with timestamp 1775224061315
[2026-04-03T13:47:43.948+0000] {spark_submit.py:491} INFO - 26/04/03 13:47:43 INFO SparkContext: Added JAR file:///opt/airflow/etl/jars/aws-java-sdk-bundle-1.11.1026.jar at spark://3e1e8c99e894:35597/jars/aws-java-sdk-bundle-1.11.1026.jar with timestamp 1775224061315
[2026-04-03T13:47:43.948+0000] {spark_submit.py:491} INFO - 26/04/03 13:47:43 INFO SparkContext: Added JAR file:///opt/airflow/etl/jars/delta-core_2.12-2.3.0.jar at spark://3e1e8c99e894:35597/jars/delta-core_2.12-2.3.0.jar with timestamp 1775224061315
[2026-04-03T13:47:44.337+0000] {spark_submit.py:491} INFO - 26/04/03 13:47:44 INFO StandaloneAppClient$ClientEndpoint: Connecting to master spark://spark-master:7077...
[2026-04-03T13:47:44.479+0000] {spark_submit.py:491} INFO - 26/04/03 13:47:44 INFO TransportClientFactory: Successfully created connection to spark-master/172.18.0.4:7077 after 99 ms (0 ms spent in bootstraps)
[2026-04-03T13:47:44.736+0000] {spark_submit.py:491} INFO - 26/04/03 13:47:44 INFO StandaloneSchedulerBackend: Connected to Spark cluster with app ID app-20260403134744-0011
[2026-04-03T13:47:44.753+0000] {spark_submit.py:491} INFO - 26/04/03 13:47:44 INFO Utils: Successfully started service 'org.apache.spark.network.netty.NettyBlockTransferService' on port 36381.
[2026-04-03T13:47:44.754+0000] {spark_submit.py:491} INFO - 26/04/03 13:47:44 INFO NettyBlockTransferService: Server created on 3e1e8c99e894:36381
[2026-04-03T13:47:44.759+0000] {spark_submit.py:491} INFO - 26/04/03 13:47:44 INFO BlockManager: Using org.apache.spark.storage.RandomBlockReplicationPolicy for block replication policy
[2026-04-03T13:47:44.777+0000] {spark_submit.py:491} INFO - 26/04/03 13:47:44 INFO BlockManagerMaster: Registering BlockManager BlockManagerId(driver, 3e1e8c99e894, 36381, None)
[2026-04-03T13:47:44.786+0000] {spark_submit.py:491} INFO - 26/04/03 13:47:44 INFO BlockManagerMasterEndpoint: Registering block manager 3e1e8c99e894:36381 with 434.4 MiB RAM, BlockManagerId(driver, 3e1e8c99e894, 36381, None)
[2026-04-03T13:47:44.800+0000] {spark_submit.py:491} INFO - 26/04/03 13:47:44 INFO BlockManagerMaster: Registered BlockManager BlockManagerId(driver, 3e1e8c99e894, 36381, None)
[2026-04-03T13:47:44.800+0000] {spark_submit.py:491} INFO - 26/04/03 13:47:44 INFO BlockManager: Initialized BlockManager: BlockManagerId(driver, 3e1e8c99e894, 36381, None)
[2026-04-03T13:47:45.475+0000] {spark_submit.py:491} INFO - 26/04/03 13:47:45 INFO StandaloneSchedulerBackend: SchedulerBackend is ready for scheduling beginning after reached minRegisteredResourcesRatio: 0.0
[2026-04-03T13:47:47.838+0000] {spark_submit.py:491} INFO - INFO:silver_processor: Bắt đầu xử lý lớp Silver cho bảng: order_reviews | Chế độ CDC: False
[2026-04-03T13:47:47.839+0000] {spark_submit.py:491} INFO - INFO:silver_processor: Bắt đầu quét Data Nóng từ Bronze...
[2026-04-03T13:47:48.793+0000] {spark_submit.py:491} INFO - 26/04/03 13:47:48 WARN MetricsConfig: Cannot locate configuration: tried hadoop-metrics2-s3a-file-system.properties,hadoop-metrics2.properties
