[2026-04-03T12:13:12.286+0000] {taskinstance.py:1159} INFO - Dependencies all met for dep_context=non-requeueable deps ti=<TaskInstance: silver_spark_processor.process_silver_order_reviews scheduled__2026-04-02T00:00:00+00:00 [queued]>
[2026-04-03T12:13:12.300+0000] {taskinstance.py:1159} INFO - Dependencies all met for dep_context=requeueable deps ti=<TaskInstance: silver_spark_processor.process_silver_order_reviews scheduled__2026-04-02T00:00:00+00:00 [queued]>
[2026-04-03T12:13:12.300+0000] {taskinstance.py:1361} INFO - Starting attempt 4 of 5
[2026-04-03T12:13:12.324+0000] {taskinstance.py:1382} INFO - Executing <Task(SparkSubmitOperator): process_silver_order_reviews> on 2026-04-02 00:00:00+00:00
[2026-04-03T12:13:12.335+0000] {standard_task_runner.py:57} INFO - Started process 202 to run task
[2026-04-03T12:13:12.341+0000] {standard_task_runner.py:84} INFO - Running: ['airflow', 'tasks', 'run', 'silver_spark_processor', 'process_silver_order_reviews', 'scheduled__2026-04-02T00:00:00+00:00', '--job-id', '418', '--raw', '--subdir', 'DAGS_FOLDER/silver_processor_dag.py', '--cfg-path', '/tmp/tmpt01pehq2']
[2026-04-03T12:13:12.346+0000] {standard_task_runner.py:85} INFO - Job 418: Subtask process_silver_order_reviews
[2026-04-03T12:13:12.457+0000] {task_command.py:416} INFO - Running <TaskInstance: silver_spark_processor.process_silver_order_reviews scheduled__2026-04-02T00:00:00+00:00 [running]> on host 61fefe962695
[2026-04-03T12:13:12.645+0000] {taskinstance.py:1662} INFO - Exporting env vars: AIRFLOW_CTX_DAG_OWNER='data-team' AIRFLOW_CTX_DAG_ID='silver_spark_processor' AIRFLOW_CTX_TASK_ID='process_silver_order_reviews' AIRFLOW_CTX_EXECUTION_DATE='2026-04-02T00:00:00+00:00' AIRFLOW_CTX_TRY_NUMBER='4' AIRFLOW_CTX_DAG_RUN_ID='scheduled__2026-04-02T00:00:00+00:00'
[2026-04-03T12:13:12.662+0000] {base.py:73} INFO - Using connection ID 'spark_default' for task execution.
[2026-04-03T12:13:12.663+0000] {spark_submit.py:340} INFO - Spark-Submit cmd: spark-submit --master spark://spark-master:7077 --conf spark.sql.extensions=io.delta.sql.DeltaSparkSessionExtension --conf spark.sql.catalog.spark_catalog=org.apache.spark.sql.delta.catalog.DeltaCatalog --conf spark.databricks.delta.schema.autoMerge.enabled=true --jars /opt/airflow/etl/jars/hadoop-aws-3.3.2.jar,/opt/airflow/etl/jars/aws-java-sdk-bundle-1.11.1026.jar,/opt/airflow/etl/jars/delta-core_2.12-2.3.0.jar --executor-cores 1 --executor-memory 1g --driver-memory 1g --name airflow_silver_order_reviews /opt/airflow/etl/silver/main_silver.py --table_name order_reviews --merge_key review_id --is_cdc false --json_schema 
[2026-04-03T12:13:12.890+0000] {spark_submit.py:491} INFO - /home/airflow/.local/lib/python3.10/site-packages/pyspark/bin/load-spark-env.sh: line 68: ps: command not found
[2026-04-03T12:13:19.178+0000] {spark_submit.py:491} INFO - 26/04/03 12:13:19 WARN NativeCodeLoader: Unable to load native-hadoop library for your platform... using builtin-java classes where applicable
[2026-04-03T12:13:21.473+0000] {spark_submit.py:491} INFO - INFO:__main__:Khởi tạo Spark Job cho bảng: order_reviews
[2026-04-03T12:13:21.659+0000] {spark_submit.py:491} INFO - 26/04/03 12:13:21 INFO SparkContext: Running Spark version 3.3.2
[2026-04-03T12:13:21.743+0000] {spark_submit.py:491} INFO - 26/04/03 12:13:21 INFO ResourceUtils: ==============================================================
[2026-04-03T12:13:21.744+0000] {spark_submit.py:491} INFO - 26/04/03 12:13:21 INFO ResourceUtils: No custom resources configured for spark.driver.
[2026-04-03T12:13:21.748+0000] {spark_submit.py:491} INFO - 26/04/03 12:13:21 INFO ResourceUtils: ==============================================================
[2026-04-03T12:13:21.755+0000] {spark_submit.py:491} INFO - 26/04/03 12:13:21 INFO SparkContext: Submitted application: <class 'pyspark.sql.session.SparkSession'>
[2026-04-03T12:13:21.848+0000] {spark_submit.py:491} INFO - 26/04/03 12:13:21 INFO ResourceProfile: Default ResourceProfile created, executor resources: Map(cores -> name: cores, amount: 1, script: , vendor: , memory -> name: memory, amount: 1024, script: , vendor: , offHeap -> name: offHeap, amount: 0, script: , vendor: ), task resources: Map(cpus -> name: cpus, amount: 1.0)
[2026-04-03T12:13:21.912+0000] {spark_submit.py:491} INFO - 26/04/03 12:13:21 INFO ResourceProfile: Limiting resource is cpus at 1 tasks per executor
[2026-04-03T12:13:21.925+0000] {spark_submit.py:491} INFO - 26/04/03 12:13:21 INFO ResourceProfileManager: Added ResourceProfile id: 0
[2026-04-03T12:13:22.118+0000] {spark_submit.py:491} INFO - 26/04/03 12:13:22 INFO SecurityManager: Changing view acls to: airflow
[2026-04-03T12:13:22.119+0000] {spark_submit.py:491} INFO - 26/04/03 12:13:22 INFO SecurityManager: Changing modify acls to: airflow
[2026-04-03T12:13:22.119+0000] {spark_submit.py:491} INFO - 26/04/03 12:13:22 INFO SecurityManager: Changing view acls groups to:
[2026-04-03T12:13:22.119+0000] {spark_submit.py:491} INFO - 26/04/03 12:13:22 INFO SecurityManager: Changing modify acls groups to:
[2026-04-03T12:13:22.121+0000] {spark_submit.py:491} INFO - 26/04/03 12:13:22 INFO SecurityManager: SecurityManager: authentication disabled; ui acls disabled; users  with view permissions: Set(airflow); groups with view permissions: Set(); users  with modify permissions: Set(airflow); groups with modify permissions: Set()
[2026-04-03T12:13:22.954+0000] {spark_submit.py:491} INFO - 26/04/03 12:13:22 INFO Utils: Successfully started service 'sparkDriver' on port 41685.
[2026-04-03T12:13:23.109+0000] {spark_submit.py:491} INFO - 26/04/03 12:13:23 INFO SparkEnv: Registering MapOutputTracker
[2026-04-03T12:13:23.353+0000] {spark_submit.py:491} INFO - 26/04/03 12:13:23 INFO SparkEnv: Registering BlockManagerMaster
[2026-04-03T12:13:23.481+0000] {spark_submit.py:491} INFO - 26/04/03 12:13:23 INFO BlockManagerMasterEndpoint: Using org.apache.spark.storage.DefaultTopologyMapper for getting topology information
[2026-04-03T12:13:23.487+0000] {spark_submit.py:491} INFO - 26/04/03 12:13:23 INFO BlockManagerMasterEndpoint: BlockManagerMasterEndpoint up
[2026-04-03T12:13:23.519+0000] {spark_submit.py:491} INFO - 26/04/03 12:13:23 INFO SparkEnv: Registering BlockManagerMasterHeartbeat
[2026-04-03T12:13:23.636+0000] {spark_submit.py:491} INFO - 26/04/03 12:13:23 INFO DiskBlockManager: Created local directory at /tmp/blockmgr-b92ca72d-7cd1-4a21-bdf7-7a48ab0d90a5
[2026-04-03T12:13:23.702+0000] {spark_submit.py:491} INFO - 26/04/03 12:13:23 INFO MemoryStore: MemoryStore started with capacity 434.4 MiB
[2026-04-03T12:13:23.748+0000] {spark_submit.py:491} INFO - 26/04/03 12:13:23 INFO SparkEnv: Registering OutputCommitCoordinator
[2026-04-03T12:13:24.557+0000] {spark_submit.py:491} INFO - 26/04/03 12:13:24 WARN Utils: Service 'SparkUI' could not bind on port 4040. Attempting port 4041.
[2026-04-03T12:13:24.560+0000] {spark_submit.py:491} INFO - 26/04/03 12:13:24 WARN Utils: Service 'SparkUI' could not bind on port 4041. Attempting port 4042.
[2026-04-03T12:13:24.600+0000] {spark_submit.py:491} INFO - 26/04/03 12:13:24 INFO Utils: Successfully started service 'SparkUI' on port 4042.
[2026-04-03T12:13:24.722+0000] {spark_submit.py:491} INFO - 26/04/03 12:13:24 INFO SparkContext: Added JAR file:///opt/airflow/etl/jars/hadoop-aws-3.3.2.jar at spark://61fefe962695:41685/jars/hadoop-aws-3.3.2.jar with timestamp 1775218401641
[2026-04-03T12:13:24.723+0000] {spark_submit.py:491} INFO - 26/04/03 12:13:24 INFO SparkContext: Added JAR file:///opt/airflow/etl/jars/aws-java-sdk-bundle-1.11.1026.jar at spark://61fefe962695:41685/jars/aws-java-sdk-bundle-1.11.1026.jar with timestamp 1775218401641
[2026-04-03T12:13:24.727+0000] {spark_submit.py:491} INFO - 26/04/03 12:13:24 INFO SparkContext: Added JAR file:///opt/airflow/etl/jars/delta-core_2.12-2.3.0.jar at spark://61fefe962695:41685/jars/delta-core_2.12-2.3.0.jar with timestamp 1775218401641
[2026-04-03T12:13:25.051+0000] {spark_submit.py:491} INFO - 26/04/03 12:13:25 INFO StandaloneAppClient$ClientEndpoint: Connecting to master spark://spark-master:7077...
[2026-04-03T12:13:25.239+0000] {spark_submit.py:491} INFO - 26/04/03 12:13:25 INFO TransportClientFactory: Successfully created connection to spark-master/172.18.0.3:7077 after 123 ms (0 ms spent in bootstraps)
[2026-04-03T12:13:25.785+0000] {spark_submit.py:491} INFO - 26/04/03 12:13:25 INFO StandaloneSchedulerBackend: Connected to Spark cluster with app ID app-20260403121325-0003
[2026-04-03T12:13:25.837+0000] {spark_submit.py:491} INFO - 26/04/03 12:13:25 INFO Utils: Successfully started service 'org.apache.spark.network.netty.NettyBlockTransferService' on port 33097.
[2026-04-03T12:13:25.837+0000] {spark_submit.py:491} INFO - 26/04/03 12:13:25 INFO NettyBlockTransferService: Server created on 61fefe962695:33097
[2026-04-03T12:13:25.860+0000] {spark_submit.py:491} INFO - 26/04/03 12:13:25 INFO BlockManager: Using org.apache.spark.storage.RandomBlockReplicationPolicy for block replication policy
[2026-04-03T12:13:25.920+0000] {spark_submit.py:491} INFO - 26/04/03 12:13:25 INFO BlockManagerMaster: Registering BlockManager BlockManagerId(driver, 61fefe962695, 33097, None)
[2026-04-03T12:13:25.927+0000] {spark_submit.py:491} INFO - 26/04/03 12:13:25 INFO BlockManagerMasterEndpoint: Registering block manager 61fefe962695:33097 with 434.4 MiB RAM, BlockManagerId(driver, 61fefe962695, 33097, None)
[2026-04-03T12:13:25.941+0000] {spark_submit.py:491} INFO - 26/04/03 12:13:25 INFO BlockManagerMaster: Registered BlockManager BlockManagerId(driver, 61fefe962695, 33097, None)
[2026-04-03T12:13:25.951+0000] {spark_submit.py:491} INFO - 26/04/03 12:13:25 INFO BlockManager: Initialized BlockManager: BlockManagerId(driver, 61fefe962695, 33097, None)
[2026-04-03T12:13:26.995+0000] {spark_submit.py:491} INFO - 26/04/03 12:13:26 INFO StandaloneSchedulerBackend: SchedulerBackend is ready for scheduling beginning after reached minRegisteredResourcesRatio: 0.0
[2026-04-03T12:14:21.377+0000] {spark_submit.py:491} INFO - INFO:silver_processor: Bắt đầu xử lý lớp Silver cho bảng: order_reviews | Chế độ CDC: False
[2026-04-03T12:14:21.740+0000] {spark_submit.py:491} INFO - INFO:silver_processor: Bắt đầu quét Data Nóng từ Bronze...
