[2026-04-02T11:13:53.193+0000] {taskinstance.py:1159} INFO - Dependencies all met for dep_context=non-requeueable deps ti=<TaskInstance: silver_spark_processor.process_silver_order_reviews scheduled__2026-04-01T00:00:00+00:00 [queued]>
[2026-04-02T11:13:53.210+0000] {taskinstance.py:1159} INFO - Dependencies all met for dep_context=requeueable deps ti=<TaskInstance: silver_spark_processor.process_silver_order_reviews scheduled__2026-04-01T00:00:00+00:00 [queued]>
[2026-04-02T11:13:53.210+0000] {taskinstance.py:1361} INFO - Starting attempt 5 of 6
[2026-04-02T11:13:53.233+0000] {taskinstance.py:1382} INFO - Executing <Task(SparkSubmitOperator): process_silver_order_reviews> on 2026-04-01 00:00:00+00:00
[2026-04-02T11:13:53.246+0000] {standard_task_runner.py:57} INFO - Started process 3527 to run task
[2026-04-02T11:13:53.251+0000] {standard_task_runner.py:84} INFO - Running: ['airflow', 'tasks', 'run', 'silver_spark_processor', 'process_silver_order_reviews', 'scheduled__2026-04-01T00:00:00+00:00', '--job-id', '290', '--raw', '--subdir', 'DAGS_FOLDER/silver_processor_dag.py', '--cfg-path', '/tmp/tmpuv0hiz0g']
[2026-04-02T11:13:53.255+0000] {standard_task_runner.py:85} INFO - Job 290: Subtask process_silver_order_reviews
[2026-04-02T11:13:53.346+0000] {task_command.py:416} INFO - Running <TaskInstance: silver_spark_processor.process_silver_order_reviews scheduled__2026-04-01T00:00:00+00:00 [running]> on host 5926004790ec
[2026-04-02T11:13:53.511+0000] {taskinstance.py:1662} INFO - Exporting env vars: AIRFLOW_CTX_DAG_OWNER='data-team' AIRFLOW_CTX_DAG_ID='silver_spark_processor' AIRFLOW_CTX_TASK_ID='process_silver_order_reviews' AIRFLOW_CTX_EXECUTION_DATE='2026-04-01T00:00:00+00:00' AIRFLOW_CTX_TRY_NUMBER='5' AIRFLOW_CTX_DAG_RUN_ID='scheduled__2026-04-01T00:00:00+00:00'
[2026-04-02T11:13:53.535+0000] {base.py:73} INFO - Using connection ID 'spark_default' for task execution.
[2026-04-02T11:13:53.536+0000] {spark_submit.py:340} INFO - Spark-Submit cmd: spark-submit --master spark://spark-master:7077 --executor-cores 1 --executor-memory 1g --driver-memory 1g --name airflow_silver_order_reviews /opt/airflow/etl/silver/main_silver.py --table_name order_reviews --merge_key review_id --is_cdc false --json_schema 
[2026-04-02T11:13:53.715+0000] {spark_submit.py:491} INFO - /home/airflow/.local/lib/python3.10/site-packages/pyspark/bin/load-spark-env.sh: line 68: ps: command not found
[2026-04-02T11:14:05.889+0000] {spark_submit.py:491} INFO - INFO:__main__:Khởi tạo Spark Job cho bảng: order_reviews
[2026-04-02T11:14:06.439+0000] {spark_submit.py:491} INFO - 26/04/02 11:14:06 INFO SparkContext: Running Spark version 3.3.2
[2026-04-02T11:14:06.766+0000] {spark_submit.py:491} INFO - 26/04/02 11:14:06 WARN NativeCodeLoader: Unable to load native-hadoop library for your platform... using builtin-java classes where applicable
[2026-04-02T11:14:07.740+0000] {spark_submit.py:491} INFO - 26/04/02 11:14:07 INFO ResourceUtils: ==============================================================
[2026-04-02T11:14:07.750+0000] {spark_submit.py:491} INFO - 26/04/02 11:14:07 INFO ResourceUtils: No custom resources configured for spark.driver.
[2026-04-02T11:14:07.753+0000] {spark_submit.py:491} INFO - 26/04/02 11:14:07 INFO ResourceUtils: ==============================================================
[2026-04-02T11:14:07.764+0000] {spark_submit.py:491} INFO - 26/04/02 11:14:07 INFO SparkContext: Submitted application: <class 'pyspark.sql.session.SparkSession'>
[2026-04-02T11:14:08.012+0000] {spark_submit.py:491} INFO - 26/04/02 11:14:08 INFO ResourceProfile: Default ResourceProfile created, executor resources: Map(cores -> name: cores, amount: 1, script: , vendor: , memory -> name: memory, amount: 1024, script: , vendor: , offHeap -> name: offHeap, amount: 0, script: , vendor: ), task resources: Map(cpus -> name: cpus, amount: 1.0)
[2026-04-02T11:14:08.111+0000] {spark_submit.py:491} INFO - 26/04/02 11:14:08 INFO ResourceProfile: Limiting resource is cpus at 1 tasks per executor
[2026-04-02T11:14:08.148+0000] {spark_submit.py:491} INFO - 26/04/02 11:14:08 INFO ResourceProfileManager: Added ResourceProfile id: 0
[2026-04-02T11:14:10.020+0000] {spark_submit.py:491} INFO - 26/04/02 11:14:09 INFO SecurityManager: Changing view acls to: airflow
[2026-04-02T11:14:10.457+0000] {spark_submit.py:491} INFO - 26/04/02 11:14:10 INFO SecurityManager: Changing modify acls to: airflow
[2026-04-02T11:14:11.129+0000] {spark_submit.py:491} INFO - 26/04/02 11:14:10 INFO SecurityManager: Changing view acls groups to:
[2026-04-02T11:14:12.444+0000] {spark_submit.py:491} INFO - 26/04/02 11:14:12 INFO SecurityManager: Changing modify acls groups to:
[2026-04-02T11:14:12.815+0000] {spark_submit.py:491} INFO - 26/04/02 11:14:12 INFO SecurityManager: SecurityManager: authentication disabled; ui acls disabled; users  with view permissions: Set(airflow); groups with view permissions: Set(); users  with modify permissions: Set(airflow); groups with modify permissions: Set()
