[2026-04-03T14:45:32.590+0000] {taskinstance.py:1159} INFO - Dependencies all met for dep_context=non-requeueable deps ti=<TaskInstance: silver_spark_processor.process_silver_order_reviews scheduled__2026-04-01T00:00:00+00:00 [queued]>
[2026-04-03T14:45:32.605+0000] {taskinstance.py:1159} INFO - Dependencies all met for dep_context=requeueable deps ti=<TaskInstance: silver_spark_processor.process_silver_order_reviews scheduled__2026-04-01T00:00:00+00:00 [queued]>
[2026-04-03T14:45:32.605+0000] {taskinstance.py:1361} INFO - Starting attempt 8 of 8
[2026-04-03T14:45:32.623+0000] {taskinstance.py:1382} INFO - Executing <Task(SparkSubmitOperator): process_silver_order_reviews> on 2026-04-01 00:00:00+00:00
[2026-04-03T14:45:32.633+0000] {standard_task_runner.py:57} INFO - Started process 1778 to run task
[2026-04-03T14:45:32.650+0000] {standard_task_runner.py:84} INFO - Running: ['airflow', 'tasks', 'run', 'silver_spark_processor', 'process_silver_order_reviews', 'scheduled__2026-04-01T00:00:00+00:00', '--job-id', '611', '--raw', '--subdir', 'DAGS_FOLDER/silver_processor_dag.py', '--cfg-path', '/tmp/tmpad804iwi']
[2026-04-03T14:45:32.664+0000] {standard_task_runner.py:85} INFO - Job 611: Subtask process_silver_order_reviews
[2026-04-03T14:45:32.750+0000] {task_command.py:416} INFO - Running <TaskInstance: silver_spark_processor.process_silver_order_reviews scheduled__2026-04-01T00:00:00+00:00 [running]> on host ff668b8b098e
[2026-04-03T14:45:32.877+0000] {taskinstance.py:1662} INFO - Exporting env vars: AIRFLOW_CTX_DAG_OWNER='data-team' AIRFLOW_CTX_DAG_ID='silver_spark_processor' AIRFLOW_CTX_TASK_ID='process_silver_order_reviews' AIRFLOW_CTX_EXECUTION_DATE='2026-04-01T00:00:00+00:00' AIRFLOW_CTX_TRY_NUMBER='8' AIRFLOW_CTX_DAG_RUN_ID='scheduled__2026-04-01T00:00:00+00:00'
[2026-04-03T14:45:32.896+0000] {base.py:73} INFO - Using connection ID 'spark_default' for task execution.
[2026-04-03T14:45:32.900+0000] {spark_submit.py:340} INFO - Spark-Submit cmd: spark-submit --master spark://spark-master:7077 --conf spark.sql.extensions=io.delta.sql.DeltaSparkSessionExtension --conf spark.sql.catalog.spark_catalog=org.apache.spark.sql.delta.catalog.DeltaCatalog --conf spark.databricks.delta.schema.autoMerge.enabled=true --jars /opt/airflow/etl/jars/hadoop-aws-3.3.2.jar,/opt/airflow/etl/jars/aws-java-sdk-bundle-1.11.1026.jar,/opt/airflow/etl/jars/delta-core_2.12-2.3.0.jar,/opt/airflow/etl/jars/delta-storage-2.3.0.jar --executor-cores 1 --executor-memory 1g --driver-memory 1g --name airflow_silver_order_reviews /opt/airflow/etl/silver/main_silver.py --table_name order_reviews --merge_key review_id --is_cdc false --json_schema 
[2026-04-03T14:45:33.155+0000] {spark_submit.py:491} INFO - /home/airflow/.local/lib/python3.10/site-packages/pyspark/bin/load-spark-env.sh: line 68: ps: command not found
[2026-04-03T14:45:37.159+0000] {spark_submit.py:491} INFO - 26/04/03 14:45:37 WARN NativeCodeLoader: Unable to load native-hadoop library for your platform... using builtin-java classes where applicable
[2026-04-03T14:45:39.253+0000] {spark_submit.py:491} INFO - INFO:__main__:Khởi tạo Spark Job cho bảng: order_reviews
[2026-04-03T14:45:39.605+0000] {spark_submit.py:491} INFO - 26/04/03 14:45:39 INFO SparkContext: Running Spark version 3.3.2
[2026-04-03T14:45:39.683+0000] {spark_submit.py:491} INFO - 26/04/03 14:45:39 INFO ResourceUtils: ==============================================================
[2026-04-03T14:45:39.684+0000] {spark_submit.py:491} INFO - 26/04/03 14:45:39 INFO ResourceUtils: No custom resources configured for spark.driver.
[2026-04-03T14:45:39.687+0000] {spark_submit.py:491} INFO - 26/04/03 14:45:39 INFO ResourceUtils: ==============================================================
[2026-04-03T14:45:39.687+0000] {spark_submit.py:491} INFO - 26/04/03 14:45:39 INFO SparkContext: Submitted application: <class 'pyspark.sql.session.SparkSession'>
[2026-04-03T14:45:39.737+0000] {spark_submit.py:491} INFO - 26/04/03 14:45:39 INFO ResourceProfile: Default ResourceProfile created, executor resources: Map(cores -> name: cores, amount: 1, script: , vendor: , memory -> name: memory, amount: 1024, script: , vendor: , offHeap -> name: offHeap, amount: 0, script: , vendor: ), task resources: Map(cpus -> name: cpus, amount: 1.0)
[2026-04-03T14:45:39.771+0000] {spark_submit.py:491} INFO - 26/04/03 14:45:39 INFO ResourceProfile: Limiting resource is cpus at 1 tasks per executor
[2026-04-03T14:45:39.774+0000] {spark_submit.py:491} INFO - 26/04/03 14:45:39 INFO ResourceProfileManager: Added ResourceProfile id: 0
[2026-04-03T14:45:39.895+0000] {spark_submit.py:491} INFO - 26/04/03 14:45:39 INFO SecurityManager: Changing view acls to: airflow
[2026-04-03T14:45:39.897+0000] {spark_submit.py:491} INFO - 26/04/03 14:45:39 INFO SecurityManager: Changing modify acls to: airflow
[2026-04-03T14:45:39.899+0000] {spark_submit.py:491} INFO - 26/04/03 14:45:39 INFO SecurityManager: Changing view acls groups to:
[2026-04-03T14:45:39.901+0000] {spark_submit.py:491} INFO - 26/04/03 14:45:39 INFO SecurityManager: Changing modify acls groups to:
[2026-04-03T14:45:39.903+0000] {spark_submit.py:491} INFO - 26/04/03 14:45:39 INFO SecurityManager: SecurityManager: authentication disabled; ui acls disabled; users  with view permissions: Set(airflow); groups with view permissions: Set(); users  with modify permissions: Set(airflow); groups with modify permissions: Set()
[2026-04-03T14:45:40.714+0000] {spark_submit.py:491} INFO - 26/04/03 14:45:40 INFO Utils: Successfully started service 'sparkDriver' on port 37601.
[2026-04-03T14:45:40.817+0000] {spark_submit.py:491} INFO - 26/04/03 14:45:40 INFO SparkEnv: Registering MapOutputTracker
[2026-04-03T14:45:40.923+0000] {spark_submit.py:491} INFO - 26/04/03 14:45:40 INFO SparkEnv: Registering BlockManagerMaster
[2026-04-03T14:45:40.973+0000] {spark_submit.py:491} INFO - 26/04/03 14:45:40 INFO BlockManagerMasterEndpoint: Using org.apache.spark.storage.DefaultTopologyMapper for getting topology information
[2026-04-03T14:45:40.975+0000] {spark_submit.py:491} INFO - 26/04/03 14:45:40 INFO BlockManagerMasterEndpoint: BlockManagerMasterEndpoint up
[2026-04-03T14:45:40.986+0000] {spark_submit.py:491} INFO - 26/04/03 14:45:40 INFO SparkEnv: Registering BlockManagerMasterHeartbeat
[2026-04-03T14:45:41.030+0000] {spark_submit.py:491} INFO - 26/04/03 14:45:41 INFO DiskBlockManager: Created local directory at /tmp/blockmgr-140e4ee2-be27-4fbc-a445-9310b1174651
[2026-04-03T14:45:41.077+0000] {spark_submit.py:491} INFO - 26/04/03 14:45:41 INFO MemoryStore: MemoryStore started with capacity 434.4 MiB
[2026-04-03T14:45:41.108+0000] {spark_submit.py:491} INFO - 26/04/03 14:45:41 INFO SparkEnv: Registering OutputCommitCoordinator
[2026-04-03T14:45:41.686+0000] {spark_submit.py:491} INFO - 26/04/03 14:45:41 INFO Utils: Successfully started service 'SparkUI' on port 4040.
[2026-04-03T14:45:41.748+0000] {spark_submit.py:491} INFO - 26/04/03 14:45:41 INFO SparkContext: Added JAR file:///opt/airflow/etl/jars/hadoop-aws-3.3.2.jar at spark://ff668b8b098e:37601/jars/hadoop-aws-3.3.2.jar with timestamp 1775227539579
[2026-04-03T14:45:41.748+0000] {spark_submit.py:491} INFO - 26/04/03 14:45:41 INFO SparkContext: Added JAR file:///opt/airflow/etl/jars/aws-java-sdk-bundle-1.11.1026.jar at spark://ff668b8b098e:37601/jars/aws-java-sdk-bundle-1.11.1026.jar with timestamp 1775227539579
[2026-04-03T14:45:41.751+0000] {spark_submit.py:491} INFO - 26/04/03 14:45:41 INFO SparkContext: Added JAR file:///opt/airflow/etl/jars/delta-core_2.12-2.3.0.jar at spark://ff668b8b098e:37601/jars/delta-core_2.12-2.3.0.jar with timestamp 1775227539579
[2026-04-03T14:45:41.751+0000] {spark_submit.py:491} INFO - 26/04/03 14:45:41 INFO SparkContext: Added JAR file:///opt/airflow/etl/jars/delta-storage-2.3.0.jar at spark://ff668b8b098e:37601/jars/delta-storage-2.3.0.jar with timestamp 1775227539579
[2026-04-03T14:45:41.945+0000] {spark_submit.py:491} INFO - 26/04/03 14:45:41 INFO StandaloneAppClient$ClientEndpoint: Connecting to master spark://spark-master:7077...
[2026-04-03T14:45:42.058+0000] {spark_submit.py:491} INFO - 26/04/03 14:45:42 INFO TransportClientFactory: Successfully created connection to spark-master/172.18.0.6:7077 after 68 ms (0 ms spent in bootstraps)
[2026-04-03T14:45:42.322+0000] {spark_submit.py:491} INFO - 26/04/03 14:45:42 INFO StandaloneSchedulerBackend: Connected to Spark cluster with app ID app-20260403144542-0040
[2026-04-03T14:45:42.342+0000] {spark_submit.py:491} INFO - 26/04/03 14:45:42 INFO Utils: Successfully started service 'org.apache.spark.network.netty.NettyBlockTransferService' on port 33017.
[2026-04-03T14:45:42.342+0000] {spark_submit.py:491} INFO - 26/04/03 14:45:42 INFO NettyBlockTransferService: Server created on ff668b8b098e:33017
[2026-04-03T14:45:42.346+0000] {spark_submit.py:491} INFO - 26/04/03 14:45:42 INFO BlockManager: Using org.apache.spark.storage.RandomBlockReplicationPolicy for block replication policy
[2026-04-03T14:45:42.367+0000] {spark_submit.py:491} INFO - 26/04/03 14:45:42 INFO BlockManagerMaster: Registering BlockManager BlockManagerId(driver, ff668b8b098e, 33017, None)
[2026-04-03T14:45:42.380+0000] {spark_submit.py:491} INFO - 26/04/03 14:45:42 INFO BlockManagerMasterEndpoint: Registering block manager ff668b8b098e:33017 with 434.4 MiB RAM, BlockManagerId(driver, ff668b8b098e, 33017, None)
[2026-04-03T14:45:42.392+0000] {spark_submit.py:491} INFO - 26/04/03 14:45:42 INFO BlockManagerMaster: Registered BlockManager BlockManagerId(driver, ff668b8b098e, 33017, None)
[2026-04-03T14:45:42.395+0000] {spark_submit.py:491} INFO - 26/04/03 14:45:42 INFO BlockManager: Initialized BlockManager: BlockManagerId(driver, ff668b8b098e, 33017, None)
[2026-04-03T14:45:43.059+0000] {spark_submit.py:491} INFO - 26/04/03 14:45:43 INFO StandaloneSchedulerBackend: SchedulerBackend is ready for scheduling beginning after reached minRegisteredResourcesRatio: 0.0
[2026-04-03T14:45:45.353+0000] {spark_submit.py:491} INFO - INFO:silver_processor: Bắt đầu xử lý lớp Silver cho bảng: order_reviews | Chế độ CDC: False
[2026-04-03T14:45:45.355+0000] {spark_submit.py:491} INFO - INFO:silver_processor: Bắt đầu quét Data Nóng từ Bronze...
[2026-04-03T14:45:45.778+0000] {spark_submit.py:491} INFO - 26/04/03 14:45:45 WARN MetricsConfig: Cannot locate configuration: tried hadoop-metrics2-s3a-file-system.properties,hadoop-metrics2.properties
[2026-04-03T14:48:50.674+0000] {local_task_job_runner.py:115} ERROR - Received SIGTERM. Terminating subprocesses
[2026-04-03T14:48:50.785+0000] {process_utils.py:131} INFO - Sending 15 to group 1778. PIDs of all processes in the group: [1780, 2011, 1778]
[2026-04-03T14:48:50.801+0000] {process_utils.py:86} INFO - Sending the signal 15 to group 1778
[2026-04-03T14:48:50.814+0000] {taskinstance.py:1632} ERROR - Received SIGTERM. Terminating subprocesses.
[2026-04-03T14:48:50.828+0000] {spark_submit.py:618} INFO - Sending kill signal to spark-submit
[2026-04-03T14:48:51.153+0000] {taskinstance.py:1937} ERROR - Task failed with exception
Traceback (most recent call last):
  File "/home/airflow/.local/lib/python3.10/site-packages/airflow/providers/apache/spark/operators/spark_submit.py", line 156, in execute
    self._hook.submit(self._application)
  File "/home/airflow/.local/lib/python3.10/site-packages/airflow/providers/apache/spark/hooks/spark_submit.py", line 410, in submit
    self._process_spark_submit_log(iter(self._submit_sp.stdout))  # type: ignore
  File "/home/airflow/.local/lib/python3.10/site-packages/airflow/providers/apache/spark/hooks/spark_submit.py", line 459, in _process_spark_submit_log
    for line in itr:
  File "/home/airflow/.local/lib/python3.10/site-packages/airflow/models/taskinstance.py", line 1634, in signal_handler
    raise AirflowException("Task received SIGTERM signal")
airflow.exceptions.AirflowException: Task received SIGTERM signal
[2026-04-03T14:48:51.206+0000] {taskinstance.py:1400} INFO - Marking task as FAILED. dag_id=silver_spark_processor, task_id=process_silver_order_reviews, execution_date=20260401T000000, start_date=20260403T144532, end_date=20260403T144851
[2026-04-03T14:48:51.356+0000] {standard_task_runner.py:104} ERROR - Failed to execute job 611 for task process_silver_order_reviews (Task received SIGTERM signal; 1778)
[2026-04-03T14:48:51.400+0000] {process_utils.py:79} INFO - Process psutil.Process(pid=1780, status='terminated', started='14:45:32') (1780) terminated with exit code None
[2026-04-03T14:48:51.401+0000] {process_utils.py:79} INFO - Process psutil.Process(pid=2011, status='terminated', started='14:45:37') (2011) terminated with exit code None
[2026-04-03T14:48:51.402+0000] {process_utils.py:79} INFO - Process psutil.Process(pid=1778, status='terminated', exitcode=1, started='14:45:32') (1778) terminated with exit code 1
[2026-04-03T14:48:51.404+0000] {local_task_job_runner.py:228} INFO - Task exited with return code 143
[2026-04-03T14:48:51.614+0000] {taskinstance.py:2778} INFO - 0 downstream tasks scheduled from follow-on schedule check
[2026-04-03T14:48:53.053+0000] {local_task_job_runner.py:115} ERROR - Received SIGTERM. Terminating subprocesses
[2026-04-03T14:48:53.054+0000] {local_task_job_runner.py:228} INFO - Task exited with return code 143
