[2026-04-02T04:08:35.257+0000] {taskinstance.py:1159} INFO - Dependencies all met for dep_context=non-requeueable deps ti=<TaskInstance: bronze_mysql_to_minio.extract_payments manual__2026-04-01T17:15:27.791727+00:00 [queued]>
[2026-04-02T04:08:35.265+0000] {taskinstance.py:1159} INFO - Dependencies all met for dep_context=requeueable deps ti=<TaskInstance: bronze_mysql_to_minio.extract_payments manual__2026-04-01T17:15:27.791727+00:00 [queued]>
[2026-04-02T04:08:35.266+0000] {taskinstance.py:1361} INFO - Starting attempt 5 of 5
[2026-04-02T04:08:35.277+0000] {taskinstance.py:1382} INFO - Executing <Task(PythonOperator): extract_payments> on 2026-04-01 17:15:27.791727+00:00
[2026-04-02T04:08:35.284+0000] {standard_task_runner.py:57} INFO - Started process 1408 to run task
[2026-04-02T04:08:35.288+0000] {standard_task_runner.py:84} INFO - Running: ['airflow', 'tasks', 'run', 'bronze_mysql_to_minio', 'extract_payments', 'manual__2026-04-01T17:15:27.791727+00:00', '--job-id', '100', '--raw', '--subdir', 'DAGS_FOLDER/bronze_dag.py', '--cfg-path', '/tmp/tmpea2yzlzy']
[2026-04-02T04:08:35.290+0000] {standard_task_runner.py:85} INFO - Job 100: Subtask extract_payments
[2026-04-02T04:08:35.343+0000] {task_command.py:416} INFO - Running <TaskInstance: bronze_mysql_to_minio.extract_payments manual__2026-04-01T17:15:27.791727+00:00 [running]> on host bfff109fd42e
[2026-04-02T04:08:35.465+0000] {taskinstance.py:1662} INFO - Exporting env vars: AIRFLOW_CTX_DAG_OWNER='data-team' AIRFLOW_CTX_DAG_ID='bronze_mysql_to_minio' AIRFLOW_CTX_TASK_ID='extract_payments' AIRFLOW_CTX_EXECUTION_DATE='2026-04-01T17:15:27.791727+00:00' AIRFLOW_CTX_TRY_NUMBER='5' AIRFLOW_CTX_DAG_RUN_ID='manual__2026-04-01T17:15:27.791727+00:00'
[2026-04-02T04:08:35.483+0000] {extract_mysql.py:32} INFO - [payments] Full Load | Query: SELECT * FROM payments;
[2026-04-02T04:08:35.515+0000] {taskinstance.py:1937} ERROR - Task failed with exception
Traceback (most recent call last):
  File "/home/airflow/.local/lib/python3.10/site-packages/sqlalchemy/engine/base.py", line 1910, in _execute_context
    self.dialect.do_execute(
  File "/home/airflow/.local/lib/python3.10/site-packages/sqlalchemy/engine/default.py", line 736, in do_execute
    cursor.execute(statement, parameters)
  File "/home/airflow/.local/lib/python3.10/site-packages/pymysql/cursors.py", line 153, in execute
    result = self._query(query)
  File "/home/airflow/.local/lib/python3.10/site-packages/pymysql/cursors.py", line 322, in _query
    conn.query(q)
  File "/home/airflow/.local/lib/python3.10/site-packages/pymysql/connections.py", line 558, in query
    self._affected_rows = self._read_query_result(unbuffered=unbuffered)
  File "/home/airflow/.local/lib/python3.10/site-packages/pymysql/connections.py", line 822, in _read_query_result
    result.read()
  File "/home/airflow/.local/lib/python3.10/site-packages/pymysql/connections.py", line 1200, in read
    first_packet = self.connection._read_packet()
  File "/home/airflow/.local/lib/python3.10/site-packages/pymysql/connections.py", line 772, in _read_packet
    packet.raise_for_error()
  File "/home/airflow/.local/lib/python3.10/site-packages/pymysql/protocol.py", line 221, in raise_for_error
    err.raise_mysql_exception(self._data)
  File "/home/airflow/.local/lib/python3.10/site-packages/pymysql/err.py", line 143, in raise_mysql_exception
    raise errorclass(errno, errval)
pymysql.err.ProgrammingError: (1146, "Table 'olist_db.payments' doesn't exist")

The above exception was the direct cause of the following exception:

Traceback (most recent call last):
  File "/opt/airflow/etl/utils/mysql_client.py", line 30, in extract_data
    df_pandas = pd.read_sql(sql, self._engine)
  File "/home/airflow/.local/lib/python3.10/site-packages/pandas/io/sql.py", line 590, in read_sql
    return pandas_sql.read_query(
  File "/home/airflow/.local/lib/python3.10/site-packages/pandas/io/sql.py", line 1560, in read_query
    result = self.execute(*args)
  File "/home/airflow/.local/lib/python3.10/site-packages/pandas/io/sql.py", line 1405, in execute
    return self.connectable.execution_options().execute(*args, **kwargs)
  File "<string>", line 2, in execute
  File "/home/airflow/.local/lib/python3.10/site-packages/sqlalchemy/util/deprecations.py", line 468, in warned
    return fn(*args, **kwargs)
  File "/home/airflow/.local/lib/python3.10/site-packages/sqlalchemy/engine/base.py", line 3267, in execute
    return connection.execute(statement, *multiparams, **params)
  File "/home/airflow/.local/lib/python3.10/site-packages/sqlalchemy/engine/base.py", line 1370, in execute
    return self._exec_driver_sql(
  File "/home/airflow/.local/lib/python3.10/site-packages/sqlalchemy/engine/base.py", line 1674, in _exec_driver_sql
    ret = self._execute_context(
  File "/home/airflow/.local/lib/python3.10/site-packages/sqlalchemy/engine/base.py", line 1953, in _execute_context
    self._handle_dbapi_exception(
  File "/home/airflow/.local/lib/python3.10/site-packages/sqlalchemy/engine/base.py", line 2134, in _handle_dbapi_exception
    util.raise_(
  File "/home/airflow/.local/lib/python3.10/site-packages/sqlalchemy/util/compat.py", line 211, in raise_
    raise exception
  File "/home/airflow/.local/lib/python3.10/site-packages/sqlalchemy/engine/base.py", line 1910, in _execute_context
    self.dialect.do_execute(
  File "/home/airflow/.local/lib/python3.10/site-packages/sqlalchemy/engine/default.py", line 736, in do_execute
    cursor.execute(statement, parameters)
  File "/home/airflow/.local/lib/python3.10/site-packages/pymysql/cursors.py", line 153, in execute
    result = self._query(query)
  File "/home/airflow/.local/lib/python3.10/site-packages/pymysql/cursors.py", line 322, in _query
    conn.query(q)
  File "/home/airflow/.local/lib/python3.10/site-packages/pymysql/connections.py", line 558, in query
    self._affected_rows = self._read_query_result(unbuffered=unbuffered)
  File "/home/airflow/.local/lib/python3.10/site-packages/pymysql/connections.py", line 822, in _read_query_result
    result.read()
  File "/home/airflow/.local/lib/python3.10/site-packages/pymysql/connections.py", line 1200, in read
    first_packet = self.connection._read_packet()
  File "/home/airflow/.local/lib/python3.10/site-packages/pymysql/connections.py", line 772, in _read_packet
    packet.raise_for_error()
  File "/home/airflow/.local/lib/python3.10/site-packages/pymysql/protocol.py", line 221, in raise_for_error
    err.raise_mysql_exception(self._data)
  File "/home/airflow/.local/lib/python3.10/site-packages/pymysql/err.py", line 143, in raise_mysql_exception
    raise errorclass(errno, errval)
sqlalchemy.exc.ProgrammingError: (pymysql.err.ProgrammingError) (1146, "Table 'olist_db.payments' doesn't exist")
[SQL: SELECT * FROM payments;]
(Background on this error at: https://sqlalche.me/e/14/f405)

During handling of the above exception, another exception occurred:

Traceback (most recent call last):
  File "/home/airflow/.local/lib/python3.10/site-packages/airflow/operators/python.py", line 192, in execute
    return_value = self.execute_callable()
  File "/home/airflow/.local/lib/python3.10/site-packages/airflow/operators/python.py", line 209, in execute_callable
    return self.python_callable(*self.op_args, **self.op_kwargs)
  File "/opt/airflow/dags/bronze_dag.py", line 58, in _run
    metadata = extract_fn(mysql, minio, logical_date=logical_date)
  File "/opt/airflow/etl/bronze/extract_mysql.py", line 134, in extract_payments
    return _extract_full_load(mysql, minio, "payments", "payment", logical_date=logical_date)
  File "/opt/airflow/etl/bronze/extract_mysql.py", line 34, in _extract_full_load
    df = mysql.extract_data(query)
  File "/opt/airflow/etl/utils/mysql_client.py", line 33, in extract_data
    raise Exception(f"Error extracting data from MySQL: {e}")
Exception: Error extracting data from MySQL: (pymysql.err.ProgrammingError) (1146, "Table 'olist_db.payments' doesn't exist")
[SQL: SELECT * FROM payments;]
(Background on this error at: https://sqlalche.me/e/14/f405)
[2026-04-02T04:08:35.535+0000] {taskinstance.py:1400} INFO - Marking task as FAILED. dag_id=bronze_mysql_to_minio, task_id=extract_payments, execution_date=20260401T171527, start_date=20260402T040835, end_date=20260402T040835
[2026-04-02T04:08:35.547+0000] {standard_task_runner.py:104} ERROR - Failed to execute job 100 for task extract_payments (Error extracting data from MySQL: (pymysql.err.ProgrammingError) (1146, "Table 'olist_db.payments' doesn't exist")
[SQL: SELECT * FROM payments;]
(Background on this error at: https://sqlalche.me/e/14/f405); 1408)
[2026-04-02T04:08:35.580+0000] {local_task_job_runner.py:228} INFO - Task exited with return code 1
[2026-04-02T04:08:35.609+0000] {taskinstance.py:2778} INFO - 0 downstream tasks scheduled from follow-on schedule check
