[2026-04-03T15:43:26.403+0000] {taskinstance.py:1159} INFO - Dependencies all met for dep_context=non-requeueable deps ti=<TaskInstance: silver_spark_processor.process_silver_customers scheduled__2026-04-02T00:00:00+00:00 [queued]>
[2026-04-03T15:43:26.412+0000] {taskinstance.py:1159} INFO - Dependencies all met for dep_context=requeueable deps ti=<TaskInstance: silver_spark_processor.process_silver_customers scheduled__2026-04-02T00:00:00+00:00 [queued]>
[2026-04-03T15:43:26.412+0000] {taskinstance.py:1361} INFO - Starting attempt 21 of 22
[2026-04-03T15:43:26.430+0000] {taskinstance.py:1382} INFO - Executing <Task(SparkSubmitOperator): process_silver_customers> on 2026-04-02 00:00:00+00:00
[2026-04-03T15:43:26.437+0000] {standard_task_runner.py:57} INFO - Started process 548 to run task
[2026-04-03T15:43:26.440+0000] {standard_task_runner.py:84} INFO - Running: ['airflow', 'tasks', 'run', 'silver_spark_processor', 'process_silver_customers', 'scheduled__2026-04-02T00:00:00+00:00', '--job-id', '626', '--raw', '--subdir', 'DAGS_FOLDER/silver_processor_dag.py', '--cfg-path', '/tmp/tmpto_g1hoo']
[2026-04-03T15:43:26.442+0000] {standard_task_runner.py:85} INFO - Job 626: Subtask process_silver_customers
[2026-04-03T15:43:26.496+0000] {task_command.py:416} INFO - Running <TaskInstance: silver_spark_processor.process_silver_customers scheduled__2026-04-02T00:00:00+00:00 [running]> on host 38f36b2745bd
[2026-04-03T15:43:26.586+0000] {taskinstance.py:1662} INFO - Exporting env vars: AIRFLOW_CTX_DAG_OWNER='data-team' AIRFLOW_CTX_DAG_ID='silver_spark_processor' AIRFLOW_CTX_TASK_ID='process_silver_customers' AIRFLOW_CTX_EXECUTION_DATE='2026-04-02T00:00:00+00:00' AIRFLOW_CTX_TRY_NUMBER='21' AIRFLOW_CTX_DAG_RUN_ID='scheduled__2026-04-02T00:00:00+00:00'
[2026-04-03T15:43:26.598+0000] {base.py:73} INFO - Using connection ID 'spark_default' for task execution.
[2026-04-03T15:43:26.600+0000] {spark_submit.py:340} INFO - Spark-Submit cmd: spark-submit --master spark://spark-master:7077 --conf spark.sql.extensions=io.delta.sql.DeltaSparkSessionExtension --conf spark.sql.catalog.spark_catalog=org.apache.spark.sql.delta.catalog.DeltaCatalog --conf spark.databricks.delta.schema.autoMerge.enabled=true --jars /opt/airflow/etl/jars/hadoop-aws-3.3.2.jar,/opt/airflow/etl/jars/aws-java-sdk-bundle-1.11.1026.jar,/opt/airflow/etl/jars/delta-core_2.12-2.3.0.jar,/opt/airflow/etl/jars/delta-storage-2.3.0.jar --executor-cores 1 --executor-memory 1g --driver-memory 512m --name airflow_silver_customers --verbose /opt/airflow/etl/silver/main_silver.py --table_name customers --merge_key customer_id --is_cdc false --json_schema 
[2026-04-03T15:43:26.705+0000] {spark_submit.py:491} INFO - /home/airflow/.local/lib/python3.10/site-packages/pyspark/bin/load-spark-env.sh: line 68: ps: command not found
[2026-04-03T15:43:28.082+0000] {spark_submit.py:491} INFO - Using properties file: null
[2026-04-03T15:43:28.183+0000] {spark_submit.py:491} INFO - Parsed arguments:
[2026-04-03T15:43:28.184+0000] {spark_submit.py:491} INFO - master                  spark://spark-master:7077
[2026-04-03T15:43:28.184+0000] {spark_submit.py:491} INFO - deployMode              null
[2026-04-03T15:43:28.184+0000] {spark_submit.py:491} INFO - executorMemory          1g
[2026-04-03T15:43:28.184+0000] {spark_submit.py:491} INFO - executorCores           1
[2026-04-03T15:43:28.184+0000] {spark_submit.py:491} INFO - totalExecutorCores      null
[2026-04-03T15:43:28.184+0000] {spark_submit.py:491} INFO - propertiesFile          null
[2026-04-03T15:43:28.184+0000] {spark_submit.py:491} INFO - driverMemory            512m
[2026-04-03T15:43:28.184+0000] {spark_submit.py:491} INFO - driverCores             null
[2026-04-03T15:43:28.184+0000] {spark_submit.py:491} INFO - driverExtraClassPath    null
[2026-04-03T15:43:28.184+0000] {spark_submit.py:491} INFO - driverExtraLibraryPath  null
[2026-04-03T15:43:28.185+0000] {spark_submit.py:491} INFO - driverExtraJavaOptions  null
[2026-04-03T15:43:28.185+0000] {spark_submit.py:491} INFO - supervise               false
[2026-04-03T15:43:28.185+0000] {spark_submit.py:491} INFO - queue                   null
[2026-04-03T15:43:28.185+0000] {spark_submit.py:491} INFO - numExecutors            null
[2026-04-03T15:43:28.185+0000] {spark_submit.py:491} INFO - files                   null
[2026-04-03T15:43:28.185+0000] {spark_submit.py:491} INFO - pyFiles                 null
[2026-04-03T15:43:28.185+0000] {spark_submit.py:491} INFO - archives                null
[2026-04-03T15:43:28.185+0000] {spark_submit.py:491} INFO - mainClass               null
[2026-04-03T15:43:28.185+0000] {spark_submit.py:491} INFO - primaryResource         file:/opt/airflow/etl/silver/main_silver.py
[2026-04-03T15:43:28.185+0000] {spark_submit.py:491} INFO - name                    airflow_silver_customers
[2026-04-03T15:43:28.185+0000] {spark_submit.py:491} INFO - childArgs               [--table_name customers --merge_key customer_id --is_cdc false --json_schema ]
[2026-04-03T15:43:28.185+0000] {spark_submit.py:491} INFO - jars                    file:/opt/airflow/etl/jars/hadoop-aws-3.3.2.jar,file:/opt/airflow/etl/jars/aws-java-sdk-bundle-1.11.1026.jar,file:/opt/airflow/etl/jars/delta-core_2.12-2.3.0.jar,file:/opt/airflow/etl/jars/delta-storage-2.3.0.jar
[2026-04-03T15:43:28.185+0000] {spark_submit.py:491} INFO - packages                null
[2026-04-03T15:43:28.185+0000] {spark_submit.py:491} INFO - packagesExclusions      null
[2026-04-03T15:43:28.185+0000] {spark_submit.py:491} INFO - repositories            null
[2026-04-03T15:43:28.185+0000] {spark_submit.py:491} INFO - verbose                 true
[2026-04-03T15:43:28.186+0000] {spark_submit.py:491} INFO - 
[2026-04-03T15:43:28.186+0000] {spark_submit.py:491} INFO - Spark properties used, including those specified through
[2026-04-03T15:43:28.186+0000] {spark_submit.py:491} INFO - --conf and those from the properties file null:
[2026-04-03T15:43:28.186+0000] {spark_submit.py:491} INFO - (spark.databricks.delta.schema.autoMerge.enabled,true)
[2026-04-03T15:43:28.186+0000] {spark_submit.py:491} INFO - (spark.driver.memory,512m)
[2026-04-03T15:43:28.186+0000] {spark_submit.py:491} INFO - (spark.sql.catalog.spark_catalog,org.apache.spark.sql.delta.catalog.DeltaCatalog)
[2026-04-03T15:43:28.186+0000] {spark_submit.py:491} INFO - (spark.sql.extensions,io.delta.sql.DeltaSparkSessionExtension)
[2026-04-03T15:43:28.186+0000] {spark_submit.py:491} INFO - 
[2026-04-03T15:43:28.186+0000] {spark_submit.py:491} INFO - 
[2026-04-03T15:43:28.506+0000] {spark_submit.py:491} INFO - 26/04/03 15:43:28 WARN NativeCodeLoader: Unable to load native-hadoop library for your platform... using builtin-java classes where applicable
[2026-04-03T15:43:28.677+0000] {spark_submit.py:491} INFO - Main class:
[2026-04-03T15:43:28.677+0000] {spark_submit.py:491} INFO - org.apache.spark.deploy.PythonRunner
[2026-04-03T15:43:28.677+0000] {spark_submit.py:491} INFO - Arguments:
[2026-04-03T15:43:28.677+0000] {spark_submit.py:491} INFO - file:/opt/airflow/etl/silver/main_silver.py
[2026-04-03T15:43:28.677+0000] {spark_submit.py:491} INFO - null
[2026-04-03T15:43:28.678+0000] {spark_submit.py:491} INFO - --table_name
[2026-04-03T15:43:28.678+0000] {spark_submit.py:491} INFO - customers
[2026-04-03T15:43:28.678+0000] {spark_submit.py:491} INFO - --merge_key
[2026-04-03T15:43:28.678+0000] {spark_submit.py:491} INFO - customer_id
[2026-04-03T15:43:28.678+0000] {spark_submit.py:491} INFO - --is_cdc
[2026-04-03T15:43:28.678+0000] {spark_submit.py:491} INFO - false
[2026-04-03T15:43:28.678+0000] {spark_submit.py:491} INFO - --json_schema
[2026-04-03T15:43:28.678+0000] {spark_submit.py:491} INFO - 
[2026-04-03T15:43:28.680+0000] {spark_submit.py:491} INFO - Spark config:
[2026-04-03T15:43:28.680+0000] {spark_submit.py:491} INFO - (spark.app.name,airflow_silver_customers)
[2026-04-03T15:43:28.680+0000] {spark_submit.py:491} INFO - (spark.app.submitTime,1775231008662)
[2026-04-03T15:43:28.680+0000] {spark_submit.py:491} INFO - (spark.databricks.delta.schema.autoMerge.enabled,true)
[2026-04-03T15:43:28.681+0000] {spark_submit.py:491} INFO - (spark.driver.memory,512m)
[2026-04-03T15:43:28.681+0000] {spark_submit.py:491} INFO - (spark.executor.cores,1)
[2026-04-03T15:43:28.681+0000] {spark_submit.py:491} INFO - (spark.executor.memory,1g)
[2026-04-03T15:43:28.681+0000] {spark_submit.py:491} INFO - (spark.jars,file:///opt/airflow/etl/jars/hadoop-aws-3.3.2.jar,file:///opt/airflow/etl/jars/aws-java-sdk-bundle-1.11.1026.jar,file:///opt/airflow/etl/jars/delta-core_2.12-2.3.0.jar,file:///opt/airflow/etl/jars/delta-storage-2.3.0.jar)
[2026-04-03T15:43:28.681+0000] {spark_submit.py:491} INFO - (spark.master,spark://spark-master:7077)
[2026-04-03T15:43:28.681+0000] {spark_submit.py:491} INFO - (spark.repl.local.jars,file:///opt/airflow/etl/jars/hadoop-aws-3.3.2.jar,file:///opt/airflow/etl/jars/aws-java-sdk-bundle-1.11.1026.jar,file:///opt/airflow/etl/jars/delta-core_2.12-2.3.0.jar,file:///opt/airflow/etl/jars/delta-storage-2.3.0.jar)
[2026-04-03T15:43:28.681+0000] {spark_submit.py:491} INFO - (spark.sql.catalog.spark_catalog,org.apache.spark.sql.delta.catalog.DeltaCatalog)
[2026-04-03T15:43:28.681+0000] {spark_submit.py:491} INFO - (spark.sql.extensions,io.delta.sql.DeltaSparkSessionExtension)
[2026-04-03T15:43:28.681+0000] {spark_submit.py:491} INFO - (spark.submit.deployMode,client)
[2026-04-03T15:43:28.681+0000] {spark_submit.py:491} INFO - (spark.submit.pyFiles,)
[2026-04-03T15:43:28.681+0000] {spark_submit.py:491} INFO - Classpath elements:
[2026-04-03T15:43:28.681+0000] {spark_submit.py:491} INFO - file:///opt/airflow/etl/jars/hadoop-aws-3.3.2.jar
[2026-04-03T15:43:28.681+0000] {spark_submit.py:491} INFO - file:///opt/airflow/etl/jars/aws-java-sdk-bundle-1.11.1026.jar
[2026-04-03T15:43:28.682+0000] {spark_submit.py:491} INFO - file:///opt/airflow/etl/jars/delta-core_2.12-2.3.0.jar
[2026-04-03T15:43:28.682+0000] {spark_submit.py:491} INFO - file:///opt/airflow/etl/jars/delta-storage-2.3.0.jar
[2026-04-03T15:43:28.682+0000] {spark_submit.py:491} INFO - 
[2026-04-03T15:43:28.682+0000] {spark_submit.py:491} INFO - 
[2026-04-03T15:43:29.707+0000] {spark_submit.py:491} INFO - INFO:__main__:Khá»źi táşˇo Spark Job cho báşŁng: customers
[2026-04-03T15:43:29.821+0000] {spark_submit.py:491} INFO - 26/04/03 15:43:29 INFO SparkContext: Running Spark version 3.3.2
[2026-04-03T15:43:29.854+0000] {spark_submit.py:491} INFO - 26/04/03 15:43:29 INFO ResourceUtils: ==============================================================
[2026-04-03T15:43:29.855+0000] {spark_submit.py:491} INFO - 26/04/03 15:43:29 INFO ResourceUtils: No custom resources configured for spark.driver.
[2026-04-03T15:43:29.855+0000] {spark_submit.py:491} INFO - 26/04/03 15:43:29 INFO ResourceUtils: ==============================================================
[2026-04-03T15:43:29.856+0000] {spark_submit.py:491} INFO - 26/04/03 15:43:29 INFO SparkContext: Submitted application: <class 'pyspark.sql.session.SparkSession'>
[2026-04-03T15:43:29.878+0000] {spark_submit.py:491} INFO - 26/04/03 15:43:29 INFO ResourceProfile: Default ResourceProfile created, executor resources: Map(cores -> name: cores, amount: 1, script: , vendor: , memory -> name: memory, amount: 1024, script: , vendor: , offHeap -> name: offHeap, amount: 0, script: , vendor: ), task resources: Map(cpus -> name: cpus, amount: 1.0)
[2026-04-03T15:43:29.890+0000] {spark_submit.py:491} INFO - 26/04/03 15:43:29 INFO ResourceProfile: Limiting resource is cpus at 1 tasks per executor
[2026-04-03T15:43:29.892+0000] {spark_submit.py:491} INFO - 26/04/03 15:43:29 INFO ResourceProfileManager: Added ResourceProfile id: 0
[2026-04-03T15:43:29.937+0000] {spark_submit.py:491} INFO - 26/04/03 15:43:29 INFO SecurityManager: Changing view acls to: airflow
[2026-04-03T15:43:29.938+0000] {spark_submit.py:491} INFO - 26/04/03 15:43:29 INFO SecurityManager: Changing modify acls to: airflow
[2026-04-03T15:43:29.939+0000] {spark_submit.py:491} INFO - 26/04/03 15:43:29 INFO SecurityManager: Changing view acls groups to:
[2026-04-03T15:43:29.939+0000] {spark_submit.py:491} INFO - 26/04/03 15:43:29 INFO SecurityManager: Changing modify acls groups to:
[2026-04-03T15:43:29.940+0000] {spark_submit.py:491} INFO - 26/04/03 15:43:29 INFO SecurityManager: SecurityManager: authentication disabled; ui acls disabled; users  with view permissions: Set(airflow); groups with view permissions: Set(); users  with modify permissions: Set(airflow); groups with modify permissions: Set()
[2026-04-03T15:43:30.195+0000] {spark_submit.py:491} INFO - 26/04/03 15:43:30 INFO Utils: Successfully started service 'sparkDriver' on port 46025.
[2026-04-03T15:43:30.222+0000] {spark_submit.py:491} INFO - 26/04/03 15:43:30 INFO SparkEnv: Registering MapOutputTracker
[2026-04-03T15:43:30.255+0000] {spark_submit.py:491} INFO - 26/04/03 15:43:30 INFO SparkEnv: Registering BlockManagerMaster
[2026-04-03T15:43:30.272+0000] {spark_submit.py:491} INFO - 26/04/03 15:43:30 INFO BlockManagerMasterEndpoint: Using org.apache.spark.storage.DefaultTopologyMapper for getting topology information
[2026-04-03T15:43:30.273+0000] {spark_submit.py:491} INFO - 26/04/03 15:43:30 INFO BlockManagerMasterEndpoint: BlockManagerMasterEndpoint up
[2026-04-03T15:43:30.277+0000] {spark_submit.py:491} INFO - 26/04/03 15:43:30 INFO SparkEnv: Registering BlockManagerMasterHeartbeat
[2026-04-03T15:43:30.293+0000] {spark_submit.py:491} INFO - 26/04/03 15:43:30 INFO DiskBlockManager: Created local directory at /tmp/blockmgr-812364ee-ad32-4f71-8d6f-466067493bab
[2026-04-03T15:43:30.308+0000] {spark_submit.py:491} INFO - 26/04/03 15:43:30 INFO MemoryStore: MemoryStore started with capacity 127.2 MiB
[2026-04-03T15:43:30.322+0000] {spark_submit.py:491} INFO - 26/04/03 15:43:30 INFO SparkEnv: Registering OutputCommitCoordinator
[2026-04-03T15:43:30.537+0000] {spark_submit.py:491} INFO - 26/04/03 15:43:30 INFO Utils: Successfully started service 'SparkUI' on port 4040.
[2026-04-03T15:43:30.583+0000] {spark_submit.py:491} INFO - 26/04/03 15:43:30 INFO SparkContext: Added JAR file:///opt/airflow/etl/jars/hadoop-aws-3.3.2.jar at spark://38f36b2745bd:46025/jars/hadoop-aws-3.3.2.jar with timestamp 1775231009809
[2026-04-03T15:43:30.583+0000] {spark_submit.py:491} INFO - 26/04/03 15:43:30 INFO SparkContext: Added JAR file:///opt/airflow/etl/jars/aws-java-sdk-bundle-1.11.1026.jar at spark://38f36b2745bd:46025/jars/aws-java-sdk-bundle-1.11.1026.jar with timestamp 1775231009809
[2026-04-03T15:43:30.583+0000] {spark_submit.py:491} INFO - 26/04/03 15:43:30 INFO SparkContext: Added JAR file:///opt/airflow/etl/jars/delta-core_2.12-2.3.0.jar at spark://38f36b2745bd:46025/jars/delta-core_2.12-2.3.0.jar with timestamp 1775231009809
[2026-04-03T15:43:30.583+0000] {spark_submit.py:491} INFO - 26/04/03 15:43:30 INFO SparkContext: Added JAR file:///opt/airflow/etl/jars/delta-storage-2.3.0.jar at spark://38f36b2745bd:46025/jars/delta-storage-2.3.0.jar with timestamp 1775231009809
[2026-04-03T15:43:30.678+0000] {spark_submit.py:491} INFO - 26/04/03 15:43:30 INFO StandaloneAppClient$ClientEndpoint: Connecting to master spark://spark-master:7077...
[2026-04-03T15:43:30.732+0000] {spark_submit.py:491} INFO - 26/04/03 15:43:30 INFO TransportClientFactory: Successfully created connection to spark-master/172.18.0.9:7077 after 33 ms (0 ms spent in bootstraps)
[2026-04-03T15:43:30.861+0000] {spark_submit.py:491} INFO - 26/04/03 15:43:30 INFO StandaloneSchedulerBackend: Connected to Spark cluster with app ID app-20260403154330-0000
[2026-04-03T15:43:30.869+0000] {spark_submit.py:491} INFO - 26/04/03 15:43:30 INFO Utils: Successfully started service 'org.apache.spark.network.netty.NettyBlockTransferService' on port 32919.
[2026-04-03T15:43:30.870+0000] {spark_submit.py:491} INFO - 26/04/03 15:43:30 INFO NettyBlockTransferService: Server created on 38f36b2745bd:32919
[2026-04-03T15:43:30.872+0000] {spark_submit.py:491} INFO - 26/04/03 15:43:30 INFO BlockManager: Using org.apache.spark.storage.RandomBlockReplicationPolicy for block replication policy
[2026-04-03T15:43:30.882+0000] {spark_submit.py:491} INFO - 26/04/03 15:43:30 INFO StandaloneAppClient$ClientEndpoint: Executor added: app-20260403154330-0000/0 on worker-20260403154125-172.18.0.12-43101 (172.18.0.12:43101) with 1 core(s)
[2026-04-03T15:43:30.884+0000] {spark_submit.py:491} INFO - 26/04/03 15:43:30 INFO BlockManagerMaster: Registering BlockManager BlockManagerId(driver, 38f36b2745bd, 32919, None)
[2026-04-03T15:43:30.885+0000] {spark_submit.py:491} INFO - 26/04/03 15:43:30 INFO StandaloneSchedulerBackend: Granted executor ID app-20260403154330-0000/0 on hostPort 172.18.0.12:43101 with 1 core(s), 1024.0 MiB RAM
[2026-04-03T15:43:30.885+0000] {spark_submit.py:491} INFO - 26/04/03 15:43:30 INFO StandaloneAppClient$ClientEndpoint: Executor added: app-20260403154330-0000/1 on worker-20260403154125-172.18.0.12-43101 (172.18.0.12:43101) with 1 core(s)
[2026-04-03T15:43:30.886+0000] {spark_submit.py:491} INFO - 26/04/03 15:43:30 INFO StandaloneSchedulerBackend: Granted executor ID app-20260403154330-0000/1 on hostPort 172.18.0.12:43101 with 1 core(s), 1024.0 MiB RAM
[2026-04-03T15:43:30.886+0000] {spark_submit.py:491} INFO - 26/04/03 15:43:30 INFO StandaloneAppClient$ClientEndpoint: Executor added: app-20260403154330-0000/2 on worker-20260403154125-172.18.0.12-43101 (172.18.0.12:43101) with 1 core(s)
[2026-04-03T15:43:30.887+0000] {spark_submit.py:491} INFO - 26/04/03 15:43:30 INFO StandaloneSchedulerBackend: Granted executor ID app-20260403154330-0000/2 on hostPort 172.18.0.12:43101 with 1 core(s), 1024.0 MiB RAM
[2026-04-03T15:43:30.887+0000] {spark_submit.py:491} INFO - 26/04/03 15:43:30 INFO StandaloneAppClient$ClientEndpoint: Executor added: app-20260403154330-0000/3 on worker-20260403154125-172.18.0.12-43101 (172.18.0.12:43101) with 1 core(s)
[2026-04-03T15:43:30.888+0000] {spark_submit.py:491} INFO - 26/04/03 15:43:30 INFO StandaloneSchedulerBackend: Granted executor ID app-20260403154330-0000/3 on hostPort 172.18.0.12:43101 with 1 core(s), 1024.0 MiB RAM
[2026-04-03T15:43:30.888+0000] {spark_submit.py:491} INFO - 26/04/03 15:43:30 INFO StandaloneAppClient$ClientEndpoint: Executor added: app-20260403154330-0000/4 on worker-20260403154125-172.18.0.12-43101 (172.18.0.12:43101) with 1 core(s)
[2026-04-03T15:43:30.889+0000] {spark_submit.py:491} INFO - 26/04/03 15:43:30 INFO StandaloneSchedulerBackend: Granted executor ID app-20260403154330-0000/4 on hostPort 172.18.0.12:43101 with 1 core(s), 1024.0 MiB RAM
[2026-04-03T15:43:30.890+0000] {spark_submit.py:491} INFO - 26/04/03 15:43:30 INFO StandaloneAppClient$ClientEndpoint: Executor added: app-20260403154330-0000/5 on worker-20260403154125-172.18.0.12-43101 (172.18.0.12:43101) with 1 core(s)
[2026-04-03T15:43:30.890+0000] {spark_submit.py:491} INFO - 26/04/03 15:43:30 INFO BlockManagerMasterEndpoint: Registering block manager 38f36b2745bd:32919 with 127.2 MiB RAM, BlockManagerId(driver, 38f36b2745bd, 32919, None)
[2026-04-03T15:43:30.891+0000] {spark_submit.py:491} INFO - 26/04/03 15:43:30 INFO StandaloneSchedulerBackend: Granted executor ID app-20260403154330-0000/5 on hostPort 172.18.0.12:43101 with 1 core(s), 1024.0 MiB RAM
[2026-04-03T15:43:30.892+0000] {spark_submit.py:491} INFO - 26/04/03 15:43:30 INFO StandaloneAppClient$ClientEndpoint: Executor added: app-20260403154330-0000/6 on worker-20260403154125-172.18.0.12-43101 (172.18.0.12:43101) with 1 core(s)
[2026-04-03T15:43:30.893+0000] {spark_submit.py:491} INFO - 26/04/03 15:43:30 INFO StandaloneSchedulerBackend: Granted executor ID app-20260403154330-0000/6 on hostPort 172.18.0.12:43101 with 1 core(s), 1024.0 MiB RAM
[2026-04-03T15:43:30.894+0000] {spark_submit.py:491} INFO - 26/04/03 15:43:30 INFO StandaloneAppClient$ClientEndpoint: Executor added: app-20260403154330-0000/7 on worker-20260403154125-172.18.0.12-43101 (172.18.0.12:43101) with 1 core(s)
[2026-04-03T15:43:30.894+0000] {spark_submit.py:491} INFO - 26/04/03 15:43:30 INFO BlockManagerMaster: Registered BlockManager BlockManagerId(driver, 38f36b2745bd, 32919, None)
[2026-04-03T15:43:30.894+0000] {spark_submit.py:491} INFO - 26/04/03 15:43:30 INFO StandaloneSchedulerBackend: Granted executor ID app-20260403154330-0000/7 on hostPort 172.18.0.12:43101 with 1 core(s), 1024.0 MiB RAM
[2026-04-03T15:43:30.896+0000] {spark_submit.py:491} INFO - 26/04/03 15:43:30 INFO StandaloneAppClient$ClientEndpoint: Executor added: app-20260403154330-0000/8 on worker-20260403154125-172.18.0.12-43101 (172.18.0.12:43101) with 1 core(s)
[2026-04-03T15:43:30.896+0000] {spark_submit.py:491} INFO - 26/04/03 15:43:30 INFO BlockManager: Initialized BlockManager: BlockManagerId(driver, 38f36b2745bd, 32919, None)
[2026-04-03T15:43:30.897+0000] {spark_submit.py:491} INFO - 26/04/03 15:43:30 INFO StandaloneSchedulerBackend: Granted executor ID app-20260403154330-0000/8 on hostPort 172.18.0.12:43101 with 1 core(s), 1024.0 MiB RAM
[2026-04-03T15:43:30.897+0000] {spark_submit.py:491} INFO - 26/04/03 15:43:30 INFO StandaloneAppClient$ClientEndpoint: Executor added: app-20260403154330-0000/9 on worker-20260403154125-172.18.0.12-43101 (172.18.0.12:43101) with 1 core(s)
[2026-04-03T15:43:30.898+0000] {spark_submit.py:491} INFO - 26/04/03 15:43:30 INFO StandaloneSchedulerBackend: Granted executor ID app-20260403154330-0000/9 on hostPort 172.18.0.12:43101 with 1 core(s), 1024.0 MiB RAM
[2026-04-03T15:43:30.899+0000] {spark_submit.py:491} INFO - 26/04/03 15:43:30 INFO StandaloneAppClient$ClientEndpoint: Executor added: app-20260403154330-0000/10 on worker-20260403154125-172.18.0.12-43101 (172.18.0.12:43101) with 1 core(s)
[2026-04-03T15:43:30.899+0000] {spark_submit.py:491} INFO - 26/04/03 15:43:30 INFO StandaloneSchedulerBackend: Granted executor ID app-20260403154330-0000/10 on hostPort 172.18.0.12:43101 with 1 core(s), 1024.0 MiB RAM
[2026-04-03T15:43:30.900+0000] {spark_submit.py:491} INFO - 26/04/03 15:43:30 INFO StandaloneAppClient$ClientEndpoint: Executor added: app-20260403154330-0000/11 on worker-20260403154125-172.18.0.12-43101 (172.18.0.12:43101) with 1 core(s)
[2026-04-03T15:43:30.900+0000] {spark_submit.py:491} INFO - 26/04/03 15:43:30 INFO StandaloneSchedulerBackend: Granted executor ID app-20260403154330-0000/11 on hostPort 172.18.0.12:43101 with 1 core(s), 1024.0 MiB RAM
[2026-04-03T15:43:31.267+0000] {spark_submit.py:491} INFO - 26/04/03 15:43:31 INFO StandaloneAppClient$ClientEndpoint: Executor updated: app-20260403154330-0000/8 is now RUNNING
[2026-04-03T15:43:31.267+0000] {spark_submit.py:491} INFO - 26/04/03 15:43:31 INFO StandaloneAppClient$ClientEndpoint: Executor updated: app-20260403154330-0000/9 is now RUNNING
[2026-04-03T15:43:31.267+0000] {spark_submit.py:491} INFO - 26/04/03 15:43:31 INFO StandaloneAppClient$ClientEndpoint: Executor updated: app-20260403154330-0000/2 is now RUNNING
[2026-04-03T15:43:31.271+0000] {spark_submit.py:491} INFO - 26/04/03 15:43:31 INFO StandaloneAppClient$ClientEndpoint: Executor updated: app-20260403154330-0000/11 is now RUNNING
[2026-04-03T15:43:31.271+0000] {spark_submit.py:491} INFO - 26/04/03 15:43:31 INFO StandaloneAppClient$ClientEndpoint: Executor updated: app-20260403154330-0000/3 is now RUNNING
[2026-04-03T15:43:31.272+0000] {spark_submit.py:491} INFO - 26/04/03 15:43:31 INFO StandaloneAppClient$ClientEndpoint: Executor updated: app-20260403154330-0000/0 is now RUNNING
[2026-04-03T15:43:31.277+0000] {spark_submit.py:491} INFO - 26/04/03 15:43:31 INFO StandaloneAppClient$ClientEndpoint: Executor updated: app-20260403154330-0000/6 is now RUNNING
[2026-04-03T15:43:31.283+0000] {spark_submit.py:491} INFO - 26/04/03 15:43:31 INFO StandaloneAppClient$ClientEndpoint: Executor updated: app-20260403154330-0000/7 is now RUNNING
[2026-04-03T15:43:31.283+0000] {spark_submit.py:491} INFO - 26/04/03 15:43:31 INFO StandaloneAppClient$ClientEndpoint: Executor updated: app-20260403154330-0000/5 is now RUNNING
[2026-04-03T15:43:31.285+0000] {spark_submit.py:491} INFO - 26/04/03 15:43:31 INFO StandaloneAppClient$ClientEndpoint: Executor updated: app-20260403154330-0000/1 is now RUNNING
[2026-04-03T15:43:31.292+0000] {spark_submit.py:491} INFO - 26/04/03 15:43:31 INFO StandaloneAppClient$ClientEndpoint: Executor updated: app-20260403154330-0000/4 is now RUNNING
[2026-04-03T15:43:31.292+0000] {spark_submit.py:491} INFO - 26/04/03 15:43:31 INFO StandaloneAppClient$ClientEndpoint: Executor updated: app-20260403154330-0000/10 is now RUNNING
[2026-04-03T15:43:31.320+0000] {spark_submit.py:491} INFO - 26/04/03 15:43:31 INFO StandaloneSchedulerBackend: SchedulerBackend is ready for scheduling beginning after reached minRegisteredResourcesRatio: 0.0
[2026-04-03T15:43:33.469+0000] {spark_submit.py:491} INFO - INFO:silver_processor: BáşŻt Ä‘áş§u xá»­ lĂ˝ lá»›p Silver cho báşŁng: customers | Cháşż Ä‘á»™ CDC: False
[2026-04-03T15:43:33.470+0000] {spark_submit.py:491} INFO - INFO:silver_processor: BáşŻt Ä‘áş§u quĂ©t Data NĂłng tá»« Bronze...
[2026-04-03T15:43:34.131+0000] {spark_submit.py:491} INFO - 26/04/03 15:43:34 WARN MetricsConfig: Cannot locate configuration: tried hadoop-metrics2-s3a-file-system.properties,hadoop-metrics2.properties
[2026-04-03T15:57:10.389+0000] {spark_submit.py:491} INFO - ERROR:__main__:Lá»—i khi xá»­ lĂ˝ lá»›p Silver báşŁng customers: An error occurred while calling o44.load.
[2026-04-03T15:57:10.389+0000] {spark_submit.py:491} INFO - : org.apache.hadoop.fs.s3a.AWSClientIOException: getFileStatus on s3a://lakehouse/bronze/olist/customers: com.amazonaws.SdkClientException: Unable to execute HTTP request: Unsupported or unrecognized SSL message: Unable to execute HTTP request: Unsupported or unrecognized SSL message
[2026-04-03T15:57:10.389+0000] {spark_submit.py:491} INFO - at org.apache.hadoop.fs.s3a.S3AUtils.translateException(S3AUtils.java:214)
[2026-04-03T15:57:10.390+0000] {spark_submit.py:491} INFO - at org.apache.hadoop.fs.s3a.S3AUtils.translateException(S3AUtils.java:175)
[2026-04-03T15:57:10.390+0000] {spark_submit.py:491} INFO - at org.apache.hadoop.fs.s3a.S3AFileSystem.s3GetFileStatus(S3AFileSystem.java:3799)
[2026-04-03T15:57:10.390+0000] {spark_submit.py:491} INFO - at org.apache.hadoop.fs.s3a.S3AFileSystem.innerGetFileStatus(S3AFileSystem.java:3688)
[2026-04-03T15:57:10.390+0000] {spark_submit.py:491} INFO - at org.apache.hadoop.fs.s3a.S3AFileSystem.lambda$exists$34(S3AFileSystem.java:4703)
[2026-04-03T15:57:10.390+0000] {spark_submit.py:491} INFO - at org.apache.hadoop.fs.statistics.impl.IOStatisticsBinding.lambda$trackDurationOfOperation$5(IOStatisticsBinding.java:499)
[2026-04-03T15:57:10.390+0000] {spark_submit.py:491} INFO - at org.apache.hadoop.fs.statistics.impl.IOStatisticsBinding.trackDuration(IOStatisticsBinding.java:444)
[2026-04-03T15:57:10.390+0000] {spark_submit.py:491} INFO - at org.apache.hadoop.fs.s3a.S3AFileSystem.trackDurationAndSpan(S3AFileSystem.java:2337)
[2026-04-03T15:57:10.390+0000] {spark_submit.py:491} INFO - at org.apache.hadoop.fs.s3a.S3AFileSystem.trackDurationAndSpan(S3AFileSystem.java:2356)
[2026-04-03T15:57:10.390+0000] {spark_submit.py:491} INFO - at org.apache.hadoop.fs.s3a.S3AFileSystem.exists(S3AFileSystem.java:4701)
[2026-04-03T15:57:10.390+0000] {spark_submit.py:491} INFO - at org.apache.spark.sql.execution.datasources.DataSource.sourceSchema(DataSource.scala:250)
[2026-04-03T15:57:10.390+0000] {spark_submit.py:491} INFO - at org.apache.spark.sql.execution.datasources.DataSource.sourceInfo$lzycompute(DataSource.scala:118)
[2026-04-03T15:57:10.391+0000] {spark_submit.py:491} INFO - at org.apache.spark.sql.execution.datasources.DataSource.sourceInfo(DataSource.scala:118)
[2026-04-03T15:57:10.391+0000] {spark_submit.py:491} INFO - at org.apache.spark.sql.execution.streaming.StreamingRelation$.apply(StreamingRelation.scala:34)
[2026-04-03T15:57:10.391+0000] {spark_submit.py:491} INFO - at org.apache.spark.sql.streaming.DataStreamReader.loadInternal(DataStreamReader.scala:196)
[2026-04-03T15:57:10.391+0000] {spark_submit.py:491} INFO - at org.apache.spark.sql.streaming.DataStreamReader.load(DataStreamReader.scala:210)
[2026-04-03T15:57:10.391+0000] {spark_submit.py:491} INFO - at java.base/jdk.internal.reflect.NativeMethodAccessorImpl.invoke0(Native Method)
[2026-04-03T15:57:10.391+0000] {spark_submit.py:491} INFO - at java.base/jdk.internal.reflect.NativeMethodAccessorImpl.invoke(NativeMethodAccessorImpl.java:62)
[2026-04-03T15:57:10.391+0000] {spark_submit.py:491} INFO - at java.base/jdk.internal.reflect.DelegatingMethodAccessorImpl.invoke(DelegatingMethodAccessorImpl.java:43)
[2026-04-03T15:57:10.391+0000] {spark_submit.py:491} INFO - at java.base/java.lang.reflect.Method.invoke(Method.java:566)
[2026-04-03T15:57:10.391+0000] {spark_submit.py:491} INFO - at py4j.reflection.MethodInvoker.invoke(MethodInvoker.java:244)
[2026-04-03T15:57:10.391+0000] {spark_submit.py:491} INFO - at py4j.reflection.ReflectionEngine.invoke(ReflectionEngine.java:357)
[2026-04-03T15:57:10.392+0000] {spark_submit.py:491} INFO - at py4j.Gateway.invoke(Gateway.java:282)
[2026-04-03T15:57:10.392+0000] {spark_submit.py:491} INFO - at py4j.commands.AbstractCommand.invokeMethod(AbstractCommand.java:132)
[2026-04-03T15:57:10.392+0000] {spark_submit.py:491} INFO - at py4j.commands.CallCommand.execute(CallCommand.java:79)
[2026-04-03T15:57:10.392+0000] {spark_submit.py:491} INFO - at py4j.ClientServerConnection.waitForCommands(ClientServerConnection.java:182)
[2026-04-03T15:57:10.392+0000] {spark_submit.py:491} INFO - at py4j.ClientServerConnection.run(ClientServerConnection.java:106)
[2026-04-03T15:57:10.392+0000] {spark_submit.py:491} INFO - at java.base/java.lang.Thread.run(Thread.java:829)
[2026-04-03T15:57:10.392+0000] {spark_submit.py:491} INFO - Caused by: com.amazonaws.SdkClientException: Unable to execute HTTP request: Unsupported or unrecognized SSL message
[2026-04-03T15:57:10.392+0000] {spark_submit.py:491} INFO - at com.amazonaws.http.AmazonHttpClient$RequestExecutor.handleRetryableException(AmazonHttpClient.java:1207)
[2026-04-03T15:57:10.392+0000] {spark_submit.py:491} INFO - at com.amazonaws.http.AmazonHttpClient$RequestExecutor.executeHelper(AmazonHttpClient.java:1153)
[2026-04-03T15:57:10.392+0000] {spark_submit.py:491} INFO - at com.amazonaws.http.AmazonHttpClient$RequestExecutor.doExecute(AmazonHttpClient.java:802)
[2026-04-03T15:57:10.392+0000] {spark_submit.py:491} INFO - at com.amazonaws.http.AmazonHttpClient$RequestExecutor.executeWithTimer(AmazonHttpClient.java:770)
[2026-04-03T15:57:10.392+0000] {spark_submit.py:491} INFO - at com.amazonaws.http.AmazonHttpClient$RequestExecutor.execute(AmazonHttpClient.java:744)
[2026-04-03T15:57:10.393+0000] {spark_submit.py:491} INFO - at com.amazonaws.http.AmazonHttpClient$RequestExecutor.access$500(AmazonHttpClient.java:704)
[2026-04-03T15:57:10.393+0000] {spark_submit.py:491} INFO - at com.amazonaws.http.AmazonHttpClient$RequestExecutionBuilderImpl.execute(AmazonHttpClient.java:686)
[2026-04-03T15:57:10.393+0000] {spark_submit.py:491} INFO - at com.amazonaws.http.AmazonHttpClient.execute(AmazonHttpClient.java:550)
[2026-04-03T15:57:10.393+0000] {spark_submit.py:491} INFO - at com.amazonaws.http.AmazonHttpClient.execute(AmazonHttpClient.java:530)
[2026-04-03T15:57:10.393+0000] {spark_submit.py:491} INFO - at com.amazonaws.services.s3.AmazonS3Client.invoke(AmazonS3Client.java:5437)
[2026-04-03T15:57:10.393+0000] {spark_submit.py:491} INFO - at com.amazonaws.services.s3.AmazonS3Client.invoke(AmazonS3Client.java:5384)
[2026-04-03T15:57:10.393+0000] {spark_submit.py:491} INFO - at com.amazonaws.services.s3.AmazonS3Client.getObjectMetadata(AmazonS3Client.java:1367)
[2026-04-03T15:57:10.393+0000] {spark_submit.py:491} INFO - at org.apache.hadoop.fs.s3a.S3AFileSystem.lambda$getObjectMetadata$10(S3AFileSystem.java:2545)
[2026-04-03T15:57:10.393+0000] {spark_submit.py:491} INFO - at org.apache.hadoop.fs.s3a.Invoker.retryUntranslated(Invoker.java:414)
[2026-04-03T15:57:10.393+0000] {spark_submit.py:491} INFO - at org.apache.hadoop.fs.s3a.Invoker.retryUntranslated(Invoker.java:377)
[2026-04-03T15:57:10.393+0000] {spark_submit.py:491} INFO - at org.apache.hadoop.fs.s3a.S3AFileSystem.getObjectMetadata(S3AFileSystem.java:2533)
[2026-04-03T15:57:10.393+0000] {spark_submit.py:491} INFO - at org.apache.hadoop.fs.s3a.S3AFileSystem.getObjectMetadata(S3AFileSystem.java:2513)
[2026-04-03T15:57:10.394+0000] {spark_submit.py:491} INFO - at org.apache.hadoop.fs.s3a.S3AFileSystem.s3GetFileStatus(S3AFileSystem.java:3776)
[2026-04-03T15:57:10.394+0000] {spark_submit.py:491} INFO - ... 25 more
[2026-04-03T15:57:10.394+0000] {spark_submit.py:491} INFO - Caused by: javax.net.ssl.SSLException: Unsupported or unrecognized SSL message
[2026-04-03T15:57:10.394+0000] {spark_submit.py:491} INFO - at java.base/sun.security.ssl.SSLSocketInputRecord.handleUnknownRecord(SSLSocketInputRecord.java:457)
[2026-04-03T15:57:10.394+0000] {spark_submit.py:491} INFO - at java.base/sun.security.ssl.SSLSocketInputRecord.decode(SSLSocketInputRecord.java:175)
[2026-04-03T15:57:10.394+0000] {spark_submit.py:491} INFO - at java.base/sun.security.ssl.SSLTransport.decode(SSLTransport.java:111)
[2026-04-03T15:57:10.394+0000] {spark_submit.py:491} INFO - at java.base/sun.security.ssl.SSLSocketImpl.decode(SSLSocketImpl.java:1511)
[2026-04-03T15:57:10.394+0000] {spark_submit.py:491} INFO - at java.base/sun.security.ssl.SSLSocketImpl.readHandshakeRecord(SSLSocketImpl.java:1421)
[2026-04-03T15:57:10.394+0000] {spark_submit.py:491} INFO - at java.base/sun.security.ssl.SSLSocketImpl.startHandshake(SSLSocketImpl.java:456)
[2026-04-03T15:57:10.394+0000] {spark_submit.py:491} INFO - at java.base/sun.security.ssl.SSLSocketImpl.startHandshake(SSLSocketImpl.java:427)
[2026-04-03T15:57:10.394+0000] {spark_submit.py:491} INFO - at com.amazonaws.thirdparty.apache.http.conn.ssl.SSLConnectionSocketFactory.createLayeredSocket(SSLConnectionSocketFactory.java:436)
[2026-04-03T15:57:10.394+0000] {spark_submit.py:491} INFO - at com.amazonaws.thirdparty.apache.http.conn.ssl.SSLConnectionSocketFactory.connectSocket(SSLConnectionSocketFactory.java:384)
[2026-04-03T15:57:10.394+0000] {spark_submit.py:491} INFO - at com.amazonaws.thirdparty.apache.http.impl.conn.DefaultHttpClientConnectionOperator.connect(DefaultHttpClientConnectionOperator.java:142)
[2026-04-03T15:57:10.395+0000] {spark_submit.py:491} INFO - at com.amazonaws.thirdparty.apache.http.impl.conn.PoolingHttpClientConnectionManager.connect(PoolingHttpClientConnectionManager.java:376)
[2026-04-03T15:57:10.395+0000] {spark_submit.py:491} INFO - at jdk.internal.reflect.GeneratedMethodAccessor26.invoke(Unknown Source)
[2026-04-03T15:57:10.395+0000] {spark_submit.py:491} INFO - at java.base/jdk.internal.reflect.DelegatingMethodAccessorImpl.invoke(DelegatingMethodAccessorImpl.java:43)
[2026-04-03T15:57:10.395+0000] {spark_submit.py:491} INFO - at java.base/java.lang.reflect.Method.invoke(Method.java:566)
[2026-04-03T15:57:10.395+0000] {spark_submit.py:491} INFO - at com.amazonaws.http.conn.ClientConnectionManagerFactory$Handler.invoke(ClientConnectionManagerFactory.java:76)
[2026-04-03T15:57:10.395+0000] {spark_submit.py:491} INFO - at com.amazonaws.http.conn.$Proxy34.connect(Unknown Source)
[2026-04-03T15:57:10.395+0000] {spark_submit.py:491} INFO - at com.amazonaws.thirdparty.apache.http.impl.execchain.MainClientExec.establishRoute(MainClientExec.java:393)
[2026-04-03T15:57:10.395+0000] {spark_submit.py:491} INFO - at com.amazonaws.thirdparty.apache.http.impl.execchain.MainClientExec.execute(MainClientExec.java:236)
[2026-04-03T15:57:10.395+0000] {spark_submit.py:491} INFO - at com.amazonaws.thirdparty.apache.http.impl.execchain.ProtocolExec.execute(ProtocolExec.java:186)
[2026-04-03T15:57:10.395+0000] {spark_submit.py:491} INFO - at com.amazonaws.thirdparty.apache.http.impl.client.InternalHttpClient.doExecute(InternalHttpClient.java:185)
[2026-04-03T15:57:10.395+0000] {spark_submit.py:491} INFO - at com.amazonaws.thirdparty.apache.http.impl.client.CloseableHttpClient.execute(CloseableHttpClient.java:83)
[2026-04-03T15:57:10.395+0000] {spark_submit.py:491} INFO - at com.amazonaws.thirdparty.apache.http.impl.client.CloseableHttpClient.execute(CloseableHttpClient.java:56)
[2026-04-03T15:57:10.396+0000] {spark_submit.py:491} INFO - at com.amazonaws.http.apache.client.impl.SdkHttpClient.execute(SdkHttpClient.java:72)
[2026-04-03T15:57:10.396+0000] {spark_submit.py:491} INFO - at com.amazonaws.http.AmazonHttpClient$RequestExecutor.executeOneRequest(AmazonHttpClient.java:1331)
[2026-04-03T15:57:10.396+0000] {spark_submit.py:491} INFO - at com.amazonaws.http.AmazonHttpClient$RequestExecutor.executeHelper(AmazonHttpClient.java:1145)
[2026-04-03T15:57:10.396+0000] {spark_submit.py:491} INFO - ... 41 more
[2026-04-03T15:57:10.396+0000] {spark_submit.py:491} INFO - 
[2026-04-03T15:57:10.841+0000] {spark_submit.py:491} INFO - Traceback (most recent call last):
[2026-04-03T15:57:10.841+0000] {spark_submit.py:491} INFO - File "/opt/airflow/etl/silver/main_silver.py", line 59, in <module>
[2026-04-03T15:57:10.841+0000] {spark_submit.py:491} INFO - raise e
[2026-04-03T15:57:10.841+0000] {spark_submit.py:491} INFO - File "/opt/airflow/etl/silver/main_silver.py", line 48, in <module>
[2026-04-03T15:57:10.841+0000] {spark_submit.py:491} INFO - process_silver_layer(
[2026-04-03T15:57:10.841+0000] {spark_submit.py:491} INFO - File "/opt/airflow/etl/silver/silver_processor.py", line 78, in process_silver_layer
[2026-04-03T15:57:10.841+0000] {spark_submit.py:491} INFO - .load(bronze_path)
[2026-04-03T15:57:10.841+0000] {spark_submit.py:491} INFO - File "/home/airflow/.local/lib/python3.10/site-packages/pyspark/python/lib/pyspark.zip/pyspark/sql/streaming.py", line 467, in load
[2026-04-03T15:57:10.842+0000] {spark_submit.py:491} INFO - File "/home/airflow/.local/lib/python3.10/site-packages/pyspark/python/lib/py4j-0.10.9.5-src.zip/py4j/java_gateway.py", line 1321, in __call__
[2026-04-03T15:57:10.843+0000] {spark_submit.py:491} INFO - File "/home/airflow/.local/lib/python3.10/site-packages/pyspark/python/lib/pyspark.zip/pyspark/sql/utils.py", line 190, in deco
[2026-04-03T15:57:10.843+0000] {spark_submit.py:491} INFO - File "/home/airflow/.local/lib/python3.10/site-packages/pyspark/python/lib/py4j-0.10.9.5-src.zip/py4j/protocol.py", line 326, in get_return_value
[2026-04-03T15:57:10.843+0000] {spark_submit.py:491} INFO - py4j.protocol.Py4JJavaError: An error occurred while calling o44.load.
[2026-04-03T15:57:10.843+0000] {spark_submit.py:491} INFO - : org.apache.hadoop.fs.s3a.AWSClientIOException: getFileStatus on s3a://lakehouse/bronze/olist/customers: com.amazonaws.SdkClientException: Unable to execute HTTP request: Unsupported or unrecognized SSL message: Unable to execute HTTP request: Unsupported or unrecognized SSL message
[2026-04-03T15:57:10.843+0000] {spark_submit.py:491} INFO - at org.apache.hadoop.fs.s3a.S3AUtils.translateException(S3AUtils.java:214)
[2026-04-03T15:57:10.844+0000] {spark_submit.py:491} INFO - at org.apache.hadoop.fs.s3a.S3AUtils.translateException(S3AUtils.java:175)
[2026-04-03T15:57:10.844+0000] {spark_submit.py:491} INFO - at org.apache.hadoop.fs.s3a.S3AFileSystem.s3GetFileStatus(S3AFileSystem.java:3799)
[2026-04-03T15:57:10.844+0000] {spark_submit.py:491} INFO - at org.apache.hadoop.fs.s3a.S3AFileSystem.innerGetFileStatus(S3AFileSystem.java:3688)
[2026-04-03T15:57:10.844+0000] {spark_submit.py:491} INFO - at org.apache.hadoop.fs.s3a.S3AFileSystem.lambda$exists$34(S3AFileSystem.java:4703)
[2026-04-03T15:57:10.844+0000] {spark_submit.py:491} INFO - at org.apache.hadoop.fs.statistics.impl.IOStatisticsBinding.lambda$trackDurationOfOperation$5(IOStatisticsBinding.java:499)
[2026-04-03T15:57:10.844+0000] {spark_submit.py:491} INFO - at org.apache.hadoop.fs.statistics.impl.IOStatisticsBinding.trackDuration(IOStatisticsBinding.java:444)
[2026-04-03T15:57:10.844+0000] {spark_submit.py:491} INFO - at org.apache.hadoop.fs.s3a.S3AFileSystem.trackDurationAndSpan(S3AFileSystem.java:2337)
[2026-04-03T15:57:10.844+0000] {spark_submit.py:491} INFO - at org.apache.hadoop.fs.s3a.S3AFileSystem.trackDurationAndSpan(S3AFileSystem.java:2356)
[2026-04-03T15:57:10.844+0000] {spark_submit.py:491} INFO - at org.apache.hadoop.fs.s3a.S3AFileSystem.exists(S3AFileSystem.java:4701)
[2026-04-03T15:57:10.844+0000] {spark_submit.py:491} INFO - at org.apache.spark.sql.execution.datasources.DataSource.sourceSchema(DataSource.scala:250)
[2026-04-03T15:57:10.844+0000] {spark_submit.py:491} INFO - at org.apache.spark.sql.execution.datasources.DataSource.sourceInfo$lzycompute(DataSource.scala:118)
[2026-04-03T15:57:10.844+0000] {spark_submit.py:491} INFO - at org.apache.spark.sql.execution.datasources.DataSource.sourceInfo(DataSource.scala:118)
[2026-04-03T15:57:10.844+0000] {spark_submit.py:491} INFO - at org.apache.spark.sql.execution.streaming.StreamingRelation$.apply(StreamingRelation.scala:34)
[2026-04-03T15:57:10.844+0000] {spark_submit.py:491} INFO - at org.apache.spark.sql.streaming.DataStreamReader.loadInternal(DataStreamReader.scala:196)
[2026-04-03T15:57:10.844+0000] {spark_submit.py:491} INFO - at org.apache.spark.sql.streaming.DataStreamReader.load(DataStreamReader.scala:210)
[2026-04-03T15:57:10.845+0000] {spark_submit.py:491} INFO - at java.base/jdk.internal.reflect.NativeMethodAccessorImpl.invoke0(Native Method)
[2026-04-03T15:57:10.845+0000] {spark_submit.py:491} INFO - at java.base/jdk.internal.reflect.NativeMethodAccessorImpl.invoke(NativeMethodAccessorImpl.java:62)
[2026-04-03T15:57:10.845+0000] {spark_submit.py:491} INFO - at java.base/jdk.internal.reflect.DelegatingMethodAccessorImpl.invoke(DelegatingMethodAccessorImpl.java:43)
[2026-04-03T15:57:10.845+0000] {spark_submit.py:491} INFO - at java.base/java.lang.reflect.Method.invoke(Method.java:566)
[2026-04-03T15:57:10.845+0000] {spark_submit.py:491} INFO - at py4j.reflection.MethodInvoker.invoke(MethodInvoker.java:244)
[2026-04-03T15:57:10.845+0000] {spark_submit.py:491} INFO - at py4j.reflection.ReflectionEngine.invoke(ReflectionEngine.java:357)
[2026-04-03T15:57:10.845+0000] {spark_submit.py:491} INFO - at py4j.Gateway.invoke(Gateway.java:282)
[2026-04-03T15:57:10.845+0000] {spark_submit.py:491} INFO - at py4j.commands.AbstractCommand.invokeMethod(AbstractCommand.java:132)
[2026-04-03T15:57:10.845+0000] {spark_submit.py:491} INFO - at py4j.commands.CallCommand.execute(CallCommand.java:79)
[2026-04-03T15:57:10.845+0000] {spark_submit.py:491} INFO - at py4j.ClientServerConnection.waitForCommands(ClientServerConnection.java:182)
[2026-04-03T15:57:10.845+0000] {spark_submit.py:491} INFO - at py4j.ClientServerConnection.run(ClientServerConnection.java:106)
[2026-04-03T15:57:10.845+0000] {spark_submit.py:491} INFO - at java.base/java.lang.Thread.run(Thread.java:829)
[2026-04-03T15:57:10.845+0000] {spark_submit.py:491} INFO - Caused by: com.amazonaws.SdkClientException: Unable to execute HTTP request: Unsupported or unrecognized SSL message
[2026-04-03T15:57:10.845+0000] {spark_submit.py:491} INFO - at com.amazonaws.http.AmazonHttpClient$RequestExecutor.handleRetryableException(AmazonHttpClient.java:1207)
[2026-04-03T15:57:10.845+0000] {spark_submit.py:491} INFO - at com.amazonaws.http.AmazonHttpClient$RequestExecutor.executeHelper(AmazonHttpClient.java:1153)
[2026-04-03T15:57:10.845+0000] {spark_submit.py:491} INFO - at com.amazonaws.http.AmazonHttpClient$RequestExecutor.doExecute(AmazonHttpClient.java:802)
[2026-04-03T15:57:10.846+0000] {spark_submit.py:491} INFO - at com.amazonaws.http.AmazonHttpClient$RequestExecutor.executeWithTimer(AmazonHttpClient.java:770)
[2026-04-03T15:57:10.846+0000] {spark_submit.py:491} INFO - at com.amazonaws.http.AmazonHttpClient$RequestExecutor.execute(AmazonHttpClient.java:744)
[2026-04-03T15:57:10.846+0000] {spark_submit.py:491} INFO - at com.amazonaws.http.AmazonHttpClient$RequestExecutor.access$500(AmazonHttpClient.java:704)
[2026-04-03T15:57:10.846+0000] {spark_submit.py:491} INFO - at com.amazonaws.http.AmazonHttpClient$RequestExecutionBuilderImpl.execute(AmazonHttpClient.java:686)
[2026-04-03T15:57:10.846+0000] {spark_submit.py:491} INFO - at com.amazonaws.http.AmazonHttpClient.execute(AmazonHttpClient.java:550)
[2026-04-03T15:57:10.846+0000] {spark_submit.py:491} INFO - at com.amazonaws.http.AmazonHttpClient.execute(AmazonHttpClient.java:530)
[2026-04-03T15:57:10.846+0000] {spark_submit.py:491} INFO - at com.amazonaws.services.s3.AmazonS3Client.invoke(AmazonS3Client.java:5437)
[2026-04-03T15:57:10.846+0000] {spark_submit.py:491} INFO - at com.amazonaws.services.s3.AmazonS3Client.invoke(AmazonS3Client.java:5384)
[2026-04-03T15:57:10.846+0000] {spark_submit.py:491} INFO - at com.amazonaws.services.s3.AmazonS3Client.getObjectMetadata(AmazonS3Client.java:1367)
[2026-04-03T15:57:10.846+0000] {spark_submit.py:491} INFO - at org.apache.hadoop.fs.s3a.S3AFileSystem.lambda$getObjectMetadata$10(S3AFileSystem.java:2545)
[2026-04-03T15:57:10.846+0000] {spark_submit.py:491} INFO - at org.apache.hadoop.fs.s3a.Invoker.retryUntranslated(Invoker.java:414)
[2026-04-03T15:57:10.846+0000] {spark_submit.py:491} INFO - at org.apache.hadoop.fs.s3a.Invoker.retryUntranslated(Invoker.java:377)
[2026-04-03T15:57:10.846+0000] {spark_submit.py:491} INFO - at org.apache.hadoop.fs.s3a.S3AFileSystem.getObjectMetadata(S3AFileSystem.java:2533)
[2026-04-03T15:57:10.846+0000] {spark_submit.py:491} INFO - at org.apache.hadoop.fs.s3a.S3AFileSystem.getObjectMetadata(S3AFileSystem.java:2513)
[2026-04-03T15:57:10.846+0000] {spark_submit.py:491} INFO - at org.apache.hadoop.fs.s3a.S3AFileSystem.s3GetFileStatus(S3AFileSystem.java:3776)
[2026-04-03T15:57:10.846+0000] {spark_submit.py:491} INFO - ... 25 more
[2026-04-03T15:57:10.847+0000] {spark_submit.py:491} INFO - Caused by: javax.net.ssl.SSLException: Unsupported or unrecognized SSL message
[2026-04-03T15:57:10.847+0000] {spark_submit.py:491} INFO - at java.base/sun.security.ssl.SSLSocketInputRecord.handleUnknownRecord(SSLSocketInputRecord.java:457)
[2026-04-03T15:57:10.847+0000] {spark_submit.py:491} INFO - at java.base/sun.security.ssl.SSLSocketInputRecord.decode(SSLSocketInputRecord.java:175)
[2026-04-03T15:57:10.847+0000] {spark_submit.py:491} INFO - at java.base/sun.security.ssl.SSLTransport.decode(SSLTransport.java:111)
[2026-04-03T15:57:10.847+0000] {spark_submit.py:491} INFO - at java.base/sun.security.ssl.SSLSocketImpl.decode(SSLSocketImpl.java:1511)
[2026-04-03T15:57:10.847+0000] {spark_submit.py:491} INFO - at java.base/sun.security.ssl.SSLSocketImpl.readHandshakeRecord(SSLSocketImpl.java:1421)
[2026-04-03T15:57:10.847+0000] {spark_submit.py:491} INFO - at java.base/sun.security.ssl.SSLSocketImpl.startHandshake(SSLSocketImpl.java:456)
[2026-04-03T15:57:10.847+0000] {spark_submit.py:491} INFO - at java.base/sun.security.ssl.SSLSocketImpl.startHandshake(SSLSocketImpl.java:427)
[2026-04-03T15:57:10.847+0000] {spark_submit.py:491} INFO - at com.amazonaws.thirdparty.apache.http.conn.ssl.SSLConnectionSocketFactory.createLayeredSocket(SSLConnectionSocketFactory.java:436)
[2026-04-03T15:57:10.847+0000] {spark_submit.py:491} INFO - at com.amazonaws.thirdparty.apache.http.conn.ssl.SSLConnectionSocketFactory.connectSocket(SSLConnectionSocketFactory.java:384)
[2026-04-03T15:57:10.847+0000] {spark_submit.py:491} INFO - at com.amazonaws.thirdparty.apache.http.impl.conn.DefaultHttpClientConnectionOperator.connect(DefaultHttpClientConnectionOperator.java:142)
[2026-04-03T15:57:10.847+0000] {spark_submit.py:491} INFO - at com.amazonaws.thirdparty.apache.http.impl.conn.PoolingHttpClientConnectionManager.connect(PoolingHttpClientConnectionManager.java:376)
[2026-04-03T15:57:10.847+0000] {spark_submit.py:491} INFO - at jdk.internal.reflect.GeneratedMethodAccessor26.invoke(Unknown Source)
[2026-04-03T15:57:10.847+0000] {spark_submit.py:491} INFO - at java.base/jdk.internal.reflect.DelegatingMethodAccessorImpl.invoke(DelegatingMethodAccessorImpl.java:43)
[2026-04-03T15:57:10.847+0000] {spark_submit.py:491} INFO - at java.base/java.lang.reflect.Method.invoke(Method.java:566)
[2026-04-03T15:57:10.847+0000] {spark_submit.py:491} INFO - at com.amazonaws.http.conn.ClientConnectionManagerFactory$Handler.invoke(ClientConnectionManagerFactory.java:76)
[2026-04-03T15:57:10.847+0000] {spark_submit.py:491} INFO - at com.amazonaws.http.conn.$Proxy34.connect(Unknown Source)
[2026-04-03T15:57:10.848+0000] {spark_submit.py:491} INFO - at com.amazonaws.thirdparty.apache.http.impl.execchain.MainClientExec.establishRoute(MainClientExec.java:393)
[2026-04-03T15:57:10.848+0000] {spark_submit.py:491} INFO - at com.amazonaws.thirdparty.apache.http.impl.execchain.MainClientExec.execute(MainClientExec.java:236)
[2026-04-03T15:57:10.848+0000] {spark_submit.py:491} INFO - at com.amazonaws.thirdparty.apache.http.impl.execchain.ProtocolExec.execute(ProtocolExec.java:186)
[2026-04-03T15:57:10.848+0000] {spark_submit.py:491} INFO - at com.amazonaws.thirdparty.apache.http.impl.client.InternalHttpClient.doExecute(InternalHttpClient.java:185)
[2026-04-03T15:57:10.848+0000] {spark_submit.py:491} INFO - at com.amazonaws.thirdparty.apache.http.impl.client.CloseableHttpClient.execute(CloseableHttpClient.java:83)
[2026-04-03T15:57:10.848+0000] {spark_submit.py:491} INFO - at com.amazonaws.thirdparty.apache.http.impl.client.CloseableHttpClient.execute(CloseableHttpClient.java:56)
[2026-04-03T15:57:10.848+0000] {spark_submit.py:491} INFO - at com.amazonaws.http.apache.client.impl.SdkHttpClient.execute(SdkHttpClient.java:72)
[2026-04-03T15:57:10.848+0000] {spark_submit.py:491} INFO - at com.amazonaws.http.AmazonHttpClient$RequestExecutor.executeOneRequest(AmazonHttpClient.java:1331)
[2026-04-03T15:57:10.848+0000] {spark_submit.py:491} INFO - at com.amazonaws.http.AmazonHttpClient$RequestExecutor.executeHelper(AmazonHttpClient.java:1145)
[2026-04-03T15:57:10.848+0000] {spark_submit.py:491} INFO - ... 41 more
[2026-04-03T15:57:10.848+0000] {spark_submit.py:491} INFO - 
[2026-04-03T15:57:10.848+0000] {spark_submit.py:491} INFO - INFO:py4j.clientserver:Closing down clientserver connection
[2026-04-03T15:57:11.030+0000] {taskinstance.py:1937} ERROR - Task failed with exception
Traceback (most recent call last):
  File "/home/airflow/.local/lib/python3.10/site-packages/airflow/providers/apache/spark/operators/spark_submit.py", line 156, in execute
    self._hook.submit(self._application)
  File "/home/airflow/.local/lib/python3.10/site-packages/airflow/providers/apache/spark/hooks/spark_submit.py", line 422, in submit
    raise AirflowException(
airflow.exceptions.AirflowException: Cannot execute: spark-submit --master spark://spark-master:7077 --conf spark.sql.extensions=io.delta.sql.DeltaSparkSessionExtension --conf spark.sql.catalog.spark_catalog=org.apache.spark.sql.delta.catalog.DeltaCatalog --conf spark.databricks.delta.schema.autoMerge.enabled=true --jars /opt/airflow/etl/jars/hadoop-aws-3.3.2.jar,/opt/airflow/etl/jars/aws-java-sdk-bundle-1.11.1026.jar,/opt/airflow/etl/jars/delta-core_2.12-2.3.0.jar,/opt/airflow/etl/jars/delta-storage-2.3.0.jar --executor-cores 1 --executor-memory 1g --driver-memory 512m --name airflow_silver_customers --verbose /opt/airflow/etl/silver/main_silver.py --table_name customers --merge_key customer_id --is_cdc false --json_schema . Error code is: 1.
[2026-04-03T15:57:11.034+0000] {taskinstance.py:1400} INFO - Marking task as UP_FOR_RETRY. dag_id=silver_spark_processor, task_id=process_silver_customers, execution_date=20260402T000000, start_date=20260403T154326, end_date=20260403T155711
[2026-04-03T15:57:11.054+0000] {standard_task_runner.py:104} ERROR - Failed to execute job 626 for task process_silver_customers (Cannot execute: spark-submit --master spark://spark-master:7077 --conf spark.sql.extensions=io.delta.sql.DeltaSparkSessionExtension --conf spark.sql.catalog.spark_catalog=org.apache.spark.sql.delta.catalog.DeltaCatalog --conf spark.databricks.delta.schema.autoMerge.enabled=true --jars /opt/airflow/etl/jars/hadoop-aws-3.3.2.jar,/opt/airflow/etl/jars/aws-java-sdk-bundle-1.11.1026.jar,/opt/airflow/etl/jars/delta-core_2.12-2.3.0.jar,/opt/airflow/etl/jars/delta-storage-2.3.0.jar --executor-cores 1 --executor-memory 1g --driver-memory 512m --name airflow_silver_customers --verbose /opt/airflow/etl/silver/main_silver.py --table_name customers --merge_key customer_id --is_cdc false --json_schema . Error code is: 1.; 548)
[2026-04-03T15:57:11.068+0000] {local_task_job_runner.py:228} INFO - Task exited with return code 1
[2026-04-03T15:57:11.098+0000] {taskinstance.py:2778} INFO - 0 downstream tasks scheduled from follow-on schedule check
