[2026-04-03T14:50:49.013+0000] {taskinstance.py:1159} INFO - Dependencies all met for dep_context=non-requeueable deps ti=<TaskInstance: silver_spark_processor.process_silver_customers scheduled__2026-04-02T00:00:00+00:00 [queued]>
[2026-04-03T14:50:49.022+0000] {taskinstance.py:1159} INFO - Dependencies all met for dep_context=requeueable deps ti=<TaskInstance: silver_spark_processor.process_silver_customers scheduled__2026-04-02T00:00:00+00:00 [queued]>
[2026-04-03T14:50:49.023+0000] {taskinstance.py:1361} INFO - Starting attempt 15 of 15
[2026-04-03T14:50:49.036+0000] {taskinstance.py:1382} INFO - Executing <Task(SparkSubmitOperator): process_silver_customers> on 2026-04-02 00:00:00+00:00
[2026-04-03T14:50:49.042+0000] {standard_task_runner.py:57} INFO - Started process 504 to run task
[2026-04-03T14:50:49.046+0000] {standard_task_runner.py:84} INFO - Running: ['airflow', 'tasks', 'run', 'silver_spark_processor', 'process_silver_customers', 'scheduled__2026-04-02T00:00:00+00:00', '--job-id', '619', '--raw', '--subdir', 'DAGS_FOLDER/silver_processor_dag.py', '--cfg-path', '/tmp/tmpl7bpunmi']
[2026-04-03T14:50:49.049+0000] {standard_task_runner.py:85} INFO - Job 619: Subtask process_silver_customers
[2026-04-03T14:50:49.104+0000] {task_command.py:416} INFO - Running <TaskInstance: silver_spark_processor.process_silver_customers scheduled__2026-04-02T00:00:00+00:00 [running]> on host bc50ea179d9a
[2026-04-03T14:50:49.196+0000] {taskinstance.py:1662} INFO - Exporting env vars: AIRFLOW_CTX_DAG_OWNER='data-team' AIRFLOW_CTX_DAG_ID='silver_spark_processor' AIRFLOW_CTX_TASK_ID='process_silver_customers' AIRFLOW_CTX_EXECUTION_DATE='2026-04-02T00:00:00+00:00' AIRFLOW_CTX_TRY_NUMBER='15' AIRFLOW_CTX_DAG_RUN_ID='scheduled__2026-04-02T00:00:00+00:00'
[2026-04-03T14:50:49.207+0000] {base.py:73} INFO - Using connection ID 'spark_default' for task execution.
[2026-04-03T14:50:49.209+0000] {spark_submit.py:340} INFO - Spark-Submit cmd: spark-submit --master spark://spark-master:7077 --conf spark.sql.extensions=io.delta.sql.DeltaSparkSessionExtension --conf spark.sql.catalog.spark_catalog=org.apache.spark.sql.delta.catalog.DeltaCatalog --conf spark.databricks.delta.schema.autoMerge.enabled=true --jars /opt/airflow/etl/jars/hadoop-aws-3.3.2.jar,/opt/airflow/etl/jars/aws-java-sdk-bundle-1.11.1026.jar,/opt/airflow/etl/jars/delta-core_2.12-2.3.0.jar,/opt/airflow/etl/jars/delta-storage-2.3.0.jar --executor-cores 1 --executor-memory 1g --driver-memory 512m --name airflow_silver_customers /opt/airflow/etl/silver/main_silver.py --table_name customers --merge_key customer_id --is_cdc false --json_schema 
[2026-04-03T14:50:49.356+0000] {spark_submit.py:491} INFO - /home/airflow/.local/lib/python3.10/site-packages/pyspark/bin/load-spark-env.sh: line 68: ps: command not found
[2026-04-03T14:50:51.205+0000] {spark_submit.py:491} INFO - 26/04/03 14:50:51 WARN NativeCodeLoader: Unable to load native-hadoop library for your platform... using builtin-java classes where applicable
[2026-04-03T14:50:52.386+0000] {spark_submit.py:491} INFO - INFO:__main__:Khởi tạo Spark Job cho bảng: customers
[2026-04-03T14:50:52.472+0000] {spark_submit.py:491} INFO - 26/04/03 14:50:52 INFO SparkContext: Running Spark version 3.3.2
[2026-04-03T14:50:52.501+0000] {spark_submit.py:491} INFO - 26/04/03 14:50:52 INFO ResourceUtils: ==============================================================
[2026-04-03T14:50:52.501+0000] {spark_submit.py:491} INFO - 26/04/03 14:50:52 INFO ResourceUtils: No custom resources configured for spark.driver.
[2026-04-03T14:50:52.501+0000] {spark_submit.py:491} INFO - 26/04/03 14:50:52 INFO ResourceUtils: ==============================================================
[2026-04-03T14:50:52.502+0000] {spark_submit.py:491} INFO - 26/04/03 14:50:52 INFO SparkContext: Submitted application: <class 'pyspark.sql.session.SparkSession'>
[2026-04-03T14:50:52.520+0000] {spark_submit.py:491} INFO - 26/04/03 14:50:52 INFO ResourceProfile: Default ResourceProfile created, executor resources: Map(cores -> name: cores, amount: 1, script: , vendor: , memory -> name: memory, amount: 1024, script: , vendor: , offHeap -> name: offHeap, amount: 0, script: , vendor: ), task resources: Map(cpus -> name: cpus, amount: 1.0)
[2026-04-03T14:50:52.532+0000] {spark_submit.py:491} INFO - 26/04/03 14:50:52 INFO ResourceProfile: Limiting resource is cpus at 1 tasks per executor
[2026-04-03T14:50:52.534+0000] {spark_submit.py:491} INFO - 26/04/03 14:50:52 INFO ResourceProfileManager: Added ResourceProfile id: 0
[2026-04-03T14:50:52.580+0000] {spark_submit.py:491} INFO - 26/04/03 14:50:52 INFO SecurityManager: Changing view acls to: airflow
[2026-04-03T14:50:52.581+0000] {spark_submit.py:491} INFO - 26/04/03 14:50:52 INFO SecurityManager: Changing modify acls to: airflow
[2026-04-03T14:50:52.581+0000] {spark_submit.py:491} INFO - 26/04/03 14:50:52 INFO SecurityManager: Changing view acls groups to:
[2026-04-03T14:50:52.582+0000] {spark_submit.py:491} INFO - 26/04/03 14:50:52 INFO SecurityManager: Changing modify acls groups to:
[2026-04-03T14:50:52.582+0000] {spark_submit.py:491} INFO - 26/04/03 14:50:52 INFO SecurityManager: SecurityManager: authentication disabled; ui acls disabled; users  with view permissions: Set(airflow); groups with view permissions: Set(); users  with modify permissions: Set(airflow); groups with modify permissions: Set()
[2026-04-03T14:50:52.828+0000] {spark_submit.py:491} INFO - 26/04/03 14:50:52 INFO Utils: Successfully started service 'sparkDriver' on port 34577.
[2026-04-03T14:50:52.864+0000] {spark_submit.py:491} INFO - 26/04/03 14:50:52 INFO SparkEnv: Registering MapOutputTracker
[2026-04-03T14:50:52.899+0000] {spark_submit.py:491} INFO - 26/04/03 14:50:52 INFO SparkEnv: Registering BlockManagerMaster
[2026-04-03T14:50:52.918+0000] {spark_submit.py:491} INFO - 26/04/03 14:50:52 INFO BlockManagerMasterEndpoint: Using org.apache.spark.storage.DefaultTopologyMapper for getting topology information
[2026-04-03T14:50:52.918+0000] {spark_submit.py:491} INFO - 26/04/03 14:50:52 INFO BlockManagerMasterEndpoint: BlockManagerMasterEndpoint up
[2026-04-03T14:50:52.923+0000] {spark_submit.py:491} INFO - 26/04/03 14:50:52 INFO SparkEnv: Registering BlockManagerMasterHeartbeat
[2026-04-03T14:50:52.939+0000] {spark_submit.py:491} INFO - 26/04/03 14:50:52 INFO DiskBlockManager: Created local directory at /tmp/blockmgr-8003562a-0d86-44f3-b000-5436034b81c8
[2026-04-03T14:50:52.955+0000] {spark_submit.py:491} INFO - 26/04/03 14:50:52 INFO MemoryStore: MemoryStore started with capacity 127.2 MiB
[2026-04-03T14:50:52.970+0000] {spark_submit.py:491} INFO - 26/04/03 14:50:52 INFO SparkEnv: Registering OutputCommitCoordinator
[2026-04-03T14:50:53.145+0000] {spark_submit.py:491} INFO - 26/04/03 14:50:53 WARN Utils: Service 'SparkUI' could not bind on port 4040. Attempting port 4041.
[2026-04-03T14:50:53.146+0000] {spark_submit.py:491} INFO - 26/04/03 14:50:53 WARN Utils: Service 'SparkUI' could not bind on port 4041. Attempting port 4042.
[2026-04-03T14:50:53.158+0000] {spark_submit.py:491} INFO - 26/04/03 14:50:53 INFO Utils: Successfully started service 'SparkUI' on port 4042.
[2026-04-03T14:50:53.217+0000] {spark_submit.py:491} INFO - 26/04/03 14:50:53 INFO SparkContext: Added JAR file:///opt/airflow/etl/jars/hadoop-aws-3.3.2.jar at spark://bc50ea179d9a:34577/jars/hadoop-aws-3.3.2.jar with timestamp 1775227852463
[2026-04-03T14:50:53.217+0000] {spark_submit.py:491} INFO - 26/04/03 14:50:53 INFO SparkContext: Added JAR file:///opt/airflow/etl/jars/aws-java-sdk-bundle-1.11.1026.jar at spark://bc50ea179d9a:34577/jars/aws-java-sdk-bundle-1.11.1026.jar with timestamp 1775227852463
[2026-04-03T14:50:53.217+0000] {spark_submit.py:491} INFO - 26/04/03 14:50:53 INFO SparkContext: Added JAR file:///opt/airflow/etl/jars/delta-core_2.12-2.3.0.jar at spark://bc50ea179d9a:34577/jars/delta-core_2.12-2.3.0.jar with timestamp 1775227852463
[2026-04-03T14:50:53.218+0000] {spark_submit.py:491} INFO - 26/04/03 14:50:53 INFO SparkContext: Added JAR file:///opt/airflow/etl/jars/delta-storage-2.3.0.jar at spark://bc50ea179d9a:34577/jars/delta-storage-2.3.0.jar with timestamp 1775227852463
[2026-04-03T14:50:53.319+0000] {spark_submit.py:491} INFO - 26/04/03 14:50:53 INFO StandaloneAppClient$ClientEndpoint: Connecting to master spark://spark-master:7077...
[2026-04-03T14:50:53.363+0000] {spark_submit.py:491} INFO - 26/04/03 14:50:53 INFO TransportClientFactory: Successfully created connection to spark-master/172.18.0.6:7077 after 27 ms (0 ms spent in bootstraps)
[2026-04-03T14:50:53.465+0000] {spark_submit.py:491} INFO - 26/04/03 14:50:53 INFO StandaloneSchedulerBackend: Connected to Spark cluster with app ID app-20260403145053-0047
[2026-04-03T14:50:53.473+0000] {spark_submit.py:491} INFO - 26/04/03 14:50:53 INFO Utils: Successfully started service 'org.apache.spark.network.netty.NettyBlockTransferService' on port 33625.
[2026-04-03T14:50:53.473+0000] {spark_submit.py:491} INFO - 26/04/03 14:50:53 INFO NettyBlockTransferService: Server created on bc50ea179d9a:33625
[2026-04-03T14:50:53.476+0000] {spark_submit.py:491} INFO - 26/04/03 14:50:53 INFO BlockManager: Using org.apache.spark.storage.RandomBlockReplicationPolicy for block replication policy
[2026-04-03T14:50:53.486+0000] {spark_submit.py:491} INFO - 26/04/03 14:50:53 INFO BlockManagerMaster: Registering BlockManager BlockManagerId(driver, bc50ea179d9a, 33625, None)
[2026-04-03T14:50:53.491+0000] {spark_submit.py:491} INFO - 26/04/03 14:50:53 INFO BlockManagerMasterEndpoint: Registering block manager bc50ea179d9a:33625 with 127.2 MiB RAM, BlockManagerId(driver, bc50ea179d9a, 33625, None)
[2026-04-03T14:50:53.494+0000] {spark_submit.py:491} INFO - 26/04/03 14:50:53 INFO BlockManagerMaster: Registered BlockManager BlockManagerId(driver, bc50ea179d9a, 33625, None)
[2026-04-03T14:50:53.496+0000] {spark_submit.py:491} INFO - 26/04/03 14:50:53 INFO BlockManager: Initialized BlockManager: BlockManagerId(driver, bc50ea179d9a, 33625, None)
[2026-04-03T14:50:53.705+0000] {spark_submit.py:491} INFO - 26/04/03 14:50:53 INFO StandaloneSchedulerBackend: SchedulerBackend is ready for scheduling beginning after reached minRegisteredResourcesRatio: 0.0
[2026-04-03T14:50:54.625+0000] {spark_submit.py:491} INFO - INFO:silver_processor: Bắt đầu xử lý lớp Silver cho bảng: customers | Chế độ CDC: False
[2026-04-03T14:50:54.625+0000] {spark_submit.py:491} INFO - INFO:silver_processor: Bắt đầu quét Data Nóng từ Bronze...
[2026-04-03T14:50:54.824+0000] {spark_submit.py:491} INFO - 26/04/03 14:50:54 WARN MetricsConfig: Cannot locate configuration: tried hadoop-metrics2-s3a-file-system.properties,hadoop-metrics2.properties
[2026-04-03T14:58:24.119+0000] {local_task_job_runner.py:274} WARNING - Recorded pid 797 does not match the current pid 504
[2026-04-03T14:58:24.122+0000] {process_utils.py:131} INFO - Sending 15 to group 504. PIDs of all processes in the group: [505, 558, 504]
[2026-04-03T14:58:24.122+0000] {process_utils.py:86} INFO - Sending the signal 15 to group 504
[2026-04-03T14:58:24.123+0000] {taskinstance.py:1632} ERROR - Received SIGTERM. Terminating subprocesses.
[2026-04-03T14:58:24.123+0000] {spark_submit.py:618} INFO - Sending kill signal to spark-submit
[2026-04-03T14:58:24.136+0000] {taskinstance.py:1937} ERROR - Task failed with exception
Traceback (most recent call last):
  File "/home/airflow/.local/lib/python3.10/site-packages/airflow/providers/apache/spark/operators/spark_submit.py", line 156, in execute
    self._hook.submit(self._application)
  File "/home/airflow/.local/lib/python3.10/site-packages/airflow/providers/apache/spark/hooks/spark_submit.py", line 410, in submit
    self._process_spark_submit_log(iter(self._submit_sp.stdout))  # type: ignore
  File "/home/airflow/.local/lib/python3.10/site-packages/airflow/providers/apache/spark/hooks/spark_submit.py", line 459, in _process_spark_submit_log
    for line in itr:
  File "/home/airflow/.local/lib/python3.10/site-packages/airflow/models/taskinstance.py", line 1634, in signal_handler
    raise AirflowException("Task received SIGTERM signal")
airflow.exceptions.AirflowException: Task received SIGTERM signal
[2026-04-03T14:58:24.140+0000] {taskinstance.py:1400} INFO - Marking task as UP_FOR_RETRY. dag_id=silver_spark_processor, task_id=process_silver_customers, execution_date=20260402T000000, start_date=20260403T145819, end_date=20260403T145824
[2026-04-03T14:58:24.163+0000] {standard_task_runner.py:104} ERROR - Failed to execute job 619 for task process_silver_customers (Task received SIGTERM signal; 504)
[2026-04-03T14:58:24.215+0000] {process_utils.py:79} INFO - Process psutil.Process(pid=558, status='terminated', started='14:50:51') (558) terminated with exit code None
[2026-04-03T14:58:24.216+0000] {process_utils.py:79} INFO - Process psutil.Process(pid=505, status='terminated', started='14:50:49') (505) terminated with exit code None
[2026-04-03T14:58:24.216+0000] {process_utils.py:79} INFO - Process psutil.Process(pid=504, status='terminated', exitcode=1, started='14:50:48') (504) terminated with exit code 1
