[2026-04-03T16:28:32.769+0000] {taskinstance.py:1159} INFO - Dependencies all met for dep_context=non-requeueable deps ti=<TaskInstance: silver_spark_processor.process_silver_customers scheduled__2026-04-02T00:00:00+00:00 [queued]>
[2026-04-03T16:28:32.778+0000] {taskinstance.py:1159} INFO - Dependencies all met for dep_context=requeueable deps ti=<TaskInstance: silver_spark_processor.process_silver_customers scheduled__2026-04-02T00:00:00+00:00 [queued]>
[2026-04-03T16:28:32.778+0000] {taskinstance.py:1361} INFO - Starting attempt 26 of 27
[2026-04-03T16:28:32.792+0000] {taskinstance.py:1382} INFO - Executing <Task(SparkSubmitOperator): process_silver_customers> on 2026-04-02 00:00:00+00:00
[2026-04-03T16:28:32.798+0000] {standard_task_runner.py:57} INFO - Started process 456 to run task
[2026-04-03T16:28:32.801+0000] {standard_task_runner.py:84} INFO - Running: ['airflow', 'tasks', 'run', 'silver_spark_processor', 'process_silver_customers', 'scheduled__2026-04-02T00:00:00+00:00', '--job-id', '632', '--raw', '--subdir', 'DAGS_FOLDER/silver_processor_dag.py', '--cfg-path', '/tmp/tmpo7bmf6ql']
[2026-04-03T16:28:32.803+0000] {standard_task_runner.py:85} INFO - Job 632: Subtask process_silver_customers
[2026-04-03T16:28:32.856+0000] {task_command.py:416} INFO - Running <TaskInstance: silver_spark_processor.process_silver_customers scheduled__2026-04-02T00:00:00+00:00 [running]> on host f094757a841d
[2026-04-03T16:28:32.950+0000] {taskinstance.py:1662} INFO - Exporting env vars: AIRFLOW_CTX_DAG_OWNER='data-team' AIRFLOW_CTX_DAG_ID='silver_spark_processor' AIRFLOW_CTX_TASK_ID='process_silver_customers' AIRFLOW_CTX_EXECUTION_DATE='2026-04-02T00:00:00+00:00' AIRFLOW_CTX_TRY_NUMBER='26' AIRFLOW_CTX_DAG_RUN_ID='scheduled__2026-04-02T00:00:00+00:00'
[2026-04-03T16:28:32.961+0000] {base.py:73} INFO - Using connection ID 'spark_default' for task execution.
[2026-04-03T16:28:32.963+0000] {spark_submit.py:340} INFO - Spark-Submit cmd: spark-submit --master spark://spark-master:7077 --conf spark.sql.extensions=io.delta.sql.DeltaSparkSessionExtension --conf spark.sql.catalog.spark_catalog=org.apache.spark.sql.delta.catalog.DeltaCatalog --conf spark.databricks.delta.schema.autoMerge.enabled=true --conf spark.hadoop.fs.s3a.endpoint=http://minio:9000 --conf spark.hadoop.fs.s3a.access.key=minio --conf spark.hadoop.fs.s3a.secret.key=****** --conf spark.hadoop.fs.s3a.path.style.access=true --conf spark.hadoop.fs.s3a.connection.ssl.enabled=false --conf spark.hadoop.fs.s3a.impl=org.apache.hadoop.fs.s3a.S3AFileSystem --jars /opt/airflow/etl/jars/hadoop-aws-3.3.2.jar,/opt/airflow/etl/jars/aws-java-sdk-bundle-1.11.1026.jar,/opt/airflow/etl/jars/delta-core_2.12-2.3.0.jar,/opt/airflow/etl/jars/delta-storage-2.3.0.jar --executor-cores 1 --executor-memory 1g --driver-memory 512m --name airflow_silver_customers --verbose /opt/airflow/etl/silver/main_silver.py --table_name customers --merge_key customer_id --is_cdc false --json_schema 
[2026-04-03T16:28:33.062+0000] {spark_submit.py:491} INFO - /home/airflow/.local/lib/python3.10/site-packages/pyspark/bin/load-spark-env.sh: line 68: ps: command not found
[2026-04-03T16:28:34.394+0000] {spark_submit.py:491} INFO - Using properties file: null
[2026-04-03T16:28:34.519+0000] {spark_submit.py:491} INFO - Parsed arguments:
[2026-04-03T16:28:34.519+0000] {spark_submit.py:491} INFO - master                  spark://spark-master:7077
[2026-04-03T16:28:34.519+0000] {spark_submit.py:491} INFO - deployMode              null
[2026-04-03T16:28:34.519+0000] {spark_submit.py:491} INFO - executorMemory          1g
[2026-04-03T16:28:34.519+0000] {spark_submit.py:491} INFO - executorCores           1
[2026-04-03T16:28:34.519+0000] {spark_submit.py:491} INFO - totalExecutorCores      null
[2026-04-03T16:28:34.520+0000] {spark_submit.py:491} INFO - propertiesFile          null
[2026-04-03T16:28:34.520+0000] {spark_submit.py:491} INFO - driverMemory            512m
[2026-04-03T16:28:34.520+0000] {spark_submit.py:491} INFO - driverCores             null
[2026-04-03T16:28:34.520+0000] {spark_submit.py:491} INFO - driverExtraClassPath    null
[2026-04-03T16:28:34.520+0000] {spark_submit.py:491} INFO - driverExtraLibraryPath  null
[2026-04-03T16:28:34.520+0000] {spark_submit.py:491} INFO - driverExtraJavaOptions  null
[2026-04-03T16:28:34.520+0000] {spark_submit.py:491} INFO - supervise               false
[2026-04-03T16:28:34.520+0000] {spark_submit.py:491} INFO - queue                   null
[2026-04-03T16:28:34.520+0000] {spark_submit.py:491} INFO - numExecutors            null
[2026-04-03T16:28:34.520+0000] {spark_submit.py:491} INFO - files                   null
[2026-04-03T16:28:34.520+0000] {spark_submit.py:491} INFO - pyFiles                 null
[2026-04-03T16:28:34.520+0000] {spark_submit.py:491} INFO - archives                null
[2026-04-03T16:28:34.520+0000] {spark_submit.py:491} INFO - mainClass               null
[2026-04-03T16:28:34.520+0000] {spark_submit.py:491} INFO - primaryResource         file:/opt/airflow/etl/silver/main_silver.py
[2026-04-03T16:28:34.520+0000] {spark_submit.py:491} INFO - name                    airflow_silver_customers
[2026-04-03T16:28:34.520+0000] {spark_submit.py:491} INFO - childArgs               [--table_name customers --merge_key customer_id --is_cdc false --json_schema ]
[2026-04-03T16:28:34.521+0000] {spark_submit.py:491} INFO - jars                    file:/opt/airflow/etl/jars/hadoop-aws-3.3.2.jar,file:/opt/airflow/etl/jars/aws-java-sdk-bundle-1.11.1026.jar,file:/opt/airflow/etl/jars/delta-core_2.12-2.3.0.jar,file:/opt/airflow/etl/jars/delta-storage-2.3.0.jar
[2026-04-03T16:28:34.521+0000] {spark_submit.py:491} INFO - packages                null
[2026-04-03T16:28:34.521+0000] {spark_submit.py:491} INFO - packagesExclusions      null
[2026-04-03T16:28:34.521+0000] {spark_submit.py:491} INFO - repositories            null
[2026-04-03T16:28:34.521+0000] {spark_submit.py:491} INFO - verbose                 true
[2026-04-03T16:28:34.521+0000] {spark_submit.py:491} INFO - 
[2026-04-03T16:28:34.521+0000] {spark_submit.py:491} INFO - Spark properties used, including those specified through
[2026-04-03T16:28:34.521+0000] {spark_submit.py:491} INFO - --conf and those from the properties file null:
[2026-04-03T16:28:34.521+0000] {spark_submit.py:491} INFO - (spark.databricks.delta.schema.autoMerge.enabled,true)
[2026-04-03T16:28:34.521+0000] {spark_submit.py:491} INFO - (spark.driver.memory,512m)
[2026-04-03T16:28:34.521+0000] {spark_submit.py:491} INFO - (spark.hadoop.fs.s3a.access.key,*********(redacted))
[2026-04-03T16:28:34.521+0000] {spark_submit.py:491} INFO - (spark.hadoop.fs.s3a.connection.ssl.enabled,false)
[2026-04-03T16:28:34.521+0000] {spark_submit.py:491} INFO - (spark.hadoop.fs.s3a.endpoint,http://minio:9000)
[2026-04-03T16:28:34.522+0000] {spark_submit.py:491} INFO - (spark.hadoop.fs.s3a.impl,org.apache.hadoop.fs.s3a.S3AFileSystem)
[2026-04-03T16:28:34.522+0000] {spark_submit.py:491} INFO - (spark.hadoop.fs.s3a.path.style.access,true)
[2026-04-03T16:28:34.522+0000] {spark_submit.py:491} INFO - (spark.hadoop.fs.s3a.secret.key,*********(redacted))
[2026-04-03T16:28:34.522+0000] {spark_submit.py:491} INFO - (spark.sql.catalog.spark_catalog,org.apache.spark.sql.delta.catalog.DeltaCatalog)
[2026-04-03T16:28:34.522+0000] {spark_submit.py:491} INFO - (spark.sql.extensions,io.delta.sql.DeltaSparkSessionExtension)
[2026-04-03T16:28:34.522+0000] {spark_submit.py:491} INFO - 
[2026-04-03T16:28:34.522+0000] {spark_submit.py:491} INFO - 
[2026-04-03T16:28:34.869+0000] {spark_submit.py:491} INFO - 26/04/03 16:28:34 WARN NativeCodeLoader: Unable to load native-hadoop library for your platform... using builtin-java classes where applicable
[2026-04-03T16:28:35.046+0000] {spark_submit.py:491} INFO - Main class:
[2026-04-03T16:28:35.046+0000] {spark_submit.py:491} INFO - org.apache.spark.deploy.PythonRunner
[2026-04-03T16:28:35.047+0000] {spark_submit.py:491} INFO - Arguments:
[2026-04-03T16:28:35.047+0000] {spark_submit.py:491} INFO - file:/opt/airflow/etl/silver/main_silver.py
[2026-04-03T16:28:35.047+0000] {spark_submit.py:491} INFO - null
[2026-04-03T16:28:35.047+0000] {spark_submit.py:491} INFO - --table_name
[2026-04-03T16:28:35.047+0000] {spark_submit.py:491} INFO - customers
[2026-04-03T16:28:35.047+0000] {spark_submit.py:491} INFO - --merge_key
[2026-04-03T16:28:35.047+0000] {spark_submit.py:491} INFO - customer_id
[2026-04-03T16:28:35.047+0000] {spark_submit.py:491} INFO - --is_cdc
[2026-04-03T16:28:35.048+0000] {spark_submit.py:491} INFO - false
[2026-04-03T16:28:35.048+0000] {spark_submit.py:491} INFO - --json_schema
[2026-04-03T16:28:35.048+0000] {spark_submit.py:491} INFO - 
[2026-04-03T16:28:35.049+0000] {spark_submit.py:491} INFO - Spark config:
[2026-04-03T16:28:35.050+0000] {spark_submit.py:491} INFO - (spark.app.name,airflow_silver_customers)
[2026-04-03T16:28:35.050+0000] {spark_submit.py:491} INFO - (spark.app.submitTime,1775233715033)
[2026-04-03T16:28:35.050+0000] {spark_submit.py:491} INFO - (spark.databricks.delta.schema.autoMerge.enabled,true)
[2026-04-03T16:28:35.050+0000] {spark_submit.py:491} INFO - (spark.driver.memory,512m)
[2026-04-03T16:28:35.050+0000] {spark_submit.py:491} INFO - (spark.executor.cores,1)
[2026-04-03T16:28:35.050+0000] {spark_submit.py:491} INFO - (spark.executor.memory,1g)
[2026-04-03T16:28:35.050+0000] {spark_submit.py:491} INFO - (spark.hadoop.fs.s3a.access.key,*********(redacted))
[2026-04-03T16:28:35.050+0000] {spark_submit.py:491} INFO - (spark.hadoop.fs.s3a.connection.ssl.enabled,false)
[2026-04-03T16:28:35.050+0000] {spark_submit.py:491} INFO - (spark.hadoop.fs.s3a.endpoint,http://minio:9000)
[2026-04-03T16:28:35.050+0000] {spark_submit.py:491} INFO - (spark.hadoop.fs.s3a.impl,org.apache.hadoop.fs.s3a.S3AFileSystem)
[2026-04-03T16:28:35.050+0000] {spark_submit.py:491} INFO - (spark.hadoop.fs.s3a.path.style.access,true)
[2026-04-03T16:28:35.050+0000] {spark_submit.py:491} INFO - (spark.hadoop.fs.s3a.secret.key,*********(redacted))
[2026-04-03T16:28:35.050+0000] {spark_submit.py:491} INFO - (spark.jars,file:///opt/airflow/etl/jars/hadoop-aws-3.3.2.jar,file:///opt/airflow/etl/jars/aws-java-sdk-bundle-1.11.1026.jar,file:///opt/airflow/etl/jars/delta-core_2.12-2.3.0.jar,file:///opt/airflow/etl/jars/delta-storage-2.3.0.jar)
[2026-04-03T16:28:35.050+0000] {spark_submit.py:491} INFO - (spark.master,spark://spark-master:7077)
[2026-04-03T16:28:35.050+0000] {spark_submit.py:491} INFO - (spark.repl.local.jars,file:///opt/airflow/etl/jars/hadoop-aws-3.3.2.jar,file:///opt/airflow/etl/jars/aws-java-sdk-bundle-1.11.1026.jar,file:///opt/airflow/etl/jars/delta-core_2.12-2.3.0.jar,file:///opt/airflow/etl/jars/delta-storage-2.3.0.jar)
[2026-04-03T16:28:35.050+0000] {spark_submit.py:491} INFO - (spark.sql.catalog.spark_catalog,org.apache.spark.sql.delta.catalog.DeltaCatalog)
[2026-04-03T16:28:35.050+0000] {spark_submit.py:491} INFO - (spark.sql.extensions,io.delta.sql.DeltaSparkSessionExtension)
[2026-04-03T16:28:35.051+0000] {spark_submit.py:491} INFO - (spark.submit.deployMode,client)
[2026-04-03T16:28:35.051+0000] {spark_submit.py:491} INFO - (spark.submit.pyFiles,)
[2026-04-03T16:28:35.051+0000] {spark_submit.py:491} INFO - Classpath elements:
[2026-04-03T16:28:35.051+0000] {spark_submit.py:491} INFO - file:///opt/airflow/etl/jars/hadoop-aws-3.3.2.jar
[2026-04-03T16:28:35.051+0000] {spark_submit.py:491} INFO - file:///opt/airflow/etl/jars/aws-java-sdk-bundle-1.11.1026.jar
[2026-04-03T16:28:35.051+0000] {spark_submit.py:491} INFO - file:///opt/airflow/etl/jars/delta-core_2.12-2.3.0.jar
[2026-04-03T16:28:35.051+0000] {spark_submit.py:491} INFO - file:///opt/airflow/etl/jars/delta-storage-2.3.0.jar
[2026-04-03T16:28:35.051+0000] {spark_submit.py:491} INFO - 
[2026-04-03T16:28:35.051+0000] {spark_submit.py:491} INFO - 
[2026-04-03T16:28:35.975+0000] {spark_submit.py:491} INFO - INFO:__main__:Khởi tạo Spark Job cho bảng: customers
[2026-04-03T16:28:36.068+0000] {spark_submit.py:491} INFO - 26/04/03 16:28:36 INFO SparkContext: Running Spark version 3.3.2
[2026-04-03T16:28:36.098+0000] {spark_submit.py:491} INFO - 26/04/03 16:28:36 INFO ResourceUtils: ==============================================================
[2026-04-03T16:28:36.098+0000] {spark_submit.py:491} INFO - 26/04/03 16:28:36 INFO ResourceUtils: No custom resources configured for spark.driver.
[2026-04-03T16:28:36.099+0000] {spark_submit.py:491} INFO - 26/04/03 16:28:36 INFO ResourceUtils: ==============================================================
[2026-04-03T16:28:36.099+0000] {spark_submit.py:491} INFO - 26/04/03 16:28:36 INFO SparkContext: Submitted application: Silver_Processor_customers
[2026-04-03T16:28:36.120+0000] {spark_submit.py:491} INFO - 26/04/03 16:28:36 INFO ResourceProfile: Default ResourceProfile created, executor resources: Map(cores -> name: cores, amount: 1, script: , vendor: , memory -> name: memory, amount: 1024, script: , vendor: , offHeap -> name: offHeap, amount: 0, script: , vendor: ), task resources: Map(cpus -> name: cpus, amount: 1.0)
[2026-04-03T16:28:36.137+0000] {spark_submit.py:491} INFO - 26/04/03 16:28:36 INFO ResourceProfile: Limiting resource is cpus at 1 tasks per executor
[2026-04-03T16:28:36.140+0000] {spark_submit.py:491} INFO - 26/04/03 16:28:36 INFO ResourceProfileManager: Added ResourceProfile id: 0
[2026-04-03T16:28:36.195+0000] {spark_submit.py:491} INFO - 26/04/03 16:28:36 INFO SecurityManager: Changing view acls to: airflow
[2026-04-03T16:28:36.196+0000] {spark_submit.py:491} INFO - 26/04/03 16:28:36 INFO SecurityManager: Changing modify acls to: airflow
[2026-04-03T16:28:36.196+0000] {spark_submit.py:491} INFO - 26/04/03 16:28:36 INFO SecurityManager: Changing view acls groups to:
[2026-04-03T16:28:36.197+0000] {spark_submit.py:491} INFO - 26/04/03 16:28:36 INFO SecurityManager: Changing modify acls groups to:
[2026-04-03T16:28:36.197+0000] {spark_submit.py:491} INFO - 26/04/03 16:28:36 INFO SecurityManager: SecurityManager: authentication disabled; ui acls disabled; users  with view permissions: Set(airflow); groups with view permissions: Set(); users  with modify permissions: Set(airflow); groups with modify permissions: Set()
[2026-04-03T16:28:36.451+0000] {spark_submit.py:491} INFO - 26/04/03 16:28:36 INFO Utils: Successfully started service 'sparkDriver' on port 34517.
[2026-04-03T16:28:36.481+0000] {spark_submit.py:491} INFO - 26/04/03 16:28:36 INFO SparkEnv: Registering MapOutputTracker
[2026-04-03T16:28:36.529+0000] {spark_submit.py:491} INFO - 26/04/03 16:28:36 INFO SparkEnv: Registering BlockManagerMaster
[2026-04-03T16:28:36.555+0000] {spark_submit.py:491} INFO - 26/04/03 16:28:36 INFO BlockManagerMasterEndpoint: Using org.apache.spark.storage.DefaultTopologyMapper for getting topology information
[2026-04-03T16:28:36.556+0000] {spark_submit.py:491} INFO - 26/04/03 16:28:36 INFO BlockManagerMasterEndpoint: BlockManagerMasterEndpoint up
[2026-04-03T16:28:36.561+0000] {spark_submit.py:491} INFO - 26/04/03 16:28:36 INFO SparkEnv: Registering BlockManagerMasterHeartbeat
[2026-04-03T16:28:36.584+0000] {spark_submit.py:491} INFO - 26/04/03 16:28:36 INFO DiskBlockManager: Created local directory at /tmp/blockmgr-25381e84-77fe-44bc-8a59-5e6805509523
[2026-04-03T16:28:36.611+0000] {spark_submit.py:491} INFO - 26/04/03 16:28:36 INFO MemoryStore: MemoryStore started with capacity 127.2 MiB
[2026-04-03T16:28:36.633+0000] {spark_submit.py:491} INFO - 26/04/03 16:28:36 INFO SparkEnv: Registering OutputCommitCoordinator
[2026-04-03T16:28:36.849+0000] {spark_submit.py:491} INFO - 26/04/03 16:28:36 INFO Utils: Successfully started service 'SparkUI' on port 4040.
[2026-04-03T16:28:36.883+0000] {spark_submit.py:491} INFO - 26/04/03 16:28:36 INFO SparkContext: Added JAR file:///opt/airflow/etl/jars/hadoop-aws-3.3.2.jar at spark://f094757a841d:34517/jars/hadoop-aws-3.3.2.jar with timestamp 1775233716056
[2026-04-03T16:28:36.883+0000] {spark_submit.py:491} INFO - 26/04/03 16:28:36 INFO SparkContext: Added JAR file:///opt/airflow/etl/jars/aws-java-sdk-bundle-1.11.1026.jar at spark://f094757a841d:34517/jars/aws-java-sdk-bundle-1.11.1026.jar with timestamp 1775233716056
[2026-04-03T16:28:36.884+0000] {spark_submit.py:491} INFO - 26/04/03 16:28:36 INFO SparkContext: Added JAR file:///opt/airflow/etl/jars/delta-core_2.12-2.3.0.jar at spark://f094757a841d:34517/jars/delta-core_2.12-2.3.0.jar with timestamp 1775233716056
[2026-04-03T16:28:36.884+0000] {spark_submit.py:491} INFO - 26/04/03 16:28:36 INFO SparkContext: Added JAR file:///opt/airflow/etl/jars/delta-storage-2.3.0.jar at spark://f094757a841d:34517/jars/delta-storage-2.3.0.jar with timestamp 1775233716056
[2026-04-03T16:28:36.978+0000] {spark_submit.py:491} INFO - 26/04/03 16:28:36 INFO StandaloneAppClient$ClientEndpoint: Connecting to master spark://spark-master:7077...
[2026-04-03T16:28:37.023+0000] {spark_submit.py:491} INFO - 26/04/03 16:28:37 INFO TransportClientFactory: Successfully created connection to spark-master/172.18.0.6:7077 after 27 ms (0 ms spent in bootstraps)
[2026-04-03T16:28:37.117+0000] {spark_submit.py:491} INFO - 26/04/03 16:28:37 INFO StandaloneSchedulerBackend: Connected to Spark cluster with app ID app-20260403162837-0001
[2026-04-03T16:28:37.121+0000] {spark_submit.py:491} INFO - 26/04/03 16:28:37 INFO StandaloneAppClient$ClientEndpoint: Executor added: app-20260403162837-0001/0 on worker-20260403162332-172.18.0.12-38281 (172.18.0.12:38281) with 1 core(s)
[2026-04-03T16:28:37.125+0000] {spark_submit.py:491} INFO - 26/04/03 16:28:37 INFO StandaloneSchedulerBackend: Granted executor ID app-20260403162837-0001/0 on hostPort 172.18.0.12:38281 with 1 core(s), 1024.0 MiB RAM
[2026-04-03T16:28:37.126+0000] {spark_submit.py:491} INFO - 26/04/03 16:28:37 INFO StandaloneAppClient$ClientEndpoint: Executor added: app-20260403162837-0001/1 on worker-20260403162332-172.18.0.12-38281 (172.18.0.12:38281) with 1 core(s)
[2026-04-03T16:28:37.127+0000] {spark_submit.py:491} INFO - 26/04/03 16:28:37 INFO StandaloneSchedulerBackend: Granted executor ID app-20260403162837-0001/1 on hostPort 172.18.0.12:38281 with 1 core(s), 1024.0 MiB RAM
[2026-04-03T16:28:37.127+0000] {spark_submit.py:491} INFO - 26/04/03 16:28:37 INFO StandaloneAppClient$ClientEndpoint: Executor added: app-20260403162837-0001/2 on worker-20260403162332-172.18.0.12-38281 (172.18.0.12:38281) with 1 core(s)
[2026-04-03T16:28:37.128+0000] {spark_submit.py:491} INFO - 26/04/03 16:28:37 INFO StandaloneSchedulerBackend: Granted executor ID app-20260403162837-0001/2 on hostPort 172.18.0.12:38281 with 1 core(s), 1024.0 MiB RAM
[2026-04-03T16:28:37.128+0000] {spark_submit.py:491} INFO - 26/04/03 16:28:37 INFO StandaloneAppClient$ClientEndpoint: Executor added: app-20260403162837-0001/3 on worker-20260403162332-172.18.0.12-38281 (172.18.0.12:38281) with 1 core(s)
[2026-04-03T16:28:37.131+0000] {spark_submit.py:491} INFO - 26/04/03 16:28:37 INFO StandaloneSchedulerBackend: Granted executor ID app-20260403162837-0001/3 on hostPort 172.18.0.12:38281 with 1 core(s), 1024.0 MiB RAM
[2026-04-03T16:28:37.132+0000] {spark_submit.py:491} INFO - 26/04/03 16:28:37 INFO StandaloneAppClient$ClientEndpoint: Executor added: app-20260403162837-0001/4 on worker-20260403162332-172.18.0.12-38281 (172.18.0.12:38281) with 1 core(s)
[2026-04-03T16:28:37.132+0000] {spark_submit.py:491} INFO - 26/04/03 16:28:37 INFO StandaloneSchedulerBackend: Granted executor ID app-20260403162837-0001/4 on hostPort 172.18.0.12:38281 with 1 core(s), 1024.0 MiB RAM
[2026-04-03T16:28:37.133+0000] {spark_submit.py:491} INFO - 26/04/03 16:28:37 INFO StandaloneAppClient$ClientEndpoint: Executor added: app-20260403162837-0001/5 on worker-20260403162332-172.18.0.12-38281 (172.18.0.12:38281) with 1 core(s)
[2026-04-03T16:28:37.137+0000] {spark_submit.py:491} INFO - 26/04/03 16:28:37 INFO Utils: Successfully started service 'org.apache.spark.network.netty.NettyBlockTransferService' on port 39279.
[2026-04-03T16:28:37.139+0000] {spark_submit.py:491} INFO - 26/04/03 16:28:37 INFO NettyBlockTransferService: Server created on f094757a841d:39279
[2026-04-03T16:28:37.139+0000] {spark_submit.py:491} INFO - 26/04/03 16:28:37 INFO StandaloneSchedulerBackend: Granted executor ID app-20260403162837-0001/5 on hostPort 172.18.0.12:38281 with 1 core(s), 1024.0 MiB RAM
[2026-04-03T16:28:37.139+0000] {spark_submit.py:491} INFO - 26/04/03 16:28:37 INFO StandaloneAppClient$ClientEndpoint: Executor added: app-20260403162837-0001/6 on worker-20260403162332-172.18.0.12-38281 (172.18.0.12:38281) with 1 core(s)
[2026-04-03T16:28:37.139+0000] {spark_submit.py:491} INFO - 26/04/03 16:28:37 INFO StandaloneSchedulerBackend: Granted executor ID app-20260403162837-0001/6 on hostPort 172.18.0.12:38281 with 1 core(s), 1024.0 MiB RAM
[2026-04-03T16:28:37.140+0000] {spark_submit.py:491} INFO - 26/04/03 16:28:37 INFO StandaloneAppClient$ClientEndpoint: Executor added: app-20260403162837-0001/7 on worker-20260403162332-172.18.0.12-38281 (172.18.0.12:38281) with 1 core(s)
[2026-04-03T16:28:37.141+0000] {spark_submit.py:491} INFO - 26/04/03 16:28:37 INFO BlockManager: Using org.apache.spark.storage.RandomBlockReplicationPolicy for block replication policy
[2026-04-03T16:28:37.144+0000] {spark_submit.py:491} INFO - 26/04/03 16:28:37 INFO StandaloneSchedulerBackend: Granted executor ID app-20260403162837-0001/7 on hostPort 172.18.0.12:38281 with 1 core(s), 1024.0 MiB RAM
[2026-04-03T16:28:37.144+0000] {spark_submit.py:491} INFO - 26/04/03 16:28:37 INFO StandaloneAppClient$ClientEndpoint: Executor added: app-20260403162837-0001/8 on worker-20260403162332-172.18.0.12-38281 (172.18.0.12:38281) with 1 core(s)
[2026-04-03T16:28:37.145+0000] {spark_submit.py:491} INFO - 26/04/03 16:28:37 INFO StandaloneSchedulerBackend: Granted executor ID app-20260403162837-0001/8 on hostPort 172.18.0.12:38281 with 1 core(s), 1024.0 MiB RAM
[2026-04-03T16:28:37.145+0000] {spark_submit.py:491} INFO - 26/04/03 16:28:37 INFO StandaloneAppClient$ClientEndpoint: Executor added: app-20260403162837-0001/9 on worker-20260403162332-172.18.0.12-38281 (172.18.0.12:38281) with 1 core(s)
[2026-04-03T16:28:37.146+0000] {spark_submit.py:491} INFO - 26/04/03 16:28:37 INFO StandaloneSchedulerBackend: Granted executor ID app-20260403162837-0001/9 on hostPort 172.18.0.12:38281 with 1 core(s), 1024.0 MiB RAM
[2026-04-03T16:28:37.150+0000] {spark_submit.py:491} INFO - 26/04/03 16:28:37 INFO StandaloneAppClient$ClientEndpoint: Executor added: app-20260403162837-0001/10 on worker-20260403162332-172.18.0.12-38281 (172.18.0.12:38281) with 1 core(s)
[2026-04-03T16:28:37.150+0000] {spark_submit.py:491} INFO - 26/04/03 16:28:37 INFO StandaloneSchedulerBackend: Granted executor ID app-20260403162837-0001/10 on hostPort 172.18.0.12:38281 with 1 core(s), 1024.0 MiB RAM
[2026-04-03T16:28:37.151+0000] {spark_submit.py:491} INFO - 26/04/03 16:28:37 INFO StandaloneAppClient$ClientEndpoint: Executor added: app-20260403162837-0001/11 on worker-20260403162332-172.18.0.12-38281 (172.18.0.12:38281) with 1 core(s)
[2026-04-03T16:28:37.152+0000] {spark_submit.py:491} INFO - 26/04/03 16:28:37 INFO StandaloneSchedulerBackend: Granted executor ID app-20260403162837-0001/11 on hostPort 172.18.0.12:38281 with 1 core(s), 1024.0 MiB RAM
[2026-04-03T16:28:37.163+0000] {spark_submit.py:491} INFO - 26/04/03 16:28:37 INFO BlockManagerMaster: Registering BlockManager BlockManagerId(driver, f094757a841d, 39279, None)
[2026-04-03T16:28:37.171+0000] {spark_submit.py:491} INFO - 26/04/03 16:28:37 INFO BlockManagerMasterEndpoint: Registering block manager f094757a841d:39279 with 127.2 MiB RAM, BlockManagerId(driver, f094757a841d, 39279, None)
[2026-04-03T16:28:37.176+0000] {spark_submit.py:491} INFO - 26/04/03 16:28:37 INFO BlockManagerMaster: Registered BlockManager BlockManagerId(driver, f094757a841d, 39279, None)
[2026-04-03T16:28:37.179+0000] {spark_submit.py:491} INFO - 26/04/03 16:28:37 INFO BlockManager: Initialized BlockManager: BlockManagerId(driver, f094757a841d, 39279, None)
[2026-04-03T16:28:37.220+0000] {spark_submit.py:491} INFO - 26/04/03 16:28:37 INFO StandaloneAppClient$ClientEndpoint: Executor updated: app-20260403162837-0001/2 is now RUNNING
[2026-04-03T16:28:37.221+0000] {spark_submit.py:491} INFO - 26/04/03 16:28:37 INFO StandaloneAppClient$ClientEndpoint: Executor updated: app-20260403162837-0001/1 is now RUNNING
[2026-04-03T16:28:37.244+0000] {spark_submit.py:491} INFO - 26/04/03 16:28:37 INFO StandaloneAppClient$ClientEndpoint: Executor updated: app-20260403162837-0001/6 is now RUNNING
[2026-04-03T16:28:37.273+0000] {spark_submit.py:491} INFO - 26/04/03 16:28:37 INFO StandaloneAppClient$ClientEndpoint: Executor updated: app-20260403162837-0001/4 is now RUNNING
[2026-04-03T16:28:37.295+0000] {spark_submit.py:491} INFO - 26/04/03 16:28:37 INFO StandaloneAppClient$ClientEndpoint: Executor updated: app-20260403162837-0001/3 is now RUNNING
[2026-04-03T16:28:37.312+0000] {spark_submit.py:491} INFO - 26/04/03 16:28:37 INFO StandaloneAppClient$ClientEndpoint: Executor updated: app-20260403162837-0001/7 is now RUNNING
[2026-04-03T16:28:37.325+0000] {spark_submit.py:491} INFO - 26/04/03 16:28:37 INFO StandaloneAppClient$ClientEndpoint: Executor updated: app-20260403162837-0001/9 is now RUNNING
[2026-04-03T16:28:37.334+0000] {spark_submit.py:491} INFO - 26/04/03 16:28:37 INFO StandaloneAppClient$ClientEndpoint: Executor updated: app-20260403162837-0001/5 is now RUNNING
[2026-04-03T16:28:37.342+0000] {spark_submit.py:491} INFO - 26/04/03 16:28:37 INFO StandaloneAppClient$ClientEndpoint: Executor updated: app-20260403162837-0001/0 is now RUNNING
[2026-04-03T16:28:37.346+0000] {spark_submit.py:491} INFO - 26/04/03 16:28:37 INFO StandaloneAppClient$ClientEndpoint: Executor updated: app-20260403162837-0001/8 is now RUNNING
[2026-04-03T16:28:37.353+0000] {spark_submit.py:491} INFO - 26/04/03 16:28:37 INFO StandaloneAppClient$ClientEndpoint: Executor updated: app-20260403162837-0001/10 is now RUNNING
[2026-04-03T16:28:37.366+0000] {spark_submit.py:491} INFO - 26/04/03 16:28:37 INFO StandaloneAppClient$ClientEndpoint: Executor updated: app-20260403162837-0001/11 is now RUNNING
[2026-04-03T16:28:37.722+0000] {spark_submit.py:491} INFO - 26/04/03 16:28:37 INFO StandaloneSchedulerBackend: SchedulerBackend is ready for scheduling beginning after reached minRegisteredResourcesRatio: 0.0
[2026-04-03T16:28:39.830+0000] {spark_submit.py:491} INFO - INFO:silver_processor: Bắt đầu xử lý lớp Silver cho bảng: customers | Chế độ CDC: False
[2026-04-03T16:28:39.831+0000] {spark_submit.py:491} INFO - INFO:silver_processor: Bắt đầu quét Data Nóng từ Bronze...
[2026-04-03T16:28:40.344+0000] {spark_submit.py:491} INFO - 26/04/03 16:28:40 WARN MetricsConfig: Cannot locate configuration: tried hadoop-metrics2-s3a-file-system.properties,hadoop-metrics2.properties
[2026-04-03T16:28:59.191+0000] {spark_submit.py:491} INFO - 26/04/03 16:28:59 WARN TaskSetManager: Lost task 0.0 in stage 0.0 (TID 0) (172.18.0.12 executor 8): org.apache.spark.sql.AnalysisException: Illegal Parquet type: INT64 (TIMESTAMP(NANOS,false))
[2026-04-03T16:28:59.191+0000] {spark_submit.py:491} INFO - at org.apache.spark.sql.errors.QueryCompilationErrors$.illegalParquetTypeError(QueryCompilationErrors.scala:1317)
[2026-04-03T16:28:59.191+0000] {spark_submit.py:491} INFO - at org.apache.spark.sql.execution.datasources.parquet.ParquetToSparkSchemaConverter.illegalType$1(ParquetSchemaConverter.scala:191)
[2026-04-03T16:28:59.191+0000] {spark_submit.py:491} INFO - at org.apache.spark.sql.execution.datasources.parquet.ParquetToSparkSchemaConverter.$anonfun$convertPrimitiveField$2(ParquetSchemaConverter.scala:269)
[2026-04-03T16:28:59.191+0000] {spark_submit.py:491} INFO - at scala.Option.getOrElse(Option.scala:189)
[2026-04-03T16:28:59.191+0000] {spark_submit.py:491} INFO - at org.apache.spark.sql.execution.datasources.parquet.ParquetToSparkSchemaConverter.convertPrimitiveField(ParquetSchemaConverter.scala:209)
[2026-04-03T16:28:59.191+0000] {spark_submit.py:491} INFO - at org.apache.spark.sql.execution.datasources.parquet.ParquetToSparkSchemaConverter.convertField(ParquetSchemaConverter.scala:173)
[2026-04-03T16:28:59.191+0000] {spark_submit.py:491} INFO - at org.apache.spark.sql.execution.datasources.parquet.ParquetToSparkSchemaConverter.$anonfun$convertInternal$3(ParquetSchemaConverter.scala:138)
[2026-04-03T16:28:59.192+0000] {spark_submit.py:491} INFO - at org.apache.spark.sql.execution.datasources.parquet.ParquetToSparkSchemaConverter.$anonfun$convertInternal$3$adapted(ParquetSchemaConverter.scala:108)
[2026-04-03T16:28:59.192+0000] {spark_submit.py:491} INFO - at scala.collection.TraversableLike.$anonfun$map$1(TraversableLike.scala:286)
[2026-04-03T16:28:59.192+0000] {spark_submit.py:491} INFO - at scala.collection.immutable.Range.foreach(Range.scala:158)
[2026-04-03T16:28:59.192+0000] {spark_submit.py:491} INFO - at scala.collection.TraversableLike.map(TraversableLike.scala:286)
[2026-04-03T16:28:59.192+0000] {spark_submit.py:491} INFO - at scala.collection.TraversableLike.map$(TraversableLike.scala:279)
[2026-04-03T16:28:59.192+0000] {spark_submit.py:491} INFO - at scala.collection.AbstractTraversable.map(Traversable.scala:108)
[2026-04-03T16:28:59.192+0000] {spark_submit.py:491} INFO - at org.apache.spark.sql.execution.datasources.parquet.ParquetToSparkSchemaConverter.convertInternal(ParquetSchemaConverter.scala:108)
[2026-04-03T16:28:59.192+0000] {spark_submit.py:491} INFO - at org.apache.spark.sql.execution.datasources.parquet.ParquetToSparkSchemaConverter.convert(ParquetSchemaConverter.scala:78)
[2026-04-03T16:28:59.192+0000] {spark_submit.py:491} INFO - at org.apache.spark.sql.execution.datasources.parquet.ParquetFileFormat$.$anonfun$readSchemaFromFooter$2(ParquetFileFormat.scala:577)
[2026-04-03T16:28:59.192+0000] {spark_submit.py:491} INFO - at scala.Option.getOrElse(Option.scala:189)
[2026-04-03T16:28:59.192+0000] {spark_submit.py:491} INFO - at org.apache.spark.sql.execution.datasources.parquet.ParquetFileFormat$.readSchemaFromFooter(ParquetFileFormat.scala:577)
[2026-04-03T16:28:59.192+0000] {spark_submit.py:491} INFO - at org.apache.spark.sql.execution.datasources.parquet.ParquetFileFormat$.$anonfun$mergeSchemasInParallel$2(ParquetFileFormat.scala:557)
[2026-04-03T16:28:59.193+0000] {spark_submit.py:491} INFO - at scala.collection.immutable.Stream.map(Stream.scala:418)
[2026-04-03T16:28:59.193+0000] {spark_submit.py:491} INFO - at org.apache.spark.sql.execution.datasources.parquet.ParquetFileFormat$.$anonfun$mergeSchemasInParallel$1(ParquetFileFormat.scala:557)
[2026-04-03T16:28:59.193+0000] {spark_submit.py:491} INFO - at org.apache.spark.sql.execution.datasources.parquet.ParquetFileFormat$.$anonfun$mergeSchemasInParallel$1$adapted(ParquetFileFormat.scala:549)
[2026-04-03T16:28:59.193+0000] {spark_submit.py:491} INFO - at org.apache.spark.sql.execution.datasources.SchemaMergeUtils$.$anonfun$mergeSchemasInParallel$2(SchemaMergeUtils.scala:76)
[2026-04-03T16:28:59.193+0000] {spark_submit.py:491} INFO - at org.apache.spark.rdd.RDD.$anonfun$mapPartitions$2(RDD.scala:855)
[2026-04-03T16:28:59.193+0000] {spark_submit.py:491} INFO - at org.apache.spark.rdd.RDD.$anonfun$mapPartitions$2$adapted(RDD.scala:855)
[2026-04-03T16:28:59.193+0000] {spark_submit.py:491} INFO - at org.apache.spark.rdd.MapPartitionsRDD.compute(MapPartitionsRDD.scala:52)
[2026-04-03T16:28:59.193+0000] {spark_submit.py:491} INFO - at org.apache.spark.rdd.RDD.computeOrReadCheckpoint(RDD.scala:365)
[2026-04-03T16:28:59.193+0000] {spark_submit.py:491} INFO - at org.apache.spark.rdd.RDD.iterator(RDD.scala:329)
[2026-04-03T16:28:59.193+0000] {spark_submit.py:491} INFO - at org.apache.spark.scheduler.ResultTask.runTask(ResultTask.scala:90)
[2026-04-03T16:28:59.193+0000] {spark_submit.py:491} INFO - at org.apache.spark.scheduler.Task.run(Task.scala:136)
[2026-04-03T16:28:59.193+0000] {spark_submit.py:491} INFO - at org.apache.spark.executor.Executor$TaskRunner.$anonfun$run$3(Executor.scala:548)
[2026-04-03T16:28:59.193+0000] {spark_submit.py:491} INFO - at org.apache.spark.util.Utils$.tryWithSafeFinally(Utils.scala:1504)
[2026-04-03T16:28:59.193+0000] {spark_submit.py:491} INFO - at org.apache.spark.executor.Executor$TaskRunner.run(Executor.scala:551)
[2026-04-03T16:28:59.194+0000] {spark_submit.py:491} INFO - at java.base/java.util.concurrent.ThreadPoolExecutor.runWorker(ThreadPoolExecutor.java:1128)
[2026-04-03T16:28:59.194+0000] {spark_submit.py:491} INFO - at java.base/java.util.concurrent.ThreadPoolExecutor$Worker.run(ThreadPoolExecutor.java:628)
[2026-04-03T16:28:59.194+0000] {spark_submit.py:491} INFO - at java.base/java.lang.Thread.run(Thread.java:829)
[2026-04-03T16:28:59.194+0000] {spark_submit.py:491} INFO - 
[2026-04-03T16:29:04.505+0000] {spark_submit.py:491} INFO - 26/04/03 16:29:04 ERROR TaskSetManager: Task 0 in stage 0.0 failed 4 times; aborting job
[2026-04-03T16:29:04.675+0000] {spark_submit.py:491} INFO - ERROR:__main__:Lỗi khi xử lý lớp Silver bảng customers: An error occurred while calling o47.load.
[2026-04-03T16:29:04.675+0000] {spark_submit.py:491} INFO - : org.apache.spark.SparkException: Job aborted due to stage failure: Task 0 in stage 0.0 failed 4 times, most recent failure: Lost task 0.3 in stage 0.0 (TID 3) (172.18.0.12 executor 9): org.apache.spark.sql.AnalysisException: Illegal Parquet type: INT64 (TIMESTAMP(NANOS,false))
[2026-04-03T16:29:04.675+0000] {spark_submit.py:491} INFO - at org.apache.spark.sql.errors.QueryCompilationErrors$.illegalParquetTypeError(QueryCompilationErrors.scala:1317)
[2026-04-03T16:29:04.675+0000] {spark_submit.py:491} INFO - at org.apache.spark.sql.execution.datasources.parquet.ParquetToSparkSchemaConverter.illegalType$1(ParquetSchemaConverter.scala:191)
[2026-04-03T16:29:04.676+0000] {spark_submit.py:491} INFO - at org.apache.spark.sql.execution.datasources.parquet.ParquetToSparkSchemaConverter.$anonfun$convertPrimitiveField$2(ParquetSchemaConverter.scala:269)
[2026-04-03T16:29:04.676+0000] {spark_submit.py:491} INFO - at scala.Option.getOrElse(Option.scala:189)
[2026-04-03T16:29:04.676+0000] {spark_submit.py:491} INFO - at org.apache.spark.sql.execution.datasources.parquet.ParquetToSparkSchemaConverter.convertPrimitiveField(ParquetSchemaConverter.scala:209)
[2026-04-03T16:29:04.676+0000] {spark_submit.py:491} INFO - at org.apache.spark.sql.execution.datasources.parquet.ParquetToSparkSchemaConverter.convertField(ParquetSchemaConverter.scala:173)
[2026-04-03T16:29:04.676+0000] {spark_submit.py:491} INFO - at org.apache.spark.sql.execution.datasources.parquet.ParquetToSparkSchemaConverter.$anonfun$convertInternal$3(ParquetSchemaConverter.scala:138)
[2026-04-03T16:29:04.676+0000] {spark_submit.py:491} INFO - at org.apache.spark.sql.execution.datasources.parquet.ParquetToSparkSchemaConverter.$anonfun$convertInternal$3$adapted(ParquetSchemaConverter.scala:108)
[2026-04-03T16:29:04.676+0000] {spark_submit.py:491} INFO - at scala.collection.TraversableLike.$anonfun$map$1(TraversableLike.scala:286)
[2026-04-03T16:29:04.676+0000] {spark_submit.py:491} INFO - at scala.collection.immutable.Range.foreach(Range.scala:158)
[2026-04-03T16:29:04.676+0000] {spark_submit.py:491} INFO - at scala.collection.TraversableLike.map(TraversableLike.scala:286)
[2026-04-03T16:29:04.676+0000] {spark_submit.py:491} INFO - at scala.collection.TraversableLike.map$(TraversableLike.scala:279)
[2026-04-03T16:29:04.676+0000] {spark_submit.py:491} INFO - at scala.collection.AbstractTraversable.map(Traversable.scala:108)
[2026-04-03T16:29:04.676+0000] {spark_submit.py:491} INFO - at org.apache.spark.sql.execution.datasources.parquet.ParquetToSparkSchemaConverter.convertInternal(ParquetSchemaConverter.scala:108)
[2026-04-03T16:29:04.676+0000] {spark_submit.py:491} INFO - at org.apache.spark.sql.execution.datasources.parquet.ParquetToSparkSchemaConverter.convert(ParquetSchemaConverter.scala:78)
[2026-04-03T16:29:04.677+0000] {spark_submit.py:491} INFO - at org.apache.spark.sql.execution.datasources.parquet.ParquetFileFormat$.$anonfun$readSchemaFromFooter$2(ParquetFileFormat.scala:577)
[2026-04-03T16:29:04.677+0000] {spark_submit.py:491} INFO - at scala.Option.getOrElse(Option.scala:189)
[2026-04-03T16:29:04.677+0000] {spark_submit.py:491} INFO - at org.apache.spark.sql.execution.datasources.parquet.ParquetFileFormat$.readSchemaFromFooter(ParquetFileFormat.scala:577)
[2026-04-03T16:29:04.677+0000] {spark_submit.py:491} INFO - at org.apache.spark.sql.execution.datasources.parquet.ParquetFileFormat$.$anonfun$mergeSchemasInParallel$2(ParquetFileFormat.scala:557)
[2026-04-03T16:29:04.677+0000] {spark_submit.py:491} INFO - at scala.collection.immutable.Stream.map(Stream.scala:418)
[2026-04-03T16:29:04.677+0000] {spark_submit.py:491} INFO - at org.apache.spark.sql.execution.datasources.parquet.ParquetFileFormat$.$anonfun$mergeSchemasInParallel$1(ParquetFileFormat.scala:557)
[2026-04-03T16:29:04.677+0000] {spark_submit.py:491} INFO - at org.apache.spark.sql.execution.datasources.parquet.ParquetFileFormat$.$anonfun$mergeSchemasInParallel$1$adapted(ParquetFileFormat.scala:549)
[2026-04-03T16:29:04.677+0000] {spark_submit.py:491} INFO - at org.apache.spark.sql.execution.datasources.SchemaMergeUtils$.$anonfun$mergeSchemasInParallel$2(SchemaMergeUtils.scala:76)
[2026-04-03T16:29:04.677+0000] {spark_submit.py:491} INFO - at org.apache.spark.rdd.RDD.$anonfun$mapPartitions$2(RDD.scala:855)
[2026-04-03T16:29:04.677+0000] {spark_submit.py:491} INFO - at org.apache.spark.rdd.RDD.$anonfun$mapPartitions$2$adapted(RDD.scala:855)
[2026-04-03T16:29:04.677+0000] {spark_submit.py:491} INFO - at org.apache.spark.rdd.MapPartitionsRDD.compute(MapPartitionsRDD.scala:52)
[2026-04-03T16:29:04.677+0000] {spark_submit.py:491} INFO - at org.apache.spark.rdd.RDD.computeOrReadCheckpoint(RDD.scala:365)
[2026-04-03T16:29:04.677+0000] {spark_submit.py:491} INFO - at org.apache.spark.rdd.RDD.iterator(RDD.scala:329)
[2026-04-03T16:29:04.677+0000] {spark_submit.py:491} INFO - at org.apache.spark.scheduler.ResultTask.runTask(ResultTask.scala:90)
[2026-04-03T16:29:04.677+0000] {spark_submit.py:491} INFO - at org.apache.spark.scheduler.Task.run(Task.scala:136)
[2026-04-03T16:29:04.677+0000] {spark_submit.py:491} INFO - at org.apache.spark.executor.Executor$TaskRunner.$anonfun$run$3(Executor.scala:548)
[2026-04-03T16:29:04.678+0000] {spark_submit.py:491} INFO - at org.apache.spark.util.Utils$.tryWithSafeFinally(Utils.scala:1504)
[2026-04-03T16:29:04.678+0000] {spark_submit.py:491} INFO - at org.apache.spark.executor.Executor$TaskRunner.run(Executor.scala:551)
[2026-04-03T16:29:04.678+0000] {spark_submit.py:491} INFO - at java.base/java.util.concurrent.ThreadPoolExecutor.runWorker(ThreadPoolExecutor.java:1128)
[2026-04-03T16:29:04.678+0000] {spark_submit.py:491} INFO - at java.base/java.util.concurrent.ThreadPoolExecutor$Worker.run(ThreadPoolExecutor.java:628)
[2026-04-03T16:29:04.678+0000] {spark_submit.py:491} INFO - at java.base/java.lang.Thread.run(Thread.java:829)
[2026-04-03T16:29:04.678+0000] {spark_submit.py:491} INFO - 
[2026-04-03T16:29:04.678+0000] {spark_submit.py:491} INFO - Driver stacktrace:
[2026-04-03T16:29:04.678+0000] {spark_submit.py:491} INFO - at org.apache.spark.scheduler.DAGScheduler.failJobAndIndependentStages(DAGScheduler.scala:2672)
[2026-04-03T16:29:04.678+0000] {spark_submit.py:491} INFO - at org.apache.spark.scheduler.DAGScheduler.$anonfun$abortStage$2(DAGScheduler.scala:2608)
[2026-04-03T16:29:04.678+0000] {spark_submit.py:491} INFO - at org.apache.spark.scheduler.DAGScheduler.$anonfun$abortStage$2$adapted(DAGScheduler.scala:2607)
[2026-04-03T16:29:04.678+0000] {spark_submit.py:491} INFO - at scala.collection.mutable.ResizableArray.foreach(ResizableArray.scala:62)
[2026-04-03T16:29:04.678+0000] {spark_submit.py:491} INFO - at scala.collection.mutable.ResizableArray.foreach$(ResizableArray.scala:55)
[2026-04-03T16:29:04.678+0000] {spark_submit.py:491} INFO - at scala.collection.mutable.ArrayBuffer.foreach(ArrayBuffer.scala:49)
[2026-04-03T16:29:04.678+0000] {spark_submit.py:491} INFO - at org.apache.spark.scheduler.DAGScheduler.abortStage(DAGScheduler.scala:2607)
[2026-04-03T16:29:04.678+0000] {spark_submit.py:491} INFO - at org.apache.spark.scheduler.DAGScheduler.$anonfun$handleTaskSetFailed$1(DAGScheduler.scala:1182)
[2026-04-03T16:29:04.678+0000] {spark_submit.py:491} INFO - at org.apache.spark.scheduler.DAGScheduler.$anonfun$handleTaskSetFailed$1$adapted(DAGScheduler.scala:1182)
[2026-04-03T16:29:04.678+0000] {spark_submit.py:491} INFO - at scala.Option.foreach(Option.scala:407)
[2026-04-03T16:29:04.678+0000] {spark_submit.py:491} INFO - at org.apache.spark.scheduler.DAGScheduler.handleTaskSetFailed(DAGScheduler.scala:1182)
[2026-04-03T16:29:04.679+0000] {spark_submit.py:491} INFO - at org.apache.spark.scheduler.DAGSchedulerEventProcessLoop.doOnReceive(DAGScheduler.scala:2860)
[2026-04-03T16:29:04.679+0000] {spark_submit.py:491} INFO - at org.apache.spark.scheduler.DAGSchedulerEventProcessLoop.onReceive(DAGScheduler.scala:2802)
[2026-04-03T16:29:04.679+0000] {spark_submit.py:491} INFO - at org.apache.spark.scheduler.DAGSchedulerEventProcessLoop.onReceive(DAGScheduler.scala:2791)
[2026-04-03T16:29:04.679+0000] {spark_submit.py:491} INFO - at org.apache.spark.util.EventLoop$$anon$1.run(EventLoop.scala:49)
[2026-04-03T16:29:04.679+0000] {spark_submit.py:491} INFO - at org.apache.spark.scheduler.DAGScheduler.runJob(DAGScheduler.scala:952)
[2026-04-03T16:29:04.679+0000] {spark_submit.py:491} INFO - at org.apache.spark.SparkContext.runJob(SparkContext.scala:2238)
[2026-04-03T16:29:04.679+0000] {spark_submit.py:491} INFO - at org.apache.spark.SparkContext.runJob(SparkContext.scala:2259)
[2026-04-03T16:29:04.679+0000] {spark_submit.py:491} INFO - at org.apache.spark.SparkContext.runJob(SparkContext.scala:2278)
[2026-04-03T16:29:04.679+0000] {spark_submit.py:491} INFO - at org.apache.spark.SparkContext.runJob(SparkContext.scala:2303)
[2026-04-03T16:29:04.679+0000] {spark_submit.py:491} INFO - at org.apache.spark.rdd.RDD.$anonfun$collect$1(RDD.scala:1021)
[2026-04-03T16:29:04.679+0000] {spark_submit.py:491} INFO - at org.apache.spark.rdd.RDDOperationScope$.withScope(RDDOperationScope.scala:151)
[2026-04-03T16:29:04.679+0000] {spark_submit.py:491} INFO - at org.apache.spark.rdd.RDDOperationScope$.withScope(RDDOperationScope.scala:112)
[2026-04-03T16:29:04.679+0000] {spark_submit.py:491} INFO - at org.apache.spark.rdd.RDD.withScope(RDD.scala:406)
[2026-04-03T16:29:04.679+0000] {spark_submit.py:491} INFO - at org.apache.spark.rdd.RDD.collect(RDD.scala:1020)
[2026-04-03T16:29:04.679+0000] {spark_submit.py:491} INFO - at org.apache.spark.sql.execution.datasources.SchemaMergeUtils$.mergeSchemasInParallel(SchemaMergeUtils.scala:70)
[2026-04-03T16:29:04.679+0000] {spark_submit.py:491} INFO - at org.apache.spark.sql.execution.datasources.parquet.ParquetFileFormat$.mergeSchemasInParallel(ParquetFileFormat.scala:560)
[2026-04-03T16:29:04.680+0000] {spark_submit.py:491} INFO - at org.apache.spark.sql.execution.datasources.parquet.ParquetUtils$.inferSchema(ParquetUtils.scala:125)
[2026-04-03T16:29:04.680+0000] {spark_submit.py:491} INFO - at org.apache.spark.sql.execution.datasources.parquet.ParquetFileFormat.inferSchema(ParquetFileFormat.scala:171)
[2026-04-03T16:29:04.680+0000] {spark_submit.py:491} INFO - at org.apache.spark.sql.execution.datasources.DataSource.$anonfun$getOrInferFileFormatSchema$11(DataSource.scala:210)
[2026-04-03T16:29:04.680+0000] {spark_submit.py:491} INFO - at scala.Option.orElse(Option.scala:447)
[2026-04-03T16:29:04.680+0000] {spark_submit.py:491} INFO - at org.apache.spark.sql.execution.datasources.DataSource.getOrInferFileFormatSchema(DataSource.scala:207)
[2026-04-03T16:29:04.680+0000] {spark_submit.py:491} INFO - at org.apache.spark.sql.execution.datasources.DataSource.sourceSchema(DataSource.scala:262)
[2026-04-03T16:29:04.680+0000] {spark_submit.py:491} INFO - at org.apache.spark.sql.execution.datasources.DataSource.sourceInfo$lzycompute(DataSource.scala:118)
[2026-04-03T16:29:04.680+0000] {spark_submit.py:491} INFO - at org.apache.spark.sql.execution.datasources.DataSource.sourceInfo(DataSource.scala:118)
[2026-04-03T16:29:04.680+0000] {spark_submit.py:491} INFO - at org.apache.spark.sql.execution.streaming.StreamingRelation$.apply(StreamingRelation.scala:34)
[2026-04-03T16:29:04.680+0000] {spark_submit.py:491} INFO - at org.apache.spark.sql.streaming.DataStreamReader.loadInternal(DataStreamReader.scala:196)
[2026-04-03T16:29:04.680+0000] {spark_submit.py:491} INFO - at org.apache.spark.sql.streaming.DataStreamReader.load(DataStreamReader.scala:210)
[2026-04-03T16:29:04.680+0000] {spark_submit.py:491} INFO - at java.base/jdk.internal.reflect.NativeMethodAccessorImpl.invoke0(Native Method)
[2026-04-03T16:29:04.680+0000] {spark_submit.py:491} INFO - at java.base/jdk.internal.reflect.NativeMethodAccessorImpl.invoke(NativeMethodAccessorImpl.java:62)
[2026-04-03T16:29:04.680+0000] {spark_submit.py:491} INFO - at java.base/jdk.internal.reflect.DelegatingMethodAccessorImpl.invoke(DelegatingMethodAccessorImpl.java:43)
[2026-04-03T16:29:04.680+0000] {spark_submit.py:491} INFO - at java.base/java.lang.reflect.Method.invoke(Method.java:566)
[2026-04-03T16:29:04.680+0000] {spark_submit.py:491} INFO - at py4j.reflection.MethodInvoker.invoke(MethodInvoker.java:244)
[2026-04-03T16:29:04.680+0000] {spark_submit.py:491} INFO - at py4j.reflection.ReflectionEngine.invoke(ReflectionEngine.java:357)
[2026-04-03T16:29:04.681+0000] {spark_submit.py:491} INFO - at py4j.Gateway.invoke(Gateway.java:282)
[2026-04-03T16:29:04.681+0000] {spark_submit.py:491} INFO - at py4j.commands.AbstractCommand.invokeMethod(AbstractCommand.java:132)
[2026-04-03T16:29:04.681+0000] {spark_submit.py:491} INFO - at py4j.commands.CallCommand.execute(CallCommand.java:79)
[2026-04-03T16:29:04.681+0000] {spark_submit.py:491} INFO - at py4j.ClientServerConnection.waitForCommands(ClientServerConnection.java:182)
[2026-04-03T16:29:04.681+0000] {spark_submit.py:491} INFO - at py4j.ClientServerConnection.run(ClientServerConnection.java:106)
[2026-04-03T16:29:04.681+0000] {spark_submit.py:491} INFO - at java.base/java.lang.Thread.run(Thread.java:829)
[2026-04-03T16:29:04.681+0000] {spark_submit.py:491} INFO - Caused by: org.apache.spark.sql.AnalysisException: Illegal Parquet type: INT64 (TIMESTAMP(NANOS,false))
[2026-04-03T16:29:04.681+0000] {spark_submit.py:491} INFO - at org.apache.spark.sql.errors.QueryCompilationErrors$.illegalParquetTypeError(QueryCompilationErrors.scala:1317)
[2026-04-03T16:29:04.681+0000] {spark_submit.py:491} INFO - at org.apache.spark.sql.execution.datasources.parquet.ParquetToSparkSchemaConverter.illegalType$1(ParquetSchemaConverter.scala:191)
[2026-04-03T16:29:04.681+0000] {spark_submit.py:491} INFO - at org.apache.spark.sql.execution.datasources.parquet.ParquetToSparkSchemaConverter.$anonfun$convertPrimitiveField$2(ParquetSchemaConverter.scala:269)
[2026-04-03T16:29:04.681+0000] {spark_submit.py:491} INFO - at scala.Option.getOrElse(Option.scala:189)
[2026-04-03T16:29:04.681+0000] {spark_submit.py:491} INFO - at org.apache.spark.sql.execution.datasources.parquet.ParquetToSparkSchemaConverter.convertPrimitiveField(ParquetSchemaConverter.scala:209)
[2026-04-03T16:29:04.681+0000] {spark_submit.py:491} INFO - at org.apache.spark.sql.execution.datasources.parquet.ParquetToSparkSchemaConverter.convertField(ParquetSchemaConverter.scala:173)
[2026-04-03T16:29:04.681+0000] {spark_submit.py:491} INFO - at org.apache.spark.sql.execution.datasources.parquet.ParquetToSparkSchemaConverter.$anonfun$convertInternal$3(ParquetSchemaConverter.scala:138)
[2026-04-03T16:29:04.681+0000] {spark_submit.py:491} INFO - at org.apache.spark.sql.execution.datasources.parquet.ParquetToSparkSchemaConverter.$anonfun$convertInternal$3$adapted(ParquetSchemaConverter.scala:108)
[2026-04-03T16:29:04.681+0000] {spark_submit.py:491} INFO - at scala.collection.TraversableLike.$anonfun$map$1(TraversableLike.scala:286)
[2026-04-03T16:29:04.682+0000] {spark_submit.py:491} INFO - at scala.collection.immutable.Range.foreach(Range.scala:158)
[2026-04-03T16:29:04.682+0000] {spark_submit.py:491} INFO - at scala.collection.TraversableLike.map(TraversableLike.scala:286)
[2026-04-03T16:29:04.682+0000] {spark_submit.py:491} INFO - at scala.collection.TraversableLike.map$(TraversableLike.scala:279)
[2026-04-03T16:29:04.682+0000] {spark_submit.py:491} INFO - at scala.collection.AbstractTraversable.map(Traversable.scala:108)
[2026-04-03T16:29:04.682+0000] {spark_submit.py:491} INFO - at org.apache.spark.sql.execution.datasources.parquet.ParquetToSparkSchemaConverter.convertInternal(ParquetSchemaConverter.scala:108)
[2026-04-03T16:29:04.682+0000] {spark_submit.py:491} INFO - at org.apache.spark.sql.execution.datasources.parquet.ParquetToSparkSchemaConverter.convert(ParquetSchemaConverter.scala:78)
[2026-04-03T16:29:04.682+0000] {spark_submit.py:491} INFO - at org.apache.spark.sql.execution.datasources.parquet.ParquetFileFormat$.$anonfun$readSchemaFromFooter$2(ParquetFileFormat.scala:577)
[2026-04-03T16:29:04.682+0000] {spark_submit.py:491} INFO - at scala.Option.getOrElse(Option.scala:189)
[2026-04-03T16:29:04.682+0000] {spark_submit.py:491} INFO - at org.apache.spark.sql.execution.datasources.parquet.ParquetFileFormat$.readSchemaFromFooter(ParquetFileFormat.scala:577)
[2026-04-03T16:29:04.682+0000] {spark_submit.py:491} INFO - at org.apache.spark.sql.execution.datasources.parquet.ParquetFileFormat$.$anonfun$mergeSchemasInParallel$2(ParquetFileFormat.scala:557)
[2026-04-03T16:29:04.682+0000] {spark_submit.py:491} INFO - at scala.collection.immutable.Stream.map(Stream.scala:418)
[2026-04-03T16:29:04.682+0000] {spark_submit.py:491} INFO - at org.apache.spark.sql.execution.datasources.parquet.ParquetFileFormat$.$anonfun$mergeSchemasInParallel$1(ParquetFileFormat.scala:557)
[2026-04-03T16:29:04.682+0000] {spark_submit.py:491} INFO - at org.apache.spark.sql.execution.datasources.parquet.ParquetFileFormat$.$anonfun$mergeSchemasInParallel$1$adapted(ParquetFileFormat.scala:549)
[2026-04-03T16:29:04.682+0000] {spark_submit.py:491} INFO - at org.apache.spark.sql.execution.datasources.SchemaMergeUtils$.$anonfun$mergeSchemasInParallel$2(SchemaMergeUtils.scala:76)
[2026-04-03T16:29:04.682+0000] {spark_submit.py:491} INFO - at org.apache.spark.rdd.RDD.$anonfun$mapPartitions$2(RDD.scala:855)
[2026-04-03T16:29:04.682+0000] {spark_submit.py:491} INFO - at org.apache.spark.rdd.RDD.$anonfun$mapPartitions$2$adapted(RDD.scala:855)
[2026-04-03T16:29:04.683+0000] {spark_submit.py:491} INFO - at org.apache.spark.rdd.MapPartitionsRDD.compute(MapPartitionsRDD.scala:52)
[2026-04-03T16:29:04.683+0000] {spark_submit.py:491} INFO - at org.apache.spark.rdd.RDD.computeOrReadCheckpoint(RDD.scala:365)
[2026-04-03T16:29:04.683+0000] {spark_submit.py:491} INFO - at org.apache.spark.rdd.RDD.iterator(RDD.scala:329)
[2026-04-03T16:29:04.683+0000] {spark_submit.py:491} INFO - at org.apache.spark.scheduler.ResultTask.runTask(ResultTask.scala:90)
[2026-04-03T16:29:04.683+0000] {spark_submit.py:491} INFO - at org.apache.spark.scheduler.Task.run(Task.scala:136)
[2026-04-03T16:29:04.683+0000] {spark_submit.py:491} INFO - at org.apache.spark.executor.Executor$TaskRunner.$anonfun$run$3(Executor.scala:548)
[2026-04-03T16:29:04.683+0000] {spark_submit.py:491} INFO - at org.apache.spark.util.Utils$.tryWithSafeFinally(Utils.scala:1504)
[2026-04-03T16:29:04.683+0000] {spark_submit.py:491} INFO - at org.apache.spark.executor.Executor$TaskRunner.run(Executor.scala:551)
[2026-04-03T16:29:04.683+0000] {spark_submit.py:491} INFO - at java.base/java.util.concurrent.ThreadPoolExecutor.runWorker(ThreadPoolExecutor.java:1128)
[2026-04-03T16:29:04.683+0000] {spark_submit.py:491} INFO - at java.base/java.util.concurrent.ThreadPoolExecutor$Worker.run(ThreadPoolExecutor.java:628)
[2026-04-03T16:29:04.683+0000] {spark_submit.py:491} INFO - ... 1 more
[2026-04-03T16:29:04.683+0000] {spark_submit.py:491} INFO - 
[2026-04-03T16:29:05.314+0000] {spark_submit.py:491} INFO - Traceback (most recent call last):
[2026-04-03T16:29:05.314+0000] {spark_submit.py:491} INFO - File "/opt/airflow/etl/silver/main_silver.py", line 60, in <module>
[2026-04-03T16:29:05.314+0000] {spark_submit.py:491} INFO - raise e
[2026-04-03T16:29:05.314+0000] {spark_submit.py:491} INFO - File "/opt/airflow/etl/silver/main_silver.py", line 49, in <module>
[2026-04-03T16:29:05.314+0000] {spark_submit.py:491} INFO - process_silver_layer(
[2026-04-03T16:29:05.314+0000] {spark_submit.py:491} INFO - File "/opt/airflow/etl/silver/silver_processor.py", line 78, in process_silver_layer
[2026-04-03T16:29:05.315+0000] {spark_submit.py:491} INFO - .load(bronze_path)
[2026-04-03T16:29:05.315+0000] {spark_submit.py:491} INFO - File "/home/airflow/.local/lib/python3.10/site-packages/pyspark/python/lib/pyspark.zip/pyspark/sql/streaming.py", line 467, in load
[2026-04-03T16:29:05.315+0000] {spark_submit.py:491} INFO - File "/home/airflow/.local/lib/python3.10/site-packages/pyspark/python/lib/py4j-0.10.9.5-src.zip/py4j/java_gateway.py", line 1321, in __call__
[2026-04-03T16:29:05.315+0000] {spark_submit.py:491} INFO - File "/home/airflow/.local/lib/python3.10/site-packages/pyspark/python/lib/pyspark.zip/pyspark/sql/utils.py", line 190, in deco
[2026-04-03T16:29:05.315+0000] {spark_submit.py:491} INFO - File "/home/airflow/.local/lib/python3.10/site-packages/pyspark/python/lib/py4j-0.10.9.5-src.zip/py4j/protocol.py", line 326, in get_return_value
[2026-04-03T16:29:05.358+0000] {spark_submit.py:491} INFO - py4j.protocol.Py4JJavaError: An error occurred while calling o47.load.
[2026-04-03T16:29:05.358+0000] {spark_submit.py:491} INFO - : org.apache.spark.SparkException: Job aborted due to stage failure: Task 0 in stage 0.0 failed 4 times, most recent failure: Lost task 0.3 in stage 0.0 (TID 3) (172.18.0.12 executor 9): org.apache.spark.sql.AnalysisException: Illegal Parquet type: INT64 (TIMESTAMP(NANOS,false))
[2026-04-03T16:29:05.358+0000] {spark_submit.py:491} INFO - at org.apache.spark.sql.errors.QueryCompilationErrors$.illegalParquetTypeError(QueryCompilationErrors.scala:1317)
[2026-04-03T16:29:05.358+0000] {spark_submit.py:491} INFO - at org.apache.spark.sql.execution.datasources.parquet.ParquetToSparkSchemaConverter.illegalType$1(ParquetSchemaConverter.scala:191)
[2026-04-03T16:29:05.358+0000] {spark_submit.py:491} INFO - at org.apache.spark.sql.execution.datasources.parquet.ParquetToSparkSchemaConverter.$anonfun$convertPrimitiveField$2(ParquetSchemaConverter.scala:269)
[2026-04-03T16:29:05.358+0000] {spark_submit.py:491} INFO - at scala.Option.getOrElse(Option.scala:189)
[2026-04-03T16:29:05.358+0000] {spark_submit.py:491} INFO - at org.apache.spark.sql.execution.datasources.parquet.ParquetToSparkSchemaConverter.convertPrimitiveField(ParquetSchemaConverter.scala:209)
[2026-04-03T16:29:05.359+0000] {spark_submit.py:491} INFO - at org.apache.spark.sql.execution.datasources.parquet.ParquetToSparkSchemaConverter.convertField(ParquetSchemaConverter.scala:173)
[2026-04-03T16:29:05.359+0000] {spark_submit.py:491} INFO - at org.apache.spark.sql.execution.datasources.parquet.ParquetToSparkSchemaConverter.$anonfun$convertInternal$3(ParquetSchemaConverter.scala:138)
[2026-04-03T16:29:05.359+0000] {spark_submit.py:491} INFO - at org.apache.spark.sql.execution.datasources.parquet.ParquetToSparkSchemaConverter.$anonfun$convertInternal$3$adapted(ParquetSchemaConverter.scala:108)
[2026-04-03T16:29:05.359+0000] {spark_submit.py:491} INFO - at scala.collection.TraversableLike.$anonfun$map$1(TraversableLike.scala:286)
[2026-04-03T16:29:05.359+0000] {spark_submit.py:491} INFO - at scala.collection.immutable.Range.foreach(Range.scala:158)
[2026-04-03T16:29:05.359+0000] {spark_submit.py:491} INFO - at scala.collection.TraversableLike.map(TraversableLike.scala:286)
[2026-04-03T16:29:05.359+0000] {spark_submit.py:491} INFO - at scala.collection.TraversableLike.map$(TraversableLike.scala:279)
[2026-04-03T16:29:05.359+0000] {spark_submit.py:491} INFO - at scala.collection.AbstractTraversable.map(Traversable.scala:108)
[2026-04-03T16:29:05.359+0000] {spark_submit.py:491} INFO - at org.apache.spark.sql.execution.datasources.parquet.ParquetToSparkSchemaConverter.convertInternal(ParquetSchemaConverter.scala:108)
[2026-04-03T16:29:05.359+0000] {spark_submit.py:491} INFO - at org.apache.spark.sql.execution.datasources.parquet.ParquetToSparkSchemaConverter.convert(ParquetSchemaConverter.scala:78)
[2026-04-03T16:29:05.359+0000] {spark_submit.py:491} INFO - at org.apache.spark.sql.execution.datasources.parquet.ParquetFileFormat$.$anonfun$readSchemaFromFooter$2(ParquetFileFormat.scala:577)
[2026-04-03T16:29:05.359+0000] {spark_submit.py:491} INFO - at scala.Option.getOrElse(Option.scala:189)
[2026-04-03T16:29:05.359+0000] {spark_submit.py:491} INFO - at org.apache.spark.sql.execution.datasources.parquet.ParquetFileFormat$.readSchemaFromFooter(ParquetFileFormat.scala:577)
[2026-04-03T16:29:05.359+0000] {spark_submit.py:491} INFO - at org.apache.spark.sql.execution.datasources.parquet.ParquetFileFormat$.$anonfun$mergeSchemasInParallel$2(ParquetFileFormat.scala:557)
[2026-04-03T16:29:05.359+0000] {spark_submit.py:491} INFO - at scala.collection.immutable.Stream.map(Stream.scala:418)
[2026-04-03T16:29:05.360+0000] {spark_submit.py:491} INFO - at org.apache.spark.sql.execution.datasources.parquet.ParquetFileFormat$.$anonfun$mergeSchemasInParallel$1(ParquetFileFormat.scala:557)
[2026-04-03T16:29:05.360+0000] {spark_submit.py:491} INFO - at org.apache.spark.sql.execution.datasources.parquet.ParquetFileFormat$.$anonfun$mergeSchemasInParallel$1$adapted(ParquetFileFormat.scala:549)
[2026-04-03T16:29:05.360+0000] {spark_submit.py:491} INFO - at org.apache.spark.sql.execution.datasources.SchemaMergeUtils$.$anonfun$mergeSchemasInParallel$2(SchemaMergeUtils.scala:76)
[2026-04-03T16:29:05.360+0000] {spark_submit.py:491} INFO - at org.apache.spark.rdd.RDD.$anonfun$mapPartitions$2(RDD.scala:855)
[2026-04-03T16:29:05.360+0000] {spark_submit.py:491} INFO - at org.apache.spark.rdd.RDD.$anonfun$mapPartitions$2$adapted(RDD.scala:855)
[2026-04-03T16:29:05.360+0000] {spark_submit.py:491} INFO - at org.apache.spark.rdd.MapPartitionsRDD.compute(MapPartitionsRDD.scala:52)
[2026-04-03T16:29:05.360+0000] {spark_submit.py:491} INFO - at org.apache.spark.rdd.RDD.computeOrReadCheckpoint(RDD.scala:365)
[2026-04-03T16:29:05.360+0000] {spark_submit.py:491} INFO - at org.apache.spark.rdd.RDD.iterator(RDD.scala:329)
[2026-04-03T16:29:05.360+0000] {spark_submit.py:491} INFO - at org.apache.spark.scheduler.ResultTask.runTask(ResultTask.scala:90)
[2026-04-03T16:29:05.360+0000] {spark_submit.py:491} INFO - at org.apache.spark.scheduler.Task.run(Task.scala:136)
[2026-04-03T16:29:05.360+0000] {spark_submit.py:491} INFO - at org.apache.spark.executor.Executor$TaskRunner.$anonfun$run$3(Executor.scala:548)
[2026-04-03T16:29:05.360+0000] {spark_submit.py:491} INFO - at org.apache.spark.util.Utils$.tryWithSafeFinally(Utils.scala:1504)
[2026-04-03T16:29:05.360+0000] {spark_submit.py:491} INFO - at org.apache.spark.executor.Executor$TaskRunner.run(Executor.scala:551)
[2026-04-03T16:29:05.360+0000] {spark_submit.py:491} INFO - at java.base/java.util.concurrent.ThreadPoolExecutor.runWorker(ThreadPoolExecutor.java:1128)
[2026-04-03T16:29:05.360+0000] {spark_submit.py:491} INFO - at java.base/java.util.concurrent.ThreadPoolExecutor$Worker.run(ThreadPoolExecutor.java:628)
[2026-04-03T16:29:05.360+0000] {spark_submit.py:491} INFO - at java.base/java.lang.Thread.run(Thread.java:829)
[2026-04-03T16:29:05.361+0000] {spark_submit.py:491} INFO - 
[2026-04-03T16:29:05.361+0000] {spark_submit.py:491} INFO - Driver stacktrace:
[2026-04-03T16:29:05.361+0000] {spark_submit.py:491} INFO - at org.apache.spark.scheduler.DAGScheduler.failJobAndIndependentStages(DAGScheduler.scala:2672)
[2026-04-03T16:29:05.361+0000] {spark_submit.py:491} INFO - at org.apache.spark.scheduler.DAGScheduler.$anonfun$abortStage$2(DAGScheduler.scala:2608)
[2026-04-03T16:29:05.361+0000] {spark_submit.py:491} INFO - at org.apache.spark.scheduler.DAGScheduler.$anonfun$abortStage$2$adapted(DAGScheduler.scala:2607)
[2026-04-03T16:29:05.361+0000] {spark_submit.py:491} INFO - at scala.collection.mutable.ResizableArray.foreach(ResizableArray.scala:62)
[2026-04-03T16:29:05.361+0000] {spark_submit.py:491} INFO - at scala.collection.mutable.ResizableArray.foreach$(ResizableArray.scala:55)
[2026-04-03T16:29:05.361+0000] {spark_submit.py:491} INFO - at scala.collection.mutable.ArrayBuffer.foreach(ArrayBuffer.scala:49)
[2026-04-03T16:29:05.361+0000] {spark_submit.py:491} INFO - at org.apache.spark.scheduler.DAGScheduler.abortStage(DAGScheduler.scala:2607)
[2026-04-03T16:29:05.361+0000] {spark_submit.py:491} INFO - at org.apache.spark.scheduler.DAGScheduler.$anonfun$handleTaskSetFailed$1(DAGScheduler.scala:1182)
[2026-04-03T16:29:05.361+0000] {spark_submit.py:491} INFO - at org.apache.spark.scheduler.DAGScheduler.$anonfun$handleTaskSetFailed$1$adapted(DAGScheduler.scala:1182)
[2026-04-03T16:29:05.361+0000] {spark_submit.py:491} INFO - at scala.Option.foreach(Option.scala:407)
[2026-04-03T16:29:05.361+0000] {spark_submit.py:491} INFO - at org.apache.spark.scheduler.DAGScheduler.handleTaskSetFailed(DAGScheduler.scala:1182)
[2026-04-03T16:29:05.361+0000] {spark_submit.py:491} INFO - at org.apache.spark.scheduler.DAGSchedulerEventProcessLoop.doOnReceive(DAGScheduler.scala:2860)
[2026-04-03T16:29:05.361+0000] {spark_submit.py:491} INFO - at org.apache.spark.scheduler.DAGSchedulerEventProcessLoop.onReceive(DAGScheduler.scala:2802)
[2026-04-03T16:29:05.362+0000] {spark_submit.py:491} INFO - at org.apache.spark.scheduler.DAGSchedulerEventProcessLoop.onReceive(DAGScheduler.scala:2791)
[2026-04-03T16:29:05.362+0000] {spark_submit.py:491} INFO - at org.apache.spark.util.EventLoop$$anon$1.run(EventLoop.scala:49)
[2026-04-03T16:29:05.362+0000] {spark_submit.py:491} INFO - at org.apache.spark.scheduler.DAGScheduler.runJob(DAGScheduler.scala:952)
[2026-04-03T16:29:05.362+0000] {spark_submit.py:491} INFO - at org.apache.spark.SparkContext.runJob(SparkContext.scala:2238)
[2026-04-03T16:29:05.362+0000] {spark_submit.py:491} INFO - at org.apache.spark.SparkContext.runJob(SparkContext.scala:2259)
[2026-04-03T16:29:05.362+0000] {spark_submit.py:491} INFO - at org.apache.spark.SparkContext.runJob(SparkContext.scala:2278)
[2026-04-03T16:29:05.362+0000] {spark_submit.py:491} INFO - at org.apache.spark.SparkContext.runJob(SparkContext.scala:2303)
[2026-04-03T16:29:05.362+0000] {spark_submit.py:491} INFO - at org.apache.spark.rdd.RDD.$anonfun$collect$1(RDD.scala:1021)
[2026-04-03T16:29:05.362+0000] {spark_submit.py:491} INFO - at org.apache.spark.rdd.RDDOperationScope$.withScope(RDDOperationScope.scala:151)
[2026-04-03T16:29:05.362+0000] {spark_submit.py:491} INFO - at org.apache.spark.rdd.RDDOperationScope$.withScope(RDDOperationScope.scala:112)
[2026-04-03T16:29:05.362+0000] {spark_submit.py:491} INFO - at org.apache.spark.rdd.RDD.withScope(RDD.scala:406)
[2026-04-03T16:29:05.362+0000] {spark_submit.py:491} INFO - at org.apache.spark.rdd.RDD.collect(RDD.scala:1020)
[2026-04-03T16:29:05.362+0000] {spark_submit.py:491} INFO - at org.apache.spark.sql.execution.datasources.SchemaMergeUtils$.mergeSchemasInParallel(SchemaMergeUtils.scala:70)
[2026-04-03T16:29:05.362+0000] {spark_submit.py:491} INFO - at org.apache.spark.sql.execution.datasources.parquet.ParquetFileFormat$.mergeSchemasInParallel(ParquetFileFormat.scala:560)
[2026-04-03T16:29:05.362+0000] {spark_submit.py:491} INFO - at org.apache.spark.sql.execution.datasources.parquet.ParquetUtils$.inferSchema(ParquetUtils.scala:125)
[2026-04-03T16:29:05.362+0000] {spark_submit.py:491} INFO - at org.apache.spark.sql.execution.datasources.parquet.ParquetFileFormat.inferSchema(ParquetFileFormat.scala:171)
[2026-04-03T16:29:05.363+0000] {spark_submit.py:491} INFO - at org.apache.spark.sql.execution.datasources.DataSource.$anonfun$getOrInferFileFormatSchema$11(DataSource.scala:210)
[2026-04-03T16:29:05.363+0000] {spark_submit.py:491} INFO - at scala.Option.orElse(Option.scala:447)
[2026-04-03T16:29:05.363+0000] {spark_submit.py:491} INFO - at org.apache.spark.sql.execution.datasources.DataSource.getOrInferFileFormatSchema(DataSource.scala:207)
[2026-04-03T16:29:05.363+0000] {spark_submit.py:491} INFO - at org.apache.spark.sql.execution.datasources.DataSource.sourceSchema(DataSource.scala:262)
[2026-04-03T16:29:05.363+0000] {spark_submit.py:491} INFO - at org.apache.spark.sql.execution.datasources.DataSource.sourceInfo$lzycompute(DataSource.scala:118)
[2026-04-03T16:29:05.363+0000] {spark_submit.py:491} INFO - at org.apache.spark.sql.execution.datasources.DataSource.sourceInfo(DataSource.scala:118)
[2026-04-03T16:29:05.363+0000] {spark_submit.py:491} INFO - at org.apache.spark.sql.execution.streaming.StreamingRelation$.apply(StreamingRelation.scala:34)
[2026-04-03T16:29:05.363+0000] {spark_submit.py:491} INFO - at org.apache.spark.sql.streaming.DataStreamReader.loadInternal(DataStreamReader.scala:196)
[2026-04-03T16:29:05.363+0000] {spark_submit.py:491} INFO - at org.apache.spark.sql.streaming.DataStreamReader.load(DataStreamReader.scala:210)
[2026-04-03T16:29:05.363+0000] {spark_submit.py:491} INFO - at java.base/jdk.internal.reflect.NativeMethodAccessorImpl.invoke0(Native Method)
[2026-04-03T16:29:05.363+0000] {spark_submit.py:491} INFO - at java.base/jdk.internal.reflect.NativeMethodAccessorImpl.invoke(NativeMethodAccessorImpl.java:62)
[2026-04-03T16:29:05.363+0000] {spark_submit.py:491} INFO - at java.base/jdk.internal.reflect.DelegatingMethodAccessorImpl.invoke(DelegatingMethodAccessorImpl.java:43)
[2026-04-03T16:29:05.363+0000] {spark_submit.py:491} INFO - at java.base/java.lang.reflect.Method.invoke(Method.java:566)
[2026-04-03T16:29:05.363+0000] {spark_submit.py:491} INFO - at py4j.reflection.MethodInvoker.invoke(MethodInvoker.java:244)
[2026-04-03T16:29:05.363+0000] {spark_submit.py:491} INFO - at py4j.reflection.ReflectionEngine.invoke(ReflectionEngine.java:357)
[2026-04-03T16:29:05.364+0000] {spark_submit.py:491} INFO - at py4j.Gateway.invoke(Gateway.java:282)
[2026-04-03T16:29:05.364+0000] {spark_submit.py:491} INFO - at py4j.commands.AbstractCommand.invokeMethod(AbstractCommand.java:132)
[2026-04-03T16:29:05.364+0000] {spark_submit.py:491} INFO - at py4j.commands.CallCommand.execute(CallCommand.java:79)
[2026-04-03T16:29:05.364+0000] {spark_submit.py:491} INFO - at py4j.ClientServerConnection.waitForCommands(ClientServerConnection.java:182)
[2026-04-03T16:29:05.364+0000] {spark_submit.py:491} INFO - at py4j.ClientServerConnection.run(ClientServerConnection.java:106)
[2026-04-03T16:29:05.364+0000] {spark_submit.py:491} INFO - at java.base/java.lang.Thread.run(Thread.java:829)
[2026-04-03T16:29:05.364+0000] {spark_submit.py:491} INFO - Caused by: org.apache.spark.sql.AnalysisException: Illegal Parquet type: INT64 (TIMESTAMP(NANOS,false))
[2026-04-03T16:29:05.364+0000] {spark_submit.py:491} INFO - at org.apache.spark.sql.errors.QueryCompilationErrors$.illegalParquetTypeError(QueryCompilationErrors.scala:1317)
[2026-04-03T16:29:05.364+0000] {spark_submit.py:491} INFO - at org.apache.spark.sql.execution.datasources.parquet.ParquetToSparkSchemaConverter.illegalType$1(ParquetSchemaConverter.scala:191)
[2026-04-03T16:29:05.364+0000] {spark_submit.py:491} INFO - at org.apache.spark.sql.execution.datasources.parquet.ParquetToSparkSchemaConverter.$anonfun$convertPrimitiveField$2(ParquetSchemaConverter.scala:269)
[2026-04-03T16:29:05.364+0000] {spark_submit.py:491} INFO - at scala.Option.getOrElse(Option.scala:189)
[2026-04-03T16:29:05.364+0000] {spark_submit.py:491} INFO - at org.apache.spark.sql.execution.datasources.parquet.ParquetToSparkSchemaConverter.convertPrimitiveField(ParquetSchemaConverter.scala:209)
[2026-04-03T16:29:05.364+0000] {spark_submit.py:491} INFO - at org.apache.spark.sql.execution.datasources.parquet.ParquetToSparkSchemaConverter.convertField(ParquetSchemaConverter.scala:173)
[2026-04-03T16:29:05.364+0000] {spark_submit.py:491} INFO - at org.apache.spark.sql.execution.datasources.parquet.ParquetToSparkSchemaConverter.$anonfun$convertInternal$3(ParquetSchemaConverter.scala:138)
[2026-04-03T16:29:05.364+0000] {spark_submit.py:491} INFO - at org.apache.spark.sql.execution.datasources.parquet.ParquetToSparkSchemaConverter.$anonfun$convertInternal$3$adapted(ParquetSchemaConverter.scala:108)
[2026-04-03T16:29:05.364+0000] {spark_submit.py:491} INFO - at scala.collection.TraversableLike.$anonfun$map$1(TraversableLike.scala:286)
[2026-04-03T16:29:05.365+0000] {spark_submit.py:491} INFO - at scala.collection.immutable.Range.foreach(Range.scala:158)
[2026-04-03T16:29:05.365+0000] {spark_submit.py:491} INFO - at scala.collection.TraversableLike.map(TraversableLike.scala:286)
[2026-04-03T16:29:05.365+0000] {spark_submit.py:491} INFO - at scala.collection.TraversableLike.map$(TraversableLike.scala:279)
[2026-04-03T16:29:05.365+0000] {spark_submit.py:491} INFO - at scala.collection.AbstractTraversable.map(Traversable.scala:108)
[2026-04-03T16:29:05.365+0000] {spark_submit.py:491} INFO - at org.apache.spark.sql.execution.datasources.parquet.ParquetToSparkSchemaConverter.convertInternal(ParquetSchemaConverter.scala:108)
[2026-04-03T16:29:05.365+0000] {spark_submit.py:491} INFO - at org.apache.spark.sql.execution.datasources.parquet.ParquetToSparkSchemaConverter.convert(ParquetSchemaConverter.scala:78)
[2026-04-03T16:29:05.365+0000] {spark_submit.py:491} INFO - at org.apache.spark.sql.execution.datasources.parquet.ParquetFileFormat$.$anonfun$readSchemaFromFooter$2(ParquetFileFormat.scala:577)
[2026-04-03T16:29:05.365+0000] {spark_submit.py:491} INFO - at scala.Option.getOrElse(Option.scala:189)
[2026-04-03T16:29:05.365+0000] {spark_submit.py:491} INFO - at org.apache.spark.sql.execution.datasources.parquet.ParquetFileFormat$.readSchemaFromFooter(ParquetFileFormat.scala:577)
[2026-04-03T16:29:05.365+0000] {spark_submit.py:491} INFO - at org.apache.spark.sql.execution.datasources.parquet.ParquetFileFormat$.$anonfun$mergeSchemasInParallel$2(ParquetFileFormat.scala:557)
[2026-04-03T16:29:05.365+0000] {spark_submit.py:491} INFO - at scala.collection.immutable.Stream.map(Stream.scala:418)
[2026-04-03T16:29:05.365+0000] {spark_submit.py:491} INFO - at org.apache.spark.sql.execution.datasources.parquet.ParquetFileFormat$.$anonfun$mergeSchemasInParallel$1(ParquetFileFormat.scala:557)
[2026-04-03T16:29:05.365+0000] {spark_submit.py:491} INFO - at org.apache.spark.sql.execution.datasources.parquet.ParquetFileFormat$.$anonfun$mergeSchemasInParallel$1$adapted(ParquetFileFormat.scala:549)
[2026-04-03T16:29:05.365+0000] {spark_submit.py:491} INFO - at org.apache.spark.sql.execution.datasources.SchemaMergeUtils$.$anonfun$mergeSchemasInParallel$2(SchemaMergeUtils.scala:76)
[2026-04-03T16:29:05.365+0000] {spark_submit.py:491} INFO - at org.apache.spark.rdd.RDD.$anonfun$mapPartitions$2(RDD.scala:855)
[2026-04-03T16:29:05.366+0000] {spark_submit.py:491} INFO - at org.apache.spark.rdd.RDD.$anonfun$mapPartitions$2$adapted(RDD.scala:855)
[2026-04-03T16:29:05.366+0000] {spark_submit.py:491} INFO - at org.apache.spark.rdd.MapPartitionsRDD.compute(MapPartitionsRDD.scala:52)
[2026-04-03T16:29:05.366+0000] {spark_submit.py:491} INFO - at org.apache.spark.rdd.RDD.computeOrReadCheckpoint(RDD.scala:365)
[2026-04-03T16:29:05.366+0000] {spark_submit.py:491} INFO - at org.apache.spark.rdd.RDD.iterator(RDD.scala:329)
[2026-04-03T16:29:05.366+0000] {spark_submit.py:491} INFO - at org.apache.spark.scheduler.ResultTask.runTask(ResultTask.scala:90)
[2026-04-03T16:29:05.366+0000] {spark_submit.py:491} INFO - at org.apache.spark.scheduler.Task.run(Task.scala:136)
[2026-04-03T16:29:05.366+0000] {spark_submit.py:491} INFO - at org.apache.spark.executor.Executor$TaskRunner.$anonfun$run$3(Executor.scala:548)
[2026-04-03T16:29:05.366+0000] {spark_submit.py:491} INFO - at org.apache.spark.util.Utils$.tryWithSafeFinally(Utils.scala:1504)
[2026-04-03T16:29:05.366+0000] {spark_submit.py:491} INFO - at org.apache.spark.executor.Executor$TaskRunner.run(Executor.scala:551)
[2026-04-03T16:29:05.366+0000] {spark_submit.py:491} INFO - at java.base/java.util.concurrent.ThreadPoolExecutor.runWorker(ThreadPoolExecutor.java:1128)
[2026-04-03T16:29:05.366+0000] {spark_submit.py:491} INFO - at java.base/java.util.concurrent.ThreadPoolExecutor$Worker.run(ThreadPoolExecutor.java:628)
[2026-04-03T16:29:05.366+0000] {spark_submit.py:491} INFO - ... 1 more
[2026-04-03T16:29:05.366+0000] {spark_submit.py:491} INFO - 
[2026-04-03T16:29:05.366+0000] {spark_submit.py:491} INFO - INFO:py4j.clientserver:Closing down clientserver connection
[2026-04-03T16:29:05.518+0000] {taskinstance.py:1937} ERROR - Task failed with exception
Traceback (most recent call last):
  File "/home/airflow/.local/lib/python3.10/site-packages/airflow/providers/apache/spark/operators/spark_submit.py", line 156, in execute
    self._hook.submit(self._application)
  File "/home/airflow/.local/lib/python3.10/site-packages/airflow/providers/apache/spark/hooks/spark_submit.py", line 422, in submit
    raise AirflowException(
airflow.exceptions.AirflowException: Cannot execute: spark-submit --master spark://spark-master:7077 --conf spark.sql.extensions=io.delta.sql.DeltaSparkSessionExtension --conf spark.sql.catalog.spark_catalog=org.apache.spark.sql.delta.catalog.DeltaCatalog --conf spark.databricks.delta.schema.autoMerge.enabled=true --conf spark.hadoop.fs.s3a.endpoint=http://minio:9000 --conf spark.hadoop.fs.s3a.access.key=minio --conf spark.hadoop.fs.s3a.secret.key=****** --conf spark.hadoop.fs.s3a.path.style.access=true --conf spark.hadoop.fs.s3a.connection.ssl.enabled=false --conf spark.hadoop.fs.s3a.impl=org.apache.hadoop.fs.s3a.S3AFileSystem --jars /opt/airflow/etl/jars/hadoop-aws-3.3.2.jar,/opt/airflow/etl/jars/aws-java-sdk-bundle-1.11.1026.jar,/opt/airflow/etl/jars/delta-core_2.12-2.3.0.jar,/opt/airflow/etl/jars/delta-storage-2.3.0.jar --executor-cores 1 --executor-memory 1g --driver-memory 512m --name airflow_silver_customers --verbose /opt/airflow/etl/silver/main_silver.py --table_name customers --merge_key customer_id --is_cdc false --json_schema . Error code is: 1.
[2026-04-03T16:29:05.521+0000] {taskinstance.py:1400} INFO - Marking task as UP_FOR_RETRY. dag_id=silver_spark_processor, task_id=process_silver_customers, execution_date=20260402T000000, start_date=20260403T162832, end_date=20260403T162905
[2026-04-03T16:29:05.536+0000] {standard_task_runner.py:104} ERROR - Failed to execute job 632 for task process_silver_customers (Cannot execute: spark-submit --master spark://spark-master:7077 --conf spark.sql.extensions=io.delta.sql.DeltaSparkSessionExtension --conf spark.sql.catalog.spark_catalog=org.apache.spark.sql.delta.catalog.DeltaCatalog --conf spark.databricks.delta.schema.autoMerge.enabled=true --conf spark.hadoop.fs.s3a.endpoint=http://minio:9000 --conf spark.hadoop.fs.s3a.access.key=minio --conf spark.hadoop.fs.s3a.secret.key=****** --conf spark.hadoop.fs.s3a.path.style.access=true --conf spark.hadoop.fs.s3a.connection.ssl.enabled=false --conf spark.hadoop.fs.s3a.impl=org.apache.hadoop.fs.s3a.S3AFileSystem --jars /opt/airflow/etl/jars/hadoop-aws-3.3.2.jar,/opt/airflow/etl/jars/aws-java-sdk-bundle-1.11.1026.jar,/opt/airflow/etl/jars/delta-core_2.12-2.3.0.jar,/opt/airflow/etl/jars/delta-storage-2.3.0.jar --executor-cores 1 --executor-memory 1g --driver-memory 512m --name airflow_silver_customers --verbose /opt/airflow/etl/silver/main_silver.py --table_name customers --merge_key customer_id --is_cdc false --json_schema . Error code is: 1.; 456)
[2026-04-03T16:29:05.564+0000] {local_task_job_runner.py:228} INFO - Task exited with return code 1
[2026-04-03T16:29:05.593+0000] {taskinstance.py:2778} INFO - 0 downstream tasks scheduled from follow-on schedule check
