[2026-04-03T13:35:25.218+0000] {taskinstance.py:1159} INFO - Dependencies all met for dep_context=non-requeueable deps ti=<TaskInstance: silver_spark_processor.process_silver_customers scheduled__2026-04-02T00:00:00+00:00 [queued]>
[2026-04-03T13:35:25.234+0000] {taskinstance.py:1159} INFO - Dependencies all met for dep_context=requeueable deps ti=<TaskInstance: silver_spark_processor.process_silver_customers scheduled__2026-04-02T00:00:00+00:00 [queued]>
[2026-04-03T13:35:25.235+0000] {taskinstance.py:1361} INFO - Starting attempt 5 of 4
[2026-04-03T13:35:25.267+0000] {taskinstance.py:1382} INFO - Executing <Task(SparkSubmitOperator): process_silver_customers> on 2026-04-02 00:00:00+00:00
[2026-04-03T13:35:25.279+0000] {standard_task_runner.py:57} INFO - Started process 189 to run task
[2026-04-03T13:35:25.285+0000] {standard_task_runner.py:84} INFO - Running: ['airflow', 'tasks', 'run', 'silver_spark_processor', 'process_silver_customers', 'scheduled__2026-04-02T00:00:00+00:00', '--job-id', '486', '--raw', '--subdir', 'DAGS_FOLDER/silver_processor_dag.py', '--cfg-path', '/tmp/tmp5r05mpp1']
[2026-04-03T13:35:25.289+0000] {standard_task_runner.py:85} INFO - Job 486: Subtask process_silver_customers
[2026-04-03T13:35:25.405+0000] {task_command.py:416} INFO - Running <TaskInstance: silver_spark_processor.process_silver_customers scheduled__2026-04-02T00:00:00+00:00 [running]> on host 3e1e8c99e894
[2026-04-03T13:35:25.640+0000] {taskinstance.py:1662} INFO - Exporting env vars: AIRFLOW_CTX_DAG_OWNER='data-team' AIRFLOW_CTX_DAG_ID='silver_spark_processor' AIRFLOW_CTX_TASK_ID='process_silver_customers' AIRFLOW_CTX_EXECUTION_DATE='2026-04-02T00:00:00+00:00' AIRFLOW_CTX_TRY_NUMBER='5' AIRFLOW_CTX_DAG_RUN_ID='scheduled__2026-04-02T00:00:00+00:00'
[2026-04-03T13:35:25.667+0000] {base.py:73} INFO - Using connection ID 'spark_default' for task execution.
[2026-04-03T13:35:25.669+0000] {spark_submit.py:340} INFO - Spark-Submit cmd: spark-submit --master spark://spark-master:7077 --conf spark.sql.extensions=io.delta.sql.DeltaSparkSessionExtension --conf spark.sql.catalog.spark_catalog=org.apache.spark.sql.delta.catalog.DeltaCatalog --conf spark.databricks.delta.schema.autoMerge.enabled=true --jars /opt/airflow/etl/jars/hadoop-aws-3.3.2.jar,/opt/airflow/etl/jars/aws-java-sdk-bundle-1.11.1026.jar,/opt/airflow/etl/jars/delta-core_2.12-2.3.0.jar --executor-cores 1 --executor-memory 1g --driver-memory 1g --name airflow_silver_customers /opt/airflow/etl/silver/main_silver.py --table_name customers --merge_key customer_id --is_cdc false --json_schema 
[2026-04-03T13:35:25.913+0000] {spark_submit.py:491} INFO - /home/airflow/.local/lib/python3.10/site-packages/pyspark/bin/load-spark-env.sh: line 68: ps: command not found
[2026-04-03T13:35:35.881+0000] {spark_submit.py:491} INFO - 26/04/03 13:35:35 WARN NativeCodeLoader: Unable to load native-hadoop library for your platform... using builtin-java classes where applicable
[2026-04-03T13:35:40.156+0000] {spark_submit.py:491} INFO - INFO:__main__:Khởi tạo Spark Job cho bảng: customers
[2026-04-03T13:35:40.669+0000] {spark_submit.py:491} INFO - 26/04/03 13:35:40 INFO SparkContext: Running Spark version 3.3.2
[2026-04-03T13:35:40.769+0000] {spark_submit.py:491} INFO - 26/04/03 13:35:40 INFO ResourceUtils: ==============================================================
[2026-04-03T13:35:40.770+0000] {spark_submit.py:491} INFO - 26/04/03 13:35:40 INFO ResourceUtils: No custom resources configured for spark.driver.
[2026-04-03T13:35:40.771+0000] {spark_submit.py:491} INFO - 26/04/03 13:35:40 INFO ResourceUtils: ==============================================================
[2026-04-03T13:35:40.774+0000] {spark_submit.py:491} INFO - 26/04/03 13:35:40 INFO SparkContext: Submitted application: <class 'pyspark.sql.session.SparkSession'>
[2026-04-03T13:35:40.865+0000] {spark_submit.py:491} INFO - 26/04/03 13:35:40 INFO ResourceProfile: Default ResourceProfile created, executor resources: Map(cores -> name: cores, amount: 1, script: , vendor: , memory -> name: memory, amount: 1024, script: , vendor: , offHeap -> name: offHeap, amount: 0, script: , vendor: ), task resources: Map(cpus -> name: cpus, amount: 1.0)
[2026-04-03T13:35:40.949+0000] {spark_submit.py:491} INFO - 26/04/03 13:35:40 INFO ResourceProfile: Limiting resource is cpus at 1 tasks per executor
[2026-04-03T13:35:40.978+0000] {spark_submit.py:491} INFO - 26/04/03 13:35:40 INFO ResourceProfileManager: Added ResourceProfile id: 0
[2026-04-03T13:35:41.356+0000] {spark_submit.py:491} INFO - 26/04/03 13:35:41 INFO SecurityManager: Changing view acls to: airflow
[2026-04-03T13:35:41.362+0000] {spark_submit.py:491} INFO - 26/04/03 13:35:41 INFO SecurityManager: Changing modify acls to: airflow
[2026-04-03T13:35:41.369+0000] {spark_submit.py:491} INFO - 26/04/03 13:35:41 INFO SecurityManager: Changing view acls groups to:
[2026-04-03T13:35:41.378+0000] {spark_submit.py:491} INFO - 26/04/03 13:35:41 INFO SecurityManager: Changing modify acls groups to:
[2026-04-03T13:35:41.378+0000] {spark_submit.py:491} INFO - 26/04/03 13:35:41 INFO SecurityManager: SecurityManager: authentication disabled; ui acls disabled; users  with view permissions: Set(airflow); groups with view permissions: Set(); users  with modify permissions: Set(airflow); groups with modify permissions: Set()
[2026-04-03T13:35:42.367+0000] {spark_submit.py:491} INFO - 26/04/03 13:35:42 INFO Utils: Successfully started service 'sparkDriver' on port 42921.
[2026-04-03T13:35:42.627+0000] {spark_submit.py:491} INFO - 26/04/03 13:35:42 INFO SparkEnv: Registering MapOutputTracker
[2026-04-03T13:35:42.829+0000] {spark_submit.py:491} INFO - 26/04/03 13:35:42 INFO SparkEnv: Registering BlockManagerMaster
[2026-04-03T13:35:42.905+0000] {spark_submit.py:491} INFO - 26/04/03 13:35:42 INFO BlockManagerMasterEndpoint: Using org.apache.spark.storage.DefaultTopologyMapper for getting topology information
[2026-04-03T13:35:42.908+0000] {spark_submit.py:491} INFO - 26/04/03 13:35:42 INFO BlockManagerMasterEndpoint: BlockManagerMasterEndpoint up
[2026-04-03T13:35:42.933+0000] {spark_submit.py:491} INFO - 26/04/03 13:35:42 INFO SparkEnv: Registering BlockManagerMasterHeartbeat
[2026-04-03T13:35:43.040+0000] {spark_submit.py:491} INFO - 26/04/03 13:35:43 INFO DiskBlockManager: Created local directory at /tmp/blockmgr-91c3b5d0-cf10-4536-822f-5ed7566ffa6f
[2026-04-03T13:35:43.102+0000] {spark_submit.py:491} INFO - 26/04/03 13:35:43 INFO MemoryStore: MemoryStore started with capacity 434.4 MiB
[2026-04-03T13:35:43.160+0000] {spark_submit.py:491} INFO - 26/04/03 13:35:43 INFO SparkEnv: Registering OutputCommitCoordinator
[2026-04-03T13:35:44.043+0000] {spark_submit.py:491} INFO - 26/04/03 13:35:44 WARN Utils: Service 'SparkUI' could not bind on port 4040. Attempting port 4041.
[2026-04-03T13:35:44.044+0000] {spark_submit.py:491} INFO - 26/04/03 13:35:44 WARN Utils: Service 'SparkUI' could not bind on port 4041. Attempting port 4042.
[2026-04-03T13:35:44.051+0000] {spark_submit.py:491} INFO - 26/04/03 13:35:44 WARN Utils: Service 'SparkUI' could not bind on port 4042. Attempting port 4043.
[2026-04-03T13:35:44.051+0000] {spark_submit.py:491} INFO - 26/04/03 13:35:44 WARN Utils: Service 'SparkUI' could not bind on port 4043. Attempting port 4044.
[2026-04-03T13:35:44.053+0000] {spark_submit.py:491} INFO - 26/04/03 13:35:44 WARN Utils: Service 'SparkUI' could not bind on port 4044. Attempting port 4045.
[2026-04-03T13:35:44.055+0000] {spark_submit.py:491} INFO - 26/04/03 13:35:44 WARN Utils: Service 'SparkUI' could not bind on port 4045. Attempting port 4046.
[2026-04-03T13:35:44.117+0000] {spark_submit.py:491} INFO - 26/04/03 13:35:44 INFO Utils: Successfully started service 'SparkUI' on port 4046.
[2026-04-03T13:35:44.423+0000] {spark_submit.py:491} INFO - 26/04/03 13:35:44 INFO SparkContext: Added JAR file:///opt/airflow/etl/jars/hadoop-aws-3.3.2.jar at spark://3e1e8c99e894:42921/jars/hadoop-aws-3.3.2.jar with timestamp 1775223340632
[2026-04-03T13:35:44.424+0000] {spark_submit.py:491} INFO - 26/04/03 13:35:44 INFO SparkContext: Added JAR file:///opt/airflow/etl/jars/aws-java-sdk-bundle-1.11.1026.jar at spark://3e1e8c99e894:42921/jars/aws-java-sdk-bundle-1.11.1026.jar with timestamp 1775223340632
[2026-04-03T13:35:44.424+0000] {spark_submit.py:491} INFO - 26/04/03 13:35:44 INFO SparkContext: Added JAR file:///opt/airflow/etl/jars/delta-core_2.12-2.3.0.jar at spark://3e1e8c99e894:42921/jars/delta-core_2.12-2.3.0.jar with timestamp 1775223340632
[2026-04-03T13:35:45.063+0000] {spark_submit.py:491} INFO - 26/04/03 13:35:45 INFO StandaloneAppClient$ClientEndpoint: Connecting to master spark://spark-master:7077...
[2026-04-03T13:35:45.417+0000] {spark_submit.py:491} INFO - 26/04/03 13:35:45 INFO TransportClientFactory: Successfully created connection to spark-master/172.18.0.4:7077 after 198 ms (0 ms spent in bootstraps)
[2026-04-03T13:35:45.966+0000] {spark_submit.py:491} INFO - 26/04/03 13:35:45 INFO StandaloneSchedulerBackend: Connected to Spark cluster with app ID app-20260403133545-0006
[2026-04-03T13:35:46.026+0000] {spark_submit.py:491} INFO - 26/04/03 13:35:46 INFO Utils: Successfully started service 'org.apache.spark.network.netty.NettyBlockTransferService' on port 42087.
[2026-04-03T13:35:46.027+0000] {spark_submit.py:491} INFO - 26/04/03 13:35:46 INFO NettyBlockTransferService: Server created on 3e1e8c99e894:42087
[2026-04-03T13:35:46.040+0000] {spark_submit.py:491} INFO - 26/04/03 13:35:46 INFO BlockManager: Using org.apache.spark.storage.RandomBlockReplicationPolicy for block replication policy
[2026-04-03T13:35:46.077+0000] {spark_submit.py:491} INFO - 26/04/03 13:35:46 INFO BlockManagerMaster: Registering BlockManager BlockManagerId(driver, 3e1e8c99e894, 42087, None)
[2026-04-03T13:35:46.098+0000] {spark_submit.py:491} INFO - 26/04/03 13:35:46 INFO BlockManagerMasterEndpoint: Registering block manager 3e1e8c99e894:42087 with 434.4 MiB RAM, BlockManagerId(driver, 3e1e8c99e894, 42087, None)
[2026-04-03T13:35:46.115+0000] {spark_submit.py:491} INFO - 26/04/03 13:35:46 INFO BlockManagerMaster: Registered BlockManager BlockManagerId(driver, 3e1e8c99e894, 42087, None)
[2026-04-03T13:35:46.123+0000] {spark_submit.py:491} INFO - 26/04/03 13:35:46 INFO BlockManager: Initialized BlockManager: BlockManagerId(driver, 3e1e8c99e894, 42087, None)
[2026-04-03T13:35:48.015+0000] {spark_submit.py:491} INFO - 26/04/03 13:35:47 INFO StandaloneSchedulerBackend: SchedulerBackend is ready for scheduling beginning after reached minRegisteredResourcesRatio: 0.0
[2026-04-03T13:35:55.576+0000] {spark_submit.py:491} INFO - INFO:silver_processor: Bắt đầu xử lý lớp Silver cho bảng: customers | Chế độ CDC: False
[2026-04-03T13:35:55.578+0000] {spark_submit.py:491} INFO - INFO:silver_processor: Bắt đầu quét Data Nóng từ Bronze...
[2026-04-03T13:35:58.497+0000] {spark_submit.py:491} INFO - 26/04/03 13:35:58 WARN MetricsConfig: Cannot locate configuration: tried hadoop-metrics2-s3a-file-system.properties,hadoop-metrics2.properties
[2026-04-03T13:39:53.458+0000] {local_task_job_runner.py:294} WARNING - State of this instance has been externally set to restarting. Terminating instance.
[2026-04-03T13:39:53.462+0000] {process_utils.py:131} INFO - Sending 15 to group 189. PIDs of all processes in the group: [207, 671, 189]
[2026-04-03T13:39:53.462+0000] {process_utils.py:86} INFO - Sending the signal 15 to group 189
[2026-04-03T13:39:53.463+0000] {taskinstance.py:1632} ERROR - Received SIGTERM. Terminating subprocesses.
[2026-04-03T13:39:53.465+0000] {spark_submit.py:618} INFO - Sending kill signal to spark-submit
[2026-04-03T13:39:53.483+0000] {taskinstance.py:1937} ERROR - Task failed with exception
Traceback (most recent call last):
  File "/home/airflow/.local/lib/python3.10/site-packages/airflow/providers/apache/spark/operators/spark_submit.py", line 156, in execute
    self._hook.submit(self._application)
  File "/home/airflow/.local/lib/python3.10/site-packages/airflow/providers/apache/spark/hooks/spark_submit.py", line 410, in submit
    self._process_spark_submit_log(iter(self._submit_sp.stdout))  # type: ignore
  File "/home/airflow/.local/lib/python3.10/site-packages/airflow/providers/apache/spark/hooks/spark_submit.py", line 459, in _process_spark_submit_log
    for line in itr:
  File "/home/airflow/.local/lib/python3.10/site-packages/airflow/models/taskinstance.py", line 1634, in signal_handler
    raise AirflowException("Task received SIGTERM signal")
airflow.exceptions.AirflowException: Task received SIGTERM signal
[2026-04-03T13:39:53.492+0000] {taskinstance.py:1400} INFO - Marking task as UP_FOR_RETRY. dag_id=silver_spark_processor, task_id=process_silver_customers, execution_date=20260402T000000, start_date=20260403T133525, end_date=20260403T133953
[2026-04-03T13:39:53.513+0000] {standard_task_runner.py:104} ERROR - Failed to execute job 486 for task process_silver_customers (Task received SIGTERM signal; 189)
[2026-04-03T13:39:53.515+0000] {process_utils.py:79} INFO - Process psutil.Process(pid=671, status='terminated', started='13:35:36') (671) terminated with exit code None
[2026-04-03T13:39:53.529+0000] {process_utils.py:79} INFO - Process psutil.Process(pid=207, status='terminated', started='13:35:25') (207) terminated with exit code None
[2026-04-03T13:39:53.530+0000] {process_utils.py:79} INFO - Process psutil.Process(pid=189, status='terminated', exitcode=1, started='13:35:24') (189) terminated with exit code 1
