[2026-04-03T15:22:48.487+0000] {taskinstance.py:1159} INFO - Dependencies all met for dep_context=non-requeueable deps ti=<TaskInstance: silver_spark_processor.process_silver_customers scheduled__2026-04-02T00:00:00+00:00 [queued]>
[2026-04-03T15:22:48.496+0000] {taskinstance.py:1159} INFO - Dependencies all met for dep_context=requeueable deps ti=<TaskInstance: silver_spark_processor.process_silver_customers scheduled__2026-04-02T00:00:00+00:00 [queued]>
[2026-04-03T15:22:48.497+0000] {taskinstance.py:1361} INFO - Starting attempt 19 of 20
[2026-04-03T15:22:48.509+0000] {taskinstance.py:1382} INFO - Executing <Task(SparkSubmitOperator): process_silver_customers> on 2026-04-02 00:00:00+00:00
[2026-04-03T15:22:48.515+0000] {standard_task_runner.py:57} INFO - Started process 1784 to run task
[2026-04-03T15:22:48.519+0000] {standard_task_runner.py:84} INFO - Running: ['airflow', 'tasks', 'run', 'silver_spark_processor', 'process_silver_customers', 'scheduled__2026-04-02T00:00:00+00:00', '--job-id', '623', '--raw', '--subdir', 'DAGS_FOLDER/silver_processor_dag.py', '--cfg-path', '/tmp/tmpjwv8dnzp']
[2026-04-03T15:22:48.521+0000] {standard_task_runner.py:85} INFO - Job 623: Subtask process_silver_customers
[2026-04-03T15:22:48.573+0000] {task_command.py:416} INFO - Running <TaskInstance: silver_spark_processor.process_silver_customers scheduled__2026-04-02T00:00:00+00:00 [running]> on host bc50ea179d9a
[2026-04-03T15:22:48.663+0000] {taskinstance.py:1662} INFO - Exporting env vars: AIRFLOW_CTX_DAG_OWNER='data-team' AIRFLOW_CTX_DAG_ID='silver_spark_processor' AIRFLOW_CTX_TASK_ID='process_silver_customers' AIRFLOW_CTX_EXECUTION_DATE='2026-04-02T00:00:00+00:00' AIRFLOW_CTX_TRY_NUMBER='19' AIRFLOW_CTX_DAG_RUN_ID='scheduled__2026-04-02T00:00:00+00:00'
[2026-04-03T15:22:48.674+0000] {base.py:73} INFO - Using connection ID 'spark_default' for task execution.
[2026-04-03T15:22:48.676+0000] {spark_submit.py:340} INFO - Spark-Submit cmd: spark-submit --master spark://spark-master:7077 --conf spark.sql.extensions=io.delta.sql.DeltaSparkSessionExtension --conf spark.sql.catalog.spark_catalog=org.apache.spark.sql.delta.catalog.DeltaCatalog --conf spark.databricks.delta.schema.autoMerge.enabled=true --jars /opt/airflow/etl/jars/hadoop-aws-3.3.2.jar,/opt/airflow/etl/jars/aws-java-sdk-bundle-1.11.1026.jar,/opt/airflow/etl/jars/delta-core_2.12-2.3.0.jar,/opt/airflow/etl/jars/delta-storage-2.3.0.jar --executor-cores 1 --executor-memory 2g --driver-memory 1g --name airflow_silver_customers --verbose /opt/airflow/etl/silver/main_silver.py --table_name customers --merge_key customer_id --is_cdc false --json_schema 
[2026-04-03T15:22:48.772+0000] {spark_submit.py:491} INFO - /home/airflow/.local/lib/python3.10/site-packages/pyspark/bin/load-spark-env.sh: line 68: ps: command not found
[2026-04-03T15:22:50.106+0000] {spark_submit.py:491} INFO - Using properties file: null
[2026-04-03T15:22:50.216+0000] {spark_submit.py:491} INFO - Parsed arguments:
[2026-04-03T15:22:50.216+0000] {spark_submit.py:491} INFO - master                  spark://spark-master:7077
[2026-04-03T15:22:50.216+0000] {spark_submit.py:491} INFO - deployMode              null
[2026-04-03T15:22:50.216+0000] {spark_submit.py:491} INFO - executorMemory          2g
[2026-04-03T15:22:50.216+0000] {spark_submit.py:491} INFO - executorCores           1
[2026-04-03T15:22:50.217+0000] {spark_submit.py:491} INFO - totalExecutorCores      null
[2026-04-03T15:22:50.217+0000] {spark_submit.py:491} INFO - propertiesFile          null
[2026-04-03T15:22:50.217+0000] {spark_submit.py:491} INFO - driverMemory            1g
[2026-04-03T15:22:50.217+0000] {spark_submit.py:491} INFO - driverCores             null
[2026-04-03T15:22:50.217+0000] {spark_submit.py:491} INFO - driverExtraClassPath    null
[2026-04-03T15:22:50.217+0000] {spark_submit.py:491} INFO - driverExtraLibraryPath  null
[2026-04-03T15:22:50.217+0000] {spark_submit.py:491} INFO - driverExtraJavaOptions  null
[2026-04-03T15:22:50.217+0000] {spark_submit.py:491} INFO - supervise               false
[2026-04-03T15:22:50.217+0000] {spark_submit.py:491} INFO - queue                   null
[2026-04-03T15:22:50.218+0000] {spark_submit.py:491} INFO - numExecutors            null
[2026-04-03T15:22:50.218+0000] {spark_submit.py:491} INFO - files                   null
[2026-04-03T15:22:50.218+0000] {spark_submit.py:491} INFO - pyFiles                 null
[2026-04-03T15:22:50.218+0000] {spark_submit.py:491} INFO - archives                null
[2026-04-03T15:22:50.218+0000] {spark_submit.py:491} INFO - mainClass               null
[2026-04-03T15:22:50.218+0000] {spark_submit.py:491} INFO - primaryResource         file:/opt/airflow/etl/silver/main_silver.py
[2026-04-03T15:22:50.218+0000] {spark_submit.py:491} INFO - name                    airflow_silver_customers
[2026-04-03T15:22:50.218+0000] {spark_submit.py:491} INFO - childArgs               [--table_name customers --merge_key customer_id --is_cdc false --json_schema ]
[2026-04-03T15:22:50.218+0000] {spark_submit.py:491} INFO - jars                    file:/opt/airflow/etl/jars/hadoop-aws-3.3.2.jar,file:/opt/airflow/etl/jars/aws-java-sdk-bundle-1.11.1026.jar,file:/opt/airflow/etl/jars/delta-core_2.12-2.3.0.jar,file:/opt/airflow/etl/jars/delta-storage-2.3.0.jar
[2026-04-03T15:22:50.218+0000] {spark_submit.py:491} INFO - packages                null
[2026-04-03T15:22:50.218+0000] {spark_submit.py:491} INFO - packagesExclusions      null
[2026-04-03T15:22:50.219+0000] {spark_submit.py:491} INFO - repositories            null
[2026-04-03T15:22:50.219+0000] {spark_submit.py:491} INFO - verbose                 true
[2026-04-03T15:22:50.219+0000] {spark_submit.py:491} INFO - 
[2026-04-03T15:22:50.219+0000] {spark_submit.py:491} INFO - Spark properties used, including those specified through
[2026-04-03T15:22:50.219+0000] {spark_submit.py:491} INFO - --conf and those from the properties file null:
[2026-04-03T15:22:50.219+0000] {spark_submit.py:491} INFO - (spark.databricks.delta.schema.autoMerge.enabled,true)
[2026-04-03T15:22:50.219+0000] {spark_submit.py:491} INFO - (spark.driver.memory,1g)
[2026-04-03T15:22:50.219+0000] {spark_submit.py:491} INFO - (spark.sql.catalog.spark_catalog,org.apache.spark.sql.delta.catalog.DeltaCatalog)
[2026-04-03T15:22:50.219+0000] {spark_submit.py:491} INFO - (spark.sql.extensions,io.delta.sql.DeltaSparkSessionExtension)
[2026-04-03T15:22:50.219+0000] {spark_submit.py:491} INFO - 
[2026-04-03T15:22:50.219+0000] {spark_submit.py:491} INFO - 
[2026-04-03T15:22:50.562+0000] {spark_submit.py:491} INFO - 26/04/03 15:22:50 WARN NativeCodeLoader: Unable to load native-hadoop library for your platform... using builtin-java classes where applicable
[2026-04-03T15:22:50.720+0000] {spark_submit.py:491} INFO - Main class:
[2026-04-03T15:22:50.721+0000] {spark_submit.py:491} INFO - org.apache.spark.deploy.PythonRunner
[2026-04-03T15:22:50.721+0000] {spark_submit.py:491} INFO - Arguments:
[2026-04-03T15:22:50.721+0000] {spark_submit.py:491} INFO - file:/opt/airflow/etl/silver/main_silver.py
[2026-04-03T15:22:50.721+0000] {spark_submit.py:491} INFO - null
[2026-04-03T15:22:50.721+0000] {spark_submit.py:491} INFO - --table_name
[2026-04-03T15:22:50.721+0000] {spark_submit.py:491} INFO - customers
[2026-04-03T15:22:50.721+0000] {spark_submit.py:491} INFO - --merge_key
[2026-04-03T15:22:50.721+0000] {spark_submit.py:491} INFO - customer_id
[2026-04-03T15:22:50.721+0000] {spark_submit.py:491} INFO - --is_cdc
[2026-04-03T15:22:50.721+0000] {spark_submit.py:491} INFO - false
[2026-04-03T15:22:50.721+0000] {spark_submit.py:491} INFO - --json_schema
[2026-04-03T15:22:50.721+0000] {spark_submit.py:491} INFO - 
[2026-04-03T15:22:50.724+0000] {spark_submit.py:491} INFO - Spark config:
[2026-04-03T15:22:50.724+0000] {spark_submit.py:491} INFO - (spark.app.name,airflow_silver_customers)
[2026-04-03T15:22:50.724+0000] {spark_submit.py:491} INFO - (spark.app.submitTime,1775229770707)
[2026-04-03T15:22:50.724+0000] {spark_submit.py:491} INFO - (spark.databricks.delta.schema.autoMerge.enabled,true)
[2026-04-03T15:22:50.724+0000] {spark_submit.py:491} INFO - (spark.driver.memory,1g)
[2026-04-03T15:22:50.724+0000] {spark_submit.py:491} INFO - (spark.executor.cores,1)
[2026-04-03T15:22:50.724+0000] {spark_submit.py:491} INFO - (spark.executor.memory,2g)
[2026-04-03T15:22:50.724+0000] {spark_submit.py:491} INFO - (spark.jars,file:///opt/airflow/etl/jars/hadoop-aws-3.3.2.jar,file:///opt/airflow/etl/jars/aws-java-sdk-bundle-1.11.1026.jar,file:///opt/airflow/etl/jars/delta-core_2.12-2.3.0.jar,file:///opt/airflow/etl/jars/delta-storage-2.3.0.jar)
[2026-04-03T15:22:50.724+0000] {spark_submit.py:491} INFO - (spark.master,spark://spark-master:7077)
[2026-04-03T15:22:50.724+0000] {spark_submit.py:491} INFO - (spark.repl.local.jars,file:///opt/airflow/etl/jars/hadoop-aws-3.3.2.jar,file:///opt/airflow/etl/jars/aws-java-sdk-bundle-1.11.1026.jar,file:///opt/airflow/etl/jars/delta-core_2.12-2.3.0.jar,file:///opt/airflow/etl/jars/delta-storage-2.3.0.jar)
[2026-04-03T15:22:50.724+0000] {spark_submit.py:491} INFO - (spark.sql.catalog.spark_catalog,org.apache.spark.sql.delta.catalog.DeltaCatalog)
[2026-04-03T15:22:50.725+0000] {spark_submit.py:491} INFO - (spark.sql.extensions,io.delta.sql.DeltaSparkSessionExtension)
[2026-04-03T15:22:50.725+0000] {spark_submit.py:491} INFO - (spark.submit.deployMode,client)
[2026-04-03T15:22:50.725+0000] {spark_submit.py:491} INFO - (spark.submit.pyFiles,)
[2026-04-03T15:22:50.725+0000] {spark_submit.py:491} INFO - Classpath elements:
[2026-04-03T15:22:50.725+0000] {spark_submit.py:491} INFO - file:///opt/airflow/etl/jars/hadoop-aws-3.3.2.jar
[2026-04-03T15:22:50.725+0000] {spark_submit.py:491} INFO - file:///opt/airflow/etl/jars/aws-java-sdk-bundle-1.11.1026.jar
[2026-04-03T15:22:50.725+0000] {spark_submit.py:491} INFO - file:///opt/airflow/etl/jars/delta-core_2.12-2.3.0.jar
[2026-04-03T15:22:50.725+0000] {spark_submit.py:491} INFO - file:///opt/airflow/etl/jars/delta-storage-2.3.0.jar
[2026-04-03T15:22:50.725+0000] {spark_submit.py:491} INFO - 
[2026-04-03T15:22:50.725+0000] {spark_submit.py:491} INFO - 
[2026-04-03T15:22:51.720+0000] {spark_submit.py:491} INFO - INFO:__main__:Khởi tạo Spark Job cho bảng: customers
[2026-04-03T15:22:51.810+0000] {spark_submit.py:491} INFO - 26/04/03 15:22:51 INFO SparkContext: Running Spark version 3.3.2
[2026-04-03T15:22:51.839+0000] {spark_submit.py:491} INFO - 26/04/03 15:22:51 INFO ResourceUtils: ==============================================================
[2026-04-03T15:22:51.839+0000] {spark_submit.py:491} INFO - 26/04/03 15:22:51 INFO ResourceUtils: No custom resources configured for spark.driver.
[2026-04-03T15:22:51.840+0000] {spark_submit.py:491} INFO - 26/04/03 15:22:51 INFO ResourceUtils: ==============================================================
[2026-04-03T15:22:51.840+0000] {spark_submit.py:491} INFO - 26/04/03 15:22:51 INFO SparkContext: Submitted application: <class 'pyspark.sql.session.SparkSession'>
[2026-04-03T15:22:51.863+0000] {spark_submit.py:491} INFO - 26/04/03 15:22:51 INFO ResourceProfile: Default ResourceProfile created, executor resources: Map(cores -> name: cores, amount: 1, script: , vendor: , memory -> name: memory, amount: 2048, script: , vendor: , offHeap -> name: offHeap, amount: 0, script: , vendor: ), task resources: Map(cpus -> name: cpus, amount: 1.0)
[2026-04-03T15:22:51.875+0000] {spark_submit.py:491} INFO - 26/04/03 15:22:51 INFO ResourceProfile: Limiting resource is cpus at 1 tasks per executor
[2026-04-03T15:22:51.877+0000] {spark_submit.py:491} INFO - 26/04/03 15:22:51 INFO ResourceProfileManager: Added ResourceProfile id: 0
[2026-04-03T15:22:51.922+0000] {spark_submit.py:491} INFO - 26/04/03 15:22:51 INFO SecurityManager: Changing view acls to: airflow
[2026-04-03T15:22:51.922+0000] {spark_submit.py:491} INFO - 26/04/03 15:22:51 INFO SecurityManager: Changing modify acls to: airflow
[2026-04-03T15:22:51.923+0000] {spark_submit.py:491} INFO - 26/04/03 15:22:51 INFO SecurityManager: Changing view acls groups to:
[2026-04-03T15:22:51.923+0000] {spark_submit.py:491} INFO - 26/04/03 15:22:51 INFO SecurityManager: Changing modify acls groups to:
[2026-04-03T15:22:51.924+0000] {spark_submit.py:491} INFO - 26/04/03 15:22:51 INFO SecurityManager: SecurityManager: authentication disabled; ui acls disabled; users  with view permissions: Set(airflow); groups with view permissions: Set(); users  with modify permissions: Set(airflow); groups with modify permissions: Set()
[2026-04-03T15:22:52.185+0000] {spark_submit.py:491} INFO - 26/04/03 15:22:52 INFO Utils: Successfully started service 'sparkDriver' on port 45411.
[2026-04-03T15:22:52.214+0000] {spark_submit.py:491} INFO - 26/04/03 15:22:52 INFO SparkEnv: Registering MapOutputTracker
[2026-04-03T15:22:52.253+0000] {spark_submit.py:491} INFO - 26/04/03 15:22:52 INFO SparkEnv: Registering BlockManagerMaster
[2026-04-03T15:22:52.274+0000] {spark_submit.py:491} INFO - 26/04/03 15:22:52 INFO BlockManagerMasterEndpoint: Using org.apache.spark.storage.DefaultTopologyMapper for getting topology information
[2026-04-03T15:22:52.274+0000] {spark_submit.py:491} INFO - 26/04/03 15:22:52 INFO BlockManagerMasterEndpoint: BlockManagerMasterEndpoint up
[2026-04-03T15:22:52.279+0000] {spark_submit.py:491} INFO - 26/04/03 15:22:52 INFO SparkEnv: Registering BlockManagerMasterHeartbeat
[2026-04-03T15:22:52.300+0000] {spark_submit.py:491} INFO - 26/04/03 15:22:52 INFO DiskBlockManager: Created local directory at /tmp/blockmgr-ba47a91f-261a-4af9-91e7-2dcab76b8678
[2026-04-03T15:22:52.320+0000] {spark_submit.py:491} INFO - 26/04/03 15:22:52 INFO MemoryStore: MemoryStore started with capacity 434.4 MiB
[2026-04-03T15:22:52.338+0000] {spark_submit.py:491} INFO - 26/04/03 15:22:52 INFO SparkEnv: Registering OutputCommitCoordinator
[2026-04-03T15:22:52.564+0000] {spark_submit.py:491} INFO - 26/04/03 15:22:52 INFO Utils: Successfully started service 'SparkUI' on port 4040.
[2026-04-03T15:22:52.599+0000] {spark_submit.py:491} INFO - 26/04/03 15:22:52 INFO SparkContext: Added JAR file:///opt/airflow/etl/jars/hadoop-aws-3.3.2.jar at spark://bc50ea179d9a:45411/jars/hadoop-aws-3.3.2.jar with timestamp 1775229771801
[2026-04-03T15:22:52.599+0000] {spark_submit.py:491} INFO - 26/04/03 15:22:52 INFO SparkContext: Added JAR file:///opt/airflow/etl/jars/aws-java-sdk-bundle-1.11.1026.jar at spark://bc50ea179d9a:45411/jars/aws-java-sdk-bundle-1.11.1026.jar with timestamp 1775229771801
[2026-04-03T15:22:52.600+0000] {spark_submit.py:491} INFO - 26/04/03 15:22:52 INFO SparkContext: Added JAR file:///opt/airflow/etl/jars/delta-core_2.12-2.3.0.jar at spark://bc50ea179d9a:45411/jars/delta-core_2.12-2.3.0.jar with timestamp 1775229771801
[2026-04-03T15:22:52.600+0000] {spark_submit.py:491} INFO - 26/04/03 15:22:52 INFO SparkContext: Added JAR file:///opt/airflow/etl/jars/delta-storage-2.3.0.jar at spark://bc50ea179d9a:45411/jars/delta-storage-2.3.0.jar with timestamp 1775229771801
[2026-04-03T15:22:52.684+0000] {spark_submit.py:491} INFO - 26/04/03 15:22:52 INFO StandaloneAppClient$ClientEndpoint: Connecting to master spark://spark-master:7077...
[2026-04-03T15:22:52.728+0000] {spark_submit.py:491} INFO - 26/04/03 15:22:52 INFO TransportClientFactory: Successfully created connection to spark-master/172.18.0.6:7077 after 27 ms (0 ms spent in bootstraps)
[2026-04-03T15:22:52.810+0000] {spark_submit.py:491} INFO - 26/04/03 15:22:52 INFO StandaloneSchedulerBackend: Connected to Spark cluster with app ID app-20260403152252-0051
[2026-04-03T15:22:52.817+0000] {spark_submit.py:491} INFO - 26/04/03 15:22:52 INFO Utils: Successfully started service 'org.apache.spark.network.netty.NettyBlockTransferService' on port 40293.
[2026-04-03T15:22:52.817+0000] {spark_submit.py:491} INFO - 26/04/03 15:22:52 INFO NettyBlockTransferService: Server created on bc50ea179d9a:40293
[2026-04-03T15:22:52.819+0000] {spark_submit.py:491} INFO - 26/04/03 15:22:52 INFO BlockManager: Using org.apache.spark.storage.RandomBlockReplicationPolicy for block replication policy
[2026-04-03T15:22:52.825+0000] {spark_submit.py:491} INFO - 26/04/03 15:22:52 INFO BlockManagerMaster: Registering BlockManager BlockManagerId(driver, bc50ea179d9a, 40293, None)
[2026-04-03T15:22:52.829+0000] {spark_submit.py:491} INFO - 26/04/03 15:22:52 INFO BlockManagerMasterEndpoint: Registering block manager bc50ea179d9a:40293 with 434.4 MiB RAM, BlockManagerId(driver, bc50ea179d9a, 40293, None)
[2026-04-03T15:22:52.832+0000] {spark_submit.py:491} INFO - 26/04/03 15:22:52 INFO BlockManagerMaster: Registered BlockManager BlockManagerId(driver, bc50ea179d9a, 40293, None)
[2026-04-03T15:22:52.833+0000] {spark_submit.py:491} INFO - 26/04/03 15:22:52 INFO BlockManager: Initialized BlockManager: BlockManagerId(driver, bc50ea179d9a, 40293, None)
[2026-04-03T15:22:53.016+0000] {spark_submit.py:491} INFO - 26/04/03 15:22:53 INFO StandaloneSchedulerBackend: SchedulerBackend is ready for scheduling beginning after reached minRegisteredResourcesRatio: 0.0
[2026-04-03T15:22:53.846+0000] {spark_submit.py:491} INFO - INFO:silver_processor: Bắt đầu xử lý lớp Silver cho bảng: customers | Chế độ CDC: False
[2026-04-03T15:22:53.847+0000] {spark_submit.py:491} INFO - INFO:silver_processor: Bắt đầu quét Data Nóng từ Bronze...
[2026-04-03T15:22:54.018+0000] {spark_submit.py:491} INFO - 26/04/03 15:22:54 WARN MetricsConfig: Cannot locate configuration: tried hadoop-metrics2-s3a-file-system.properties,hadoop-metrics2.properties
[2026-04-03T15:32:26.308+0000] {local_task_job_runner.py:115} ERROR - Received SIGTERM. Terminating subprocesses
[2026-04-03T15:32:26.310+0000] {process_utils.py:131} INFO - Sending 15 to group 1784. PIDs of all processes in the group: [1785, 1840, 1784]
[2026-04-03T15:32:26.310+0000] {process_utils.py:86} INFO - Sending the signal 15 to group 1784
[2026-04-03T15:32:26.311+0000] {taskinstance.py:1632} ERROR - Received SIGTERM. Terminating subprocesses.
[2026-04-03T15:32:26.311+0000] {spark_submit.py:618} INFO - Sending kill signal to spark-submit
[2026-04-03T15:32:26.325+0000] {taskinstance.py:1937} ERROR - Task failed with exception
Traceback (most recent call last):
  File "/home/airflow/.local/lib/python3.10/site-packages/airflow/providers/apache/spark/operators/spark_submit.py", line 156, in execute
    self._hook.submit(self._application)
  File "/home/airflow/.local/lib/python3.10/site-packages/airflow/providers/apache/spark/hooks/spark_submit.py", line 410, in submit
    self._process_spark_submit_log(iter(self._submit_sp.stdout))  # type: ignore
  File "/home/airflow/.local/lib/python3.10/site-packages/airflow/providers/apache/spark/hooks/spark_submit.py", line 459, in _process_spark_submit_log
    for line in itr:
  File "/home/airflow/.local/lib/python3.10/site-packages/airflow/models/taskinstance.py", line 1634, in signal_handler
    raise AirflowException("Task received SIGTERM signal")
airflow.exceptions.AirflowException: Task received SIGTERM signal
[2026-04-03T15:32:26.329+0000] {taskinstance.py:1400} INFO - Marking task as UP_FOR_RETRY. dag_id=silver_spark_processor, task_id=process_silver_customers, execution_date=20260402T000000, start_date=20260403T152248, end_date=20260403T153226
[2026-04-03T15:32:26.361+0000] {standard_task_runner.py:104} ERROR - Failed to execute job 623 for task process_silver_customers (Task received SIGTERM signal; 1784)
[2026-04-03T15:32:26.405+0000] {process_utils.py:79} INFO - Process psutil.Process(pid=1785, status='terminated', started='15:22:48') (1785) terminated with exit code None
[2026-04-03T15:32:26.405+0000] {process_utils.py:79} INFO - Process psutil.Process(pid=1784, status='terminated', exitcode=1, started='15:22:48') (1784) terminated with exit code 1
[2026-04-03T15:32:26.405+0000] {process_utils.py:79} INFO - Process psutil.Process(pid=1840, status='terminated', started='15:22:50') (1840) terminated with exit code None
[2026-04-03T15:32:26.406+0000] {local_task_job_runner.py:228} INFO - Task exited with return code 143
[2026-04-03T15:32:26.432+0000] {taskinstance.py:2778} INFO - 0 downstream tasks scheduled from follow-on schedule check
