[2026-04-03T17:54:20.531+0000] {taskinstance.py:1159} INFO - Dependencies all met for dep_context=non-requeueable deps ti=<TaskInstance: silver_spark_processor.process_silver_customers scheduled__2026-04-02T00:00:00+00:00 [queued]>
[2026-04-03T17:54:20.538+0000] {taskinstance.py:1159} INFO - Dependencies all met for dep_context=requeueable deps ti=<TaskInstance: silver_spark_processor.process_silver_customers scheduled__2026-04-02T00:00:00+00:00 [queued]>
[2026-04-03T17:54:20.539+0000] {taskinstance.py:1361} INFO - Starting attempt 34 of 34
[2026-04-03T17:54:20.553+0000] {taskinstance.py:1382} INFO - Executing <Task(SparkSubmitOperator): process_silver_customers> on 2026-04-02 00:00:00+00:00
[2026-04-03T17:54:20.559+0000] {standard_task_runner.py:57} INFO - Started process 831 to run task
[2026-04-03T17:54:20.563+0000] {standard_task_runner.py:84} INFO - Running: ['airflow', 'tasks', 'run', 'silver_spark_processor', 'process_silver_customers', 'scheduled__2026-04-02T00:00:00+00:00', '--job-id', '655', '--raw', '--subdir', 'DAGS_FOLDER/silver_processor_dag.py', '--cfg-path', '/tmp/tmpy0dir03z']
[2026-04-03T17:54:20.565+0000] {standard_task_runner.py:85} INFO - Job 655: Subtask process_silver_customers
[2026-04-03T17:54:20.622+0000] {task_command.py:416} INFO - Running <TaskInstance: silver_spark_processor.process_silver_customers scheduled__2026-04-02T00:00:00+00:00 [running]> on host da4c1e7b19e0
[2026-04-03T17:54:20.720+0000] {taskinstance.py:1662} INFO - Exporting env vars: AIRFLOW_CTX_DAG_OWNER='data-team' AIRFLOW_CTX_DAG_ID='silver_spark_processor' AIRFLOW_CTX_TASK_ID='process_silver_customers' AIRFLOW_CTX_EXECUTION_DATE='2026-04-02T00:00:00+00:00' AIRFLOW_CTX_TRY_NUMBER='34' AIRFLOW_CTX_DAG_RUN_ID='scheduled__2026-04-02T00:00:00+00:00'
[2026-04-03T17:54:20.732+0000] {base.py:73} INFO - Using connection ID 'spark_default' for task execution.
[2026-04-03T17:54:20.734+0000] {spark_submit.py:340} INFO - Spark-Submit cmd: spark-submit --master spark://spark-master:7077 --conf spark.sql.extensions=io.delta.sql.DeltaSparkSessionExtension --conf spark.sql.catalog.spark_catalog=org.apache.spark.sql.delta.catalog.DeltaCatalog --conf spark.databricks.delta.schema.autoMerge.enabled=true --conf spark.hadoop.fs.s3a.endpoint=http://minio:9000 --conf spark.hadoop.fs.s3a.access.key=minio --conf spark.hadoop.fs.s3a.secret.key=****** --conf spark.hadoop.fs.s3a.path.style.access=true --conf spark.hadoop.fs.s3a.connection.ssl.enabled=false --conf spark.hadoop.fs.s3a.impl=org.apache.hadoop.fs.s3a.S3AFileSystem --conf spark.sql.parquet.enableVectorizedReader=false --conf spark.sql.legacy.parquet.nanosAsLong=true --conf spark.sql.parquet.int64RebaseModeInRead=LEGACY --conf spark.sql.parquet.datetimeRebaseModeInRead=LEGACY --jars /opt/airflow/etl/jars/hadoop-aws-3.3.2.jar,/opt/airflow/etl/jars/aws-java-sdk-bundle-1.11.1026.jar,/opt/airflow/etl/jars/delta-core_2.12-2.3.0.jar,/opt/airflow/etl/jars/delta-storage-2.3.0.jar,/opt/airflow/etl/jars/mysql-connector-java-8.0.28.jar --executor-cores 1 --executor-memory 1g --driver-memory 512m --name airflow_silver_customers --verbose /opt/airflow/etl/silver/main_silver.py --table_name customers --merge_key customer_id --is_cdc false --json_schema 
[2026-04-03T17:54:20.872+0000] {spark_submit.py:491} INFO - /home/airflow/.local/lib/python3.10/site-packages/pyspark/bin/load-spark-env.sh: line 68: ps: command not found
[2026-04-03T17:54:22.552+0000] {spark_submit.py:491} INFO - Using properties file: null
[2026-04-03T17:54:22.658+0000] {spark_submit.py:491} INFO - Parsed arguments:
[2026-04-03T17:54:22.658+0000] {spark_submit.py:491} INFO - master                  spark://spark-master:7077
[2026-04-03T17:54:22.658+0000] {spark_submit.py:491} INFO - deployMode              null
[2026-04-03T17:54:22.658+0000] {spark_submit.py:491} INFO - executorMemory          1g
[2026-04-03T17:54:22.658+0000] {spark_submit.py:491} INFO - executorCores           1
[2026-04-03T17:54:22.658+0000] {spark_submit.py:491} INFO - totalExecutorCores      null
[2026-04-03T17:54:22.658+0000] {spark_submit.py:491} INFO - propertiesFile          null
[2026-04-03T17:54:22.658+0000] {spark_submit.py:491} INFO - driverMemory            512m
[2026-04-03T17:54:22.658+0000] {spark_submit.py:491} INFO - driverCores             null
[2026-04-03T17:54:22.658+0000] {spark_submit.py:491} INFO - driverExtraClassPath    null
[2026-04-03T17:54:22.659+0000] {spark_submit.py:491} INFO - driverExtraLibraryPath  null
[2026-04-03T17:54:22.659+0000] {spark_submit.py:491} INFO - driverExtraJavaOptions  null
[2026-04-03T17:54:22.659+0000] {spark_submit.py:491} INFO - supervise               false
[2026-04-03T17:54:22.659+0000] {spark_submit.py:491} INFO - queue                   null
[2026-04-03T17:54:22.659+0000] {spark_submit.py:491} INFO - numExecutors            null
[2026-04-03T17:54:22.659+0000] {spark_submit.py:491} INFO - files                   null
[2026-04-03T17:54:22.659+0000] {spark_submit.py:491} INFO - pyFiles                 null
[2026-04-03T17:54:22.659+0000] {spark_submit.py:491} INFO - archives                null
[2026-04-03T17:54:22.659+0000] {spark_submit.py:491} INFO - mainClass               null
[2026-04-03T17:54:22.659+0000] {spark_submit.py:491} INFO - primaryResource         file:/opt/airflow/etl/silver/main_silver.py
[2026-04-03T17:54:22.660+0000] {spark_submit.py:491} INFO - name                    airflow_silver_customers
[2026-04-03T17:54:22.660+0000] {spark_submit.py:491} INFO - childArgs               [--table_name customers --merge_key customer_id --is_cdc false --json_schema ]
[2026-04-03T17:54:22.660+0000] {spark_submit.py:491} INFO - jars                    file:/opt/airflow/etl/jars/hadoop-aws-3.3.2.jar,file:/opt/airflow/etl/jars/aws-java-sdk-bundle-1.11.1026.jar,file:/opt/airflow/etl/jars/delta-core_2.12-2.3.0.jar,file:/opt/airflow/etl/jars/delta-storage-2.3.0.jar,file:/opt/airflow/etl/jars/mysql-connector-java-8.0.28.jar
[2026-04-03T17:54:22.660+0000] {spark_submit.py:491} INFO - packages                null
[2026-04-03T17:54:22.660+0000] {spark_submit.py:491} INFO - packagesExclusions      null
[2026-04-03T17:54:22.660+0000] {spark_submit.py:491} INFO - repositories            null
[2026-04-03T17:54:22.660+0000] {spark_submit.py:491} INFO - verbose                 true
[2026-04-03T17:54:22.660+0000] {spark_submit.py:491} INFO - 
[2026-04-03T17:54:22.660+0000] {spark_submit.py:491} INFO - Spark properties used, including those specified through
[2026-04-03T17:54:22.660+0000] {spark_submit.py:491} INFO - --conf and those from the properties file null:
[2026-04-03T17:54:22.660+0000] {spark_submit.py:491} INFO - (spark.databricks.delta.schema.autoMerge.enabled,true)
[2026-04-03T17:54:22.660+0000] {spark_submit.py:491} INFO - (spark.driver.memory,512m)
[2026-04-03T17:54:22.660+0000] {spark_submit.py:491} INFO - (spark.hadoop.fs.s3a.access.key,*********(redacted))
[2026-04-03T17:54:22.660+0000] {spark_submit.py:491} INFO - (spark.hadoop.fs.s3a.connection.ssl.enabled,false)
[2026-04-03T17:54:22.661+0000] {spark_submit.py:491} INFO - (spark.hadoop.fs.s3a.endpoint,http://minio:9000)
[2026-04-03T17:54:22.661+0000] {spark_submit.py:491} INFO - (spark.hadoop.fs.s3a.impl,org.apache.hadoop.fs.s3a.S3AFileSystem)
[2026-04-03T17:54:22.661+0000] {spark_submit.py:491} INFO - (spark.hadoop.fs.s3a.path.style.access,true)
[2026-04-03T17:54:22.661+0000] {spark_submit.py:491} INFO - (spark.hadoop.fs.s3a.secret.key,*********(redacted))
[2026-04-03T17:54:22.661+0000] {spark_submit.py:491} INFO - (spark.sql.catalog.spark_catalog,org.apache.spark.sql.delta.catalog.DeltaCatalog)
[2026-04-03T17:54:22.661+0000] {spark_submit.py:491} INFO - (spark.sql.extensions,io.delta.sql.DeltaSparkSessionExtension)
[2026-04-03T17:54:22.661+0000] {spark_submit.py:491} INFO - (spark.sql.legacy.parquet.nanosAsLong,true)
[2026-04-03T17:54:22.661+0000] {spark_submit.py:491} INFO - (spark.sql.parquet.datetimeRebaseModeInRead,LEGACY)
[2026-04-03T17:54:22.661+0000] {spark_submit.py:491} INFO - (spark.sql.parquet.enableVectorizedReader,false)
[2026-04-03T17:54:22.661+0000] {spark_submit.py:491} INFO - (spark.sql.parquet.int64RebaseModeInRead,LEGACY)
[2026-04-03T17:54:22.661+0000] {spark_submit.py:491} INFO - 
[2026-04-03T17:54:22.661+0000] {spark_submit.py:491} INFO - 
[2026-04-03T17:54:23.027+0000] {spark_submit.py:491} INFO - 26/04/03 17:54:23 WARN NativeCodeLoader: Unable to load native-hadoop library for your platform... using builtin-java classes where applicable
[2026-04-03T17:54:23.207+0000] {spark_submit.py:491} INFO - Main class:
[2026-04-03T17:54:23.208+0000] {spark_submit.py:491} INFO - org.apache.spark.deploy.PythonRunner
[2026-04-03T17:54:23.208+0000] {spark_submit.py:491} INFO - Arguments:
[2026-04-03T17:54:23.208+0000] {spark_submit.py:491} INFO - file:/opt/airflow/etl/silver/main_silver.py
[2026-04-03T17:54:23.208+0000] {spark_submit.py:491} INFO - null
[2026-04-03T17:54:23.208+0000] {spark_submit.py:491} INFO - --table_name
[2026-04-03T17:54:23.209+0000] {spark_submit.py:491} INFO - customers
[2026-04-03T17:54:23.209+0000] {spark_submit.py:491} INFO - --merge_key
[2026-04-03T17:54:23.209+0000] {spark_submit.py:491} INFO - customer_id
[2026-04-03T17:54:23.209+0000] {spark_submit.py:491} INFO - --is_cdc
[2026-04-03T17:54:23.209+0000] {spark_submit.py:491} INFO - false
[2026-04-03T17:54:23.209+0000] {spark_submit.py:491} INFO - --json_schema
[2026-04-03T17:54:23.209+0000] {spark_submit.py:491} INFO - 
[2026-04-03T17:54:23.211+0000] {spark_submit.py:491} INFO - Spark config:
[2026-04-03T17:54:23.211+0000] {spark_submit.py:491} INFO - (spark.app.name,airflow_silver_customers)
[2026-04-03T17:54:23.211+0000] {spark_submit.py:491} INFO - (spark.app.submitTime,1775238863191)
[2026-04-03T17:54:23.211+0000] {spark_submit.py:491} INFO - (spark.databricks.delta.schema.autoMerge.enabled,true)
[2026-04-03T17:54:23.211+0000] {spark_submit.py:491} INFO - (spark.driver.memory,512m)
[2026-04-03T17:54:23.211+0000] {spark_submit.py:491} INFO - (spark.executor.cores,1)
[2026-04-03T17:54:23.212+0000] {spark_submit.py:491} INFO - (spark.executor.memory,1g)
[2026-04-03T17:54:23.212+0000] {spark_submit.py:491} INFO - (spark.hadoop.fs.s3a.access.key,*********(redacted))
[2026-04-03T17:54:23.212+0000] {spark_submit.py:491} INFO - (spark.hadoop.fs.s3a.connection.ssl.enabled,false)
[2026-04-03T17:54:23.212+0000] {spark_submit.py:491} INFO - (spark.hadoop.fs.s3a.endpoint,http://minio:9000)
[2026-04-03T17:54:23.212+0000] {spark_submit.py:491} INFO - (spark.hadoop.fs.s3a.impl,org.apache.hadoop.fs.s3a.S3AFileSystem)
[2026-04-03T17:54:23.212+0000] {spark_submit.py:491} INFO - (spark.hadoop.fs.s3a.path.style.access,true)
[2026-04-03T17:54:23.212+0000] {spark_submit.py:491} INFO - (spark.hadoop.fs.s3a.secret.key,*********(redacted))
[2026-04-03T17:54:23.212+0000] {spark_submit.py:491} INFO - (spark.jars,file:///opt/airflow/etl/jars/hadoop-aws-3.3.2.jar,file:///opt/airflow/etl/jars/aws-java-sdk-bundle-1.11.1026.jar,file:///opt/airflow/etl/jars/delta-core_2.12-2.3.0.jar,file:///opt/airflow/etl/jars/delta-storage-2.3.0.jar,file:///opt/airflow/etl/jars/mysql-connector-java-8.0.28.jar)
[2026-04-03T17:54:23.212+0000] {spark_submit.py:491} INFO - (spark.master,spark://spark-master:7077)
[2026-04-03T17:54:23.212+0000] {spark_submit.py:491} INFO - (spark.repl.local.jars,file:///opt/airflow/etl/jars/hadoop-aws-3.3.2.jar,file:///opt/airflow/etl/jars/aws-java-sdk-bundle-1.11.1026.jar,file:///opt/airflow/etl/jars/delta-core_2.12-2.3.0.jar,file:///opt/airflow/etl/jars/delta-storage-2.3.0.jar,file:///opt/airflow/etl/jars/mysql-connector-java-8.0.28.jar)
[2026-04-03T17:54:23.213+0000] {spark_submit.py:491} INFO - (spark.sql.catalog.spark_catalog,org.apache.spark.sql.delta.catalog.DeltaCatalog)
[2026-04-03T17:54:23.213+0000] {spark_submit.py:491} INFO - (spark.sql.extensions,io.delta.sql.DeltaSparkSessionExtension)
[2026-04-03T17:54:23.213+0000] {spark_submit.py:491} INFO - (spark.sql.legacy.parquet.nanosAsLong,true)
[2026-04-03T17:54:23.213+0000] {spark_submit.py:491} INFO - (spark.sql.parquet.datetimeRebaseModeInRead,LEGACY)
[2026-04-03T17:54:23.213+0000] {spark_submit.py:491} INFO - (spark.sql.parquet.enableVectorizedReader,false)
[2026-04-03T17:54:23.213+0000] {spark_submit.py:491} INFO - (spark.sql.parquet.int64RebaseModeInRead,LEGACY)
[2026-04-03T17:54:23.213+0000] {spark_submit.py:491} INFO - (spark.submit.deployMode,client)
[2026-04-03T17:54:23.213+0000] {spark_submit.py:491} INFO - (spark.submit.pyFiles,)
[2026-04-03T17:54:23.213+0000] {spark_submit.py:491} INFO - Classpath elements:
[2026-04-03T17:54:23.213+0000] {spark_submit.py:491} INFO - file:///opt/airflow/etl/jars/hadoop-aws-3.3.2.jar
[2026-04-03T17:54:23.213+0000] {spark_submit.py:491} INFO - file:///opt/airflow/etl/jars/aws-java-sdk-bundle-1.11.1026.jar
[2026-04-03T17:54:23.213+0000] {spark_submit.py:491} INFO - file:///opt/airflow/etl/jars/delta-core_2.12-2.3.0.jar
[2026-04-03T17:54:23.213+0000] {spark_submit.py:491} INFO - file:///opt/airflow/etl/jars/delta-storage-2.3.0.jar
[2026-04-03T17:54:23.213+0000] {spark_submit.py:491} INFO - file:///opt/airflow/etl/jars/mysql-connector-java-8.0.28.jar
[2026-04-03T17:54:23.214+0000] {spark_submit.py:491} INFO - 
[2026-04-03T17:54:23.214+0000] {spark_submit.py:491} INFO - 
[2026-04-03T17:54:24.194+0000] {spark_submit.py:491} INFO - INFO:__main__:Khởi tạo Spark Job cho bảng: customers
[2026-04-03T17:54:24.300+0000] {spark_submit.py:491} INFO - 26/04/03 17:54:24 INFO SparkContext: Running Spark version 3.3.2
[2026-04-03T17:54:24.332+0000] {spark_submit.py:491} INFO - 26/04/03 17:54:24 INFO ResourceUtils: ==============================================================
[2026-04-03T17:54:24.332+0000] {spark_submit.py:491} INFO - 26/04/03 17:54:24 INFO ResourceUtils: No custom resources configured for spark.driver.
[2026-04-03T17:54:24.333+0000] {spark_submit.py:491} INFO - 26/04/03 17:54:24 INFO ResourceUtils: ==============================================================
[2026-04-03T17:54:24.333+0000] {spark_submit.py:491} INFO - 26/04/03 17:54:24 INFO SparkContext: Submitted application: Silver_Processor_customers
[2026-04-03T17:54:24.357+0000] {spark_submit.py:491} INFO - 26/04/03 17:54:24 INFO ResourceProfile: Default ResourceProfile created, executor resources: Map(cores -> name: cores, amount: 1, script: , vendor: , memory -> name: memory, amount: 1024, script: , vendor: , offHeap -> name: offHeap, amount: 0, script: , vendor: ), task resources: Map(cpus -> name: cpus, amount: 1.0)
[2026-04-03T17:54:24.369+0000] {spark_submit.py:491} INFO - 26/04/03 17:54:24 INFO ResourceProfile: Limiting resource is cpus at 1 tasks per executor
[2026-04-03T17:54:24.371+0000] {spark_submit.py:491} INFO - 26/04/03 17:54:24 INFO ResourceProfileManager: Added ResourceProfile id: 0
[2026-04-03T17:54:24.425+0000] {spark_submit.py:491} INFO - 26/04/03 17:54:24 INFO SecurityManager: Changing view acls to: airflow
[2026-04-03T17:54:24.425+0000] {spark_submit.py:491} INFO - 26/04/03 17:54:24 INFO SecurityManager: Changing modify acls to: airflow
[2026-04-03T17:54:24.426+0000] {spark_submit.py:491} INFO - 26/04/03 17:54:24 INFO SecurityManager: Changing view acls groups to:
[2026-04-03T17:54:24.426+0000] {spark_submit.py:491} INFO - 26/04/03 17:54:24 INFO SecurityManager: Changing modify acls groups to:
[2026-04-03T17:54:24.427+0000] {spark_submit.py:491} INFO - 26/04/03 17:54:24 INFO SecurityManager: SecurityManager: authentication disabled; ui acls disabled; users  with view permissions: Set(airflow); groups with view permissions: Set(); users  with modify permissions: Set(airflow); groups with modify permissions: Set()
[2026-04-03T17:54:24.697+0000] {spark_submit.py:491} INFO - 26/04/03 17:54:24 INFO Utils: Successfully started service 'sparkDriver' on port 33161.
[2026-04-03T17:54:24.737+0000] {spark_submit.py:491} INFO - 26/04/03 17:54:24 INFO SparkEnv: Registering MapOutputTracker
[2026-04-03T17:54:24.777+0000] {spark_submit.py:491} INFO - 26/04/03 17:54:24 INFO SparkEnv: Registering BlockManagerMaster
[2026-04-03T17:54:24.799+0000] {spark_submit.py:491} INFO - 26/04/03 17:54:24 INFO BlockManagerMasterEndpoint: Using org.apache.spark.storage.DefaultTopologyMapper for getting topology information
[2026-04-03T17:54:24.800+0000] {spark_submit.py:491} INFO - 26/04/03 17:54:24 INFO BlockManagerMasterEndpoint: BlockManagerMasterEndpoint up
[2026-04-03T17:54:24.806+0000] {spark_submit.py:491} INFO - 26/04/03 17:54:24 INFO SparkEnv: Registering BlockManagerMasterHeartbeat
[2026-04-03T17:54:24.832+0000] {spark_submit.py:491} INFO - 26/04/03 17:54:24 INFO DiskBlockManager: Created local directory at /tmp/blockmgr-3c91789d-ddf7-4cb9-813d-237291cbdefb
[2026-04-03T17:54:24.851+0000] {spark_submit.py:491} INFO - 26/04/03 17:54:24 INFO MemoryStore: MemoryStore started with capacity 127.2 MiB
[2026-04-03T17:54:24.869+0000] {spark_submit.py:491} INFO - 26/04/03 17:54:24 INFO SparkEnv: Registering OutputCommitCoordinator
[2026-04-03T17:54:25.103+0000] {spark_submit.py:491} INFO - 26/04/03 17:54:25 INFO Utils: Successfully started service 'SparkUI' on port 4040.
[2026-04-03T17:54:25.136+0000] {spark_submit.py:491} INFO - 26/04/03 17:54:25 INFO SparkContext: Added JAR file:///opt/airflow/etl/jars/hadoop-aws-3.3.2.jar at spark://da4c1e7b19e0:33161/jars/hadoop-aws-3.3.2.jar with timestamp 1775238864289
[2026-04-03T17:54:25.136+0000] {spark_submit.py:491} INFO - 26/04/03 17:54:25 INFO SparkContext: Added JAR file:///opt/airflow/etl/jars/aws-java-sdk-bundle-1.11.1026.jar at spark://da4c1e7b19e0:33161/jars/aws-java-sdk-bundle-1.11.1026.jar with timestamp 1775238864289
[2026-04-03T17:54:25.137+0000] {spark_submit.py:491} INFO - 26/04/03 17:54:25 INFO SparkContext: Added JAR file:///opt/airflow/etl/jars/delta-core_2.12-2.3.0.jar at spark://da4c1e7b19e0:33161/jars/delta-core_2.12-2.3.0.jar with timestamp 1775238864289
[2026-04-03T17:54:25.137+0000] {spark_submit.py:491} INFO - 26/04/03 17:54:25 INFO SparkContext: Added JAR file:///opt/airflow/etl/jars/delta-storage-2.3.0.jar at spark://da4c1e7b19e0:33161/jars/delta-storage-2.3.0.jar with timestamp 1775238864289
[2026-04-03T17:54:25.137+0000] {spark_submit.py:491} INFO - 26/04/03 17:54:25 INFO SparkContext: Added JAR file:///opt/airflow/etl/jars/mysql-connector-java-8.0.28.jar at spark://da4c1e7b19e0:33161/jars/mysql-connector-java-8.0.28.jar with timestamp 1775238864289
[2026-04-03T17:54:25.217+0000] {spark_submit.py:491} INFO - 26/04/03 17:54:25 INFO StandaloneAppClient$ClientEndpoint: Connecting to master spark://spark-master:7077...
[2026-04-03T17:54:25.268+0000] {spark_submit.py:491} INFO - 26/04/03 17:54:25 INFO TransportClientFactory: Successfully created connection to spark-master/172.18.0.4:7077 after 32 ms (0 ms spent in bootstraps)
[2026-04-03T17:54:25.364+0000] {spark_submit.py:491} INFO - 26/04/03 17:54:25 INFO StandaloneSchedulerBackend: Connected to Spark cluster with app ID app-20260403175425-0001
[2026-04-03T17:54:25.368+0000] {spark_submit.py:491} INFO - 26/04/03 17:54:25 INFO StandaloneAppClient$ClientEndpoint: Executor added: app-20260403175425-0001/0 on worker-20260403174515-172.18.0.12-38805 (172.18.0.12:38805) with 1 core(s)
[2026-04-03T17:54:25.371+0000] {spark_submit.py:491} INFO - 26/04/03 17:54:25 INFO StandaloneSchedulerBackend: Granted executor ID app-20260403175425-0001/0 on hostPort 172.18.0.12:38805 with 1 core(s), 1024.0 MiB RAM
[2026-04-03T17:54:25.372+0000] {spark_submit.py:491} INFO - 26/04/03 17:54:25 INFO StandaloneAppClient$ClientEndpoint: Executor added: app-20260403175425-0001/1 on worker-20260403174515-172.18.0.12-38805 (172.18.0.12:38805) with 1 core(s)
[2026-04-03T17:54:25.372+0000] {spark_submit.py:491} INFO - 26/04/03 17:54:25 INFO StandaloneSchedulerBackend: Granted executor ID app-20260403175425-0001/1 on hostPort 172.18.0.12:38805 with 1 core(s), 1024.0 MiB RAM
[2026-04-03T17:54:25.373+0000] {spark_submit.py:491} INFO - 26/04/03 17:54:25 INFO StandaloneAppClient$ClientEndpoint: Executor added: app-20260403175425-0001/2 on worker-20260403174515-172.18.0.12-38805 (172.18.0.12:38805) with 1 core(s)
[2026-04-03T17:54:25.374+0000] {spark_submit.py:491} INFO - 26/04/03 17:54:25 INFO StandaloneSchedulerBackend: Granted executor ID app-20260403175425-0001/2 on hostPort 172.18.0.12:38805 with 1 core(s), 1024.0 MiB RAM
[2026-04-03T17:54:25.375+0000] {spark_submit.py:491} INFO - 26/04/03 17:54:25 INFO StandaloneAppClient$ClientEndpoint: Executor added: app-20260403175425-0001/3 on worker-20260403174515-172.18.0.12-38805 (172.18.0.12:38805) with 1 core(s)
[2026-04-03T17:54:25.376+0000] {spark_submit.py:491} INFO - 26/04/03 17:54:25 INFO StandaloneSchedulerBackend: Granted executor ID app-20260403175425-0001/3 on hostPort 172.18.0.12:38805 with 1 core(s), 1024.0 MiB RAM
[2026-04-03T17:54:25.376+0000] {spark_submit.py:491} INFO - 26/04/03 17:54:25 INFO Utils: Successfully started service 'org.apache.spark.network.netty.NettyBlockTransferService' on port 46227.
[2026-04-03T17:54:25.376+0000] {spark_submit.py:491} INFO - 26/04/03 17:54:25 INFO NettyBlockTransferService: Server created on da4c1e7b19e0:46227
[2026-04-03T17:54:25.376+0000] {spark_submit.py:491} INFO - 26/04/03 17:54:25 INFO StandaloneAppClient$ClientEndpoint: Executor added: app-20260403175425-0001/4 on worker-20260403174515-172.18.0.12-38805 (172.18.0.12:38805) with 1 core(s)
[2026-04-03T17:54:25.377+0000] {spark_submit.py:491} INFO - 26/04/03 17:54:25 INFO StandaloneSchedulerBackend: Granted executor ID app-20260403175425-0001/4 on hostPort 172.18.0.12:38805 with 1 core(s), 1024.0 MiB RAM
[2026-04-03T17:54:25.378+0000] {spark_submit.py:491} INFO - 26/04/03 17:54:25 INFO StandaloneAppClient$ClientEndpoint: Executor added: app-20260403175425-0001/5 on worker-20260403174515-172.18.0.12-38805 (172.18.0.12:38805) with 1 core(s)
[2026-04-03T17:54:25.378+0000] {spark_submit.py:491} INFO - 26/04/03 17:54:25 INFO StandaloneSchedulerBackend: Granted executor ID app-20260403175425-0001/5 on hostPort 172.18.0.12:38805 with 1 core(s), 1024.0 MiB RAM
[2026-04-03T17:54:25.379+0000] {spark_submit.py:491} INFO - 26/04/03 17:54:25 INFO StandaloneAppClient$ClientEndpoint: Executor added: app-20260403175425-0001/6 on worker-20260403174515-172.18.0.12-38805 (172.18.0.12:38805) with 1 core(s)
[2026-04-03T17:54:25.379+0000] {spark_submit.py:491} INFO - 26/04/03 17:54:25 INFO BlockManager: Using org.apache.spark.storage.RandomBlockReplicationPolicy for block replication policy
[2026-04-03T17:54:25.380+0000] {spark_submit.py:491} INFO - 26/04/03 17:54:25 INFO StandaloneSchedulerBackend: Granted executor ID app-20260403175425-0001/6 on hostPort 172.18.0.12:38805 with 1 core(s), 1024.0 MiB RAM
[2026-04-03T17:54:25.380+0000] {spark_submit.py:491} INFO - 26/04/03 17:54:25 INFO StandaloneAppClient$ClientEndpoint: Executor added: app-20260403175425-0001/7 on worker-20260403174515-172.18.0.12-38805 (172.18.0.12:38805) with 1 core(s)
[2026-04-03T17:54:25.381+0000] {spark_submit.py:491} INFO - 26/04/03 17:54:25 INFO StandaloneSchedulerBackend: Granted executor ID app-20260403175425-0001/7 on hostPort 172.18.0.12:38805 with 1 core(s), 1024.0 MiB RAM
[2026-04-03T17:54:25.382+0000] {spark_submit.py:491} INFO - 26/04/03 17:54:25 INFO StandaloneAppClient$ClientEndpoint: Executor added: app-20260403175425-0001/8 on worker-20260403174515-172.18.0.12-38805 (172.18.0.12:38805) with 1 core(s)
[2026-04-03T17:54:25.383+0000] {spark_submit.py:491} INFO - 26/04/03 17:54:25 INFO StandaloneSchedulerBackend: Granted executor ID app-20260403175425-0001/8 on hostPort 172.18.0.12:38805 with 1 core(s), 1024.0 MiB RAM
[2026-04-03T17:54:25.384+0000] {spark_submit.py:491} INFO - 26/04/03 17:54:25 INFO StandaloneAppClient$ClientEndpoint: Executor added: app-20260403175425-0001/9 on worker-20260403174515-172.18.0.12-38805 (172.18.0.12:38805) with 1 core(s)
[2026-04-03T17:54:25.384+0000] {spark_submit.py:491} INFO - 26/04/03 17:54:25 INFO StandaloneSchedulerBackend: Granted executor ID app-20260403175425-0001/9 on hostPort 172.18.0.12:38805 with 1 core(s), 1024.0 MiB RAM
[2026-04-03T17:54:25.385+0000] {spark_submit.py:491} INFO - 26/04/03 17:54:25 INFO StandaloneAppClient$ClientEndpoint: Executor added: app-20260403175425-0001/10 on worker-20260403174515-172.18.0.12-38805 (172.18.0.12:38805) with 1 core(s)
[2026-04-03T17:54:25.386+0000] {spark_submit.py:491} INFO - 26/04/03 17:54:25 INFO StandaloneSchedulerBackend: Granted executor ID app-20260403175425-0001/10 on hostPort 172.18.0.12:38805 with 1 core(s), 1024.0 MiB RAM
[2026-04-03T17:54:25.390+0000] {spark_submit.py:491} INFO - 26/04/03 17:54:25 INFO StandaloneAppClient$ClientEndpoint: Executor added: app-20260403175425-0001/11 on worker-20260403174515-172.18.0.12-38805 (172.18.0.12:38805) with 1 core(s)
[2026-04-03T17:54:25.392+0000] {spark_submit.py:491} INFO - 26/04/03 17:54:25 INFO StandaloneSchedulerBackend: Granted executor ID app-20260403175425-0001/11 on hostPort 172.18.0.12:38805 with 1 core(s), 1024.0 MiB RAM
[2026-04-03T17:54:25.396+0000] {spark_submit.py:491} INFO - 26/04/03 17:54:25 INFO BlockManagerMaster: Registering BlockManager BlockManagerId(driver, da4c1e7b19e0, 46227, None)
[2026-04-03T17:54:25.404+0000] {spark_submit.py:491} INFO - 26/04/03 17:54:25 INFO BlockManagerMasterEndpoint: Registering block manager da4c1e7b19e0:46227 with 127.2 MiB RAM, BlockManagerId(driver, da4c1e7b19e0, 46227, None)
[2026-04-03T17:54:25.410+0000] {spark_submit.py:491} INFO - 26/04/03 17:54:25 INFO BlockManagerMaster: Registered BlockManager BlockManagerId(driver, da4c1e7b19e0, 46227, None)
[2026-04-03T17:54:25.413+0000] {spark_submit.py:491} INFO - 26/04/03 17:54:25 INFO BlockManager: Initialized BlockManager: BlockManagerId(driver, da4c1e7b19e0, 46227, None)
[2026-04-03T17:54:25.477+0000] {spark_submit.py:491} INFO - 26/04/03 17:54:25 INFO StandaloneAppClient$ClientEndpoint: Executor updated: app-20260403175425-0001/10 is now RUNNING
[2026-04-03T17:54:25.477+0000] {spark_submit.py:491} INFO - 26/04/03 17:54:25 INFO StandaloneAppClient$ClientEndpoint: Executor updated: app-20260403175425-0001/8 is now RUNNING
[2026-04-03T17:54:25.482+0000] {spark_submit.py:491} INFO - 26/04/03 17:54:25 INFO StandaloneAppClient$ClientEndpoint: Executor updated: app-20260403175425-0001/7 is now RUNNING
[2026-04-03T17:54:25.488+0000] {spark_submit.py:491} INFO - 26/04/03 17:54:25 INFO StandaloneAppClient$ClientEndpoint: Executor updated: app-20260403175425-0001/9 is now RUNNING
[2026-04-03T17:54:25.488+0000] {spark_submit.py:491} INFO - 26/04/03 17:54:25 INFO StandaloneAppClient$ClientEndpoint: Executor updated: app-20260403175425-0001/11 is now RUNNING
[2026-04-03T17:54:25.493+0000] {spark_submit.py:491} INFO - 26/04/03 17:54:25 INFO StandaloneAppClient$ClientEndpoint: Executor updated: app-20260403175425-0001/6 is now RUNNING
[2026-04-03T17:54:25.498+0000] {spark_submit.py:491} INFO - 26/04/03 17:54:25 INFO StandaloneAppClient$ClientEndpoint: Executor updated: app-20260403175425-0001/0 is now RUNNING
[2026-04-03T17:54:25.504+0000] {spark_submit.py:491} INFO - 26/04/03 17:54:25 INFO StandaloneAppClient$ClientEndpoint: Executor updated: app-20260403175425-0001/3 is now RUNNING
[2026-04-03T17:54:25.509+0000] {spark_submit.py:491} INFO - 26/04/03 17:54:25 INFO StandaloneAppClient$ClientEndpoint: Executor updated: app-20260403175425-0001/4 is now RUNNING
[2026-04-03T17:54:25.513+0000] {spark_submit.py:491} INFO - 26/04/03 17:54:25 INFO StandaloneAppClient$ClientEndpoint: Executor updated: app-20260403175425-0001/5 is now RUNNING
[2026-04-03T17:54:25.522+0000] {spark_submit.py:491} INFO - 26/04/03 17:54:25 INFO StandaloneAppClient$ClientEndpoint: Executor updated: app-20260403175425-0001/1 is now RUNNING
[2026-04-03T17:54:25.523+0000] {spark_submit.py:491} INFO - 26/04/03 17:54:25 INFO StandaloneAppClient$ClientEndpoint: Executor updated: app-20260403175425-0001/2 is now RUNNING
[2026-04-03T17:54:25.909+0000] {spark_submit.py:491} INFO - 26/04/03 17:54:25 INFO StandaloneSchedulerBackend: SchedulerBackend is ready for scheduling beginning after reached minRegisteredResourcesRatio: 0.0
[2026-04-03T17:54:33.068+0000] {spark_submit.py:491} INFO - INFO:silver_processor: Bắt đầu xử lý lớp Silver cho bảng: customers | Chế độ CDC: False
[2026-04-03T17:54:33.069+0000] {spark_submit.py:491} INFO - INFO:silver_processor: Bắt đầu quét Data Nóng từ Bronze...
[2026-04-03T17:54:33.648+0000] {spark_submit.py:491} INFO - 26/04/03 17:54:33 WARN MetricsConfig: Cannot locate configuration: tried hadoop-metrics2-s3a-file-system.properties,hadoop-metrics2.properties
[2026-04-03T17:54:49.115+0000] {spark_submit.py:491} INFO - INFO:py4j.java_gateway:Callback Server Starting
[2026-04-03T17:54:49.116+0000] {spark_submit.py:491} INFO - INFO:py4j.java_gateway:Socket listening on ('127.0.0.1', 35131)
[2026-04-03T17:54:49.327+0000] {spark_submit.py:491} INFO - 26/04/03 17:54:49 WARN ResolveWriteToStream: spark.sql.adaptive.enabled is not supported in streaming DataFrames/Datasets and will be disabled.
[2026-04-03T17:54:50.487+0000] {spark_submit.py:491} INFO - INFO:py4j.clientserver:Python Server ready to receive messages
[2026-04-03T17:54:50.487+0000] {spark_submit.py:491} INFO - INFO:py4j.clientserver:Received command c on object id p0
[2026-04-03T17:55:31.445+0000] {spark_submit.py:491} INFO - 26/04/03 17:55:31 WARN package: Truncated the string representation of a plan since it was too large. This behavior can be adjusted by setting 'spark.sql.debug.maxToStringFields'.
[2026-04-03T17:55:41.488+0000] {spark_submit.py:491} INFO - INFO:silver_processor:   [Batch 0] Đã khởi tạo bảng Delta Lake lần đầu.
[2026-04-03T17:56:48.081+0000] {spark_submit.py:491} INFO - INFO:silver_processor: Hoàn thành quét Data Nóng cập nhật vào Silver.
[2026-04-03T17:56:48.168+0000] {spark_submit.py:491} INFO - INFO:silver_processor: Bắt đầu dò tìm 'bóng ma' Hard Delete...
