[2026-04-03T16:24:48.367+0000] {taskinstance.py:1159} INFO - Dependencies all met for dep_context=non-requeueable deps ti=<TaskInstance: silver_spark_processor.process_silver_customers scheduled__2026-04-02T00:00:00+00:00 [queued]>
[2026-04-03T16:24:48.376+0000] {taskinstance.py:1159} INFO - Dependencies all met for dep_context=requeueable deps ti=<TaskInstance: silver_spark_processor.process_silver_customers scheduled__2026-04-02T00:00:00+00:00 [queued]>
[2026-04-03T16:24:48.376+0000] {taskinstance.py:1361} INFO - Starting attempt 25 of 26
[2026-04-03T16:24:48.389+0000] {taskinstance.py:1382} INFO - Executing <Task(SparkSubmitOperator): process_silver_customers> on 2026-04-02 00:00:00+00:00
[2026-04-03T16:24:48.395+0000] {standard_task_runner.py:57} INFO - Started process 202 to run task
[2026-04-03T16:24:48.398+0000] {standard_task_runner.py:84} INFO - Running: ['airflow', 'tasks', 'run', 'silver_spark_processor', 'process_silver_customers', 'scheduled__2026-04-02T00:00:00+00:00', '--job-id', '631', '--raw', '--subdir', 'DAGS_FOLDER/silver_processor_dag.py', '--cfg-path', '/tmp/tmplu4p27h8']
[2026-04-03T16:24:48.400+0000] {standard_task_runner.py:85} INFO - Job 631: Subtask process_silver_customers
[2026-04-03T16:24:48.454+0000] {task_command.py:416} INFO - Running <TaskInstance: silver_spark_processor.process_silver_customers scheduled__2026-04-02T00:00:00+00:00 [running]> on host f094757a841d
[2026-04-03T16:24:48.553+0000] {taskinstance.py:1662} INFO - Exporting env vars: AIRFLOW_CTX_DAG_OWNER='data-team' AIRFLOW_CTX_DAG_ID='silver_spark_processor' AIRFLOW_CTX_TASK_ID='process_silver_customers' AIRFLOW_CTX_EXECUTION_DATE='2026-04-02T00:00:00+00:00' AIRFLOW_CTX_TRY_NUMBER='25' AIRFLOW_CTX_DAG_RUN_ID='scheduled__2026-04-02T00:00:00+00:00'
[2026-04-03T16:24:48.564+0000] {base.py:73} INFO - Using connection ID 'spark_default' for task execution.
[2026-04-03T16:24:48.566+0000] {spark_submit.py:340} INFO - Spark-Submit cmd: spark-submit --master spark://spark-master:7077 --conf spark.sql.extensions=io.delta.sql.DeltaSparkSessionExtension --conf spark.sql.catalog.spark_catalog=org.apache.spark.sql.delta.catalog.DeltaCatalog --conf spark.databricks.delta.schema.autoMerge.enabled=true --conf spark.hadoop.fs.s3a.endpoint=http://minio:9000 --conf spark.hadoop.fs.s3a.access.key=minio --conf spark.hadoop.fs.s3a.secret.key=****** --conf spark.hadoop.fs.s3a.path.style.access=true --conf spark.hadoop.fs.s3a.connection.ssl.enabled=false --conf spark.hadoop.fs.s3a.impl=org.apache.hadoop.fs.s3a.S3AFileSystem --jars /opt/airflow/etl/jars/hadoop-aws-3.3.2.jar,/opt/airflow/etl/jars/aws-java-sdk-bundle-1.11.1026.jar,/opt/airflow/etl/jars/delta-core_2.12-2.3.0.jar,/opt/airflow/etl/jars/delta-storage-2.3.0.jar --executor-cores 1 --executor-memory 1g --driver-memory 512m --name airflow_silver_customers --verbose /opt/airflow/etl/silver/main_silver.py --table_name customers --merge_key customer_id --is_cdc false --json_schema 
[2026-04-03T16:24:48.664+0000] {spark_submit.py:491} INFO - /home/airflow/.local/lib/python3.10/site-packages/pyspark/bin/load-spark-env.sh: line 68: ps: command not found
[2026-04-03T16:24:50.130+0000] {spark_submit.py:491} INFO - Using properties file: null
[2026-04-03T16:24:50.250+0000] {spark_submit.py:491} INFO - Parsed arguments:
[2026-04-03T16:24:50.251+0000] {spark_submit.py:491} INFO - master                  spark://spark-master:7077
[2026-04-03T16:24:50.251+0000] {spark_submit.py:491} INFO - deployMode              null
[2026-04-03T16:24:50.251+0000] {spark_submit.py:491} INFO - executorMemory          1g
[2026-04-03T16:24:50.251+0000] {spark_submit.py:491} INFO - executorCores           1
[2026-04-03T16:24:50.251+0000] {spark_submit.py:491} INFO - totalExecutorCores      null
[2026-04-03T16:24:50.251+0000] {spark_submit.py:491} INFO - propertiesFile          null
[2026-04-03T16:24:50.251+0000] {spark_submit.py:491} INFO - driverMemory            512m
[2026-04-03T16:24:50.251+0000] {spark_submit.py:491} INFO - driverCores             null
[2026-04-03T16:24:50.251+0000] {spark_submit.py:491} INFO - driverExtraClassPath    null
[2026-04-03T16:24:50.251+0000] {spark_submit.py:491} INFO - driverExtraLibraryPath  null
[2026-04-03T16:24:50.251+0000] {spark_submit.py:491} INFO - driverExtraJavaOptions  null
[2026-04-03T16:24:50.251+0000] {spark_submit.py:491} INFO - supervise               false
[2026-04-03T16:24:50.251+0000] {spark_submit.py:491} INFO - queue                   null
[2026-04-03T16:24:50.251+0000] {spark_submit.py:491} INFO - numExecutors            null
[2026-04-03T16:24:50.252+0000] {spark_submit.py:491} INFO - files                   null
[2026-04-03T16:24:50.252+0000] {spark_submit.py:491} INFO - pyFiles                 null
[2026-04-03T16:24:50.252+0000] {spark_submit.py:491} INFO - archives                null
[2026-04-03T16:24:50.252+0000] {spark_submit.py:491} INFO - mainClass               null
[2026-04-03T16:24:50.252+0000] {spark_submit.py:491} INFO - primaryResource         file:/opt/airflow/etl/silver/main_silver.py
[2026-04-03T16:24:50.252+0000] {spark_submit.py:491} INFO - name                    airflow_silver_customers
[2026-04-03T16:24:50.252+0000] {spark_submit.py:491} INFO - childArgs               [--table_name customers --merge_key customer_id --is_cdc false --json_schema ]
[2026-04-03T16:24:50.252+0000] {spark_submit.py:491} INFO - jars                    file:/opt/airflow/etl/jars/hadoop-aws-3.3.2.jar,file:/opt/airflow/etl/jars/aws-java-sdk-bundle-1.11.1026.jar,file:/opt/airflow/etl/jars/delta-core_2.12-2.3.0.jar,file:/opt/airflow/etl/jars/delta-storage-2.3.0.jar
[2026-04-03T16:24:50.252+0000] {spark_submit.py:491} INFO - packages                null
[2026-04-03T16:24:50.252+0000] {spark_submit.py:491} INFO - packagesExclusions      null
[2026-04-03T16:24:50.252+0000] {spark_submit.py:491} INFO - repositories            null
[2026-04-03T16:24:50.252+0000] {spark_submit.py:491} INFO - verbose                 true
[2026-04-03T16:24:50.252+0000] {spark_submit.py:491} INFO - 
[2026-04-03T16:24:50.252+0000] {spark_submit.py:491} INFO - Spark properties used, including those specified through
[2026-04-03T16:24:50.252+0000] {spark_submit.py:491} INFO - --conf and those from the properties file null:
[2026-04-03T16:24:50.252+0000] {spark_submit.py:491} INFO - (spark.databricks.delta.schema.autoMerge.enabled,true)
[2026-04-03T16:24:50.253+0000] {spark_submit.py:491} INFO - (spark.driver.memory,512m)
[2026-04-03T16:24:50.253+0000] {spark_submit.py:491} INFO - (spark.hadoop.fs.s3a.access.key,*********(redacted))
[2026-04-03T16:24:50.253+0000] {spark_submit.py:491} INFO - (spark.hadoop.fs.s3a.connection.ssl.enabled,false)
[2026-04-03T16:24:50.253+0000] {spark_submit.py:491} INFO - (spark.hadoop.fs.s3a.endpoint,http://minio:9000)
[2026-04-03T16:24:50.253+0000] {spark_submit.py:491} INFO - (spark.hadoop.fs.s3a.impl,org.apache.hadoop.fs.s3a.S3AFileSystem)
[2026-04-03T16:24:50.253+0000] {spark_submit.py:491} INFO - (spark.hadoop.fs.s3a.path.style.access,true)
[2026-04-03T16:24:50.253+0000] {spark_submit.py:491} INFO - (spark.hadoop.fs.s3a.secret.key,*********(redacted))
[2026-04-03T16:24:50.253+0000] {spark_submit.py:491} INFO - (spark.sql.catalog.spark_catalog,org.apache.spark.sql.delta.catalog.DeltaCatalog)
[2026-04-03T16:24:50.253+0000] {spark_submit.py:491} INFO - (spark.sql.extensions,io.delta.sql.DeltaSparkSessionExtension)
[2026-04-03T16:24:50.253+0000] {spark_submit.py:491} INFO - 
[2026-04-03T16:24:50.253+0000] {spark_submit.py:491} INFO - 
[2026-04-03T16:24:50.571+0000] {spark_submit.py:491} INFO - 26/04/03 16:24:50 WARN NativeCodeLoader: Unable to load native-hadoop library for your platform... using builtin-java classes where applicable
[2026-04-03T16:24:50.715+0000] {spark_submit.py:491} INFO - Main class:
[2026-04-03T16:24:50.716+0000] {spark_submit.py:491} INFO - org.apache.spark.deploy.PythonRunner
[2026-04-03T16:24:50.716+0000] {spark_submit.py:491} INFO - Arguments:
[2026-04-03T16:24:50.716+0000] {spark_submit.py:491} INFO - file:/opt/airflow/etl/silver/main_silver.py
[2026-04-03T16:24:50.716+0000] {spark_submit.py:491} INFO - null
[2026-04-03T16:24:50.716+0000] {spark_submit.py:491} INFO - --table_name
[2026-04-03T16:24:50.717+0000] {spark_submit.py:491} INFO - customers
[2026-04-03T16:24:50.717+0000] {spark_submit.py:491} INFO - --merge_key
[2026-04-03T16:24:50.717+0000] {spark_submit.py:491} INFO - customer_id
[2026-04-03T16:24:50.717+0000] {spark_submit.py:491} INFO - --is_cdc
[2026-04-03T16:24:50.717+0000] {spark_submit.py:491} INFO - false
[2026-04-03T16:24:50.717+0000] {spark_submit.py:491} INFO - --json_schema
[2026-04-03T16:24:50.717+0000] {spark_submit.py:491} INFO - 
[2026-04-03T16:24:50.719+0000] {spark_submit.py:491} INFO - Spark config:
[2026-04-03T16:24:50.720+0000] {spark_submit.py:491} INFO - (spark.app.name,airflow_silver_customers)
[2026-04-03T16:24:50.720+0000] {spark_submit.py:491} INFO - (spark.app.submitTime,1775233490702)
[2026-04-03T16:24:50.720+0000] {spark_submit.py:491} INFO - (spark.databricks.delta.schema.autoMerge.enabled,true)
[2026-04-03T16:24:50.720+0000] {spark_submit.py:491} INFO - (spark.driver.memory,512m)
[2026-04-03T16:24:50.720+0000] {spark_submit.py:491} INFO - (spark.executor.cores,1)
[2026-04-03T16:24:50.720+0000] {spark_submit.py:491} INFO - (spark.executor.memory,1g)
[2026-04-03T16:24:50.720+0000] {spark_submit.py:491} INFO - (spark.hadoop.fs.s3a.access.key,*********(redacted))
[2026-04-03T16:24:50.720+0000] {spark_submit.py:491} INFO - (spark.hadoop.fs.s3a.connection.ssl.enabled,false)
[2026-04-03T16:24:50.720+0000] {spark_submit.py:491} INFO - (spark.hadoop.fs.s3a.endpoint,http://minio:9000)
[2026-04-03T16:24:50.721+0000] {spark_submit.py:491} INFO - (spark.hadoop.fs.s3a.impl,org.apache.hadoop.fs.s3a.S3AFileSystem)
[2026-04-03T16:24:50.721+0000] {spark_submit.py:491} INFO - (spark.hadoop.fs.s3a.path.style.access,true)
[2026-04-03T16:24:50.721+0000] {spark_submit.py:491} INFO - (spark.hadoop.fs.s3a.secret.key,*********(redacted))
[2026-04-03T16:24:50.721+0000] {spark_submit.py:491} INFO - (spark.jars,file:///opt/airflow/etl/jars/hadoop-aws-3.3.2.jar,file:///opt/airflow/etl/jars/aws-java-sdk-bundle-1.11.1026.jar,file:///opt/airflow/etl/jars/delta-core_2.12-2.3.0.jar,file:///opt/airflow/etl/jars/delta-storage-2.3.0.jar)
[2026-04-03T16:24:50.721+0000] {spark_submit.py:491} INFO - (spark.master,spark://spark-master:7077)
[2026-04-03T16:24:50.721+0000] {spark_submit.py:491} INFO - (spark.repl.local.jars,file:///opt/airflow/etl/jars/hadoop-aws-3.3.2.jar,file:///opt/airflow/etl/jars/aws-java-sdk-bundle-1.11.1026.jar,file:///opt/airflow/etl/jars/delta-core_2.12-2.3.0.jar,file:///opt/airflow/etl/jars/delta-storage-2.3.0.jar)
[2026-04-03T16:24:50.721+0000] {spark_submit.py:491} INFO - (spark.sql.catalog.spark_catalog,org.apache.spark.sql.delta.catalog.DeltaCatalog)
[2026-04-03T16:24:50.721+0000] {spark_submit.py:491} INFO - (spark.sql.extensions,io.delta.sql.DeltaSparkSessionExtension)
[2026-04-03T16:24:50.721+0000] {spark_submit.py:491} INFO - (spark.submit.deployMode,client)
[2026-04-03T16:24:50.721+0000] {spark_submit.py:491} INFO - (spark.submit.pyFiles,)
[2026-04-03T16:24:50.721+0000] {spark_submit.py:491} INFO - Classpath elements:
[2026-04-03T16:24:50.722+0000] {spark_submit.py:491} INFO - file:///opt/airflow/etl/jars/hadoop-aws-3.3.2.jar
[2026-04-03T16:24:50.722+0000] {spark_submit.py:491} INFO - file:///opt/airflow/etl/jars/aws-java-sdk-bundle-1.11.1026.jar
[2026-04-03T16:24:50.722+0000] {spark_submit.py:491} INFO - file:///opt/airflow/etl/jars/delta-core_2.12-2.3.0.jar
[2026-04-03T16:24:50.722+0000] {spark_submit.py:491} INFO - file:///opt/airflow/etl/jars/delta-storage-2.3.0.jar
[2026-04-03T16:24:50.722+0000] {spark_submit.py:491} INFO - 
[2026-04-03T16:24:50.722+0000] {spark_submit.py:491} INFO - 
[2026-04-03T16:24:51.589+0000] {spark_submit.py:491} INFO - INFO:__main__:Khởi tạo Spark Job cho bảng: customers
[2026-04-03T16:24:51.672+0000] {spark_submit.py:491} INFO - 26/04/03 16:24:51 INFO SparkContext: Running Spark version 3.3.2
[2026-04-03T16:24:51.698+0000] {spark_submit.py:491} INFO - 26/04/03 16:24:51 INFO ResourceUtils: ==============================================================
[2026-04-03T16:24:51.698+0000] {spark_submit.py:491} INFO - 26/04/03 16:24:51 INFO ResourceUtils: No custom resources configured for spark.driver.
[2026-04-03T16:24:51.698+0000] {spark_submit.py:491} INFO - 26/04/03 16:24:51 INFO ResourceUtils: ==============================================================
[2026-04-03T16:24:51.699+0000] {spark_submit.py:491} INFO - 26/04/03 16:24:51 INFO SparkContext: Submitted application: Silver_Processor_customers
[2026-04-03T16:24:51.717+0000] {spark_submit.py:491} INFO - 26/04/03 16:24:51 INFO ResourceProfile: Default ResourceProfile created, executor resources: Map(cores -> name: cores, amount: 1, script: , vendor: , memory -> name: memory, amount: 1024, script: , vendor: , offHeap -> name: offHeap, amount: 0, script: , vendor: ), task resources: Map(cpus -> name: cpus, amount: 1.0)
[2026-04-03T16:24:51.728+0000] {spark_submit.py:491} INFO - 26/04/03 16:24:51 INFO ResourceProfile: Limiting resource is cpus at 1 tasks per executor
[2026-04-03T16:24:51.730+0000] {spark_submit.py:491} INFO - 26/04/03 16:24:51 INFO ResourceProfileManager: Added ResourceProfile id: 0
[2026-04-03T16:24:51.773+0000] {spark_submit.py:491} INFO - 26/04/03 16:24:51 INFO SecurityManager: Changing view acls to: airflow
[2026-04-03T16:24:51.773+0000] {spark_submit.py:491} INFO - 26/04/03 16:24:51 INFO SecurityManager: Changing modify acls to: airflow
[2026-04-03T16:24:51.773+0000] {spark_submit.py:491} INFO - 26/04/03 16:24:51 INFO SecurityManager: Changing view acls groups to:
[2026-04-03T16:24:51.774+0000] {spark_submit.py:491} INFO - 26/04/03 16:24:51 INFO SecurityManager: Changing modify acls groups to:
[2026-04-03T16:24:51.774+0000] {spark_submit.py:491} INFO - 26/04/03 16:24:51 INFO SecurityManager: SecurityManager: authentication disabled; ui acls disabled; users  with view permissions: Set(airflow); groups with view permissions: Set(); users  with modify permissions: Set(airflow); groups with modify permissions: Set()
[2026-04-03T16:24:52.045+0000] {spark_submit.py:491} INFO - 26/04/03 16:24:52 INFO Utils: Successfully started service 'sparkDriver' on port 35705.
[2026-04-03T16:24:52.080+0000] {spark_submit.py:491} INFO - 26/04/03 16:24:52 INFO SparkEnv: Registering MapOutputTracker
[2026-04-03T16:24:52.113+0000] {spark_submit.py:491} INFO - 26/04/03 16:24:52 INFO SparkEnv: Registering BlockManagerMaster
[2026-04-03T16:24:52.130+0000] {spark_submit.py:491} INFO - 26/04/03 16:24:52 INFO BlockManagerMasterEndpoint: Using org.apache.spark.storage.DefaultTopologyMapper for getting topology information
[2026-04-03T16:24:52.131+0000] {spark_submit.py:491} INFO - 26/04/03 16:24:52 INFO BlockManagerMasterEndpoint: BlockManagerMasterEndpoint up
[2026-04-03T16:24:52.136+0000] {spark_submit.py:491} INFO - 26/04/03 16:24:52 INFO SparkEnv: Registering BlockManagerMasterHeartbeat
[2026-04-03T16:24:52.154+0000] {spark_submit.py:491} INFO - 26/04/03 16:24:52 INFO DiskBlockManager: Created local directory at /tmp/blockmgr-743d3689-a89f-4d3a-8f7d-487a2bf8063d
[2026-04-03T16:24:52.169+0000] {spark_submit.py:491} INFO - 26/04/03 16:24:52 INFO MemoryStore: MemoryStore started with capacity 127.2 MiB
[2026-04-03T16:24:52.183+0000] {spark_submit.py:491} INFO - 26/04/03 16:24:52 INFO SparkEnv: Registering OutputCommitCoordinator
[2026-04-03T16:24:52.362+0000] {spark_submit.py:491} INFO - 26/04/03 16:24:52 INFO Utils: Successfully started service 'SparkUI' on port 4040.
[2026-04-03T16:24:52.396+0000] {spark_submit.py:491} INFO - 26/04/03 16:24:52 INFO SparkContext: Added JAR file:///opt/airflow/etl/jars/hadoop-aws-3.3.2.jar at spark://f094757a841d:35705/jars/hadoop-aws-3.3.2.jar with timestamp 1775233491663
[2026-04-03T16:24:52.396+0000] {spark_submit.py:491} INFO - 26/04/03 16:24:52 INFO SparkContext: Added JAR file:///opt/airflow/etl/jars/aws-java-sdk-bundle-1.11.1026.jar at spark://f094757a841d:35705/jars/aws-java-sdk-bundle-1.11.1026.jar with timestamp 1775233491663
[2026-04-03T16:24:52.396+0000] {spark_submit.py:491} INFO - 26/04/03 16:24:52 INFO SparkContext: Added JAR file:///opt/airflow/etl/jars/delta-core_2.12-2.3.0.jar at spark://f094757a841d:35705/jars/delta-core_2.12-2.3.0.jar with timestamp 1775233491663
[2026-04-03T16:24:52.396+0000] {spark_submit.py:491} INFO - 26/04/03 16:24:52 INFO SparkContext: Added JAR file:///opt/airflow/etl/jars/delta-storage-2.3.0.jar at spark://f094757a841d:35705/jars/delta-storage-2.3.0.jar with timestamp 1775233491663
[2026-04-03T16:24:52.475+0000] {spark_submit.py:491} INFO - 26/04/03 16:24:52 INFO StandaloneAppClient$ClientEndpoint: Connecting to master spark://spark-master:7077...
[2026-04-03T16:24:52.519+0000] {spark_submit.py:491} INFO - 26/04/03 16:24:52 INFO TransportClientFactory: Successfully created connection to spark-master/172.18.0.6:7077 after 26 ms (0 ms spent in bootstraps)
[2026-04-03T16:24:52.652+0000] {spark_submit.py:491} INFO - 26/04/03 16:24:52 INFO StandaloneSchedulerBackend: Connected to Spark cluster with app ID app-20260403162452-0000
[2026-04-03T16:24:52.659+0000] {spark_submit.py:491} INFO - 26/04/03 16:24:52 INFO Utils: Successfully started service 'org.apache.spark.network.netty.NettyBlockTransferService' on port 41791.
[2026-04-03T16:24:52.659+0000] {spark_submit.py:491} INFO - 26/04/03 16:24:52 INFO NettyBlockTransferService: Server created on f094757a841d:41791
[2026-04-03T16:24:52.661+0000] {spark_submit.py:491} INFO - 26/04/03 16:24:52 INFO BlockManager: Using org.apache.spark.storage.RandomBlockReplicationPolicy for block replication policy
[2026-04-03T16:24:52.669+0000] {spark_submit.py:491} INFO - 26/04/03 16:24:52 INFO BlockManagerMaster: Registering BlockManager BlockManagerId(driver, f094757a841d, 41791, None)
[2026-04-03T16:24:52.673+0000] {spark_submit.py:491} INFO - 26/04/03 16:24:52 INFO BlockManagerMasterEndpoint: Registering block manager f094757a841d:41791 with 127.2 MiB RAM, BlockManagerId(driver, f094757a841d, 41791, None)
[2026-04-03T16:24:52.676+0000] {spark_submit.py:491} INFO - 26/04/03 16:24:52 INFO BlockManagerMaster: Registered BlockManager BlockManagerId(driver, f094757a841d, 41791, None)
[2026-04-03T16:24:52.677+0000] {spark_submit.py:491} INFO - 26/04/03 16:24:52 INFO BlockManager: Initialized BlockManager: BlockManagerId(driver, f094757a841d, 41791, None)
[2026-04-03T16:24:52.685+0000] {spark_submit.py:491} INFO - 26/04/03 16:24:52 INFO StandaloneAppClient$ClientEndpoint: Executor added: app-20260403162452-0000/0 on worker-20260403162332-172.18.0.12-38281 (172.18.0.12:38281) with 1 core(s)
[2026-04-03T16:24:52.690+0000] {spark_submit.py:491} INFO - 26/04/03 16:24:52 INFO StandaloneSchedulerBackend: Granted executor ID app-20260403162452-0000/0 on hostPort 172.18.0.12:38281 with 1 core(s), 1024.0 MiB RAM
[2026-04-03T16:24:52.690+0000] {spark_submit.py:491} INFO - 26/04/03 16:24:52 INFO StandaloneAppClient$ClientEndpoint: Executor added: app-20260403162452-0000/1 on worker-20260403162332-172.18.0.12-38281 (172.18.0.12:38281) with 1 core(s)
[2026-04-03T16:24:52.691+0000] {spark_submit.py:491} INFO - 26/04/03 16:24:52 INFO StandaloneSchedulerBackend: Granted executor ID app-20260403162452-0000/1 on hostPort 172.18.0.12:38281 with 1 core(s), 1024.0 MiB RAM
[2026-04-03T16:24:52.692+0000] {spark_submit.py:491} INFO - 26/04/03 16:24:52 INFO StandaloneAppClient$ClientEndpoint: Executor added: app-20260403162452-0000/2 on worker-20260403162332-172.18.0.12-38281 (172.18.0.12:38281) with 1 core(s)
[2026-04-03T16:24:52.693+0000] {spark_submit.py:491} INFO - 26/04/03 16:24:52 INFO StandaloneSchedulerBackend: Granted executor ID app-20260403162452-0000/2 on hostPort 172.18.0.12:38281 with 1 core(s), 1024.0 MiB RAM
[2026-04-03T16:24:52.693+0000] {spark_submit.py:491} INFO - 26/04/03 16:24:52 INFO StandaloneAppClient$ClientEndpoint: Executor added: app-20260403162452-0000/3 on worker-20260403162332-172.18.0.12-38281 (172.18.0.12:38281) with 1 core(s)
[2026-04-03T16:24:52.695+0000] {spark_submit.py:491} INFO - 26/04/03 16:24:52 INFO StandaloneSchedulerBackend: Granted executor ID app-20260403162452-0000/3 on hostPort 172.18.0.12:38281 with 1 core(s), 1024.0 MiB RAM
[2026-04-03T16:24:52.695+0000] {spark_submit.py:491} INFO - 26/04/03 16:24:52 INFO StandaloneAppClient$ClientEndpoint: Executor added: app-20260403162452-0000/4 on worker-20260403162332-172.18.0.12-38281 (172.18.0.12:38281) with 1 core(s)
[2026-04-03T16:24:52.696+0000] {spark_submit.py:491} INFO - 26/04/03 16:24:52 INFO StandaloneSchedulerBackend: Granted executor ID app-20260403162452-0000/4 on hostPort 172.18.0.12:38281 with 1 core(s), 1024.0 MiB RAM
[2026-04-03T16:24:52.696+0000] {spark_submit.py:491} INFO - 26/04/03 16:24:52 INFO StandaloneAppClient$ClientEndpoint: Executor added: app-20260403162452-0000/5 on worker-20260403162332-172.18.0.12-38281 (172.18.0.12:38281) with 1 core(s)
[2026-04-03T16:24:52.697+0000] {spark_submit.py:491} INFO - 26/04/03 16:24:52 INFO StandaloneSchedulerBackend: Granted executor ID app-20260403162452-0000/5 on hostPort 172.18.0.12:38281 with 1 core(s), 1024.0 MiB RAM
[2026-04-03T16:24:52.697+0000] {spark_submit.py:491} INFO - 26/04/03 16:24:52 INFO StandaloneAppClient$ClientEndpoint: Executor added: app-20260403162452-0000/6 on worker-20260403162332-172.18.0.12-38281 (172.18.0.12:38281) with 1 core(s)
[2026-04-03T16:24:52.698+0000] {spark_submit.py:491} INFO - 26/04/03 16:24:52 INFO StandaloneSchedulerBackend: Granted executor ID app-20260403162452-0000/6 on hostPort 172.18.0.12:38281 with 1 core(s), 1024.0 MiB RAM
[2026-04-03T16:24:52.702+0000] {spark_submit.py:491} INFO - 26/04/03 16:24:52 INFO StandaloneAppClient$ClientEndpoint: Executor added: app-20260403162452-0000/7 on worker-20260403162332-172.18.0.12-38281 (172.18.0.12:38281) with 1 core(s)
[2026-04-03T16:24:52.703+0000] {spark_submit.py:491} INFO - 26/04/03 16:24:52 INFO StandaloneSchedulerBackend: Granted executor ID app-20260403162452-0000/7 on hostPort 172.18.0.12:38281 with 1 core(s), 1024.0 MiB RAM
[2026-04-03T16:24:52.703+0000] {spark_submit.py:491} INFO - 26/04/03 16:24:52 INFO StandaloneAppClient$ClientEndpoint: Executor added: app-20260403162452-0000/8 on worker-20260403162332-172.18.0.12-38281 (172.18.0.12:38281) with 1 core(s)
[2026-04-03T16:24:52.704+0000] {spark_submit.py:491} INFO - 26/04/03 16:24:52 INFO StandaloneSchedulerBackend: Granted executor ID app-20260403162452-0000/8 on hostPort 172.18.0.12:38281 with 1 core(s), 1024.0 MiB RAM
[2026-04-03T16:24:52.705+0000] {spark_submit.py:491} INFO - 26/04/03 16:24:52 INFO StandaloneAppClient$ClientEndpoint: Executor added: app-20260403162452-0000/9 on worker-20260403162332-172.18.0.12-38281 (172.18.0.12:38281) with 1 core(s)
[2026-04-03T16:24:52.705+0000] {spark_submit.py:491} INFO - 26/04/03 16:24:52 INFO StandaloneSchedulerBackend: Granted executor ID app-20260403162452-0000/9 on hostPort 172.18.0.12:38281 with 1 core(s), 1024.0 MiB RAM
[2026-04-03T16:24:52.705+0000] {spark_submit.py:491} INFO - 26/04/03 16:24:52 INFO StandaloneAppClient$ClientEndpoint: Executor added: app-20260403162452-0000/10 on worker-20260403162332-172.18.0.12-38281 (172.18.0.12:38281) with 1 core(s)
[2026-04-03T16:24:52.706+0000] {spark_submit.py:491} INFO - 26/04/03 16:24:52 INFO StandaloneSchedulerBackend: Granted executor ID app-20260403162452-0000/10 on hostPort 172.18.0.12:38281 with 1 core(s), 1024.0 MiB RAM
[2026-04-03T16:24:52.706+0000] {spark_submit.py:491} INFO - 26/04/03 16:24:52 INFO StandaloneAppClient$ClientEndpoint: Executor added: app-20260403162452-0000/11 on worker-20260403162332-172.18.0.12-38281 (172.18.0.12:38281) with 1 core(s)
[2026-04-03T16:24:52.707+0000] {spark_submit.py:491} INFO - 26/04/03 16:24:52 INFO StandaloneSchedulerBackend: Granted executor ID app-20260403162452-0000/11 on hostPort 172.18.0.12:38281 with 1 core(s), 1024.0 MiB RAM
[2026-04-03T16:24:53.006+0000] {spark_submit.py:491} INFO - 26/04/03 16:24:53 INFO StandaloneAppClient$ClientEndpoint: Executor updated: app-20260403162452-0000/3 is now RUNNING
[2026-04-03T16:24:53.009+0000] {spark_submit.py:491} INFO - 26/04/03 16:24:53 INFO StandaloneAppClient$ClientEndpoint: Executor updated: app-20260403162452-0000/7 is now RUNNING
[2026-04-03T16:24:53.024+0000] {spark_submit.py:491} INFO - 26/04/03 16:24:53 INFO StandaloneAppClient$ClientEndpoint: Executor updated: app-20260403162452-0000/8 is now RUNNING
[2026-04-03T16:24:53.032+0000] {spark_submit.py:491} INFO - 26/04/03 16:24:53 INFO StandaloneAppClient$ClientEndpoint: Executor updated: app-20260403162452-0000/9 is now RUNNING
[2026-04-03T16:24:53.036+0000] {spark_submit.py:491} INFO - 26/04/03 16:24:53 INFO StandaloneAppClient$ClientEndpoint: Executor updated: app-20260403162452-0000/10 is now RUNNING
[2026-04-03T16:24:53.042+0000] {spark_submit.py:491} INFO - 26/04/03 16:24:53 INFO StandaloneAppClient$ClientEndpoint: Executor updated: app-20260403162452-0000/6 is now RUNNING
[2026-04-03T16:24:53.048+0000] {spark_submit.py:491} INFO - 26/04/03 16:24:53 INFO StandaloneAppClient$ClientEndpoint: Executor updated: app-20260403162452-0000/1 is now RUNNING
[2026-04-03T16:24:53.053+0000] {spark_submit.py:491} INFO - 26/04/03 16:24:53 INFO StandaloneAppClient$ClientEndpoint: Executor updated: app-20260403162452-0000/11 is now RUNNING
[2026-04-03T16:24:53.081+0000] {spark_submit.py:491} INFO - 26/04/03 16:24:53 INFO StandaloneAppClient$ClientEndpoint: Executor updated: app-20260403162452-0000/5 is now RUNNING
[2026-04-03T16:24:53.095+0000] {spark_submit.py:491} INFO - 26/04/03 16:24:53 INFO StandaloneSchedulerBackend: SchedulerBackend is ready for scheduling beginning after reached minRegisteredResourcesRatio: 0.0
[2026-04-03T16:24:53.095+0000] {spark_submit.py:491} INFO - 26/04/03 16:24:53 INFO StandaloneAppClient$ClientEndpoint: Executor updated: app-20260403162452-0000/2 is now RUNNING
[2026-04-03T16:24:53.104+0000] {spark_submit.py:491} INFO - 26/04/03 16:24:53 INFO StandaloneAppClient$ClientEndpoint: Executor updated: app-20260403162452-0000/4 is now RUNNING
[2026-04-03T16:24:53.104+0000] {spark_submit.py:491} INFO - 26/04/03 16:24:53 INFO StandaloneAppClient$ClientEndpoint: Executor updated: app-20260403162452-0000/0 is now RUNNING
[2026-04-03T16:24:55.194+0000] {spark_submit.py:491} INFO - INFO:silver_processor: Bắt đầu xử lý lớp Silver cho bảng: customers | Chế độ CDC: False
[2026-04-03T16:24:55.195+0000] {spark_submit.py:491} INFO - INFO:silver_processor: Bắt đầu quét Data Nóng từ Bronze...
[2026-04-03T16:24:55.715+0000] {spark_submit.py:491} INFO - 26/04/03 16:24:55 WARN MetricsConfig: Cannot locate configuration: tried hadoop-metrics2-s3a-file-system.properties,hadoop-metrics2.properties
[2026-04-03T16:24:58.352+0000] {spark_submit.py:491} INFO - ERROR:__main__:Lỗi khi xử lý lớp Silver bảng customers:
[2026-04-03T16:24:58.352+0000] {spark_submit.py:491} INFO - Schema must be specified when creating a streaming source DataFrame. If some
[2026-04-03T16:24:58.352+0000] {spark_submit.py:491} INFO - files already exist in the directory, then depending on the file format you
[2026-04-03T16:24:58.352+0000] {spark_submit.py:491} INFO - may be able to create a static DataFrame on that directory with
[2026-04-03T16:24:58.353+0000] {spark_submit.py:491} INFO - 'spark.read.load(directory)' and infer schema from it.
[2026-04-03T16:24:58.353+0000] {spark_submit.py:491} INFO - 
[2026-04-03T16:24:58.674+0000] {spark_submit.py:491} INFO - Traceback (most recent call last):
[2026-04-03T16:24:58.674+0000] {spark_submit.py:491} INFO - File "/opt/airflow/etl/silver/main_silver.py", line 59, in <module>
[2026-04-03T16:24:58.674+0000] {spark_submit.py:491} INFO - raise e
[2026-04-03T16:24:58.674+0000] {spark_submit.py:491} INFO - File "/opt/airflow/etl/silver/main_silver.py", line 48, in <module>
[2026-04-03T16:24:58.675+0000] {spark_submit.py:491} INFO - process_silver_layer(
[2026-04-03T16:24:58.675+0000] {spark_submit.py:491} INFO - File "/opt/airflow/etl/silver/silver_processor.py", line 78, in process_silver_layer
[2026-04-03T16:24:58.675+0000] {spark_submit.py:491} INFO - .load(bronze_path)
[2026-04-03T16:24:58.675+0000] {spark_submit.py:491} INFO - File "/home/airflow/.local/lib/python3.10/site-packages/pyspark/python/lib/pyspark.zip/pyspark/sql/streaming.py", line 467, in load
[2026-04-03T16:24:58.675+0000] {spark_submit.py:491} INFO - File "/home/airflow/.local/lib/python3.10/site-packages/pyspark/python/lib/py4j-0.10.9.5-src.zip/py4j/java_gateway.py", line 1321, in __call__
[2026-04-03T16:24:58.675+0000] {spark_submit.py:491} INFO - File "/home/airflow/.local/lib/python3.10/site-packages/pyspark/python/lib/pyspark.zip/pyspark/sql/utils.py", line 196, in deco
[2026-04-03T16:24:58.688+0000] {spark_submit.py:491} INFO - pyspark.sql.utils.IllegalArgumentException:
[2026-04-03T16:24:58.688+0000] {spark_submit.py:491} INFO - Schema must be specified when creating a streaming source DataFrame. If some
[2026-04-03T16:24:58.688+0000] {spark_submit.py:491} INFO - files already exist in the directory, then depending on the file format you
[2026-04-03T16:24:58.689+0000] {spark_submit.py:491} INFO - may be able to create a static DataFrame on that directory with
[2026-04-03T16:24:58.689+0000] {spark_submit.py:491} INFO - 'spark.read.load(directory)' and infer schema from it.
[2026-04-03T16:24:58.689+0000] {spark_submit.py:491} INFO - 
[2026-04-03T16:24:58.689+0000] {spark_submit.py:491} INFO - INFO:py4j.clientserver:Closing down clientserver connection
[2026-04-03T16:24:58.883+0000] {taskinstance.py:1937} ERROR - Task failed with exception
Traceback (most recent call last):
  File "/home/airflow/.local/lib/python3.10/site-packages/airflow/providers/apache/spark/operators/spark_submit.py", line 156, in execute
    self._hook.submit(self._application)
  File "/home/airflow/.local/lib/python3.10/site-packages/airflow/providers/apache/spark/hooks/spark_submit.py", line 422, in submit
    raise AirflowException(
airflow.exceptions.AirflowException: Cannot execute: spark-submit --master spark://spark-master:7077 --conf spark.sql.extensions=io.delta.sql.DeltaSparkSessionExtension --conf spark.sql.catalog.spark_catalog=org.apache.spark.sql.delta.catalog.DeltaCatalog --conf spark.databricks.delta.schema.autoMerge.enabled=true --conf spark.hadoop.fs.s3a.endpoint=http://minio:9000 --conf spark.hadoop.fs.s3a.access.key=minio --conf spark.hadoop.fs.s3a.secret.key=****** --conf spark.hadoop.fs.s3a.path.style.access=true --conf spark.hadoop.fs.s3a.connection.ssl.enabled=false --conf spark.hadoop.fs.s3a.impl=org.apache.hadoop.fs.s3a.S3AFileSystem --jars /opt/airflow/etl/jars/hadoop-aws-3.3.2.jar,/opt/airflow/etl/jars/aws-java-sdk-bundle-1.11.1026.jar,/opt/airflow/etl/jars/delta-core_2.12-2.3.0.jar,/opt/airflow/etl/jars/delta-storage-2.3.0.jar --executor-cores 1 --executor-memory 1g --driver-memory 512m --name airflow_silver_customers --verbose /opt/airflow/etl/silver/main_silver.py --table_name customers --merge_key customer_id --is_cdc false --json_schema . Error code is: 1.
[2026-04-03T16:24:58.887+0000] {taskinstance.py:1400} INFO - Marking task as UP_FOR_RETRY. dag_id=silver_spark_processor, task_id=process_silver_customers, execution_date=20260402T000000, start_date=20260403T162448, end_date=20260403T162458
[2026-04-03T16:24:58.910+0000] {standard_task_runner.py:104} ERROR - Failed to execute job 631 for task process_silver_customers (Cannot execute: spark-submit --master spark://spark-master:7077 --conf spark.sql.extensions=io.delta.sql.DeltaSparkSessionExtension --conf spark.sql.catalog.spark_catalog=org.apache.spark.sql.delta.catalog.DeltaCatalog --conf spark.databricks.delta.schema.autoMerge.enabled=true --conf spark.hadoop.fs.s3a.endpoint=http://minio:9000 --conf spark.hadoop.fs.s3a.access.key=minio --conf spark.hadoop.fs.s3a.secret.key=****** --conf spark.hadoop.fs.s3a.path.style.access=true --conf spark.hadoop.fs.s3a.connection.ssl.enabled=false --conf spark.hadoop.fs.s3a.impl=org.apache.hadoop.fs.s3a.S3AFileSystem --jars /opt/airflow/etl/jars/hadoop-aws-3.3.2.jar,/opt/airflow/etl/jars/aws-java-sdk-bundle-1.11.1026.jar,/opt/airflow/etl/jars/delta-core_2.12-2.3.0.jar,/opt/airflow/etl/jars/delta-storage-2.3.0.jar --executor-cores 1 --executor-memory 1g --driver-memory 512m --name airflow_silver_customers --verbose /opt/airflow/etl/silver/main_silver.py --table_name customers --merge_key customer_id --is_cdc false --json_schema . Error code is: 1.; 202)
[2026-04-03T16:24:58.922+0000] {local_task_job_runner.py:228} INFO - Task exited with return code 1
[2026-04-03T16:24:58.948+0000] {taskinstance.py:2778} INFO - 0 downstream tasks scheduled from follow-on schedule check
