[2026-04-03T12:13:12.321+0000] {taskinstance.py:1159} INFO - Dependencies all met for dep_context=non-requeueable deps ti=<TaskInstance: silver_spark_processor.process_silver_customers scheduled__2026-04-02T00:00:00+00:00 [queued]>
[2026-04-03T12:13:12.335+0000] {taskinstance.py:1159} INFO - Dependencies all met for dep_context=requeueable deps ti=<TaskInstance: silver_spark_processor.process_silver_customers scheduled__2026-04-02T00:00:00+00:00 [queued]>
[2026-04-03T12:13:12.336+0000] {taskinstance.py:1361} INFO - Starting attempt 3 of 4
[2026-04-03T12:13:12.358+0000] {taskinstance.py:1382} INFO - Executing <Task(SparkSubmitOperator): process_silver_customers> on 2026-04-02 00:00:00+00:00
[2026-04-03T12:13:12.372+0000] {standard_task_runner.py:57} INFO - Started process 206 to run task
[2026-04-03T12:13:12.382+0000] {standard_task_runner.py:84} INFO - Running: ['airflow', 'tasks', 'run', 'silver_spark_processor', 'process_silver_customers', 'scheduled__2026-04-02T00:00:00+00:00', '--job-id', '424', '--raw', '--subdir', 'DAGS_FOLDER/silver_processor_dag.py', '--cfg-path', '/tmp/tmp7pv95vfc']
[2026-04-03T12:13:12.386+0000] {standard_task_runner.py:85} INFO - Job 424: Subtask process_silver_customers
[2026-04-03T12:13:12.516+0000] {task_command.py:416} INFO - Running <TaskInstance: silver_spark_processor.process_silver_customers scheduled__2026-04-02T00:00:00+00:00 [running]> on host 61fefe962695
[2026-04-03T12:13:12.694+0000] {taskinstance.py:1662} INFO - Exporting env vars: AIRFLOW_CTX_DAG_OWNER='data-team' AIRFLOW_CTX_DAG_ID='silver_spark_processor' AIRFLOW_CTX_TASK_ID='process_silver_customers' AIRFLOW_CTX_EXECUTION_DATE='2026-04-02T00:00:00+00:00' AIRFLOW_CTX_TRY_NUMBER='3' AIRFLOW_CTX_DAG_RUN_ID='scheduled__2026-04-02T00:00:00+00:00'
[2026-04-03T12:13:12.718+0000] {base.py:73} INFO - Using connection ID 'spark_default' for task execution.
[2026-04-03T12:13:12.721+0000] {spark_submit.py:340} INFO - Spark-Submit cmd: spark-submit --master spark://spark-master:7077 --conf spark.sql.extensions=io.delta.sql.DeltaSparkSessionExtension --conf spark.sql.catalog.spark_catalog=org.apache.spark.sql.delta.catalog.DeltaCatalog --conf spark.databricks.delta.schema.autoMerge.enabled=true --jars /opt/airflow/etl/jars/hadoop-aws-3.3.2.jar,/opt/airflow/etl/jars/aws-java-sdk-bundle-1.11.1026.jar,/opt/airflow/etl/jars/delta-core_2.12-2.3.0.jar --executor-cores 1 --executor-memory 1g --driver-memory 1g --name airflow_silver_customers /opt/airflow/etl/silver/main_silver.py --table_name customers --merge_key customer_id --is_cdc false --json_schema 
[2026-04-03T12:13:12.936+0000] {spark_submit.py:491} INFO - /home/airflow/.local/lib/python3.10/site-packages/pyspark/bin/load-spark-env.sh: line 68: ps: command not found
[2026-04-03T12:13:19.031+0000] {spark_submit.py:491} INFO - 26/04/03 12:13:19 WARN NativeCodeLoader: Unable to load native-hadoop library for your platform... using builtin-java classes where applicable
[2026-04-03T12:13:21.504+0000] {spark_submit.py:491} INFO - INFO:__main__:Khởi tạo Spark Job cho bảng: customers
[2026-04-03T12:13:21.720+0000] {spark_submit.py:491} INFO - 26/04/03 12:13:21 INFO SparkContext: Running Spark version 3.3.2
[2026-04-03T12:13:21.825+0000] {spark_submit.py:491} INFO - 26/04/03 12:13:21 INFO ResourceUtils: ==============================================================
[2026-04-03T12:13:21.826+0000] {spark_submit.py:491} INFO - 26/04/03 12:13:21 INFO ResourceUtils: No custom resources configured for spark.driver.
[2026-04-03T12:13:21.826+0000] {spark_submit.py:491} INFO - 26/04/03 12:13:21 INFO ResourceUtils: ==============================================================
[2026-04-03T12:13:21.827+0000] {spark_submit.py:491} INFO - 26/04/03 12:13:21 INFO SparkContext: Submitted application: <class 'pyspark.sql.session.SparkSession'>
[2026-04-03T12:13:21.875+0000] {spark_submit.py:491} INFO - 26/04/03 12:13:21 INFO ResourceProfile: Default ResourceProfile created, executor resources: Map(cores -> name: cores, amount: 1, script: , vendor: , memory -> name: memory, amount: 1024, script: , vendor: , offHeap -> name: offHeap, amount: 0, script: , vendor: ), task resources: Map(cpus -> name: cpus, amount: 1.0)
[2026-04-03T12:13:21.906+0000] {spark_submit.py:491} INFO - 26/04/03 12:13:21 INFO ResourceProfile: Limiting resource is cpus at 1 tasks per executor
[2026-04-03T12:13:21.912+0000] {spark_submit.py:491} INFO - 26/04/03 12:13:21 INFO ResourceProfileManager: Added ResourceProfile id: 0
[2026-04-03T12:13:22.095+0000] {spark_submit.py:491} INFO - 26/04/03 12:13:22 INFO SecurityManager: Changing view acls to: airflow
[2026-04-03T12:13:22.097+0000] {spark_submit.py:491} INFO - 26/04/03 12:13:22 INFO SecurityManager: Changing modify acls to: airflow
[2026-04-03T12:13:22.102+0000] {spark_submit.py:491} INFO - 26/04/03 12:13:22 INFO SecurityManager: Changing view acls groups to:
[2026-04-03T12:13:22.102+0000] {spark_submit.py:491} INFO - 26/04/03 12:13:22 INFO SecurityManager: Changing modify acls groups to:
[2026-04-03T12:13:22.102+0000] {spark_submit.py:491} INFO - 26/04/03 12:13:22 INFO SecurityManager: SecurityManager: authentication disabled; ui acls disabled; users  with view permissions: Set(airflow); groups with view permissions: Set(); users  with modify permissions: Set(airflow); groups with modify permissions: Set()
[2026-04-03T12:13:23.056+0000] {spark_submit.py:491} INFO - 26/04/03 12:13:23 INFO Utils: Successfully started service 'sparkDriver' on port 38125.
[2026-04-03T12:13:23.221+0000] {spark_submit.py:491} INFO - 26/04/03 12:13:23 INFO SparkEnv: Registering MapOutputTracker
[2026-04-03T12:13:23.364+0000] {spark_submit.py:491} INFO - 26/04/03 12:13:23 INFO SparkEnv: Registering BlockManagerMaster
[2026-04-03T12:13:23.409+0000] {spark_submit.py:491} INFO - 26/04/03 12:13:23 INFO BlockManagerMasterEndpoint: Using org.apache.spark.storage.DefaultTopologyMapper for getting topology information
[2026-04-03T12:13:23.414+0000] {spark_submit.py:491} INFO - 26/04/03 12:13:23 INFO BlockManagerMasterEndpoint: BlockManagerMasterEndpoint up
[2026-04-03T12:13:23.442+0000] {spark_submit.py:491} INFO - 26/04/03 12:13:23 INFO SparkEnv: Registering BlockManagerMasterHeartbeat
[2026-04-03T12:13:23.556+0000] {spark_submit.py:491} INFO - 26/04/03 12:13:23 INFO DiskBlockManager: Created local directory at /tmp/blockmgr-2afbe6b7-8958-495b-a88e-495114c670a6
[2026-04-03T12:13:23.653+0000] {spark_submit.py:491} INFO - 26/04/03 12:13:23 INFO MemoryStore: MemoryStore started with capacity 434.4 MiB
[2026-04-03T12:13:23.700+0000] {spark_submit.py:491} INFO - 26/04/03 12:13:23 INFO SparkEnv: Registering OutputCommitCoordinator
[2026-04-03T12:13:24.407+0000] {spark_submit.py:491} INFO - 26/04/03 12:13:24 INFO Utils: Successfully started service 'SparkUI' on port 4040.
[2026-04-03T12:13:24.523+0000] {spark_submit.py:491} INFO - 26/04/03 12:13:24 INFO SparkContext: Added JAR file:///opt/airflow/etl/jars/hadoop-aws-3.3.2.jar at spark://61fefe962695:38125/jars/hadoop-aws-3.3.2.jar with timestamp 1775218401685
[2026-04-03T12:13:24.523+0000] {spark_submit.py:491} INFO - 26/04/03 12:13:24 INFO SparkContext: Added JAR file:///opt/airflow/etl/jars/aws-java-sdk-bundle-1.11.1026.jar at spark://61fefe962695:38125/jars/aws-java-sdk-bundle-1.11.1026.jar with timestamp 1775218401685
[2026-04-03T12:13:24.523+0000] {spark_submit.py:491} INFO - 26/04/03 12:13:24 INFO SparkContext: Added JAR file:///opt/airflow/etl/jars/delta-core_2.12-2.3.0.jar at spark://61fefe962695:38125/jars/delta-core_2.12-2.3.0.jar with timestamp 1775218401685
[2026-04-03T12:13:24.954+0000] {spark_submit.py:491} INFO - 26/04/03 12:13:24 INFO StandaloneAppClient$ClientEndpoint: Connecting to master spark://spark-master:7077...
[2026-04-03T12:13:25.176+0000] {spark_submit.py:491} INFO - 26/04/03 12:13:25 INFO TransportClientFactory: Successfully created connection to spark-master/172.18.0.3:7077 after 138 ms (0 ms spent in bootstraps)
[2026-04-03T12:13:25.594+0000] {spark_submit.py:491} INFO - 26/04/03 12:13:25 INFO StandaloneSchedulerBackend: Connected to Spark cluster with app ID app-20260403121325-0002
[2026-04-03T12:13:25.667+0000] {spark_submit.py:491} INFO - 26/04/03 12:13:25 INFO Utils: Successfully started service 'org.apache.spark.network.netty.NettyBlockTransferService' on port 34395.
[2026-04-03T12:13:25.668+0000] {spark_submit.py:491} INFO - 26/04/03 12:13:25 INFO NettyBlockTransferService: Server created on 61fefe962695:34395
[2026-04-03T12:13:25.694+0000] {spark_submit.py:491} INFO - 26/04/03 12:13:25 INFO BlockManager: Using org.apache.spark.storage.RandomBlockReplicationPolicy for block replication policy
[2026-04-03T12:13:25.791+0000] {spark_submit.py:491} INFO - 26/04/03 12:13:25 INFO BlockManagerMaster: Registering BlockManager BlockManagerId(driver, 61fefe962695, 34395, None)
[2026-04-03T12:13:25.812+0000] {spark_submit.py:491} INFO - 26/04/03 12:13:25 INFO BlockManagerMasterEndpoint: Registering block manager 61fefe962695:34395 with 434.4 MiB RAM, BlockManagerId(driver, 61fefe962695, 34395, None)
[2026-04-03T12:13:25.820+0000] {spark_submit.py:491} INFO - 26/04/03 12:13:25 INFO BlockManagerMaster: Registered BlockManager BlockManagerId(driver, 61fefe962695, 34395, None)
[2026-04-03T12:13:25.826+0000] {spark_submit.py:491} INFO - 26/04/03 12:13:25 INFO BlockManager: Initialized BlockManager: BlockManagerId(driver, 61fefe962695, 34395, None)
[2026-04-03T12:13:27.889+0000] {spark_submit.py:491} INFO - 26/04/03 12:13:27 INFO StandaloneSchedulerBackend: SchedulerBackend is ready for scheduling beginning after reached minRegisteredResourcesRatio: 0.0
[2026-04-03T12:14:21.377+0000] {spark_submit.py:491} INFO - INFO:silver_processor: Bắt đầu xử lý lớp Silver cho bảng: customers | Chế độ CDC: False
[2026-04-03T12:14:21.700+0000] {spark_submit.py:491} INFO - INFO:silver_processor: Bắt đầu quét Data Nóng từ Bronze...
