[2026-04-03T14:40:34.165+0000] {taskinstance.py:1159} INFO - Dependencies all met for dep_context=non-requeueable deps ti=<TaskInstance: silver_spark_processor.process_silver_customers scheduled__2026-04-02T00:00:00+00:00 [queued]>
[2026-04-03T14:40:34.183+0000] {taskinstance.py:1159} INFO - Dependencies all met for dep_context=requeueable deps ti=<TaskInstance: silver_spark_processor.process_silver_customers scheduled__2026-04-02T00:00:00+00:00 [queued]>
[2026-04-03T14:40:34.184+0000] {taskinstance.py:1361} INFO - Starting attempt 13 of 13
[2026-04-03T14:40:34.215+0000] {taskinstance.py:1382} INFO - Executing <Task(SparkSubmitOperator): process_silver_customers> on 2026-04-02 00:00:00+00:00
[2026-04-03T14:40:34.229+0000] {standard_task_runner.py:57} INFO - Started process 3389 to run task
[2026-04-03T14:40:34.237+0000] {standard_task_runner.py:84} INFO - Running: ['airflow', 'tasks', 'run', 'silver_spark_processor', 'process_silver_customers', 'scheduled__2026-04-02T00:00:00+00:00', '--job-id', '596', '--raw', '--subdir', 'DAGS_FOLDER/silver_processor_dag.py', '--cfg-path', '/tmp/tmp5_kbkbe2']
[2026-04-03T14:40:34.247+0000] {standard_task_runner.py:85} INFO - Job 596: Subtask process_silver_customers
[2026-04-03T14:40:34.404+0000] {task_command.py:416} INFO - Running <TaskInstance: silver_spark_processor.process_silver_customers scheduled__2026-04-02T00:00:00+00:00 [running]> on host e516154efc74
[2026-04-03T14:40:34.623+0000] {taskinstance.py:1662} INFO - Exporting env vars: AIRFLOW_CTX_DAG_OWNER='data-team' AIRFLOW_CTX_DAG_ID='silver_spark_processor' AIRFLOW_CTX_TASK_ID='process_silver_customers' AIRFLOW_CTX_EXECUTION_DATE='2026-04-02T00:00:00+00:00' AIRFLOW_CTX_TRY_NUMBER='13' AIRFLOW_CTX_DAG_RUN_ID='scheduled__2026-04-02T00:00:00+00:00'
[2026-04-03T14:40:34.649+0000] {base.py:73} INFO - Using connection ID 'spark_default' for task execution.
[2026-04-03T14:40:34.656+0000] {spark_submit.py:340} INFO - Spark-Submit cmd: spark-submit --master spark://spark-master:7077 --conf spark.sql.extensions=io.delta.sql.DeltaSparkSessionExtension --conf spark.sql.catalog.spark_catalog=org.apache.spark.sql.delta.catalog.DeltaCatalog --conf spark.databricks.delta.schema.autoMerge.enabled=true --jars /opt/airflow/etl/jars/hadoop-aws-3.3.2.jar,/opt/airflow/etl/jars/aws-java-sdk-bundle-1.11.1026.jar,/opt/airflow/etl/jars/delta-core_2.12-2.3.0.jar,/opt/airflow/etl/jars/delta-storage-2.3.0.jar --executor-cores 1 --executor-memory 1g --driver-memory 1g --name airflow_silver_customers /opt/airflow/etl/silver/main_silver.py --table_name customers --merge_key customer_id --is_cdc false --json_schema 
[2026-04-03T14:40:34.904+0000] {spark_submit.py:491} INFO - /home/airflow/.local/lib/python3.10/site-packages/pyspark/bin/load-spark-env.sh: line 68: ps: command not found
[2026-04-03T14:40:42.541+0000] {spark_submit.py:491} INFO - 26/04/03 14:40:42 WARN NativeCodeLoader: Unable to load native-hadoop library for your platform... using builtin-java classes where applicable
[2026-04-03T14:40:45.941+0000] {spark_submit.py:491} INFO - INFO:__main__:Khởi tạo Spark Job cho bảng: customers
[2026-04-03T14:40:46.553+0000] {spark_submit.py:491} INFO - 26/04/03 14:40:46 INFO SparkContext: Running Spark version 3.3.2
[2026-04-03T14:40:46.666+0000] {spark_submit.py:491} INFO - 26/04/03 14:40:46 INFO ResourceUtils: ==============================================================
[2026-04-03T14:40:46.669+0000] {spark_submit.py:491} INFO - 26/04/03 14:40:46 INFO ResourceUtils: No custom resources configured for spark.driver.
[2026-04-03T14:40:46.670+0000] {spark_submit.py:491} INFO - 26/04/03 14:40:46 INFO ResourceUtils: ==============================================================
[2026-04-03T14:40:46.670+0000] {spark_submit.py:491} INFO - 26/04/03 14:40:46 INFO SparkContext: Submitted application: <class 'pyspark.sql.session.SparkSession'>
[2026-04-03T14:40:46.726+0000] {spark_submit.py:491} INFO - 26/04/03 14:40:46 INFO ResourceProfile: Default ResourceProfile created, executor resources: Map(cores -> name: cores, amount: 1, script: , vendor: , memory -> name: memory, amount: 1024, script: , vendor: , offHeap -> name: offHeap, amount: 0, script: , vendor: ), task resources: Map(cpus -> name: cpus, amount: 1.0)
[2026-04-03T14:40:46.788+0000] {spark_submit.py:491} INFO - 26/04/03 14:40:46 INFO ResourceProfile: Limiting resource is cpus at 1 tasks per executor
[2026-04-03T14:40:46.794+0000] {spark_submit.py:491} INFO - 26/04/03 14:40:46 INFO ResourceProfileManager: Added ResourceProfile id: 0
[2026-04-03T14:40:46.944+0000] {spark_submit.py:491} INFO - 26/04/03 14:40:46 INFO SecurityManager: Changing view acls to: airflow
[2026-04-03T14:40:46.945+0000] {spark_submit.py:491} INFO - 26/04/03 14:40:46 INFO SecurityManager: Changing modify acls to: airflow
[2026-04-03T14:40:46.945+0000] {spark_submit.py:491} INFO - 26/04/03 14:40:46 INFO SecurityManager: Changing view acls groups to:
[2026-04-03T14:40:46.948+0000] {spark_submit.py:491} INFO - 26/04/03 14:40:46 INFO SecurityManager: Changing modify acls groups to:
[2026-04-03T14:40:46.951+0000] {spark_submit.py:491} INFO - 26/04/03 14:40:46 INFO SecurityManager: SecurityManager: authentication disabled; ui acls disabled; users  with view permissions: Set(airflow); groups with view permissions: Set(); users  with modify permissions: Set(airflow); groups with modify permissions: Set()
[2026-04-03T14:40:47.871+0000] {spark_submit.py:491} INFO - 26/04/03 14:40:47 INFO Utils: Successfully started service 'sparkDriver' on port 36191.
[2026-04-03T14:40:48.053+0000] {spark_submit.py:491} INFO - 26/04/03 14:40:48 INFO SparkEnv: Registering MapOutputTracker
[2026-04-03T14:40:48.297+0000] {spark_submit.py:491} INFO - 26/04/03 14:40:48 INFO SparkEnv: Registering BlockManagerMaster
[2026-04-03T14:40:48.361+0000] {spark_submit.py:491} INFO - 26/04/03 14:40:48 INFO BlockManagerMasterEndpoint: Using org.apache.spark.storage.DefaultTopologyMapper for getting topology information
[2026-04-03T14:40:48.362+0000] {spark_submit.py:491} INFO - 26/04/03 14:40:48 INFO BlockManagerMasterEndpoint: BlockManagerMasterEndpoint up
[2026-04-03T14:40:48.377+0000] {spark_submit.py:491} INFO - 26/04/03 14:40:48 INFO SparkEnv: Registering BlockManagerMasterHeartbeat
[2026-04-03T14:40:48.463+0000] {spark_submit.py:491} INFO - 26/04/03 14:40:48 INFO DiskBlockManager: Created local directory at /tmp/blockmgr-77a9af56-bed8-4389-9c11-0830e1360c17
[2026-04-03T14:40:48.539+0000] {spark_submit.py:491} INFO - 26/04/03 14:40:48 INFO MemoryStore: MemoryStore started with capacity 434.4 MiB
[2026-04-03T14:40:48.710+0000] {spark_submit.py:491} INFO - 26/04/03 14:40:48 INFO SparkEnv: Registering OutputCommitCoordinator
[2026-04-03T14:40:49.293+0000] {spark_submit.py:491} INFO - 26/04/03 14:40:49 WARN Utils: Service 'SparkUI' could not bind on port 4040. Attempting port 4041.
[2026-04-03T14:40:49.293+0000] {spark_submit.py:491} INFO - 26/04/03 14:40:49 WARN Utils: Service 'SparkUI' could not bind on port 4041. Attempting port 4042.
[2026-04-03T14:40:49.295+0000] {spark_submit.py:491} INFO - 26/04/03 14:40:49 WARN Utils: Service 'SparkUI' could not bind on port 4042. Attempting port 4043.
[2026-04-03T14:40:49.317+0000] {spark_submit.py:491} INFO - 26/04/03 14:40:49 INFO Utils: Successfully started service 'SparkUI' on port 4043.
[2026-04-03T14:40:49.398+0000] {spark_submit.py:491} INFO - 26/04/03 14:40:49 INFO SparkContext: Added JAR file:///opt/airflow/etl/jars/hadoop-aws-3.3.2.jar at spark://e516154efc74:36191/jars/hadoop-aws-3.3.2.jar with timestamp 1775227246511
[2026-04-03T14:40:49.399+0000] {spark_submit.py:491} INFO - 26/04/03 14:40:49 INFO SparkContext: Added JAR file:///opt/airflow/etl/jars/aws-java-sdk-bundle-1.11.1026.jar at spark://e516154efc74:36191/jars/aws-java-sdk-bundle-1.11.1026.jar with timestamp 1775227246511
[2026-04-03T14:40:49.399+0000] {spark_submit.py:491} INFO - 26/04/03 14:40:49 INFO SparkContext: Added JAR file:///opt/airflow/etl/jars/delta-core_2.12-2.3.0.jar at spark://e516154efc74:36191/jars/delta-core_2.12-2.3.0.jar with timestamp 1775227246511
[2026-04-03T14:40:49.401+0000] {spark_submit.py:491} INFO - 26/04/03 14:40:49 INFO SparkContext: Added JAR file:///opt/airflow/etl/jars/delta-storage-2.3.0.jar at spark://e516154efc74:36191/jars/delta-storage-2.3.0.jar with timestamp 1775227246511
[2026-04-03T14:40:49.687+0000] {spark_submit.py:491} INFO - 26/04/03 14:40:49 INFO StandaloneAppClient$ClientEndpoint: Connecting to master spark://spark-master:7077...
[2026-04-03T14:40:49.849+0000] {spark_submit.py:491} INFO - 26/04/03 14:40:49 INFO TransportClientFactory: Successfully created connection to spark-master/172.18.0.6:7077 after 109 ms (0 ms spent in bootstraps)
[2026-04-03T14:40:50.159+0000] {spark_submit.py:491} INFO - 26/04/03 14:40:50 INFO StandaloneSchedulerBackend: Connected to Spark cluster with app ID app-20260403144050-0025
[2026-04-03T14:40:50.185+0000] {spark_submit.py:491} INFO - 26/04/03 14:40:50 INFO Utils: Successfully started service 'org.apache.spark.network.netty.NettyBlockTransferService' on port 41293.
[2026-04-03T14:40:50.185+0000] {spark_submit.py:491} INFO - 26/04/03 14:40:50 INFO NettyBlockTransferService: Server created on e516154efc74:41293
[2026-04-03T14:40:50.191+0000] {spark_submit.py:491} INFO - 26/04/03 14:40:50 INFO BlockManager: Using org.apache.spark.storage.RandomBlockReplicationPolicy for block replication policy
[2026-04-03T14:40:50.213+0000] {spark_submit.py:491} INFO - 26/04/03 14:40:50 INFO BlockManagerMaster: Registering BlockManager BlockManagerId(driver, e516154efc74, 41293, None)
[2026-04-03T14:40:50.221+0000] {spark_submit.py:491} INFO - 26/04/03 14:40:50 INFO BlockManagerMasterEndpoint: Registering block manager e516154efc74:41293 with 434.4 MiB RAM, BlockManagerId(driver, e516154efc74, 41293, None)
[2026-04-03T14:40:50.226+0000] {spark_submit.py:491} INFO - 26/04/03 14:40:50 INFO BlockManagerMaster: Registered BlockManager BlockManagerId(driver, e516154efc74, 41293, None)
[2026-04-03T14:40:50.230+0000] {spark_submit.py:491} INFO - 26/04/03 14:40:50 INFO BlockManager: Initialized BlockManager: BlockManagerId(driver, e516154efc74, 41293, None)
[2026-04-03T14:40:50.905+0000] {spark_submit.py:491} INFO - 26/04/03 14:40:50 INFO StandaloneSchedulerBackend: SchedulerBackend is ready for scheduling beginning after reached minRegisteredResourcesRatio: 0.0
[2026-04-03T14:40:53.366+0000] {spark_submit.py:491} INFO - INFO:silver_processor: Bắt đầu xử lý lớp Silver cho bảng: customers | Chế độ CDC: False
[2026-04-03T14:40:53.368+0000] {spark_submit.py:491} INFO - INFO:silver_processor: Bắt đầu quét Data Nóng từ Bronze...
[2026-04-03T14:40:53.727+0000] {spark_submit.py:491} INFO - 26/04/03 14:40:53 WARN MetricsConfig: Cannot locate configuration: tried hadoop-metrics2-s3a-file-system.properties,hadoop-metrics2.properties
[2026-04-03T14:43:42.004+0000] {local_task_job_runner.py:115} ERROR - Received SIGTERM. Terminating subprocesses
[2026-04-03T14:43:42.076+0000] {process_utils.py:131} INFO - Sending 15 to group 3389. PIDs of all processes in the group: [3447, 3900, 3389]
[2026-04-03T14:43:42.091+0000] {process_utils.py:86} INFO - Sending the signal 15 to group 3389
[2026-04-03T14:43:42.103+0000] {taskinstance.py:1632} ERROR - Received SIGTERM. Terminating subprocesses.
[2026-04-03T14:43:42.114+0000] {spark_submit.py:618} INFO - Sending kill signal to spark-submit
[2026-04-03T14:43:42.312+0000] {process_utils.py:79} INFO - Process psutil.Process(pid=3900, status='terminated', started='14:40:43') (3900) terminated with exit code None
[2026-04-03T14:43:42.490+0000] {taskinstance.py:1937} ERROR - Task failed with exception
Traceback (most recent call last):
  File "/home/airflow/.local/lib/python3.10/site-packages/airflow/providers/apache/spark/operators/spark_submit.py", line 156, in execute
    self._hook.submit(self._application)
  File "/home/airflow/.local/lib/python3.10/site-packages/airflow/providers/apache/spark/hooks/spark_submit.py", line 410, in submit
    self._process_spark_submit_log(iter(self._submit_sp.stdout))  # type: ignore
  File "/home/airflow/.local/lib/python3.10/site-packages/airflow/providers/apache/spark/hooks/spark_submit.py", line 459, in _process_spark_submit_log
    for line in itr:
  File "/home/airflow/.local/lib/python3.10/site-packages/airflow/models/taskinstance.py", line 1634, in signal_handler
    raise AirflowException("Task received SIGTERM signal")
airflow.exceptions.AirflowException: Task received SIGTERM signal
[2026-04-03T14:43:42.561+0000] {taskinstance.py:1400} INFO - Marking task as FAILED. dag_id=silver_spark_processor, task_id=process_silver_customers, execution_date=20260402T000000, start_date=20260403T144034, end_date=20260403T144342
[2026-04-03T14:43:42.795+0000] {standard_task_runner.py:104} ERROR - Failed to execute job 596 for task process_silver_customers (Task received SIGTERM signal; 3389)
[2026-04-03T14:43:42.862+0000] {process_utils.py:79} INFO - Process psutil.Process(pid=3447, status='terminated', started='14:40:34') (3447) terminated with exit code None
[2026-04-03T14:43:42.863+0000] {process_utils.py:79} INFO - Process psutil.Process(pid=3389, status='terminated', exitcode=1, started='14:40:34') (3389) terminated with exit code 1
[2026-04-03T14:43:42.867+0000] {local_task_job_runner.py:228} INFO - Task exited with return code 143
[2026-04-03T14:43:43.407+0000] {taskinstance.py:2778} INFO - 0 downstream tasks scheduled from follow-on schedule check
