[2026-04-03T14:58:19.778+0000] {taskinstance.py:1159} INFO - Dependencies all met for dep_context=non-requeueable deps ti=<TaskInstance: silver_spark_processor.process_silver_customers scheduled__2026-04-02T00:00:00+00:00 [queued]>
[2026-04-03T14:58:19.786+0000] {taskinstance.py:1159} INFO - Dependencies all met for dep_context=requeueable deps ti=<TaskInstance: silver_spark_processor.process_silver_customers scheduled__2026-04-02T00:00:00+00:00 [queued]>
[2026-04-03T14:58:19.786+0000] {taskinstance.py:1361} INFO - Starting attempt 16 of 17
[2026-04-03T14:58:19.798+0000] {taskinstance.py:1382} INFO - Executing <Task(SparkSubmitOperator): process_silver_customers> on 2026-04-02 00:00:00+00:00
[2026-04-03T14:58:19.805+0000] {standard_task_runner.py:57} INFO - Started process 797 to run task
[2026-04-03T14:58:19.808+0000] {standard_task_runner.py:84} INFO - Running: ['airflow', 'tasks', 'run', 'silver_spark_processor', 'process_silver_customers', 'scheduled__2026-04-02T00:00:00+00:00', '--job-id', '620', '--raw', '--subdir', 'DAGS_FOLDER/silver_processor_dag.py', '--cfg-path', '/tmp/tmp57ml5w21']
[2026-04-03T14:58:19.810+0000] {standard_task_runner.py:85} INFO - Job 620: Subtask process_silver_customers
[2026-04-03T14:58:19.863+0000] {task_command.py:416} INFO - Running <TaskInstance: silver_spark_processor.process_silver_customers scheduled__2026-04-02T00:00:00+00:00 [running]> on host bc50ea179d9a
[2026-04-03T14:58:19.972+0000] {taskinstance.py:1662} INFO - Exporting env vars: AIRFLOW_CTX_DAG_OWNER='data-team' AIRFLOW_CTX_DAG_ID='silver_spark_processor' AIRFLOW_CTX_TASK_ID='process_silver_customers' AIRFLOW_CTX_EXECUTION_DATE='2026-04-02T00:00:00+00:00' AIRFLOW_CTX_TRY_NUMBER='16' AIRFLOW_CTX_DAG_RUN_ID='scheduled__2026-04-02T00:00:00+00:00'
[2026-04-03T14:58:19.983+0000] {base.py:73} INFO - Using connection ID 'spark_default' for task execution.
[2026-04-03T14:58:19.985+0000] {spark_submit.py:340} INFO - Spark-Submit cmd: spark-submit --master spark://spark-master:7077 --conf spark.sql.extensions=io.delta.sql.DeltaSparkSessionExtension --conf spark.sql.catalog.spark_catalog=org.apache.spark.sql.delta.catalog.DeltaCatalog --conf spark.databricks.delta.schema.autoMerge.enabled=true --jars /opt/airflow/etl/jars/hadoop-aws-3.3.2.jar,/opt/airflow/etl/jars/aws-java-sdk-bundle-1.11.1026.jar,/opt/airflow/etl/jars/delta-core_2.12-2.3.0.jar,/opt/airflow/etl/jars/delta-storage-2.3.0.jar --executor-cores 1 --executor-memory 1g --driver-memory 512m --name airflow_silver_customers /opt/airflow/etl/silver/main_silver.py --table_name customers --merge_key customer_id --is_cdc false --json_schema 
[2026-04-03T14:58:20.088+0000] {spark_submit.py:491} INFO - /home/airflow/.local/lib/python3.10/site-packages/pyspark/bin/load-spark-env.sh: line 68: ps: command not found
[2026-04-03T14:58:22.081+0000] {spark_submit.py:491} INFO - 26/04/03 14:58:22 WARN NativeCodeLoader: Unable to load native-hadoop library for your platform... using builtin-java classes where applicable
[2026-04-03T14:58:23.207+0000] {spark_submit.py:491} INFO - INFO:__main__:Khởi tạo Spark Job cho bảng: customers
[2026-04-03T14:58:23.304+0000] {spark_submit.py:491} INFO - 26/04/03 14:58:23 INFO SparkContext: Running Spark version 3.3.2
[2026-04-03T14:58:23.335+0000] {spark_submit.py:491} INFO - 26/04/03 14:58:23 INFO ResourceUtils: ==============================================================
[2026-04-03T14:58:23.335+0000] {spark_submit.py:491} INFO - 26/04/03 14:58:23 INFO ResourceUtils: No custom resources configured for spark.driver.
[2026-04-03T14:58:23.336+0000] {spark_submit.py:491} INFO - 26/04/03 14:58:23 INFO ResourceUtils: ==============================================================
[2026-04-03T14:58:23.336+0000] {spark_submit.py:491} INFO - 26/04/03 14:58:23 INFO SparkContext: Submitted application: <class 'pyspark.sql.session.SparkSession'>
[2026-04-03T14:58:23.361+0000] {spark_submit.py:491} INFO - 26/04/03 14:58:23 INFO ResourceProfile: Default ResourceProfile created, executor resources: Map(cores -> name: cores, amount: 1, script: , vendor: , memory -> name: memory, amount: 1024, script: , vendor: , offHeap -> name: offHeap, amount: 0, script: , vendor: ), task resources: Map(cpus -> name: cpus, amount: 1.0)
[2026-04-03T14:58:23.374+0000] {spark_submit.py:491} INFO - 26/04/03 14:58:23 INFO ResourceProfile: Limiting resource is cpus at 1 tasks per executor
[2026-04-03T14:58:23.376+0000] {spark_submit.py:491} INFO - 26/04/03 14:58:23 INFO ResourceProfileManager: Added ResourceProfile id: 0
[2026-04-03T14:58:23.434+0000] {spark_submit.py:491} INFO - 26/04/03 14:58:23 INFO SecurityManager: Changing view acls to: airflow
[2026-04-03T14:58:23.435+0000] {spark_submit.py:491} INFO - 26/04/03 14:58:23 INFO SecurityManager: Changing modify acls to: airflow
[2026-04-03T14:58:23.435+0000] {spark_submit.py:491} INFO - 26/04/03 14:58:23 INFO SecurityManager: Changing view acls groups to:
[2026-04-03T14:58:23.436+0000] {spark_submit.py:491} INFO - 26/04/03 14:58:23 INFO SecurityManager: Changing modify acls groups to:
[2026-04-03T14:58:23.437+0000] {spark_submit.py:491} INFO - 26/04/03 14:58:23 INFO SecurityManager: SecurityManager: authentication disabled; ui acls disabled; users  with view permissions: Set(airflow); groups with view permissions: Set(); users  with modify permissions: Set(airflow); groups with modify permissions: Set()
[2026-04-03T14:58:23.759+0000] {spark_submit.py:491} INFO - 26/04/03 14:58:23 INFO Utils: Successfully started service 'sparkDriver' on port 36055.
[2026-04-03T14:58:23.791+0000] {spark_submit.py:491} INFO - 26/04/03 14:58:23 INFO SparkEnv: Registering MapOutputTracker
[2026-04-03T14:58:23.827+0000] {spark_submit.py:491} INFO - 26/04/03 14:58:23 INFO SparkEnv: Registering BlockManagerMaster
[2026-04-03T14:58:23.849+0000] {spark_submit.py:491} INFO - 26/04/03 14:58:23 INFO BlockManagerMasterEndpoint: Using org.apache.spark.storage.DefaultTopologyMapper for getting topology information
[2026-04-03T14:58:23.850+0000] {spark_submit.py:491} INFO - 26/04/03 14:58:23 INFO BlockManagerMasterEndpoint: BlockManagerMasterEndpoint up
[2026-04-03T14:58:23.855+0000] {spark_submit.py:491} INFO - 26/04/03 14:58:23 INFO SparkEnv: Registering BlockManagerMasterHeartbeat
[2026-04-03T14:58:23.872+0000] {spark_submit.py:491} INFO - 26/04/03 14:58:23 INFO DiskBlockManager: Created local directory at /tmp/blockmgr-03962496-9023-4fb9-88f3-24fb8ede9f4e
[2026-04-03T14:58:23.891+0000] {spark_submit.py:491} INFO - 26/04/03 14:58:23 INFO MemoryStore: MemoryStore started with capacity 127.2 MiB
[2026-04-03T14:58:23.906+0000] {spark_submit.py:491} INFO - 26/04/03 14:58:23 INFO SparkEnv: Registering OutputCommitCoordinator
[2026-04-03T14:58:24.106+0000] {spark_submit.py:491} INFO - 26/04/03 14:58:24 INFO Utils: Successfully started service 'SparkUI' on port 4040.
[2026-04-03T14:58:24.144+0000] {spark_submit.py:491} INFO - 26/04/03 14:58:24 INFO SparkContext: Added JAR file:///opt/airflow/etl/jars/hadoop-aws-3.3.2.jar at spark://bc50ea179d9a:36055/jars/hadoop-aws-3.3.2.jar with timestamp 1775228303291
[2026-04-03T14:58:24.145+0000] {spark_submit.py:491} INFO - 26/04/03 14:58:24 INFO SparkContext: Added JAR file:///opt/airflow/etl/jars/aws-java-sdk-bundle-1.11.1026.jar at spark://bc50ea179d9a:36055/jars/aws-java-sdk-bundle-1.11.1026.jar with timestamp 1775228303291
[2026-04-03T14:58:24.145+0000] {spark_submit.py:491} INFO - 26/04/03 14:58:24 INFO SparkContext: Added JAR file:///opt/airflow/etl/jars/delta-core_2.12-2.3.0.jar at spark://bc50ea179d9a:36055/jars/delta-core_2.12-2.3.0.jar with timestamp 1775228303291
[2026-04-03T14:58:24.146+0000] {spark_submit.py:491} INFO - 26/04/03 14:58:24 INFO SparkContext: Added JAR file:///opt/airflow/etl/jars/delta-storage-2.3.0.jar at spark://bc50ea179d9a:36055/jars/delta-storage-2.3.0.jar with timestamp 1775228303291
[2026-04-03T14:58:24.241+0000] {spark_submit.py:491} INFO - 26/04/03 14:58:24 INFO StandaloneAppClient$ClientEndpoint: Connecting to master spark://spark-master:7077...
[2026-04-03T14:58:24.285+0000] {spark_submit.py:491} INFO - 26/04/03 14:58:24 INFO TransportClientFactory: Successfully created connection to spark-master/172.18.0.6:7077 after 25 ms (0 ms spent in bootstraps)
[2026-04-03T14:58:24.366+0000] {spark_submit.py:491} INFO - 26/04/03 14:58:24 INFO StandaloneSchedulerBackend: Connected to Spark cluster with app ID app-20260403145824-0048
[2026-04-03T14:58:24.367+0000] {spark_submit.py:491} INFO - 26/04/03 14:58:24 INFO StandaloneAppClient$ClientEndpoint: Executor added: app-20260403145824-0048/0 on worker-20260403141648-172.18.0.12-38881 (172.18.0.12:38881) with 1 core(s)
[2026-04-03T14:58:24.368+0000] {spark_submit.py:491} INFO - 26/04/03 14:58:24 INFO StandaloneSchedulerBackend: Granted executor ID app-20260403145824-0048/0 on hostPort 172.18.0.12:38881 with 1 core(s), 1024.0 MiB RAM
[2026-04-03T14:58:24.373+0000] {spark_submit.py:491} INFO - 26/04/03 14:58:24 INFO Utils: Successfully started service 'org.apache.spark.network.netty.NettyBlockTransferService' on port 44635.
[2026-04-03T14:58:24.373+0000] {spark_submit.py:491} INFO - 26/04/03 14:58:24 INFO NettyBlockTransferService: Server created on bc50ea179d9a:44635
[2026-04-03T14:58:24.375+0000] {spark_submit.py:491} INFO - 26/04/03 14:58:24 INFO BlockManager: Using org.apache.spark.storage.RandomBlockReplicationPolicy for block replication policy
[2026-04-03T14:58:24.383+0000] {spark_submit.py:491} INFO - 26/04/03 14:58:24 INFO BlockManagerMaster: Registering BlockManager BlockManagerId(driver, bc50ea179d9a, 44635, None)
[2026-04-03T14:58:24.389+0000] {spark_submit.py:491} INFO - 26/04/03 14:58:24 INFO BlockManagerMasterEndpoint: Registering block manager bc50ea179d9a:44635 with 127.2 MiB RAM, BlockManagerId(driver, bc50ea179d9a, 44635, None)
[2026-04-03T14:58:24.392+0000] {spark_submit.py:491} INFO - 26/04/03 14:58:24 INFO StandaloneAppClient$ClientEndpoint: Executor updated: app-20260403145824-0048/0 is now RUNNING
[2026-04-03T14:58:24.392+0000] {spark_submit.py:491} INFO - 26/04/03 14:58:24 INFO BlockManagerMaster: Registered BlockManager BlockManagerId(driver, bc50ea179d9a, 44635, None)
[2026-04-03T14:58:24.394+0000] {spark_submit.py:491} INFO - 26/04/03 14:58:24 INFO BlockManager: Initialized BlockManager: BlockManagerId(driver, bc50ea179d9a, 44635, None)
[2026-04-03T14:58:24.590+0000] {spark_submit.py:491} INFO - 26/04/03 14:58:24 INFO StandaloneSchedulerBackend: SchedulerBackend is ready for scheduling beginning after reached minRegisteredResourcesRatio: 0.0
[2026-04-03T14:58:25.436+0000] {spark_submit.py:491} INFO - INFO:silver_processor: Bắt đầu xử lý lớp Silver cho bảng: customers | Chế độ CDC: False
[2026-04-03T14:58:25.436+0000] {spark_submit.py:491} INFO - INFO:silver_processor: Bắt đầu quét Data Nóng từ Bronze...
[2026-04-03T14:58:25.639+0000] {spark_submit.py:491} INFO - 26/04/03 14:58:25 WARN MetricsConfig: Cannot locate configuration: tried hadoop-metrics2-s3a-file-system.properties,hadoop-metrics2.properties
[2026-04-03T14:58:29.910+0000] {local_task_job_runner.py:294} WARNING - State of this instance has been externally set to up_for_retry. Terminating instance.
[2026-04-03T14:58:29.912+0000] {process_utils.py:131} INFO - Sending 15 to group 797. PIDs of all processes in the group: [798, 854, 797]
[2026-04-03T14:58:29.912+0000] {process_utils.py:86} INFO - Sending the signal 15 to group 797
[2026-04-03T14:58:29.913+0000] {taskinstance.py:1632} ERROR - Received SIGTERM. Terminating subprocesses.
[2026-04-03T14:58:29.913+0000] {spark_submit.py:618} INFO - Sending kill signal to spark-submit
[2026-04-03T14:58:29.924+0000] {taskinstance.py:1937} ERROR - Task failed with exception
Traceback (most recent call last):
  File "/home/airflow/.local/lib/python3.10/site-packages/airflow/providers/apache/spark/operators/spark_submit.py", line 156, in execute
    self._hook.submit(self._application)
  File "/home/airflow/.local/lib/python3.10/site-packages/airflow/providers/apache/spark/hooks/spark_submit.py", line 410, in submit
    self._process_spark_submit_log(iter(self._submit_sp.stdout))  # type: ignore
  File "/home/airflow/.local/lib/python3.10/site-packages/airflow/providers/apache/spark/hooks/spark_submit.py", line 459, in _process_spark_submit_log
    for line in itr:
  File "/home/airflow/.local/lib/python3.10/site-packages/airflow/models/taskinstance.py", line 1634, in signal_handler
    raise AirflowException("Task received SIGTERM signal")
airflow.exceptions.AirflowException: Task received SIGTERM signal
[2026-04-03T14:58:29.927+0000] {taskinstance.py:1400} INFO - Marking task as FAILED. dag_id=silver_spark_processor, task_id=process_silver_customers, execution_date=20260402T000000, start_date=20260403T145819, end_date=20260403T145829
[2026-04-03T14:58:29.942+0000] {standard_task_runner.py:104} ERROR - Failed to execute job 620 for task process_silver_customers (Task received SIGTERM signal; 797)
[2026-04-03T14:58:29.964+0000] {process_utils.py:79} INFO - Process psutil.Process(pid=797, status='terminated', exitcode=1, started='14:58:19') (797) terminated with exit code 1
[2026-04-03T14:58:29.965+0000] {process_utils.py:79} INFO - Process psutil.Process(pid=798, status='terminated', started='14:58:19') (798) terminated with exit code None
[2026-04-03T14:58:29.965+0000] {process_utils.py:79} INFO - Process psutil.Process(pid=854, status='terminated', started='14:58:22') (854) terminated with exit code None
