[2026-04-03T17:47:58.519+0000] {taskinstance.py:1159} INFO - Dependencies all met for dep_context=non-requeueable deps ti=<TaskInstance: silver_spark_processor.process_silver_customers scheduled__2026-04-02T00:00:00+00:00 [queued]>
[2026-04-03T17:47:58.528+0000] {taskinstance.py:1159} INFO - Dependencies all met for dep_context=requeueable deps ti=<TaskInstance: silver_spark_processor.process_silver_customers scheduled__2026-04-02T00:00:00+00:00 [queued]>
[2026-04-03T17:47:58.528+0000] {taskinstance.py:1361} INFO - Starting attempt 33 of 34
[2026-04-03T17:47:58.540+0000] {taskinstance.py:1382} INFO - Executing <Task(SparkSubmitOperator): process_silver_customers> on 2026-04-02 00:00:00+00:00
[2026-04-03T17:47:58.547+0000] {standard_task_runner.py:57} INFO - Started process 320 to run task
[2026-04-03T17:47:58.551+0000] {standard_task_runner.py:84} INFO - Running: ['airflow', 'tasks', 'run', 'silver_spark_processor', 'process_silver_customers', 'scheduled__2026-04-02T00:00:00+00:00', '--job-id', '654', '--raw', '--subdir', 'DAGS_FOLDER/silver_processor_dag.py', '--cfg-path', '/tmp/tmpe_6bkhna']
[2026-04-03T17:47:58.553+0000] {standard_task_runner.py:85} INFO - Job 654: Subtask process_silver_customers
[2026-04-03T17:47:58.607+0000] {task_command.py:416} INFO - Running <TaskInstance: silver_spark_processor.process_silver_customers scheduled__2026-04-02T00:00:00+00:00 [running]> on host da4c1e7b19e0
[2026-04-03T17:47:58.703+0000] {taskinstance.py:1662} INFO - Exporting env vars: AIRFLOW_CTX_DAG_OWNER='data-team' AIRFLOW_CTX_DAG_ID='silver_spark_processor' AIRFLOW_CTX_TASK_ID='process_silver_customers' AIRFLOW_CTX_EXECUTION_DATE='2026-04-02T00:00:00+00:00' AIRFLOW_CTX_TRY_NUMBER='33' AIRFLOW_CTX_DAG_RUN_ID='scheduled__2026-04-02T00:00:00+00:00'
[2026-04-03T17:47:58.714+0000] {base.py:73} INFO - Using connection ID 'spark_default' for task execution.
[2026-04-03T17:47:58.716+0000] {spark_submit.py:340} INFO - Spark-Submit cmd: spark-submit --master spark://spark-master:7077 --conf spark.sql.extensions=io.delta.sql.DeltaSparkSessionExtension --conf spark.sql.catalog.spark_catalog=org.apache.spark.sql.delta.catalog.DeltaCatalog --conf spark.databricks.delta.schema.autoMerge.enabled=true --conf spark.hadoop.fs.s3a.endpoint=http://minio:9000 --conf spark.hadoop.fs.s3a.access.key=minio --conf spark.hadoop.fs.s3a.secret.key=****** --conf spark.hadoop.fs.s3a.path.style.access=true --conf spark.hadoop.fs.s3a.connection.ssl.enabled=false --conf spark.hadoop.fs.s3a.impl=org.apache.hadoop.fs.s3a.S3AFileSystem --conf spark.sql.parquet.enableVectorizedReader=false --conf spark.sql.legacy.parquet.nanosAsLong=true --conf spark.sql.parquet.int64RebaseModeInRead=LEGACY --conf spark.sql.parquet.datetimeRebaseModeInRead=LEGACY --jars /opt/airflow/etl/jars/hadoop-aws-3.3.2.jar,/opt/airflow/etl/jars/aws-java-sdk-bundle-1.11.1026.jar,/opt/airflow/etl/jars/delta-core_2.12-2.3.0.jar,/opt/airflow/etl/jars/delta-storage-2.3.0.jar --executor-cores 1 --executor-memory 1g --driver-memory 512m --name airflow_silver_customers --verbose /opt/airflow/etl/silver/main_silver.py --table_name customers --merge_key customer_id --is_cdc false --json_schema 
[2026-04-03T17:47:58.819+0000] {spark_submit.py:491} INFO - /home/airflow/.local/lib/python3.10/site-packages/pyspark/bin/load-spark-env.sh: line 68: ps: command not found
[2026-04-03T17:48:00.238+0000] {spark_submit.py:491} INFO - Using properties file: null
[2026-04-03T17:48:00.339+0000] {spark_submit.py:491} INFO - Parsed arguments:
[2026-04-03T17:48:00.340+0000] {spark_submit.py:491} INFO - master                  spark://spark-master:7077
[2026-04-03T17:48:00.340+0000] {spark_submit.py:491} INFO - deployMode              null
[2026-04-03T17:48:00.340+0000] {spark_submit.py:491} INFO - executorMemory          1g
[2026-04-03T17:48:00.340+0000] {spark_submit.py:491} INFO - executorCores           1
[2026-04-03T17:48:00.340+0000] {spark_submit.py:491} INFO - totalExecutorCores      null
[2026-04-03T17:48:00.340+0000] {spark_submit.py:491} INFO - propertiesFile          null
[2026-04-03T17:48:00.340+0000] {spark_submit.py:491} INFO - driverMemory            512m
[2026-04-03T17:48:00.340+0000] {spark_submit.py:491} INFO - driverCores             null
[2026-04-03T17:48:00.340+0000] {spark_submit.py:491} INFO - driverExtraClassPath    null
[2026-04-03T17:48:00.340+0000] {spark_submit.py:491} INFO - driverExtraLibraryPath  null
[2026-04-03T17:48:00.340+0000] {spark_submit.py:491} INFO - driverExtraJavaOptions  null
[2026-04-03T17:48:00.340+0000] {spark_submit.py:491} INFO - supervise               false
[2026-04-03T17:48:00.341+0000] {spark_submit.py:491} INFO - queue                   null
[2026-04-03T17:48:00.341+0000] {spark_submit.py:491} INFO - numExecutors            null
[2026-04-03T17:48:00.341+0000] {spark_submit.py:491} INFO - files                   null
[2026-04-03T17:48:00.341+0000] {spark_submit.py:491} INFO - pyFiles                 null
[2026-04-03T17:48:00.341+0000] {spark_submit.py:491} INFO - archives                null
[2026-04-03T17:48:00.341+0000] {spark_submit.py:491} INFO - mainClass               null
[2026-04-03T17:48:00.341+0000] {spark_submit.py:491} INFO - primaryResource         file:/opt/airflow/etl/silver/main_silver.py
[2026-04-03T17:48:00.341+0000] {spark_submit.py:491} INFO - name                    airflow_silver_customers
[2026-04-03T17:48:00.341+0000] {spark_submit.py:491} INFO - childArgs               [--table_name customers --merge_key customer_id --is_cdc false --json_schema ]
[2026-04-03T17:48:00.341+0000] {spark_submit.py:491} INFO - jars                    file:/opt/airflow/etl/jars/hadoop-aws-3.3.2.jar,file:/opt/airflow/etl/jars/aws-java-sdk-bundle-1.11.1026.jar,file:/opt/airflow/etl/jars/delta-core_2.12-2.3.0.jar,file:/opt/airflow/etl/jars/delta-storage-2.3.0.jar
[2026-04-03T17:48:00.341+0000] {spark_submit.py:491} INFO - packages                null
[2026-04-03T17:48:00.341+0000] {spark_submit.py:491} INFO - packagesExclusions      null
[2026-04-03T17:48:00.341+0000] {spark_submit.py:491} INFO - repositories            null
[2026-04-03T17:48:00.341+0000] {spark_submit.py:491} INFO - verbose                 true
[2026-04-03T17:48:00.341+0000] {spark_submit.py:491} INFO - 
[2026-04-03T17:48:00.341+0000] {spark_submit.py:491} INFO - Spark properties used, including those specified through
[2026-04-03T17:48:00.342+0000] {spark_submit.py:491} INFO - --conf and those from the properties file null:
[2026-04-03T17:48:00.342+0000] {spark_submit.py:491} INFO - (spark.databricks.delta.schema.autoMerge.enabled,true)
[2026-04-03T17:48:00.342+0000] {spark_submit.py:491} INFO - (spark.driver.memory,512m)
[2026-04-03T17:48:00.342+0000] {spark_submit.py:491} INFO - (spark.hadoop.fs.s3a.access.key,*********(redacted))
[2026-04-03T17:48:00.342+0000] {spark_submit.py:491} INFO - (spark.hadoop.fs.s3a.connection.ssl.enabled,false)
[2026-04-03T17:48:00.342+0000] {spark_submit.py:491} INFO - (spark.hadoop.fs.s3a.endpoint,http://minio:9000)
[2026-04-03T17:48:00.342+0000] {spark_submit.py:491} INFO - (spark.hadoop.fs.s3a.impl,org.apache.hadoop.fs.s3a.S3AFileSystem)
[2026-04-03T17:48:00.342+0000] {spark_submit.py:491} INFO - (spark.hadoop.fs.s3a.path.style.access,true)
[2026-04-03T17:48:00.342+0000] {spark_submit.py:491} INFO - (spark.hadoop.fs.s3a.secret.key,*********(redacted))
[2026-04-03T17:48:00.342+0000] {spark_submit.py:491} INFO - (spark.sql.catalog.spark_catalog,org.apache.spark.sql.delta.catalog.DeltaCatalog)
[2026-04-03T17:48:00.342+0000] {spark_submit.py:491} INFO - (spark.sql.extensions,io.delta.sql.DeltaSparkSessionExtension)
[2026-04-03T17:48:00.342+0000] {spark_submit.py:491} INFO - (spark.sql.legacy.parquet.nanosAsLong,true)
[2026-04-03T17:48:00.342+0000] {spark_submit.py:491} INFO - (spark.sql.parquet.datetimeRebaseModeInRead,LEGACY)
[2026-04-03T17:48:00.342+0000] {spark_submit.py:491} INFO - (spark.sql.parquet.enableVectorizedReader,false)
[2026-04-03T17:48:00.342+0000] {spark_submit.py:491} INFO - (spark.sql.parquet.int64RebaseModeInRead,LEGACY)
[2026-04-03T17:48:00.342+0000] {spark_submit.py:491} INFO - 
[2026-04-03T17:48:00.343+0000] {spark_submit.py:491} INFO - 
[2026-04-03T17:48:00.664+0000] {spark_submit.py:491} INFO - 26/04/03 17:48:00 WARN NativeCodeLoader: Unable to load native-hadoop library for your platform... using builtin-java classes where applicable
[2026-04-03T17:48:00.821+0000] {spark_submit.py:491} INFO - Main class:
[2026-04-03T17:48:00.821+0000] {spark_submit.py:491} INFO - org.apache.spark.deploy.PythonRunner
[2026-04-03T17:48:00.821+0000] {spark_submit.py:491} INFO - Arguments:
[2026-04-03T17:48:00.821+0000] {spark_submit.py:491} INFO - file:/opt/airflow/etl/silver/main_silver.py
[2026-04-03T17:48:00.821+0000] {spark_submit.py:491} INFO - null
[2026-04-03T17:48:00.821+0000] {spark_submit.py:491} INFO - --table_name
[2026-04-03T17:48:00.821+0000] {spark_submit.py:491} INFO - customers
[2026-04-03T17:48:00.822+0000] {spark_submit.py:491} INFO - --merge_key
[2026-04-03T17:48:00.822+0000] {spark_submit.py:491} INFO - customer_id
[2026-04-03T17:48:00.822+0000] {spark_submit.py:491} INFO - --is_cdc
[2026-04-03T17:48:00.822+0000] {spark_submit.py:491} INFO - false
[2026-04-03T17:48:00.822+0000] {spark_submit.py:491} INFO - --json_schema
[2026-04-03T17:48:00.822+0000] {spark_submit.py:491} INFO - 
[2026-04-03T17:48:00.825+0000] {spark_submit.py:491} INFO - Spark config:
[2026-04-03T17:48:00.825+0000] {spark_submit.py:491} INFO - (spark.app.name,airflow_silver_customers)
[2026-04-03T17:48:00.825+0000] {spark_submit.py:491} INFO - (spark.app.submitTime,1775238480805)
[2026-04-03T17:48:00.825+0000] {spark_submit.py:491} INFO - (spark.databricks.delta.schema.autoMerge.enabled,true)
[2026-04-03T17:48:00.825+0000] {spark_submit.py:491} INFO - (spark.driver.memory,512m)
[2026-04-03T17:48:00.826+0000] {spark_submit.py:491} INFO - (spark.executor.cores,1)
[2026-04-03T17:48:00.826+0000] {spark_submit.py:491} INFO - (spark.executor.memory,1g)
[2026-04-03T17:48:00.826+0000] {spark_submit.py:491} INFO - (spark.hadoop.fs.s3a.access.key,*********(redacted))
[2026-04-03T17:48:00.826+0000] {spark_submit.py:491} INFO - (spark.hadoop.fs.s3a.connection.ssl.enabled,false)
[2026-04-03T17:48:00.826+0000] {spark_submit.py:491} INFO - (spark.hadoop.fs.s3a.endpoint,http://minio:9000)
[2026-04-03T17:48:00.826+0000] {spark_submit.py:491} INFO - (spark.hadoop.fs.s3a.impl,org.apache.hadoop.fs.s3a.S3AFileSystem)
[2026-04-03T17:48:00.826+0000] {spark_submit.py:491} INFO - (spark.hadoop.fs.s3a.path.style.access,true)
[2026-04-03T17:48:00.826+0000] {spark_submit.py:491} INFO - (spark.hadoop.fs.s3a.secret.key,*********(redacted))
[2026-04-03T17:48:00.826+0000] {spark_submit.py:491} INFO - (spark.jars,file:///opt/airflow/etl/jars/hadoop-aws-3.3.2.jar,file:///opt/airflow/etl/jars/aws-java-sdk-bundle-1.11.1026.jar,file:///opt/airflow/etl/jars/delta-core_2.12-2.3.0.jar,file:///opt/airflow/etl/jars/delta-storage-2.3.0.jar)
[2026-04-03T17:48:00.826+0000] {spark_submit.py:491} INFO - (spark.master,spark://spark-master:7077)
[2026-04-03T17:48:00.826+0000] {spark_submit.py:491} INFO - (spark.repl.local.jars,file:///opt/airflow/etl/jars/hadoop-aws-3.3.2.jar,file:///opt/airflow/etl/jars/aws-java-sdk-bundle-1.11.1026.jar,file:///opt/airflow/etl/jars/delta-core_2.12-2.3.0.jar,file:///opt/airflow/etl/jars/delta-storage-2.3.0.jar)
[2026-04-03T17:48:00.826+0000] {spark_submit.py:491} INFO - (spark.sql.catalog.spark_catalog,org.apache.spark.sql.delta.catalog.DeltaCatalog)
[2026-04-03T17:48:00.826+0000] {spark_submit.py:491} INFO - (spark.sql.extensions,io.delta.sql.DeltaSparkSessionExtension)
[2026-04-03T17:48:00.827+0000] {spark_submit.py:491} INFO - (spark.sql.legacy.parquet.nanosAsLong,true)
[2026-04-03T17:48:00.827+0000] {spark_submit.py:491} INFO - (spark.sql.parquet.datetimeRebaseModeInRead,LEGACY)
[2026-04-03T17:48:00.827+0000] {spark_submit.py:491} INFO - (spark.sql.parquet.enableVectorizedReader,false)
[2026-04-03T17:48:00.827+0000] {spark_submit.py:491} INFO - (spark.sql.parquet.int64RebaseModeInRead,LEGACY)
[2026-04-03T17:48:00.827+0000] {spark_submit.py:491} INFO - (spark.submit.deployMode,client)
[2026-04-03T17:48:00.827+0000] {spark_submit.py:491} INFO - (spark.submit.pyFiles,)
[2026-04-03T17:48:00.827+0000] {spark_submit.py:491} INFO - Classpath elements:
[2026-04-03T17:48:00.827+0000] {spark_submit.py:491} INFO - file:///opt/airflow/etl/jars/hadoop-aws-3.3.2.jar
[2026-04-03T17:48:00.827+0000] {spark_submit.py:491} INFO - file:///opt/airflow/etl/jars/aws-java-sdk-bundle-1.11.1026.jar
[2026-04-03T17:48:00.827+0000] {spark_submit.py:491} INFO - file:///opt/airflow/etl/jars/delta-core_2.12-2.3.0.jar
[2026-04-03T17:48:00.827+0000] {spark_submit.py:491} INFO - file:///opt/airflow/etl/jars/delta-storage-2.3.0.jar
[2026-04-03T17:48:00.827+0000] {spark_submit.py:491} INFO - 
[2026-04-03T17:48:00.828+0000] {spark_submit.py:491} INFO - 
[2026-04-03T17:48:01.739+0000] {spark_submit.py:491} INFO - INFO:__main__:Khởi tạo Spark Job cho bảng: customers
[2026-04-03T17:48:01.857+0000] {spark_submit.py:491} INFO - 26/04/03 17:48:01 INFO SparkContext: Running Spark version 3.3.2
[2026-04-03T17:48:01.887+0000] {spark_submit.py:491} INFO - 26/04/03 17:48:01 INFO ResourceUtils: ==============================================================
[2026-04-03T17:48:01.888+0000] {spark_submit.py:491} INFO - 26/04/03 17:48:01 INFO ResourceUtils: No custom resources configured for spark.driver.
[2026-04-03T17:48:01.888+0000] {spark_submit.py:491} INFO - 26/04/03 17:48:01 INFO ResourceUtils: ==============================================================
[2026-04-03T17:48:01.889+0000] {spark_submit.py:491} INFO - 26/04/03 17:48:01 INFO SparkContext: Submitted application: Silver_Processor_customers
[2026-04-03T17:48:01.911+0000] {spark_submit.py:491} INFO - 26/04/03 17:48:01 INFO ResourceProfile: Default ResourceProfile created, executor resources: Map(cores -> name: cores, amount: 1, script: , vendor: , memory -> name: memory, amount: 1024, script: , vendor: , offHeap -> name: offHeap, amount: 0, script: , vendor: ), task resources: Map(cpus -> name: cpus, amount: 1.0)
[2026-04-03T17:48:01.925+0000] {spark_submit.py:491} INFO - 26/04/03 17:48:01 INFO ResourceProfile: Limiting resource is cpus at 1 tasks per executor
[2026-04-03T17:48:01.927+0000] {spark_submit.py:491} INFO - 26/04/03 17:48:01 INFO ResourceProfileManager: Added ResourceProfile id: 0
[2026-04-03T17:48:01.981+0000] {spark_submit.py:491} INFO - 26/04/03 17:48:01 INFO SecurityManager: Changing view acls to: airflow
[2026-04-03T17:48:01.981+0000] {spark_submit.py:491} INFO - 26/04/03 17:48:01 INFO SecurityManager: Changing modify acls to: airflow
[2026-04-03T17:48:01.982+0000] {spark_submit.py:491} INFO - 26/04/03 17:48:01 INFO SecurityManager: Changing view acls groups to:
[2026-04-03T17:48:01.982+0000] {spark_submit.py:491} INFO - 26/04/03 17:48:01 INFO SecurityManager: Changing modify acls groups to:
[2026-04-03T17:48:01.983+0000] {spark_submit.py:491} INFO - 26/04/03 17:48:01 INFO SecurityManager: SecurityManager: authentication disabled; ui acls disabled; users  with view permissions: Set(airflow); groups with view permissions: Set(); users  with modify permissions: Set(airflow); groups with modify permissions: Set()
[2026-04-03T17:48:02.247+0000] {spark_submit.py:491} INFO - 26/04/03 17:48:02 INFO Utils: Successfully started service 'sparkDriver' on port 45655.
[2026-04-03T17:48:02.274+0000] {spark_submit.py:491} INFO - 26/04/03 17:48:02 INFO SparkEnv: Registering MapOutputTracker
[2026-04-03T17:48:02.307+0000] {spark_submit.py:491} INFO - 26/04/03 17:48:02 INFO SparkEnv: Registering BlockManagerMaster
[2026-04-03T17:48:02.324+0000] {spark_submit.py:491} INFO - 26/04/03 17:48:02 INFO BlockManagerMasterEndpoint: Using org.apache.spark.storage.DefaultTopologyMapper for getting topology information
[2026-04-03T17:48:02.325+0000] {spark_submit.py:491} INFO - 26/04/03 17:48:02 INFO BlockManagerMasterEndpoint: BlockManagerMasterEndpoint up
[2026-04-03T17:48:02.329+0000] {spark_submit.py:491} INFO - 26/04/03 17:48:02 INFO SparkEnv: Registering BlockManagerMasterHeartbeat
[2026-04-03T17:48:02.345+0000] {spark_submit.py:491} INFO - 26/04/03 17:48:02 INFO DiskBlockManager: Created local directory at /tmp/blockmgr-dbc0be4a-b51b-4087-997a-2c554f5077d7
[2026-04-03T17:48:02.361+0000] {spark_submit.py:491} INFO - 26/04/03 17:48:02 INFO MemoryStore: MemoryStore started with capacity 127.2 MiB
[2026-04-03T17:48:02.377+0000] {spark_submit.py:491} INFO - 26/04/03 17:48:02 INFO SparkEnv: Registering OutputCommitCoordinator
[2026-04-03T17:48:02.568+0000] {spark_submit.py:491} INFO - 26/04/03 17:48:02 INFO Utils: Successfully started service 'SparkUI' on port 4040.
[2026-04-03T17:48:02.604+0000] {spark_submit.py:491} INFO - 26/04/03 17:48:02 INFO SparkContext: Added JAR file:///opt/airflow/etl/jars/hadoop-aws-3.3.2.jar at spark://da4c1e7b19e0:45655/jars/hadoop-aws-3.3.2.jar with timestamp 1775238481847
[2026-04-03T17:48:02.604+0000] {spark_submit.py:491} INFO - 26/04/03 17:48:02 INFO SparkContext: Added JAR file:///opt/airflow/etl/jars/aws-java-sdk-bundle-1.11.1026.jar at spark://da4c1e7b19e0:45655/jars/aws-java-sdk-bundle-1.11.1026.jar with timestamp 1775238481847
[2026-04-03T17:48:02.604+0000] {spark_submit.py:491} INFO - 26/04/03 17:48:02 INFO SparkContext: Added JAR file:///opt/airflow/etl/jars/delta-core_2.12-2.3.0.jar at spark://da4c1e7b19e0:45655/jars/delta-core_2.12-2.3.0.jar with timestamp 1775238481847
[2026-04-03T17:48:02.605+0000] {spark_submit.py:491} INFO - 26/04/03 17:48:02 INFO SparkContext: Added JAR file:///opt/airflow/etl/jars/delta-storage-2.3.0.jar at spark://da4c1e7b19e0:45655/jars/delta-storage-2.3.0.jar with timestamp 1775238481847
[2026-04-03T17:48:02.691+0000] {spark_submit.py:491} INFO - 26/04/03 17:48:02 INFO StandaloneAppClient$ClientEndpoint: Connecting to master spark://spark-master:7077...
[2026-04-03T17:48:02.737+0000] {spark_submit.py:491} INFO - 26/04/03 17:48:02 INFO TransportClientFactory: Successfully created connection to spark-master/172.18.0.4:7077 after 27 ms (0 ms spent in bootstraps)
[2026-04-03T17:48:02.872+0000] {spark_submit.py:491} INFO - 26/04/03 17:48:02 INFO StandaloneSchedulerBackend: Connected to Spark cluster with app ID app-20260403174802-0000
[2026-04-03T17:48:02.879+0000] {spark_submit.py:491} INFO - 26/04/03 17:48:02 INFO Utils: Successfully started service 'org.apache.spark.network.netty.NettyBlockTransferService' on port 38865.
[2026-04-03T17:48:02.879+0000] {spark_submit.py:491} INFO - 26/04/03 17:48:02 INFO NettyBlockTransferService: Server created on da4c1e7b19e0:38865
[2026-04-03T17:48:02.881+0000] {spark_submit.py:491} INFO - 26/04/03 17:48:02 INFO BlockManager: Using org.apache.spark.storage.RandomBlockReplicationPolicy for block replication policy
[2026-04-03T17:48:02.888+0000] {spark_submit.py:491} INFO - 26/04/03 17:48:02 INFO BlockManagerMaster: Registering BlockManager BlockManagerId(driver, da4c1e7b19e0, 38865, None)
[2026-04-03T17:48:02.893+0000] {spark_submit.py:491} INFO - 26/04/03 17:48:02 INFO BlockManagerMasterEndpoint: Registering block manager da4c1e7b19e0:38865 with 127.2 MiB RAM, BlockManagerId(driver, da4c1e7b19e0, 38865, None)
[2026-04-03T17:48:02.896+0000] {spark_submit.py:491} INFO - 26/04/03 17:48:02 INFO BlockManagerMaster: Registered BlockManager BlockManagerId(driver, da4c1e7b19e0, 38865, None)
[2026-04-03T17:48:02.898+0000] {spark_submit.py:491} INFO - 26/04/03 17:48:02 INFO BlockManager: Initialized BlockManager: BlockManagerId(driver, da4c1e7b19e0, 38865, None)
[2026-04-03T17:48:02.901+0000] {spark_submit.py:491} INFO - 26/04/03 17:48:02 INFO StandaloneAppClient$ClientEndpoint: Executor added: app-20260403174802-0000/0 on worker-20260403174515-172.18.0.12-38805 (172.18.0.12:38805) with 1 core(s)
[2026-04-03T17:48:02.904+0000] {spark_submit.py:491} INFO - 26/04/03 17:48:02 INFO StandaloneSchedulerBackend: Granted executor ID app-20260403174802-0000/0 on hostPort 172.18.0.12:38805 with 1 core(s), 1024.0 MiB RAM
[2026-04-03T17:48:02.905+0000] {spark_submit.py:491} INFO - 26/04/03 17:48:02 INFO StandaloneAppClient$ClientEndpoint: Executor added: app-20260403174802-0000/1 on worker-20260403174515-172.18.0.12-38805 (172.18.0.12:38805) with 1 core(s)
[2026-04-03T17:48:02.906+0000] {spark_submit.py:491} INFO - 26/04/03 17:48:02 INFO StandaloneSchedulerBackend: Granted executor ID app-20260403174802-0000/1 on hostPort 172.18.0.12:38805 with 1 core(s), 1024.0 MiB RAM
[2026-04-03T17:48:02.906+0000] {spark_submit.py:491} INFO - 26/04/03 17:48:02 INFO StandaloneAppClient$ClientEndpoint: Executor added: app-20260403174802-0000/2 on worker-20260403174515-172.18.0.12-38805 (172.18.0.12:38805) with 1 core(s)
[2026-04-03T17:48:02.907+0000] {spark_submit.py:491} INFO - 26/04/03 17:48:02 INFO StandaloneSchedulerBackend: Granted executor ID app-20260403174802-0000/2 on hostPort 172.18.0.12:38805 with 1 core(s), 1024.0 MiB RAM
[2026-04-03T17:48:02.908+0000] {spark_submit.py:491} INFO - 26/04/03 17:48:02 INFO StandaloneAppClient$ClientEndpoint: Executor added: app-20260403174802-0000/3 on worker-20260403174515-172.18.0.12-38805 (172.18.0.12:38805) with 1 core(s)
[2026-04-03T17:48:02.909+0000] {spark_submit.py:491} INFO - 26/04/03 17:48:02 INFO StandaloneSchedulerBackend: Granted executor ID app-20260403174802-0000/3 on hostPort 172.18.0.12:38805 with 1 core(s), 1024.0 MiB RAM
[2026-04-03T17:48:02.912+0000] {spark_submit.py:491} INFO - 26/04/03 17:48:02 INFO StandaloneAppClient$ClientEndpoint: Executor added: app-20260403174802-0000/4 on worker-20260403174515-172.18.0.12-38805 (172.18.0.12:38805) with 1 core(s)
[2026-04-03T17:48:02.913+0000] {spark_submit.py:491} INFO - 26/04/03 17:48:02 INFO StandaloneSchedulerBackend: Granted executor ID app-20260403174802-0000/4 on hostPort 172.18.0.12:38805 with 1 core(s), 1024.0 MiB RAM
[2026-04-03T17:48:02.914+0000] {spark_submit.py:491} INFO - 26/04/03 17:48:02 INFO StandaloneAppClient$ClientEndpoint: Executor added: app-20260403174802-0000/5 on worker-20260403174515-172.18.0.12-38805 (172.18.0.12:38805) with 1 core(s)
[2026-04-03T17:48:02.914+0000] {spark_submit.py:491} INFO - 26/04/03 17:48:02 INFO StandaloneSchedulerBackend: Granted executor ID app-20260403174802-0000/5 on hostPort 172.18.0.12:38805 with 1 core(s), 1024.0 MiB RAM
[2026-04-03T17:48:02.914+0000] {spark_submit.py:491} INFO - 26/04/03 17:48:02 INFO StandaloneAppClient$ClientEndpoint: Executor added: app-20260403174802-0000/6 on worker-20260403174515-172.18.0.12-38805 (172.18.0.12:38805) with 1 core(s)
[2026-04-03T17:48:02.916+0000] {spark_submit.py:491} INFO - 26/04/03 17:48:02 INFO StandaloneSchedulerBackend: Granted executor ID app-20260403174802-0000/6 on hostPort 172.18.0.12:38805 with 1 core(s), 1024.0 MiB RAM
[2026-04-03T17:48:02.918+0000] {spark_submit.py:491} INFO - 26/04/03 17:48:02 INFO StandaloneAppClient$ClientEndpoint: Executor added: app-20260403174802-0000/7 on worker-20260403174515-172.18.0.12-38805 (172.18.0.12:38805) with 1 core(s)
[2026-04-03T17:48:02.919+0000] {spark_submit.py:491} INFO - 26/04/03 17:48:02 INFO StandaloneSchedulerBackend: Granted executor ID app-20260403174802-0000/7 on hostPort 172.18.0.12:38805 with 1 core(s), 1024.0 MiB RAM
[2026-04-03T17:48:02.925+0000] {spark_submit.py:491} INFO - 26/04/03 17:48:02 INFO StandaloneAppClient$ClientEndpoint: Executor added: app-20260403174802-0000/8 on worker-20260403174515-172.18.0.12-38805 (172.18.0.12:38805) with 1 core(s)
[2026-04-03T17:48:02.926+0000] {spark_submit.py:491} INFO - 26/04/03 17:48:02 INFO StandaloneSchedulerBackend: Granted executor ID app-20260403174802-0000/8 on hostPort 172.18.0.12:38805 with 1 core(s), 1024.0 MiB RAM
[2026-04-03T17:48:02.927+0000] {spark_submit.py:491} INFO - 26/04/03 17:48:02 INFO StandaloneAppClient$ClientEndpoint: Executor added: app-20260403174802-0000/9 on worker-20260403174515-172.18.0.12-38805 (172.18.0.12:38805) with 1 core(s)
[2026-04-03T17:48:02.929+0000] {spark_submit.py:491} INFO - 26/04/03 17:48:02 INFO StandaloneSchedulerBackend: Granted executor ID app-20260403174802-0000/9 on hostPort 172.18.0.12:38805 with 1 core(s), 1024.0 MiB RAM
[2026-04-03T17:48:02.929+0000] {spark_submit.py:491} INFO - 26/04/03 17:48:02 INFO StandaloneAppClient$ClientEndpoint: Executor added: app-20260403174802-0000/10 on worker-20260403174515-172.18.0.12-38805 (172.18.0.12:38805) with 1 core(s)
[2026-04-03T17:48:02.929+0000] {spark_submit.py:491} INFO - 26/04/03 17:48:02 INFO StandaloneSchedulerBackend: Granted executor ID app-20260403174802-0000/10 on hostPort 172.18.0.12:38805 with 1 core(s), 1024.0 MiB RAM
[2026-04-03T17:48:02.929+0000] {spark_submit.py:491} INFO - 26/04/03 17:48:02 INFO StandaloneAppClient$ClientEndpoint: Executor added: app-20260403174802-0000/11 on worker-20260403174515-172.18.0.12-38805 (172.18.0.12:38805) with 1 core(s)
[2026-04-03T17:48:02.930+0000] {spark_submit.py:491} INFO - 26/04/03 17:48:02 INFO StandaloneSchedulerBackend: Granted executor ID app-20260403174802-0000/11 on hostPort 172.18.0.12:38805 with 1 core(s), 1024.0 MiB RAM
[2026-04-03T17:48:03.324+0000] {spark_submit.py:491} INFO - 26/04/03 17:48:03 INFO StandaloneAppClient$ClientEndpoint: Executor updated: app-20260403174802-0000/7 is now RUNNING
[2026-04-03T17:48:03.325+0000] {spark_submit.py:491} INFO - 26/04/03 17:48:03 INFO StandaloneAppClient$ClientEndpoint: Executor updated: app-20260403174802-0000/8 is now RUNNING
[2026-04-03T17:48:03.333+0000] {spark_submit.py:491} INFO - 26/04/03 17:48:03 INFO StandaloneAppClient$ClientEndpoint: Executor updated: app-20260403174802-0000/0 is now RUNNING
[2026-04-03T17:48:03.339+0000] {spark_submit.py:491} INFO - 26/04/03 17:48:03 INFO StandaloneAppClient$ClientEndpoint: Executor updated: app-20260403174802-0000/1 is now RUNNING
[2026-04-03T17:48:03.344+0000] {spark_submit.py:491} INFO - 26/04/03 17:48:03 INFO StandaloneAppClient$ClientEndpoint: Executor updated: app-20260403174802-0000/2 is now RUNNING
[2026-04-03T17:48:03.361+0000] {spark_submit.py:491} INFO - 26/04/03 17:48:03 INFO StandaloneAppClient$ClientEndpoint: Executor updated: app-20260403174802-0000/9 is now RUNNING
[2026-04-03T17:48:03.362+0000] {spark_submit.py:491} INFO - 26/04/03 17:48:03 INFO StandaloneAppClient$ClientEndpoint: Executor updated: app-20260403174802-0000/5 is now RUNNING
[2026-04-03T17:48:03.368+0000] {spark_submit.py:491} INFO - 26/04/03 17:48:03 INFO StandaloneAppClient$ClientEndpoint: Executor updated: app-20260403174802-0000/11 is now RUNNING
[2026-04-03T17:48:03.376+0000] {spark_submit.py:491} INFO - 26/04/03 17:48:03 INFO StandaloneSchedulerBackend: SchedulerBackend is ready for scheduling beginning after reached minRegisteredResourcesRatio: 0.0
[2026-04-03T17:48:03.377+0000] {spark_submit.py:491} INFO - 26/04/03 17:48:03 INFO StandaloneAppClient$ClientEndpoint: Executor updated: app-20260403174802-0000/3 is now RUNNING
[2026-04-03T17:48:03.381+0000] {spark_submit.py:491} INFO - 26/04/03 17:48:03 INFO StandaloneAppClient$ClientEndpoint: Executor updated: app-20260403174802-0000/10 is now RUNNING
[2026-04-03T17:48:03.389+0000] {spark_submit.py:491} INFO - 26/04/03 17:48:03 INFO StandaloneAppClient$ClientEndpoint: Executor updated: app-20260403174802-0000/4 is now RUNNING
[2026-04-03T17:48:03.389+0000] {spark_submit.py:491} INFO - 26/04/03 17:48:03 INFO StandaloneAppClient$ClientEndpoint: Executor updated: app-20260403174802-0000/6 is now RUNNING
[2026-04-03T17:48:09.965+0000] {spark_submit.py:491} INFO - INFO:silver_processor: Bắt đầu xử lý lớp Silver cho bảng: customers | Chế độ CDC: False
[2026-04-03T17:48:09.966+0000] {spark_submit.py:491} INFO - INFO:silver_processor: Bắt đầu quét Data Nóng từ Bronze...
[2026-04-03T17:48:10.434+0000] {spark_submit.py:491} INFO - 26/04/03 17:48:10 WARN MetricsConfig: Cannot locate configuration: tried hadoop-metrics2-s3a-file-system.properties,hadoop-metrics2.properties
[2026-04-03T17:48:27.224+0000] {spark_submit.py:491} INFO - INFO:py4j.java_gateway:Callback Server Starting
[2026-04-03T17:48:27.225+0000] {spark_submit.py:491} INFO - INFO:py4j.java_gateway:Socket listening on ('127.0.0.1', 34175)
[2026-04-03T17:48:27.420+0000] {spark_submit.py:491} INFO - 26/04/03 17:48:27 WARN ResolveWriteToStream: spark.sql.adaptive.enabled is not supported in streaming DataFrames/Datasets and will be disabled.
[2026-04-03T17:48:28.609+0000] {spark_submit.py:491} INFO - INFO:py4j.clientserver:Python Server ready to receive messages
[2026-04-03T17:48:28.609+0000] {spark_submit.py:491} INFO - INFO:py4j.clientserver:Received command c on object id p0
[2026-04-03T17:49:09.825+0000] {spark_submit.py:491} INFO - 26/04/03 17:49:09 WARN package: Truncated the string representation of a plan since it was too large. This behavior can be adjusted by setting 'spark.sql.debug.maxToStringFields'.
[2026-04-03T17:49:17.771+0000] {spark_submit.py:491} INFO - INFO:silver_processor:   [Batch 0] Đã khởi tạo bảng Delta Lake lần đầu.
[2026-04-03T17:49:18.236+0000] {spark_submit.py:491} INFO - INFO:silver_processor: Hoàn thành quét Data Nóng cập nhật vào Silver.
[2026-04-03T17:49:18.263+0000] {spark_submit.py:491} INFO - INFO:silver_processor: Bắt đầu dò tìm 'bóng ma' Hard Delete...
[2026-04-03T17:49:18.326+0000] {spark_submit.py:491} INFO - ERROR:__main__:Lỗi khi xử lý lớp Silver bảng customers: An error occurred while calling o88.load.
[2026-04-03T17:49:18.327+0000] {spark_submit.py:491} INFO - : java.lang.ClassNotFoundException: com.mysql.cj.jdbc.Driver
[2026-04-03T17:49:18.327+0000] {spark_submit.py:491} INFO - at java.base/java.net.URLClassLoader.findClass(URLClassLoader.java:476)
[2026-04-03T17:49:18.327+0000] {spark_submit.py:491} INFO - at java.base/java.lang.ClassLoader.loadClass(ClassLoader.java:594)
[2026-04-03T17:49:18.327+0000] {spark_submit.py:491} INFO - at java.base/java.lang.ClassLoader.loadClass(ClassLoader.java:527)
[2026-04-03T17:49:18.327+0000] {spark_submit.py:491} INFO - at org.apache.spark.sql.execution.datasources.jdbc.DriverRegistry$.register(DriverRegistry.scala:46)
[2026-04-03T17:49:18.328+0000] {spark_submit.py:491} INFO - at org.apache.spark.sql.execution.datasources.jdbc.JDBCOptions.$anonfun$driverClass$1(JDBCOptions.scala:101)
[2026-04-03T17:49:18.328+0000] {spark_submit.py:491} INFO - at org.apache.spark.sql.execution.datasources.jdbc.JDBCOptions.$anonfun$driverClass$1$adapted(JDBCOptions.scala:101)
[2026-04-03T17:49:18.328+0000] {spark_submit.py:491} INFO - at scala.Option.foreach(Option.scala:407)
[2026-04-03T17:49:18.328+0000] {spark_submit.py:491} INFO - at org.apache.spark.sql.execution.datasources.jdbc.JDBCOptions.<init>(JDBCOptions.scala:101)
[2026-04-03T17:49:18.328+0000] {spark_submit.py:491} INFO - at org.apache.spark.sql.execution.datasources.jdbc.JDBCOptions.<init>(JDBCOptions.scala:39)
[2026-04-03T17:49:18.328+0000] {spark_submit.py:491} INFO - at org.apache.spark.sql.execution.datasources.jdbc.JdbcRelationProvider.createRelation(JdbcRelationProvider.scala:34)
[2026-04-03T17:49:18.328+0000] {spark_submit.py:491} INFO - at org.apache.spark.sql.execution.datasources.DataSource.resolveRelation(DataSource.scala:350)
[2026-04-03T17:49:18.328+0000] {spark_submit.py:491} INFO - at org.apache.spark.sql.DataFrameReader.loadV1Source(DataFrameReader.scala:228)
[2026-04-03T17:49:18.328+0000] {spark_submit.py:491} INFO - at org.apache.spark.sql.DataFrameReader.$anonfun$load$2(DataFrameReader.scala:210)
[2026-04-03T17:49:18.329+0000] {spark_submit.py:491} INFO - at scala.Option.getOrElse(Option.scala:189)
[2026-04-03T17:49:18.329+0000] {spark_submit.py:491} INFO - at org.apache.spark.sql.DataFrameReader.load(DataFrameReader.scala:210)
[2026-04-03T17:49:18.329+0000] {spark_submit.py:491} INFO - at org.apache.spark.sql.DataFrameReader.load(DataFrameReader.scala:171)
[2026-04-03T17:49:18.329+0000] {spark_submit.py:491} INFO - at java.base/jdk.internal.reflect.NativeMethodAccessorImpl.invoke0(Native Method)
[2026-04-03T17:49:18.329+0000] {spark_submit.py:491} INFO - at java.base/jdk.internal.reflect.NativeMethodAccessorImpl.invoke(NativeMethodAccessorImpl.java:62)
[2026-04-03T17:49:18.329+0000] {spark_submit.py:491} INFO - at java.base/jdk.internal.reflect.DelegatingMethodAccessorImpl.invoke(DelegatingMethodAccessorImpl.java:43)
[2026-04-03T17:49:18.329+0000] {spark_submit.py:491} INFO - at java.base/java.lang.reflect.Method.invoke(Method.java:566)
[2026-04-03T17:49:18.329+0000] {spark_submit.py:491} INFO - at py4j.reflection.MethodInvoker.invoke(MethodInvoker.java:244)
[2026-04-03T17:49:18.329+0000] {spark_submit.py:491} INFO - at py4j.reflection.ReflectionEngine.invoke(ReflectionEngine.java:357)
[2026-04-03T17:49:18.329+0000] {spark_submit.py:491} INFO - at py4j.Gateway.invoke(Gateway.java:282)
[2026-04-03T17:49:18.329+0000] {spark_submit.py:491} INFO - at py4j.commands.AbstractCommand.invokeMethod(AbstractCommand.java:132)
[2026-04-03T17:49:18.330+0000] {spark_submit.py:491} INFO - at py4j.commands.CallCommand.execute(CallCommand.java:79)
[2026-04-03T17:49:18.330+0000] {spark_submit.py:491} INFO - at py4j.ClientServerConnection.waitForCommands(ClientServerConnection.java:182)
[2026-04-03T17:49:18.330+0000] {spark_submit.py:491} INFO - at py4j.ClientServerConnection.run(ClientServerConnection.java:106)
[2026-04-03T17:49:18.330+0000] {spark_submit.py:491} INFO - at java.base/java.lang.Thread.run(Thread.java:829)
[2026-04-03T17:49:18.330+0000] {spark_submit.py:491} INFO - 
[2026-04-03T17:49:18.579+0000] {spark_submit.py:491} INFO - Traceback (most recent call last):
[2026-04-03T17:49:18.580+0000] {spark_submit.py:491} INFO - File "/opt/airflow/etl/silver/main_silver.py", line 62, in <module>
[2026-04-03T17:49:18.582+0000] {spark_submit.py:491} INFO - raise e
[2026-04-03T17:49:18.583+0000] {spark_submit.py:491} INFO - File "/opt/airflow/etl/silver/main_silver.py", line 51, in <module>
[2026-04-03T17:49:18.583+0000] {spark_submit.py:491} INFO - process_silver_layer(
[2026-04-03T17:49:18.583+0000] {spark_submit.py:491} INFO - File "/opt/airflow/etl/silver/silver_processor.py", line 102, in process_silver_layer
[2026-04-03T17:49:18.586+0000] {spark_submit.py:491} INFO - .load())
[2026-04-03T17:49:18.587+0000] {spark_submit.py:491} INFO - File "/home/airflow/.local/lib/python3.10/site-packages/pyspark/python/lib/pyspark.zip/pyspark/sql/readwriter.py", line 184, in load
[2026-04-03T17:49:18.592+0000] {spark_submit.py:491} INFO - File "/home/airflow/.local/lib/python3.10/site-packages/pyspark/python/lib/py4j-0.10.9.5-src.zip/py4j/java_gateway.py", line 1321, in __call__
[2026-04-03T17:49:18.594+0000] {spark_submit.py:491} INFO - File "/home/airflow/.local/lib/python3.10/site-packages/pyspark/python/lib/pyspark.zip/pyspark/sql/utils.py", line 190, in deco
[2026-04-03T17:49:18.596+0000] {spark_submit.py:491} INFO - File "/home/airflow/.local/lib/python3.10/site-packages/pyspark/python/lib/py4j-0.10.9.5-src.zip/py4j/protocol.py", line 326, in get_return_value
[2026-04-03T17:49:18.599+0000] {spark_submit.py:491} INFO - py4j.protocol.Py4JJavaError: An error occurred while calling o88.load.
[2026-04-03T17:49:18.599+0000] {spark_submit.py:491} INFO - : java.lang.ClassNotFoundException: com.mysql.cj.jdbc.Driver
[2026-04-03T17:49:18.602+0000] {spark_submit.py:491} INFO - at java.base/java.net.URLClassLoader.findClass(URLClassLoader.java:476)
[2026-04-03T17:49:18.603+0000] {spark_submit.py:491} INFO - at java.base/java.lang.ClassLoader.loadClass(ClassLoader.java:594)
[2026-04-03T17:49:18.603+0000] {spark_submit.py:491} INFO - at java.base/java.lang.ClassLoader.loadClass(ClassLoader.java:527)
[2026-04-03T17:49:18.603+0000] {spark_submit.py:491} INFO - at org.apache.spark.sql.execution.datasources.jdbc.DriverRegistry$.register(DriverRegistry.scala:46)
[2026-04-03T17:49:18.603+0000] {spark_submit.py:491} INFO - at org.apache.spark.sql.execution.datasources.jdbc.JDBCOptions.$anonfun$driverClass$1(JDBCOptions.scala:101)
[2026-04-03T17:49:18.603+0000] {spark_submit.py:491} INFO - at org.apache.spark.sql.execution.datasources.jdbc.JDBCOptions.$anonfun$driverClass$1$adapted(JDBCOptions.scala:101)
[2026-04-03T17:49:18.603+0000] {spark_submit.py:491} INFO - at scala.Option.foreach(Option.scala:407)
[2026-04-03T17:49:18.603+0000] {spark_submit.py:491} INFO - at org.apache.spark.sql.execution.datasources.jdbc.JDBCOptions.<init>(JDBCOptions.scala:101)
[2026-04-03T17:49:18.603+0000] {spark_submit.py:491} INFO - at org.apache.spark.sql.execution.datasources.jdbc.JDBCOptions.<init>(JDBCOptions.scala:39)
[2026-04-03T17:49:18.603+0000] {spark_submit.py:491} INFO - at org.apache.spark.sql.execution.datasources.jdbc.JdbcRelationProvider.createRelation(JdbcRelationProvider.scala:34)
[2026-04-03T17:49:18.605+0000] {spark_submit.py:491} INFO - at org.apache.spark.sql.execution.datasources.DataSource.resolveRelation(DataSource.scala:350)
[2026-04-03T17:49:18.609+0000] {spark_submit.py:491} INFO - at org.apache.spark.sql.DataFrameReader.loadV1Source(DataFrameReader.scala:228)
[2026-04-03T17:49:18.610+0000] {spark_submit.py:491} INFO - at org.apache.spark.sql.DataFrameReader.$anonfun$load$2(DataFrameReader.scala:210)
[2026-04-03T17:49:18.610+0000] {spark_submit.py:491} INFO - at scala.Option.getOrElse(Option.scala:189)
[2026-04-03T17:49:18.610+0000] {spark_submit.py:491} INFO - at org.apache.spark.sql.DataFrameReader.load(DataFrameReader.scala:210)
[2026-04-03T17:49:18.610+0000] {spark_submit.py:491} INFO - at org.apache.spark.sql.DataFrameReader.load(DataFrameReader.scala:171)
[2026-04-03T17:49:18.613+0000] {spark_submit.py:491} INFO - at java.base/jdk.internal.reflect.NativeMethodAccessorImpl.invoke0(Native Method)
[2026-04-03T17:49:18.615+0000] {spark_submit.py:491} INFO - at java.base/jdk.internal.reflect.NativeMethodAccessorImpl.invoke(NativeMethodAccessorImpl.java:62)
[2026-04-03T17:49:18.615+0000] {spark_submit.py:491} INFO - at java.base/jdk.internal.reflect.DelegatingMethodAccessorImpl.invoke(DelegatingMethodAccessorImpl.java:43)
[2026-04-03T17:49:18.616+0000] {spark_submit.py:491} INFO - at java.base/java.lang.reflect.Method.invoke(Method.java:566)
[2026-04-03T17:49:18.616+0000] {spark_submit.py:491} INFO - at py4j.reflection.MethodInvoker.invoke(MethodInvoker.java:244)
[2026-04-03T17:49:18.617+0000] {spark_submit.py:491} INFO - at py4j.reflection.ReflectionEngine.invoke(ReflectionEngine.java:357)
[2026-04-03T17:49:18.618+0000] {spark_submit.py:491} INFO - at py4j.Gateway.invoke(Gateway.java:282)
[2026-04-03T17:49:18.619+0000] {spark_submit.py:491} INFO - at py4j.commands.AbstractCommand.invokeMethod(AbstractCommand.java:132)
[2026-04-03T17:49:18.619+0000] {spark_submit.py:491} INFO - at py4j.commands.CallCommand.execute(CallCommand.java:79)
[2026-04-03T17:49:18.619+0000] {spark_submit.py:491} INFO - at py4j.ClientServerConnection.waitForCommands(ClientServerConnection.java:182)
[2026-04-03T17:49:18.620+0000] {spark_submit.py:491} INFO - at py4j.ClientServerConnection.run(ClientServerConnection.java:106)
[2026-04-03T17:49:18.620+0000] {spark_submit.py:491} INFO - at java.base/java.lang.Thread.run(Thread.java:829)
[2026-04-03T17:49:18.620+0000] {spark_submit.py:491} INFO - 
[2026-04-03T17:49:18.620+0000] {spark_submit.py:491} INFO - INFO:py4j.clientserver:Closing down clientserver connection
[2026-04-03T17:49:18.950+0000] {taskinstance.py:1937} ERROR - Task failed with exception
Traceback (most recent call last):
  File "/home/airflow/.local/lib/python3.10/site-packages/airflow/providers/apache/spark/operators/spark_submit.py", line 156, in execute
    self._hook.submit(self._application)
  File "/home/airflow/.local/lib/python3.10/site-packages/airflow/providers/apache/spark/hooks/spark_submit.py", line 422, in submit
    raise AirflowException(
airflow.exceptions.AirflowException: Cannot execute: spark-submit --master spark://spark-master:7077 --conf spark.sql.extensions=io.delta.sql.DeltaSparkSessionExtension --conf spark.sql.catalog.spark_catalog=org.apache.spark.sql.delta.catalog.DeltaCatalog --conf spark.databricks.delta.schema.autoMerge.enabled=true --conf spark.hadoop.fs.s3a.endpoint=http://minio:9000 --conf spark.hadoop.fs.s3a.access.key=minio --conf spark.hadoop.fs.s3a.secret.key=****** --conf spark.hadoop.fs.s3a.path.style.access=true --conf spark.hadoop.fs.s3a.connection.ssl.enabled=false --conf spark.hadoop.fs.s3a.impl=org.apache.hadoop.fs.s3a.S3AFileSystem --conf spark.sql.parquet.enableVectorizedReader=false --conf spark.sql.legacy.parquet.nanosAsLong=true --conf spark.sql.parquet.int64RebaseModeInRead=LEGACY --conf spark.sql.parquet.datetimeRebaseModeInRead=LEGACY --jars /opt/airflow/etl/jars/hadoop-aws-3.3.2.jar,/opt/airflow/etl/jars/aws-java-sdk-bundle-1.11.1026.jar,/opt/airflow/etl/jars/delta-core_2.12-2.3.0.jar,/opt/airflow/etl/jars/delta-storage-2.3.0.jar --executor-cores 1 --executor-memory 1g --driver-memory 512m --name airflow_silver_customers --verbose /opt/airflow/etl/silver/main_silver.py --table_name customers --merge_key customer_id --is_cdc false --json_schema . Error code is: 1.
[2026-04-03T17:49:18.958+0000] {taskinstance.py:1400} INFO - Marking task as UP_FOR_RETRY. dag_id=silver_spark_processor, task_id=process_silver_customers, execution_date=20260402T000000, start_date=20260403T174758, end_date=20260403T174918
[2026-04-03T17:49:18.977+0000] {standard_task_runner.py:104} ERROR - Failed to execute job 654 for task process_silver_customers (Cannot execute: spark-submit --master spark://spark-master:7077 --conf spark.sql.extensions=io.delta.sql.DeltaSparkSessionExtension --conf spark.sql.catalog.spark_catalog=org.apache.spark.sql.delta.catalog.DeltaCatalog --conf spark.databricks.delta.schema.autoMerge.enabled=true --conf spark.hadoop.fs.s3a.endpoint=http://minio:9000 --conf spark.hadoop.fs.s3a.access.key=minio --conf spark.hadoop.fs.s3a.secret.key=****** --conf spark.hadoop.fs.s3a.path.style.access=true --conf spark.hadoop.fs.s3a.connection.ssl.enabled=false --conf spark.hadoop.fs.s3a.impl=org.apache.hadoop.fs.s3a.S3AFileSystem --conf spark.sql.parquet.enableVectorizedReader=false --conf spark.sql.legacy.parquet.nanosAsLong=true --conf spark.sql.parquet.int64RebaseModeInRead=LEGACY --conf spark.sql.parquet.datetimeRebaseModeInRead=LEGACY --jars /opt/airflow/etl/jars/hadoop-aws-3.3.2.jar,/opt/airflow/etl/jars/aws-java-sdk-bundle-1.11.1026.jar,/opt/airflow/etl/jars/delta-core_2.12-2.3.0.jar,/opt/airflow/etl/jars/delta-storage-2.3.0.jar --executor-cores 1 --executor-memory 1g --driver-memory 512m --name airflow_silver_customers --verbose /opt/airflow/etl/silver/main_silver.py --table_name customers --merge_key customer_id --is_cdc false --json_schema . Error code is: 1.; 320)
[2026-04-03T17:49:19.017+0000] {local_task_job_runner.py:228} INFO - Task exited with return code 1
[2026-04-03T17:49:19.049+0000] {taskinstance.py:2778} INFO - 0 downstream tasks scheduled from follow-on schedule check
