[2026-04-03T15:00:16.992+0000] {taskinstance.py:1159} INFO - Dependencies all met for dep_context=non-requeueable deps ti=<TaskInstance: silver_spark_processor.process_silver_customers scheduled__2026-04-02T00:00:00+00:00 [queued]>
[2026-04-03T15:00:17.000+0000] {taskinstance.py:1159} INFO - Dependencies all met for dep_context=requeueable deps ti=<TaskInstance: silver_spark_processor.process_silver_customers scheduled__2026-04-02T00:00:00+00:00 [queued]>
[2026-04-03T15:00:17.001+0000] {taskinstance.py:1361} INFO - Starting attempt 17 of 18
[2026-04-03T15:00:17.021+0000] {taskinstance.py:1382} INFO - Executing <Task(SparkSubmitOperator): process_silver_customers> on 2026-04-02 00:00:00+00:00
[2026-04-03T15:00:17.027+0000] {standard_task_runner.py:57} INFO - Started process 980 to run task
[2026-04-03T15:00:17.030+0000] {standard_task_runner.py:84} INFO - Running: ['airflow', 'tasks', 'run', 'silver_spark_processor', 'process_silver_customers', 'scheduled__2026-04-02T00:00:00+00:00', '--job-id', '621', '--raw', '--subdir', 'DAGS_FOLDER/silver_processor_dag.py', '--cfg-path', '/tmp/tmpxqm5voqv']
[2026-04-03T15:00:17.032+0000] {standard_task_runner.py:85} INFO - Job 621: Subtask process_silver_customers
[2026-04-03T15:00:17.086+0000] {task_command.py:416} INFO - Running <TaskInstance: silver_spark_processor.process_silver_customers scheduled__2026-04-02T00:00:00+00:00 [running]> on host bc50ea179d9a
[2026-04-03T15:00:17.179+0000] {taskinstance.py:1662} INFO - Exporting env vars: AIRFLOW_CTX_DAG_OWNER='data-team' AIRFLOW_CTX_DAG_ID='silver_spark_processor' AIRFLOW_CTX_TASK_ID='process_silver_customers' AIRFLOW_CTX_EXECUTION_DATE='2026-04-02T00:00:00+00:00' AIRFLOW_CTX_TRY_NUMBER='17' AIRFLOW_CTX_DAG_RUN_ID='scheduled__2026-04-02T00:00:00+00:00'
[2026-04-03T15:00:17.190+0000] {base.py:73} INFO - Using connection ID 'spark_default' for task execution.
[2026-04-03T15:00:17.192+0000] {spark_submit.py:340} INFO - Spark-Submit cmd: spark-submit --master spark://spark-master:7077 --conf spark.sql.extensions=io.delta.sql.DeltaSparkSessionExtension --conf spark.sql.catalog.spark_catalog=org.apache.spark.sql.delta.catalog.DeltaCatalog --conf spark.databricks.delta.schema.autoMerge.enabled=true --jars /opt/airflow/etl/jars/hadoop-aws-3.3.2.jar,/opt/airflow/etl/jars/aws-java-sdk-bundle-1.11.1026.jar,/opt/airflow/etl/jars/delta-core_2.12-2.3.0.jar,/opt/airflow/etl/jars/delta-storage-2.3.0.jar --executor-cores 1 --executor-memory 1g --driver-memory 512m --name airflow_silver_customers /opt/airflow/etl/silver/main_silver.py --table_name customers --merge_key customer_id --is_cdc false --json_schema 
[2026-04-03T15:00:17.290+0000] {spark_submit.py:491} INFO - /home/airflow/.local/lib/python3.10/site-packages/pyspark/bin/load-spark-env.sh: line 68: ps: command not found
[2026-04-03T15:00:18.986+0000] {spark_submit.py:491} INFO - 26/04/03 15:00:18 WARN NativeCodeLoader: Unable to load native-hadoop library for your platform... using builtin-java classes where applicable
[2026-04-03T15:00:19.993+0000] {spark_submit.py:491} INFO - INFO:__main__:Khởi tạo Spark Job cho bảng: customers
[2026-04-03T15:00:20.094+0000] {spark_submit.py:491} INFO - 26/04/03 15:00:20 INFO SparkContext: Running Spark version 3.3.2
[2026-04-03T15:00:20.127+0000] {spark_submit.py:491} INFO - 26/04/03 15:00:20 INFO ResourceUtils: ==============================================================
[2026-04-03T15:00:20.127+0000] {spark_submit.py:491} INFO - 26/04/03 15:00:20 INFO ResourceUtils: No custom resources configured for spark.driver.
[2026-04-03T15:00:20.128+0000] {spark_submit.py:491} INFO - 26/04/03 15:00:20 INFO ResourceUtils: ==============================================================
[2026-04-03T15:00:20.128+0000] {spark_submit.py:491} INFO - 26/04/03 15:00:20 INFO SparkContext: Submitted application: <class 'pyspark.sql.session.SparkSession'>
[2026-04-03T15:00:20.147+0000] {spark_submit.py:491} INFO - 26/04/03 15:00:20 INFO ResourceProfile: Default ResourceProfile created, executor resources: Map(cores -> name: cores, amount: 1, script: , vendor: , memory -> name: memory, amount: 1024, script: , vendor: , offHeap -> name: offHeap, amount: 0, script: , vendor: ), task resources: Map(cpus -> name: cpus, amount: 1.0)
[2026-04-03T15:00:20.158+0000] {spark_submit.py:491} INFO - 26/04/03 15:00:20 INFO ResourceProfile: Limiting resource is cpus at 1 tasks per executor
[2026-04-03T15:00:20.160+0000] {spark_submit.py:491} INFO - 26/04/03 15:00:20 INFO ResourceProfileManager: Added ResourceProfile id: 0
[2026-04-03T15:00:20.206+0000] {spark_submit.py:491} INFO - 26/04/03 15:00:20 INFO SecurityManager: Changing view acls to: airflow
[2026-04-03T15:00:20.207+0000] {spark_submit.py:491} INFO - 26/04/03 15:00:20 INFO SecurityManager: Changing modify acls to: airflow
[2026-04-03T15:00:20.207+0000] {spark_submit.py:491} INFO - 26/04/03 15:00:20 INFO SecurityManager: Changing view acls groups to:
[2026-04-03T15:00:20.208+0000] {spark_submit.py:491} INFO - 26/04/03 15:00:20 INFO SecurityManager: Changing modify acls groups to:
[2026-04-03T15:00:20.208+0000] {spark_submit.py:491} INFO - 26/04/03 15:00:20 INFO SecurityManager: SecurityManager: authentication disabled; ui acls disabled; users  with view permissions: Set(airflow); groups with view permissions: Set(); users  with modify permissions: Set(airflow); groups with modify permissions: Set()
[2026-04-03T15:00:20.630+0000] {spark_submit.py:491} INFO - 26/04/03 15:00:20 INFO Utils: Successfully started service 'sparkDriver' on port 46473.
[2026-04-03T15:00:20.661+0000] {spark_submit.py:491} INFO - 26/04/03 15:00:20 INFO SparkEnv: Registering MapOutputTracker
[2026-04-03T15:00:20.712+0000] {spark_submit.py:491} INFO - 26/04/03 15:00:20 INFO SparkEnv: Registering BlockManagerMaster
[2026-04-03T15:00:20.749+0000] {spark_submit.py:491} INFO - 26/04/03 15:00:20 INFO BlockManagerMasterEndpoint: Using org.apache.spark.storage.DefaultTopologyMapper for getting topology information
[2026-04-03T15:00:20.750+0000] {spark_submit.py:491} INFO - 26/04/03 15:00:20 INFO BlockManagerMasterEndpoint: BlockManagerMasterEndpoint up
[2026-04-03T15:00:20.754+0000] {spark_submit.py:491} INFO - 26/04/03 15:00:20 INFO SparkEnv: Registering BlockManagerMasterHeartbeat
[2026-04-03T15:00:20.774+0000] {spark_submit.py:491} INFO - 26/04/03 15:00:20 INFO DiskBlockManager: Created local directory at /tmp/blockmgr-f070aefb-46ee-464e-bb15-3640bf4b64bc
[2026-04-03T15:00:20.791+0000] {spark_submit.py:491} INFO - 26/04/03 15:00:20 INFO MemoryStore: MemoryStore started with capacity 127.2 MiB
[2026-04-03T15:00:20.808+0000] {spark_submit.py:491} INFO - 26/04/03 15:00:20 INFO SparkEnv: Registering OutputCommitCoordinator
[2026-04-03T15:00:20.987+0000] {spark_submit.py:491} INFO - 26/04/03 15:00:20 INFO Utils: Successfully started service 'SparkUI' on port 4040.
[2026-04-03T15:00:21.023+0000] {spark_submit.py:491} INFO - 26/04/03 15:00:21 INFO SparkContext: Added JAR file:///opt/airflow/etl/jars/hadoop-aws-3.3.2.jar at spark://bc50ea179d9a:46473/jars/hadoop-aws-3.3.2.jar with timestamp 1775228420085
[2026-04-03T15:00:21.023+0000] {spark_submit.py:491} INFO - 26/04/03 15:00:21 INFO SparkContext: Added JAR file:///opt/airflow/etl/jars/aws-java-sdk-bundle-1.11.1026.jar at spark://bc50ea179d9a:46473/jars/aws-java-sdk-bundle-1.11.1026.jar with timestamp 1775228420085
[2026-04-03T15:00:21.024+0000] {spark_submit.py:491} INFO - 26/04/03 15:00:21 INFO SparkContext: Added JAR file:///opt/airflow/etl/jars/delta-core_2.12-2.3.0.jar at spark://bc50ea179d9a:46473/jars/delta-core_2.12-2.3.0.jar with timestamp 1775228420085
[2026-04-03T15:00:21.024+0000] {spark_submit.py:491} INFO - 26/04/03 15:00:21 INFO SparkContext: Added JAR file:///opt/airflow/etl/jars/delta-storage-2.3.0.jar at spark://bc50ea179d9a:46473/jars/delta-storage-2.3.0.jar with timestamp 1775228420085
[2026-04-03T15:00:21.109+0000] {spark_submit.py:491} INFO - 26/04/03 15:00:21 INFO StandaloneAppClient$ClientEndpoint: Connecting to master spark://spark-master:7077...
[2026-04-03T15:00:21.152+0000] {spark_submit.py:491} INFO - 26/04/03 15:00:21 INFO TransportClientFactory: Successfully created connection to spark-master/172.18.0.6:7077 after 25 ms (0 ms spent in bootstraps)
[2026-04-03T15:00:21.231+0000] {spark_submit.py:491} INFO - 26/04/03 15:00:21 INFO StandaloneSchedulerBackend: Connected to Spark cluster with app ID app-20260403150021-0049
[2026-04-03T15:00:21.233+0000] {spark_submit.py:491} INFO - 26/04/03 15:00:21 INFO StandaloneAppClient$ClientEndpoint: Executor added: app-20260403150021-0049/0 on worker-20260403141648-172.18.0.12-38881 (172.18.0.12:38881) with 1 core(s)
[2026-04-03T15:00:21.235+0000] {spark_submit.py:491} INFO - 26/04/03 15:00:21 INFO StandaloneSchedulerBackend: Granted executor ID app-20260403150021-0049/0 on hostPort 172.18.0.12:38881 with 1 core(s), 1024.0 MiB RAM
[2026-04-03T15:00:21.238+0000] {spark_submit.py:491} INFO - 26/04/03 15:00:21 INFO Utils: Successfully started service 'org.apache.spark.network.netty.NettyBlockTransferService' on port 38593.
[2026-04-03T15:00:21.238+0000] {spark_submit.py:491} INFO - 26/04/03 15:00:21 INFO NettyBlockTransferService: Server created on bc50ea179d9a:38593
[2026-04-03T15:00:21.241+0000] {spark_submit.py:491} INFO - 26/04/03 15:00:21 INFO BlockManager: Using org.apache.spark.storage.RandomBlockReplicationPolicy for block replication policy
[2026-04-03T15:00:21.250+0000] {spark_submit.py:491} INFO - 26/04/03 15:00:21 INFO BlockManagerMaster: Registering BlockManager BlockManagerId(driver, bc50ea179d9a, 38593, None)
[2026-04-03T15:00:21.254+0000] {spark_submit.py:491} INFO - 26/04/03 15:00:21 INFO StandaloneAppClient$ClientEndpoint: Executor updated: app-20260403150021-0049/0 is now RUNNING
[2026-04-03T15:00:21.255+0000] {spark_submit.py:491} INFO - 26/04/03 15:00:21 INFO BlockManagerMasterEndpoint: Registering block manager bc50ea179d9a:38593 with 127.2 MiB RAM, BlockManagerId(driver, bc50ea179d9a, 38593, None)
[2026-04-03T15:00:21.258+0000] {spark_submit.py:491} INFO - 26/04/03 15:00:21 INFO BlockManagerMaster: Registered BlockManager BlockManagerId(driver, bc50ea179d9a, 38593, None)
[2026-04-03T15:00:21.259+0000] {spark_submit.py:491} INFO - 26/04/03 15:00:21 INFO BlockManager: Initialized BlockManager: BlockManagerId(driver, bc50ea179d9a, 38593, None)
[2026-04-03T15:00:21.439+0000] {spark_submit.py:491} INFO - 26/04/03 15:00:21 INFO StandaloneSchedulerBackend: SchedulerBackend is ready for scheduling beginning after reached minRegisteredResourcesRatio: 0.0
[2026-04-03T15:00:22.301+0000] {spark_submit.py:491} INFO - INFO:silver_processor: Bắt đầu xử lý lớp Silver cho bảng: customers | Chế độ CDC: False
[2026-04-03T15:00:22.301+0000] {spark_submit.py:491} INFO - INFO:silver_processor: Bắt đầu quét Data Nóng từ Bronze...
[2026-04-03T15:00:22.518+0000] {spark_submit.py:491} INFO - 26/04/03 15:00:22 WARN MetricsConfig: Cannot locate configuration: tried hadoop-metrics2-s3a-file-system.properties,hadoop-metrics2.properties
[2026-04-03T15:13:14.681+0000] {spark_submit.py:491} INFO - ERROR:__main__:Lỗi khi xử lý lớp Silver bảng customers: An error occurred while calling o44.load.
[2026-04-03T15:13:14.681+0000] {spark_submit.py:491} INFO - : org.apache.hadoop.fs.s3a.AWSClientIOException: getFileStatus on s3a://lakehouse/bronze/olist/customers: com.amazonaws.SdkClientException: Unable to execute HTTP request: Unsupported or unrecognized SSL message: Unable to execute HTTP request: Unsupported or unrecognized SSL message
[2026-04-03T15:13:14.681+0000] {spark_submit.py:491} INFO - at org.apache.hadoop.fs.s3a.S3AUtils.translateException(S3AUtils.java:214)
[2026-04-03T15:13:14.681+0000] {spark_submit.py:491} INFO - at org.apache.hadoop.fs.s3a.S3AUtils.translateException(S3AUtils.java:175)
[2026-04-03T15:13:14.681+0000] {spark_submit.py:491} INFO - at org.apache.hadoop.fs.s3a.S3AFileSystem.s3GetFileStatus(S3AFileSystem.java:3799)
[2026-04-03T15:13:14.681+0000] {spark_submit.py:491} INFO - at org.apache.hadoop.fs.s3a.S3AFileSystem.innerGetFileStatus(S3AFileSystem.java:3688)
[2026-04-03T15:13:14.681+0000] {spark_submit.py:491} INFO - at org.apache.hadoop.fs.s3a.S3AFileSystem.lambda$exists$34(S3AFileSystem.java:4703)
[2026-04-03T15:13:14.681+0000] {spark_submit.py:491} INFO - at org.apache.hadoop.fs.statistics.impl.IOStatisticsBinding.lambda$trackDurationOfOperation$5(IOStatisticsBinding.java:499)
[2026-04-03T15:13:14.681+0000] {spark_submit.py:491} INFO - at org.apache.hadoop.fs.statistics.impl.IOStatisticsBinding.trackDuration(IOStatisticsBinding.java:444)
[2026-04-03T15:13:14.682+0000] {spark_submit.py:491} INFO - at org.apache.hadoop.fs.s3a.S3AFileSystem.trackDurationAndSpan(S3AFileSystem.java:2337)
[2026-04-03T15:13:14.682+0000] {spark_submit.py:491} INFO - at org.apache.hadoop.fs.s3a.S3AFileSystem.trackDurationAndSpan(S3AFileSystem.java:2356)
[2026-04-03T15:13:14.682+0000] {spark_submit.py:491} INFO - at org.apache.hadoop.fs.s3a.S3AFileSystem.exists(S3AFileSystem.java:4701)
[2026-04-03T15:13:14.682+0000] {spark_submit.py:491} INFO - at org.apache.spark.sql.execution.datasources.DataSource.sourceSchema(DataSource.scala:250)
[2026-04-03T15:13:14.682+0000] {spark_submit.py:491} INFO - at org.apache.spark.sql.execution.datasources.DataSource.sourceInfo$lzycompute(DataSource.scala:118)
[2026-04-03T15:13:14.682+0000] {spark_submit.py:491} INFO - at org.apache.spark.sql.execution.datasources.DataSource.sourceInfo(DataSource.scala:118)
[2026-04-03T15:13:14.682+0000] {spark_submit.py:491} INFO - at org.apache.spark.sql.execution.streaming.StreamingRelation$.apply(StreamingRelation.scala:34)
[2026-04-03T15:13:14.682+0000] {spark_submit.py:491} INFO - at org.apache.spark.sql.streaming.DataStreamReader.loadInternal(DataStreamReader.scala:196)
[2026-04-03T15:13:14.682+0000] {spark_submit.py:491} INFO - at org.apache.spark.sql.streaming.DataStreamReader.load(DataStreamReader.scala:210)
[2026-04-03T15:13:14.682+0000] {spark_submit.py:491} INFO - at java.base/jdk.internal.reflect.NativeMethodAccessorImpl.invoke0(Native Method)
[2026-04-03T15:13:14.682+0000] {spark_submit.py:491} INFO - at java.base/jdk.internal.reflect.NativeMethodAccessorImpl.invoke(NativeMethodAccessorImpl.java:62)
[2026-04-03T15:13:14.682+0000] {spark_submit.py:491} INFO - at java.base/jdk.internal.reflect.DelegatingMethodAccessorImpl.invoke(DelegatingMethodAccessorImpl.java:43)
[2026-04-03T15:13:14.682+0000] {spark_submit.py:491} INFO - at java.base/java.lang.reflect.Method.invoke(Method.java:566)
[2026-04-03T15:13:14.682+0000] {spark_submit.py:491} INFO - at py4j.reflection.MethodInvoker.invoke(MethodInvoker.java:244)
[2026-04-03T15:13:14.682+0000] {spark_submit.py:491} INFO - at py4j.reflection.ReflectionEngine.invoke(ReflectionEngine.java:357)
[2026-04-03T15:13:14.682+0000] {spark_submit.py:491} INFO - at py4j.Gateway.invoke(Gateway.java:282)
[2026-04-03T15:13:14.682+0000] {spark_submit.py:491} INFO - at py4j.commands.AbstractCommand.invokeMethod(AbstractCommand.java:132)
[2026-04-03T15:13:14.683+0000] {spark_submit.py:491} INFO - at py4j.commands.CallCommand.execute(CallCommand.java:79)
[2026-04-03T15:13:14.683+0000] {spark_submit.py:491} INFO - at py4j.ClientServerConnection.waitForCommands(ClientServerConnection.java:182)
[2026-04-03T15:13:14.683+0000] {spark_submit.py:491} INFO - at py4j.ClientServerConnection.run(ClientServerConnection.java:106)
[2026-04-03T15:13:14.683+0000] {spark_submit.py:491} INFO - at java.base/java.lang.Thread.run(Thread.java:829)
[2026-04-03T15:13:14.683+0000] {spark_submit.py:491} INFO - Caused by: com.amazonaws.SdkClientException: Unable to execute HTTP request: Unsupported or unrecognized SSL message
[2026-04-03T15:13:14.683+0000] {spark_submit.py:491} INFO - at com.amazonaws.http.AmazonHttpClient$RequestExecutor.handleRetryableException(AmazonHttpClient.java:1207)
[2026-04-03T15:13:14.683+0000] {spark_submit.py:491} INFO - at com.amazonaws.http.AmazonHttpClient$RequestExecutor.executeHelper(AmazonHttpClient.java:1153)
[2026-04-03T15:13:14.683+0000] {spark_submit.py:491} INFO - at com.amazonaws.http.AmazonHttpClient$RequestExecutor.doExecute(AmazonHttpClient.java:802)
[2026-04-03T15:13:14.683+0000] {spark_submit.py:491} INFO - at com.amazonaws.http.AmazonHttpClient$RequestExecutor.executeWithTimer(AmazonHttpClient.java:770)
[2026-04-03T15:13:14.683+0000] {spark_submit.py:491} INFO - at com.amazonaws.http.AmazonHttpClient$RequestExecutor.execute(AmazonHttpClient.java:744)
[2026-04-03T15:13:14.683+0000] {spark_submit.py:491} INFO - at com.amazonaws.http.AmazonHttpClient$RequestExecutor.access$500(AmazonHttpClient.java:704)
[2026-04-03T15:13:14.683+0000] {spark_submit.py:491} INFO - at com.amazonaws.http.AmazonHttpClient$RequestExecutionBuilderImpl.execute(AmazonHttpClient.java:686)
[2026-04-03T15:13:14.683+0000] {spark_submit.py:491} INFO - at com.amazonaws.http.AmazonHttpClient.execute(AmazonHttpClient.java:550)
[2026-04-03T15:13:14.683+0000] {spark_submit.py:491} INFO - at com.amazonaws.http.AmazonHttpClient.execute(AmazonHttpClient.java:530)
[2026-04-03T15:13:14.684+0000] {spark_submit.py:491} INFO - at com.amazonaws.services.s3.AmazonS3Client.invoke(AmazonS3Client.java:5437)
[2026-04-03T15:13:14.684+0000] {spark_submit.py:491} INFO - at com.amazonaws.services.s3.AmazonS3Client.invoke(AmazonS3Client.java:5384)
[2026-04-03T15:13:14.684+0000] {spark_submit.py:491} INFO - at com.amazonaws.services.s3.AmazonS3Client.getObjectMetadata(AmazonS3Client.java:1367)
[2026-04-03T15:13:14.684+0000] {spark_submit.py:491} INFO - at org.apache.hadoop.fs.s3a.S3AFileSystem.lambda$getObjectMetadata$10(S3AFileSystem.java:2545)
[2026-04-03T15:13:14.684+0000] {spark_submit.py:491} INFO - at org.apache.hadoop.fs.s3a.Invoker.retryUntranslated(Invoker.java:414)
[2026-04-03T15:13:14.684+0000] {spark_submit.py:491} INFO - at org.apache.hadoop.fs.s3a.Invoker.retryUntranslated(Invoker.java:377)
[2026-04-03T15:13:14.684+0000] {spark_submit.py:491} INFO - at org.apache.hadoop.fs.s3a.S3AFileSystem.getObjectMetadata(S3AFileSystem.java:2533)
[2026-04-03T15:13:14.684+0000] {spark_submit.py:491} INFO - at org.apache.hadoop.fs.s3a.S3AFileSystem.getObjectMetadata(S3AFileSystem.java:2513)
[2026-04-03T15:13:14.684+0000] {spark_submit.py:491} INFO - at org.apache.hadoop.fs.s3a.S3AFileSystem.s3GetFileStatus(S3AFileSystem.java:3776)
[2026-04-03T15:13:14.684+0000] {spark_submit.py:491} INFO - ... 25 more
[2026-04-03T15:13:14.684+0000] {spark_submit.py:491} INFO - Caused by: javax.net.ssl.SSLException: Unsupported or unrecognized SSL message
[2026-04-03T15:13:14.684+0000] {spark_submit.py:491} INFO - at java.base/sun.security.ssl.SSLSocketInputRecord.handleUnknownRecord(SSLSocketInputRecord.java:457)
[2026-04-03T15:13:14.684+0000] {spark_submit.py:491} INFO - at java.base/sun.security.ssl.SSLSocketInputRecord.decode(SSLSocketInputRecord.java:175)
[2026-04-03T15:13:14.684+0000] {spark_submit.py:491} INFO - at java.base/sun.security.ssl.SSLTransport.decode(SSLTransport.java:111)
[2026-04-03T15:13:14.684+0000] {spark_submit.py:491} INFO - at java.base/sun.security.ssl.SSLSocketImpl.decode(SSLSocketImpl.java:1511)
[2026-04-03T15:13:14.685+0000] {spark_submit.py:491} INFO - at java.base/sun.security.ssl.SSLSocketImpl.readHandshakeRecord(SSLSocketImpl.java:1421)
[2026-04-03T15:13:14.685+0000] {spark_submit.py:491} INFO - at java.base/sun.security.ssl.SSLSocketImpl.startHandshake(SSLSocketImpl.java:456)
[2026-04-03T15:13:14.685+0000] {spark_submit.py:491} INFO - at java.base/sun.security.ssl.SSLSocketImpl.startHandshake(SSLSocketImpl.java:427)
[2026-04-03T15:13:14.685+0000] {spark_submit.py:491} INFO - at com.amazonaws.thirdparty.apache.http.conn.ssl.SSLConnectionSocketFactory.createLayeredSocket(SSLConnectionSocketFactory.java:436)
[2026-04-03T15:13:14.685+0000] {spark_submit.py:491} INFO - at com.amazonaws.thirdparty.apache.http.conn.ssl.SSLConnectionSocketFactory.connectSocket(SSLConnectionSocketFactory.java:384)
[2026-04-03T15:13:14.685+0000] {spark_submit.py:491} INFO - at com.amazonaws.thirdparty.apache.http.impl.conn.DefaultHttpClientConnectionOperator.connect(DefaultHttpClientConnectionOperator.java:142)
[2026-04-03T15:13:14.685+0000] {spark_submit.py:491} INFO - at com.amazonaws.thirdparty.apache.http.impl.conn.PoolingHttpClientConnectionManager.connect(PoolingHttpClientConnectionManager.java:376)
[2026-04-03T15:13:14.685+0000] {spark_submit.py:491} INFO - at jdk.internal.reflect.GeneratedMethodAccessor19.invoke(Unknown Source)
[2026-04-03T15:13:14.685+0000] {spark_submit.py:491} INFO - at java.base/jdk.internal.reflect.DelegatingMethodAccessorImpl.invoke(DelegatingMethodAccessorImpl.java:43)
[2026-04-03T15:13:14.685+0000] {spark_submit.py:491} INFO - at java.base/java.lang.reflect.Method.invoke(Method.java:566)
[2026-04-03T15:13:14.685+0000] {spark_submit.py:491} INFO - at com.amazonaws.http.conn.ClientConnectionManagerFactory$Handler.invoke(ClientConnectionManagerFactory.java:76)
[2026-04-03T15:13:14.685+0000] {spark_submit.py:491} INFO - at com.amazonaws.http.conn.$Proxy34.connect(Unknown Source)
[2026-04-03T15:13:14.685+0000] {spark_submit.py:491} INFO - at com.amazonaws.thirdparty.apache.http.impl.execchain.MainClientExec.establishRoute(MainClientExec.java:393)
[2026-04-03T15:13:14.685+0000] {spark_submit.py:491} INFO - at com.amazonaws.thirdparty.apache.http.impl.execchain.MainClientExec.execute(MainClientExec.java:236)
[2026-04-03T15:13:14.685+0000] {spark_submit.py:491} INFO - at com.amazonaws.thirdparty.apache.http.impl.execchain.ProtocolExec.execute(ProtocolExec.java:186)
[2026-04-03T15:13:14.685+0000] {spark_submit.py:491} INFO - at com.amazonaws.thirdparty.apache.http.impl.client.InternalHttpClient.doExecute(InternalHttpClient.java:185)
[2026-04-03T15:13:14.686+0000] {spark_submit.py:491} INFO - at com.amazonaws.thirdparty.apache.http.impl.client.CloseableHttpClient.execute(CloseableHttpClient.java:83)
[2026-04-03T15:13:14.686+0000] {spark_submit.py:491} INFO - at com.amazonaws.thirdparty.apache.http.impl.client.CloseableHttpClient.execute(CloseableHttpClient.java:56)
[2026-04-03T15:13:14.686+0000] {spark_submit.py:491} INFO - at com.amazonaws.http.apache.client.impl.SdkHttpClient.execute(SdkHttpClient.java:72)
[2026-04-03T15:13:14.686+0000] {spark_submit.py:491} INFO - at com.amazonaws.http.AmazonHttpClient$RequestExecutor.executeOneRequest(AmazonHttpClient.java:1331)
[2026-04-03T15:13:14.686+0000] {spark_submit.py:491} INFO - at com.amazonaws.http.AmazonHttpClient$RequestExecutor.executeHelper(AmazonHttpClient.java:1145)
[2026-04-03T15:13:14.686+0000] {spark_submit.py:491} INFO - ... 41 more
[2026-04-03T15:13:14.686+0000] {spark_submit.py:491} INFO - 
[2026-04-03T15:13:14.950+0000] {spark_submit.py:491} INFO - Traceback (most recent call last):
[2026-04-03T15:13:14.951+0000] {spark_submit.py:491} INFO - File "/opt/airflow/etl/silver/main_silver.py", line 59, in <module>
[2026-04-03T15:13:14.951+0000] {spark_submit.py:491} INFO - raise e
[2026-04-03T15:13:14.951+0000] {spark_submit.py:491} INFO - File "/opt/airflow/etl/silver/main_silver.py", line 48, in <module>
[2026-04-03T15:13:14.951+0000] {spark_submit.py:491} INFO - process_silver_layer(
[2026-04-03T15:13:14.952+0000] {spark_submit.py:491} INFO - File "/opt/airflow/etl/silver/silver_processor.py", line 78, in process_silver_layer
[2026-04-03T15:13:14.952+0000] {spark_submit.py:491} INFO - .load(bronze_path)
[2026-04-03T15:13:14.952+0000] {spark_submit.py:491} INFO - File "/home/airflow/.local/lib/python3.10/site-packages/pyspark/python/lib/pyspark.zip/pyspark/sql/streaming.py", line 467, in load
[2026-04-03T15:13:14.952+0000] {spark_submit.py:491} INFO - File "/home/airflow/.local/lib/python3.10/site-packages/pyspark/python/lib/py4j-0.10.9.5-src.zip/py4j/java_gateway.py", line 1321, in __call__
[2026-04-03T15:13:14.952+0000] {spark_submit.py:491} INFO - File "/home/airflow/.local/lib/python3.10/site-packages/pyspark/python/lib/pyspark.zip/pyspark/sql/utils.py", line 190, in deco
[2026-04-03T15:13:14.952+0000] {spark_submit.py:491} INFO - File "/home/airflow/.local/lib/python3.10/site-packages/pyspark/python/lib/py4j-0.10.9.5-src.zip/py4j/protocol.py", line 326, in get_return_value
[2026-04-03T15:13:14.952+0000] {spark_submit.py:491} INFO - py4j.protocol.Py4JJavaError: An error occurred while calling o44.load.
[2026-04-03T15:13:14.953+0000] {spark_submit.py:491} INFO - : org.apache.hadoop.fs.s3a.AWSClientIOException: getFileStatus on s3a://lakehouse/bronze/olist/customers: com.amazonaws.SdkClientException: Unable to execute HTTP request: Unsupported or unrecognized SSL message: Unable to execute HTTP request: Unsupported or unrecognized SSL message
[2026-04-03T15:13:14.953+0000] {spark_submit.py:491} INFO - at org.apache.hadoop.fs.s3a.S3AUtils.translateException(S3AUtils.java:214)
[2026-04-03T15:13:14.953+0000] {spark_submit.py:491} INFO - at org.apache.hadoop.fs.s3a.S3AUtils.translateException(S3AUtils.java:175)
[2026-04-03T15:13:14.953+0000] {spark_submit.py:491} INFO - at org.apache.hadoop.fs.s3a.S3AFileSystem.s3GetFileStatus(S3AFileSystem.java:3799)
[2026-04-03T15:13:14.953+0000] {spark_submit.py:491} INFO - at org.apache.hadoop.fs.s3a.S3AFileSystem.innerGetFileStatus(S3AFileSystem.java:3688)
[2026-04-03T15:13:14.953+0000] {spark_submit.py:491} INFO - at org.apache.hadoop.fs.s3a.S3AFileSystem.lambda$exists$34(S3AFileSystem.java:4703)
[2026-04-03T15:13:14.953+0000] {spark_submit.py:491} INFO - at org.apache.hadoop.fs.statistics.impl.IOStatisticsBinding.lambda$trackDurationOfOperation$5(IOStatisticsBinding.java:499)
[2026-04-03T15:13:14.953+0000] {spark_submit.py:491} INFO - at org.apache.hadoop.fs.statistics.impl.IOStatisticsBinding.trackDuration(IOStatisticsBinding.java:444)
[2026-04-03T15:13:14.953+0000] {spark_submit.py:491} INFO - at org.apache.hadoop.fs.s3a.S3AFileSystem.trackDurationAndSpan(S3AFileSystem.java:2337)
[2026-04-03T15:13:14.953+0000] {spark_submit.py:491} INFO - at org.apache.hadoop.fs.s3a.S3AFileSystem.trackDurationAndSpan(S3AFileSystem.java:2356)
[2026-04-03T15:13:14.953+0000] {spark_submit.py:491} INFO - at org.apache.hadoop.fs.s3a.S3AFileSystem.exists(S3AFileSystem.java:4701)
[2026-04-03T15:13:14.953+0000] {spark_submit.py:491} INFO - at org.apache.spark.sql.execution.datasources.DataSource.sourceSchema(DataSource.scala:250)
[2026-04-03T15:13:14.953+0000] {spark_submit.py:491} INFO - at org.apache.spark.sql.execution.datasources.DataSource.sourceInfo$lzycompute(DataSource.scala:118)
[2026-04-03T15:13:14.953+0000] {spark_submit.py:491} INFO - at org.apache.spark.sql.execution.datasources.DataSource.sourceInfo(DataSource.scala:118)
[2026-04-03T15:13:14.953+0000] {spark_submit.py:491} INFO - at org.apache.spark.sql.execution.streaming.StreamingRelation$.apply(StreamingRelation.scala:34)
[2026-04-03T15:13:14.954+0000] {spark_submit.py:491} INFO - at org.apache.spark.sql.streaming.DataStreamReader.loadInternal(DataStreamReader.scala:196)
[2026-04-03T15:13:14.954+0000] {spark_submit.py:491} INFO - at org.apache.spark.sql.streaming.DataStreamReader.load(DataStreamReader.scala:210)
[2026-04-03T15:13:14.954+0000] {spark_submit.py:491} INFO - at java.base/jdk.internal.reflect.NativeMethodAccessorImpl.invoke0(Native Method)
[2026-04-03T15:13:14.954+0000] {spark_submit.py:491} INFO - at java.base/jdk.internal.reflect.NativeMethodAccessorImpl.invoke(NativeMethodAccessorImpl.java:62)
[2026-04-03T15:13:14.954+0000] {spark_submit.py:491} INFO - at java.base/jdk.internal.reflect.DelegatingMethodAccessorImpl.invoke(DelegatingMethodAccessorImpl.java:43)
[2026-04-03T15:13:14.954+0000] {spark_submit.py:491} INFO - at java.base/java.lang.reflect.Method.invoke(Method.java:566)
[2026-04-03T15:13:14.954+0000] {spark_submit.py:491} INFO - at py4j.reflection.MethodInvoker.invoke(MethodInvoker.java:244)
[2026-04-03T15:13:14.954+0000] {spark_submit.py:491} INFO - at py4j.reflection.ReflectionEngine.invoke(ReflectionEngine.java:357)
[2026-04-03T15:13:14.954+0000] {spark_submit.py:491} INFO - at py4j.Gateway.invoke(Gateway.java:282)
[2026-04-03T15:13:14.954+0000] {spark_submit.py:491} INFO - at py4j.commands.AbstractCommand.invokeMethod(AbstractCommand.java:132)
[2026-04-03T15:13:14.954+0000] {spark_submit.py:491} INFO - at py4j.commands.CallCommand.execute(CallCommand.java:79)
[2026-04-03T15:13:14.954+0000] {spark_submit.py:491} INFO - at py4j.ClientServerConnection.waitForCommands(ClientServerConnection.java:182)
[2026-04-03T15:13:14.954+0000] {spark_submit.py:491} INFO - at py4j.ClientServerConnection.run(ClientServerConnection.java:106)
[2026-04-03T15:13:14.954+0000] {spark_submit.py:491} INFO - at java.base/java.lang.Thread.run(Thread.java:829)
[2026-04-03T15:13:14.954+0000] {spark_submit.py:491} INFO - Caused by: com.amazonaws.SdkClientException: Unable to execute HTTP request: Unsupported or unrecognized SSL message
[2026-04-03T15:13:14.955+0000] {spark_submit.py:491} INFO - at com.amazonaws.http.AmazonHttpClient$RequestExecutor.handleRetryableException(AmazonHttpClient.java:1207)
[2026-04-03T15:13:14.955+0000] {spark_submit.py:491} INFO - at com.amazonaws.http.AmazonHttpClient$RequestExecutor.executeHelper(AmazonHttpClient.java:1153)
[2026-04-03T15:13:14.955+0000] {spark_submit.py:491} INFO - at com.amazonaws.http.AmazonHttpClient$RequestExecutor.doExecute(AmazonHttpClient.java:802)
[2026-04-03T15:13:14.955+0000] {spark_submit.py:491} INFO - at com.amazonaws.http.AmazonHttpClient$RequestExecutor.executeWithTimer(AmazonHttpClient.java:770)
[2026-04-03T15:13:14.955+0000] {spark_submit.py:491} INFO - at com.amazonaws.http.AmazonHttpClient$RequestExecutor.execute(AmazonHttpClient.java:744)
[2026-04-03T15:13:14.955+0000] {spark_submit.py:491} INFO - at com.amazonaws.http.AmazonHttpClient$RequestExecutor.access$500(AmazonHttpClient.java:704)
[2026-04-03T15:13:14.955+0000] {spark_submit.py:491} INFO - at com.amazonaws.http.AmazonHttpClient$RequestExecutionBuilderImpl.execute(AmazonHttpClient.java:686)
[2026-04-03T15:13:14.955+0000] {spark_submit.py:491} INFO - at com.amazonaws.http.AmazonHttpClient.execute(AmazonHttpClient.java:550)
[2026-04-03T15:13:14.955+0000] {spark_submit.py:491} INFO - at com.amazonaws.http.AmazonHttpClient.execute(AmazonHttpClient.java:530)
[2026-04-03T15:13:14.955+0000] {spark_submit.py:491} INFO - at com.amazonaws.services.s3.AmazonS3Client.invoke(AmazonS3Client.java:5437)
[2026-04-03T15:13:14.955+0000] {spark_submit.py:491} INFO - at com.amazonaws.services.s3.AmazonS3Client.invoke(AmazonS3Client.java:5384)
[2026-04-03T15:13:14.955+0000] {spark_submit.py:491} INFO - at com.amazonaws.services.s3.AmazonS3Client.getObjectMetadata(AmazonS3Client.java:1367)
[2026-04-03T15:13:14.955+0000] {spark_submit.py:491} INFO - at org.apache.hadoop.fs.s3a.S3AFileSystem.lambda$getObjectMetadata$10(S3AFileSystem.java:2545)
[2026-04-03T15:13:14.955+0000] {spark_submit.py:491} INFO - at org.apache.hadoop.fs.s3a.Invoker.retryUntranslated(Invoker.java:414)
[2026-04-03T15:13:14.955+0000] {spark_submit.py:491} INFO - at org.apache.hadoop.fs.s3a.Invoker.retryUntranslated(Invoker.java:377)
[2026-04-03T15:13:14.955+0000] {spark_submit.py:491} INFO - at org.apache.hadoop.fs.s3a.S3AFileSystem.getObjectMetadata(S3AFileSystem.java:2533)
[2026-04-03T15:13:14.956+0000] {spark_submit.py:491} INFO - at org.apache.hadoop.fs.s3a.S3AFileSystem.getObjectMetadata(S3AFileSystem.java:2513)
[2026-04-03T15:13:14.956+0000] {spark_submit.py:491} INFO - at org.apache.hadoop.fs.s3a.S3AFileSystem.s3GetFileStatus(S3AFileSystem.java:3776)
[2026-04-03T15:13:14.956+0000] {spark_submit.py:491} INFO - ... 25 more
[2026-04-03T15:13:14.956+0000] {spark_submit.py:491} INFO - Caused by: javax.net.ssl.SSLException: Unsupported or unrecognized SSL message
[2026-04-03T15:13:14.956+0000] {spark_submit.py:491} INFO - at java.base/sun.security.ssl.SSLSocketInputRecord.handleUnknownRecord(SSLSocketInputRecord.java:457)
[2026-04-03T15:13:14.956+0000] {spark_submit.py:491} INFO - at java.base/sun.security.ssl.SSLSocketInputRecord.decode(SSLSocketInputRecord.java:175)
[2026-04-03T15:13:14.956+0000] {spark_submit.py:491} INFO - at java.base/sun.security.ssl.SSLTransport.decode(SSLTransport.java:111)
[2026-04-03T15:13:14.956+0000] {spark_submit.py:491} INFO - at java.base/sun.security.ssl.SSLSocketImpl.decode(SSLSocketImpl.java:1511)
[2026-04-03T15:13:14.956+0000] {spark_submit.py:491} INFO - at java.base/sun.security.ssl.SSLSocketImpl.readHandshakeRecord(SSLSocketImpl.java:1421)
[2026-04-03T15:13:14.956+0000] {spark_submit.py:491} INFO - at java.base/sun.security.ssl.SSLSocketImpl.startHandshake(SSLSocketImpl.java:456)
[2026-04-03T15:13:14.956+0000] {spark_submit.py:491} INFO - at java.base/sun.security.ssl.SSLSocketImpl.startHandshake(SSLSocketImpl.java:427)
[2026-04-03T15:13:14.956+0000] {spark_submit.py:491} INFO - at com.amazonaws.thirdparty.apache.http.conn.ssl.SSLConnectionSocketFactory.createLayeredSocket(SSLConnectionSocketFactory.java:436)
[2026-04-03T15:13:14.956+0000] {spark_submit.py:491} INFO - at com.amazonaws.thirdparty.apache.http.conn.ssl.SSLConnectionSocketFactory.connectSocket(SSLConnectionSocketFactory.java:384)
[2026-04-03T15:13:14.956+0000] {spark_submit.py:491} INFO - at com.amazonaws.thirdparty.apache.http.impl.conn.DefaultHttpClientConnectionOperator.connect(DefaultHttpClientConnectionOperator.java:142)
[2026-04-03T15:13:14.956+0000] {spark_submit.py:491} INFO - at com.amazonaws.thirdparty.apache.http.impl.conn.PoolingHttpClientConnectionManager.connect(PoolingHttpClientConnectionManager.java:376)
[2026-04-03T15:13:14.957+0000] {spark_submit.py:491} INFO - at jdk.internal.reflect.GeneratedMethodAccessor19.invoke(Unknown Source)
[2026-04-03T15:13:14.957+0000] {spark_submit.py:491} INFO - at java.base/jdk.internal.reflect.DelegatingMethodAccessorImpl.invoke(DelegatingMethodAccessorImpl.java:43)
[2026-04-03T15:13:14.957+0000] {spark_submit.py:491} INFO - at java.base/java.lang.reflect.Method.invoke(Method.java:566)
[2026-04-03T15:13:14.957+0000] {spark_submit.py:491} INFO - at com.amazonaws.http.conn.ClientConnectionManagerFactory$Handler.invoke(ClientConnectionManagerFactory.java:76)
[2026-04-03T15:13:14.957+0000] {spark_submit.py:491} INFO - at com.amazonaws.http.conn.$Proxy34.connect(Unknown Source)
[2026-04-03T15:13:14.957+0000] {spark_submit.py:491} INFO - at com.amazonaws.thirdparty.apache.http.impl.execchain.MainClientExec.establishRoute(MainClientExec.java:393)
[2026-04-03T15:13:14.957+0000] {spark_submit.py:491} INFO - at com.amazonaws.thirdparty.apache.http.impl.execchain.MainClientExec.execute(MainClientExec.java:236)
[2026-04-03T15:13:14.957+0000] {spark_submit.py:491} INFO - at com.amazonaws.thirdparty.apache.http.impl.execchain.ProtocolExec.execute(ProtocolExec.java:186)
[2026-04-03T15:13:14.957+0000] {spark_submit.py:491} INFO - at com.amazonaws.thirdparty.apache.http.impl.client.InternalHttpClient.doExecute(InternalHttpClient.java:185)
[2026-04-03T15:13:14.957+0000] {spark_submit.py:491} INFO - at com.amazonaws.thirdparty.apache.http.impl.client.CloseableHttpClient.execute(CloseableHttpClient.java:83)
[2026-04-03T15:13:14.957+0000] {spark_submit.py:491} INFO - at com.amazonaws.thirdparty.apache.http.impl.client.CloseableHttpClient.execute(CloseableHttpClient.java:56)
[2026-04-03T15:13:14.957+0000] {spark_submit.py:491} INFO - at com.amazonaws.http.apache.client.impl.SdkHttpClient.execute(SdkHttpClient.java:72)
[2026-04-03T15:13:14.957+0000] {spark_submit.py:491} INFO - at com.amazonaws.http.AmazonHttpClient$RequestExecutor.executeOneRequest(AmazonHttpClient.java:1331)
[2026-04-03T15:13:14.957+0000] {spark_submit.py:491} INFO - at com.amazonaws.http.AmazonHttpClient$RequestExecutor.executeHelper(AmazonHttpClient.java:1145)
[2026-04-03T15:13:14.957+0000] {spark_submit.py:491} INFO - ... 41 more
[2026-04-03T15:13:14.957+0000] {spark_submit.py:491} INFO - 
[2026-04-03T15:13:14.958+0000] {spark_submit.py:491} INFO - INFO:py4j.clientserver:Closing down clientserver connection
[2026-04-03T15:13:15.100+0000] {taskinstance.py:1937} ERROR - Task failed with exception
Traceback (most recent call last):
  File "/home/airflow/.local/lib/python3.10/site-packages/airflow/providers/apache/spark/operators/spark_submit.py", line 156, in execute
    self._hook.submit(self._application)
  File "/home/airflow/.local/lib/python3.10/site-packages/airflow/providers/apache/spark/hooks/spark_submit.py", line 422, in submit
    raise AirflowException(
airflow.exceptions.AirflowException: Cannot execute: spark-submit --master spark://spark-master:7077 --conf spark.sql.extensions=io.delta.sql.DeltaSparkSessionExtension --conf spark.sql.catalog.spark_catalog=org.apache.spark.sql.delta.catalog.DeltaCatalog --conf spark.databricks.delta.schema.autoMerge.enabled=true --jars /opt/airflow/etl/jars/hadoop-aws-3.3.2.jar,/opt/airflow/etl/jars/aws-java-sdk-bundle-1.11.1026.jar,/opt/airflow/etl/jars/delta-core_2.12-2.3.0.jar,/opt/airflow/etl/jars/delta-storage-2.3.0.jar --executor-cores 1 --executor-memory 1g --driver-memory 512m --name airflow_silver_customers /opt/airflow/etl/silver/main_silver.py --table_name customers --merge_key customer_id --is_cdc false --json_schema . Error code is: 1.
[2026-04-03T15:13:15.103+0000] {taskinstance.py:1400} INFO - Marking task as UP_FOR_RETRY. dag_id=silver_spark_processor, task_id=process_silver_customers, execution_date=20260402T000000, start_date=20260403T150016, end_date=20260403T151315
[2026-04-03T15:13:15.117+0000] {standard_task_runner.py:104} ERROR - Failed to execute job 621 for task process_silver_customers (Cannot execute: spark-submit --master spark://spark-master:7077 --conf spark.sql.extensions=io.delta.sql.DeltaSparkSessionExtension --conf spark.sql.catalog.spark_catalog=org.apache.spark.sql.delta.catalog.DeltaCatalog --conf spark.databricks.delta.schema.autoMerge.enabled=true --jars /opt/airflow/etl/jars/hadoop-aws-3.3.2.jar,/opt/airflow/etl/jars/aws-java-sdk-bundle-1.11.1026.jar,/opt/airflow/etl/jars/delta-core_2.12-2.3.0.jar,/opt/airflow/etl/jars/delta-storage-2.3.0.jar --executor-cores 1 --executor-memory 1g --driver-memory 512m --name airflow_silver_customers /opt/airflow/etl/silver/main_silver.py --table_name customers --merge_key customer_id --is_cdc false --json_schema . Error code is: 1.; 980)
[2026-04-03T15:13:15.158+0000] {local_task_job_runner.py:228} INFO - Task exited with return code 1
[2026-04-03T15:13:15.186+0000] {taskinstance.py:2778} INFO - 0 downstream tasks scheduled from follow-on schedule check
