[2026-04-03T14:34:32.571+0000] {taskinstance.py:1159} INFO - Dependencies all met for dep_context=non-requeueable deps ti=<TaskInstance: silver_spark_processor.process_silver_customers scheduled__2026-04-02T00:00:00+00:00 [queued]>
[2026-04-03T14:34:32.594+0000] {taskinstance.py:1159} INFO - Dependencies all met for dep_context=requeueable deps ti=<TaskInstance: silver_spark_processor.process_silver_customers scheduled__2026-04-02T00:00:00+00:00 [queued]>
[2026-04-03T14:34:32.595+0000] {taskinstance.py:1361} INFO - Starting attempt 11 of 10
[2026-04-03T14:34:32.622+0000] {taskinstance.py:1382} INFO - Executing <Task(SparkSubmitOperator): process_silver_customers> on 2026-04-02 00:00:00+00:00
[2026-04-03T14:34:32.633+0000] {standard_task_runner.py:57} INFO - Started process 189 to run task
[2026-04-03T14:34:32.640+0000] {standard_task_runner.py:84} INFO - Running: ['airflow', 'tasks', 'run', 'silver_spark_processor', 'process_silver_customers', 'scheduled__2026-04-02T00:00:00+00:00', '--job-id', '567', '--raw', '--subdir', 'DAGS_FOLDER/silver_processor_dag.py', '--cfg-path', '/tmp/tmpdnbhh1zo']
[2026-04-03T14:34:32.644+0000] {standard_task_runner.py:85} INFO - Job 567: Subtask process_silver_customers
[2026-04-03T14:34:32.755+0000] {task_command.py:416} INFO - Running <TaskInstance: silver_spark_processor.process_silver_customers scheduled__2026-04-02T00:00:00+00:00 [running]> on host e516154efc74
[2026-04-03T14:34:32.940+0000] {taskinstance.py:1662} INFO - Exporting env vars: AIRFLOW_CTX_DAG_OWNER='data-team' AIRFLOW_CTX_DAG_ID='silver_spark_processor' AIRFLOW_CTX_TASK_ID='process_silver_customers' AIRFLOW_CTX_EXECUTION_DATE='2026-04-02T00:00:00+00:00' AIRFLOW_CTX_TRY_NUMBER='11' AIRFLOW_CTX_DAG_RUN_ID='scheduled__2026-04-02T00:00:00+00:00'
[2026-04-03T14:34:32.961+0000] {base.py:73} INFO - Using connection ID 'spark_default' for task execution.
[2026-04-03T14:34:32.964+0000] {spark_submit.py:340} INFO - Spark-Submit cmd: spark-submit --master spark://spark-master:7077 --conf spark.sql.extensions=io.delta.sql.DeltaSparkSessionExtension --conf spark.sql.catalog.spark_catalog=org.apache.spark.sql.delta.catalog.DeltaCatalog --conf spark.databricks.delta.schema.autoMerge.enabled=true --jars /opt/airflow/etl/jars/hadoop-aws-3.3.2.jar,/opt/airflow/etl/jars/aws-java-sdk-bundle-1.11.1026.jar,/opt/airflow/etl/jars/delta-core_2.12-2.3.0.jar,/opt/airflow/etl/jars/delta-storage-2.3.0.jar --executor-cores 1 --executor-memory 1g --driver-memory 1g --name airflow_silver_customers /opt/airflow/etl/silver/main_silver.py --table_name customers --merge_key customer_id --is_cdc false --json_schema 
[2026-04-03T14:34:33.182+0000] {spark_submit.py:491} INFO - /home/airflow/.local/lib/python3.10/site-packages/pyspark/bin/load-spark-env.sh: line 68: ps: command not found
[2026-04-03T14:34:41.465+0000] {spark_submit.py:491} INFO - 26/04/03 14:34:41 WARN NativeCodeLoader: Unable to load native-hadoop library for your platform... using builtin-java classes where applicable
[2026-04-03T14:34:44.853+0000] {spark_submit.py:491} INFO - INFO:__main__:Khởi tạo Spark Job cho bảng: customers
[2026-04-03T14:34:45.323+0000] {spark_submit.py:491} INFO - 26/04/03 14:34:45 INFO SparkContext: Running Spark version 3.3.2
[2026-04-03T14:34:45.473+0000] {spark_submit.py:491} INFO - 26/04/03 14:34:45 INFO ResourceUtils: ==============================================================
[2026-04-03T14:34:45.476+0000] {spark_submit.py:491} INFO - 26/04/03 14:34:45 INFO ResourceUtils: No custom resources configured for spark.driver.
[2026-04-03T14:34:45.480+0000] {spark_submit.py:491} INFO - 26/04/03 14:34:45 INFO ResourceUtils: ==============================================================
[2026-04-03T14:34:45.482+0000] {spark_submit.py:491} INFO - 26/04/03 14:34:45 INFO SparkContext: Submitted application: <class 'pyspark.sql.session.SparkSession'>
[2026-04-03T14:34:45.558+0000] {spark_submit.py:491} INFO - 26/04/03 14:34:45 INFO ResourceProfile: Default ResourceProfile created, executor resources: Map(cores -> name: cores, amount: 1, script: , vendor: , memory -> name: memory, amount: 1024, script: , vendor: , offHeap -> name: offHeap, amount: 0, script: , vendor: ), task resources: Map(cpus -> name: cpus, amount: 1.0)
[2026-04-03T14:34:45.611+0000] {spark_submit.py:491} INFO - 26/04/03 14:34:45 INFO ResourceProfile: Limiting resource is cpus at 1 tasks per executor
[2026-04-03T14:34:45.638+0000] {spark_submit.py:491} INFO - 26/04/03 14:34:45 INFO ResourceProfileManager: Added ResourceProfile id: 0
[2026-04-03T14:34:45.809+0000] {spark_submit.py:491} INFO - 26/04/03 14:34:45 INFO SecurityManager: Changing view acls to: airflow
[2026-04-03T14:34:45.812+0000] {spark_submit.py:491} INFO - 26/04/03 14:34:45 INFO SecurityManager: Changing modify acls to: airflow
[2026-04-03T14:34:45.814+0000] {spark_submit.py:491} INFO - 26/04/03 14:34:45 INFO SecurityManager: Changing view acls groups to:
[2026-04-03T14:34:45.816+0000] {spark_submit.py:491} INFO - 26/04/03 14:34:45 INFO SecurityManager: Changing modify acls groups to:
[2026-04-03T14:34:45.818+0000] {spark_submit.py:491} INFO - 26/04/03 14:34:45 INFO SecurityManager: SecurityManager: authentication disabled; ui acls disabled; users  with view permissions: Set(airflow); groups with view permissions: Set(); users  with modify permissions: Set(airflow); groups with modify permissions: Set()
[2026-04-03T14:34:47.186+0000] {spark_submit.py:491} INFO - 26/04/03 14:34:47 INFO Utils: Successfully started service 'sparkDriver' on port 44645.
[2026-04-03T14:34:47.393+0000] {spark_submit.py:491} INFO - 26/04/03 14:34:47 INFO SparkEnv: Registering MapOutputTracker
[2026-04-03T14:34:47.565+0000] {spark_submit.py:491} INFO - 26/04/03 14:34:47 INFO SparkEnv: Registering BlockManagerMaster
[2026-04-03T14:34:47.637+0000] {spark_submit.py:491} INFO - 26/04/03 14:34:47 INFO BlockManagerMasterEndpoint: Using org.apache.spark.storage.DefaultTopologyMapper for getting topology information
[2026-04-03T14:34:47.638+0000] {spark_submit.py:491} INFO - 26/04/03 14:34:47 INFO BlockManagerMasterEndpoint: BlockManagerMasterEndpoint up
[2026-04-03T14:34:47.662+0000] {spark_submit.py:491} INFO - 26/04/03 14:34:47 INFO SparkEnv: Registering BlockManagerMasterHeartbeat
[2026-04-03T14:34:47.755+0000] {spark_submit.py:491} INFO - 26/04/03 14:34:47 INFO DiskBlockManager: Created local directory at /tmp/blockmgr-80a69063-8428-4056-8e29-ad5d1f4cfc73
[2026-04-03T14:34:47.849+0000] {spark_submit.py:491} INFO - 26/04/03 14:34:47 INFO MemoryStore: MemoryStore started with capacity 434.4 MiB
[2026-04-03T14:34:47.915+0000] {spark_submit.py:491} INFO - 26/04/03 14:34:47 INFO SparkEnv: Registering OutputCommitCoordinator
[2026-04-03T14:34:48.669+0000] {spark_submit.py:491} INFO - 26/04/03 14:34:48 WARN Utils: Service 'SparkUI' could not bind on port 4040. Attempting port 4041.
[2026-04-03T14:34:48.715+0000] {spark_submit.py:491} INFO - 26/04/03 14:34:48 INFO Utils: Successfully started service 'SparkUI' on port 4041.
[2026-04-03T14:34:48.860+0000] {spark_submit.py:491} INFO - 26/04/03 14:34:48 INFO SparkContext: Added JAR file:///opt/airflow/etl/jars/hadoop-aws-3.3.2.jar at spark://e516154efc74:44645/jars/hadoop-aws-3.3.2.jar with timestamp 1775226885286
[2026-04-03T14:34:48.861+0000] {spark_submit.py:491} INFO - 26/04/03 14:34:48 INFO SparkContext: Added JAR file:///opt/airflow/etl/jars/aws-java-sdk-bundle-1.11.1026.jar at spark://e516154efc74:44645/jars/aws-java-sdk-bundle-1.11.1026.jar with timestamp 1775226885286
[2026-04-03T14:34:48.863+0000] {spark_submit.py:491} INFO - 26/04/03 14:34:48 INFO SparkContext: Added JAR file:///opt/airflow/etl/jars/delta-core_2.12-2.3.0.jar at spark://e516154efc74:44645/jars/delta-core_2.12-2.3.0.jar with timestamp 1775226885286
[2026-04-03T14:34:48.865+0000] {spark_submit.py:491} INFO - 26/04/03 14:34:48 INFO SparkContext: Added JAR file:///opt/airflow/etl/jars/delta-storage-2.3.0.jar at spark://e516154efc74:44645/jars/delta-storage-2.3.0.jar with timestamp 1775226885286
[2026-04-03T14:34:49.445+0000] {spark_submit.py:491} INFO - 26/04/03 14:34:49 INFO StandaloneAppClient$ClientEndpoint: Connecting to master spark://spark-master:7077...
[2026-04-03T14:34:49.810+0000] {spark_submit.py:491} INFO - 26/04/03 14:34:49 INFO TransportClientFactory: Successfully created connection to spark-master/172.18.0.6:7077 after 175 ms (0 ms spent in bootstraps)
[2026-04-03T14:34:50.681+0000] {spark_submit.py:491} INFO - 26/04/03 14:34:50 INFO StandaloneSchedulerBackend: Connected to Spark cluster with app ID app-20260403143450-0000
[2026-04-03T14:34:50.727+0000] {spark_submit.py:491} INFO - 26/04/03 14:34:50 INFO Utils: Successfully started service 'org.apache.spark.network.netty.NettyBlockTransferService' on port 40973.
[2026-04-03T14:34:50.727+0000] {spark_submit.py:491} INFO - 26/04/03 14:34:50 INFO NettyBlockTransferService: Server created on e516154efc74:40973
[2026-04-03T14:34:50.757+0000] {spark_submit.py:491} INFO - 26/04/03 14:34:50 INFO BlockManager: Using org.apache.spark.storage.RandomBlockReplicationPolicy for block replication policy
[2026-04-03T14:34:50.806+0000] {spark_submit.py:491} INFO - 26/04/03 14:34:50 INFO StandaloneAppClient$ClientEndpoint: Executor added: app-20260403143450-0000/0 on worker-20260403141648-172.18.0.12-38881 (172.18.0.12:38881) with 1 core(s)
[2026-04-03T14:34:50.818+0000] {spark_submit.py:491} INFO - 26/04/03 14:34:50 INFO StandaloneSchedulerBackend: Granted executor ID app-20260403143450-0000/0 on hostPort 172.18.0.12:38881 with 1 core(s), 1024.0 MiB RAM
[2026-04-03T14:34:50.835+0000] {spark_submit.py:491} INFO - 26/04/03 14:34:50 INFO BlockManagerMaster: Registering BlockManager BlockManagerId(driver, e516154efc74, 40973, None)
[2026-04-03T14:34:50.887+0000] {spark_submit.py:491} INFO - 26/04/03 14:34:50 INFO BlockManagerMasterEndpoint: Registering block manager e516154efc74:40973 with 434.4 MiB RAM, BlockManagerId(driver, e516154efc74, 40973, None)
[2026-04-03T14:34:50.906+0000] {spark_submit.py:491} INFO - 26/04/03 14:34:50 INFO BlockManagerMaster: Registered BlockManager BlockManagerId(driver, e516154efc74, 40973, None)
[2026-04-03T14:34:50.906+0000] {spark_submit.py:491} INFO - 26/04/03 14:34:50 INFO BlockManager: Initialized BlockManager: BlockManagerId(driver, e516154efc74, 40973, None)
[2026-04-03T14:34:51.323+0000] {spark_submit.py:491} INFO - 26/04/03 14:34:51 INFO StandaloneAppClient$ClientEndpoint: Executor updated: app-20260403143450-0000/0 is now RUNNING
[2026-04-03T14:34:51.850+0000] {spark_submit.py:491} INFO - 26/04/03 14:34:51 INFO StandaloneSchedulerBackend: SchedulerBackend is ready for scheduling beginning after reached minRegisteredResourcesRatio: 0.0
[2026-04-03T14:34:54.964+0000] {spark_submit.py:491} INFO - INFO:silver_processor: Bắt đầu xử lý lớp Silver cho bảng: customers | Chế độ CDC: False
[2026-04-03T14:34:54.977+0000] {spark_submit.py:491} INFO - INFO:silver_processor: Bắt đầu quét Data Nóng từ Bronze...
[2026-04-03T14:34:55.816+0000] {spark_submit.py:491} INFO - 26/04/03 14:34:55 WARN MetricsConfig: Cannot locate configuration: tried hadoop-metrics2-s3a-file-system.properties,hadoop-metrics2.properties
[2026-04-03T14:35:02.721+0000] {taskinstance.py:1937} ERROR - Task failed with exception
Traceback (most recent call last):
  File "/home/airflow/.local/lib/python3.10/site-packages/airflow/providers/apache/spark/operators/spark_submit.py", line 156, in execute
    self._hook.submit(self._application)
  File "/home/airflow/.local/lib/python3.10/site-packages/airflow/providers/apache/spark/hooks/spark_submit.py", line 422, in submit
    raise AirflowException(
airflow.exceptions.AirflowException: Cannot execute: spark-submit --master spark://spark-master:7077 --conf spark.sql.extensions=io.delta.sql.DeltaSparkSessionExtension --conf spark.sql.catalog.spark_catalog=org.apache.spark.sql.delta.catalog.DeltaCatalog --conf spark.databricks.delta.schema.autoMerge.enabled=true --jars /opt/airflow/etl/jars/hadoop-aws-3.3.2.jar,/opt/airflow/etl/jars/aws-java-sdk-bundle-1.11.1026.jar,/opt/airflow/etl/jars/delta-core_2.12-2.3.0.jar,/opt/airflow/etl/jars/delta-storage-2.3.0.jar --executor-cores 1 --executor-memory 1g --driver-memory 1g --name airflow_silver_customers /opt/airflow/etl/silver/main_silver.py --table_name customers --merge_key customer_id --is_cdc false --json_schema . Error code is: -9.
[2026-04-03T14:35:02.770+0000] {taskinstance.py:1400} INFO - Marking task as FAILED. dag_id=silver_spark_processor, task_id=process_silver_customers, execution_date=20260402T000000, start_date=20260403T143432, end_date=20260403T143502
[2026-04-03T14:35:02.917+0000] {standard_task_runner.py:104} ERROR - Failed to execute job 567 for task process_silver_customers (Cannot execute: spark-submit --master spark://spark-master:7077 --conf spark.sql.extensions=io.delta.sql.DeltaSparkSessionExtension --conf spark.sql.catalog.spark_catalog=org.apache.spark.sql.delta.catalog.DeltaCatalog --conf spark.databricks.delta.schema.autoMerge.enabled=true --jars /opt/airflow/etl/jars/hadoop-aws-3.3.2.jar,/opt/airflow/etl/jars/aws-java-sdk-bundle-1.11.1026.jar,/opt/airflow/etl/jars/delta-core_2.12-2.3.0.jar,/opt/airflow/etl/jars/delta-storage-2.3.0.jar --executor-cores 1 --executor-memory 1g --driver-memory 1g --name airflow_silver_customers /opt/airflow/etl/silver/main_silver.py --table_name customers --merge_key customer_id --is_cdc false --json_schema . Error code is: -9.; 189)
[2026-04-03T14:35:02.963+0000] {local_task_job_runner.py:228} INFO - Task exited with return code 1
[2026-04-03T14:35:03.106+0000] {taskinstance.py:2778} INFO - 0 downstream tasks scheduled from follow-on schedule check
