[2026-04-03T16:17:55.185+0000] {taskinstance.py:1159} INFO - Dependencies all met for dep_context=non-requeueable deps ti=<TaskInstance: silver_spark_processor.process_silver_customers scheduled__2026-04-02T00:00:00+00:00 [queued]>
[2026-04-03T16:17:55.194+0000] {taskinstance.py:1159} INFO - Dependencies all met for dep_context=requeueable deps ti=<TaskInstance: silver_spark_processor.process_silver_customers scheduled__2026-04-02T00:00:00+00:00 [queued]>
[2026-04-03T16:17:55.194+0000] {taskinstance.py:1361} INFO - Starting attempt 24 of 24
[2026-04-03T16:17:55.206+0000] {taskinstance.py:1382} INFO - Executing <Task(SparkSubmitOperator): process_silver_customers> on 2026-04-02 00:00:00+00:00
[2026-04-03T16:17:55.213+0000] {standard_task_runner.py:57} INFO - Started process 1797 to run task
[2026-04-03T16:17:55.216+0000] {standard_task_runner.py:84} INFO - Running: ['airflow', 'tasks', 'run', 'silver_spark_processor', 'process_silver_customers', 'scheduled__2026-04-02T00:00:00+00:00', '--job-id', '629', '--raw', '--subdir', 'DAGS_FOLDER/silver_processor_dag.py', '--cfg-path', '/tmp/tmpo42iy8bi']
[2026-04-03T16:17:55.218+0000] {standard_task_runner.py:85} INFO - Job 629: Subtask process_silver_customers
[2026-04-03T16:17:55.272+0000] {task_command.py:416} INFO - Running <TaskInstance: silver_spark_processor.process_silver_customers scheduled__2026-04-02T00:00:00+00:00 [running]> on host 38f36b2745bd
[2026-04-03T16:17:55.369+0000] {taskinstance.py:1662} INFO - Exporting env vars: AIRFLOW_CTX_DAG_OWNER='data-team' AIRFLOW_CTX_DAG_ID='silver_spark_processor' AIRFLOW_CTX_TASK_ID='process_silver_customers' AIRFLOW_CTX_EXECUTION_DATE='2026-04-02T00:00:00+00:00' AIRFLOW_CTX_TRY_NUMBER='24' AIRFLOW_CTX_DAG_RUN_ID='scheduled__2026-04-02T00:00:00+00:00'
[2026-04-03T16:17:55.379+0000] {base.py:73} INFO - Using connection ID 'spark_default' for task execution.
[2026-04-03T16:17:55.381+0000] {spark_submit.py:340} INFO - Spark-Submit cmd: spark-submit --master spark://spark-master:7077 --conf spark.sql.extensions=io.delta.sql.DeltaSparkSessionExtension --conf spark.sql.catalog.spark_catalog=org.apache.spark.sql.delta.catalog.DeltaCatalog --conf spark.databricks.delta.schema.autoMerge.enabled=true --conf spark.hadoop.fs.s3a.endpoint=http://minio:9000 --conf spark.hadoop.fs.s3a.access.key=minio --conf spark.hadoop.fs.s3a.secret.key=****** --conf spark.hadoop.fs.s3a.path.style.access=true --conf spark.hadoop.fs.s3a.connection.ssl.enabled=false --conf spark.hadoop.fs.s3a.impl=org.apache.hadoop.fs.s3a.S3AFileSystem --jars /opt/airflow/etl/jars/hadoop-aws-3.3.2.jar,/opt/airflow/etl/jars/aws-java-sdk-bundle-1.11.1026.jar,/opt/airflow/etl/jars/delta-core_2.12-2.3.0.jar,/opt/airflow/etl/jars/delta-storage-2.3.0.jar --executor-cores 1 --executor-memory 1g --driver-memory 512m --name airflow_silver_customers --verbose /opt/airflow/etl/silver/main_silver.py --table_name customers --merge_key customer_id --is_cdc false --json_schema 
[2026-04-03T16:17:55.481+0000] {spark_submit.py:491} INFO - /home/airflow/.local/lib/python3.10/site-packages/pyspark/bin/load-spark-env.sh: line 68: ps: command not found
[2026-04-03T16:17:56.805+0000] {spark_submit.py:491} INFO - Using properties file: null
[2026-04-03T16:17:56.904+0000] {spark_submit.py:491} INFO - Parsed arguments:
[2026-04-03T16:17:56.905+0000] {spark_submit.py:491} INFO - master                  spark://spark-master:7077
[2026-04-03T16:17:56.905+0000] {spark_submit.py:491} INFO - deployMode              null
[2026-04-03T16:17:56.905+0000] {spark_submit.py:491} INFO - executorMemory          1g
[2026-04-03T16:17:56.905+0000] {spark_submit.py:491} INFO - executorCores           1
[2026-04-03T16:17:56.905+0000] {spark_submit.py:491} INFO - totalExecutorCores      null
[2026-04-03T16:17:56.905+0000] {spark_submit.py:491} INFO - propertiesFile          null
[2026-04-03T16:17:56.905+0000] {spark_submit.py:491} INFO - driverMemory            512m
[2026-04-03T16:17:56.905+0000] {spark_submit.py:491} INFO - driverCores             null
[2026-04-03T16:17:56.905+0000] {spark_submit.py:491} INFO - driverExtraClassPath    null
[2026-04-03T16:17:56.906+0000] {spark_submit.py:491} INFO - driverExtraLibraryPath  null
[2026-04-03T16:17:56.906+0000] {spark_submit.py:491} INFO - driverExtraJavaOptions  null
[2026-04-03T16:17:56.906+0000] {spark_submit.py:491} INFO - supervise               false
[2026-04-03T16:17:56.906+0000] {spark_submit.py:491} INFO - queue                   null
[2026-04-03T16:17:56.906+0000] {spark_submit.py:491} INFO - numExecutors            null
[2026-04-03T16:17:56.906+0000] {spark_submit.py:491} INFO - files                   null
[2026-04-03T16:17:56.906+0000] {spark_submit.py:491} INFO - pyFiles                 null
[2026-04-03T16:17:56.906+0000] {spark_submit.py:491} INFO - archives                null
[2026-04-03T16:17:56.906+0000] {spark_submit.py:491} INFO - mainClass               null
[2026-04-03T16:17:56.906+0000] {spark_submit.py:491} INFO - primaryResource         file:/opt/airflow/etl/silver/main_silver.py
[2026-04-03T16:17:56.906+0000] {spark_submit.py:491} INFO - name                    airflow_silver_customers
[2026-04-03T16:17:56.906+0000] {spark_submit.py:491} INFO - childArgs               [--table_name customers --merge_key customer_id --is_cdc false --json_schema ]
[2026-04-03T16:17:56.906+0000] {spark_submit.py:491} INFO - jars                    file:/opt/airflow/etl/jars/hadoop-aws-3.3.2.jar,file:/opt/airflow/etl/jars/aws-java-sdk-bundle-1.11.1026.jar,file:/opt/airflow/etl/jars/delta-core_2.12-2.3.0.jar,file:/opt/airflow/etl/jars/delta-storage-2.3.0.jar
[2026-04-03T16:17:56.906+0000] {spark_submit.py:491} INFO - packages                null
[2026-04-03T16:17:56.906+0000] {spark_submit.py:491} INFO - packagesExclusions      null
[2026-04-03T16:17:56.907+0000] {spark_submit.py:491} INFO - repositories            null
[2026-04-03T16:17:56.907+0000] {spark_submit.py:491} INFO - verbose                 true
[2026-04-03T16:17:56.907+0000] {spark_submit.py:491} INFO - 
[2026-04-03T16:17:56.907+0000] {spark_submit.py:491} INFO - Spark properties used, including those specified through
[2026-04-03T16:17:56.907+0000] {spark_submit.py:491} INFO - --conf and those from the properties file null:
[2026-04-03T16:17:56.907+0000] {spark_submit.py:491} INFO - (spark.databricks.delta.schema.autoMerge.enabled,true)
[2026-04-03T16:17:56.907+0000] {spark_submit.py:491} INFO - (spark.driver.memory,512m)
[2026-04-03T16:17:56.907+0000] {spark_submit.py:491} INFO - (spark.hadoop.fs.s3a.access.key,*********(redacted))
[2026-04-03T16:17:56.907+0000] {spark_submit.py:491} INFO - (spark.hadoop.fs.s3a.connection.ssl.enabled,false)
[2026-04-03T16:17:56.907+0000] {spark_submit.py:491} INFO - (spark.hadoop.fs.s3a.endpoint,http://minio:9000)
[2026-04-03T16:17:56.907+0000] {spark_submit.py:491} INFO - (spark.hadoop.fs.s3a.impl,org.apache.hadoop.fs.s3a.S3AFileSystem)
[2026-04-03T16:17:56.907+0000] {spark_submit.py:491} INFO - (spark.hadoop.fs.s3a.path.style.access,true)
[2026-04-03T16:17:56.907+0000] {spark_submit.py:491} INFO - (spark.hadoop.fs.s3a.secret.key,*********(redacted))
[2026-04-03T16:17:56.907+0000] {spark_submit.py:491} INFO - (spark.sql.catalog.spark_catalog,org.apache.spark.sql.delta.catalog.DeltaCatalog)
[2026-04-03T16:17:56.907+0000] {spark_submit.py:491} INFO - (spark.sql.extensions,io.delta.sql.DeltaSparkSessionExtension)
[2026-04-03T16:17:56.907+0000] {spark_submit.py:491} INFO - 
[2026-04-03T16:17:56.907+0000] {spark_submit.py:491} INFO - 
[2026-04-03T16:17:57.228+0000] {spark_submit.py:491} INFO - 26/04/03 16:17:57 WARN NativeCodeLoader: Unable to load native-hadoop library for your platform... using builtin-java classes where applicable
[2026-04-03T16:17:57.393+0000] {spark_submit.py:491} INFO - Main class:
[2026-04-03T16:17:57.394+0000] {spark_submit.py:491} INFO - org.apache.spark.deploy.PythonRunner
[2026-04-03T16:17:57.394+0000] {spark_submit.py:491} INFO - Arguments:
[2026-04-03T16:17:57.394+0000] {spark_submit.py:491} INFO - file:/opt/airflow/etl/silver/main_silver.py
[2026-04-03T16:17:57.394+0000] {spark_submit.py:491} INFO - null
[2026-04-03T16:17:57.394+0000] {spark_submit.py:491} INFO - --table_name
[2026-04-03T16:17:57.394+0000] {spark_submit.py:491} INFO - customers
[2026-04-03T16:17:57.394+0000] {spark_submit.py:491} INFO - --merge_key
[2026-04-03T16:17:57.394+0000] {spark_submit.py:491} INFO - customer_id
[2026-04-03T16:17:57.395+0000] {spark_submit.py:491} INFO - --is_cdc
[2026-04-03T16:17:57.395+0000] {spark_submit.py:491} INFO - false
[2026-04-03T16:17:57.395+0000] {spark_submit.py:491} INFO - --json_schema
[2026-04-03T16:17:57.395+0000] {spark_submit.py:491} INFO - 
[2026-04-03T16:17:57.397+0000] {spark_submit.py:491} INFO - Spark config:
[2026-04-03T16:17:57.397+0000] {spark_submit.py:491} INFO - (spark.app.name,airflow_silver_customers)
[2026-04-03T16:17:57.397+0000] {spark_submit.py:491} INFO - (spark.app.submitTime,1775233077381)
[2026-04-03T16:17:57.397+0000] {spark_submit.py:491} INFO - (spark.databricks.delta.schema.autoMerge.enabled,true)
[2026-04-03T16:17:57.397+0000] {spark_submit.py:491} INFO - (spark.driver.memory,512m)
[2026-04-03T16:17:57.398+0000] {spark_submit.py:491} INFO - (spark.executor.cores,1)
[2026-04-03T16:17:57.398+0000] {spark_submit.py:491} INFO - (spark.executor.memory,1g)
[2026-04-03T16:17:57.398+0000] {spark_submit.py:491} INFO - (spark.hadoop.fs.s3a.access.key,*********(redacted))
[2026-04-03T16:17:57.398+0000] {spark_submit.py:491} INFO - (spark.hadoop.fs.s3a.connection.ssl.enabled,false)
[2026-04-03T16:17:57.398+0000] {spark_submit.py:491} INFO - (spark.hadoop.fs.s3a.endpoint,http://minio:9000)
[2026-04-03T16:17:57.398+0000] {spark_submit.py:491} INFO - (spark.hadoop.fs.s3a.impl,org.apache.hadoop.fs.s3a.S3AFileSystem)
[2026-04-03T16:17:57.398+0000] {spark_submit.py:491} INFO - (spark.hadoop.fs.s3a.path.style.access,true)
[2026-04-03T16:17:57.398+0000] {spark_submit.py:491} INFO - (spark.hadoop.fs.s3a.secret.key,*********(redacted))
[2026-04-03T16:17:57.398+0000] {spark_submit.py:491} INFO - (spark.jars,file:///opt/airflow/etl/jars/hadoop-aws-3.3.2.jar,file:///opt/airflow/etl/jars/aws-java-sdk-bundle-1.11.1026.jar,file:///opt/airflow/etl/jars/delta-core_2.12-2.3.0.jar,file:///opt/airflow/etl/jars/delta-storage-2.3.0.jar)
[2026-04-03T16:17:57.398+0000] {spark_submit.py:491} INFO - (spark.master,spark://spark-master:7077)
[2026-04-03T16:17:57.399+0000] {spark_submit.py:491} INFO - (spark.repl.local.jars,file:///opt/airflow/etl/jars/hadoop-aws-3.3.2.jar,file:///opt/airflow/etl/jars/aws-java-sdk-bundle-1.11.1026.jar,file:///opt/airflow/etl/jars/delta-core_2.12-2.3.0.jar,file:///opt/airflow/etl/jars/delta-storage-2.3.0.jar)
[2026-04-03T16:17:57.399+0000] {spark_submit.py:491} INFO - (spark.sql.catalog.spark_catalog,org.apache.spark.sql.delta.catalog.DeltaCatalog)
[2026-04-03T16:17:57.399+0000] {spark_submit.py:491} INFO - (spark.sql.extensions,io.delta.sql.DeltaSparkSessionExtension)
[2026-04-03T16:17:57.399+0000] {spark_submit.py:491} INFO - (spark.submit.deployMode,client)
[2026-04-03T16:17:57.399+0000] {spark_submit.py:491} INFO - (spark.submit.pyFiles,)
[2026-04-03T16:17:57.399+0000] {spark_submit.py:491} INFO - Classpath elements:
[2026-04-03T16:17:57.399+0000] {spark_submit.py:491} INFO - file:///opt/airflow/etl/jars/hadoop-aws-3.3.2.jar
[2026-04-03T16:17:57.399+0000] {spark_submit.py:491} INFO - file:///opt/airflow/etl/jars/aws-java-sdk-bundle-1.11.1026.jar
[2026-04-03T16:17:57.399+0000] {spark_submit.py:491} INFO - file:///opt/airflow/etl/jars/delta-core_2.12-2.3.0.jar
[2026-04-03T16:17:57.399+0000] {spark_submit.py:491} INFO - file:///opt/airflow/etl/jars/delta-storage-2.3.0.jar
[2026-04-03T16:17:57.399+0000] {spark_submit.py:491} INFO - 
[2026-04-03T16:17:57.400+0000] {spark_submit.py:491} INFO - 
[2026-04-03T16:17:58.256+0000] {spark_submit.py:491} INFO - INFO:__main__:Khởi tạo Spark Job cho bảng: customers
[2026-04-03T16:17:58.340+0000] {spark_submit.py:491} INFO - 26/04/03 16:17:58 INFO SparkContext: Running Spark version 3.3.2
[2026-04-03T16:17:58.367+0000] {spark_submit.py:491} INFO - 26/04/03 16:17:58 INFO ResourceUtils: ==============================================================
[2026-04-03T16:17:58.367+0000] {spark_submit.py:491} INFO - 26/04/03 16:17:58 INFO ResourceUtils: No custom resources configured for spark.driver.
[2026-04-03T16:17:58.367+0000] {spark_submit.py:491} INFO - 26/04/03 16:17:58 INFO ResourceUtils: ==============================================================
[2026-04-03T16:17:58.368+0000] {spark_submit.py:491} INFO - 26/04/03 16:17:58 INFO SparkContext: Submitted application: Silver_Processor_customers
[2026-04-03T16:17:58.387+0000] {spark_submit.py:491} INFO - 26/04/03 16:17:58 INFO ResourceProfile: Default ResourceProfile created, executor resources: Map(cores -> name: cores, amount: 1, script: , vendor: , memory -> name: memory, amount: 1024, script: , vendor: , offHeap -> name: offHeap, amount: 0, script: , vendor: ), task resources: Map(cpus -> name: cpus, amount: 1.0)
[2026-04-03T16:17:58.399+0000] {spark_submit.py:491} INFO - 26/04/03 16:17:58 INFO ResourceProfile: Limiting resource is cpus at 1 tasks per executor
[2026-04-03T16:17:58.400+0000] {spark_submit.py:491} INFO - 26/04/03 16:17:58 INFO ResourceProfileManager: Added ResourceProfile id: 0
[2026-04-03T16:17:58.444+0000] {spark_submit.py:491} INFO - 26/04/03 16:17:58 INFO SecurityManager: Changing view acls to: airflow
[2026-04-03T16:17:58.445+0000] {spark_submit.py:491} INFO - 26/04/03 16:17:58 INFO SecurityManager: Changing modify acls to: airflow
[2026-04-03T16:17:58.446+0000] {spark_submit.py:491} INFO - 26/04/03 16:17:58 INFO SecurityManager: Changing view acls groups to:
[2026-04-03T16:17:58.446+0000] {spark_submit.py:491} INFO - 26/04/03 16:17:58 INFO SecurityManager: Changing modify acls groups to:
[2026-04-03T16:17:58.446+0000] {spark_submit.py:491} INFO - 26/04/03 16:17:58 INFO SecurityManager: SecurityManager: authentication disabled; ui acls disabled; users  with view permissions: Set(airflow); groups with view permissions: Set(); users  with modify permissions: Set(airflow); groups with modify permissions: Set()
[2026-04-03T16:17:58.708+0000] {spark_submit.py:491} INFO - 26/04/03 16:17:58 INFO Utils: Successfully started service 'sparkDriver' on port 41133.
[2026-04-03T16:17:58.736+0000] {spark_submit.py:491} INFO - 26/04/03 16:17:58 INFO SparkEnv: Registering MapOutputTracker
[2026-04-03T16:17:58.770+0000] {spark_submit.py:491} INFO - 26/04/03 16:17:58 INFO SparkEnv: Registering BlockManagerMaster
[2026-04-03T16:17:58.790+0000] {spark_submit.py:491} INFO - 26/04/03 16:17:58 INFO BlockManagerMasterEndpoint: Using org.apache.spark.storage.DefaultTopologyMapper for getting topology information
[2026-04-03T16:17:58.791+0000] {spark_submit.py:491} INFO - 26/04/03 16:17:58 INFO BlockManagerMasterEndpoint: BlockManagerMasterEndpoint up
[2026-04-03T16:17:58.795+0000] {spark_submit.py:491} INFO - 26/04/03 16:17:58 INFO SparkEnv: Registering BlockManagerMasterHeartbeat
[2026-04-03T16:17:58.811+0000] {spark_submit.py:491} INFO - 26/04/03 16:17:58 INFO DiskBlockManager: Created local directory at /tmp/blockmgr-96125452-9519-4ab9-b222-d3a73670a247
[2026-04-03T16:17:58.827+0000] {spark_submit.py:491} INFO - 26/04/03 16:17:58 INFO MemoryStore: MemoryStore started with capacity 127.2 MiB
[2026-04-03T16:17:58.842+0000] {spark_submit.py:491} INFO - 26/04/03 16:17:58 INFO SparkEnv: Registering OutputCommitCoordinator
[2026-04-03T16:17:59.019+0000] {spark_submit.py:491} INFO - 26/04/03 16:17:59 INFO Utils: Successfully started service 'SparkUI' on port 4040.
[2026-04-03T16:17:59.051+0000] {spark_submit.py:491} INFO - 26/04/03 16:17:59 INFO SparkContext: Added JAR file:///opt/airflow/etl/jars/hadoop-aws-3.3.2.jar at spark://38f36b2745bd:41133/jars/hadoop-aws-3.3.2.jar with timestamp 1775233078332
[2026-04-03T16:17:59.052+0000] {spark_submit.py:491} INFO - 26/04/03 16:17:59 INFO SparkContext: Added JAR file:///opt/airflow/etl/jars/aws-java-sdk-bundle-1.11.1026.jar at spark://38f36b2745bd:41133/jars/aws-java-sdk-bundle-1.11.1026.jar with timestamp 1775233078332
[2026-04-03T16:17:59.052+0000] {spark_submit.py:491} INFO - 26/04/03 16:17:59 INFO SparkContext: Added JAR file:///opt/airflow/etl/jars/delta-core_2.12-2.3.0.jar at spark://38f36b2745bd:41133/jars/delta-core_2.12-2.3.0.jar with timestamp 1775233078332
[2026-04-03T16:17:59.052+0000] {spark_submit.py:491} INFO - 26/04/03 16:17:59 INFO SparkContext: Added JAR file:///opt/airflow/etl/jars/delta-storage-2.3.0.jar at spark://38f36b2745bd:41133/jars/delta-storage-2.3.0.jar with timestamp 1775233078332
[2026-04-03T16:17:59.139+0000] {spark_submit.py:491} INFO - 26/04/03 16:17:59 INFO StandaloneAppClient$ClientEndpoint: Connecting to master spark://spark-master:7077...
[2026-04-03T16:17:59.183+0000] {spark_submit.py:491} INFO - 26/04/03 16:17:59 INFO TransportClientFactory: Successfully created connection to spark-master/172.18.0.9:7077 after 25 ms (0 ms spent in bootstraps)
[2026-04-03T16:17:59.276+0000] {spark_submit.py:491} INFO - 26/04/03 16:17:59 INFO StandaloneSchedulerBackend: Connected to Spark cluster with app ID app-20260403161759-0003
[2026-04-03T16:17:59.283+0000] {spark_submit.py:491} INFO - 26/04/03 16:17:59 INFO StandaloneAppClient$ClientEndpoint: Executor added: app-20260403161759-0003/0 on worker-20260403154125-172.18.0.12-43101 (172.18.0.12:43101) with 1 core(s)
[2026-04-03T16:17:59.295+0000] {spark_submit.py:491} INFO - 26/04/03 16:17:59 INFO Utils: Successfully started service 'org.apache.spark.network.netty.NettyBlockTransferService' on port 36449.
[2026-04-03T16:17:59.295+0000] {spark_submit.py:491} INFO - 26/04/03 16:17:59 INFO StandaloneSchedulerBackend: Granted executor ID app-20260403161759-0003/0 on hostPort 172.18.0.12:43101 with 1 core(s), 1024.0 MiB RAM
[2026-04-03T16:17:59.296+0000] {spark_submit.py:491} INFO - 26/04/03 16:17:59 INFO NettyBlockTransferService: Server created on 38f36b2745bd:36449
[2026-04-03T16:17:59.296+0000] {spark_submit.py:491} INFO - 26/04/03 16:17:59 INFO StandaloneAppClient$ClientEndpoint: Executor added: app-20260403161759-0003/1 on worker-20260403154125-172.18.0.12-43101 (172.18.0.12:43101) with 1 core(s)
[2026-04-03T16:17:59.297+0000] {spark_submit.py:491} INFO - 26/04/03 16:17:59 INFO StandaloneSchedulerBackend: Granted executor ID app-20260403161759-0003/1 on hostPort 172.18.0.12:43101 with 1 core(s), 1024.0 MiB RAM
[2026-04-03T16:17:59.298+0000] {spark_submit.py:491} INFO - 26/04/03 16:17:59 INFO BlockManager: Using org.apache.spark.storage.RandomBlockReplicationPolicy for block replication policy
[2026-04-03T16:17:59.299+0000] {spark_submit.py:491} INFO - 26/04/03 16:17:59 INFO StandaloneAppClient$ClientEndpoint: Executor added: app-20260403161759-0003/2 on worker-20260403154125-172.18.0.12-43101 (172.18.0.12:43101) with 1 core(s)
[2026-04-03T16:17:59.303+0000] {spark_submit.py:491} INFO - 26/04/03 16:17:59 INFO StandaloneSchedulerBackend: Granted executor ID app-20260403161759-0003/2 on hostPort 172.18.0.12:43101 with 1 core(s), 1024.0 MiB RAM
[2026-04-03T16:17:59.303+0000] {spark_submit.py:491} INFO - 26/04/03 16:17:59 INFO StandaloneAppClient$ClientEndpoint: Executor added: app-20260403161759-0003/3 on worker-20260403154125-172.18.0.12-43101 (172.18.0.12:43101) with 1 core(s)
[2026-04-03T16:17:59.303+0000] {spark_submit.py:491} INFO - 26/04/03 16:17:59 INFO StandaloneSchedulerBackend: Granted executor ID app-20260403161759-0003/3 on hostPort 172.18.0.12:43101 with 1 core(s), 1024.0 MiB RAM
[2026-04-03T16:17:59.303+0000] {spark_submit.py:491} INFO - 26/04/03 16:17:59 INFO StandaloneAppClient$ClientEndpoint: Executor added: app-20260403161759-0003/4 on worker-20260403154125-172.18.0.12-43101 (172.18.0.12:43101) with 1 core(s)
[2026-04-03T16:17:59.305+0000] {spark_submit.py:491} INFO - 26/04/03 16:17:59 INFO StandaloneSchedulerBackend: Granted executor ID app-20260403161759-0003/4 on hostPort 172.18.0.12:43101 with 1 core(s), 1024.0 MiB RAM
[2026-04-03T16:17:59.306+0000] {spark_submit.py:491} INFO - 26/04/03 16:17:59 INFO StandaloneAppClient$ClientEndpoint: Executor added: app-20260403161759-0003/5 on worker-20260403154125-172.18.0.12-43101 (172.18.0.12:43101) with 1 core(s)
[2026-04-03T16:17:59.307+0000] {spark_submit.py:491} INFO - 26/04/03 16:17:59 INFO StandaloneSchedulerBackend: Granted executor ID app-20260403161759-0003/5 on hostPort 172.18.0.12:43101 with 1 core(s), 1024.0 MiB RAM
[2026-04-03T16:17:59.307+0000] {spark_submit.py:491} INFO - 26/04/03 16:17:59 INFO StandaloneAppClient$ClientEndpoint: Executor added: app-20260403161759-0003/6 on worker-20260403154125-172.18.0.12-43101 (172.18.0.12:43101) with 1 core(s)
[2026-04-03T16:17:59.308+0000] {spark_submit.py:491} INFO - 26/04/03 16:17:59 INFO StandaloneSchedulerBackend: Granted executor ID app-20260403161759-0003/6 on hostPort 172.18.0.12:43101 with 1 core(s), 1024.0 MiB RAM
[2026-04-03T16:17:59.309+0000] {spark_submit.py:491} INFO - 26/04/03 16:17:59 INFO StandaloneAppClient$ClientEndpoint: Executor added: app-20260403161759-0003/7 on worker-20260403154125-172.18.0.12-43101 (172.18.0.12:43101) with 1 core(s)
[2026-04-03T16:17:59.313+0000] {spark_submit.py:491} INFO - 26/04/03 16:17:59 INFO StandaloneSchedulerBackend: Granted executor ID app-20260403161759-0003/7 on hostPort 172.18.0.12:43101 with 1 core(s), 1024.0 MiB RAM
[2026-04-03T16:17:59.317+0000] {spark_submit.py:491} INFO - 26/04/03 16:17:59 INFO BlockManagerMaster: Registering BlockManager BlockManagerId(driver, 38f36b2745bd, 36449, None)
[2026-04-03T16:17:59.317+0000] {spark_submit.py:491} INFO - 26/04/03 16:17:59 INFO StandaloneAppClient$ClientEndpoint: Executor added: app-20260403161759-0003/8 on worker-20260403154125-172.18.0.12-43101 (172.18.0.12:43101) with 1 core(s)
[2026-04-03T16:17:59.321+0000] {spark_submit.py:491} INFO - 26/04/03 16:17:59 INFO StandaloneSchedulerBackend: Granted executor ID app-20260403161759-0003/8 on hostPort 172.18.0.12:43101 with 1 core(s), 1024.0 MiB RAM
[2026-04-03T16:17:59.322+0000] {spark_submit.py:491} INFO - 26/04/03 16:17:59 INFO StandaloneAppClient$ClientEndpoint: Executor added: app-20260403161759-0003/9 on worker-20260403154125-172.18.0.12-43101 (172.18.0.12:43101) with 1 core(s)
[2026-04-03T16:17:59.322+0000] {spark_submit.py:491} INFO - 26/04/03 16:17:59 INFO StandaloneSchedulerBackend: Granted executor ID app-20260403161759-0003/9 on hostPort 172.18.0.12:43101 with 1 core(s), 1024.0 MiB RAM
[2026-04-03T16:17:59.322+0000] {spark_submit.py:491} INFO - 26/04/03 16:17:59 INFO StandaloneAppClient$ClientEndpoint: Executor added: app-20260403161759-0003/10 on worker-20260403154125-172.18.0.12-43101 (172.18.0.12:43101) with 1 core(s)
[2026-04-03T16:17:59.322+0000] {spark_submit.py:491} INFO - 26/04/03 16:17:59 INFO StandaloneSchedulerBackend: Granted executor ID app-20260403161759-0003/10 on hostPort 172.18.0.12:43101 with 1 core(s), 1024.0 MiB RAM
[2026-04-03T16:17:59.326+0000] {spark_submit.py:491} INFO - 26/04/03 16:17:59 INFO StandaloneAppClient$ClientEndpoint: Executor added: app-20260403161759-0003/11 on worker-20260403154125-172.18.0.12-43101 (172.18.0.12:43101) with 1 core(s)
[2026-04-03T16:17:59.326+0000] {spark_submit.py:491} INFO - 26/04/03 16:17:59 INFO StandaloneSchedulerBackend: Granted executor ID app-20260403161759-0003/11 on hostPort 172.18.0.12:43101 with 1 core(s), 1024.0 MiB RAM
[2026-04-03T16:17:59.326+0000] {spark_submit.py:491} INFO - 26/04/03 16:17:59 INFO BlockManagerMasterEndpoint: Registering block manager 38f36b2745bd:36449 with 127.2 MiB RAM, BlockManagerId(driver, 38f36b2745bd, 36449, None)
[2026-04-03T16:17:59.332+0000] {spark_submit.py:491} INFO - 26/04/03 16:17:59 INFO BlockManagerMaster: Registered BlockManager BlockManagerId(driver, 38f36b2745bd, 36449, None)
[2026-04-03T16:17:59.336+0000] {spark_submit.py:491} INFO - 26/04/03 16:17:59 INFO BlockManager: Initialized BlockManager: BlockManagerId(driver, 38f36b2745bd, 36449, None)
[2026-04-03T16:17:59.359+0000] {spark_submit.py:491} INFO - 26/04/03 16:17:59 INFO StandaloneAppClient$ClientEndpoint: Executor updated: app-20260403161759-0003/1 is now RUNNING
[2026-04-03T16:17:59.359+0000] {spark_submit.py:491} INFO - 26/04/03 16:17:59 INFO StandaloneAppClient$ClientEndpoint: Executor updated: app-20260403161759-0003/0 is now RUNNING
[2026-04-03T16:17:59.375+0000] {spark_submit.py:491} INFO - 26/04/03 16:17:59 INFO StandaloneAppClient$ClientEndpoint: Executor updated: app-20260403161759-0003/3 is now RUNNING
[2026-04-03T16:17:59.382+0000] {spark_submit.py:491} INFO - 26/04/03 16:17:59 INFO StandaloneAppClient$ClientEndpoint: Executor updated: app-20260403161759-0003/4 is now RUNNING
[2026-04-03T16:17:59.388+0000] {spark_submit.py:491} INFO - 26/04/03 16:17:59 INFO StandaloneAppClient$ClientEndpoint: Executor updated: app-20260403161759-0003/7 is now RUNNING
[2026-04-03T16:17:59.393+0000] {spark_submit.py:491} INFO - 26/04/03 16:17:59 INFO StandaloneAppClient$ClientEndpoint: Executor updated: app-20260403161759-0003/2 is now RUNNING
[2026-04-03T16:17:59.399+0000] {spark_submit.py:491} INFO - 26/04/03 16:17:59 INFO StandaloneAppClient$ClientEndpoint: Executor updated: app-20260403161759-0003/6 is now RUNNING
[2026-04-03T16:17:59.407+0000] {spark_submit.py:491} INFO - 26/04/03 16:17:59 INFO StandaloneAppClient$ClientEndpoint: Executor updated: app-20260403161759-0003/11 is now RUNNING
[2026-04-03T16:17:59.409+0000] {spark_submit.py:491} INFO - 26/04/03 16:17:59 INFO StandaloneAppClient$ClientEndpoint: Executor updated: app-20260403161759-0003/5 is now RUNNING
[2026-04-03T16:17:59.462+0000] {spark_submit.py:491} INFO - 26/04/03 16:17:59 INFO StandaloneAppClient$ClientEndpoint: Executor updated: app-20260403161759-0003/10 is now RUNNING
[2026-04-03T16:17:59.466+0000] {spark_submit.py:491} INFO - 26/04/03 16:17:59 INFO StandaloneAppClient$ClientEndpoint: Executor updated: app-20260403161759-0003/9 is now RUNNING
[2026-04-03T16:17:59.488+0000] {spark_submit.py:491} INFO - 26/04/03 16:17:59 INFO StandaloneAppClient$ClientEndpoint: Executor updated: app-20260403161759-0003/8 is now RUNNING
[2026-04-03T16:17:59.866+0000] {spark_submit.py:491} INFO - 26/04/03 16:17:59 INFO StandaloneSchedulerBackend: SchedulerBackend is ready for scheduling beginning after reached minRegisteredResourcesRatio: 0.0
[2026-04-03T16:18:01.917+0000] {spark_submit.py:491} INFO - INFO:silver_processor: Bắt đầu xử lý lớp Silver cho bảng: customers | Chế độ CDC: False
[2026-04-03T16:18:01.918+0000] {spark_submit.py:491} INFO - INFO:silver_processor: Bắt đầu quét Data Nóng từ Bronze...
[2026-04-03T16:18:02.397+0000] {spark_submit.py:491} INFO - 26/04/03 16:18:02 WARN MetricsConfig: Cannot locate configuration: tried hadoop-metrics2-s3a-file-system.properties,hadoop-metrics2.properties
[2026-04-03T16:18:05.131+0000] {spark_submit.py:491} INFO - ERROR:__main__:Lỗi khi xử lý lớp Silver bảng customers:
[2026-04-03T16:18:05.131+0000] {spark_submit.py:491} INFO - Schema must be specified when creating a streaming source DataFrame. If some
[2026-04-03T16:18:05.132+0000] {spark_submit.py:491} INFO - files already exist in the directory, then depending on the file format you
[2026-04-03T16:18:05.132+0000] {spark_submit.py:491} INFO - may be able to create a static DataFrame on that directory with
[2026-04-03T16:18:05.132+0000] {spark_submit.py:491} INFO - 'spark.read.load(directory)' and infer schema from it.
[2026-04-03T16:18:05.132+0000] {spark_submit.py:491} INFO - 
[2026-04-03T16:18:05.432+0000] {spark_submit.py:491} INFO - Traceback (most recent call last):
[2026-04-03T16:18:05.433+0000] {spark_submit.py:491} INFO - File "/opt/airflow/etl/silver/main_silver.py", line 59, in <module>
[2026-04-03T16:18:05.433+0000] {spark_submit.py:491} INFO - raise e
[2026-04-03T16:18:05.433+0000] {spark_submit.py:491} INFO - File "/opt/airflow/etl/silver/main_silver.py", line 48, in <module>
[2026-04-03T16:18:05.433+0000] {spark_submit.py:491} INFO - process_silver_layer(
[2026-04-03T16:18:05.433+0000] {spark_submit.py:491} INFO - File "/opt/airflow/etl/silver/silver_processor.py", line 78, in process_silver_layer
[2026-04-03T16:18:05.433+0000] {spark_submit.py:491} INFO - .load(bronze_path)
[2026-04-03T16:18:05.433+0000] {spark_submit.py:491} INFO - File "/home/airflow/.local/lib/python3.10/site-packages/pyspark/python/lib/pyspark.zip/pyspark/sql/streaming.py", line 467, in load
[2026-04-03T16:18:05.433+0000] {spark_submit.py:491} INFO - File "/home/airflow/.local/lib/python3.10/site-packages/pyspark/python/lib/py4j-0.10.9.5-src.zip/py4j/java_gateway.py", line 1321, in __call__
[2026-04-03T16:18:05.433+0000] {spark_submit.py:491} INFO - File "/home/airflow/.local/lib/python3.10/site-packages/pyspark/python/lib/pyspark.zip/pyspark/sql/utils.py", line 196, in deco
[2026-04-03T16:18:05.437+0000] {spark_submit.py:491} INFO - pyspark.sql.utils.IllegalArgumentException:
[2026-04-03T16:18:05.438+0000] {spark_submit.py:491} INFO - Schema must be specified when creating a streaming source DataFrame. If some
[2026-04-03T16:18:05.438+0000] {spark_submit.py:491} INFO - files already exist in the directory, then depending on the file format you
[2026-04-03T16:18:05.438+0000] {spark_submit.py:491} INFO - may be able to create a static DataFrame on that directory with
[2026-04-03T16:18:05.438+0000] {spark_submit.py:491} INFO - 'spark.read.load(directory)' and infer schema from it.
[2026-04-03T16:18:05.438+0000] {spark_submit.py:491} INFO - 
[2026-04-03T16:18:05.438+0000] {spark_submit.py:491} INFO - INFO:py4j.clientserver:Closing down clientserver connection
[2026-04-03T16:18:05.585+0000] {taskinstance.py:1937} ERROR - Task failed with exception
Traceback (most recent call last):
  File "/home/airflow/.local/lib/python3.10/site-packages/airflow/providers/apache/spark/operators/spark_submit.py", line 156, in execute
    self._hook.submit(self._application)
  File "/home/airflow/.local/lib/python3.10/site-packages/airflow/providers/apache/spark/hooks/spark_submit.py", line 422, in submit
    raise AirflowException(
airflow.exceptions.AirflowException: Cannot execute: spark-submit --master spark://spark-master:7077 --conf spark.sql.extensions=io.delta.sql.DeltaSparkSessionExtension --conf spark.sql.catalog.spark_catalog=org.apache.spark.sql.delta.catalog.DeltaCatalog --conf spark.databricks.delta.schema.autoMerge.enabled=true --conf spark.hadoop.fs.s3a.endpoint=http://minio:9000 --conf spark.hadoop.fs.s3a.access.key=minio --conf spark.hadoop.fs.s3a.secret.key=****** --conf spark.hadoop.fs.s3a.path.style.access=true --conf spark.hadoop.fs.s3a.connection.ssl.enabled=false --conf spark.hadoop.fs.s3a.impl=org.apache.hadoop.fs.s3a.S3AFileSystem --jars /opt/airflow/etl/jars/hadoop-aws-3.3.2.jar,/opt/airflow/etl/jars/aws-java-sdk-bundle-1.11.1026.jar,/opt/airflow/etl/jars/delta-core_2.12-2.3.0.jar,/opt/airflow/etl/jars/delta-storage-2.3.0.jar --executor-cores 1 --executor-memory 1g --driver-memory 512m --name airflow_silver_customers --verbose /opt/airflow/etl/silver/main_silver.py --table_name customers --merge_key customer_id --is_cdc false --json_schema . Error code is: 1.
[2026-04-03T16:18:05.588+0000] {taskinstance.py:1400} INFO - Marking task as FAILED. dag_id=silver_spark_processor, task_id=process_silver_customers, execution_date=20260402T000000, start_date=20260403T161755, end_date=20260403T161805
[2026-04-03T16:18:05.604+0000] {standard_task_runner.py:104} ERROR - Failed to execute job 629 for task process_silver_customers (Cannot execute: spark-submit --master spark://spark-master:7077 --conf spark.sql.extensions=io.delta.sql.DeltaSparkSessionExtension --conf spark.sql.catalog.spark_catalog=org.apache.spark.sql.delta.catalog.DeltaCatalog --conf spark.databricks.delta.schema.autoMerge.enabled=true --conf spark.hadoop.fs.s3a.endpoint=http://minio:9000 --conf spark.hadoop.fs.s3a.access.key=minio --conf spark.hadoop.fs.s3a.secret.key=****** --conf spark.hadoop.fs.s3a.path.style.access=true --conf spark.hadoop.fs.s3a.connection.ssl.enabled=false --conf spark.hadoop.fs.s3a.impl=org.apache.hadoop.fs.s3a.S3AFileSystem --jars /opt/airflow/etl/jars/hadoop-aws-3.3.2.jar,/opt/airflow/etl/jars/aws-java-sdk-bundle-1.11.1026.jar,/opt/airflow/etl/jars/delta-core_2.12-2.3.0.jar,/opt/airflow/etl/jars/delta-storage-2.3.0.jar --executor-cores 1 --executor-memory 1g --driver-memory 512m --name airflow_silver_customers --verbose /opt/airflow/etl/silver/main_silver.py --table_name customers --merge_key customer_id --is_cdc false --json_schema . Error code is: 1.; 1797)
[2026-04-03T16:18:05.649+0000] {local_task_job_runner.py:228} INFO - Task exited with return code 1
[2026-04-03T16:18:05.674+0000] {taskinstance.py:2778} INFO - 0 downstream tasks scheduled from follow-on schedule check
