[2026-04-03T17:16:01.750+0000] {taskinstance.py:1159} INFO - Dependencies all met for dep_context=non-requeueable deps ti=<TaskInstance: silver_spark_processor.process_silver_customers scheduled__2026-04-02T00:00:00+00:00 [queued]>
[2026-04-03T17:16:01.759+0000] {taskinstance.py:1159} INFO - Dependencies all met for dep_context=requeueable deps ti=<TaskInstance: silver_spark_processor.process_silver_customers scheduled__2026-04-02T00:00:00+00:00 [queued]>
[2026-04-03T17:16:01.760+0000] {taskinstance.py:1361} INFO - Starting attempt 32 of 32
[2026-04-03T17:16:01.772+0000] {taskinstance.py:1382} INFO - Executing <Task(SparkSubmitOperator): process_silver_customers> on 2026-04-02 00:00:00+00:00
[2026-04-03T17:16:01.778+0000] {standard_task_runner.py:57} INFO - Started process 2955 to run task
[2026-04-03T17:16:01.782+0000] {standard_task_runner.py:84} INFO - Running: ['airflow', 'tasks', 'run', 'silver_spark_processor', 'process_silver_customers', 'scheduled__2026-04-02T00:00:00+00:00', '--job-id', '645', '--raw', '--subdir', 'DAGS_FOLDER/silver_processor_dag.py', '--cfg-path', '/tmp/tmpukcenszc']
[2026-04-03T17:16:01.784+0000] {standard_task_runner.py:85} INFO - Job 645: Subtask process_silver_customers
[2026-04-03T17:16:01.840+0000] {task_command.py:416} INFO - Running <TaskInstance: silver_spark_processor.process_silver_customers scheduled__2026-04-02T00:00:00+00:00 [running]> on host f094757a841d
[2026-04-03T17:16:01.939+0000] {taskinstance.py:1662} INFO - Exporting env vars: AIRFLOW_CTX_DAG_OWNER='data-team' AIRFLOW_CTX_DAG_ID='silver_spark_processor' AIRFLOW_CTX_TASK_ID='process_silver_customers' AIRFLOW_CTX_EXECUTION_DATE='2026-04-02T00:00:00+00:00' AIRFLOW_CTX_TRY_NUMBER='32' AIRFLOW_CTX_DAG_RUN_ID='scheduled__2026-04-02T00:00:00+00:00'
[2026-04-03T17:16:01.949+0000] {base.py:73} INFO - Using connection ID 'spark_default' for task execution.
[2026-04-03T17:16:01.952+0000] {spark_submit.py:340} INFO - Spark-Submit cmd: spark-submit --master spark://spark-master:7077 --conf spark.sql.extensions=io.delta.sql.DeltaSparkSessionExtension --conf spark.sql.catalog.spark_catalog=org.apache.spark.sql.delta.catalog.DeltaCatalog --conf spark.databricks.delta.schema.autoMerge.enabled=true --conf spark.hadoop.fs.s3a.endpoint=http://minio:9000 --conf spark.hadoop.fs.s3a.access.key=minio --conf spark.hadoop.fs.s3a.secret.key=****** --conf spark.hadoop.fs.s3a.path.style.access=true --conf spark.hadoop.fs.s3a.connection.ssl.enabled=false --conf spark.hadoop.fs.s3a.impl=org.apache.hadoop.fs.s3a.S3AFileSystem --conf spark.sql.parquet.enableVectorizedReader=false --conf spark.sql.legacy.parquet.nanosAsLong=true --conf spark.sql.parquet.int64RebaseModeInRead=LEGACY --conf spark.sql.parquet.datetimeRebaseModeInRead=LEGACY --jars /opt/airflow/etl/jars/hadoop-aws-3.3.2.jar,/opt/airflow/etl/jars/aws-java-sdk-bundle-1.11.1026.jar,/opt/airflow/etl/jars/delta-core_2.12-2.3.0.jar,/opt/airflow/etl/jars/delta-storage-2.3.0.jar --executor-cores 1 --executor-memory 1g --driver-memory 512m --name airflow_silver_customers --verbose /opt/airflow/etl/silver/main_silver.py --table_name customers --merge_key customer_id --is_cdc false --json_schema 
[2026-04-03T17:16:02.078+0000] {spark_submit.py:491} INFO - /home/airflow/.local/lib/python3.10/site-packages/pyspark/bin/load-spark-env.sh: line 68: ps: command not found
[2026-04-03T17:16:03.668+0000] {spark_submit.py:491} INFO - Using properties file: null
[2026-04-03T17:16:03.769+0000] {spark_submit.py:491} INFO - Parsed arguments:
[2026-04-03T17:16:03.769+0000] {spark_submit.py:491} INFO - master                  spark://spark-master:7077
[2026-04-03T17:16:03.769+0000] {spark_submit.py:491} INFO - deployMode              null
[2026-04-03T17:16:03.769+0000] {spark_submit.py:491} INFO - executorMemory          1g
[2026-04-03T17:16:03.769+0000] {spark_submit.py:491} INFO - executorCores           1
[2026-04-03T17:16:03.769+0000] {spark_submit.py:491} INFO - totalExecutorCores      null
[2026-04-03T17:16:03.769+0000] {spark_submit.py:491} INFO - propertiesFile          null
[2026-04-03T17:16:03.770+0000] {spark_submit.py:491} INFO - driverMemory            512m
[2026-04-03T17:16:03.770+0000] {spark_submit.py:491} INFO - driverCores             null
[2026-04-03T17:16:03.770+0000] {spark_submit.py:491} INFO - driverExtraClassPath    null
[2026-04-03T17:16:03.770+0000] {spark_submit.py:491} INFO - driverExtraLibraryPath  null
[2026-04-03T17:16:03.770+0000] {spark_submit.py:491} INFO - driverExtraJavaOptions  null
[2026-04-03T17:16:03.770+0000] {spark_submit.py:491} INFO - supervise               false
[2026-04-03T17:16:03.770+0000] {spark_submit.py:491} INFO - queue                   null
[2026-04-03T17:16:03.770+0000] {spark_submit.py:491} INFO - numExecutors            null
[2026-04-03T17:16:03.770+0000] {spark_submit.py:491} INFO - files                   null
[2026-04-03T17:16:03.770+0000] {spark_submit.py:491} INFO - pyFiles                 null
[2026-04-03T17:16:03.770+0000] {spark_submit.py:491} INFO - archives                null
[2026-04-03T17:16:03.770+0000] {spark_submit.py:491} INFO - mainClass               null
[2026-04-03T17:16:03.771+0000] {spark_submit.py:491} INFO - primaryResource         file:/opt/airflow/etl/silver/main_silver.py
[2026-04-03T17:16:03.771+0000] {spark_submit.py:491} INFO - name                    airflow_silver_customers
[2026-04-03T17:16:03.771+0000] {spark_submit.py:491} INFO - childArgs               [--table_name customers --merge_key customer_id --is_cdc false --json_schema ]
[2026-04-03T17:16:03.771+0000] {spark_submit.py:491} INFO - jars                    file:/opt/airflow/etl/jars/hadoop-aws-3.3.2.jar,file:/opt/airflow/etl/jars/aws-java-sdk-bundle-1.11.1026.jar,file:/opt/airflow/etl/jars/delta-core_2.12-2.3.0.jar,file:/opt/airflow/etl/jars/delta-storage-2.3.0.jar
[2026-04-03T17:16:03.771+0000] {spark_submit.py:491} INFO - packages                null
[2026-04-03T17:16:03.771+0000] {spark_submit.py:491} INFO - packagesExclusions      null
[2026-04-03T17:16:03.771+0000] {spark_submit.py:491} INFO - repositories            null
[2026-04-03T17:16:03.771+0000] {spark_submit.py:491} INFO - verbose                 true
[2026-04-03T17:16:03.771+0000] {spark_submit.py:491} INFO - 
[2026-04-03T17:16:03.771+0000] {spark_submit.py:491} INFO - Spark properties used, including those specified through
[2026-04-03T17:16:03.771+0000] {spark_submit.py:491} INFO - --conf and those from the properties file null:
[2026-04-03T17:16:03.772+0000] {spark_submit.py:491} INFO - (spark.databricks.delta.schema.autoMerge.enabled,true)
[2026-04-03T17:16:03.772+0000] {spark_submit.py:491} INFO - (spark.driver.memory,512m)
[2026-04-03T17:16:03.772+0000] {spark_submit.py:491} INFO - (spark.hadoop.fs.s3a.access.key,*********(redacted))
[2026-04-03T17:16:03.772+0000] {spark_submit.py:491} INFO - (spark.hadoop.fs.s3a.connection.ssl.enabled,false)
[2026-04-03T17:16:03.772+0000] {spark_submit.py:491} INFO - (spark.hadoop.fs.s3a.endpoint,http://minio:9000)
[2026-04-03T17:16:03.772+0000] {spark_submit.py:491} INFO - (spark.hadoop.fs.s3a.impl,org.apache.hadoop.fs.s3a.S3AFileSystem)
[2026-04-03T17:16:03.772+0000] {spark_submit.py:491} INFO - (spark.hadoop.fs.s3a.path.style.access,true)
[2026-04-03T17:16:03.772+0000] {spark_submit.py:491} INFO - (spark.hadoop.fs.s3a.secret.key,*********(redacted))
[2026-04-03T17:16:03.772+0000] {spark_submit.py:491} INFO - (spark.sql.catalog.spark_catalog,org.apache.spark.sql.delta.catalog.DeltaCatalog)
[2026-04-03T17:16:03.772+0000] {spark_submit.py:491} INFO - (spark.sql.extensions,io.delta.sql.DeltaSparkSessionExtension)
[2026-04-03T17:16:03.772+0000] {spark_submit.py:491} INFO - (spark.sql.legacy.parquet.nanosAsLong,true)
[2026-04-03T17:16:03.772+0000] {spark_submit.py:491} INFO - (spark.sql.parquet.datetimeRebaseModeInRead,LEGACY)
[2026-04-03T17:16:03.772+0000] {spark_submit.py:491} INFO - (spark.sql.parquet.enableVectorizedReader,false)
[2026-04-03T17:16:03.773+0000] {spark_submit.py:491} INFO - (spark.sql.parquet.int64RebaseModeInRead,LEGACY)
[2026-04-03T17:16:03.773+0000] {spark_submit.py:491} INFO - 
[2026-04-03T17:16:03.773+0000] {spark_submit.py:491} INFO - 
[2026-04-03T17:16:04.118+0000] {spark_submit.py:491} INFO - 26/04/03 17:16:04 WARN NativeCodeLoader: Unable to load native-hadoop library for your platform... using builtin-java classes where applicable
[2026-04-03T17:16:04.283+0000] {spark_submit.py:491} INFO - Main class:
[2026-04-03T17:16:04.283+0000] {spark_submit.py:491} INFO - org.apache.spark.deploy.PythonRunner
[2026-04-03T17:16:04.283+0000] {spark_submit.py:491} INFO - Arguments:
[2026-04-03T17:16:04.283+0000] {spark_submit.py:491} INFO - file:/opt/airflow/etl/silver/main_silver.py
[2026-04-03T17:16:04.283+0000] {spark_submit.py:491} INFO - null
[2026-04-03T17:16:04.283+0000] {spark_submit.py:491} INFO - --table_name
[2026-04-03T17:16:04.283+0000] {spark_submit.py:491} INFO - customers
[2026-04-03T17:16:04.284+0000] {spark_submit.py:491} INFO - --merge_key
[2026-04-03T17:16:04.284+0000] {spark_submit.py:491} INFO - customer_id
[2026-04-03T17:16:04.284+0000] {spark_submit.py:491} INFO - --is_cdc
[2026-04-03T17:16:04.284+0000] {spark_submit.py:491} INFO - false
[2026-04-03T17:16:04.284+0000] {spark_submit.py:491} INFO - --json_schema
[2026-04-03T17:16:04.284+0000] {spark_submit.py:491} INFO - 
[2026-04-03T17:16:04.286+0000] {spark_submit.py:491} INFO - Spark config:
[2026-04-03T17:16:04.286+0000] {spark_submit.py:491} INFO - (spark.app.name,airflow_silver_customers)
[2026-04-03T17:16:04.287+0000] {spark_submit.py:491} INFO - (spark.app.submitTime,1775236564269)
[2026-04-03T17:16:04.287+0000] {spark_submit.py:491} INFO - (spark.databricks.delta.schema.autoMerge.enabled,true)
[2026-04-03T17:16:04.287+0000] {spark_submit.py:491} INFO - (spark.driver.memory,512m)
[2026-04-03T17:16:04.287+0000] {spark_submit.py:491} INFO - (spark.executor.cores,1)
[2026-04-03T17:16:04.287+0000] {spark_submit.py:491} INFO - (spark.executor.memory,1g)
[2026-04-03T17:16:04.287+0000] {spark_submit.py:491} INFO - (spark.hadoop.fs.s3a.access.key,*********(redacted))
[2026-04-03T17:16:04.287+0000] {spark_submit.py:491} INFO - (spark.hadoop.fs.s3a.connection.ssl.enabled,false)
[2026-04-03T17:16:04.287+0000] {spark_submit.py:491} INFO - (spark.hadoop.fs.s3a.endpoint,http://minio:9000)
[2026-04-03T17:16:04.287+0000] {spark_submit.py:491} INFO - (spark.hadoop.fs.s3a.impl,org.apache.hadoop.fs.s3a.S3AFileSystem)
[2026-04-03T17:16:04.287+0000] {spark_submit.py:491} INFO - (spark.hadoop.fs.s3a.path.style.access,true)
[2026-04-03T17:16:04.287+0000] {spark_submit.py:491} INFO - (spark.hadoop.fs.s3a.secret.key,*********(redacted))
[2026-04-03T17:16:04.288+0000] {spark_submit.py:491} INFO - (spark.jars,file:///opt/airflow/etl/jars/hadoop-aws-3.3.2.jar,file:///opt/airflow/etl/jars/aws-java-sdk-bundle-1.11.1026.jar,file:///opt/airflow/etl/jars/delta-core_2.12-2.3.0.jar,file:///opt/airflow/etl/jars/delta-storage-2.3.0.jar)
[2026-04-03T17:16:04.288+0000] {spark_submit.py:491} INFO - (spark.master,spark://spark-master:7077)
[2026-04-03T17:16:04.288+0000] {spark_submit.py:491} INFO - (spark.repl.local.jars,file:///opt/airflow/etl/jars/hadoop-aws-3.3.2.jar,file:///opt/airflow/etl/jars/aws-java-sdk-bundle-1.11.1026.jar,file:///opt/airflow/etl/jars/delta-core_2.12-2.3.0.jar,file:///opt/airflow/etl/jars/delta-storage-2.3.0.jar)
[2026-04-03T17:16:04.288+0000] {spark_submit.py:491} INFO - (spark.sql.catalog.spark_catalog,org.apache.spark.sql.delta.catalog.DeltaCatalog)
[2026-04-03T17:16:04.288+0000] {spark_submit.py:491} INFO - (spark.sql.extensions,io.delta.sql.DeltaSparkSessionExtension)
[2026-04-03T17:16:04.288+0000] {spark_submit.py:491} INFO - (spark.sql.legacy.parquet.nanosAsLong,true)
[2026-04-03T17:16:04.288+0000] {spark_submit.py:491} INFO - (spark.sql.parquet.datetimeRebaseModeInRead,LEGACY)
[2026-04-03T17:16:04.288+0000] {spark_submit.py:491} INFO - (spark.sql.parquet.enableVectorizedReader,false)
[2026-04-03T17:16:04.288+0000] {spark_submit.py:491} INFO - (spark.sql.parquet.int64RebaseModeInRead,LEGACY)
[2026-04-03T17:16:04.288+0000] {spark_submit.py:491} INFO - (spark.submit.deployMode,client)
[2026-04-03T17:16:04.289+0000] {spark_submit.py:491} INFO - (spark.submit.pyFiles,)
[2026-04-03T17:16:04.289+0000] {spark_submit.py:491} INFO - Classpath elements:
[2026-04-03T17:16:04.289+0000] {spark_submit.py:491} INFO - file:///opt/airflow/etl/jars/hadoop-aws-3.3.2.jar
[2026-04-03T17:16:04.289+0000] {spark_submit.py:491} INFO - file:///opt/airflow/etl/jars/aws-java-sdk-bundle-1.11.1026.jar
[2026-04-03T17:16:04.289+0000] {spark_submit.py:491} INFO - file:///opt/airflow/etl/jars/delta-core_2.12-2.3.0.jar
[2026-04-03T17:16:04.289+0000] {spark_submit.py:491} INFO - file:///opt/airflow/etl/jars/delta-storage-2.3.0.jar
[2026-04-03T17:16:04.289+0000] {spark_submit.py:491} INFO - 
[2026-04-03T17:16:04.289+0000] {spark_submit.py:491} INFO - 
[2026-04-03T17:16:05.209+0000] {spark_submit.py:491} INFO - INFO:__main__:Khởi tạo Spark Job cho bảng: customers
[2026-04-03T17:16:05.301+0000] {spark_submit.py:491} INFO - 26/04/03 17:16:05 INFO SparkContext: Running Spark version 3.3.2
[2026-04-03T17:16:05.329+0000] {spark_submit.py:491} INFO - 26/04/03 17:16:05 INFO ResourceUtils: ==============================================================
[2026-04-03T17:16:05.330+0000] {spark_submit.py:491} INFO - 26/04/03 17:16:05 INFO ResourceUtils: No custom resources configured for spark.driver.
[2026-04-03T17:16:05.330+0000] {spark_submit.py:491} INFO - 26/04/03 17:16:05 INFO ResourceUtils: ==============================================================
[2026-04-03T17:16:05.330+0000] {spark_submit.py:491} INFO - 26/04/03 17:16:05 INFO SparkContext: Submitted application: Silver_Processor_customers
[2026-04-03T17:16:05.353+0000] {spark_submit.py:491} INFO - 26/04/03 17:16:05 INFO ResourceProfile: Default ResourceProfile created, executor resources: Map(cores -> name: cores, amount: 1, script: , vendor: , memory -> name: memory, amount: 1024, script: , vendor: , offHeap -> name: offHeap, amount: 0, script: , vendor: ), task resources: Map(cpus -> name: cpus, amount: 1.0)
[2026-04-03T17:16:05.364+0000] {spark_submit.py:491} INFO - 26/04/03 17:16:05 INFO ResourceProfile: Limiting resource is cpus at 1 tasks per executor
[2026-04-03T17:16:05.366+0000] {spark_submit.py:491} INFO - 26/04/03 17:16:05 INFO ResourceProfileManager: Added ResourceProfile id: 0
[2026-04-03T17:16:05.421+0000] {spark_submit.py:491} INFO - 26/04/03 17:16:05 INFO SecurityManager: Changing view acls to: airflow
[2026-04-03T17:16:05.422+0000] {spark_submit.py:491} INFO - 26/04/03 17:16:05 INFO SecurityManager: Changing modify acls to: airflow
[2026-04-03T17:16:05.422+0000] {spark_submit.py:491} INFO - 26/04/03 17:16:05 INFO SecurityManager: Changing view acls groups to:
[2026-04-03T17:16:05.423+0000] {spark_submit.py:491} INFO - 26/04/03 17:16:05 INFO SecurityManager: Changing modify acls groups to:
[2026-04-03T17:16:05.423+0000] {spark_submit.py:491} INFO - 26/04/03 17:16:05 INFO SecurityManager: SecurityManager: authentication disabled; ui acls disabled; users  with view permissions: Set(airflow); groups with view permissions: Set(); users  with modify permissions: Set(airflow); groups with modify permissions: Set()
[2026-04-03T17:16:05.690+0000] {spark_submit.py:491} INFO - 26/04/03 17:16:05 INFO Utils: Successfully started service 'sparkDriver' on port 38171.
[2026-04-03T17:16:05.721+0000] {spark_submit.py:491} INFO - 26/04/03 17:16:05 INFO SparkEnv: Registering MapOutputTracker
[2026-04-03T17:16:05.762+0000] {spark_submit.py:491} INFO - 26/04/03 17:16:05 INFO SparkEnv: Registering BlockManagerMaster
[2026-04-03T17:16:05.785+0000] {spark_submit.py:491} INFO - 26/04/03 17:16:05 INFO BlockManagerMasterEndpoint: Using org.apache.spark.storage.DefaultTopologyMapper for getting topology information
[2026-04-03T17:16:05.785+0000] {spark_submit.py:491} INFO - 26/04/03 17:16:05 INFO BlockManagerMasterEndpoint: BlockManagerMasterEndpoint up
[2026-04-03T17:16:05.791+0000] {spark_submit.py:491} INFO - 26/04/03 17:16:05 INFO SparkEnv: Registering BlockManagerMasterHeartbeat
[2026-04-03T17:16:05.811+0000] {spark_submit.py:491} INFO - 26/04/03 17:16:05 INFO DiskBlockManager: Created local directory at /tmp/blockmgr-dd3ab15d-a9f4-48c4-a5ce-c74e8ea5fc7a
[2026-04-03T17:16:05.831+0000] {spark_submit.py:491} INFO - 26/04/03 17:16:05 INFO MemoryStore: MemoryStore started with capacity 127.2 MiB
[2026-04-03T17:16:05.848+0000] {spark_submit.py:491} INFO - 26/04/03 17:16:05 INFO SparkEnv: Registering OutputCommitCoordinator
[2026-04-03T17:16:06.057+0000] {spark_submit.py:491} INFO - 26/04/03 17:16:06 INFO Utils: Successfully started service 'SparkUI' on port 4040.
[2026-04-03T17:16:06.091+0000] {spark_submit.py:491} INFO - 26/04/03 17:16:06 INFO SparkContext: Added JAR file:///opt/airflow/etl/jars/hadoop-aws-3.3.2.jar at spark://f094757a841d:38171/jars/hadoop-aws-3.3.2.jar with timestamp 1775236565292
[2026-04-03T17:16:06.092+0000] {spark_submit.py:491} INFO - 26/04/03 17:16:06 INFO SparkContext: Added JAR file:///opt/airflow/etl/jars/aws-java-sdk-bundle-1.11.1026.jar at spark://f094757a841d:38171/jars/aws-java-sdk-bundle-1.11.1026.jar with timestamp 1775236565292
[2026-04-03T17:16:06.092+0000] {spark_submit.py:491} INFO - 26/04/03 17:16:06 INFO SparkContext: Added JAR file:///opt/airflow/etl/jars/delta-core_2.12-2.3.0.jar at spark://f094757a841d:38171/jars/delta-core_2.12-2.3.0.jar with timestamp 1775236565292
[2026-04-03T17:16:06.092+0000] {spark_submit.py:491} INFO - 26/04/03 17:16:06 INFO SparkContext: Added JAR file:///opt/airflow/etl/jars/delta-storage-2.3.0.jar at spark://f094757a841d:38171/jars/delta-storage-2.3.0.jar with timestamp 1775236565292
[2026-04-03T17:16:06.172+0000] {spark_submit.py:491} INFO - 26/04/03 17:16:06 INFO StandaloneAppClient$ClientEndpoint: Connecting to master spark://spark-master:7077...
[2026-04-03T17:16:06.218+0000] {spark_submit.py:491} INFO - 26/04/03 17:16:06 INFO TransportClientFactory: Successfully created connection to spark-master/172.18.0.6:7077 after 27 ms (0 ms spent in bootstraps)
[2026-04-03T17:16:06.306+0000] {spark_submit.py:491} INFO - 26/04/03 17:16:06 INFO StandaloneSchedulerBackend: Connected to Spark cluster with app ID app-20260403171606-0007
[2026-04-03T17:16:06.311+0000] {spark_submit.py:491} INFO - 26/04/03 17:16:06 INFO StandaloneAppClient$ClientEndpoint: Executor added: app-20260403171606-0007/0 on worker-20260403162332-172.18.0.12-38281 (172.18.0.12:38281) with 1 core(s)
[2026-04-03T17:16:06.317+0000] {spark_submit.py:491} INFO - 26/04/03 17:16:06 INFO StandaloneSchedulerBackend: Granted executor ID app-20260403171606-0007/0 on hostPort 172.18.0.12:38281 with 1 core(s), 1024.0 MiB RAM
[2026-04-03T17:16:06.317+0000] {spark_submit.py:491} INFO - 26/04/03 17:16:06 INFO StandaloneAppClient$ClientEndpoint: Executor added: app-20260403171606-0007/1 on worker-20260403162332-172.18.0.12-38281 (172.18.0.12:38281) with 1 core(s)
[2026-04-03T17:16:06.319+0000] {spark_submit.py:491} INFO - 26/04/03 17:16:06 INFO StandaloneSchedulerBackend: Granted executor ID app-20260403171606-0007/1 on hostPort 172.18.0.12:38281 with 1 core(s), 1024.0 MiB RAM
[2026-04-03T17:16:06.319+0000] {spark_submit.py:491} INFO - 26/04/03 17:16:06 INFO StandaloneAppClient$ClientEndpoint: Executor added: app-20260403171606-0007/2 on worker-20260403162332-172.18.0.12-38281 (172.18.0.12:38281) with 1 core(s)
[2026-04-03T17:16:06.320+0000] {spark_submit.py:491} INFO - 26/04/03 17:16:06 INFO StandaloneSchedulerBackend: Granted executor ID app-20260403171606-0007/2 on hostPort 172.18.0.12:38281 with 1 core(s), 1024.0 MiB RAM
[2026-04-03T17:16:06.321+0000] {spark_submit.py:491} INFO - 26/04/03 17:16:06 INFO StandaloneAppClient$ClientEndpoint: Executor added: app-20260403171606-0007/3 on worker-20260403162332-172.18.0.12-38281 (172.18.0.12:38281) with 1 core(s)
[2026-04-03T17:16:06.322+0000] {spark_submit.py:491} INFO - 26/04/03 17:16:06 INFO StandaloneSchedulerBackend: Granted executor ID app-20260403171606-0007/3 on hostPort 172.18.0.12:38281 with 1 core(s), 1024.0 MiB RAM
[2026-04-03T17:16:06.323+0000] {spark_submit.py:491} INFO - 26/04/03 17:16:06 INFO StandaloneAppClient$ClientEndpoint: Executor added: app-20260403171606-0007/4 on worker-20260403162332-172.18.0.12-38281 (172.18.0.12:38281) with 1 core(s)
[2026-04-03T17:16:06.324+0000] {spark_submit.py:491} INFO - 26/04/03 17:16:06 INFO Utils: Successfully started service 'org.apache.spark.network.netty.NettyBlockTransferService' on port 41185.
[2026-04-03T17:16:06.324+0000] {spark_submit.py:491} INFO - 26/04/03 17:16:06 INFO StandaloneSchedulerBackend: Granted executor ID app-20260403171606-0007/4 on hostPort 172.18.0.12:38281 with 1 core(s), 1024.0 MiB RAM
[2026-04-03T17:16:06.324+0000] {spark_submit.py:491} INFO - 26/04/03 17:16:06 INFO NettyBlockTransferService: Server created on f094757a841d:41185
[2026-04-03T17:16:06.324+0000] {spark_submit.py:491} INFO - 26/04/03 17:16:06 INFO StandaloneAppClient$ClientEndpoint: Executor added: app-20260403171606-0007/5 on worker-20260403162332-172.18.0.12-38281 (172.18.0.12:38281) with 1 core(s)
[2026-04-03T17:16:06.325+0000] {spark_submit.py:491} INFO - 26/04/03 17:16:06 INFO StandaloneSchedulerBackend: Granted executor ID app-20260403171606-0007/5 on hostPort 172.18.0.12:38281 with 1 core(s), 1024.0 MiB RAM
[2026-04-03T17:16:06.328+0000] {spark_submit.py:491} INFO - 26/04/03 17:16:06 INFO BlockManager: Using org.apache.spark.storage.RandomBlockReplicationPolicy for block replication policy
[2026-04-03T17:16:06.329+0000] {spark_submit.py:491} INFO - 26/04/03 17:16:06 INFO StandaloneAppClient$ClientEndpoint: Executor added: app-20260403171606-0007/6 on worker-20260403162332-172.18.0.12-38281 (172.18.0.12:38281) with 1 core(s)
[2026-04-03T17:16:06.331+0000] {spark_submit.py:491} INFO - 26/04/03 17:16:06 INFO StandaloneSchedulerBackend: Granted executor ID app-20260403171606-0007/6 on hostPort 172.18.0.12:38281 with 1 core(s), 1024.0 MiB RAM
[2026-04-03T17:16:06.331+0000] {spark_submit.py:491} INFO - 26/04/03 17:16:06 INFO StandaloneAppClient$ClientEndpoint: Executor added: app-20260403171606-0007/7 on worker-20260403162332-172.18.0.12-38281 (172.18.0.12:38281) with 1 core(s)
[2026-04-03T17:16:06.333+0000] {spark_submit.py:491} INFO - 26/04/03 17:16:06 INFO StandaloneSchedulerBackend: Granted executor ID app-20260403171606-0007/7 on hostPort 172.18.0.12:38281 with 1 core(s), 1024.0 MiB RAM
[2026-04-03T17:16:06.334+0000] {spark_submit.py:491} INFO - 26/04/03 17:16:06 INFO StandaloneAppClient$ClientEndpoint: Executor added: app-20260403171606-0007/8 on worker-20260403162332-172.18.0.12-38281 (172.18.0.12:38281) with 1 core(s)
[2026-04-03T17:16:06.334+0000] {spark_submit.py:491} INFO - 26/04/03 17:16:06 INFO StandaloneSchedulerBackend: Granted executor ID app-20260403171606-0007/8 on hostPort 172.18.0.12:38281 with 1 core(s), 1024.0 MiB RAM
[2026-04-03T17:16:06.334+0000] {spark_submit.py:491} INFO - 26/04/03 17:16:06 INFO StandaloneAppClient$ClientEndpoint: Executor added: app-20260403171606-0007/9 on worker-20260403162332-172.18.0.12-38281 (172.18.0.12:38281) with 1 core(s)
[2026-04-03T17:16:06.335+0000] {spark_submit.py:491} INFO - 26/04/03 17:16:06 INFO StandaloneSchedulerBackend: Granted executor ID app-20260403171606-0007/9 on hostPort 172.18.0.12:38281 with 1 core(s), 1024.0 MiB RAM
[2026-04-03T17:16:06.335+0000] {spark_submit.py:491} INFO - 26/04/03 17:16:06 INFO StandaloneAppClient$ClientEndpoint: Executor added: app-20260403171606-0007/10 on worker-20260403162332-172.18.0.12-38281 (172.18.0.12:38281) with 1 core(s)
[2026-04-03T17:16:06.339+0000] {spark_submit.py:491} INFO - 26/04/03 17:16:06 INFO StandaloneSchedulerBackend: Granted executor ID app-20260403171606-0007/10 on hostPort 172.18.0.12:38281 with 1 core(s), 1024.0 MiB RAM
[2026-04-03T17:16:06.339+0000] {spark_submit.py:491} INFO - 26/04/03 17:16:06 INFO StandaloneAppClient$ClientEndpoint: Executor added: app-20260403171606-0007/11 on worker-20260403162332-172.18.0.12-38281 (172.18.0.12:38281) with 1 core(s)
[2026-04-03T17:16:06.340+0000] {spark_submit.py:491} INFO - 26/04/03 17:16:06 INFO StandaloneSchedulerBackend: Granted executor ID app-20260403171606-0007/11 on hostPort 172.18.0.12:38281 with 1 core(s), 1024.0 MiB RAM
[2026-04-03T17:16:06.347+0000] {spark_submit.py:491} INFO - 26/04/03 17:16:06 INFO BlockManagerMaster: Registering BlockManager BlockManagerId(driver, f094757a841d, 41185, None)
[2026-04-03T17:16:06.361+0000] {spark_submit.py:491} INFO - 26/04/03 17:16:06 INFO BlockManagerMasterEndpoint: Registering block manager f094757a841d:41185 with 127.2 MiB RAM, BlockManagerId(driver, f094757a841d, 41185, None)
[2026-04-03T17:16:06.368+0000] {spark_submit.py:491} INFO - 26/04/03 17:16:06 INFO BlockManagerMaster: Registered BlockManager BlockManagerId(driver, f094757a841d, 41185, None)
[2026-04-03T17:16:06.372+0000] {spark_submit.py:491} INFO - 26/04/03 17:16:06 INFO BlockManager: Initialized BlockManager: BlockManagerId(driver, f094757a841d, 41185, None)
[2026-04-03T17:16:06.384+0000] {spark_submit.py:491} INFO - 26/04/03 17:16:06 INFO StandaloneAppClient$ClientEndpoint: Executor updated: app-20260403171606-0007/1 is now RUNNING
[2026-04-03T17:16:06.387+0000] {spark_submit.py:491} INFO - 26/04/03 17:16:06 INFO StandaloneAppClient$ClientEndpoint: Executor updated: app-20260403171606-0007/3 is now RUNNING
[2026-04-03T17:16:06.416+0000] {spark_submit.py:491} INFO - 26/04/03 17:16:06 INFO StandaloneAppClient$ClientEndpoint: Executor updated: app-20260403171606-0007/2 is now RUNNING
[2026-04-03T17:16:06.427+0000] {spark_submit.py:491} INFO - 26/04/03 17:16:06 INFO StandaloneAppClient$ClientEndpoint: Executor updated: app-20260403171606-0007/6 is now RUNNING
[2026-04-03T17:16:06.434+0000] {spark_submit.py:491} INFO - 26/04/03 17:16:06 INFO StandaloneAppClient$ClientEndpoint: Executor updated: app-20260403171606-0007/0 is now RUNNING
[2026-04-03T17:16:06.446+0000] {spark_submit.py:491} INFO - 26/04/03 17:16:06 INFO StandaloneAppClient$ClientEndpoint: Executor updated: app-20260403171606-0007/5 is now RUNNING
[2026-04-03T17:16:06.452+0000] {spark_submit.py:491} INFO - 26/04/03 17:16:06 INFO StandaloneAppClient$ClientEndpoint: Executor updated: app-20260403171606-0007/4 is now RUNNING
[2026-04-03T17:16:06.458+0000] {spark_submit.py:491} INFO - 26/04/03 17:16:06 INFO StandaloneAppClient$ClientEndpoint: Executor updated: app-20260403171606-0007/8 is now RUNNING
[2026-04-03T17:16:06.473+0000] {spark_submit.py:491} INFO - 26/04/03 17:16:06 INFO StandaloneAppClient$ClientEndpoint: Executor updated: app-20260403171606-0007/7 is now RUNNING
[2026-04-03T17:16:06.479+0000] {spark_submit.py:491} INFO - 26/04/03 17:16:06 INFO StandaloneAppClient$ClientEndpoint: Executor updated: app-20260403171606-0007/10 is now RUNNING
[2026-04-03T17:16:06.483+0000] {spark_submit.py:491} INFO - 26/04/03 17:16:06 INFO StandaloneAppClient$ClientEndpoint: Executor updated: app-20260403171606-0007/11 is now RUNNING
[2026-04-03T17:16:06.484+0000] {spark_submit.py:491} INFO - 26/04/03 17:16:06 INFO StandaloneAppClient$ClientEndpoint: Executor updated: app-20260403171606-0007/9 is now RUNNING
[2026-04-03T17:16:06.947+0000] {spark_submit.py:491} INFO - 26/04/03 17:16:06 INFO StandaloneSchedulerBackend: SchedulerBackend is ready for scheduling beginning after reached minRegisteredResourcesRatio: 0.0
[2026-04-03T17:16:09.247+0000] {spark_submit.py:491} INFO - INFO:silver_processor: Bắt đầu xử lý lớp Silver cho bảng: customers | Chế độ CDC: False
[2026-04-03T17:16:09.248+0000] {spark_submit.py:491} INFO - INFO:silver_processor: Bắt đầu quét Data Nóng từ Bronze...
[2026-04-03T17:16:09.793+0000] {spark_submit.py:491} INFO - 26/04/03 17:16:09 WARN MetricsConfig: Cannot locate configuration: tried hadoop-metrics2-s3a-file-system.properties,hadoop-metrics2.properties
[2026-04-03T17:16:28.596+0000] {spark_submit.py:491} INFO - INFO:py4j.java_gateway:Callback Server Starting
[2026-04-03T17:16:28.597+0000] {spark_submit.py:491} INFO - INFO:py4j.java_gateway:Socket listening on ('127.0.0.1', 41413)
[2026-04-03T17:16:28.660+0000] {spark_submit.py:491} INFO - 26/04/03 17:16:28 WARN ResolveWriteToStream: spark.sql.adaptive.enabled is not supported in streaming DataFrames/Datasets and will be disabled.
[2026-04-03T17:16:29.607+0000] {spark_submit.py:491} INFO - INFO:py4j.clientserver:Python Server ready to receive messages
[2026-04-03T17:16:29.608+0000] {spark_submit.py:491} INFO - INFO:py4j.clientserver:Received command c on object id p0
[2026-04-03T17:16:31.000+0000] {spark_submit.py:491} INFO - ERROR:py4j.clientserver:There was an exception while executing the Python Proxy on the Python Side.
[2026-04-03T17:16:31.000+0000] {spark_submit.py:491} INFO - Traceback (most recent call last):
[2026-04-03T17:16:31.000+0000] {spark_submit.py:491} INFO - File "/home/airflow/.local/lib/python3.10/site-packages/pyspark/python/lib/py4j-0.10.9.5-src.zip/py4j/clientserver.py", line 617, in _call_proxy
[2026-04-03T17:16:31.000+0000] {spark_submit.py:491} INFO - return_value = getattr(self.pool[obj_id], method)(*params)
[2026-04-03T17:16:31.000+0000] {spark_submit.py:491} INFO - File "/home/airflow/.local/lib/python3.10/site-packages/pyspark/python/lib/pyspark.zip/pyspark/sql/utils.py", line 276, in call
[2026-04-03T17:16:31.000+0000] {spark_submit.py:491} INFO - raise e
[2026-04-03T17:16:31.000+0000] {spark_submit.py:491} INFO - File "/home/airflow/.local/lib/python3.10/site-packages/pyspark/python/lib/pyspark.zip/pyspark/sql/utils.py", line 273, in call
[2026-04-03T17:16:31.000+0000] {spark_submit.py:491} INFO - self.func(DataFrame(jdf, wrapped_session_jdf), batch_id)
[2026-04-03T17:16:31.000+0000] {spark_submit.py:491} INFO - File "/opt/airflow/etl/silver/silver_processor.py", line 72, in process_micro_batch
[2026-04-03T17:16:31.000+0000] {spark_submit.py:491} INFO - .saveAsTable(silver_table_name)
[2026-04-03T17:16:31.000+0000] {spark_submit.py:491} INFO - File "/home/airflow/.local/lib/python3.10/site-packages/pyspark/python/lib/pyspark.zip/pyspark/sql/readwriter.py", line 1041, in saveAsTable
[2026-04-03T17:16:31.000+0000] {spark_submit.py:491} INFO - self._jwrite.saveAsTable(name)
[2026-04-03T17:16:31.000+0000] {spark_submit.py:491} INFO - File "/home/airflow/.local/lib/python3.10/site-packages/pyspark/python/lib/py4j-0.10.9.5-src.zip/py4j/java_gateway.py", line 1321, in __call__
[2026-04-03T17:16:31.001+0000] {spark_submit.py:491} INFO - return_value = get_return_value(
[2026-04-03T17:16:31.001+0000] {spark_submit.py:491} INFO - File "/home/airflow/.local/lib/python3.10/site-packages/pyspark/python/lib/pyspark.zip/pyspark/sql/utils.py", line 196, in deco
[2026-04-03T17:16:31.001+0000] {spark_submit.py:491} INFO - raise converted from None
[2026-04-03T17:16:31.001+0000] {spark_submit.py:491} INFO - pyspark.sql.utils.AnalysisException: Database 'silver' not found
[2026-04-03T17:16:31.005+0000] {spark_submit.py:491} INFO - 26/04/03 17:16:31 ERROR MicroBatchExecution: Query [id = 59c5c27a-a261-4b4c-bec6-50bc82325082, runId = ea0fb80f-39dd-434f-954a-c46a685356a1] terminated with error
[2026-04-03T17:16:31.006+0000] {spark_submit.py:491} INFO - py4j.Py4JException: An exception was raised by the Python Proxy. Return Message: Traceback (most recent call last):
[2026-04-03T17:16:31.006+0000] {spark_submit.py:491} INFO - File "/home/airflow/.local/lib/python3.10/site-packages/pyspark/python/lib/py4j-0.10.9.5-src.zip/py4j/clientserver.py", line 617, in _call_proxy
[2026-04-03T17:16:31.006+0000] {spark_submit.py:491} INFO - return_value = getattr(self.pool[obj_id], method)(*params)
[2026-04-03T17:16:31.006+0000] {spark_submit.py:491} INFO - File "/home/airflow/.local/lib/python3.10/site-packages/pyspark/python/lib/pyspark.zip/pyspark/sql/utils.py", line 276, in call
[2026-04-03T17:16:31.006+0000] {spark_submit.py:491} INFO - raise e
[2026-04-03T17:16:31.006+0000] {spark_submit.py:491} INFO - File "/home/airflow/.local/lib/python3.10/site-packages/pyspark/python/lib/pyspark.zip/pyspark/sql/utils.py", line 273, in call
[2026-04-03T17:16:31.006+0000] {spark_submit.py:491} INFO - self.func(DataFrame(jdf, wrapped_session_jdf), batch_id)
[2026-04-03T17:16:31.007+0000] {spark_submit.py:491} INFO - File "/opt/airflow/etl/silver/silver_processor.py", line 72, in process_micro_batch
[2026-04-03T17:16:31.007+0000] {spark_submit.py:491} INFO - .saveAsTable(silver_table_name)
[2026-04-03T17:16:31.007+0000] {spark_submit.py:491} INFO - File "/home/airflow/.local/lib/python3.10/site-packages/pyspark/python/lib/pyspark.zip/pyspark/sql/readwriter.py", line 1041, in saveAsTable
[2026-04-03T17:16:31.007+0000] {spark_submit.py:491} INFO - self._jwrite.saveAsTable(name)
[2026-04-03T17:16:31.007+0000] {spark_submit.py:491} INFO - File "/home/airflow/.local/lib/python3.10/site-packages/pyspark/python/lib/py4j-0.10.9.5-src.zip/py4j/java_gateway.py", line 1321, in __call__
[2026-04-03T17:16:31.007+0000] {spark_submit.py:491} INFO - return_value = get_return_value(
[2026-04-03T17:16:31.007+0000] {spark_submit.py:491} INFO - File "/home/airflow/.local/lib/python3.10/site-packages/pyspark/python/lib/pyspark.zip/pyspark/sql/utils.py", line 196, in deco
[2026-04-03T17:16:31.008+0000] {spark_submit.py:491} INFO - raise converted from None
[2026-04-03T17:16:31.008+0000] {spark_submit.py:491} INFO - pyspark.sql.utils.AnalysisException: Database 'silver' not found
[2026-04-03T17:16:31.008+0000] {spark_submit.py:491} INFO - 
[2026-04-03T17:16:31.008+0000] {spark_submit.py:491} INFO - at py4j.Protocol.getReturnValue(Protocol.java:476)
[2026-04-03T17:16:31.008+0000] {spark_submit.py:491} INFO - at py4j.reflection.PythonProxyHandler.invoke(PythonProxyHandler.java:108)
[2026-04-03T17:16:31.008+0000] {spark_submit.py:491} INFO - at com.sun.proxy.$Proxy44.call(Unknown Source)
[2026-04-03T17:16:31.008+0000] {spark_submit.py:491} INFO - at org.apache.spark.sql.execution.streaming.sources.PythonForeachBatchHelper$.$anonfun$callForeachBatch$1(ForeachBatchSink.scala:51)
[2026-04-03T17:16:31.008+0000] {spark_submit.py:491} INFO - at org.apache.spark.sql.execution.streaming.sources.PythonForeachBatchHelper$.$anonfun$callForeachBatch$1$adapted(ForeachBatchSink.scala:51)
[2026-04-03T17:16:31.008+0000] {spark_submit.py:491} INFO - at org.apache.spark.sql.execution.streaming.sources.ForeachBatchSink.addBatch(ForeachBatchSink.scala:32)
[2026-04-03T17:16:31.008+0000] {spark_submit.py:491} INFO - at org.apache.spark.sql.execution.streaming.MicroBatchExecution.$anonfun$runBatch$17(MicroBatchExecution.scala:665)
[2026-04-03T17:16:31.008+0000] {spark_submit.py:491} INFO - at org.apache.spark.sql.execution.SQLExecution$.$anonfun$withNewExecutionId$6(SQLExecution.scala:109)
[2026-04-03T17:16:31.008+0000] {spark_submit.py:491} INFO - at org.apache.spark.sql.execution.SQLExecution$.withSQLConfPropagated(SQLExecution.scala:169)
[2026-04-03T17:16:31.008+0000] {spark_submit.py:491} INFO - at org.apache.spark.sql.execution.SQLExecution$.$anonfun$withNewExecutionId$1(SQLExecution.scala:95)
[2026-04-03T17:16:31.008+0000] {spark_submit.py:491} INFO - at org.apache.spark.sql.SparkSession.withActive(SparkSession.scala:779)
[2026-04-03T17:16:31.008+0000] {spark_submit.py:491} INFO - at org.apache.spark.sql.execution.SQLExecution$.withNewExecutionId(SQLExecution.scala:64)
[2026-04-03T17:16:31.008+0000] {spark_submit.py:491} INFO - at org.apache.spark.sql.execution.streaming.MicroBatchExecution.$anonfun$runBatch$16(MicroBatchExecution.scala:663)
[2026-04-03T17:16:31.008+0000] {spark_submit.py:491} INFO - at org.apache.spark.sql.execution.streaming.ProgressReporter.reportTimeTaken(ProgressReporter.scala:375)
[2026-04-03T17:16:31.009+0000] {spark_submit.py:491} INFO - at org.apache.spark.sql.execution.streaming.ProgressReporter.reportTimeTaken$(ProgressReporter.scala:373)
[2026-04-03T17:16:31.009+0000] {spark_submit.py:491} INFO - at org.apache.spark.sql.execution.streaming.StreamExecution.reportTimeTaken(StreamExecution.scala:68)
[2026-04-03T17:16:31.009+0000] {spark_submit.py:491} INFO - at org.apache.spark.sql.execution.streaming.MicroBatchExecution.runBatch(MicroBatchExecution.scala:663)
[2026-04-03T17:16:31.009+0000] {spark_submit.py:491} INFO - at org.apache.spark.sql.execution.streaming.MicroBatchExecution.$anonfun$runActivatedStream$2(MicroBatchExecution.scala:256)
[2026-04-03T17:16:31.009+0000] {spark_submit.py:491} INFO - at scala.runtime.java8.JFunction0$mcV$sp.apply(JFunction0$mcV$sp.java:23)
[2026-04-03T17:16:31.009+0000] {spark_submit.py:491} INFO - at org.apache.spark.sql.execution.streaming.ProgressReporter.reportTimeTaken(ProgressReporter.scala:375)
[2026-04-03T17:16:31.009+0000] {spark_submit.py:491} INFO - at org.apache.spark.sql.execution.streaming.ProgressReporter.reportTimeTaken$(ProgressReporter.scala:373)
[2026-04-03T17:16:31.009+0000] {spark_submit.py:491} INFO - at org.apache.spark.sql.execution.streaming.StreamExecution.reportTimeTaken(StreamExecution.scala:68)
[2026-04-03T17:16:31.009+0000] {spark_submit.py:491} INFO - at org.apache.spark.sql.execution.streaming.MicroBatchExecution.$anonfun$runActivatedStream$1(MicroBatchExecution.scala:219)
[2026-04-03T17:16:31.009+0000] {spark_submit.py:491} INFO - at org.apache.spark.sql.execution.streaming.MultiBatchExecutor.execute(TriggerExecutor.scala:49)
[2026-04-03T17:16:31.009+0000] {spark_submit.py:491} INFO - at org.apache.spark.sql.execution.streaming.MicroBatchExecution.runActivatedStream(MicroBatchExecution.scala:213)
[2026-04-03T17:16:31.009+0000] {spark_submit.py:491} INFO - at org.apache.spark.sql.execution.streaming.StreamExecution.$anonfun$runStream$1(StreamExecution.scala:307)
[2026-04-03T17:16:31.009+0000] {spark_submit.py:491} INFO - at scala.runtime.java8.JFunction0$mcV$sp.apply(JFunction0$mcV$sp.java:23)
[2026-04-03T17:16:31.009+0000] {spark_submit.py:491} INFO - at org.apache.spark.sql.SparkSession.withActive(SparkSession.scala:779)
[2026-04-03T17:16:31.009+0000] {spark_submit.py:491} INFO - at org.apache.spark.sql.execution.streaming.StreamExecution.org$apache$spark$sql$execution$streaming$StreamExecution$$runStream(StreamExecution.scala:285)
[2026-04-03T17:16:31.009+0000] {spark_submit.py:491} INFO - at org.apache.spark.sql.execution.streaming.StreamExecution$$anon$1.run(StreamExecution.scala:208)
[2026-04-03T17:16:31.045+0000] {spark_submit.py:491} INFO - ERROR:__main__:Lỗi khi xử lý lớp Silver bảng customers: Query [id = 59c5c27a-a261-4b4c-bec6-50bc82325082, runId = ea0fb80f-39dd-434f-954a-c46a685356a1] terminated with exception: An exception was raised by the Python Proxy. Return Message: Traceback (most recent call last):
[2026-04-03T17:16:31.045+0000] {spark_submit.py:491} INFO - File "/home/airflow/.local/lib/python3.10/site-packages/pyspark/python/lib/py4j-0.10.9.5-src.zip/py4j/clientserver.py", line 617, in _call_proxy
[2026-04-03T17:16:31.046+0000] {spark_submit.py:491} INFO - return_value = getattr(self.pool[obj_id], method)(*params)
[2026-04-03T17:16:31.046+0000] {spark_submit.py:491} INFO - File "/home/airflow/.local/lib/python3.10/site-packages/pyspark/python/lib/pyspark.zip/pyspark/sql/utils.py", line 276, in call
[2026-04-03T17:16:31.046+0000] {spark_submit.py:491} INFO - raise e
[2026-04-03T17:16:31.046+0000] {spark_submit.py:491} INFO - File "/home/airflow/.local/lib/python3.10/site-packages/pyspark/python/lib/pyspark.zip/pyspark/sql/utils.py", line 273, in call
[2026-04-03T17:16:31.046+0000] {spark_submit.py:491} INFO - self.func(DataFrame(jdf, wrapped_session_jdf), batch_id)
[2026-04-03T17:16:31.046+0000] {spark_submit.py:491} INFO - File "/opt/airflow/etl/silver/silver_processor.py", line 72, in process_micro_batch
[2026-04-03T17:16:31.046+0000] {spark_submit.py:491} INFO - .saveAsTable(silver_table_name)
[2026-04-03T17:16:31.046+0000] {spark_submit.py:491} INFO - File "/home/airflow/.local/lib/python3.10/site-packages/pyspark/python/lib/pyspark.zip/pyspark/sql/readwriter.py", line 1041, in saveAsTable
[2026-04-03T17:16:31.047+0000] {spark_submit.py:491} INFO - self._jwrite.saveAsTable(name)
[2026-04-03T17:16:31.047+0000] {spark_submit.py:491} INFO - File "/home/airflow/.local/lib/python3.10/site-packages/pyspark/python/lib/py4j-0.10.9.5-src.zip/py4j/java_gateway.py", line 1321, in __call__
[2026-04-03T17:16:31.047+0000] {spark_submit.py:491} INFO - return_value = get_return_value(
[2026-04-03T17:16:31.047+0000] {spark_submit.py:491} INFO - File "/home/airflow/.local/lib/python3.10/site-packages/pyspark/python/lib/pyspark.zip/pyspark/sql/utils.py", line 196, in deco
[2026-04-03T17:16:31.047+0000] {spark_submit.py:491} INFO - raise converted from None
[2026-04-03T17:16:31.047+0000] {spark_submit.py:491} INFO - pyspark.sql.utils.AnalysisException: Database 'silver' not found
[2026-04-03T17:16:31.047+0000] {spark_submit.py:491} INFO - 
[2026-04-03T17:16:31.543+0000] {spark_submit.py:491} INFO - Traceback (most recent call last):
[2026-04-03T17:16:31.543+0000] {spark_submit.py:491} INFO - File "/opt/airflow/etl/silver/main_silver.py", line 60, in <module>
[2026-04-03T17:16:31.543+0000] {spark_submit.py:491} INFO - raise e
[2026-04-03T17:16:31.543+0000] {spark_submit.py:491} INFO - File "/opt/airflow/etl/silver/main_silver.py", line 49, in <module>
[2026-04-03T17:16:31.544+0000] {spark_submit.py:491} INFO - process_silver_layer(
[2026-04-03T17:16:31.544+0000] {spark_submit.py:491} INFO - File "/opt/airflow/etl/silver/silver_processor.py", line 85, in process_silver_layer
[2026-04-03T17:16:31.544+0000] {spark_submit.py:491} INFO - streaming_query.awaitTermination()
[2026-04-03T17:16:31.544+0000] {spark_submit.py:491} INFO - File "/home/airflow/.local/lib/python3.10/site-packages/pyspark/python/lib/pyspark.zip/pyspark/sql/streaming.py", line 107, in awaitTermination
[2026-04-03T17:16:31.544+0000] {spark_submit.py:491} INFO - File "/home/airflow/.local/lib/python3.10/site-packages/pyspark/python/lib/py4j-0.10.9.5-src.zip/py4j/java_gateway.py", line 1321, in __call__
[2026-04-03T17:16:31.544+0000] {spark_submit.py:491} INFO - File "/home/airflow/.local/lib/python3.10/site-packages/pyspark/python/lib/pyspark.zip/pyspark/sql/utils.py", line 196, in deco
[2026-04-03T17:16:31.546+0000] {spark_submit.py:491} INFO - pyspark.sql.utils.StreamingQueryException: Query [id = 59c5c27a-a261-4b4c-bec6-50bc82325082, runId = ea0fb80f-39dd-434f-954a-c46a685356a1] terminated with exception: An exception was raised by the Python Proxy. Return Message: Traceback (most recent call last):
[2026-04-03T17:16:31.546+0000] {spark_submit.py:491} INFO - File "/home/airflow/.local/lib/python3.10/site-packages/pyspark/python/lib/py4j-0.10.9.5-src.zip/py4j/clientserver.py", line 617, in _call_proxy
[2026-04-03T17:16:31.546+0000] {spark_submit.py:491} INFO - return_value = getattr(self.pool[obj_id], method)(*params)
[2026-04-03T17:16:31.547+0000] {spark_submit.py:491} INFO - File "/home/airflow/.local/lib/python3.10/site-packages/pyspark/python/lib/pyspark.zip/pyspark/sql/utils.py", line 276, in call
[2026-04-03T17:16:31.547+0000] {spark_submit.py:491} INFO - raise e
[2026-04-03T17:16:31.547+0000] {spark_submit.py:491} INFO - File "/home/airflow/.local/lib/python3.10/site-packages/pyspark/python/lib/pyspark.zip/pyspark/sql/utils.py", line 273, in call
[2026-04-03T17:16:31.547+0000] {spark_submit.py:491} INFO - self.func(DataFrame(jdf, wrapped_session_jdf), batch_id)
[2026-04-03T17:16:31.547+0000] {spark_submit.py:491} INFO - File "/opt/airflow/etl/silver/silver_processor.py", line 72, in process_micro_batch
[2026-04-03T17:16:31.547+0000] {spark_submit.py:491} INFO - .saveAsTable(silver_table_name)
[2026-04-03T17:16:31.547+0000] {spark_submit.py:491} INFO - File "/home/airflow/.local/lib/python3.10/site-packages/pyspark/python/lib/pyspark.zip/pyspark/sql/readwriter.py", line 1041, in saveAsTable
[2026-04-03T17:16:31.547+0000] {spark_submit.py:491} INFO - self._jwrite.saveAsTable(name)
[2026-04-03T17:16:31.548+0000] {spark_submit.py:491} INFO - File "/home/airflow/.local/lib/python3.10/site-packages/pyspark/python/lib/py4j-0.10.9.5-src.zip/py4j/java_gateway.py", line 1321, in __call__
[2026-04-03T17:16:31.548+0000] {spark_submit.py:491} INFO - return_value = get_return_value(
[2026-04-03T17:16:31.548+0000] {spark_submit.py:491} INFO - File "/home/airflow/.local/lib/python3.10/site-packages/pyspark/python/lib/pyspark.zip/pyspark/sql/utils.py", line 196, in deco
[2026-04-03T17:16:31.548+0000] {spark_submit.py:491} INFO - raise converted from None
[2026-04-03T17:16:31.548+0000] {spark_submit.py:491} INFO - pyspark.sql.utils.AnalysisException: Database 'silver' not found
[2026-04-03T17:16:31.548+0000] {spark_submit.py:491} INFO - 
[2026-04-03T17:16:31.548+0000] {spark_submit.py:491} INFO - INFO:py4j.clientserver:Closing down clientserver connection
[2026-04-03T17:16:31.712+0000] {taskinstance.py:1937} ERROR - Task failed with exception
Traceback (most recent call last):
  File "/home/airflow/.local/lib/python3.10/site-packages/airflow/providers/apache/spark/operators/spark_submit.py", line 156, in execute
    self._hook.submit(self._application)
  File "/home/airflow/.local/lib/python3.10/site-packages/airflow/providers/apache/spark/hooks/spark_submit.py", line 422, in submit
    raise AirflowException(
airflow.exceptions.AirflowException: Cannot execute: spark-submit --master spark://spark-master:7077 --conf spark.sql.extensions=io.delta.sql.DeltaSparkSessionExtension --conf spark.sql.catalog.spark_catalog=org.apache.spark.sql.delta.catalog.DeltaCatalog --conf spark.databricks.delta.schema.autoMerge.enabled=true --conf spark.hadoop.fs.s3a.endpoint=http://minio:9000 --conf spark.hadoop.fs.s3a.access.key=minio --conf spark.hadoop.fs.s3a.secret.key=****** --conf spark.hadoop.fs.s3a.path.style.access=true --conf spark.hadoop.fs.s3a.connection.ssl.enabled=false --conf spark.hadoop.fs.s3a.impl=org.apache.hadoop.fs.s3a.S3AFileSystem --conf spark.sql.parquet.enableVectorizedReader=false --conf spark.sql.legacy.parquet.nanosAsLong=true --conf spark.sql.parquet.int64RebaseModeInRead=LEGACY --conf spark.sql.parquet.datetimeRebaseModeInRead=LEGACY --jars /opt/airflow/etl/jars/hadoop-aws-3.3.2.jar,/opt/airflow/etl/jars/aws-java-sdk-bundle-1.11.1026.jar,/opt/airflow/etl/jars/delta-core_2.12-2.3.0.jar,/opt/airflow/etl/jars/delta-storage-2.3.0.jar --executor-cores 1 --executor-memory 1g --driver-memory 512m --name airflow_silver_customers --verbose /opt/airflow/etl/silver/main_silver.py --table_name customers --merge_key customer_id --is_cdc false --json_schema . Error code is: 1.
[2026-04-03T17:16:31.716+0000] {taskinstance.py:1400} INFO - Marking task as FAILED. dag_id=silver_spark_processor, task_id=process_silver_customers, execution_date=20260402T000000, start_date=20260403T171601, end_date=20260403T171631
[2026-04-03T17:16:31.731+0000] {standard_task_runner.py:104} ERROR - Failed to execute job 645 for task process_silver_customers (Cannot execute: spark-submit --master spark://spark-master:7077 --conf spark.sql.extensions=io.delta.sql.DeltaSparkSessionExtension --conf spark.sql.catalog.spark_catalog=org.apache.spark.sql.delta.catalog.DeltaCatalog --conf spark.databricks.delta.schema.autoMerge.enabled=true --conf spark.hadoop.fs.s3a.endpoint=http://minio:9000 --conf spark.hadoop.fs.s3a.access.key=minio --conf spark.hadoop.fs.s3a.secret.key=****** --conf spark.hadoop.fs.s3a.path.style.access=true --conf spark.hadoop.fs.s3a.connection.ssl.enabled=false --conf spark.hadoop.fs.s3a.impl=org.apache.hadoop.fs.s3a.S3AFileSystem --conf spark.sql.parquet.enableVectorizedReader=false --conf spark.sql.legacy.parquet.nanosAsLong=true --conf spark.sql.parquet.int64RebaseModeInRead=LEGACY --conf spark.sql.parquet.datetimeRebaseModeInRead=LEGACY --jars /opt/airflow/etl/jars/hadoop-aws-3.3.2.jar,/opt/airflow/etl/jars/aws-java-sdk-bundle-1.11.1026.jar,/opt/airflow/etl/jars/delta-core_2.12-2.3.0.jar,/opt/airflow/etl/jars/delta-storage-2.3.0.jar --executor-cores 1 --executor-memory 1g --driver-memory 512m --name airflow_silver_customers --verbose /opt/airflow/etl/silver/main_silver.py --table_name customers --merge_key customer_id --is_cdc false --json_schema . Error code is: 1.; 2955)
[2026-04-03T17:16:31.740+0000] {local_task_job_runner.py:228} INFO - Task exited with return code 1
[2026-04-03T17:16:31.770+0000] {taskinstance.py:2778} INFO - 0 downstream tasks scheduled from follow-on schedule check
