[2026-04-02T11:21:23.777+0000] {taskinstance.py:1159} INFO - Dependencies all met for dep_context=non-requeueable deps ti=<TaskInstance: silver_spark_processor.process_silver_order_payments manual__2026-04-02T10:55:44.325453+00:00 [queued]>
[2026-04-02T11:21:23.833+0000] {taskinstance.py:1159} INFO - Dependencies all met for dep_context=requeueable deps ti=<TaskInstance: silver_spark_processor.process_silver_order_payments manual__2026-04-02T10:55:44.325453+00:00 [queued]>
[2026-04-02T11:21:23.833+0000] {taskinstance.py:1361} INFO - Starting attempt 6 of 6
[2026-04-02T11:21:23.944+0000] {taskinstance.py:1382} INFO - Executing <Task(SparkSubmitOperator): process_silver_order_payments> on 2026-04-02 10:55:44.325453+00:00
[2026-04-02T11:21:23.983+0000] {standard_task_runner.py:57} INFO - Started process 267 to run task
[2026-04-02T11:21:24.001+0000] {standard_task_runner.py:84} INFO - Running: ['airflow', 'tasks', 'run', 'silver_spark_processor', 'process_silver_order_payments', 'manual__2026-04-02T10:55:44.325453+00:00', '--job-id', '349', '--raw', '--subdir', 'DAGS_FOLDER/silver_processor_dag.py', '--cfg-path', '/tmp/tmpjl4tkhk2']
[2026-04-02T11:21:24.010+0000] {standard_task_runner.py:85} INFO - Job 349: Subtask process_silver_order_payments
[2026-04-02T11:21:24.206+0000] {task_command.py:416} INFO - Running <TaskInstance: silver_spark_processor.process_silver_order_payments manual__2026-04-02T10:55:44.325453+00:00 [running]> on host 5926004790ec
[2026-04-02T11:21:24.412+0000] {taskinstance.py:1662} INFO - Exporting env vars: AIRFLOW_CTX_DAG_OWNER='data-team' AIRFLOW_CTX_DAG_ID='silver_spark_processor' AIRFLOW_CTX_TASK_ID='process_silver_order_payments' AIRFLOW_CTX_EXECUTION_DATE='2026-04-02T10:55:44.325453+00:00' AIRFLOW_CTX_TRY_NUMBER='6' AIRFLOW_CTX_DAG_RUN_ID='manual__2026-04-02T10:55:44.325453+00:00'
[2026-04-02T11:21:24.444+0000] {base.py:73} INFO - Using connection ID 'spark_default' for task execution.
[2026-04-02T11:21:24.446+0000] {spark_submit.py:340} INFO - Spark-Submit cmd: spark-submit --master spark://spark-master:7077 --executor-cores 1 --executor-memory 1g --driver-memory 1g --name airflow_silver_order_payments /opt/airflow/etl/silver/main_silver.py --table_name order_payments --merge_key id --is_cdc false --json_schema 
[2026-04-02T11:21:24.826+0000] {spark_submit.py:491} INFO - /home/airflow/.local/lib/python3.10/site-packages/pyspark/bin/load-spark-env.sh: line 68: ps: command not found
[2026-04-02T11:21:55.005+0000] {spark_submit.py:491} INFO - INFO:__main__:Khởi tạo Spark Job cho bảng: order_payments
[2026-04-02T11:21:56.455+0000] {spark_submit.py:491} INFO - 26/04/02 11:21:56 INFO SparkContext: Running Spark version 3.3.2
[2026-04-02T11:21:57.543+0000] {spark_submit.py:491} INFO - 26/04/02 11:21:57 WARN NativeCodeLoader: Unable to load native-hadoop library for your platform... using builtin-java classes where applicable
[2026-04-02T11:22:00.128+0000] {spark_submit.py:491} INFO - 26/04/02 11:22:00 INFO ResourceUtils: ==============================================================
[2026-04-02T11:22:00.153+0000] {spark_submit.py:491} INFO - 26/04/02 11:22:00 INFO ResourceUtils: No custom resources configured for spark.driver.
[2026-04-02T11:22:00.176+0000] {spark_submit.py:491} INFO - 26/04/02 11:22:00 INFO ResourceUtils: ==============================================================
[2026-04-02T11:22:00.180+0000] {spark_submit.py:491} INFO - 26/04/02 11:22:00 INFO SparkContext: Submitted application: <class 'pyspark.sql.session.SparkSession'>
[2026-04-02T11:22:01.023+0000] {spark_submit.py:491} INFO - 26/04/02 11:22:01 INFO ResourceProfile: Default ResourceProfile created, executor resources: Map(cores -> name: cores, amount: 1, script: , vendor: , memory -> name: memory, amount: 1024, script: , vendor: , offHeap -> name: offHeap, amount: 0, script: , vendor: ), task resources: Map(cpus -> name: cpus, amount: 1.0)
[2026-04-02T11:22:01.416+0000] {spark_submit.py:491} INFO - 26/04/02 11:22:01 INFO ResourceProfile: Limiting resource is cpus at 1 tasks per executor
[2026-04-02T11:22:01.474+0000] {spark_submit.py:491} INFO - 26/04/02 11:22:01 INFO ResourceProfileManager: Added ResourceProfile id: 0
[2026-04-02T11:22:02.561+0000] {spark_submit.py:491} INFO - 26/04/02 11:22:02 INFO SecurityManager: Changing view acls to: airflow
[2026-04-02T11:22:02.566+0000] {spark_submit.py:491} INFO - 26/04/02 11:22:02 INFO SecurityManager: Changing modify acls to: airflow
[2026-04-02T11:22:02.573+0000] {spark_submit.py:491} INFO - 26/04/02 11:22:02 INFO SecurityManager: Changing view acls groups to:
[2026-04-02T11:22:02.582+0000] {spark_submit.py:491} INFO - 26/04/02 11:22:02 INFO SecurityManager: Changing modify acls groups to:
[2026-04-02T11:22:02.593+0000] {spark_submit.py:491} INFO - 26/04/02 11:22:02 INFO SecurityManager: SecurityManager: authentication disabled; ui acls disabled; users  with view permissions: Set(airflow); groups with view permissions: Set(); users  with modify permissions: Set(airflow); groups with modify permissions: Set()
[2026-04-02T11:22:08.012+0000] {spark_submit.py:491} INFO - 26/04/02 11:22:08 INFO Utils: Successfully started service 'sparkDriver' on port 43713.
[2026-04-02T11:22:08.238+0000] {spark_submit.py:491} INFO - 26/04/02 11:22:08 INFO SparkEnv: Registering MapOutputTracker
[2026-04-02T11:22:08.615+0000] {spark_submit.py:491} INFO - 26/04/02 11:22:08 INFO SparkEnv: Registering BlockManagerMaster
[2026-04-02T11:22:09.314+0000] {spark_submit.py:491} INFO - 26/04/02 11:22:09 INFO BlockManagerMasterEndpoint: Using org.apache.spark.storage.DefaultTopologyMapper for getting topology information
[2026-04-02T11:22:09.341+0000] {spark_submit.py:491} INFO - 26/04/02 11:22:09 INFO BlockManagerMasterEndpoint: BlockManagerMasterEndpoint up
[2026-04-02T11:22:09.487+0000] {spark_submit.py:491} INFO - 26/04/02 11:22:09 INFO SparkEnv: Registering BlockManagerMasterHeartbeat
[2026-04-02T11:22:09.821+0000] {spark_submit.py:491} INFO - 26/04/02 11:22:09 INFO DiskBlockManager: Created local directory at /tmp/blockmgr-af3bcfed-14ad-42ff-aa12-6dd45a2e265c
[2026-04-02T11:22:10.116+0000] {spark_submit.py:491} INFO - 26/04/02 11:22:10 INFO MemoryStore: MemoryStore started with capacity 434.4 MiB
[2026-04-02T11:22:10.315+0000] {spark_submit.py:491} INFO - 26/04/02 11:22:10 INFO SparkEnv: Registering OutputCommitCoordinator
[2026-04-02T11:22:13.227+0000] {spark_submit.py:491} INFO - 26/04/02 11:22:13 WARN Utils: Service 'SparkUI' could not bind on port 4040. Attempting port 4041.
[2026-04-02T11:22:13.373+0000] {spark_submit.py:491} INFO - 26/04/02 11:22:13 INFO Utils: Successfully started service 'SparkUI' on port 4041.
[2026-04-02T11:22:14.670+0000] {spark_submit.py:491} INFO - 26/04/02 11:22:14 INFO StandaloneAppClient$ClientEndpoint: Connecting to master spark://spark-master:7077...
[2026-04-02T11:22:15.259+0000] {spark_submit.py:491} INFO - 26/04/02 11:22:15 INFO TransportClientFactory: Successfully created connection to spark-master/172.18.0.6:7077 after 408 ms (0 ms spent in bootstraps)
[2026-04-02T11:22:16.368+0000] {spark_submit.py:491} INFO - 26/04/02 11:22:16 INFO StandaloneSchedulerBackend: Connected to Spark cluster with app ID app-20260402112216-0015
[2026-04-02T11:22:16.418+0000] {spark_submit.py:491} INFO - 26/04/02 11:22:16 INFO Utils: Successfully started service 'org.apache.spark.network.netty.NettyBlockTransferService' on port 44391.
[2026-04-02T11:22:16.421+0000] {spark_submit.py:491} INFO - 26/04/02 11:22:16 INFO NettyBlockTransferService: Server created on 5926004790ec:44391
[2026-04-02T11:22:16.439+0000] {spark_submit.py:491} INFO - 26/04/02 11:22:16 INFO BlockManager: Using org.apache.spark.storage.RandomBlockReplicationPolicy for block replication policy
[2026-04-02T11:22:16.496+0000] {spark_submit.py:491} INFO - 26/04/02 11:22:16 INFO BlockManagerMaster: Registering BlockManager BlockManagerId(driver, 5926004790ec, 44391, None)
[2026-04-02T11:22:16.520+0000] {spark_submit.py:491} INFO - 26/04/02 11:22:16 INFO BlockManagerMasterEndpoint: Registering block manager 5926004790ec:44391 with 434.4 MiB RAM, BlockManagerId(driver, 5926004790ec, 44391, None)
[2026-04-02T11:22:16.525+0000] {spark_submit.py:491} INFO - 26/04/02 11:22:16 INFO BlockManagerMaster: Registered BlockManager BlockManagerId(driver, 5926004790ec, 44391, None)
[2026-04-02T11:22:16.532+0000] {spark_submit.py:491} INFO - 26/04/02 11:22:16 INFO BlockManager: Initialized BlockManager: BlockManagerId(driver, 5926004790ec, 44391, None)
[2026-04-02T11:22:17.469+0000] {spark_submit.py:491} INFO - 26/04/02 11:22:17 INFO StandaloneSchedulerBackend: SchedulerBackend is ready for scheduling beginning after reached minRegisteredResourcesRatio: 0.0
[2026-04-02T11:22:23.823+0000] {spark_submit.py:491} INFO - INFO:silver_processor: Bắt đầu xử lý lớp Silver cho bảng: order_payments | Chế độ CDC: False
[2026-04-02T11:22:23.824+0000] {spark_submit.py:491} INFO - INFO:silver_processor: Bắt đầu quét Data Nóng từ Bronze...
[2026-04-02T11:22:24.624+0000] {spark_submit.py:491} INFO - ERROR:__main__:Lỗi khi xử lý lớp Silver bảng order_payments: An error occurred while calling o39.load.
[2026-04-02T11:22:24.624+0000] {spark_submit.py:491} INFO - : java.lang.RuntimeException: java.lang.ClassNotFoundException: Class org.apache.hadoop.fs.s3a.S3AFileSystem not found
[2026-04-02T11:22:24.625+0000] {spark_submit.py:491} INFO - at org.apache.hadoop.conf.Configuration.getClass(Configuration.java:2688)
[2026-04-02T11:22:24.625+0000] {spark_submit.py:491} INFO - at org.apache.hadoop.fs.FileSystem.getFileSystemClass(FileSystem.java:3431)
[2026-04-02T11:22:24.625+0000] {spark_submit.py:491} INFO - at org.apache.hadoop.fs.FileSystem.createFileSystem(FileSystem.java:3466)
[2026-04-02T11:22:24.625+0000] {spark_submit.py:491} INFO - at org.apache.hadoop.fs.FileSystem.access$300(FileSystem.java:174)
[2026-04-02T11:22:24.625+0000] {spark_submit.py:491} INFO - at org.apache.hadoop.fs.FileSystem$Cache.getInternal(FileSystem.java:3574)
[2026-04-02T11:22:24.625+0000] {spark_submit.py:491} INFO - at org.apache.hadoop.fs.FileSystem$Cache.get(FileSystem.java:3521)
[2026-04-02T11:22:24.625+0000] {spark_submit.py:491} INFO - at org.apache.hadoop.fs.FileSystem.get(FileSystem.java:540)
[2026-04-02T11:22:24.625+0000] {spark_submit.py:491} INFO - at org.apache.hadoop.fs.Path.getFileSystem(Path.java:365)
[2026-04-02T11:22:24.625+0000] {spark_submit.py:491} INFO - at org.apache.spark.sql.execution.datasources.DataSource.sourceSchema(DataSource.scala:249)
[2026-04-02T11:22:24.625+0000] {spark_submit.py:491} INFO - at org.apache.spark.sql.execution.datasources.DataSource.sourceInfo$lzycompute(DataSource.scala:118)
[2026-04-02T11:22:24.626+0000] {spark_submit.py:491} INFO - at org.apache.spark.sql.execution.datasources.DataSource.sourceInfo(DataSource.scala:118)
[2026-04-02T11:22:24.626+0000] {spark_submit.py:491} INFO - at org.apache.spark.sql.execution.streaming.StreamingRelation$.apply(StreamingRelation.scala:34)
[2026-04-02T11:22:24.626+0000] {spark_submit.py:491} INFO - at org.apache.spark.sql.streaming.DataStreamReader.loadInternal(DataStreamReader.scala:196)
[2026-04-02T11:22:24.626+0000] {spark_submit.py:491} INFO - at org.apache.spark.sql.streaming.DataStreamReader.load(DataStreamReader.scala:210)
[2026-04-02T11:22:24.626+0000] {spark_submit.py:491} INFO - at java.base/jdk.internal.reflect.NativeMethodAccessorImpl.invoke0(Native Method)
[2026-04-02T11:22:24.626+0000] {spark_submit.py:491} INFO - at java.base/jdk.internal.reflect.NativeMethodAccessorImpl.invoke(NativeMethodAccessorImpl.java:62)
[2026-04-02T11:22:24.626+0000] {spark_submit.py:491} INFO - at java.base/jdk.internal.reflect.DelegatingMethodAccessorImpl.invoke(DelegatingMethodAccessorImpl.java:43)
[2026-04-02T11:22:24.626+0000] {spark_submit.py:491} INFO - at java.base/java.lang.reflect.Method.invoke(Method.java:566)
[2026-04-02T11:22:24.626+0000] {spark_submit.py:491} INFO - at py4j.reflection.MethodInvoker.invoke(MethodInvoker.java:244)
[2026-04-02T11:22:24.626+0000] {spark_submit.py:491} INFO - at py4j.reflection.ReflectionEngine.invoke(ReflectionEngine.java:357)
[2026-04-02T11:22:24.627+0000] {spark_submit.py:491} INFO - at py4j.Gateway.invoke(Gateway.java:282)
[2026-04-02T11:22:24.627+0000] {spark_submit.py:491} INFO - at py4j.commands.AbstractCommand.invokeMethod(AbstractCommand.java:132)
[2026-04-02T11:22:24.627+0000] {spark_submit.py:491} INFO - at py4j.commands.CallCommand.execute(CallCommand.java:79)
[2026-04-02T11:22:24.627+0000] {spark_submit.py:491} INFO - at py4j.ClientServerConnection.waitForCommands(ClientServerConnection.java:182)
[2026-04-02T11:22:24.627+0000] {spark_submit.py:491} INFO - at py4j.ClientServerConnection.run(ClientServerConnection.java:106)
[2026-04-02T11:22:24.627+0000] {spark_submit.py:491} INFO - at java.base/java.lang.Thread.run(Thread.java:829)
[2026-04-02T11:22:24.627+0000] {spark_submit.py:491} INFO - Caused by: java.lang.ClassNotFoundException: Class org.apache.hadoop.fs.s3a.S3AFileSystem not found
[2026-04-02T11:22:24.627+0000] {spark_submit.py:491} INFO - at org.apache.hadoop.conf.Configuration.getClassByName(Configuration.java:2592)
[2026-04-02T11:22:24.627+0000] {spark_submit.py:491} INFO - at org.apache.hadoop.conf.Configuration.getClass(Configuration.java:2686)
[2026-04-02T11:22:24.627+0000] {spark_submit.py:491} INFO - ... 25 more
[2026-04-02T11:22:24.634+0000] {spark_submit.py:491} INFO - 
[2026-04-02T11:22:25.139+0000] {spark_submit.py:491} INFO - Traceback (most recent call last):
[2026-04-02T11:22:25.139+0000] {spark_submit.py:491} INFO - File "/opt/airflow/etl/silver/main_silver.py", line 59, in <module>
[2026-04-02T11:22:25.140+0000] {spark_submit.py:491} INFO - raise e
[2026-04-02T11:22:25.140+0000] {spark_submit.py:491} INFO - File "/opt/airflow/etl/silver/main_silver.py", line 48, in <module>
[2026-04-02T11:22:25.140+0000] {spark_submit.py:491} INFO - process_silver_layer(
[2026-04-02T11:22:25.140+0000] {spark_submit.py:491} INFO - File "/opt/airflow/etl/silver/silver_processor.py", line 78, in process_silver_layer
[2026-04-02T11:22:25.140+0000] {spark_submit.py:491} INFO - .load(bronze_path)
[2026-04-02T11:22:25.140+0000] {spark_submit.py:491} INFO - File "/home/airflow/.local/lib/python3.10/site-packages/pyspark/python/lib/pyspark.zip/pyspark/sql/streaming.py", line 467, in load
[2026-04-02T11:22:25.140+0000] {spark_submit.py:491} INFO - File "/home/airflow/.local/lib/python3.10/site-packages/pyspark/python/lib/py4j-0.10.9.5-src.zip/py4j/java_gateway.py", line 1321, in __call__
[2026-04-02T11:22:25.140+0000] {spark_submit.py:491} INFO - File "/home/airflow/.local/lib/python3.10/site-packages/pyspark/python/lib/pyspark.zip/pyspark/sql/utils.py", line 190, in deco
[2026-04-02T11:22:25.140+0000] {spark_submit.py:491} INFO - File "/home/airflow/.local/lib/python3.10/site-packages/pyspark/python/lib/py4j-0.10.9.5-src.zip/py4j/protocol.py", line 326, in get_return_value
[2026-04-02T11:22:25.140+0000] {spark_submit.py:491} INFO - py4j.protocol.Py4JJavaError: An error occurred while calling o39.load.
[2026-04-02T11:22:25.140+0000] {spark_submit.py:491} INFO - : java.lang.RuntimeException: java.lang.ClassNotFoundException: Class org.apache.hadoop.fs.s3a.S3AFileSystem not found
[2026-04-02T11:22:25.141+0000] {spark_submit.py:491} INFO - at org.apache.hadoop.conf.Configuration.getClass(Configuration.java:2688)
[2026-04-02T11:22:25.141+0000] {spark_submit.py:491} INFO - at org.apache.hadoop.fs.FileSystem.getFileSystemClass(FileSystem.java:3431)
[2026-04-02T11:22:25.141+0000] {spark_submit.py:491} INFO - at org.apache.hadoop.fs.FileSystem.createFileSystem(FileSystem.java:3466)
[2026-04-02T11:22:25.141+0000] {spark_submit.py:491} INFO - at org.apache.hadoop.fs.FileSystem.access$300(FileSystem.java:174)
[2026-04-02T11:22:25.141+0000] {spark_submit.py:491} INFO - at org.apache.hadoop.fs.FileSystem$Cache.getInternal(FileSystem.java:3574)
[2026-04-02T11:22:25.141+0000] {spark_submit.py:491} INFO - at org.apache.hadoop.fs.FileSystem$Cache.get(FileSystem.java:3521)
[2026-04-02T11:22:25.141+0000] {spark_submit.py:491} INFO - at org.apache.hadoop.fs.FileSystem.get(FileSystem.java:540)
[2026-04-02T11:22:25.141+0000] {spark_submit.py:491} INFO - at org.apache.hadoop.fs.Path.getFileSystem(Path.java:365)
[2026-04-02T11:22:25.141+0000] {spark_submit.py:491} INFO - at org.apache.spark.sql.execution.datasources.DataSource.sourceSchema(DataSource.scala:249)
[2026-04-02T11:22:25.141+0000] {spark_submit.py:491} INFO - at org.apache.spark.sql.execution.datasources.DataSource.sourceInfo$lzycompute(DataSource.scala:118)
[2026-04-02T11:22:25.141+0000] {spark_submit.py:491} INFO - at org.apache.spark.sql.execution.datasources.DataSource.sourceInfo(DataSource.scala:118)
[2026-04-02T11:22:25.141+0000] {spark_submit.py:491} INFO - at org.apache.spark.sql.execution.streaming.StreamingRelation$.apply(StreamingRelation.scala:34)
[2026-04-02T11:22:25.141+0000] {spark_submit.py:491} INFO - at org.apache.spark.sql.streaming.DataStreamReader.loadInternal(DataStreamReader.scala:196)
[2026-04-02T11:22:25.142+0000] {spark_submit.py:491} INFO - at org.apache.spark.sql.streaming.DataStreamReader.load(DataStreamReader.scala:210)
[2026-04-02T11:22:25.142+0000] {spark_submit.py:491} INFO - at java.base/jdk.internal.reflect.NativeMethodAccessorImpl.invoke0(Native Method)
[2026-04-02T11:22:25.142+0000] {spark_submit.py:491} INFO - at java.base/jdk.internal.reflect.NativeMethodAccessorImpl.invoke(NativeMethodAccessorImpl.java:62)
[2026-04-02T11:22:25.142+0000] {spark_submit.py:491} INFO - at java.base/jdk.internal.reflect.DelegatingMethodAccessorImpl.invoke(DelegatingMethodAccessorImpl.java:43)
[2026-04-02T11:22:25.142+0000] {spark_submit.py:491} INFO - at java.base/java.lang.reflect.Method.invoke(Method.java:566)
[2026-04-02T11:22:25.142+0000] {spark_submit.py:491} INFO - at py4j.reflection.MethodInvoker.invoke(MethodInvoker.java:244)
[2026-04-02T11:22:25.142+0000] {spark_submit.py:491} INFO - at py4j.reflection.ReflectionEngine.invoke(ReflectionEngine.java:357)
[2026-04-02T11:22:25.142+0000] {spark_submit.py:491} INFO - at py4j.Gateway.invoke(Gateway.java:282)
[2026-04-02T11:22:25.142+0000] {spark_submit.py:491} INFO - at py4j.commands.AbstractCommand.invokeMethod(AbstractCommand.java:132)
[2026-04-02T11:22:25.142+0000] {spark_submit.py:491} INFO - at py4j.commands.CallCommand.execute(CallCommand.java:79)
[2026-04-02T11:22:25.142+0000] {spark_submit.py:491} INFO - at py4j.ClientServerConnection.waitForCommands(ClientServerConnection.java:182)
[2026-04-02T11:22:25.142+0000] {spark_submit.py:491} INFO - at py4j.ClientServerConnection.run(ClientServerConnection.java:106)
[2026-04-02T11:22:25.142+0000] {spark_submit.py:491} INFO - at java.base/java.lang.Thread.run(Thread.java:829)
[2026-04-02T11:22:25.143+0000] {spark_submit.py:491} INFO - Caused by: java.lang.ClassNotFoundException: Class org.apache.hadoop.fs.s3a.S3AFileSystem not found
[2026-04-02T11:22:25.143+0000] {spark_submit.py:491} INFO - at org.apache.hadoop.conf.Configuration.getClassByName(Configuration.java:2592)
[2026-04-02T11:22:25.143+0000] {spark_submit.py:491} INFO - at org.apache.hadoop.conf.Configuration.getClass(Configuration.java:2686)
[2026-04-02T11:22:25.143+0000] {spark_submit.py:491} INFO - ... 25 more
[2026-04-02T11:22:25.143+0000] {spark_submit.py:491} INFO - 
[2026-04-02T11:22:25.143+0000] {spark_submit.py:491} INFO - INFO:py4j.clientserver:Closing down clientserver connection
[2026-04-02T11:22:25.351+0000] {taskinstance.py:1937} ERROR - Task failed with exception
Traceback (most recent call last):
  File "/home/airflow/.local/lib/python3.10/site-packages/airflow/providers/apache/spark/operators/spark_submit.py", line 156, in execute
    self._hook.submit(self._application)
  File "/home/airflow/.local/lib/python3.10/site-packages/airflow/providers/apache/spark/hooks/spark_submit.py", line 422, in submit
    raise AirflowException(
airflow.exceptions.AirflowException: Cannot execute: spark-submit --master spark://spark-master:7077 --executor-cores 1 --executor-memory 1g --driver-memory 1g --name airflow_silver_order_payments /opt/airflow/etl/silver/main_silver.py --table_name order_payments --merge_key id --is_cdc false --json_schema . Error code is: 1.
[2026-04-02T11:22:25.364+0000] {taskinstance.py:1400} INFO - Marking task as FAILED. dag_id=silver_spark_processor, task_id=process_silver_order_payments, execution_date=20260402T105544, start_date=20260402T112123, end_date=20260402T112225
[2026-04-02T11:22:25.398+0000] {standard_task_runner.py:104} ERROR - Failed to execute job 349 for task process_silver_order_payments (Cannot execute: spark-submit --master spark://spark-master:7077 --executor-cores 1 --executor-memory 1g --driver-memory 1g --name airflow_silver_order_payments /opt/airflow/etl/silver/main_silver.py --table_name order_payments --merge_key id --is_cdc false --json_schema . Error code is: 1.; 267)
[2026-04-02T11:22:25.443+0000] {local_task_job_runner.py:228} INFO - Task exited with return code 1
[2026-04-02T11:22:25.530+0000] {taskinstance.py:2778} INFO - 0 downstream tasks scheduled from follow-on schedule check
