[2026-04-03T11:08:02.565+0000] {taskinstance.py:1159} INFO - Dependencies all met for dep_context=non-requeueable deps ti=<TaskInstance: silver_spark_processor.process_silver_geolocation scheduled__2026-04-02T00:00:00+00:00 [queued]>
[2026-04-03T11:08:02.592+0000] {taskinstance.py:1159} INFO - Dependencies all met for dep_context=requeueable deps ti=<TaskInstance: silver_spark_processor.process_silver_geolocation scheduled__2026-04-02T00:00:00+00:00 [queued]>
[2026-04-03T11:08:02.592+0000] {taskinstance.py:1361} INFO - Starting attempt 2 of 2
[2026-04-03T11:08:02.628+0000] {taskinstance.py:1382} INFO - Executing <Task(SparkSubmitOperator): process_silver_geolocation> on 2026-04-02 00:00:00+00:00
[2026-04-03T11:08:02.645+0000] {standard_task_runner.py:57} INFO - Started process 1237 to run task
[2026-04-03T11:08:02.658+0000] {standard_task_runner.py:84} INFO - Running: ['airflow', 'tasks', 'run', 'silver_spark_processor', 'process_silver_geolocation', 'scheduled__2026-04-02T00:00:00+00:00', '--job-id', '374', '--raw', '--subdir', 'DAGS_FOLDER/silver_processor_dag.py', '--cfg-path', '/tmp/tmpld6oyi4a']
[2026-04-03T11:08:02.662+0000] {standard_task_runner.py:85} INFO - Job 374: Subtask process_silver_geolocation
[2026-04-03T11:08:02.777+0000] {task_command.py:416} INFO - Running <TaskInstance: silver_spark_processor.process_silver_geolocation scheduled__2026-04-02T00:00:00+00:00 [running]> on host ad303354f1ab
[2026-04-03T11:08:03.011+0000] {taskinstance.py:1662} INFO - Exporting env vars: AIRFLOW_CTX_DAG_OWNER='data-team' AIRFLOW_CTX_DAG_ID='silver_spark_processor' AIRFLOW_CTX_TASK_ID='process_silver_geolocation' AIRFLOW_CTX_EXECUTION_DATE='2026-04-02T00:00:00+00:00' AIRFLOW_CTX_TRY_NUMBER='2' AIRFLOW_CTX_DAG_RUN_ID='scheduled__2026-04-02T00:00:00+00:00'
[2026-04-03T11:08:03.041+0000] {base.py:73} INFO - Using connection ID 'spark_default' for task execution.
[2026-04-03T11:08:03.046+0000] {spark_submit.py:340} INFO - Spark-Submit cmd: spark-submit --master spark://spark-master:7077 --conf spark.sql.extensions=io.delta.sql.DeltaSparkSessionExtension --conf spark.sql.catalog.spark_catalog=org.apache.spark.sql.delta.catalog.DeltaCatalog --conf spark.databricks.delta.schema.autoMerge.enabled=true --packages org.apache.hadoop:hadoop-aws:3.3.2,com.amazonaws:aws-java-sdk-bundle:1.11.1026,io.delta:delta-core_2.12:2.3.0 --executor-cores 1 --executor-memory 1g --driver-memory 1g --name airflow_silver_geolocation /opt/airflow/etl/silver/main_silver.py --table_name geolocation --merge_key geolocation_zip_code_prefix --is_cdc false --json_schema 
[2026-04-03T11:08:03.376+0000] {spark_submit.py:491} INFO - /home/airflow/.local/lib/python3.10/site-packages/pyspark/bin/load-spark-env.sh: line 68: ps: command not found
[2026-04-03T11:08:10.130+0000] {spark_submit.py:491} INFO - :: loading settings :: url = jar:file:/home/airflow/.local/lib/python3.10/site-packages/pyspark/jars/ivy-2.5.1.jar!/org/apache/ivy/core/settings/ivysettings.xml
[2026-04-03T11:08:10.488+0000] {spark_submit.py:491} INFO - Ivy Default Cache set to: /home/airflow/.ivy2/cache
[2026-04-03T11:08:10.489+0000] {spark_submit.py:491} INFO - The jars for the packages stored in: /home/airflow/.ivy2/jars
[2026-04-03T11:08:10.510+0000] {spark_submit.py:491} INFO - org.apache.hadoop#hadoop-aws added as a dependency
[2026-04-03T11:08:10.510+0000] {spark_submit.py:491} INFO - com.amazonaws#aws-java-sdk-bundle added as a dependency
[2026-04-03T11:08:10.510+0000] {spark_submit.py:491} INFO - io.delta#delta-core_2.12 added as a dependency
[2026-04-03T11:08:10.517+0000] {spark_submit.py:491} INFO - :: resolving dependencies :: org.apache.spark#spark-submit-parent-980cdd9d-3e67-4d40-a518-f04a6289a1a8;1.0
[2026-04-03T11:08:10.518+0000] {spark_submit.py:491} INFO - confs: [default]
[2026-04-03T11:08:10.954+0000] {spark_submit.py:491} INFO - found org.apache.hadoop#hadoop-aws;3.3.2 in central
[2026-04-03T11:08:11.033+0000] {spark_submit.py:491} INFO - found com.amazonaws#aws-java-sdk-bundle;1.11.1026 in central
[2026-04-03T11:08:11.098+0000] {spark_submit.py:491} INFO - found org.wildfly.openssl#wildfly-openssl;1.0.7.Final in central
[2026-04-03T11:08:11.172+0000] {spark_submit.py:491} INFO - found io.delta#delta-core_2.12;2.3.0 in central
[2026-04-03T11:08:11.299+0000] {spark_submit.py:491} INFO - found io.delta#delta-storage;2.3.0 in central
[2026-04-03T11:08:11.335+0000] {spark_submit.py:491} INFO - found org.antlr#antlr4-runtime;4.8 in central
[2026-04-03T11:08:11.438+0000] {spark_submit.py:491} INFO - :: resolution report :: resolve 857ms :: artifacts dl 65ms
[2026-04-03T11:08:11.440+0000] {spark_submit.py:491} INFO - :: modules in use:
[2026-04-03T11:08:11.441+0000] {spark_submit.py:491} INFO - com.amazonaws#aws-java-sdk-bundle;1.11.1026 from central in [default]
[2026-04-03T11:08:11.445+0000] {spark_submit.py:491} INFO - io.delta#delta-core_2.12;2.3.0 from central in [default]
[2026-04-03T11:08:11.445+0000] {spark_submit.py:491} INFO - io.delta#delta-storage;2.3.0 from central in [default]
[2026-04-03T11:08:11.445+0000] {spark_submit.py:491} INFO - org.antlr#antlr4-runtime;4.8 from central in [default]
[2026-04-03T11:08:11.445+0000] {spark_submit.py:491} INFO - org.apache.hadoop#hadoop-aws;3.3.2 from central in [default]
[2026-04-03T11:08:11.445+0000] {spark_submit.py:491} INFO - org.wildfly.openssl#wildfly-openssl;1.0.7.Final from central in [default]
[2026-04-03T11:08:11.446+0000] {spark_submit.py:491} INFO - ---------------------------------------------------------------------
[2026-04-03T11:08:11.446+0000] {spark_submit.py:491} INFO - |                  |            modules            ||   artifacts   |
[2026-04-03T11:08:11.446+0000] {spark_submit.py:491} INFO - |       conf       | number| search|dwnlded|evicted|| number|dwnlded|
[2026-04-03T11:08:11.446+0000] {spark_submit.py:491} INFO - ---------------------------------------------------------------------
[2026-04-03T11:08:11.446+0000] {spark_submit.py:491} INFO - |      default     |   6   |   0   |   0   |   0   ||   6   |   0   |
[2026-04-03T11:08:11.446+0000] {spark_submit.py:491} INFO - ---------------------------------------------------------------------
[2026-04-03T11:08:11.456+0000] {spark_submit.py:491} INFO - :: retrieving :: org.apache.spark#spark-submit-parent-980cdd9d-3e67-4d40-a518-f04a6289a1a8
[2026-04-03T11:08:11.457+0000] {spark_submit.py:491} INFO - confs: [default]
[2026-04-03T11:08:11.475+0000] {spark_submit.py:491} INFO - 0 artifacts copied, 6 already retrieved (0kB/19ms)
[2026-04-03T11:08:12.767+0000] {spark_submit.py:491} INFO - 26/04/03 11:08:12 WARN NativeCodeLoader: Unable to load native-hadoop library for your platform... using builtin-java classes where applicable
[2026-04-03T11:08:19.572+0000] {spark_submit.py:491} INFO - INFO:__main__:Khởi tạo Spark Job cho bảng: geolocation
[2026-04-03T11:08:20.650+0000] {spark_submit.py:491} INFO - 26/04/03 11:08:20 INFO SparkContext: Running Spark version 3.3.2
[2026-04-03T11:08:20.795+0000] {spark_submit.py:491} INFO - 26/04/03 11:08:20 INFO ResourceUtils: ==============================================================
[2026-04-03T11:08:20.800+0000] {spark_submit.py:491} INFO - 26/04/03 11:08:20 INFO ResourceUtils: No custom resources configured for spark.driver.
[2026-04-03T11:08:20.801+0000] {spark_submit.py:491} INFO - 26/04/03 11:08:20 INFO ResourceUtils: ==============================================================
[2026-04-03T11:08:20.853+0000] {spark_submit.py:491} INFO - 26/04/03 11:08:20 INFO SparkContext: Submitted application: <class 'pyspark.sql.session.SparkSession'>
[2026-04-03T11:08:21.101+0000] {spark_submit.py:491} INFO - 26/04/03 11:08:21 INFO ResourceProfile: Default ResourceProfile created, executor resources: Map(cores -> name: cores, amount: 1, script: , vendor: , memory -> name: memory, amount: 1024, script: , vendor: , offHeap -> name: offHeap, amount: 0, script: , vendor: ), task resources: Map(cpus -> name: cpus, amount: 1.0)
[2026-04-03T11:08:21.160+0000] {spark_submit.py:491} INFO - 26/04/03 11:08:21 INFO ResourceProfile: Limiting resource is cpus at 1 tasks per executor
[2026-04-03T11:08:21.166+0000] {spark_submit.py:491} INFO - 26/04/03 11:08:21 INFO ResourceProfileManager: Added ResourceProfile id: 0
[2026-04-03T11:08:21.899+0000] {spark_submit.py:491} INFO - 26/04/03 11:08:21 INFO SecurityManager: Changing view acls to: airflow
[2026-04-03T11:08:21.900+0000] {spark_submit.py:491} INFO - 26/04/03 11:08:21 INFO SecurityManager: Changing modify acls to: airflow
[2026-04-03T11:08:21.901+0000] {spark_submit.py:491} INFO - 26/04/03 11:08:21 INFO SecurityManager: Changing view acls groups to:
[2026-04-03T11:08:21.902+0000] {spark_submit.py:491} INFO - 26/04/03 11:08:21 INFO SecurityManager: Changing modify acls groups to:
[2026-04-03T11:08:21.908+0000] {spark_submit.py:491} INFO - 26/04/03 11:08:21 INFO SecurityManager: SecurityManager: authentication disabled; ui acls disabled; users  with view permissions: Set(airflow); groups with view permissions: Set(); users  with modify permissions: Set(airflow); groups with modify permissions: Set()
[2026-04-03T11:08:27.181+0000] {spark_submit.py:491} INFO - 26/04/03 11:08:27 INFO Utils: Successfully started service 'sparkDriver' on port 38835.
[2026-04-03T11:08:29.092+0000] {spark_submit.py:491} INFO - 26/04/03 11:08:29 INFO SparkEnv: Registering MapOutputTracker
[2026-04-03T11:08:29.803+0000] {spark_submit.py:491} INFO - 26/04/03 11:08:29 INFO SparkEnv: Registering BlockManagerMaster
[2026-04-03T11:08:30.211+0000] {spark_submit.py:491} INFO - 26/04/03 11:08:30 INFO BlockManagerMasterEndpoint: Using org.apache.spark.storage.DefaultTopologyMapper for getting topology information
[2026-04-03T11:08:30.257+0000] {spark_submit.py:491} INFO - 26/04/03 11:08:30 INFO BlockManagerMasterEndpoint: BlockManagerMasterEndpoint up
[2026-04-03T11:08:30.428+0000] {spark_submit.py:491} INFO - 26/04/03 11:08:30 INFO SparkEnv: Registering BlockManagerMasterHeartbeat
[2026-04-03T11:08:30.821+0000] {spark_submit.py:491} INFO - 26/04/03 11:08:30 INFO DiskBlockManager: Created local directory at /tmp/blockmgr-04f7a3be-6a78-46e8-a1b0-e91237ee88b3
[2026-04-03T11:08:30.980+0000] {spark_submit.py:491} INFO - 26/04/03 11:08:30 INFO MemoryStore: MemoryStore started with capacity 434.4 MiB
[2026-04-03T11:08:31.102+0000] {spark_submit.py:491} INFO - 26/04/03 11:08:31 INFO SparkEnv: Registering OutputCommitCoordinator
