[2026-04-03T11:02:19.509+0000] {taskinstance.py:1159} INFO - Dependencies all met for dep_context=non-requeueable deps ti=<TaskInstance: silver_spark_processor.process_silver_geolocation scheduled__2026-04-02T00:00:00+00:00 [queued]>
[2026-04-03T11:02:19.575+0000] {taskinstance.py:1159} INFO - Dependencies all met for dep_context=requeueable deps ti=<TaskInstance: silver_spark_processor.process_silver_geolocation scheduled__2026-04-02T00:00:00+00:00 [queued]>
[2026-04-03T11:02:19.575+0000] {taskinstance.py:1361} INFO - Starting attempt 1 of 2
[2026-04-03T11:02:19.795+0000] {taskinstance.py:1382} INFO - Executing <Task(SparkSubmitOperator): process_silver_geolocation> on 2026-04-02 00:00:00+00:00
[2026-04-03T11:02:19.902+0000] {standard_task_runner.py:57} INFO - Started process 201 to run task
[2026-04-03T11:02:19.943+0000] {standard_task_runner.py:84} INFO - Running: ['airflow', 'tasks', 'run', 'silver_spark_processor', 'process_silver_geolocation', 'scheduled__2026-04-02T00:00:00+00:00', '--job-id', '358', '--raw', '--subdir', 'DAGS_FOLDER/silver_processor_dag.py', '--cfg-path', '/tmp/tmpsxvi2c5l']
[2026-04-03T11:02:19.974+0000] {standard_task_runner.py:85} INFO - Job 358: Subtask process_silver_geolocation
[2026-04-03T11:02:20.822+0000] {task_command.py:416} INFO - Running <TaskInstance: silver_spark_processor.process_silver_geolocation scheduled__2026-04-02T00:00:00+00:00 [running]> on host ad303354f1ab
[2026-04-03T11:02:21.540+0000] {taskinstance.py:1662} INFO - Exporting env vars: AIRFLOW_CTX_DAG_OWNER='data-team' AIRFLOW_CTX_DAG_ID='silver_spark_processor' AIRFLOW_CTX_TASK_ID='process_silver_geolocation' AIRFLOW_CTX_EXECUTION_DATE='2026-04-02T00:00:00+00:00' AIRFLOW_CTX_TRY_NUMBER='1' AIRFLOW_CTX_DAG_RUN_ID='scheduled__2026-04-02T00:00:00+00:00'
[2026-04-03T11:02:21.581+0000] {base.py:73} INFO - Using connection ID 'spark_default' for task execution.
[2026-04-03T11:02:21.596+0000] {spark_submit.py:340} INFO - Spark-Submit cmd: spark-submit --master spark://spark-master:7077 --conf spark.sql.extensions=io.delta.sql.DeltaSparkSessionExtension --conf spark.sql.catalog.spark_catalog=org.apache.spark.sql.delta.catalog.DeltaCatalog --conf spark.databricks.delta.schema.autoMerge.enabled=true --packages org.apache.hadoop:hadoop-aws:3.3.2,com.amazonaws:aws-java-sdk-bundle:1.11.1026,io.delta:delta-core_2.12:2.3.0 --executor-cores 1 --executor-memory 1g --driver-memory 1g --name airflow_silver_geolocation /opt/airflow/etl/silver/main_silver.py --table_name geolocation --merge_key geolocation_zip_code_prefix --is_cdc false --json_schema 
[2026-04-03T11:02:22.752+0000] {spark_submit.py:491} INFO - /home/airflow/.local/lib/python3.10/site-packages/pyspark/bin/load-spark-env.sh: line 68: ps: command not found
[2026-04-03T11:02:37.714+0000] {spark_submit.py:491} INFO - :: loading settings :: url = jar:file:/home/airflow/.local/lib/python3.10/site-packages/pyspark/jars/ivy-2.5.1.jar!/org/apache/ivy/core/settings/ivysettings.xml
[2026-04-03T11:02:38.239+0000] {spark_submit.py:491} INFO - Ivy Default Cache set to: /home/airflow/.ivy2/cache
[2026-04-03T11:02:38.243+0000] {spark_submit.py:491} INFO - The jars for the packages stored in: /home/airflow/.ivy2/jars
[2026-04-03T11:02:38.264+0000] {spark_submit.py:491} INFO - org.apache.hadoop#hadoop-aws added as a dependency
[2026-04-03T11:02:38.265+0000] {spark_submit.py:491} INFO - com.amazonaws#aws-java-sdk-bundle added as a dependency
[2026-04-03T11:02:38.265+0000] {spark_submit.py:491} INFO - io.delta#delta-core_2.12 added as a dependency
[2026-04-03T11:02:38.268+0000] {spark_submit.py:491} INFO - :: resolving dependencies :: org.apache.spark#spark-submit-parent-0a0a1380-ae7b-486f-9ded-6f34e87a65ee;1.0
[2026-04-03T11:02:38.269+0000] {spark_submit.py:491} INFO - confs: [default]
[2026-04-03T11:02:39.756+0000] {spark_submit.py:491} INFO - [Fatal Error] ivy-3.3.2.xml.original:444:16: XML document structures must start and end within the same entity.
[2026-04-03T11:02:42.154+0000] {spark_submit.py:491} INFO - found com.amazonaws#aws-java-sdk-bundle;1.11.1026 in central
[2026-04-03T11:02:43.570+0000] {spark_submit.py:491} INFO - downloading https://repo1.maven.org/maven2/com/amazonaws/aws-java-sdk-bundle/1.11.1026/aws-java-sdk-bundle-1.11.1026.jar ...
[2026-04-03T11:03:01.398+0000] {spark_submit.py:491} INFO - [SUCCESSFUL ] com.amazonaws#aws-java-sdk-bundle;1.11.1026!aws-java-sdk-bundle.jar (17973ms)
[2026-04-03T11:03:01.399+0000] {spark_submit.py:491} INFO - :: resolution report :: resolve 5157ms :: artifacts dl 17977ms
[2026-04-03T11:03:01.399+0000] {spark_submit.py:491} INFO - :: modules in use:
[2026-04-03T11:03:01.399+0000] {spark_submit.py:491} INFO - com.amazonaws#aws-java-sdk-bundle;1.11.1026 from central in [default]
[2026-04-03T11:03:01.399+0000] {spark_submit.py:491} INFO - ---------------------------------------------------------------------
[2026-04-03T11:03:01.399+0000] {spark_submit.py:491} INFO - |                  |            modules            ||   artifacts   |
[2026-04-03T11:03:01.400+0000] {spark_submit.py:491} INFO - |       conf       | number| search|dwnlded|evicted|| number|dwnlded|
[2026-04-03T11:03:01.400+0000] {spark_submit.py:491} INFO - ---------------------------------------------------------------------
[2026-04-03T11:03:01.400+0000] {spark_submit.py:491} INFO - |      default     |   3   |   1   |   1   |   0   ||   1   |   1   |
[2026-04-03T11:03:01.400+0000] {spark_submit.py:491} INFO - ---------------------------------------------------------------------
[2026-04-03T11:03:01.402+0000] {spark_submit.py:491} INFO - 
[2026-04-03T11:03:01.402+0000] {spark_submit.py:491} INFO - :: problems summary ::
[2026-04-03T11:03:01.402+0000] {spark_submit.py:491} INFO - :::: WARNINGS
[2026-04-03T11:03:01.402+0000] {spark_submit.py:491} INFO - problem while downloading module descriptor: https://repo1.maven.org/maven2/io/delta/delta-core_2.12/2.3.0/delta-core_2.12-2.3.0.pom: impossible to move part file to definitive one: /home/airflow/.ivy2/cache/io.delta/delta-core_2.12/ivy-2.3.0.xml.original.part -> /home/airflow/.ivy2/cache/io.delta/delta-core_2.12/ivy-2.3.0.xml.original (52ms)
[2026-04-03T11:03:01.403+0000] {spark_submit.py:491} INFO - 
[2026-04-03T11:03:01.403+0000] {spark_submit.py:491} INFO - module not found: io.delta#delta-core_2.12;2.3.0
[2026-04-03T11:03:01.403+0000] {spark_submit.py:491} INFO - 
[2026-04-03T11:03:01.403+0000] {spark_submit.py:491} INFO - ==== local-m2-cache: tried
[2026-04-03T11:03:01.403+0000] {spark_submit.py:491} INFO - 
[2026-04-03T11:03:01.403+0000] {spark_submit.py:491} INFO - file:/home/airflow/.m2/repository/io/delta/delta-core_2.12/2.3.0/delta-core_2.12-2.3.0.pom
[2026-04-03T11:03:01.403+0000] {spark_submit.py:491} INFO - 
[2026-04-03T11:03:01.403+0000] {spark_submit.py:491} INFO - -- artifact io.delta#delta-core_2.12;2.3.0!delta-core_2.12.jar:
[2026-04-03T11:03:01.403+0000] {spark_submit.py:491} INFO - 
[2026-04-03T11:03:01.403+0000] {spark_submit.py:491} INFO - file:/home/airflow/.m2/repository/io/delta/delta-core_2.12/2.3.0/delta-core_2.12-2.3.0.jar
[2026-04-03T11:03:01.403+0000] {spark_submit.py:491} INFO - 
[2026-04-03T11:03:01.403+0000] {spark_submit.py:491} INFO - ==== local-ivy-cache: tried
[2026-04-03T11:03:01.404+0000] {spark_submit.py:491} INFO - 
[2026-04-03T11:03:01.404+0000] {spark_submit.py:491} INFO - /home/airflow/.ivy2/local/io.delta/delta-core_2.12/2.3.0/ivys/ivy.xml
[2026-04-03T11:03:01.404+0000] {spark_submit.py:491} INFO - 
[2026-04-03T11:03:01.404+0000] {spark_submit.py:491} INFO - -- artifact io.delta#delta-core_2.12;2.3.0!delta-core_2.12.jar:
[2026-04-03T11:03:01.404+0000] {spark_submit.py:491} INFO - 
[2026-04-03T11:03:01.404+0000] {spark_submit.py:491} INFO - /home/airflow/.ivy2/local/io.delta/delta-core_2.12/2.3.0/jars/delta-core_2.12.jar
[2026-04-03T11:03:01.404+0000] {spark_submit.py:491} INFO - 
[2026-04-03T11:03:01.404+0000] {spark_submit.py:491} INFO - ==== central: tried
[2026-04-03T11:03:01.404+0000] {spark_submit.py:491} INFO - 
[2026-04-03T11:03:01.405+0000] {spark_submit.py:491} INFO - https://repo1.maven.org/maven2/io/delta/delta-core_2.12/2.3.0/delta-core_2.12-2.3.0.pom
[2026-04-03T11:03:01.405+0000] {spark_submit.py:491} INFO - 
[2026-04-03T11:03:01.405+0000] {spark_submit.py:491} INFO - ==== spark-packages: tried
[2026-04-03T11:03:01.405+0000] {spark_submit.py:491} INFO - 
[2026-04-03T11:03:01.405+0000] {spark_submit.py:491} INFO - https://repos.spark-packages.org/io/delta/delta-core_2.12/2.3.0/delta-core_2.12-2.3.0.pom
[2026-04-03T11:03:01.405+0000] {spark_submit.py:491} INFO - 
[2026-04-03T11:03:01.405+0000] {spark_submit.py:491} INFO - -- artifact io.delta#delta-core_2.12;2.3.0!delta-core_2.12.jar:
[2026-04-03T11:03:01.405+0000] {spark_submit.py:491} INFO - 
[2026-04-03T11:03:01.405+0000] {spark_submit.py:491} INFO - https://repos.spark-packages.org/io/delta/delta-core_2.12/2.3.0/delta-core_2.12-2.3.0.jar
[2026-04-03T11:03:01.405+0000] {spark_submit.py:491} INFO - 
[2026-04-03T11:03:01.405+0000] {spark_submit.py:491} INFO - ::::::::::::::::::::::::::::::::::::::::::::::
[2026-04-03T11:03:01.406+0000] {spark_submit.py:491} INFO - 
[2026-04-03T11:03:01.406+0000] {spark_submit.py:491} INFO - ::          UNRESOLVED DEPENDENCIES         ::
[2026-04-03T11:03:01.406+0000] {spark_submit.py:491} INFO - 
[2026-04-03T11:03:01.406+0000] {spark_submit.py:491} INFO - ::::::::::::::::::::::::::::::::::::::::::::::
[2026-04-03T11:03:01.406+0000] {spark_submit.py:491} INFO - 
[2026-04-03T11:03:01.406+0000] {spark_submit.py:491} INFO - :: org.apache.hadoop#hadoop-aws;3.3.2: java.text.ParseException: XML document structures must start and end within the same entity.
[2026-04-03T11:03:01.406+0000] {spark_submit.py:491} INFO - 
[2026-04-03T11:03:01.406+0000] {spark_submit.py:491} INFO - :: io.delta#delta-core_2.12;2.3.0: not found
[2026-04-03T11:03:01.406+0000] {spark_submit.py:491} INFO - 
[2026-04-03T11:03:01.406+0000] {spark_submit.py:491} INFO - ::::::::::::::::::::::::::::::::::::::::::::::
[2026-04-03T11:03:01.406+0000] {spark_submit.py:491} INFO - 
[2026-04-03T11:03:01.406+0000] {spark_submit.py:491} INFO - 
[2026-04-03T11:03:01.406+0000] {spark_submit.py:491} INFO - :::: ERRORS
[2026-04-03T11:03:01.406+0000] {spark_submit.py:491} INFO - XML document structures must start and end within the same entity.
[2026-04-03T11:03:01.406+0000] {spark_submit.py:491} INFO - 
[2026-04-03T11:03:01.407+0000] {spark_submit.py:491} INFO - 
[2026-04-03T11:03:01.407+0000] {spark_submit.py:491} INFO - :: USE VERBOSE OR DEBUG MESSAGE LEVEL FOR MORE DETAILS
[2026-04-03T11:03:01.407+0000] {spark_submit.py:491} INFO - Exception in thread "main" java.lang.RuntimeException: [unresolved dependency: org.apache.hadoop#hadoop-aws;3.3.2: java.text.ParseException: XML document structures must start and end within the same entity., unresolved dependency: io.delta#delta-core_2.12;2.3.0: not found]
[2026-04-03T11:03:01.407+0000] {spark_submit.py:491} INFO - at org.apache.spark.deploy.SparkSubmitUtils$.resolveMavenCoordinates(SparkSubmit.scala:1456)
[2026-04-03T11:03:01.407+0000] {spark_submit.py:491} INFO - at org.apache.spark.util.DependencyUtils$.resolveMavenDependencies(DependencyUtils.scala:185)
[2026-04-03T11:03:01.407+0000] {spark_submit.py:491} INFO - at org.apache.spark.deploy.SparkSubmit.prepareSubmitEnvironment(SparkSubmit.scala:308)
[2026-04-03T11:03:01.407+0000] {spark_submit.py:491} INFO - at org.apache.spark.deploy.SparkSubmit.org$apache$spark$deploy$SparkSubmit$$runMain(SparkSubmit.scala:901)
[2026-04-03T11:03:01.407+0000] {spark_submit.py:491} INFO - at org.apache.spark.deploy.SparkSubmit.doRunMain$1(SparkSubmit.scala:180)
[2026-04-03T11:03:01.407+0000] {spark_submit.py:491} INFO - at org.apache.spark.deploy.SparkSubmit.submit(SparkSubmit.scala:203)
[2026-04-03T11:03:01.407+0000] {spark_submit.py:491} INFO - at org.apache.spark.deploy.SparkSubmit.doSubmit(SparkSubmit.scala:90)
[2026-04-03T11:03:01.407+0000] {spark_submit.py:491} INFO - at org.apache.spark.deploy.SparkSubmit$$anon$2.doSubmit(SparkSubmit.scala:1046)
[2026-04-03T11:03:01.407+0000] {spark_submit.py:491} INFO - at org.apache.spark.deploy.SparkSubmit$.main(SparkSubmit.scala:1055)
[2026-04-03T11:03:01.407+0000] {spark_submit.py:491} INFO - at org.apache.spark.deploy.SparkSubmit.main(SparkSubmit.scala)
[2026-04-03T11:03:01.461+0000] {taskinstance.py:1937} ERROR - Task failed with exception
Traceback (most recent call last):
  File "/home/airflow/.local/lib/python3.10/site-packages/airflow/providers/apache/spark/operators/spark_submit.py", line 156, in execute
    self._hook.submit(self._application)
  File "/home/airflow/.local/lib/python3.10/site-packages/airflow/providers/apache/spark/hooks/spark_submit.py", line 422, in submit
    raise AirflowException(
airflow.exceptions.AirflowException: Cannot execute: spark-submit --master spark://spark-master:7077 --conf spark.sql.extensions=io.delta.sql.DeltaSparkSessionExtension --conf spark.sql.catalog.spark_catalog=org.apache.spark.sql.delta.catalog.DeltaCatalog --conf spark.databricks.delta.schema.autoMerge.enabled=true --packages org.apache.hadoop:hadoop-aws:3.3.2,com.amazonaws:aws-java-sdk-bundle:1.11.1026,io.delta:delta-core_2.12:2.3.0 --executor-cores 1 --executor-memory 1g --driver-memory 1g --name airflow_silver_geolocation /opt/airflow/etl/silver/main_silver.py --table_name geolocation --merge_key geolocation_zip_code_prefix --is_cdc false --json_schema . Error code is: 1.
[2026-04-03T11:03:01.466+0000] {taskinstance.py:1400} INFO - Marking task as UP_FOR_RETRY. dag_id=silver_spark_processor, task_id=process_silver_geolocation, execution_date=20260402T000000, start_date=20260403T110219, end_date=20260403T110301
[2026-04-03T11:03:01.482+0000] {standard_task_runner.py:104} ERROR - Failed to execute job 358 for task process_silver_geolocation (Cannot execute: spark-submit --master spark://spark-master:7077 --conf spark.sql.extensions=io.delta.sql.DeltaSparkSessionExtension --conf spark.sql.catalog.spark_catalog=org.apache.spark.sql.delta.catalog.DeltaCatalog --conf spark.databricks.delta.schema.autoMerge.enabled=true --packages org.apache.hadoop:hadoop-aws:3.3.2,com.amazonaws:aws-java-sdk-bundle:1.11.1026,io.delta:delta-core_2.12:2.3.0 --executor-cores 1 --executor-memory 1g --driver-memory 1g --name airflow_silver_geolocation /opt/airflow/etl/silver/main_silver.py --table_name geolocation --merge_key geolocation_zip_code_prefix --is_cdc false --json_schema . Error code is: 1.; 201)
[2026-04-03T11:03:01.501+0000] {local_task_job_runner.py:228} INFO - Task exited with return code 1
[2026-04-03T11:03:01.528+0000] {taskinstance.py:2778} INFO - 0 downstream tasks scheduled from follow-on schedule check
