[2026-04-03T13:47:32.628+0000] {taskinstance.py:1159} INFO - Dependencies all met for dep_context=non-requeueable deps ti=<TaskInstance: silver_spark_processor.process_silver_geolocation scheduled__2026-04-02T00:00:00+00:00 [queued]>
[2026-04-03T13:47:32.642+0000] {taskinstance.py:1159} INFO - Dependencies all met for dep_context=requeueable deps ti=<TaskInstance: silver_spark_processor.process_silver_geolocation scheduled__2026-04-02T00:00:00+00:00 [queued]>
[2026-04-03T13:47:32.642+0000] {taskinstance.py:1361} INFO - Starting attempt 7 of 5
[2026-04-03T13:47:32.717+0000] {taskinstance.py:1382} INFO - Executing <Task(SparkSubmitOperator): process_silver_geolocation> on 2026-04-02 00:00:00+00:00
[2026-04-03T13:47:32.730+0000] {standard_task_runner.py:57} INFO - Started process 1813 to run task
[2026-04-03T13:47:32.735+0000] {standard_task_runner.py:84} INFO - Running: ['airflow', 'tasks', 'run', 'silver_spark_processor', 'process_silver_geolocation', 'scheduled__2026-04-02T00:00:00+00:00', '--job-id', '495', '--raw', '--subdir', 'DAGS_FOLDER/silver_processor_dag.py', '--cfg-path', '/tmp/tmppyv4zred']
[2026-04-03T13:47:32.737+0000] {standard_task_runner.py:85} INFO - Job 495: Subtask process_silver_geolocation
[2026-04-03T13:47:32.814+0000] {task_command.py:416} INFO - Running <TaskInstance: silver_spark_processor.process_silver_geolocation scheduled__2026-04-02T00:00:00+00:00 [running]> on host 3e1e8c99e894
[2026-04-03T13:47:32.951+0000] {taskinstance.py:1662} INFO - Exporting env vars: AIRFLOW_CTX_DAG_OWNER='data-team' AIRFLOW_CTX_DAG_ID='silver_spark_processor' AIRFLOW_CTX_TASK_ID='process_silver_geolocation' AIRFLOW_CTX_EXECUTION_DATE='2026-04-02T00:00:00+00:00' AIRFLOW_CTX_TRY_NUMBER='7' AIRFLOW_CTX_DAG_RUN_ID='scheduled__2026-04-02T00:00:00+00:00'
[2026-04-03T13:47:32.971+0000] {base.py:73} INFO - Using connection ID 'spark_default' for task execution.
[2026-04-03T13:47:32.975+0000] {spark_submit.py:340} INFO - Spark-Submit cmd: spark-submit --master spark://spark-master:7077 --conf spark.sql.extensions=io.delta.sql.DeltaSparkSessionExtension --conf spark.sql.catalog.spark_catalog=org.apache.spark.sql.delta.catalog.DeltaCatalog --conf spark.databricks.delta.schema.autoMerge.enabled=true --jars /opt/airflow/etl/jars/hadoop-aws-3.3.2.jar,/opt/airflow/etl/jars/aws-java-sdk-bundle-1.11.1026.jar,/opt/airflow/etl/jars/delta-core_2.12-2.3.0.jar --executor-cores 1 --executor-memory 1g --driver-memory 1g --name airflow_silver_geolocation /opt/airflow/etl/silver/main_silver.py --table_name geolocation --merge_key geolocation_zip_code_prefix --is_cdc false --json_schema 
[2026-04-03T13:47:33.187+0000] {spark_submit.py:491} INFO - /home/airflow/.local/lib/python3.10/site-packages/pyspark/bin/load-spark-env.sh: line 68: ps: command not found
[2026-04-03T13:47:38.982+0000] {spark_submit.py:491} INFO - 26/04/03 13:47:38 WARN NativeCodeLoader: Unable to load native-hadoop library for your platform... using builtin-java classes where applicable
[2026-04-03T13:47:41.262+0000] {spark_submit.py:491} INFO - INFO:__main__:Khởi tạo Spark Job cho bảng: geolocation
[2026-04-03T13:47:41.645+0000] {spark_submit.py:491} INFO - 26/04/03 13:47:41 INFO SparkContext: Running Spark version 3.3.2
[2026-04-03T13:47:41.786+0000] {spark_submit.py:491} INFO - 26/04/03 13:47:41 INFO ResourceUtils: ==============================================================
[2026-04-03T13:47:41.787+0000] {spark_submit.py:491} INFO - 26/04/03 13:47:41 INFO ResourceUtils: No custom resources configured for spark.driver.
[2026-04-03T13:47:41.787+0000] {spark_submit.py:491} INFO - 26/04/03 13:47:41 INFO ResourceUtils: ==============================================================
[2026-04-03T13:47:41.789+0000] {spark_submit.py:491} INFO - 26/04/03 13:47:41 INFO SparkContext: Submitted application: <class 'pyspark.sql.session.SparkSession'>
[2026-04-03T13:47:41.851+0000] {spark_submit.py:491} INFO - 26/04/03 13:47:41 INFO ResourceProfile: Default ResourceProfile created, executor resources: Map(cores -> name: cores, amount: 1, script: , vendor: , memory -> name: memory, amount: 1024, script: , vendor: , offHeap -> name: offHeap, amount: 0, script: , vendor: ), task resources: Map(cpus -> name: cpus, amount: 1.0)
[2026-04-03T13:47:41.887+0000] {spark_submit.py:491} INFO - 26/04/03 13:47:41 INFO ResourceProfile: Limiting resource is cpus at 1 tasks per executor
[2026-04-03T13:47:41.903+0000] {spark_submit.py:491} INFO - 26/04/03 13:47:41 INFO ResourceProfileManager: Added ResourceProfile id: 0
[2026-04-03T13:47:42.096+0000] {spark_submit.py:491} INFO - 26/04/03 13:47:42 INFO SecurityManager: Changing view acls to: airflow
[2026-04-03T13:47:42.097+0000] {spark_submit.py:491} INFO - 26/04/03 13:47:42 INFO SecurityManager: Changing modify acls to: airflow
[2026-04-03T13:47:42.099+0000] {spark_submit.py:491} INFO - 26/04/03 13:47:42 INFO SecurityManager: Changing view acls groups to:
[2026-04-03T13:47:42.102+0000] {spark_submit.py:491} INFO - 26/04/03 13:47:42 INFO SecurityManager: Changing modify acls groups to:
[2026-04-03T13:47:42.103+0000] {spark_submit.py:491} INFO - 26/04/03 13:47:42 INFO SecurityManager: SecurityManager: authentication disabled; ui acls disabled; users  with view permissions: Set(airflow); groups with view permissions: Set(); users  with modify permissions: Set(airflow); groups with modify permissions: Set()
[2026-04-03T13:47:43.115+0000] {spark_submit.py:491} INFO - 26/04/03 13:47:43 INFO Utils: Successfully started service 'sparkDriver' on port 34487.
[2026-04-03T13:47:43.322+0000] {spark_submit.py:491} INFO - 26/04/03 13:47:43 INFO SparkEnv: Registering MapOutputTracker
[2026-04-03T13:47:43.463+0000] {spark_submit.py:491} INFO - 26/04/03 13:47:43 INFO SparkEnv: Registering BlockManagerMaster
[2026-04-03T13:47:43.539+0000] {spark_submit.py:491} INFO - 26/04/03 13:47:43 INFO BlockManagerMasterEndpoint: Using org.apache.spark.storage.DefaultTopologyMapper for getting topology information
[2026-04-03T13:47:43.547+0000] {spark_submit.py:491} INFO - 26/04/03 13:47:43 INFO BlockManagerMasterEndpoint: BlockManagerMasterEndpoint up
[2026-04-03T13:47:43.558+0000] {spark_submit.py:491} INFO - 26/04/03 13:47:43 INFO SparkEnv: Registering BlockManagerMasterHeartbeat
[2026-04-03T13:47:43.635+0000] {spark_submit.py:491} INFO - 26/04/03 13:47:43 INFO DiskBlockManager: Created local directory at /tmp/blockmgr-e0c4019d-549b-4843-adaa-a5f9d5a42a06
[2026-04-03T13:47:43.709+0000] {spark_submit.py:491} INFO - 26/04/03 13:47:43 INFO MemoryStore: MemoryStore started with capacity 434.4 MiB
[2026-04-03T13:47:43.760+0000] {spark_submit.py:491} INFO - 26/04/03 13:47:43 INFO SparkEnv: Registering OutputCommitCoordinator
[2026-04-03T13:47:44.392+0000] {spark_submit.py:491} INFO - 26/04/03 13:47:44 WARN Utils: Service 'SparkUI' could not bind on port 4040. Attempting port 4041.
[2026-04-03T13:47:44.394+0000] {spark_submit.py:491} INFO - 26/04/03 13:47:44 WARN Utils: Service 'SparkUI' could not bind on port 4041. Attempting port 4042.
[2026-04-03T13:47:44.400+0000] {spark_submit.py:491} INFO - 26/04/03 13:47:44 WARN Utils: Service 'SparkUI' could not bind on port 4042. Attempting port 4043.
[2026-04-03T13:47:44.408+0000] {spark_submit.py:491} INFO - 26/04/03 13:47:44 WARN Utils: Service 'SparkUI' could not bind on port 4043. Attempting port 4044.
[2026-04-03T13:47:44.413+0000] {spark_submit.py:491} INFO - 26/04/03 13:47:44 WARN Utils: Service 'SparkUI' could not bind on port 4044. Attempting port 4045.
[2026-04-03T13:47:44.415+0000] {spark_submit.py:491} INFO - 26/04/03 13:47:44 WARN Utils: Service 'SparkUI' could not bind on port 4045. Attempting port 4046.
[2026-04-03T13:47:44.417+0000] {spark_submit.py:491} INFO - 26/04/03 13:47:44 WARN Utils: Service 'SparkUI' could not bind on port 4046. Attempting port 4047.
[2026-04-03T13:47:44.419+0000] {spark_submit.py:491} INFO - 26/04/03 13:47:44 WARN Utils: Service 'SparkUI' could not bind on port 4047. Attempting port 4048.
[2026-04-03T13:47:44.451+0000] {spark_submit.py:491} INFO - 26/04/03 13:47:44 INFO Utils: Successfully started service 'SparkUI' on port 4048.
[2026-04-03T13:47:44.586+0000] {spark_submit.py:491} INFO - 26/04/03 13:47:44 INFO SparkContext: Added JAR file:///opt/airflow/etl/jars/hadoop-aws-3.3.2.jar at spark://3e1e8c99e894:34487/jars/hadoop-aws-3.3.2.jar with timestamp 1775224061597
[2026-04-03T13:47:44.587+0000] {spark_submit.py:491} INFO - 26/04/03 13:47:44 INFO SparkContext: Added JAR file:///opt/airflow/etl/jars/aws-java-sdk-bundle-1.11.1026.jar at spark://3e1e8c99e894:34487/jars/aws-java-sdk-bundle-1.11.1026.jar with timestamp 1775224061597
[2026-04-03T13:47:44.587+0000] {spark_submit.py:491} INFO - 26/04/03 13:47:44 INFO SparkContext: Added JAR file:///opt/airflow/etl/jars/delta-core_2.12-2.3.0.jar at spark://3e1e8c99e894:34487/jars/delta-core_2.12-2.3.0.jar with timestamp 1775224061597
[2026-04-03T13:47:44.885+0000] {spark_submit.py:491} INFO - 26/04/03 13:47:44 INFO StandaloneAppClient$ClientEndpoint: Connecting to master spark://spark-master:7077...
[2026-04-03T13:47:45.001+0000] {spark_submit.py:491} INFO - 26/04/03 13:47:45 INFO TransportClientFactory: Successfully created connection to spark-master/172.18.0.4:7077 after 62 ms (0 ms spent in bootstraps)
[2026-04-03T13:47:45.259+0000] {spark_submit.py:491} INFO - 26/04/03 13:47:45 INFO StandaloneSchedulerBackend: Connected to Spark cluster with app ID app-20260403134745-0017
[2026-04-03T13:47:45.298+0000] {spark_submit.py:491} INFO - 26/04/03 13:47:45 INFO Utils: Successfully started service 'org.apache.spark.network.netty.NettyBlockTransferService' on port 42453.
[2026-04-03T13:47:45.299+0000] {spark_submit.py:491} INFO - 26/04/03 13:47:45 INFO NettyBlockTransferService: Server created on 3e1e8c99e894:42453
[2026-04-03T13:47:45.303+0000] {spark_submit.py:491} INFO - 26/04/03 13:47:45 INFO BlockManager: Using org.apache.spark.storage.RandomBlockReplicationPolicy for block replication policy
[2026-04-03T13:47:45.365+0000] {spark_submit.py:491} INFO - 26/04/03 13:47:45 INFO BlockManagerMaster: Registering BlockManager BlockManagerId(driver, 3e1e8c99e894, 42453, None)
[2026-04-03T13:47:45.375+0000] {spark_submit.py:491} INFO - 26/04/03 13:47:45 INFO BlockManagerMasterEndpoint: Registering block manager 3e1e8c99e894:42453 with 434.4 MiB RAM, BlockManagerId(driver, 3e1e8c99e894, 42453, None)
[2026-04-03T13:47:45.380+0000] {spark_submit.py:491} INFO - 26/04/03 13:47:45 INFO BlockManagerMaster: Registered BlockManager BlockManagerId(driver, 3e1e8c99e894, 42453, None)
[2026-04-03T13:47:45.381+0000] {spark_submit.py:491} INFO - 26/04/03 13:47:45 INFO BlockManager: Initialized BlockManager: BlockManagerId(driver, 3e1e8c99e894, 42453, None)
[2026-04-03T13:47:45.942+0000] {spark_submit.py:491} INFO - 26/04/03 13:47:45 INFO StandaloneSchedulerBackend: SchedulerBackend is ready for scheduling beginning after reached minRegisteredResourcesRatio: 0.0
[2026-04-03T13:47:48.650+0000] {spark_submit.py:491} INFO - INFO:silver_processor: Bắt đầu xử lý lớp Silver cho bảng: geolocation | Chế độ CDC: False
[2026-04-03T13:47:48.650+0000] {spark_submit.py:491} INFO - INFO:silver_processor: Bắt đầu quét Data Nóng từ Bronze...
[2026-04-03T13:47:49.266+0000] {spark_submit.py:491} INFO - 26/04/03 13:47:49 WARN MetricsConfig: Cannot locate configuration: tried hadoop-metrics2-s3a-file-system.properties,hadoop-metrics2.properties
