[2026-04-03T12:13:12.315+0000] {taskinstance.py:1159} INFO - Dependencies all met for dep_context=non-requeueable deps ti=<TaskInstance: silver_spark_processor.process_silver_geolocation scheduled__2026-04-02T00:00:00+00:00 [queued]>
[2026-04-03T12:13:12.330+0000] {taskinstance.py:1159} INFO - Dependencies all met for dep_context=requeueable deps ti=<TaskInstance: silver_spark_processor.process_silver_geolocation scheduled__2026-04-02T00:00:00+00:00 [queued]>
[2026-04-03T12:13:12.330+0000] {taskinstance.py:1361} INFO - Starting attempt 4 of 5
[2026-04-03T12:13:12.367+0000] {taskinstance.py:1382} INFO - Executing <Task(SparkSubmitOperator): process_silver_geolocation> on 2026-04-02 00:00:00+00:00
[2026-04-03T12:13:12.387+0000] {standard_task_runner.py:57} INFO - Started process 207 to run task
[2026-04-03T12:13:12.394+0000] {standard_task_runner.py:84} INFO - Running: ['airflow', 'tasks', 'run', 'silver_spark_processor', 'process_silver_geolocation', 'scheduled__2026-04-02T00:00:00+00:00', '--job-id', '423', '--raw', '--subdir', 'DAGS_FOLDER/silver_processor_dag.py', '--cfg-path', '/tmp/tmpqj0pgph8']
[2026-04-03T12:13:12.398+0000] {standard_task_runner.py:85} INFO - Job 423: Subtask process_silver_geolocation
[2026-04-03T12:13:12.544+0000] {task_command.py:416} INFO - Running <TaskInstance: silver_spark_processor.process_silver_geolocation scheduled__2026-04-02T00:00:00+00:00 [running]> on host 61fefe962695
[2026-04-03T12:13:12.718+0000] {taskinstance.py:1662} INFO - Exporting env vars: AIRFLOW_CTX_DAG_OWNER='data-team' AIRFLOW_CTX_DAG_ID='silver_spark_processor' AIRFLOW_CTX_TASK_ID='process_silver_geolocation' AIRFLOW_CTX_EXECUTION_DATE='2026-04-02T00:00:00+00:00' AIRFLOW_CTX_TRY_NUMBER='4' AIRFLOW_CTX_DAG_RUN_ID='scheduled__2026-04-02T00:00:00+00:00'
[2026-04-03T12:13:12.739+0000] {base.py:73} INFO - Using connection ID 'spark_default' for task execution.
[2026-04-03T12:13:12.741+0000] {spark_submit.py:340} INFO - Spark-Submit cmd: spark-submit --master spark://spark-master:7077 --conf spark.sql.extensions=io.delta.sql.DeltaSparkSessionExtension --conf spark.sql.catalog.spark_catalog=org.apache.spark.sql.delta.catalog.DeltaCatalog --conf spark.databricks.delta.schema.autoMerge.enabled=true --jars /opt/airflow/etl/jars/hadoop-aws-3.3.2.jar,/opt/airflow/etl/jars/aws-java-sdk-bundle-1.11.1026.jar,/opt/airflow/etl/jars/delta-core_2.12-2.3.0.jar --executor-cores 1 --executor-memory 1g --driver-memory 1g --name airflow_silver_geolocation /opt/airflow/etl/silver/main_silver.py --table_name geolocation --merge_key geolocation_zip_code_prefix --is_cdc false --json_schema 
[2026-04-03T12:13:12.926+0000] {spark_submit.py:491} INFO - /home/airflow/.local/lib/python3.10/site-packages/pyspark/bin/load-spark-env.sh: line 68: ps: command not found
[2026-04-03T12:13:19.178+0000] {spark_submit.py:491} INFO - 26/04/03 12:13:19 WARN NativeCodeLoader: Unable to load native-hadoop library for your platform... using builtin-java classes where applicable
[2026-04-03T12:13:21.915+0000] {spark_submit.py:491} INFO - INFO:__main__:Khởi tạo Spark Job cho bảng: geolocation
[2026-04-03T12:13:22.257+0000] {spark_submit.py:491} INFO - 26/04/03 12:13:22 INFO SparkContext: Running Spark version 3.3.2
[2026-04-03T12:13:22.341+0000] {spark_submit.py:491} INFO - 26/04/03 12:13:22 INFO ResourceUtils: ==============================================================
[2026-04-03T12:13:22.344+0000] {spark_submit.py:491} INFO - 26/04/03 12:13:22 INFO ResourceUtils: No custom resources configured for spark.driver.
[2026-04-03T12:13:22.347+0000] {spark_submit.py:491} INFO - 26/04/03 12:13:22 INFO ResourceUtils: ==============================================================
[2026-04-03T12:13:22.347+0000] {spark_submit.py:491} INFO - 26/04/03 12:13:22 INFO SparkContext: Submitted application: <class 'pyspark.sql.session.SparkSession'>
[2026-04-03T12:13:22.445+0000] {spark_submit.py:491} INFO - 26/04/03 12:13:22 INFO ResourceProfile: Default ResourceProfile created, executor resources: Map(cores -> name: cores, amount: 1, script: , vendor: , memory -> name: memory, amount: 1024, script: , vendor: , offHeap -> name: offHeap, amount: 0, script: , vendor: ), task resources: Map(cpus -> name: cpus, amount: 1.0)
[2026-04-03T12:13:22.544+0000] {spark_submit.py:491} INFO - 26/04/03 12:13:22 INFO ResourceProfile: Limiting resource is cpus at 1 tasks per executor
[2026-04-03T12:13:22.560+0000] {spark_submit.py:491} INFO - 26/04/03 12:13:22 INFO ResourceProfileManager: Added ResourceProfile id: 0
[2026-04-03T12:13:22.759+0000] {spark_submit.py:491} INFO - 26/04/03 12:13:22 INFO SecurityManager: Changing view acls to: airflow
[2026-04-03T12:13:22.760+0000] {spark_submit.py:491} INFO - 26/04/03 12:13:22 INFO SecurityManager: Changing modify acls to: airflow
[2026-04-03T12:13:22.764+0000] {spark_submit.py:491} INFO - 26/04/03 12:13:22 INFO SecurityManager: Changing view acls groups to:
[2026-04-03T12:13:22.764+0000] {spark_submit.py:491} INFO - 26/04/03 12:13:22 INFO SecurityManager: Changing modify acls groups to:
[2026-04-03T12:13:22.765+0000] {spark_submit.py:491} INFO - 26/04/03 12:13:22 INFO SecurityManager: SecurityManager: authentication disabled; ui acls disabled; users  with view permissions: Set(airflow); groups with view permissions: Set(); users  with modify permissions: Set(airflow); groups with modify permissions: Set()
[2026-04-03T12:13:23.840+0000] {spark_submit.py:491} INFO - 26/04/03 12:13:23 INFO Utils: Successfully started service 'sparkDriver' on port 39729.
[2026-04-03T12:13:23.975+0000] {spark_submit.py:491} INFO - 26/04/03 12:13:23 INFO SparkEnv: Registering MapOutputTracker
[2026-04-03T12:13:24.149+0000] {spark_submit.py:491} INFO - 26/04/03 12:13:24 INFO SparkEnv: Registering BlockManagerMaster
[2026-04-03T12:13:24.243+0000] {spark_submit.py:491} INFO - 26/04/03 12:13:24 INFO BlockManagerMasterEndpoint: Using org.apache.spark.storage.DefaultTopologyMapper for getting topology information
[2026-04-03T12:13:24.244+0000] {spark_submit.py:491} INFO - 26/04/03 12:13:24 INFO BlockManagerMasterEndpoint: BlockManagerMasterEndpoint up
[2026-04-03T12:13:24.271+0000] {spark_submit.py:491} INFO - 26/04/03 12:13:24 INFO SparkEnv: Registering BlockManagerMasterHeartbeat
[2026-04-03T12:13:24.384+0000] {spark_submit.py:491} INFO - 26/04/03 12:13:24 INFO DiskBlockManager: Created local directory at /tmp/blockmgr-3357ffba-4137-4e7e-8196-e38086debf9c
[2026-04-03T12:13:24.504+0000] {spark_submit.py:491} INFO - 26/04/03 12:13:24 INFO MemoryStore: MemoryStore started with capacity 434.4 MiB
[2026-04-03T12:13:24.555+0000] {spark_submit.py:491} INFO - 26/04/03 12:13:24 INFO SparkEnv: Registering OutputCommitCoordinator
[2026-04-03T12:13:25.067+0000] {spark_submit.py:491} INFO - 26/04/03 12:13:25 WARN Utils: Service 'SparkUI' could not bind on port 4040. Attempting port 4041.
[2026-04-03T12:13:25.072+0000] {spark_submit.py:491} INFO - 26/04/03 12:13:25 WARN Utils: Service 'SparkUI' could not bind on port 4041. Attempting port 4042.
[2026-04-03T12:13:25.076+0000] {spark_submit.py:491} INFO - 26/04/03 12:13:25 WARN Utils: Service 'SparkUI' could not bind on port 4042. Attempting port 4043.
[2026-04-03T12:13:25.076+0000] {spark_submit.py:491} INFO - 26/04/03 12:13:25 WARN Utils: Service 'SparkUI' could not bind on port 4043. Attempting port 4044.
[2026-04-03T12:13:25.083+0000] {spark_submit.py:491} INFO - 26/04/03 12:13:25 WARN Utils: Service 'SparkUI' could not bind on port 4044. Attempting port 4045.
[2026-04-03T12:13:25.084+0000] {spark_submit.py:491} INFO - 26/04/03 12:13:25 WARN Utils: Service 'SparkUI' could not bind on port 4045. Attempting port 4046.
[2026-04-03T12:13:25.084+0000] {spark_submit.py:491} INFO - 26/04/03 12:13:25 WARN Utils: Service 'SparkUI' could not bind on port 4046. Attempting port 4047.
[2026-04-03T12:13:25.100+0000] {spark_submit.py:491} INFO - 26/04/03 12:13:25 WARN Utils: Service 'SparkUI' could not bind on port 4047. Attempting port 4048.
[2026-04-03T12:13:25.127+0000] {spark_submit.py:491} INFO - 26/04/03 12:13:25 INFO Utils: Successfully started service 'SparkUI' on port 4048.
[2026-04-03T12:13:25.264+0000] {spark_submit.py:491} INFO - 26/04/03 12:13:25 INFO SparkContext: Added JAR file:///opt/airflow/etl/jars/hadoop-aws-3.3.2.jar at spark://61fefe962695:39729/jars/hadoop-aws-3.3.2.jar with timestamp 1775218402222
[2026-04-03T12:13:25.264+0000] {spark_submit.py:491} INFO - 26/04/03 12:13:25 INFO SparkContext: Added JAR file:///opt/airflow/etl/jars/aws-java-sdk-bundle-1.11.1026.jar at spark://61fefe962695:39729/jars/aws-java-sdk-bundle-1.11.1026.jar with timestamp 1775218402222
[2026-04-03T12:13:25.265+0000] {spark_submit.py:491} INFO - 26/04/03 12:13:25 INFO SparkContext: Added JAR file:///opt/airflow/etl/jars/delta-core_2.12-2.3.0.jar at spark://61fefe962695:39729/jars/delta-core_2.12-2.3.0.jar with timestamp 1775218402222
[2026-04-03T12:13:25.759+0000] {spark_submit.py:491} INFO - 26/04/03 12:13:25 INFO StandaloneAppClient$ClientEndpoint: Connecting to master spark://spark-master:7077...
[2026-04-03T12:13:26.067+0000] {spark_submit.py:491} INFO - 26/04/03 12:13:26 INFO TransportClientFactory: Successfully created connection to spark-master/172.18.0.3:7077 after 94 ms (0 ms spent in bootstraps)
[2026-04-03T12:13:26.595+0000] {spark_submit.py:491} INFO - 26/04/03 12:13:26 INFO StandaloneSchedulerBackend: Connected to Spark cluster with app ID app-20260403121326-0009
[2026-04-03T12:13:26.627+0000] {spark_submit.py:491} INFO - 26/04/03 12:13:26 INFO Utils: Successfully started service 'org.apache.spark.network.netty.NettyBlockTransferService' on port 33047.
[2026-04-03T12:13:26.627+0000] {spark_submit.py:491} INFO - 26/04/03 12:13:26 INFO NettyBlockTransferService: Server created on 61fefe962695:33047
[2026-04-03T12:13:26.636+0000] {spark_submit.py:491} INFO - 26/04/03 12:13:26 INFO BlockManager: Using org.apache.spark.storage.RandomBlockReplicationPolicy for block replication policy
[2026-04-03T12:13:26.668+0000] {spark_submit.py:491} INFO - 26/04/03 12:13:26 INFO BlockManagerMaster: Registering BlockManager BlockManagerId(driver, 61fefe962695, 33047, None)
[2026-04-03T12:13:26.691+0000] {spark_submit.py:491} INFO - 26/04/03 12:13:26 INFO BlockManagerMasterEndpoint: Registering block manager 61fefe962695:33047 with 434.4 MiB RAM, BlockManagerId(driver, 61fefe962695, 33047, None)
[2026-04-03T12:13:26.701+0000] {spark_submit.py:491} INFO - 26/04/03 12:13:26 INFO BlockManagerMaster: Registered BlockManager BlockManagerId(driver, 61fefe962695, 33047, None)
[2026-04-03T12:13:26.709+0000] {spark_submit.py:491} INFO - 26/04/03 12:13:26 INFO BlockManager: Initialized BlockManager: BlockManagerId(driver, 61fefe962695, 33047, None)
[2026-04-03T12:13:28.295+0000] {spark_submit.py:491} INFO - 26/04/03 12:13:28 INFO StandaloneSchedulerBackend: SchedulerBackend is ready for scheduling beginning after reached minRegisteredResourcesRatio: 0.0
