[2026-04-03T13:35:25.372+0000] {taskinstance.py:1159} INFO - Dependencies all met for dep_context=non-requeueable deps ti=<TaskInstance: silver_spark_processor.process_silver_geolocation scheduled__2026-04-02T00:00:00+00:00 [queued]>
[2026-04-03T13:35:25.389+0000] {taskinstance.py:1159} INFO - Dependencies all met for dep_context=requeueable deps ti=<TaskInstance: silver_spark_processor.process_silver_geolocation scheduled__2026-04-02T00:00:00+00:00 [queued]>
[2026-04-03T13:35:25.389+0000] {taskinstance.py:1361} INFO - Starting attempt 6 of 5
[2026-04-03T13:35:25.417+0000] {taskinstance.py:1382} INFO - Executing <Task(SparkSubmitOperator): process_silver_geolocation> on 2026-04-02 00:00:00+00:00
[2026-04-03T13:35:25.438+0000] {standard_task_runner.py:57} INFO - Started process 193 to run task
[2026-04-03T13:35:25.444+0000] {standard_task_runner.py:84} INFO - Running: ['airflow', 'tasks', 'run', 'silver_spark_processor', 'process_silver_geolocation', 'scheduled__2026-04-02T00:00:00+00:00', '--job-id', '490', '--raw', '--subdir', 'DAGS_FOLDER/silver_processor_dag.py', '--cfg-path', '/tmp/tmp11t_rvdu']
[2026-04-03T13:35:25.447+0000] {standard_task_runner.py:85} INFO - Job 490: Subtask process_silver_geolocation
[2026-04-03T13:35:25.568+0000] {task_command.py:416} INFO - Running <TaskInstance: silver_spark_processor.process_silver_geolocation scheduled__2026-04-02T00:00:00+00:00 [running]> on host 3e1e8c99e894
[2026-04-03T13:35:25.813+0000] {taskinstance.py:1662} INFO - Exporting env vars: AIRFLOW_CTX_DAG_OWNER='data-team' AIRFLOW_CTX_DAG_ID='silver_spark_processor' AIRFLOW_CTX_TASK_ID='process_silver_geolocation' AIRFLOW_CTX_EXECUTION_DATE='2026-04-02T00:00:00+00:00' AIRFLOW_CTX_TRY_NUMBER='6' AIRFLOW_CTX_DAG_RUN_ID='scheduled__2026-04-02T00:00:00+00:00'
[2026-04-03T13:35:25.830+0000] {base.py:73} INFO - Using connection ID 'spark_default' for task execution.
[2026-04-03T13:35:25.834+0000] {spark_submit.py:340} INFO - Spark-Submit cmd: spark-submit --master spark://spark-master:7077 --conf spark.sql.extensions=io.delta.sql.DeltaSparkSessionExtension --conf spark.sql.catalog.spark_catalog=org.apache.spark.sql.delta.catalog.DeltaCatalog --conf spark.databricks.delta.schema.autoMerge.enabled=true --jars /opt/airflow/etl/jars/hadoop-aws-3.3.2.jar,/opt/airflow/etl/jars/aws-java-sdk-bundle-1.11.1026.jar,/opt/airflow/etl/jars/delta-core_2.12-2.3.0.jar --executor-cores 1 --executor-memory 1g --driver-memory 1g --name airflow_silver_geolocation /opt/airflow/etl/silver/main_silver.py --table_name geolocation --merge_key geolocation_zip_code_prefix --is_cdc false --json_schema 
[2026-04-03T13:35:26.049+0000] {spark_submit.py:491} INFO - /home/airflow/.local/lib/python3.10/site-packages/pyspark/bin/load-spark-env.sh: line 68: ps: command not found
[2026-04-03T13:35:35.495+0000] {spark_submit.py:491} INFO - 26/04/03 13:35:35 WARN NativeCodeLoader: Unable to load native-hadoop library for your platform... using builtin-java classes where applicable
[2026-04-03T13:35:39.885+0000] {spark_submit.py:491} INFO - INFO:__main__:Khởi tạo Spark Job cho bảng: geolocation
[2026-04-03T13:35:40.442+0000] {spark_submit.py:491} INFO - 26/04/03 13:35:40 INFO SparkContext: Running Spark version 3.3.2
[2026-04-03T13:35:40.759+0000] {spark_submit.py:491} INFO - 26/04/03 13:35:40 INFO ResourceUtils: ==============================================================
[2026-04-03T13:35:40.760+0000] {spark_submit.py:491} INFO - 26/04/03 13:35:40 INFO ResourceUtils: No custom resources configured for spark.driver.
[2026-04-03T13:35:40.767+0000] {spark_submit.py:491} INFO - 26/04/03 13:35:40 INFO ResourceUtils: ==============================================================
[2026-04-03T13:35:40.767+0000] {spark_submit.py:491} INFO - 26/04/03 13:35:40 INFO SparkContext: Submitted application: <class 'pyspark.sql.session.SparkSession'>
[2026-04-03T13:35:40.869+0000] {spark_submit.py:491} INFO - 26/04/03 13:35:40 INFO ResourceProfile: Default ResourceProfile created, executor resources: Map(cores -> name: cores, amount: 1, script: , vendor: , memory -> name: memory, amount: 1024, script: , vendor: , offHeap -> name: offHeap, amount: 0, script: , vendor: ), task resources: Map(cpus -> name: cpus, amount: 1.0)
[2026-04-03T13:35:40.909+0000] {spark_submit.py:491} INFO - 26/04/03 13:35:40 INFO ResourceProfile: Limiting resource is cpus at 1 tasks per executor
[2026-04-03T13:35:40.918+0000] {spark_submit.py:491} INFO - 26/04/03 13:35:40 INFO ResourceProfileManager: Added ResourceProfile id: 0
[2026-04-03T13:35:41.134+0000] {spark_submit.py:491} INFO - 26/04/03 13:35:41 INFO SecurityManager: Changing view acls to: airflow
[2026-04-03T13:35:41.145+0000] {spark_submit.py:491} INFO - 26/04/03 13:35:41 INFO SecurityManager: Changing modify acls to: airflow
[2026-04-03T13:35:41.146+0000] {spark_submit.py:491} INFO - 26/04/03 13:35:41 INFO SecurityManager: Changing view acls groups to:
[2026-04-03T13:35:41.146+0000] {spark_submit.py:491} INFO - 26/04/03 13:35:41 INFO SecurityManager: Changing modify acls groups to:
[2026-04-03T13:35:41.152+0000] {spark_submit.py:491} INFO - 26/04/03 13:35:41 INFO SecurityManager: SecurityManager: authentication disabled; ui acls disabled; users  with view permissions: Set(airflow); groups with view permissions: Set(); users  with modify permissions: Set(airflow); groups with modify permissions: Set()
[2026-04-03T13:35:42.343+0000] {spark_submit.py:491} INFO - 26/04/03 13:35:42 INFO Utils: Successfully started service 'sparkDriver' on port 34911.
[2026-04-03T13:35:42.502+0000] {spark_submit.py:491} INFO - 26/04/03 13:35:42 INFO SparkEnv: Registering MapOutputTracker
[2026-04-03T13:35:42.638+0000] {spark_submit.py:491} INFO - 26/04/03 13:35:42 INFO SparkEnv: Registering BlockManagerMaster
[2026-04-03T13:35:42.819+0000] {spark_submit.py:491} INFO - 26/04/03 13:35:42 INFO BlockManagerMasterEndpoint: Using org.apache.spark.storage.DefaultTopologyMapper for getting topology information
[2026-04-03T13:35:42.820+0000] {spark_submit.py:491} INFO - 26/04/03 13:35:42 INFO BlockManagerMasterEndpoint: BlockManagerMasterEndpoint up
[2026-04-03T13:35:42.829+0000] {spark_submit.py:491} INFO - 26/04/03 13:35:42 INFO SparkEnv: Registering BlockManagerMasterHeartbeat
[2026-04-03T13:35:42.976+0000] {spark_submit.py:491} INFO - 26/04/03 13:35:42 INFO DiskBlockManager: Created local directory at /tmp/blockmgr-2666444b-4fa8-4368-bdd5-58f0a0ad11d5
[2026-04-03T13:35:43.057+0000] {spark_submit.py:491} INFO - 26/04/03 13:35:43 INFO MemoryStore: MemoryStore started with capacity 434.4 MiB
[2026-04-03T13:35:43.133+0000] {spark_submit.py:491} INFO - 26/04/03 13:35:43 INFO SparkEnv: Registering OutputCommitCoordinator
[2026-04-03T13:35:44.003+0000] {spark_submit.py:491} INFO - 26/04/03 13:35:44 WARN Utils: Service 'SparkUI' could not bind on port 4040. Attempting port 4041.
[2026-04-03T13:35:44.009+0000] {spark_submit.py:491} INFO - 26/04/03 13:35:44 WARN Utils: Service 'SparkUI' could not bind on port 4041. Attempting port 4042.
[2026-04-03T13:35:44.014+0000] {spark_submit.py:491} INFO - 26/04/03 13:35:44 WARN Utils: Service 'SparkUI' could not bind on port 4042. Attempting port 4043.
[2026-04-03T13:35:44.021+0000] {spark_submit.py:491} INFO - 26/04/03 13:35:44 WARN Utils: Service 'SparkUI' could not bind on port 4043. Attempting port 4044.
[2026-04-03T13:35:44.062+0000] {spark_submit.py:491} INFO - 26/04/03 13:35:44 INFO Utils: Successfully started service 'SparkUI' on port 4044.
[2026-04-03T13:35:44.180+0000] {spark_submit.py:491} INFO - 26/04/03 13:35:44 INFO SparkContext: Added JAR file:///opt/airflow/etl/jars/hadoop-aws-3.3.2.jar at spark://3e1e8c99e894:34911/jars/hadoop-aws-3.3.2.jar with timestamp 1775223340378
[2026-04-03T13:35:44.181+0000] {spark_submit.py:491} INFO - 26/04/03 13:35:44 INFO SparkContext: Added JAR file:///opt/airflow/etl/jars/aws-java-sdk-bundle-1.11.1026.jar at spark://3e1e8c99e894:34911/jars/aws-java-sdk-bundle-1.11.1026.jar with timestamp 1775223340378
[2026-04-03T13:35:44.181+0000] {spark_submit.py:491} INFO - 26/04/03 13:35:44 INFO SparkContext: Added JAR file:///opt/airflow/etl/jars/delta-core_2.12-2.3.0.jar at spark://3e1e8c99e894:34911/jars/delta-core_2.12-2.3.0.jar with timestamp 1775223340378
[2026-04-03T13:35:44.701+0000] {spark_submit.py:491} INFO - 26/04/03 13:35:44 INFO StandaloneAppClient$ClientEndpoint: Connecting to master spark://spark-master:7077...
[2026-04-03T13:35:45.074+0000] {spark_submit.py:491} INFO - 26/04/03 13:35:45 INFO TransportClientFactory: Successfully created connection to spark-master/172.18.0.4:7077 after 249 ms (0 ms spent in bootstraps)
[2026-04-03T13:35:45.778+0000] {spark_submit.py:491} INFO - 26/04/03 13:35:45 INFO StandaloneSchedulerBackend: Connected to Spark cluster with app ID app-20260403133545-0002
[2026-04-03T13:35:45.859+0000] {spark_submit.py:491} INFO - 26/04/03 13:35:45 INFO Utils: Successfully started service 'org.apache.spark.network.netty.NettyBlockTransferService' on port 38489.
[2026-04-03T13:35:45.859+0000] {spark_submit.py:491} INFO - 26/04/03 13:35:45 INFO NettyBlockTransferService: Server created on 3e1e8c99e894:38489
[2026-04-03T13:35:45.879+0000] {spark_submit.py:491} INFO - 26/04/03 13:35:45 INFO BlockManager: Using org.apache.spark.storage.RandomBlockReplicationPolicy for block replication policy
[2026-04-03T13:35:45.973+0000] {spark_submit.py:491} INFO - 26/04/03 13:35:45 INFO BlockManagerMaster: Registering BlockManager BlockManagerId(driver, 3e1e8c99e894, 38489, None)
[2026-04-03T13:35:46.001+0000] {spark_submit.py:491} INFO - 26/04/03 13:35:45 INFO BlockManagerMasterEndpoint: Registering block manager 3e1e8c99e894:38489 with 434.4 MiB RAM, BlockManagerId(driver, 3e1e8c99e894, 38489, None)
[2026-04-03T13:35:46.027+0000] {spark_submit.py:491} INFO - 26/04/03 13:35:46 INFO BlockManagerMaster: Registered BlockManager BlockManagerId(driver, 3e1e8c99e894, 38489, None)
[2026-04-03T13:35:46.028+0000] {spark_submit.py:491} INFO - 26/04/03 13:35:46 INFO BlockManager: Initialized BlockManager: BlockManagerId(driver, 3e1e8c99e894, 38489, None)
[2026-04-03T13:35:48.368+0000] {spark_submit.py:491} INFO - 26/04/03 13:35:48 INFO StandaloneSchedulerBackend: SchedulerBackend is ready for scheduling beginning after reached minRegisteredResourcesRatio: 0.0
[2026-04-03T13:35:56.835+0000] {spark_submit.py:491} INFO - INFO:silver_processor: Bắt đầu xử lý lớp Silver cho bảng: geolocation | Chế độ CDC: False
[2026-04-03T13:35:56.841+0000] {spark_submit.py:491} INFO - INFO:silver_processor: Bắt đầu quét Data Nóng từ Bronze...
[2026-04-03T13:35:59.306+0000] {spark_submit.py:491} INFO - 26/04/03 13:35:59 WARN MetricsConfig: Cannot locate configuration: tried hadoop-metrics2-s3a-file-system.properties,hadoop-metrics2.properties
[2026-04-03T13:42:30.378+0000] {local_task_job_runner.py:294} WARNING - State of this instance has been externally set to restarting. Terminating instance.
[2026-04-03T13:42:30.385+0000] {process_utils.py:131} INFO - Sending 15 to group 193. PIDs of all processes in the group: [227, 662, 193]
[2026-04-03T13:42:30.385+0000] {process_utils.py:86} INFO - Sending the signal 15 to group 193
[2026-04-03T13:42:30.387+0000] {taskinstance.py:1632} ERROR - Received SIGTERM. Terminating subprocesses.
[2026-04-03T13:42:30.388+0000] {spark_submit.py:618} INFO - Sending kill signal to spark-submit
[2026-04-03T13:42:30.444+0000] {taskinstance.py:1937} ERROR - Task failed with exception
Traceback (most recent call last):
  File "/home/airflow/.local/lib/python3.10/site-packages/airflow/providers/apache/spark/operators/spark_submit.py", line 156, in execute
    self._hook.submit(self._application)
  File "/home/airflow/.local/lib/python3.10/site-packages/airflow/providers/apache/spark/hooks/spark_submit.py", line 410, in submit
    self._process_spark_submit_log(iter(self._submit_sp.stdout))  # type: ignore
  File "/home/airflow/.local/lib/python3.10/site-packages/airflow/providers/apache/spark/hooks/spark_submit.py", line 459, in _process_spark_submit_log
    for line in itr:
  File "/home/airflow/.local/lib/python3.10/site-packages/airflow/models/taskinstance.py", line 1634, in signal_handler
    raise AirflowException("Task received SIGTERM signal")
airflow.exceptions.AirflowException: Task received SIGTERM signal
[2026-04-03T13:42:30.472+0000] {taskinstance.py:1400} INFO - Marking task as UP_FOR_RETRY. dag_id=silver_spark_processor, task_id=process_silver_geolocation, execution_date=20260402T000000, start_date=20260403T133525, end_date=20260403T134230
[2026-04-03T13:42:30.577+0000] {standard_task_runner.py:104} ERROR - Failed to execute job 490 for task process_silver_geolocation (Task received SIGTERM signal; 193)
[2026-04-03T13:42:30.643+0000] {process_utils.py:79} INFO - Process psutil.Process(pid=193, status='terminated', exitcode=1, started='13:35:25') (193) terminated with exit code 1
[2026-04-03T13:42:30.645+0000] {process_utils.py:79} INFO - Process psutil.Process(pid=227, status='terminated', started='13:35:25') (227) terminated with exit code None
[2026-04-03T13:42:30.645+0000] {process_utils.py:79} INFO - Process psutil.Process(pid=662, status='terminated', started='13:35:36') (662) terminated with exit code None
