[2026-04-03T11:16:43.236+0000] {taskinstance.py:1159} INFO - Dependencies all met for dep_context=non-requeueable deps ti=<TaskInstance: silver_spark_processor.process_silver_geolocation scheduled__2026-04-02T00:00:00+00:00 [queued]>
[2026-04-03T11:16:43.280+0000] {taskinstance.py:1159} INFO - Dependencies all met for dep_context=requeueable deps ti=<TaskInstance: silver_spark_processor.process_silver_geolocation scheduled__2026-04-02T00:00:00+00:00 [queued]>
[2026-04-03T11:16:43.280+0000] {taskinstance.py:1361} INFO - Starting attempt 3 of 2
[2026-04-03T11:16:43.352+0000] {taskinstance.py:1382} INFO - Executing <Task(SparkSubmitOperator): process_silver_geolocation> on 2026-04-02 00:00:00+00:00
[2026-04-03T11:16:43.386+0000] {standard_task_runner.py:57} INFO - Started process 245 to run task
[2026-04-03T11:16:43.392+0000] {standard_task_runner.py:84} INFO - Running: ['airflow', 'tasks', 'run', 'silver_spark_processor', 'process_silver_geolocation', 'scheduled__2026-04-02T00:00:00+00:00', '--job-id', '411', '--raw', '--subdir', 'DAGS_FOLDER/silver_processor_dag.py', '--cfg-path', '/tmp/tmpghttklgh']
[2026-04-03T11:16:43.396+0000] {standard_task_runner.py:85} INFO - Job 411: Subtask process_silver_geolocation
[2026-04-03T11:16:43.501+0000] {task_command.py:416} INFO - Running <TaskInstance: silver_spark_processor.process_silver_geolocation scheduled__2026-04-02T00:00:00+00:00 [running]> on host ad303354f1ab
[2026-04-03T11:16:43.707+0000] {taskinstance.py:1662} INFO - Exporting env vars: AIRFLOW_CTX_DAG_OWNER='data-team' AIRFLOW_CTX_DAG_ID='silver_spark_processor' AIRFLOW_CTX_TASK_ID='process_silver_geolocation' AIRFLOW_CTX_EXECUTION_DATE='2026-04-02T00:00:00+00:00' AIRFLOW_CTX_TRY_NUMBER='3' AIRFLOW_CTX_DAG_RUN_ID='scheduled__2026-04-02T00:00:00+00:00'
[2026-04-03T11:16:43.729+0000] {base.py:73} INFO - Using connection ID 'spark_default' for task execution.
[2026-04-03T11:16:43.732+0000] {spark_submit.py:340} INFO - Spark-Submit cmd: spark-submit --master spark://spark-master:7077 --conf spark.sql.extensions=io.delta.sql.DeltaSparkSessionExtension --conf spark.sql.catalog.spark_catalog=org.apache.spark.sql.delta.catalog.DeltaCatalog --conf spark.databricks.delta.schema.autoMerge.enabled=true --packages org.apache.hadoop:hadoop-aws:3.3.2,com.amazonaws:aws-java-sdk-bundle:1.11.1026,io.delta:delta-core_2.12:2.3.0 --executor-cores 1 --executor-memory 1g --driver-memory 1g --name airflow_silver_geolocation /opt/airflow/etl/silver/main_silver.py --table_name geolocation --merge_key geolocation_zip_code_prefix --is_cdc false --json_schema 
[2026-04-03T11:16:43.968+0000] {spark_submit.py:491} INFO - /home/airflow/.local/lib/python3.10/site-packages/pyspark/bin/load-spark-env.sh: line 68: ps: command not found
[2026-04-03T11:16:52.615+0000] {spark_submit.py:491} INFO - :: loading settings :: url = jar:file:/home/airflow/.local/lib/python3.10/site-packages/pyspark/jars/ivy-2.5.1.jar!/org/apache/ivy/core/settings/ivysettings.xml
[2026-04-03T11:16:53.154+0000] {spark_submit.py:491} INFO - Ivy Default Cache set to: /home/airflow/.ivy2/cache
[2026-04-03T11:16:53.171+0000] {spark_submit.py:491} INFO - The jars for the packages stored in: /home/airflow/.ivy2/jars
[2026-04-03T11:16:53.182+0000] {spark_submit.py:491} INFO - org.apache.hadoop#hadoop-aws added as a dependency
[2026-04-03T11:16:53.183+0000] {spark_submit.py:491} INFO - com.amazonaws#aws-java-sdk-bundle added as a dependency
[2026-04-03T11:16:53.184+0000] {spark_submit.py:491} INFO - io.delta#delta-core_2.12 added as a dependency
[2026-04-03T11:16:53.187+0000] {spark_submit.py:491} INFO - :: resolving dependencies :: org.apache.spark#spark-submit-parent-a3ce05ec-af87-4f20-8f8c-113a463cc95f;1.0
[2026-04-03T11:16:53.188+0000] {spark_submit.py:491} INFO - confs: [default]
[2026-04-03T11:16:54.192+0000] {spark_submit.py:491} INFO - found org.apache.hadoop#hadoop-aws;3.3.2 in central
[2026-04-03T11:16:54.755+0000] {spark_submit.py:491} INFO - found com.amazonaws#aws-java-sdk-bundle;1.11.1026 in central
[2026-04-03T11:16:54.993+0000] {spark_submit.py:491} INFO - found org.wildfly.openssl#wildfly-openssl;1.0.7.Final in central
[2026-04-03T11:16:55.133+0000] {spark_submit.py:491} INFO - found io.delta#delta-core_2.12;2.3.0 in central
[2026-04-03T11:16:55.235+0000] {spark_submit.py:491} INFO - found io.delta#delta-storage;2.3.0 in central
[2026-04-03T11:16:55.354+0000] {spark_submit.py:491} INFO - found org.antlr#antlr4-runtime;4.8 in central
[2026-04-03T11:16:55.470+0000] {spark_submit.py:491} INFO - :: resolution report :: resolve 2253ms :: artifacts dl 30ms
[2026-04-03T11:16:55.471+0000] {spark_submit.py:491} INFO - :: modules in use:
[2026-04-03T11:16:55.473+0000] {spark_submit.py:491} INFO - com.amazonaws#aws-java-sdk-bundle;1.11.1026 from central in [default]
[2026-04-03T11:16:55.475+0000] {spark_submit.py:491} INFO - io.delta#delta-core_2.12;2.3.0 from central in [default]
[2026-04-03T11:16:55.475+0000] {spark_submit.py:491} INFO - io.delta#delta-storage;2.3.0 from central in [default]
[2026-04-03T11:16:55.476+0000] {spark_submit.py:491} INFO - org.antlr#antlr4-runtime;4.8 from central in [default]
[2026-04-03T11:16:55.476+0000] {spark_submit.py:491} INFO - org.apache.hadoop#hadoop-aws;3.3.2 from central in [default]
[2026-04-03T11:16:55.476+0000] {spark_submit.py:491} INFO - org.wildfly.openssl#wildfly-openssl;1.0.7.Final from central in [default]
[2026-04-03T11:16:55.476+0000] {spark_submit.py:491} INFO - ---------------------------------------------------------------------
[2026-04-03T11:16:55.476+0000] {spark_submit.py:491} INFO - |                  |            modules            ||   artifacts   |
[2026-04-03T11:16:55.476+0000] {spark_submit.py:491} INFO - |       conf       | number| search|dwnlded|evicted|| number|dwnlded|
[2026-04-03T11:16:55.476+0000] {spark_submit.py:491} INFO - ---------------------------------------------------------------------
[2026-04-03T11:16:55.476+0000] {spark_submit.py:491} INFO - |      default     |   6   |   0   |   0   |   0   ||   6   |   0   |
[2026-04-03T11:16:55.476+0000] {spark_submit.py:491} INFO - ---------------------------------------------------------------------
[2026-04-03T11:16:55.485+0000] {spark_submit.py:491} INFO - :: retrieving :: org.apache.spark#spark-submit-parent-a3ce05ec-af87-4f20-8f8c-113a463cc95f
[2026-04-03T11:16:55.485+0000] {spark_submit.py:491} INFO - confs: [default]
[2026-04-03T11:16:55.500+0000] {spark_submit.py:491} INFO - 0 artifacts copied, 6 already retrieved (0kB/14ms)
[2026-04-03T11:16:56.397+0000] {spark_submit.py:491} INFO - 26/04/03 11:16:56 WARN NativeCodeLoader: Unable to load native-hadoop library for your platform... using builtin-java classes where applicable
[2026-04-03T11:16:59.455+0000] {spark_submit.py:491} INFO - INFO:__main__:Khởi tạo Spark Job cho bảng: geolocation
[2026-04-03T11:16:59.973+0000] {spark_submit.py:491} INFO - 26/04/03 11:16:59 INFO SparkContext: Running Spark version 3.3.2
[2026-04-03T11:17:00.049+0000] {spark_submit.py:491} INFO - 26/04/03 11:17:00 INFO ResourceUtils: ==============================================================
[2026-04-03T11:17:00.055+0000] {spark_submit.py:491} INFO - 26/04/03 11:17:00 INFO ResourceUtils: No custom resources configured for spark.driver.
[2026-04-03T11:17:00.055+0000] {spark_submit.py:491} INFO - 26/04/03 11:17:00 INFO ResourceUtils: ==============================================================
[2026-04-03T11:17:00.055+0000] {spark_submit.py:491} INFO - 26/04/03 11:17:00 INFO SparkContext: Submitted application: <class 'pyspark.sql.session.SparkSession'>
[2026-04-03T11:17:00.155+0000] {spark_submit.py:491} INFO - 26/04/03 11:17:00 INFO ResourceProfile: Default ResourceProfile created, executor resources: Map(cores -> name: cores, amount: 1, script: , vendor: , memory -> name: memory, amount: 1024, script: , vendor: , offHeap -> name: offHeap, amount: 0, script: , vendor: ), task resources: Map(cpus -> name: cpus, amount: 1.0)
[2026-04-03T11:17:00.201+0000] {spark_submit.py:491} INFO - 26/04/03 11:17:00 INFO ResourceProfile: Limiting resource is cpus at 1 tasks per executor
[2026-04-03T11:17:00.209+0000] {spark_submit.py:491} INFO - 26/04/03 11:17:00 INFO ResourceProfileManager: Added ResourceProfile id: 0
[2026-04-03T11:17:00.593+0000] {spark_submit.py:491} INFO - 26/04/03 11:17:00 INFO SecurityManager: Changing view acls to: airflow
[2026-04-03T11:17:00.593+0000] {spark_submit.py:491} INFO - 26/04/03 11:17:00 INFO SecurityManager: Changing modify acls to: airflow
[2026-04-03T11:17:00.597+0000] {spark_submit.py:491} INFO - 26/04/03 11:17:00 INFO SecurityManager: Changing view acls groups to:
[2026-04-03T11:17:00.603+0000] {spark_submit.py:491} INFO - 26/04/03 11:17:00 INFO SecurityManager: Changing modify acls groups to:
[2026-04-03T11:17:00.611+0000] {spark_submit.py:491} INFO - 26/04/03 11:17:00 INFO SecurityManager: SecurityManager: authentication disabled; ui acls disabled; users  with view permissions: Set(airflow); groups with view permissions: Set(); users  with modify permissions: Set(airflow); groups with modify permissions: Set()
[2026-04-03T11:17:02.066+0000] {spark_submit.py:491} INFO - 26/04/03 11:17:02 INFO Utils: Successfully started service 'sparkDriver' on port 34721.
[2026-04-03T11:17:02.223+0000] {spark_submit.py:491} INFO - 26/04/03 11:17:02 INFO SparkEnv: Registering MapOutputTracker
[2026-04-03T11:17:02.381+0000] {spark_submit.py:491} INFO - 26/04/03 11:17:02 INFO SparkEnv: Registering BlockManagerMaster
[2026-04-03T11:17:02.431+0000] {spark_submit.py:491} INFO - 26/04/03 11:17:02 INFO BlockManagerMasterEndpoint: Using org.apache.spark.storage.DefaultTopologyMapper for getting topology information
[2026-04-03T11:17:02.436+0000] {spark_submit.py:491} INFO - 26/04/03 11:17:02 INFO BlockManagerMasterEndpoint: BlockManagerMasterEndpoint up
[2026-04-03T11:17:02.448+0000] {spark_submit.py:491} INFO - 26/04/03 11:17:02 INFO SparkEnv: Registering BlockManagerMasterHeartbeat
[2026-04-03T11:17:02.554+0000] {spark_submit.py:491} INFO - 26/04/03 11:17:02 INFO DiskBlockManager: Created local directory at /tmp/blockmgr-d01fc58d-7be0-4a25-89b8-ebc9f059c20e
[2026-04-03T11:17:02.635+0000] {spark_submit.py:491} INFO - 26/04/03 11:17:02 INFO MemoryStore: MemoryStore started with capacity 434.4 MiB
[2026-04-03T11:17:02.744+0000] {spark_submit.py:491} INFO - 26/04/03 11:17:02 INFO SparkEnv: Registering OutputCommitCoordinator
[2026-04-03T11:17:03.634+0000] {spark_submit.py:491} INFO - 26/04/03 11:17:03 WARN Utils: Service 'SparkUI' could not bind on port 4040. Attempting port 4041.
[2026-04-03T11:17:03.635+0000] {spark_submit.py:491} INFO - 26/04/03 11:17:03 WARN Utils: Service 'SparkUI' could not bind on port 4041. Attempting port 4042.
[2026-04-03T11:17:03.637+0000] {spark_submit.py:491} INFO - 26/04/03 11:17:03 WARN Utils: Service 'SparkUI' could not bind on port 4042. Attempting port 4043.
[2026-04-03T11:17:03.640+0000] {spark_submit.py:491} INFO - 26/04/03 11:17:03 WARN Utils: Service 'SparkUI' could not bind on port 4043. Attempting port 4044.
[2026-04-03T11:17:03.641+0000] {spark_submit.py:491} INFO - 26/04/03 11:17:03 WARN Utils: Service 'SparkUI' could not bind on port 4044. Attempting port 4045.
[2026-04-03T11:17:03.643+0000] {spark_submit.py:491} INFO - 26/04/03 11:17:03 WARN Utils: Service 'SparkUI' could not bind on port 4045. Attempting port 4046.
[2026-04-03T11:17:03.712+0000] {spark_submit.py:491} INFO - 26/04/03 11:17:03 INFO Utils: Successfully started service 'SparkUI' on port 4046.
[2026-04-03T11:17:03.823+0000] {spark_submit.py:491} INFO - 26/04/03 11:17:03 INFO SparkContext: Added JAR file:///home/airflow/.ivy2/jars/org.apache.hadoop_hadoop-aws-3.3.2.jar at spark://ad303354f1ab:34721/jars/org.apache.hadoop_hadoop-aws-3.3.2.jar with timestamp 1775215019871
[2026-04-03T11:17:03.825+0000] {spark_submit.py:491} INFO - 26/04/03 11:17:03 INFO SparkContext: Added JAR file:///home/airflow/.ivy2/jars/com.amazonaws_aws-java-sdk-bundle-1.11.1026.jar at spark://ad303354f1ab:34721/jars/com.amazonaws_aws-java-sdk-bundle-1.11.1026.jar with timestamp 1775215019871
[2026-04-03T11:17:03.826+0000] {spark_submit.py:491} INFO - 26/04/03 11:17:03 INFO SparkContext: Added JAR file:///home/airflow/.ivy2/jars/io.delta_delta-core_2.12-2.3.0.jar at spark://ad303354f1ab:34721/jars/io.delta_delta-core_2.12-2.3.0.jar with timestamp 1775215019871
[2026-04-03T11:17:03.826+0000] {spark_submit.py:491} INFO - 26/04/03 11:17:03 INFO SparkContext: Added JAR file:///home/airflow/.ivy2/jars/org.wildfly.openssl_wildfly-openssl-1.0.7.Final.jar at spark://ad303354f1ab:34721/jars/org.wildfly.openssl_wildfly-openssl-1.0.7.Final.jar with timestamp 1775215019871
[2026-04-03T11:17:03.826+0000] {spark_submit.py:491} INFO - 26/04/03 11:17:03 INFO SparkContext: Added JAR file:///home/airflow/.ivy2/jars/io.delta_delta-storage-2.3.0.jar at spark://ad303354f1ab:34721/jars/io.delta_delta-storage-2.3.0.jar with timestamp 1775215019871
[2026-04-03T11:17:03.829+0000] {spark_submit.py:491} INFO - 26/04/03 11:17:03 INFO SparkContext: Added JAR file:///home/airflow/.ivy2/jars/org.antlr_antlr4-runtime-4.8.jar at spark://ad303354f1ab:34721/jars/org.antlr_antlr4-runtime-4.8.jar with timestamp 1775215019871
[2026-04-03T11:17:03.833+0000] {spark_submit.py:491} INFO - 26/04/03 11:17:03 INFO SparkContext: Added file file:///home/airflow/.ivy2/jars/org.apache.hadoop_hadoop-aws-3.3.2.jar at spark://ad303354f1ab:34721/files/org.apache.hadoop_hadoop-aws-3.3.2.jar with timestamp 1775215019871
[2026-04-03T11:17:03.841+0000] {spark_submit.py:491} INFO - 26/04/03 11:17:03 INFO Utils: Copying /home/airflow/.ivy2/jars/org.apache.hadoop_hadoop-aws-3.3.2.jar to /tmp/spark-fe7cb081-16ea-45ec-b063-f3b9feef68ed/userFiles-38fedfd5-056e-4dfe-9030-3a500fda3f9b/org.apache.hadoop_hadoop-aws-3.3.2.jar
[2026-04-03T11:17:03.873+0000] {spark_submit.py:491} INFO - 26/04/03 11:17:03 INFO SparkContext: Added file file:///home/airflow/.ivy2/jars/com.amazonaws_aws-java-sdk-bundle-1.11.1026.jar at spark://ad303354f1ab:34721/files/com.amazonaws_aws-java-sdk-bundle-1.11.1026.jar with timestamp 1775215019871
[2026-04-03T11:17:03.873+0000] {spark_submit.py:491} INFO - 26/04/03 11:17:03 INFO Utils: Copying /home/airflow/.ivy2/jars/com.amazonaws_aws-java-sdk-bundle-1.11.1026.jar to /tmp/spark-fe7cb081-16ea-45ec-b063-f3b9feef68ed/userFiles-38fedfd5-056e-4dfe-9030-3a500fda3f9b/com.amazonaws_aws-java-sdk-bundle-1.11.1026.jar
[2026-04-03T11:17:04.814+0000] {spark_submit.py:491} INFO - 26/04/03 11:17:04 INFO SparkContext: Added file file:///home/airflow/.ivy2/jars/io.delta_delta-core_2.12-2.3.0.jar at spark://ad303354f1ab:34721/files/io.delta_delta-core_2.12-2.3.0.jar with timestamp 1775215019871
[2026-04-03T11:17:04.814+0000] {spark_submit.py:491} INFO - 26/04/03 11:17:04 INFO Utils: Copying /home/airflow/.ivy2/jars/io.delta_delta-core_2.12-2.3.0.jar to /tmp/spark-fe7cb081-16ea-45ec-b063-f3b9feef68ed/userFiles-38fedfd5-056e-4dfe-9030-3a500fda3f9b/io.delta_delta-core_2.12-2.3.0.jar
[2026-04-03T11:17:04.856+0000] {spark_submit.py:491} INFO - 26/04/03 11:17:04 INFO SparkContext: Added file file:///home/airflow/.ivy2/jars/org.wildfly.openssl_wildfly-openssl-1.0.7.Final.jar at spark://ad303354f1ab:34721/files/org.wildfly.openssl_wildfly-openssl-1.0.7.Final.jar with timestamp 1775215019871
[2026-04-03T11:17:04.856+0000] {spark_submit.py:491} INFO - 26/04/03 11:17:04 INFO Utils: Copying /home/airflow/.ivy2/jars/org.wildfly.openssl_wildfly-openssl-1.0.7.Final.jar to /tmp/spark-fe7cb081-16ea-45ec-b063-f3b9feef68ed/userFiles-38fedfd5-056e-4dfe-9030-3a500fda3f9b/org.wildfly.openssl_wildfly-openssl-1.0.7.Final.jar
[2026-04-03T11:17:04.882+0000] {spark_submit.py:491} INFO - 26/04/03 11:17:04 INFO SparkContext: Added file file:///home/airflow/.ivy2/jars/io.delta_delta-storage-2.3.0.jar at spark://ad303354f1ab:34721/files/io.delta_delta-storage-2.3.0.jar with timestamp 1775215019871
[2026-04-03T11:17:04.883+0000] {spark_submit.py:491} INFO - 26/04/03 11:17:04 INFO Utils: Copying /home/airflow/.ivy2/jars/io.delta_delta-storage-2.3.0.jar to /tmp/spark-fe7cb081-16ea-45ec-b063-f3b9feef68ed/userFiles-38fedfd5-056e-4dfe-9030-3a500fda3f9b/io.delta_delta-storage-2.3.0.jar
[2026-04-03T11:17:04.897+0000] {spark_submit.py:491} INFO - 26/04/03 11:17:04 INFO SparkContext: Added file file:///home/airflow/.ivy2/jars/org.antlr_antlr4-runtime-4.8.jar at spark://ad303354f1ab:34721/files/org.antlr_antlr4-runtime-4.8.jar with timestamp 1775215019871
[2026-04-03T11:17:04.897+0000] {spark_submit.py:491} INFO - 26/04/03 11:17:04 INFO Utils: Copying /home/airflow/.ivy2/jars/org.antlr_antlr4-runtime-4.8.jar to /tmp/spark-fe7cb081-16ea-45ec-b063-f3b9feef68ed/userFiles-38fedfd5-056e-4dfe-9030-3a500fda3f9b/org.antlr_antlr4-runtime-4.8.jar
[2026-04-03T11:17:05.316+0000] {spark_submit.py:491} INFO - 26/04/03 11:17:05 INFO StandaloneAppClient$ClientEndpoint: Connecting to master spark://spark-master:7077...
[2026-04-03T11:17:05.468+0000] {spark_submit.py:491} INFO - 26/04/03 11:17:05 INFO TransportClientFactory: Successfully created connection to spark-master/172.18.0.6:7077 after 96 ms (0 ms spent in bootstraps)
[2026-04-03T11:17:06.092+0000] {spark_submit.py:491} INFO - 26/04/03 11:17:06 INFO StandaloneSchedulerBackend: Connected to Spark cluster with app ID app-20260403111706-0008
[2026-04-03T11:17:06.107+0000] {spark_submit.py:491} INFO - 26/04/03 11:17:06 INFO Utils: Successfully started service 'org.apache.spark.network.netty.NettyBlockTransferService' on port 34749.
[2026-04-03T11:17:06.107+0000] {spark_submit.py:491} INFO - 26/04/03 11:17:06 INFO NettyBlockTransferService: Server created on ad303354f1ab:34749
[2026-04-03T11:17:06.114+0000] {spark_submit.py:491} INFO - 26/04/03 11:17:06 INFO BlockManager: Using org.apache.spark.storage.RandomBlockReplicationPolicy for block replication policy
[2026-04-03T11:17:06.130+0000] {spark_submit.py:491} INFO - 26/04/03 11:17:06 INFO BlockManagerMaster: Registering BlockManager BlockManagerId(driver, ad303354f1ab, 34749, None)
[2026-04-03T11:17:06.141+0000] {spark_submit.py:491} INFO - 26/04/03 11:17:06 INFO BlockManagerMasterEndpoint: Registering block manager ad303354f1ab:34749 with 434.4 MiB RAM, BlockManagerId(driver, ad303354f1ab, 34749, None)
[2026-04-03T11:17:06.147+0000] {spark_submit.py:491} INFO - 26/04/03 11:17:06 INFO BlockManagerMaster: Registered BlockManager BlockManagerId(driver, ad303354f1ab, 34749, None)
[2026-04-03T11:17:06.150+0000] {spark_submit.py:491} INFO - 26/04/03 11:17:06 INFO BlockManager: Initialized BlockManager: BlockManagerId(driver, ad303354f1ab, 34749, None)
[2026-04-03T11:17:07.791+0000] {spark_submit.py:491} INFO - 26/04/03 11:17:07 INFO StandaloneSchedulerBackend: SchedulerBackend is ready for scheduling beginning after reached minRegisteredResourcesRatio: 0.0
[2026-04-03T11:17:14.235+0000] {spark_submit.py:491} INFO - INFO:silver_processor: Bắt đầu xử lý lớp Silver cho bảng: geolocation | Chế độ CDC: False
[2026-04-03T11:17:14.235+0000] {spark_submit.py:491} INFO - INFO:silver_processor: Bắt đầu quét Data Nóng từ Bronze...
[2026-04-03T11:17:15.413+0000] {spark_submit.py:491} INFO - 26/04/03 11:17:15 WARN MetricsConfig: Cannot locate configuration: tried hadoop-metrics2-s3a-file-system.properties,hadoop-metrics2.properties
[2026-04-03T11:17:41.515+0000] {local_task_job_runner.py:115} ERROR - Received SIGTERM. Terminating subprocesses
[2026-04-03T11:17:41.544+0000] {process_utils.py:131} INFO - Sending 15 to group 245. PIDs of all processes in the group: [266, 742, 245]
[2026-04-03T11:17:41.546+0000] {process_utils.py:86} INFO - Sending the signal 15 to group 245
[2026-04-03T11:17:41.551+0000] {taskinstance.py:1632} ERROR - Received SIGTERM. Terminating subprocesses.
[2026-04-03T11:17:41.552+0000] {spark_submit.py:618} INFO - Sending kill signal to spark-submit
[2026-04-03T11:17:41.635+0000] {taskinstance.py:1937} ERROR - Task failed with exception
Traceback (most recent call last):
  File "/home/airflow/.local/lib/python3.10/site-packages/airflow/providers/apache/spark/operators/spark_submit.py", line 156, in execute
    self._hook.submit(self._application)
  File "/home/airflow/.local/lib/python3.10/site-packages/airflow/providers/apache/spark/hooks/spark_submit.py", line 410, in submit
    self._process_spark_submit_log(iter(self._submit_sp.stdout))  # type: ignore
  File "/home/airflow/.local/lib/python3.10/site-packages/airflow/providers/apache/spark/hooks/spark_submit.py", line 459, in _process_spark_submit_log
    for line in itr:
  File "/home/airflow/.local/lib/python3.10/site-packages/airflow/models/taskinstance.py", line 1634, in signal_handler
    raise AirflowException("Task received SIGTERM signal")
airflow.exceptions.AirflowException: Task received SIGTERM signal
[2026-04-03T11:17:41.691+0000] {taskinstance.py:1400} INFO - Marking task as FAILED. dag_id=silver_spark_processor, task_id=process_silver_geolocation, execution_date=20260402T000000, start_date=20260403T111643, end_date=20260403T111741
[2026-04-03T11:17:41.923+0000] {standard_task_runner.py:104} ERROR - Failed to execute job 411 for task process_silver_geolocation (Task received SIGTERM signal; 245)
[2026-04-03T11:17:42.035+0000] {process_utils.py:79} INFO - Process psutil.Process(pid=266, status='terminated', started='11:16:42') (266) terminated with exit code None
[2026-04-03T11:17:42.036+0000] {process_utils.py:79} INFO - Process psutil.Process(pid=245, status='terminated', exitcode=1, started='11:16:42') (245) terminated with exit code 1
[2026-04-03T11:17:42.036+0000] {process_utils.py:79} INFO - Process psutil.Process(pid=742, status='terminated', started='11:16:56') (742) terminated with exit code None
[2026-04-03T11:17:42.037+0000] {local_task_job_runner.py:228} INFO - Task exited with return code 143
[2026-04-03T11:17:42.316+0000] {taskinstance.py:2778} INFO - 0 downstream tasks scheduled from follow-on schedule check
