[2026-04-03T12:13:12.298+0000] {taskinstance.py:1159} INFO - Dependencies all met for dep_context=non-requeueable deps ti=<TaskInstance: silver_spark_processor.process_silver_products scheduled__2026-04-02T00:00:00+00:00 [queued]>
[2026-04-03T12:13:12.311+0000] {taskinstance.py:1159} INFO - Dependencies all met for dep_context=requeueable deps ti=<TaskInstance: silver_spark_processor.process_silver_products scheduled__2026-04-02T00:00:00+00:00 [queued]>
[2026-04-03T12:13:12.312+0000] {taskinstance.py:1361} INFO - Starting attempt 4 of 5
[2026-04-03T12:13:12.336+0000] {taskinstance.py:1382} INFO - Executing <Task(SparkSubmitOperator): process_silver_products> on 2026-04-02 00:00:00+00:00
[2026-04-03T12:13:12.347+0000] {standard_task_runner.py:57} INFO - Started process 203 to run task
[2026-04-03T12:13:12.353+0000] {standard_task_runner.py:84} INFO - Running: ['airflow', 'tasks', 'run', 'silver_spark_processor', 'process_silver_products', 'scheduled__2026-04-02T00:00:00+00:00', '--job-id', '420', '--raw', '--subdir', 'DAGS_FOLDER/silver_processor_dag.py', '--cfg-path', '/tmp/tmp5t8xq1ve']
[2026-04-03T12:13:12.357+0000] {standard_task_runner.py:85} INFO - Job 420: Subtask process_silver_products
[2026-04-03T12:13:12.493+0000] {task_command.py:416} INFO - Running <TaskInstance: silver_spark_processor.process_silver_products scheduled__2026-04-02T00:00:00+00:00 [running]> on host 61fefe962695
[2026-04-03T12:13:12.672+0000] {taskinstance.py:1662} INFO - Exporting env vars: AIRFLOW_CTX_DAG_OWNER='data-team' AIRFLOW_CTX_DAG_ID='silver_spark_processor' AIRFLOW_CTX_TASK_ID='process_silver_products' AIRFLOW_CTX_EXECUTION_DATE='2026-04-02T00:00:00+00:00' AIRFLOW_CTX_TRY_NUMBER='4' AIRFLOW_CTX_DAG_RUN_ID='scheduled__2026-04-02T00:00:00+00:00'
[2026-04-03T12:13:12.689+0000] {base.py:73} INFO - Using connection ID 'spark_default' for task execution.
[2026-04-03T12:13:12.691+0000] {spark_submit.py:340} INFO - Spark-Submit cmd: spark-submit --master spark://spark-master:7077 --conf spark.sql.extensions=io.delta.sql.DeltaSparkSessionExtension --conf spark.sql.catalog.spark_catalog=org.apache.spark.sql.delta.catalog.DeltaCatalog --conf spark.databricks.delta.schema.autoMerge.enabled=true --jars /opt/airflow/etl/jars/hadoop-aws-3.3.2.jar,/opt/airflow/etl/jars/aws-java-sdk-bundle-1.11.1026.jar,/opt/airflow/etl/jars/delta-core_2.12-2.3.0.jar --executor-cores 1 --executor-memory 1g --driver-memory 1g --name airflow_silver_products /opt/airflow/etl/silver/main_silver.py --table_name products --merge_key product_id --is_cdc false --json_schema 
[2026-04-03T12:13:12.894+0000] {spark_submit.py:491} INFO - /home/airflow/.local/lib/python3.10/site-packages/pyspark/bin/load-spark-env.sh: line 68: ps: command not found
[2026-04-03T12:13:19.482+0000] {spark_submit.py:491} INFO - 26/04/03 12:13:19 WARN NativeCodeLoader: Unable to load native-hadoop library for your platform... using builtin-java classes where applicable
[2026-04-03T12:13:21.756+0000] {spark_submit.py:491} INFO - INFO:__main__:Khởi tạo Spark Job cho bảng: products
[2026-04-03T12:13:22.069+0000] {spark_submit.py:491} INFO - 26/04/03 12:13:22 INFO SparkContext: Running Spark version 3.3.2
[2026-04-03T12:13:22.221+0000] {spark_submit.py:491} INFO - 26/04/03 12:13:22 INFO ResourceUtils: ==============================================================
[2026-04-03T12:13:22.222+0000] {spark_submit.py:491} INFO - 26/04/03 12:13:22 INFO ResourceUtils: No custom resources configured for spark.driver.
[2026-04-03T12:13:22.226+0000] {spark_submit.py:491} INFO - 26/04/03 12:13:22 INFO ResourceUtils: ==============================================================
[2026-04-03T12:13:22.228+0000] {spark_submit.py:491} INFO - 26/04/03 12:13:22 INFO SparkContext: Submitted application: <class 'pyspark.sql.session.SparkSession'>
[2026-04-03T12:13:22.335+0000] {spark_submit.py:491} INFO - 26/04/03 12:13:22 INFO ResourceProfile: Default ResourceProfile created, executor resources: Map(cores -> name: cores, amount: 1, script: , vendor: , memory -> name: memory, amount: 1024, script: , vendor: , offHeap -> name: offHeap, amount: 0, script: , vendor: ), task resources: Map(cpus -> name: cpus, amount: 1.0)
[2026-04-03T12:13:22.379+0000] {spark_submit.py:491} INFO - 26/04/03 12:13:22 INFO ResourceProfile: Limiting resource is cpus at 1 tasks per executor
[2026-04-03T12:13:22.386+0000] {spark_submit.py:491} INFO - 26/04/03 12:13:22 INFO ResourceProfileManager: Added ResourceProfile id: 0
[2026-04-03T12:13:22.505+0000] {spark_submit.py:491} INFO - 26/04/03 12:13:22 INFO SecurityManager: Changing view acls to: airflow
[2026-04-03T12:13:22.509+0000] {spark_submit.py:491} INFO - 26/04/03 12:13:22 INFO SecurityManager: Changing modify acls to: airflow
[2026-04-03T12:13:22.510+0000] {spark_submit.py:491} INFO - 26/04/03 12:13:22 INFO SecurityManager: Changing view acls groups to:
[2026-04-03T12:13:22.511+0000] {spark_submit.py:491} INFO - 26/04/03 12:13:22 INFO SecurityManager: Changing modify acls groups to:
[2026-04-03T12:13:22.514+0000] {spark_submit.py:491} INFO - 26/04/03 12:13:22 INFO SecurityManager: SecurityManager: authentication disabled; ui acls disabled; users  with view permissions: Set(airflow); groups with view permissions: Set(); users  with modify permissions: Set(airflow); groups with modify permissions: Set()
[2026-04-03T12:13:23.376+0000] {spark_submit.py:491} INFO - 26/04/03 12:13:23 INFO Utils: Successfully started service 'sparkDriver' on port 34955.
[2026-04-03T12:13:23.516+0000] {spark_submit.py:491} INFO - 26/04/03 12:13:23 INFO SparkEnv: Registering MapOutputTracker
[2026-04-03T12:13:23.646+0000] {spark_submit.py:491} INFO - 26/04/03 12:13:23 INFO SparkEnv: Registering BlockManagerMaster
[2026-04-03T12:13:23.730+0000] {spark_submit.py:491} INFO - 26/04/03 12:13:23 INFO BlockManagerMasterEndpoint: Using org.apache.spark.storage.DefaultTopologyMapper for getting topology information
[2026-04-03T12:13:23.731+0000] {spark_submit.py:491} INFO - 26/04/03 12:13:23 INFO BlockManagerMasterEndpoint: BlockManagerMasterEndpoint up
[2026-04-03T12:13:23.745+0000] {spark_submit.py:491} INFO - 26/04/03 12:13:23 INFO SparkEnv: Registering BlockManagerMasterHeartbeat
[2026-04-03T12:13:23.829+0000] {spark_submit.py:491} INFO - 26/04/03 12:13:23 INFO DiskBlockManager: Created local directory at /tmp/blockmgr-e4b8c02f-897a-4f08-b79f-39dc4c09408e
[2026-04-03T12:13:23.875+0000] {spark_submit.py:491} INFO - 26/04/03 12:13:23 INFO MemoryStore: MemoryStore started with capacity 434.4 MiB
[2026-04-03T12:13:23.932+0000] {spark_submit.py:491} INFO - 26/04/03 12:13:23 INFO SparkEnv: Registering OutputCommitCoordinator
[2026-04-03T12:13:24.729+0000] {spark_submit.py:491} INFO - 26/04/03 12:13:24 WARN Utils: Service 'SparkUI' could not bind on port 4040. Attempting port 4041.
[2026-04-03T12:13:24.730+0000] {spark_submit.py:491} INFO - 26/04/03 12:13:24 WARN Utils: Service 'SparkUI' could not bind on port 4041. Attempting port 4042.
[2026-04-03T12:13:24.730+0000] {spark_submit.py:491} INFO - 26/04/03 12:13:24 WARN Utils: Service 'SparkUI' could not bind on port 4042. Attempting port 4043.
[2026-04-03T12:13:24.731+0000] {spark_submit.py:491} INFO - 26/04/03 12:13:24 WARN Utils: Service 'SparkUI' could not bind on port 4043. Attempting port 4044.
[2026-04-03T12:13:24.732+0000] {spark_submit.py:491} INFO - 26/04/03 12:13:24 WARN Utils: Service 'SparkUI' could not bind on port 4044. Attempting port 4045.
[2026-04-03T12:13:24.733+0000] {spark_submit.py:491} INFO - 26/04/03 12:13:24 WARN Utils: Service 'SparkUI' could not bind on port 4045. Attempting port 4046.
[2026-04-03T12:13:24.783+0000] {spark_submit.py:491} INFO - 26/04/03 12:13:24 INFO Utils: Successfully started service 'SparkUI' on port 4046.
[2026-04-03T12:13:24.886+0000] {spark_submit.py:491} INFO - 26/04/03 12:13:24 INFO SparkContext: Added JAR file:///opt/airflow/etl/jars/hadoop-aws-3.3.2.jar at spark://61fefe962695:34955/jars/hadoop-aws-3.3.2.jar with timestamp 1775218402020
[2026-04-03T12:13:24.888+0000] {spark_submit.py:491} INFO - 26/04/03 12:13:24 INFO SparkContext: Added JAR file:///opt/airflow/etl/jars/aws-java-sdk-bundle-1.11.1026.jar at spark://61fefe962695:34955/jars/aws-java-sdk-bundle-1.11.1026.jar with timestamp 1775218402020
[2026-04-03T12:13:24.888+0000] {spark_submit.py:491} INFO - 26/04/03 12:13:24 INFO SparkContext: Added JAR file:///opt/airflow/etl/jars/delta-core_2.12-2.3.0.jar at spark://61fefe962695:34955/jars/delta-core_2.12-2.3.0.jar with timestamp 1775218402020
[2026-04-03T12:13:25.239+0000] {spark_submit.py:491} INFO - 26/04/03 12:13:25 INFO StandaloneAppClient$ClientEndpoint: Connecting to master spark://spark-master:7077...
[2026-04-03T12:13:25.442+0000] {spark_submit.py:491} INFO - 26/04/03 12:13:25 INFO TransportClientFactory: Successfully created connection to spark-master/172.18.0.3:7077 after 105 ms (0 ms spent in bootstraps)
[2026-04-03T12:13:26.450+0000] {spark_submit.py:491} INFO - 26/04/03 12:13:26 INFO StandaloneSchedulerBackend: Connected to Spark cluster with app ID app-20260403121326-0007
[2026-04-03T12:13:26.512+0000] {spark_submit.py:491} INFO - 26/04/03 12:13:26 INFO Utils: Successfully started service 'org.apache.spark.network.netty.NettyBlockTransferService' on port 41061.
[2026-04-03T12:13:26.512+0000] {spark_submit.py:491} INFO - 26/04/03 12:13:26 INFO NettyBlockTransferService: Server created on 61fefe962695:41061
[2026-04-03T12:13:26.525+0000] {spark_submit.py:491} INFO - 26/04/03 12:13:26 INFO BlockManager: Using org.apache.spark.storage.RandomBlockReplicationPolicy for block replication policy
[2026-04-03T12:13:26.596+0000] {spark_submit.py:491} INFO - 26/04/03 12:13:26 INFO BlockManagerMaster: Registering BlockManager BlockManagerId(driver, 61fefe962695, 41061, None)
[2026-04-03T12:13:26.635+0000] {spark_submit.py:491} INFO - 26/04/03 12:13:26 INFO BlockManagerMasterEndpoint: Registering block manager 61fefe962695:41061 with 434.4 MiB RAM, BlockManagerId(driver, 61fefe962695, 41061, None)
[2026-04-03T12:13:26.643+0000] {spark_submit.py:491} INFO - 26/04/03 12:13:26 INFO BlockManagerMaster: Registered BlockManager BlockManagerId(driver, 61fefe962695, 41061, None)
[2026-04-03T12:13:26.664+0000] {spark_submit.py:491} INFO - 26/04/03 12:13:26 INFO BlockManager: Initialized BlockManager: BlockManagerId(driver, 61fefe962695, 41061, None)
[2026-04-03T12:13:28.949+0000] {spark_submit.py:491} INFO - 26/04/03 12:13:28 INFO StandaloneSchedulerBackend: SchedulerBackend is ready for scheduling beginning after reached minRegisteredResourcesRatio: 0.0
