[2026-04-03T14:44:57.474+0000] {taskinstance.py:1159} INFO - Dependencies all met for dep_context=non-requeueable deps ti=<TaskInstance: silver_spark_processor.process_silver_products scheduled__2026-04-02T00:00:00+00:00 [queued]>
[2026-04-03T14:44:57.488+0000] {taskinstance.py:1159} INFO - Dependencies all met for dep_context=requeueable deps ti=<TaskInstance: silver_spark_processor.process_silver_products scheduled__2026-04-02T00:00:00+00:00 [queued]>
[2026-04-03T14:44:57.488+0000] {taskinstance.py:1361} INFO - Starting attempt 14 of 15
[2026-04-03T14:44:57.507+0000] {taskinstance.py:1382} INFO - Executing <Task(SparkSubmitOperator): process_silver_products> on 2026-04-02 00:00:00+00:00
[2026-04-03T14:44:57.518+0000] {standard_task_runner.py:57} INFO - Started process 199 to run task
[2026-04-03T14:44:57.524+0000] {standard_task_runner.py:84} INFO - Running: ['airflow', 'tasks', 'run', 'silver_spark_processor', 'process_silver_products', 'scheduled__2026-04-02T00:00:00+00:00', '--job-id', '598', '--raw', '--subdir', 'DAGS_FOLDER/silver_processor_dag.py', '--cfg-path', '/tmp/tmp671dj73a']
[2026-04-03T14:44:57.527+0000] {standard_task_runner.py:85} INFO - Job 598: Subtask process_silver_products
[2026-04-03T14:44:57.617+0000] {task_command.py:416} INFO - Running <TaskInstance: silver_spark_processor.process_silver_products scheduled__2026-04-02T00:00:00+00:00 [running]> on host ff668b8b098e
[2026-04-03T14:44:57.771+0000] {taskinstance.py:1662} INFO - Exporting env vars: AIRFLOW_CTX_DAG_OWNER='data-team' AIRFLOW_CTX_DAG_ID='silver_spark_processor' AIRFLOW_CTX_TASK_ID='process_silver_products' AIRFLOW_CTX_EXECUTION_DATE='2026-04-02T00:00:00+00:00' AIRFLOW_CTX_TRY_NUMBER='14' AIRFLOW_CTX_DAG_RUN_ID='scheduled__2026-04-02T00:00:00+00:00'
[2026-04-03T14:44:57.789+0000] {base.py:73} INFO - Using connection ID 'spark_default' for task execution.
[2026-04-03T14:44:57.792+0000] {spark_submit.py:340} INFO - Spark-Submit cmd: spark-submit --master spark://spark-master:7077 --conf spark.sql.extensions=io.delta.sql.DeltaSparkSessionExtension --conf spark.sql.catalog.spark_catalog=org.apache.spark.sql.delta.catalog.DeltaCatalog --conf spark.databricks.delta.schema.autoMerge.enabled=true --jars /opt/airflow/etl/jars/hadoop-aws-3.3.2.jar,/opt/airflow/etl/jars/aws-java-sdk-bundle-1.11.1026.jar,/opt/airflow/etl/jars/delta-core_2.12-2.3.0.jar,/opt/airflow/etl/jars/delta-storage-2.3.0.jar --executor-cores 1 --executor-memory 1g --driver-memory 1g --name airflow_silver_products /opt/airflow/etl/silver/main_silver.py --table_name products --merge_key product_id --is_cdc false --json_schema 
[2026-04-03T14:44:57.981+0000] {spark_submit.py:491} INFO - /home/airflow/.local/lib/python3.10/site-packages/pyspark/bin/load-spark-env.sh: line 68: ps: command not found
[2026-04-03T14:45:04.834+0000] {spark_submit.py:491} INFO - 26/04/03 14:45:04 WARN NativeCodeLoader: Unable to load native-hadoop library for your platform... using builtin-java classes where applicable
[2026-04-03T14:45:07.434+0000] {spark_submit.py:491} INFO - INFO:__main__:Khởi tạo Spark Job cho bảng: products
[2026-04-03T14:45:07.686+0000] {spark_submit.py:491} INFO - 26/04/03 14:45:07 INFO SparkContext: Running Spark version 3.3.2
[2026-04-03T14:45:07.818+0000] {spark_submit.py:491} INFO - 26/04/03 14:45:07 INFO ResourceUtils: ==============================================================
[2026-04-03T14:45:07.819+0000] {spark_submit.py:491} INFO - 26/04/03 14:45:07 INFO ResourceUtils: No custom resources configured for spark.driver.
[2026-04-03T14:45:07.820+0000] {spark_submit.py:491} INFO - 26/04/03 14:45:07 INFO ResourceUtils: ==============================================================
[2026-04-03T14:45:07.821+0000] {spark_submit.py:491} INFO - 26/04/03 14:45:07 INFO SparkContext: Submitted application: <class 'pyspark.sql.session.SparkSession'>
[2026-04-03T14:45:07.895+0000] {spark_submit.py:491} INFO - 26/04/03 14:45:07 INFO ResourceProfile: Default ResourceProfile created, executor resources: Map(cores -> name: cores, amount: 1, script: , vendor: , memory -> name: memory, amount: 1024, script: , vendor: , offHeap -> name: offHeap, amount: 0, script: , vendor: ), task resources: Map(cpus -> name: cpus, amount: 1.0)
[2026-04-03T14:45:07.924+0000] {spark_submit.py:491} INFO - 26/04/03 14:45:07 INFO ResourceProfile: Limiting resource is cpus at 1 tasks per executor
[2026-04-03T14:45:07.927+0000] {spark_submit.py:491} INFO - 26/04/03 14:45:07 INFO ResourceProfileManager: Added ResourceProfile id: 0
[2026-04-03T14:45:08.122+0000] {spark_submit.py:491} INFO - 26/04/03 14:45:08 INFO SecurityManager: Changing view acls to: airflow
[2026-04-03T14:45:08.130+0000] {spark_submit.py:491} INFO - 26/04/03 14:45:08 INFO SecurityManager: Changing modify acls to: airflow
[2026-04-03T14:45:08.130+0000] {spark_submit.py:491} INFO - 26/04/03 14:45:08 INFO SecurityManager: Changing view acls groups to:
[2026-04-03T14:45:08.131+0000] {spark_submit.py:491} INFO - 26/04/03 14:45:08 INFO SecurityManager: Changing modify acls groups to:
[2026-04-03T14:45:08.136+0000] {spark_submit.py:491} INFO - 26/04/03 14:45:08 INFO SecurityManager: SecurityManager: authentication disabled; ui acls disabled; users  with view permissions: Set(airflow); groups with view permissions: Set(); users  with modify permissions: Set(airflow); groups with modify permissions: Set()
[2026-04-03T14:45:09.127+0000] {spark_submit.py:491} INFO - 26/04/03 14:45:09 INFO Utils: Successfully started service 'sparkDriver' on port 36737.
[2026-04-03T14:45:09.264+0000] {spark_submit.py:491} INFO - 26/04/03 14:45:09 INFO SparkEnv: Registering MapOutputTracker
[2026-04-03T14:45:09.457+0000] {spark_submit.py:491} INFO - 26/04/03 14:45:09 INFO SparkEnv: Registering BlockManagerMaster
[2026-04-03T14:45:09.564+0000] {spark_submit.py:491} INFO - 26/04/03 14:45:09 INFO BlockManagerMasterEndpoint: Using org.apache.spark.storage.DefaultTopologyMapper for getting topology information
[2026-04-03T14:45:09.564+0000] {spark_submit.py:491} INFO - 26/04/03 14:45:09 INFO BlockManagerMasterEndpoint: BlockManagerMasterEndpoint up
[2026-04-03T14:45:09.588+0000] {spark_submit.py:491} INFO - 26/04/03 14:45:09 INFO SparkEnv: Registering BlockManagerMasterHeartbeat
[2026-04-03T14:45:09.639+0000] {spark_submit.py:491} INFO - 26/04/03 14:45:09 INFO DiskBlockManager: Created local directory at /tmp/blockmgr-b2b97f75-f7a7-4a46-bbbf-a437de8c49c8
[2026-04-03T14:45:09.708+0000] {spark_submit.py:491} INFO - 26/04/03 14:45:09 INFO MemoryStore: MemoryStore started with capacity 434.4 MiB
[2026-04-03T14:45:09.798+0000] {spark_submit.py:491} INFO - 26/04/03 14:45:09 INFO SparkEnv: Registering OutputCommitCoordinator
[2026-04-03T14:45:10.506+0000] {spark_submit.py:491} INFO - 26/04/03 14:45:10 WARN Utils: Service 'SparkUI' could not bind on port 4040. Attempting port 4041.
[2026-04-03T14:45:10.506+0000] {spark_submit.py:491} INFO - 26/04/03 14:45:10 WARN Utils: Service 'SparkUI' could not bind on port 4041. Attempting port 4042.
[2026-04-03T14:45:10.507+0000] {spark_submit.py:491} INFO - 26/04/03 14:45:10 WARN Utils: Service 'SparkUI' could not bind on port 4042. Attempting port 4043.
[2026-04-03T14:45:10.507+0000] {spark_submit.py:491} INFO - 26/04/03 14:45:10 WARN Utils: Service 'SparkUI' could not bind on port 4043. Attempting port 4044.
[2026-04-03T14:45:10.507+0000] {spark_submit.py:491} INFO - 26/04/03 14:45:10 WARN Utils: Service 'SparkUI' could not bind on port 4044. Attempting port 4045.
[2026-04-03T14:45:10.507+0000] {spark_submit.py:491} INFO - 26/04/03 14:45:10 WARN Utils: Service 'SparkUI' could not bind on port 4045. Attempting port 4046.
[2026-04-03T14:45:10.510+0000] {spark_submit.py:491} INFO - 26/04/03 14:45:10 WARN Utils: Service 'SparkUI' could not bind on port 4046. Attempting port 4047.
[2026-04-03T14:45:10.510+0000] {spark_submit.py:491} INFO - 26/04/03 14:45:10 WARN Utils: Service 'SparkUI' could not bind on port 4047. Attempting port 4048.
[2026-04-03T14:45:10.549+0000] {spark_submit.py:491} INFO - 26/04/03 14:45:10 INFO Utils: Successfully started service 'SparkUI' on port 4048.
[2026-04-03T14:45:10.726+0000] {spark_submit.py:491} INFO - 26/04/03 14:45:10 INFO SparkContext: Added JAR file:///opt/airflow/etl/jars/hadoop-aws-3.3.2.jar at spark://ff668b8b098e:36737/jars/hadoop-aws-3.3.2.jar with timestamp 1775227507655
[2026-04-03T14:45:10.728+0000] {spark_submit.py:491} INFO - 26/04/03 14:45:10 INFO SparkContext: Added JAR file:///opt/airflow/etl/jars/aws-java-sdk-bundle-1.11.1026.jar at spark://ff668b8b098e:36737/jars/aws-java-sdk-bundle-1.11.1026.jar with timestamp 1775227507655
[2026-04-03T14:45:10.728+0000] {spark_submit.py:491} INFO - 26/04/03 14:45:10 INFO SparkContext: Added JAR file:///opt/airflow/etl/jars/delta-core_2.12-2.3.0.jar at spark://ff668b8b098e:36737/jars/delta-core_2.12-2.3.0.jar with timestamp 1775227507655
[2026-04-03T14:45:10.728+0000] {spark_submit.py:491} INFO - 26/04/03 14:45:10 INFO SparkContext: Added JAR file:///opt/airflow/etl/jars/delta-storage-2.3.0.jar at spark://ff668b8b098e:36737/jars/delta-storage-2.3.0.jar with timestamp 1775227507655
[2026-04-03T14:45:11.167+0000] {spark_submit.py:491} INFO - 26/04/03 14:45:11 INFO StandaloneAppClient$ClientEndpoint: Connecting to master spark://spark-master:7077...
[2026-04-03T14:45:11.351+0000] {spark_submit.py:491} INFO - 26/04/03 14:45:11 INFO TransportClientFactory: Successfully created connection to spark-master/172.18.0.6:7077 after 93 ms (0 ms spent in bootstraps)
[2026-04-03T14:45:11.708+0000] {spark_submit.py:491} INFO - 26/04/03 14:45:11 INFO StandaloneSchedulerBackend: Connected to Spark cluster with app ID app-20260403144511-0033
[2026-04-03T14:45:11.747+0000] {spark_submit.py:491} INFO - 26/04/03 14:45:11 INFO Utils: Successfully started service 'org.apache.spark.network.netty.NettyBlockTransferService' on port 44479.
[2026-04-03T14:45:11.747+0000] {spark_submit.py:491} INFO - 26/04/03 14:45:11 INFO NettyBlockTransferService: Server created on ff668b8b098e:44479
[2026-04-03T14:45:11.757+0000] {spark_submit.py:491} INFO - 26/04/03 14:45:11 INFO BlockManager: Using org.apache.spark.storage.RandomBlockReplicationPolicy for block replication policy
[2026-04-03T14:45:11.776+0000] {spark_submit.py:491} INFO - 26/04/03 14:45:11 INFO BlockManagerMaster: Registering BlockManager BlockManagerId(driver, ff668b8b098e, 44479, None)
[2026-04-03T14:45:11.785+0000] {spark_submit.py:491} INFO - 26/04/03 14:45:11 INFO BlockManagerMasterEndpoint: Registering block manager ff668b8b098e:44479 with 434.4 MiB RAM, BlockManagerId(driver, ff668b8b098e, 44479, None)
[2026-04-03T14:45:11.793+0000] {spark_submit.py:491} INFO - 26/04/03 14:45:11 INFO BlockManagerMaster: Registered BlockManager BlockManagerId(driver, ff668b8b098e, 44479, None)
[2026-04-03T14:45:11.800+0000] {spark_submit.py:491} INFO - 26/04/03 14:45:11 INFO BlockManager: Initialized BlockManager: BlockManagerId(driver, ff668b8b098e, 44479, None)
[2026-04-03T14:45:12.504+0000] {spark_submit.py:491} INFO - 26/04/03 14:45:12 INFO StandaloneSchedulerBackend: SchedulerBackend is ready for scheduling beginning after reached minRegisteredResourcesRatio: 0.0
[2026-04-03T14:45:15.481+0000] {spark_submit.py:491} INFO - INFO:silver_processor: Bắt đầu xử lý lớp Silver cho bảng: products | Chế độ CDC: False
[2026-04-03T14:45:15.484+0000] {spark_submit.py:491} INFO - INFO:silver_processor: Bắt đầu quét Data Nóng từ Bronze...
[2026-04-03T14:45:16.407+0000] {spark_submit.py:491} INFO - 26/04/03 14:45:16 WARN MetricsConfig: Cannot locate configuration: tried hadoop-metrics2-s3a-file-system.properties,hadoop-metrics2.properties
[2026-04-03T14:48:50.691+0000] {local_task_job_runner.py:115} ERROR - Received SIGTERM. Terminating subprocesses
[2026-04-03T14:48:50.857+0000] {process_utils.py:131} INFO - Sending 15 to group 199. PIDs of all processes in the group: [208, 261, 707, 199]
[2026-04-03T14:48:50.862+0000] {process_utils.py:86} INFO - Sending the signal 15 to group 199
[2026-04-03T14:48:50.908+0000] {process_utils.py:79} INFO - Process psutil.Process(pid=707, status='terminated', started='14:45:05') (707) terminated with exit code None
[2026-04-03T14:48:50.894+0000] {taskinstance.py:1632} ERROR - Received SIGTERM. Terminating subprocesses.
[2026-04-03T14:48:50.947+0000] {spark_submit.py:618} INFO - Sending kill signal to spark-submit
[2026-04-03T14:48:51.282+0000] {taskinstance.py:1937} ERROR - Task failed with exception
Traceback (most recent call last):
  File "/home/airflow/.local/lib/python3.10/site-packages/airflow/providers/apache/spark/operators/spark_submit.py", line 156, in execute
    self._hook.submit(self._application)
  File "/home/airflow/.local/lib/python3.10/site-packages/airflow/providers/apache/spark/hooks/spark_submit.py", line 410, in submit
    self._process_spark_submit_log(iter(self._submit_sp.stdout))  # type: ignore
  File "/home/airflow/.local/lib/python3.10/site-packages/airflow/providers/apache/spark/hooks/spark_submit.py", line 459, in _process_spark_submit_log
    for line in itr:
  File "/home/airflow/.local/lib/python3.10/site-packages/airflow/models/taskinstance.py", line 1634, in signal_handler
    raise AirflowException("Task received SIGTERM signal")
airflow.exceptions.AirflowException: Task received SIGTERM signal
[2026-04-03T14:48:51.343+0000] {taskinstance.py:1400} INFO - Marking task as UP_FOR_RETRY. dag_id=silver_spark_processor, task_id=process_silver_products, execution_date=20260402T000000, start_date=20260403T144457, end_date=20260403T144851
[2026-04-03T14:48:51.427+0000] {process_utils.py:79} INFO - Process psutil.Process(pid=261, status='terminated', started='14:44:57') (261) terminated with exit code None
[2026-04-03T14:48:51.513+0000] {standard_task_runner.py:104} ERROR - Failed to execute job 598 for task process_silver_products (Task received SIGTERM signal; 199)
[2026-04-03T14:48:51.560+0000] {process_utils.py:79} INFO - Process psutil.Process(pid=199, status='terminated', exitcode=1, started='14:44:57') (199) terminated with exit code 1
[2026-04-03T14:48:51.560+0000] {process_utils.py:79} INFO - Process psutil.Process(pid=208, status='terminated', started='14:44:57') (208) terminated with exit code None
[2026-04-03T14:48:51.562+0000] {local_task_job_runner.py:228} INFO - Task exited with return code 143
[2026-04-03T14:48:51.720+0000] {taskinstance.py:2778} INFO - 0 downstream tasks scheduled from follow-on schedule check
[2026-04-03T14:48:53.053+0000] {local_task_job_runner.py:115} ERROR - Received SIGTERM. Terminating subprocesses
[2026-04-03T14:48:53.054+0000] {local_task_job_runner.py:228} INFO - Task exited with return code 143
