[2026-04-04T09:28:43.060+0000] {taskinstance.py:1159} INFO - Dependencies all met for dep_context=non-requeueable deps ti=<TaskInstance: silver_spark_processor.process_silver_products scheduled__2026-04-02T00:00:00+00:00 [queued]>
[2026-04-04T09:28:43.085+0000] {taskinstance.py:1159} INFO - Dependencies all met for dep_context=requeueable deps ti=<TaskInstance: silver_spark_processor.process_silver_products scheduled__2026-04-02T00:00:00+00:00 [queued]>
[2026-04-04T09:28:43.085+0000] {taskinstance.py:1361} INFO - Starting attempt 16 of 16
[2026-04-04T09:28:43.125+0000] {taskinstance.py:1382} INFO - Executing <Task(SparkSubmitOperator): process_silver_products> on 2026-04-02 00:00:00+00:00
[2026-04-04T09:28:43.141+0000] {standard_task_runner.py:57} INFO - Started process 2416 to run task
[2026-04-04T09:28:43.146+0000] {standard_task_runner.py:84} INFO - Running: ['airflow', 'tasks', 'run', 'silver_spark_processor', 'process_silver_products', 'scheduled__2026-04-02T00:00:00+00:00', '--job-id', '664', '--raw', '--subdir', 'DAGS_FOLDER/silver_processor_dag.py', '--cfg-path', '/tmp/tmpu2f979zc']
[2026-04-04T09:28:43.151+0000] {standard_task_runner.py:85} INFO - Job 664: Subtask process_silver_products
[2026-04-04T09:28:43.273+0000] {task_command.py:416} INFO - Running <TaskInstance: silver_spark_processor.process_silver_products scheduled__2026-04-02T00:00:00+00:00 [running]> on host 03c232fb577d
[2026-04-04T09:28:43.477+0000] {taskinstance.py:1662} INFO - Exporting env vars: AIRFLOW_CTX_DAG_OWNER='data-team' AIRFLOW_CTX_DAG_ID='silver_spark_processor' AIRFLOW_CTX_TASK_ID='process_silver_products' AIRFLOW_CTX_EXECUTION_DATE='2026-04-02T00:00:00+00:00' AIRFLOW_CTX_TRY_NUMBER='16' AIRFLOW_CTX_DAG_RUN_ID='scheduled__2026-04-02T00:00:00+00:00'
[2026-04-04T09:28:43.504+0000] {base.py:73} INFO - Using connection ID 'spark_default' for task execution.
[2026-04-04T09:28:43.511+0000] {spark_submit.py:340} INFO - Spark-Submit cmd: spark-submit --master spark://spark-master:7077 --conf spark.sql.extensions=io.delta.sql.DeltaSparkSessionExtension --conf spark.sql.catalog.spark_catalog=org.apache.spark.sql.delta.catalog.DeltaCatalog --conf spark.databricks.delta.schema.autoMerge.enabled=true --conf spark.hadoop.fs.s3a.endpoint=http://minio:9000 --conf spark.hadoop.fs.s3a.access.key=minio --conf spark.hadoop.fs.s3a.secret.key=****** --conf spark.hadoop.fs.s3a.path.style.access=true --conf spark.hadoop.fs.s3a.connection.ssl.enabled=false --conf spark.hadoop.fs.s3a.impl=org.apache.hadoop.fs.s3a.S3AFileSystem --conf spark.sql.parquet.enableVectorizedReader=false --conf spark.sql.legacy.parquet.nanosAsLong=true --conf spark.sql.parquet.int64RebaseModeInRead=LEGACY --conf spark.sql.parquet.datetimeRebaseModeInRead=LEGACY --jars /opt/airflow/etl/jars/hadoop-aws-3.3.2.jar,/opt/airflow/etl/jars/aws-java-sdk-bundle-1.11.1026.jar,/opt/airflow/etl/jars/delta-core_2.12-2.3.0.jar,/opt/airflow/etl/jars/delta-storage-2.3.0.jar,/opt/airflow/etl/jars/mysql-connector-java-8.0.28.jar --executor-cores 1 --executor-memory 1g --driver-memory 512m --name airflow_silver_products --verbose /opt/airflow/etl/silver/main_silver.py --table_name products --merge_key product_id --is_cdc false --json_schema 
[2026-04-04T09:28:43.943+0000] {spark_submit.py:491} INFO - /home/airflow/.local/lib/python3.10/site-packages/pyspark/bin/load-spark-env.sh: line 68: ps: command not found
[2026-04-04T09:28:46.775+0000] {spark_submit.py:491} INFO - Using properties file: null
[2026-04-04T09:28:46.899+0000] {spark_submit.py:491} INFO - Parsed arguments:
[2026-04-04T09:28:46.899+0000] {spark_submit.py:491} INFO - master                  spark://spark-master:7077
[2026-04-04T09:28:46.899+0000] {spark_submit.py:491} INFO - deployMode              null
[2026-04-04T09:28:46.899+0000] {spark_submit.py:491} INFO - executorMemory          1g
[2026-04-04T09:28:46.900+0000] {spark_submit.py:491} INFO - executorCores           1
[2026-04-04T09:28:46.900+0000] {spark_submit.py:491} INFO - totalExecutorCores      null
[2026-04-04T09:28:46.900+0000] {spark_submit.py:491} INFO - propertiesFile          null
[2026-04-04T09:28:46.900+0000] {spark_submit.py:491} INFO - driverMemory            512m
[2026-04-04T09:28:46.900+0000] {spark_submit.py:491} INFO - driverCores             null
[2026-04-04T09:28:46.900+0000] {spark_submit.py:491} INFO - driverExtraClassPath    null
[2026-04-04T09:28:46.900+0000] {spark_submit.py:491} INFO - driverExtraLibraryPath  null
[2026-04-04T09:28:46.900+0000] {spark_submit.py:491} INFO - driverExtraJavaOptions  null
[2026-04-04T09:28:46.900+0000] {spark_submit.py:491} INFO - supervise               false
[2026-04-04T09:28:46.900+0000] {spark_submit.py:491} INFO - queue                   null
[2026-04-04T09:28:46.900+0000] {spark_submit.py:491} INFO - numExecutors            null
[2026-04-04T09:28:46.900+0000] {spark_submit.py:491} INFO - files                   null
[2026-04-04T09:28:46.900+0000] {spark_submit.py:491} INFO - pyFiles                 null
[2026-04-04T09:28:46.900+0000] {spark_submit.py:491} INFO - archives                null
[2026-04-04T09:28:46.900+0000] {spark_submit.py:491} INFO - mainClass               null
[2026-04-04T09:28:46.901+0000] {spark_submit.py:491} INFO - primaryResource         file:/opt/airflow/etl/silver/main_silver.py
[2026-04-04T09:28:46.901+0000] {spark_submit.py:491} INFO - name                    airflow_silver_products
[2026-04-04T09:28:46.901+0000] {spark_submit.py:491} INFO - childArgs               [--table_name products --merge_key product_id --is_cdc false --json_schema ]
[2026-04-04T09:28:46.901+0000] {spark_submit.py:491} INFO - jars                    file:/opt/airflow/etl/jars/hadoop-aws-3.3.2.jar,file:/opt/airflow/etl/jars/aws-java-sdk-bundle-1.11.1026.jar,file:/opt/airflow/etl/jars/delta-core_2.12-2.3.0.jar,file:/opt/airflow/etl/jars/delta-storage-2.3.0.jar,file:/opt/airflow/etl/jars/mysql-connector-java-8.0.28.jar
[2026-04-04T09:28:46.901+0000] {spark_submit.py:491} INFO - packages                null
[2026-04-04T09:28:46.901+0000] {spark_submit.py:491} INFO - packagesExclusions      null
[2026-04-04T09:28:46.901+0000] {spark_submit.py:491} INFO - repositories            null
[2026-04-04T09:28:46.901+0000] {spark_submit.py:491} INFO - verbose                 true
[2026-04-04T09:28:46.901+0000] {spark_submit.py:491} INFO - 
[2026-04-04T09:28:46.901+0000] {spark_submit.py:491} INFO - Spark properties used, including those specified through
[2026-04-04T09:28:46.901+0000] {spark_submit.py:491} INFO - --conf and those from the properties file null:
[2026-04-04T09:28:46.901+0000] {spark_submit.py:491} INFO - (spark.databricks.delta.schema.autoMerge.enabled,true)
[2026-04-04T09:28:46.901+0000] {spark_submit.py:491} INFO - (spark.driver.memory,512m)
[2026-04-04T09:28:46.901+0000] {spark_submit.py:491} INFO - (spark.hadoop.fs.s3a.access.key,*********(redacted))
[2026-04-04T09:28:46.901+0000] {spark_submit.py:491} INFO - (spark.hadoop.fs.s3a.connection.ssl.enabled,false)
[2026-04-04T09:28:46.901+0000] {spark_submit.py:491} INFO - (spark.hadoop.fs.s3a.endpoint,http://minio:9000)
[2026-04-04T09:28:46.902+0000] {spark_submit.py:491} INFO - (spark.hadoop.fs.s3a.impl,org.apache.hadoop.fs.s3a.S3AFileSystem)
[2026-04-04T09:28:46.902+0000] {spark_submit.py:491} INFO - (spark.hadoop.fs.s3a.path.style.access,true)
[2026-04-04T09:28:46.902+0000] {spark_submit.py:491} INFO - (spark.hadoop.fs.s3a.secret.key,*********(redacted))
[2026-04-04T09:28:46.902+0000] {spark_submit.py:491} INFO - (spark.sql.catalog.spark_catalog,org.apache.spark.sql.delta.catalog.DeltaCatalog)
[2026-04-04T09:28:46.902+0000] {spark_submit.py:491} INFO - (spark.sql.extensions,io.delta.sql.DeltaSparkSessionExtension)
[2026-04-04T09:28:46.902+0000] {spark_submit.py:491} INFO - (spark.sql.legacy.parquet.nanosAsLong,true)
[2026-04-04T09:28:46.902+0000] {spark_submit.py:491} INFO - (spark.sql.parquet.datetimeRebaseModeInRead,LEGACY)
[2026-04-04T09:28:46.902+0000] {spark_submit.py:491} INFO - (spark.sql.parquet.enableVectorizedReader,false)
[2026-04-04T09:28:46.902+0000] {spark_submit.py:491} INFO - (spark.sql.parquet.int64RebaseModeInRead,LEGACY)
[2026-04-04T09:28:46.902+0000] {spark_submit.py:491} INFO - 
[2026-04-04T09:28:46.902+0000] {spark_submit.py:491} INFO - 
[2026-04-04T09:28:47.343+0000] {spark_submit.py:491} INFO - 26/04/04 09:28:47 WARN NativeCodeLoader: Unable to load native-hadoop library for your platform... using builtin-java classes where applicable
[2026-04-04T09:28:47.558+0000] {spark_submit.py:491} INFO - Main class:
[2026-04-04T09:28:47.558+0000] {spark_submit.py:491} INFO - org.apache.spark.deploy.PythonRunner
[2026-04-04T09:28:47.559+0000] {spark_submit.py:491} INFO - Arguments:
[2026-04-04T09:28:47.559+0000] {spark_submit.py:491} INFO - file:/opt/airflow/etl/silver/main_silver.py
[2026-04-04T09:28:47.559+0000] {spark_submit.py:491} INFO - null
[2026-04-04T09:28:47.559+0000] {spark_submit.py:491} INFO - --table_name
[2026-04-04T09:28:47.559+0000] {spark_submit.py:491} INFO - products
[2026-04-04T09:28:47.559+0000] {spark_submit.py:491} INFO - --merge_key
[2026-04-04T09:28:47.559+0000] {spark_submit.py:491} INFO - product_id
[2026-04-04T09:28:47.559+0000] {spark_submit.py:491} INFO - --is_cdc
[2026-04-04T09:28:47.559+0000] {spark_submit.py:491} INFO - false
[2026-04-04T09:28:47.559+0000] {spark_submit.py:491} INFO - --json_schema
[2026-04-04T09:28:47.559+0000] {spark_submit.py:491} INFO - 
[2026-04-04T09:28:47.562+0000] {spark_submit.py:491} INFO - Spark config:
[2026-04-04T09:28:47.562+0000] {spark_submit.py:491} INFO - (spark.app.name,airflow_silver_products)
[2026-04-04T09:28:47.562+0000] {spark_submit.py:491} INFO - (spark.app.submitTime,1775294927539)
[2026-04-04T09:28:47.562+0000] {spark_submit.py:491} INFO - (spark.databricks.delta.schema.autoMerge.enabled,true)
[2026-04-04T09:28:47.562+0000] {spark_submit.py:491} INFO - (spark.driver.memory,512m)
[2026-04-04T09:28:47.563+0000] {spark_submit.py:491} INFO - (spark.executor.cores,1)
[2026-04-04T09:28:47.563+0000] {spark_submit.py:491} INFO - (spark.executor.memory,1g)
[2026-04-04T09:28:47.563+0000] {spark_submit.py:491} INFO - (spark.hadoop.fs.s3a.access.key,*********(redacted))
[2026-04-04T09:28:47.563+0000] {spark_submit.py:491} INFO - (spark.hadoop.fs.s3a.connection.ssl.enabled,false)
[2026-04-04T09:28:47.563+0000] {spark_submit.py:491} INFO - (spark.hadoop.fs.s3a.endpoint,http://minio:9000)
[2026-04-04T09:28:47.563+0000] {spark_submit.py:491} INFO - (spark.hadoop.fs.s3a.impl,org.apache.hadoop.fs.s3a.S3AFileSystem)
[2026-04-04T09:28:47.563+0000] {spark_submit.py:491} INFO - (spark.hadoop.fs.s3a.path.style.access,true)
[2026-04-04T09:28:47.563+0000] {spark_submit.py:491} INFO - (spark.hadoop.fs.s3a.secret.key,*********(redacted))
[2026-04-04T09:28:47.563+0000] {spark_submit.py:491} INFO - (spark.jars,file:///opt/airflow/etl/jars/hadoop-aws-3.3.2.jar,file:///opt/airflow/etl/jars/aws-java-sdk-bundle-1.11.1026.jar,file:///opt/airflow/etl/jars/delta-core_2.12-2.3.0.jar,file:///opt/airflow/etl/jars/delta-storage-2.3.0.jar,file:///opt/airflow/etl/jars/mysql-connector-java-8.0.28.jar)
[2026-04-04T09:28:47.563+0000] {spark_submit.py:491} INFO - (spark.master,spark://spark-master:7077)
[2026-04-04T09:28:47.563+0000] {spark_submit.py:491} INFO - (spark.repl.local.jars,file:///opt/airflow/etl/jars/hadoop-aws-3.3.2.jar,file:///opt/airflow/etl/jars/aws-java-sdk-bundle-1.11.1026.jar,file:///opt/airflow/etl/jars/delta-core_2.12-2.3.0.jar,file:///opt/airflow/etl/jars/delta-storage-2.3.0.jar,file:///opt/airflow/etl/jars/mysql-connector-java-8.0.28.jar)
[2026-04-04T09:28:47.564+0000] {spark_submit.py:491} INFO - (spark.sql.catalog.spark_catalog,org.apache.spark.sql.delta.catalog.DeltaCatalog)
[2026-04-04T09:28:47.564+0000] {spark_submit.py:491} INFO - (spark.sql.extensions,io.delta.sql.DeltaSparkSessionExtension)
[2026-04-04T09:28:47.564+0000] {spark_submit.py:491} INFO - (spark.sql.legacy.parquet.nanosAsLong,true)
[2026-04-04T09:28:47.564+0000] {spark_submit.py:491} INFO - (spark.sql.parquet.datetimeRebaseModeInRead,LEGACY)
[2026-04-04T09:28:47.564+0000] {spark_submit.py:491} INFO - (spark.sql.parquet.enableVectorizedReader,false)
[2026-04-04T09:28:47.564+0000] {spark_submit.py:491} INFO - (spark.sql.parquet.int64RebaseModeInRead,LEGACY)
[2026-04-04T09:28:47.564+0000] {spark_submit.py:491} INFO - (spark.submit.deployMode,client)
[2026-04-04T09:28:47.564+0000] {spark_submit.py:491} INFO - (spark.submit.pyFiles,)
[2026-04-04T09:28:47.564+0000] {spark_submit.py:491} INFO - Classpath elements:
[2026-04-04T09:28:47.564+0000] {spark_submit.py:491} INFO - file:///opt/airflow/etl/jars/hadoop-aws-3.3.2.jar
[2026-04-04T09:28:47.564+0000] {spark_submit.py:491} INFO - file:///opt/airflow/etl/jars/aws-java-sdk-bundle-1.11.1026.jar
[2026-04-04T09:28:47.565+0000] {spark_submit.py:491} INFO - file:///opt/airflow/etl/jars/delta-core_2.12-2.3.0.jar
[2026-04-04T09:28:47.565+0000] {spark_submit.py:491} INFO - file:///opt/airflow/etl/jars/delta-storage-2.3.0.jar
[2026-04-04T09:28:47.565+0000] {spark_submit.py:491} INFO - file:///opt/airflow/etl/jars/mysql-connector-java-8.0.28.jar
[2026-04-04T09:28:47.565+0000] {spark_submit.py:491} INFO - 
[2026-04-04T09:28:47.565+0000] {spark_submit.py:491} INFO - 
[2026-04-04T09:28:48.600+0000] {spark_submit.py:491} INFO - INFO:__main__:Khởi tạo Spark Job cho bảng: products
[2026-04-04T09:28:48.706+0000] {spark_submit.py:491} INFO - 26/04/04 09:28:48 INFO SparkContext: Running Spark version 3.3.2
[2026-04-04T09:28:48.739+0000] {spark_submit.py:491} INFO - 26/04/04 09:28:48 INFO ResourceUtils: ==============================================================
[2026-04-04T09:28:48.740+0000] {spark_submit.py:491} INFO - 26/04/04 09:28:48 INFO ResourceUtils: No custom resources configured for spark.driver.
[2026-04-04T09:28:48.740+0000] {spark_submit.py:491} INFO - 26/04/04 09:28:48 INFO ResourceUtils: ==============================================================
[2026-04-04T09:28:48.741+0000] {spark_submit.py:491} INFO - 26/04/04 09:28:48 INFO SparkContext: Submitted application: Silver_Processor_products
[2026-04-04T09:28:48.767+0000] {spark_submit.py:491} INFO - 26/04/04 09:28:48 INFO ResourceProfile: Default ResourceProfile created, executor resources: Map(cores -> name: cores, amount: 1, script: , vendor: , memory -> name: memory, amount: 1024, script: , vendor: , offHeap -> name: offHeap, amount: 0, script: , vendor: ), task resources: Map(cpus -> name: cpus, amount: 1.0)
[2026-04-04T09:28:48.780+0000] {spark_submit.py:491} INFO - 26/04/04 09:28:48 INFO ResourceProfile: Limiting resource is cpus at 1 tasks per executor
[2026-04-04T09:28:48.782+0000] {spark_submit.py:491} INFO - 26/04/04 09:28:48 INFO ResourceProfileManager: Added ResourceProfile id: 0
[2026-04-04T09:28:48.838+0000] {spark_submit.py:491} INFO - 26/04/04 09:28:48 INFO SecurityManager: Changing view acls to: airflow
[2026-04-04T09:28:48.839+0000] {spark_submit.py:491} INFO - 26/04/04 09:28:48 INFO SecurityManager: Changing modify acls to: airflow
[2026-04-04T09:28:48.840+0000] {spark_submit.py:491} INFO - 26/04/04 09:28:48 INFO SecurityManager: Changing view acls groups to:
[2026-04-04T09:28:48.840+0000] {spark_submit.py:491} INFO - 26/04/04 09:28:48 INFO SecurityManager: Changing modify acls groups to:
[2026-04-04T09:28:48.841+0000] {spark_submit.py:491} INFO - 26/04/04 09:28:48 INFO SecurityManager: SecurityManager: authentication disabled; ui acls disabled; users  with view permissions: Set(airflow); groups with view permissions: Set(); users  with modify permissions: Set(airflow); groups with modify permissions: Set()
[2026-04-04T09:28:49.156+0000] {spark_submit.py:491} INFO - 26/04/04 09:28:49 INFO Utils: Successfully started service 'sparkDriver' on port 42477.
[2026-04-04T09:28:49.201+0000] {spark_submit.py:491} INFO - 26/04/04 09:28:49 INFO SparkEnv: Registering MapOutputTracker
[2026-04-04T09:28:49.245+0000] {spark_submit.py:491} INFO - 26/04/04 09:28:49 INFO SparkEnv: Registering BlockManagerMaster
[2026-04-04T09:28:49.268+0000] {spark_submit.py:491} INFO - 26/04/04 09:28:49 INFO BlockManagerMasterEndpoint: Using org.apache.spark.storage.DefaultTopologyMapper for getting topology information
[2026-04-04T09:28:49.269+0000] {spark_submit.py:491} INFO - 26/04/04 09:28:49 INFO BlockManagerMasterEndpoint: BlockManagerMasterEndpoint up
[2026-04-04T09:28:49.275+0000] {spark_submit.py:491} INFO - 26/04/04 09:28:49 INFO SparkEnv: Registering BlockManagerMasterHeartbeat
[2026-04-04T09:28:49.301+0000] {spark_submit.py:491} INFO - 26/04/04 09:28:49 INFO DiskBlockManager: Created local directory at /tmp/blockmgr-4dd016d7-2cf2-48b1-9434-8bd3a3eff5a3
[2026-04-04T09:28:49.320+0000] {spark_submit.py:491} INFO - 26/04/04 09:28:49 INFO MemoryStore: MemoryStore started with capacity 127.2 MiB
[2026-04-04T09:28:49.340+0000] {spark_submit.py:491} INFO - 26/04/04 09:28:49 INFO SparkEnv: Registering OutputCommitCoordinator
[2026-04-04T09:28:49.566+0000] {spark_submit.py:491} INFO - 26/04/04 09:28:49 WARN Utils: Service 'SparkUI' could not bind on port 4040. Attempting port 4041.
[2026-04-04T09:28:49.575+0000] {spark_submit.py:491} INFO - 26/04/04 09:28:49 INFO Utils: Successfully started service 'SparkUI' on port 4041.
[2026-04-04T09:28:49.615+0000] {spark_submit.py:491} INFO - 26/04/04 09:28:49 INFO SparkContext: Added JAR file:///opt/airflow/etl/jars/hadoop-aws-3.3.2.jar at spark://03c232fb577d:42477/jars/hadoop-aws-3.3.2.jar with timestamp 1775294928696
[2026-04-04T09:28:49.615+0000] {spark_submit.py:491} INFO - 26/04/04 09:28:49 INFO SparkContext: Added JAR file:///opt/airflow/etl/jars/aws-java-sdk-bundle-1.11.1026.jar at spark://03c232fb577d:42477/jars/aws-java-sdk-bundle-1.11.1026.jar with timestamp 1775294928696
[2026-04-04T09:28:49.616+0000] {spark_submit.py:491} INFO - 26/04/04 09:28:49 INFO SparkContext: Added JAR file:///opt/airflow/etl/jars/delta-core_2.12-2.3.0.jar at spark://03c232fb577d:42477/jars/delta-core_2.12-2.3.0.jar with timestamp 1775294928696
[2026-04-04T09:28:49.616+0000] {spark_submit.py:491} INFO - 26/04/04 09:28:49 INFO SparkContext: Added JAR file:///opt/airflow/etl/jars/delta-storage-2.3.0.jar at spark://03c232fb577d:42477/jars/delta-storage-2.3.0.jar with timestamp 1775294928696
[2026-04-04T09:28:49.616+0000] {spark_submit.py:491} INFO - 26/04/04 09:28:49 INFO SparkContext: Added JAR file:///opt/airflow/etl/jars/mysql-connector-java-8.0.28.jar at spark://03c232fb577d:42477/jars/mysql-connector-java-8.0.28.jar with timestamp 1775294928696
[2026-04-04T09:28:49.713+0000] {spark_submit.py:491} INFO - 26/04/04 09:28:49 INFO StandaloneAppClient$ClientEndpoint: Connecting to master spark://spark-master:7077...
[2026-04-04T09:28:49.763+0000] {spark_submit.py:491} INFO - 26/04/04 09:28:49 INFO TransportClientFactory: Successfully created connection to spark-master/172.18.0.5:7077 after 30 ms (0 ms spent in bootstraps)
[2026-04-04T09:28:49.894+0000] {spark_submit.py:491} INFO - 26/04/04 09:28:49 INFO StandaloneSchedulerBackend: Connected to Spark cluster with app ID app-20260404092849-0007
[2026-04-04T09:28:49.916+0000] {spark_submit.py:491} INFO - 26/04/04 09:28:49 INFO Utils: Successfully started service 'org.apache.spark.network.netty.NettyBlockTransferService' on port 40271.
[2026-04-04T09:28:49.920+0000] {spark_submit.py:491} INFO - 26/04/04 09:28:49 INFO NettyBlockTransferService: Server created on 03c232fb577d:40271
[2026-04-04T09:28:49.922+0000] {spark_submit.py:491} INFO - 26/04/04 09:28:49 INFO BlockManager: Using org.apache.spark.storage.RandomBlockReplicationPolicy for block replication policy
[2026-04-04T09:28:49.948+0000] {spark_submit.py:491} INFO - 26/04/04 09:28:49 INFO BlockManagerMaster: Registering BlockManager BlockManagerId(driver, 03c232fb577d, 40271, None)
[2026-04-04T09:28:49.973+0000] {spark_submit.py:491} INFO - 26/04/04 09:28:49 INFO BlockManagerMasterEndpoint: Registering block manager 03c232fb577d:40271 with 127.2 MiB RAM, BlockManagerId(driver, 03c232fb577d, 40271, None)
[2026-04-04T09:28:49.981+0000] {spark_submit.py:491} INFO - 26/04/04 09:28:49 INFO BlockManagerMaster: Registered BlockManager BlockManagerId(driver, 03c232fb577d, 40271, None)
[2026-04-04T09:28:49.988+0000] {spark_submit.py:491} INFO - 26/04/04 09:28:49 INFO BlockManager: Initialized BlockManager: BlockManagerId(driver, 03c232fb577d, 40271, None)
[2026-04-04T09:28:50.577+0000] {spark_submit.py:491} INFO - 26/04/04 09:28:50 INFO StandaloneSchedulerBackend: SchedulerBackend is ready for scheduling beginning after reached minRegisteredResourcesRatio: 0.0
[2026-04-04T09:28:53.258+0000] {local_task_job_runner.py:294} WARNING - State of this instance has been externally set to failed. Terminating instance.
[2026-04-04T09:28:53.267+0000] {process_utils.py:131} INFO - Sending 15 to group 2416. PIDs of all processes in the group: [2419, 2530, 2416]
[2026-04-04T09:28:53.268+0000] {process_utils.py:86} INFO - Sending the signal 15 to group 2416
[2026-04-04T09:28:53.277+0000] {taskinstance.py:1632} ERROR - Received SIGTERM. Terminating subprocesses.
[2026-04-04T09:28:53.278+0000] {spark_submit.py:618} INFO - Sending kill signal to spark-submit
[2026-04-04T09:28:53.418+0000] {process_utils.py:79} INFO - Process psutil.Process(pid=2530, status='terminated', started='09:28:47') (2530) terminated with exit code None
[2026-04-04T09:28:53.419+0000] {process_utils.py:79} INFO - Process psutil.Process(pid=2416, status='terminated', exitcode=0, started='09:28:43') (2416) terminated with exit code 0
[2026-04-04T09:28:53.420+0000] {process_utils.py:79} INFO - Process psutil.Process(pid=2419, status='terminated', started='09:28:43') (2419) terminated with exit code None
