[2026-04-04T09:23:08.127+0000] {taskinstance.py:1159} INFO - Dependencies all met for dep_context=non-requeueable deps ti=<TaskInstance: silver_spark_processor.process_silver_products scheduled__2026-04-02T00:00:00+00:00 [queued]>
[2026-04-04T09:23:08.146+0000] {taskinstance.py:1159} INFO - Dependencies all met for dep_context=requeueable deps ti=<TaskInstance: silver_spark_processor.process_silver_products scheduled__2026-04-02T00:00:00+00:00 [queued]>
[2026-04-04T09:23:08.146+0000] {taskinstance.py:1361} INFO - Starting attempt 15 of 16
[2026-04-04T09:23:08.183+0000] {taskinstance.py:1382} INFO - Executing <Task(SparkSubmitOperator): process_silver_products> on 2026-04-02 00:00:00+00:00
[2026-04-04T09:23:08.195+0000] {standard_task_runner.py:57} INFO - Started process 1917 to run task
[2026-04-04T09:23:08.202+0000] {standard_task_runner.py:84} INFO - Running: ['airflow', 'tasks', 'run', 'silver_spark_processor', 'process_silver_products', 'scheduled__2026-04-02T00:00:00+00:00', '--job-id', '662', '--raw', '--subdir', 'DAGS_FOLDER/silver_processor_dag.py', '--cfg-path', '/tmp/tmp106cx1c7']
[2026-04-04T09:23:08.206+0000] {standard_task_runner.py:85} INFO - Job 662: Subtask process_silver_products
[2026-04-04T09:23:08.315+0000] {task_command.py:416} INFO - Running <TaskInstance: silver_spark_processor.process_silver_products scheduled__2026-04-02T00:00:00+00:00 [running]> on host 03c232fb577d
[2026-04-04T09:23:08.525+0000] {taskinstance.py:1662} INFO - Exporting env vars: AIRFLOW_CTX_DAG_OWNER='data-team' AIRFLOW_CTX_DAG_ID='silver_spark_processor' AIRFLOW_CTX_TASK_ID='process_silver_products' AIRFLOW_CTX_EXECUTION_DATE='2026-04-02T00:00:00+00:00' AIRFLOW_CTX_TRY_NUMBER='15' AIRFLOW_CTX_DAG_RUN_ID='scheduled__2026-04-02T00:00:00+00:00'
[2026-04-04T09:23:08.543+0000] {base.py:73} INFO - Using connection ID 'spark_default' for task execution.
[2026-04-04T09:23:08.547+0000] {spark_submit.py:340} INFO - Spark-Submit cmd: spark-submit --master spark://spark-master:7077 --conf spark.sql.extensions=io.delta.sql.DeltaSparkSessionExtension --conf spark.sql.catalog.spark_catalog=org.apache.spark.sql.delta.catalog.DeltaCatalog --conf spark.databricks.delta.schema.autoMerge.enabled=true --conf spark.hadoop.fs.s3a.endpoint=http://minio:9000 --conf spark.hadoop.fs.s3a.access.key=minio --conf spark.hadoop.fs.s3a.secret.key=****** --conf spark.hadoop.fs.s3a.path.style.access=true --conf spark.hadoop.fs.s3a.connection.ssl.enabled=false --conf spark.hadoop.fs.s3a.impl=org.apache.hadoop.fs.s3a.S3AFileSystem --conf spark.sql.parquet.enableVectorizedReader=false --conf spark.sql.legacy.parquet.nanosAsLong=true --conf spark.sql.parquet.int64RebaseModeInRead=LEGACY --conf spark.sql.parquet.datetimeRebaseModeInRead=LEGACY --jars /opt/airflow/etl/jars/hadoop-aws-3.3.2.jar,/opt/airflow/etl/jars/aws-java-sdk-bundle-1.11.1026.jar,/opt/airflow/etl/jars/delta-core_2.12-2.3.0.jar,/opt/airflow/etl/jars/delta-storage-2.3.0.jar,/opt/airflow/etl/jars/mysql-connector-java-8.0.28.jar --executor-cores 1 --executor-memory 1g --driver-memory 512m --name airflow_silver_products --verbose /opt/airflow/etl/silver/main_silver.py --table_name products --merge_key product_id --is_cdc false --json_schema 
[2026-04-04T09:23:08.847+0000] {spark_submit.py:491} INFO - /home/airflow/.local/lib/python3.10/site-packages/pyspark/bin/load-spark-env.sh: line 68: ps: command not found
[2026-04-04T09:23:13.020+0000] {spark_submit.py:491} INFO - Using properties file: null
[2026-04-04T09:23:13.328+0000] {spark_submit.py:491} INFO - Parsed arguments:
[2026-04-04T09:23:13.329+0000] {spark_submit.py:491} INFO - master                  spark://spark-master:7077
[2026-04-04T09:23:13.329+0000] {spark_submit.py:491} INFO - deployMode              null
[2026-04-04T09:23:13.329+0000] {spark_submit.py:491} INFO - executorMemory          1g
[2026-04-04T09:23:13.329+0000] {spark_submit.py:491} INFO - executorCores           1
[2026-04-04T09:23:13.329+0000] {spark_submit.py:491} INFO - totalExecutorCores      null
[2026-04-04T09:23:13.329+0000] {spark_submit.py:491} INFO - propertiesFile          null
[2026-04-04T09:23:13.329+0000] {spark_submit.py:491} INFO - driverMemory            512m
[2026-04-04T09:23:13.329+0000] {spark_submit.py:491} INFO - driverCores             null
[2026-04-04T09:23:13.329+0000] {spark_submit.py:491} INFO - driverExtraClassPath    null
[2026-04-04T09:23:13.330+0000] {spark_submit.py:491} INFO - driverExtraLibraryPath  null
[2026-04-04T09:23:13.330+0000] {spark_submit.py:491} INFO - driverExtraJavaOptions  null
[2026-04-04T09:23:13.330+0000] {spark_submit.py:491} INFO - supervise               false
[2026-04-04T09:23:13.330+0000] {spark_submit.py:491} INFO - queue                   null
[2026-04-04T09:23:13.330+0000] {spark_submit.py:491} INFO - numExecutors            null
[2026-04-04T09:23:13.330+0000] {spark_submit.py:491} INFO - files                   null
[2026-04-04T09:23:13.330+0000] {spark_submit.py:491} INFO - pyFiles                 null
[2026-04-04T09:23:13.330+0000] {spark_submit.py:491} INFO - archives                null
[2026-04-04T09:23:13.330+0000] {spark_submit.py:491} INFO - mainClass               null
[2026-04-04T09:23:13.330+0000] {spark_submit.py:491} INFO - primaryResource         file:/opt/airflow/etl/silver/main_silver.py
[2026-04-04T09:23:13.330+0000] {spark_submit.py:491} INFO - name                    airflow_silver_products
[2026-04-04T09:23:13.330+0000] {spark_submit.py:491} INFO - childArgs               [--table_name products --merge_key product_id --is_cdc false --json_schema ]
[2026-04-04T09:23:13.331+0000] {spark_submit.py:491} INFO - jars                    file:/opt/airflow/etl/jars/hadoop-aws-3.3.2.jar,file:/opt/airflow/etl/jars/aws-java-sdk-bundle-1.11.1026.jar,file:/opt/airflow/etl/jars/delta-core_2.12-2.3.0.jar,file:/opt/airflow/etl/jars/delta-storage-2.3.0.jar,file:/opt/airflow/etl/jars/mysql-connector-java-8.0.28.jar
[2026-04-04T09:23:13.331+0000] {spark_submit.py:491} INFO - packages                null
[2026-04-04T09:23:13.331+0000] {spark_submit.py:491} INFO - packagesExclusions      null
[2026-04-04T09:23:13.334+0000] {spark_submit.py:491} INFO - repositories            null
[2026-04-04T09:23:13.335+0000] {spark_submit.py:491} INFO - verbose                 true
[2026-04-04T09:23:13.335+0000] {spark_submit.py:491} INFO - 
[2026-04-04T09:23:13.335+0000] {spark_submit.py:491} INFO - Spark properties used, including those specified through
[2026-04-04T09:23:13.335+0000] {spark_submit.py:491} INFO - --conf and those from the properties file null:
[2026-04-04T09:23:13.335+0000] {spark_submit.py:491} INFO - (spark.databricks.delta.schema.autoMerge.enabled,true)
[2026-04-04T09:23:13.335+0000] {spark_submit.py:491} INFO - (spark.driver.memory,512m)
[2026-04-04T09:23:13.335+0000] {spark_submit.py:491} INFO - (spark.hadoop.fs.s3a.access.key,*********(redacted))
[2026-04-04T09:23:13.335+0000] {spark_submit.py:491} INFO - (spark.hadoop.fs.s3a.connection.ssl.enabled,false)
[2026-04-04T09:23:13.335+0000] {spark_submit.py:491} INFO - (spark.hadoop.fs.s3a.endpoint,http://minio:9000)
[2026-04-04T09:23:13.335+0000] {spark_submit.py:491} INFO - (spark.hadoop.fs.s3a.impl,org.apache.hadoop.fs.s3a.S3AFileSystem)
[2026-04-04T09:23:13.335+0000] {spark_submit.py:491} INFO - (spark.hadoop.fs.s3a.path.style.access,true)
[2026-04-04T09:23:13.336+0000] {spark_submit.py:491} INFO - (spark.hadoop.fs.s3a.secret.key,*********(redacted))
[2026-04-04T09:23:13.336+0000] {spark_submit.py:491} INFO - (spark.sql.catalog.spark_catalog,org.apache.spark.sql.delta.catalog.DeltaCatalog)
[2026-04-04T09:23:13.336+0000] {spark_submit.py:491} INFO - (spark.sql.extensions,io.delta.sql.DeltaSparkSessionExtension)
[2026-04-04T09:23:13.336+0000] {spark_submit.py:491} INFO - (spark.sql.legacy.parquet.nanosAsLong,true)
[2026-04-04T09:23:13.336+0000] {spark_submit.py:491} INFO - (spark.sql.parquet.datetimeRebaseModeInRead,LEGACY)
[2026-04-04T09:23:13.336+0000] {spark_submit.py:491} INFO - (spark.sql.parquet.enableVectorizedReader,false)
[2026-04-04T09:23:13.336+0000] {spark_submit.py:491} INFO - (spark.sql.parquet.int64RebaseModeInRead,LEGACY)
[2026-04-04T09:23:13.336+0000] {spark_submit.py:491} INFO - 
[2026-04-04T09:23:13.336+0000] {spark_submit.py:491} INFO - 
[2026-04-04T09:23:14.260+0000] {spark_submit.py:491} INFO - 26/04/04 09:23:14 WARN NativeCodeLoader: Unable to load native-hadoop library for your platform... using builtin-java classes where applicable
[2026-04-04T09:23:14.720+0000] {spark_submit.py:491} INFO - Main class:
[2026-04-04T09:23:14.720+0000] {spark_submit.py:491} INFO - org.apache.spark.deploy.PythonRunner
[2026-04-04T09:23:14.722+0000] {spark_submit.py:491} INFO - Arguments:
[2026-04-04T09:23:14.723+0000] {spark_submit.py:491} INFO - file:/opt/airflow/etl/silver/main_silver.py
[2026-04-04T09:23:14.723+0000] {spark_submit.py:491} INFO - null
[2026-04-04T09:23:14.724+0000] {spark_submit.py:491} INFO - --table_name
[2026-04-04T09:23:14.724+0000] {spark_submit.py:491} INFO - products
[2026-04-04T09:23:14.724+0000] {spark_submit.py:491} INFO - --merge_key
[2026-04-04T09:23:14.724+0000] {spark_submit.py:491} INFO - product_id
[2026-04-04T09:23:14.724+0000] {spark_submit.py:491} INFO - --is_cdc
[2026-04-04T09:23:14.724+0000] {spark_submit.py:491} INFO - false
[2026-04-04T09:23:14.724+0000] {spark_submit.py:491} INFO - --json_schema
[2026-04-04T09:23:14.724+0000] {spark_submit.py:491} INFO - 
[2026-04-04T09:23:14.731+0000] {spark_submit.py:491} INFO - Spark config:
[2026-04-04T09:23:14.732+0000] {spark_submit.py:491} INFO - (spark.app.name,airflow_silver_products)
[2026-04-04T09:23:14.732+0000] {spark_submit.py:491} INFO - (spark.app.submitTime,1775294594686)
[2026-04-04T09:23:14.733+0000] {spark_submit.py:491} INFO - (spark.databricks.delta.schema.autoMerge.enabled,true)
[2026-04-04T09:23:14.734+0000] {spark_submit.py:491} INFO - (spark.driver.memory,512m)
[2026-04-04T09:23:14.734+0000] {spark_submit.py:491} INFO - (spark.executor.cores,1)
[2026-04-04T09:23:14.734+0000] {spark_submit.py:491} INFO - (spark.executor.memory,1g)
[2026-04-04T09:23:14.734+0000] {spark_submit.py:491} INFO - (spark.hadoop.fs.s3a.access.key,*********(redacted))
[2026-04-04T09:23:14.734+0000] {spark_submit.py:491} INFO - (spark.hadoop.fs.s3a.connection.ssl.enabled,false)
[2026-04-04T09:23:14.734+0000] {spark_submit.py:491} INFO - (spark.hadoop.fs.s3a.endpoint,http://minio:9000)
[2026-04-04T09:23:14.734+0000] {spark_submit.py:491} INFO - (spark.hadoop.fs.s3a.impl,org.apache.hadoop.fs.s3a.S3AFileSystem)
[2026-04-04T09:23:14.734+0000] {spark_submit.py:491} INFO - (spark.hadoop.fs.s3a.path.style.access,true)
[2026-04-04T09:23:14.734+0000] {spark_submit.py:491} INFO - (spark.hadoop.fs.s3a.secret.key,*********(redacted))
[2026-04-04T09:23:14.734+0000] {spark_submit.py:491} INFO - (spark.jars,file:///opt/airflow/etl/jars/hadoop-aws-3.3.2.jar,file:///opt/airflow/etl/jars/aws-java-sdk-bundle-1.11.1026.jar,file:///opt/airflow/etl/jars/delta-core_2.12-2.3.0.jar,file:///opt/airflow/etl/jars/delta-storage-2.3.0.jar,file:///opt/airflow/etl/jars/mysql-connector-java-8.0.28.jar)
[2026-04-04T09:23:14.734+0000] {spark_submit.py:491} INFO - (spark.master,spark://spark-master:7077)
[2026-04-04T09:23:14.735+0000] {spark_submit.py:491} INFO - (spark.repl.local.jars,file:///opt/airflow/etl/jars/hadoop-aws-3.3.2.jar,file:///opt/airflow/etl/jars/aws-java-sdk-bundle-1.11.1026.jar,file:///opt/airflow/etl/jars/delta-core_2.12-2.3.0.jar,file:///opt/airflow/etl/jars/delta-storage-2.3.0.jar,file:///opt/airflow/etl/jars/mysql-connector-java-8.0.28.jar)
[2026-04-04T09:23:14.735+0000] {spark_submit.py:491} INFO - (spark.sql.catalog.spark_catalog,org.apache.spark.sql.delta.catalog.DeltaCatalog)
[2026-04-04T09:23:14.735+0000] {spark_submit.py:491} INFO - (spark.sql.extensions,io.delta.sql.DeltaSparkSessionExtension)
[2026-04-04T09:23:14.735+0000] {spark_submit.py:491} INFO - (spark.sql.legacy.parquet.nanosAsLong,true)
[2026-04-04T09:23:14.735+0000] {spark_submit.py:491} INFO - (spark.sql.parquet.datetimeRebaseModeInRead,LEGACY)
[2026-04-04T09:23:14.735+0000] {spark_submit.py:491} INFO - (spark.sql.parquet.enableVectorizedReader,false)
[2026-04-04T09:23:14.735+0000] {spark_submit.py:491} INFO - (spark.sql.parquet.int64RebaseModeInRead,LEGACY)
[2026-04-04T09:23:14.735+0000] {spark_submit.py:491} INFO - (spark.submit.deployMode,client)
[2026-04-04T09:23:14.735+0000] {spark_submit.py:491} INFO - (spark.submit.pyFiles,)
[2026-04-04T09:23:14.735+0000] {spark_submit.py:491} INFO - Classpath elements:
[2026-04-04T09:23:14.735+0000] {spark_submit.py:491} INFO - file:///opt/airflow/etl/jars/hadoop-aws-3.3.2.jar
[2026-04-04T09:23:14.735+0000] {spark_submit.py:491} INFO - file:///opt/airflow/etl/jars/aws-java-sdk-bundle-1.11.1026.jar
[2026-04-04T09:23:14.736+0000] {spark_submit.py:491} INFO - file:///opt/airflow/etl/jars/delta-core_2.12-2.3.0.jar
[2026-04-04T09:23:14.736+0000] {spark_submit.py:491} INFO - file:///opt/airflow/etl/jars/delta-storage-2.3.0.jar
[2026-04-04T09:23:14.736+0000] {spark_submit.py:491} INFO - file:///opt/airflow/etl/jars/mysql-connector-java-8.0.28.jar
[2026-04-04T09:23:14.736+0000] {spark_submit.py:491} INFO - 
[2026-04-04T09:23:14.739+0000] {spark_submit.py:491} INFO - 
[2026-04-04T09:23:16.927+0000] {spark_submit.py:491} INFO - INFO:__main__:Khởi tạo Spark Job cho bảng: products
[2026-04-04T09:23:17.201+0000] {spark_submit.py:491} INFO - 26/04/04 09:23:17 INFO SparkContext: Running Spark version 3.3.2
[2026-04-04T09:23:17.293+0000] {spark_submit.py:491} INFO - 26/04/04 09:23:17 INFO ResourceUtils: ==============================================================
[2026-04-04T09:23:17.294+0000] {spark_submit.py:491} INFO - 26/04/04 09:23:17 INFO ResourceUtils: No custom resources configured for spark.driver.
[2026-04-04T09:23:17.296+0000] {spark_submit.py:491} INFO - 26/04/04 09:23:17 INFO ResourceUtils: ==============================================================
[2026-04-04T09:23:17.298+0000] {spark_submit.py:491} INFO - 26/04/04 09:23:17 INFO SparkContext: Submitted application: Silver_Processor_products
[2026-04-04T09:23:17.368+0000] {spark_submit.py:491} INFO - 26/04/04 09:23:17 INFO ResourceProfile: Default ResourceProfile created, executor resources: Map(cores -> name: cores, amount: 1, script: , vendor: , memory -> name: memory, amount: 1024, script: , vendor: , offHeap -> name: offHeap, amount: 0, script: , vendor: ), task resources: Map(cpus -> name: cpus, amount: 1.0)
[2026-04-04T09:23:17.409+0000] {spark_submit.py:491} INFO - 26/04/04 09:23:17 INFO ResourceProfile: Limiting resource is cpus at 1 tasks per executor
[2026-04-04T09:23:17.414+0000] {spark_submit.py:491} INFO - 26/04/04 09:23:17 INFO ResourceProfileManager: Added ResourceProfile id: 0
[2026-04-04T09:23:17.547+0000] {spark_submit.py:491} INFO - 26/04/04 09:23:17 INFO SecurityManager: Changing view acls to: airflow
[2026-04-04T09:23:17.549+0000] {spark_submit.py:491} INFO - 26/04/04 09:23:17 INFO SecurityManager: Changing modify acls to: airflow
[2026-04-04T09:23:17.549+0000] {spark_submit.py:491} INFO - 26/04/04 09:23:17 INFO SecurityManager: Changing view acls groups to:
[2026-04-04T09:23:17.556+0000] {spark_submit.py:491} INFO - 26/04/04 09:23:17 INFO SecurityManager: Changing modify acls groups to:
[2026-04-04T09:23:17.556+0000] {spark_submit.py:491} INFO - 26/04/04 09:23:17 INFO SecurityManager: SecurityManager: authentication disabled; ui acls disabled; users  with view permissions: Set(airflow); groups with view permissions: Set(); users  with modify permissions: Set(airflow); groups with modify permissions: Set()
[2026-04-04T09:23:18.404+0000] {spark_submit.py:491} INFO - 26/04/04 09:23:18 INFO Utils: Successfully started service 'sparkDriver' on port 40025.
[2026-04-04T09:23:18.523+0000] {spark_submit.py:491} INFO - 26/04/04 09:23:18 INFO SparkEnv: Registering MapOutputTracker
[2026-04-04T09:23:18.646+0000] {spark_submit.py:491} INFO - 26/04/04 09:23:18 INFO SparkEnv: Registering BlockManagerMaster
[2026-04-04T09:23:18.706+0000] {spark_submit.py:491} INFO - 26/04/04 09:23:18 INFO BlockManagerMasterEndpoint: Using org.apache.spark.storage.DefaultTopologyMapper for getting topology information
[2026-04-04T09:23:18.709+0000] {spark_submit.py:491} INFO - 26/04/04 09:23:18 INFO BlockManagerMasterEndpoint: BlockManagerMasterEndpoint up
[2026-04-04T09:23:18.719+0000] {spark_submit.py:491} INFO - 26/04/04 09:23:18 INFO SparkEnv: Registering BlockManagerMasterHeartbeat
[2026-04-04T09:23:18.799+0000] {spark_submit.py:491} INFO - 26/04/04 09:23:18 INFO DiskBlockManager: Created local directory at /tmp/blockmgr-6f92d8b9-a780-4e62-a19c-aa8709df2f4d
[2026-04-04T09:23:18.835+0000] {spark_submit.py:491} INFO - 26/04/04 09:23:18 INFO MemoryStore: MemoryStore started with capacity 127.2 MiB
[2026-04-04T09:23:18.879+0000] {spark_submit.py:491} INFO - 26/04/04 09:23:18 INFO SparkEnv: Registering OutputCommitCoordinator
[2026-04-04T09:23:19.460+0000] {spark_submit.py:491} INFO - 26/04/04 09:23:19 WARN Utils: Service 'SparkUI' could not bind on port 4040. Attempting port 4041.
[2026-04-04T09:23:19.487+0000] {spark_submit.py:491} INFO - 26/04/04 09:23:19 INFO Utils: Successfully started service 'SparkUI' on port 4041.
[2026-04-04T09:23:19.569+0000] {spark_submit.py:491} INFO - 26/04/04 09:23:19 INFO SparkContext: Added JAR file:///opt/airflow/etl/jars/hadoop-aws-3.3.2.jar at spark://03c232fb577d:40025/jars/hadoop-aws-3.3.2.jar with timestamp 1775294597180
[2026-04-04T09:23:19.574+0000] {spark_submit.py:491} INFO - 26/04/04 09:23:19 INFO SparkContext: Added JAR file:///opt/airflow/etl/jars/aws-java-sdk-bundle-1.11.1026.jar at spark://03c232fb577d:40025/jars/aws-java-sdk-bundle-1.11.1026.jar with timestamp 1775294597180
[2026-04-04T09:23:19.574+0000] {spark_submit.py:491} INFO - 26/04/04 09:23:19 INFO SparkContext: Added JAR file:///opt/airflow/etl/jars/delta-core_2.12-2.3.0.jar at spark://03c232fb577d:40025/jars/delta-core_2.12-2.3.0.jar with timestamp 1775294597180
[2026-04-04T09:23:19.575+0000] {spark_submit.py:491} INFO - 26/04/04 09:23:19 INFO SparkContext: Added JAR file:///opt/airflow/etl/jars/delta-storage-2.3.0.jar at spark://03c232fb577d:40025/jars/delta-storage-2.3.0.jar with timestamp 1775294597180
[2026-04-04T09:23:19.575+0000] {spark_submit.py:491} INFO - 26/04/04 09:23:19 INFO SparkContext: Added JAR file:///opt/airflow/etl/jars/mysql-connector-java-8.0.28.jar at spark://03c232fb577d:40025/jars/mysql-connector-java-8.0.28.jar with timestamp 1775294597180
[2026-04-04T09:23:19.880+0000] {spark_submit.py:491} INFO - 26/04/04 09:23:19 INFO StandaloneAppClient$ClientEndpoint: Connecting to master spark://spark-master:7077...
[2026-04-04T09:23:20.021+0000] {spark_submit.py:491} INFO - 26/04/04 09:23:20 INFO TransportClientFactory: Successfully created connection to spark-master/172.18.0.5:7077 after 85 ms (0 ms spent in bootstraps)
[2026-04-04T09:23:20.266+0000] {spark_submit.py:491} INFO - 26/04/04 09:23:20 INFO StandaloneSchedulerBackend: Connected to Spark cluster with app ID app-20260404092320-0005
[2026-04-04T09:23:20.285+0000] {spark_submit.py:491} INFO - 26/04/04 09:23:20 INFO Utils: Successfully started service 'org.apache.spark.network.netty.NettyBlockTransferService' on port 35351.
[2026-04-04T09:23:20.285+0000] {spark_submit.py:491} INFO - 26/04/04 09:23:20 INFO NettyBlockTransferService: Server created on 03c232fb577d:35351
[2026-04-04T09:23:20.287+0000] {spark_submit.py:491} INFO - 26/04/04 09:23:20 INFO BlockManager: Using org.apache.spark.storage.RandomBlockReplicationPolicy for block replication policy
[2026-04-04T09:23:20.315+0000] {spark_submit.py:491} INFO - 26/04/04 09:23:20 INFO BlockManagerMaster: Registering BlockManager BlockManagerId(driver, 03c232fb577d, 35351, None)
[2026-04-04T09:23:20.324+0000] {spark_submit.py:491} INFO - 26/04/04 09:23:20 INFO BlockManagerMasterEndpoint: Registering block manager 03c232fb577d:35351 with 127.2 MiB RAM, BlockManagerId(driver, 03c232fb577d, 35351, None)
[2026-04-04T09:23:20.333+0000] {spark_submit.py:491} INFO - 26/04/04 09:23:20 INFO BlockManagerMaster: Registered BlockManager BlockManagerId(driver, 03c232fb577d, 35351, None)
[2026-04-04T09:23:20.339+0000] {spark_submit.py:491} INFO - 26/04/04 09:23:20 INFO BlockManager: Initialized BlockManager: BlockManagerId(driver, 03c232fb577d, 35351, None)
[2026-04-04T09:23:20.924+0000] {spark_submit.py:491} INFO - 26/04/04 09:23:20 INFO StandaloneSchedulerBackend: SchedulerBackend is ready for scheduling beginning after reached minRegisteredResourcesRatio: 0.0
[2026-04-04T09:23:28.827+0000] {spark_submit.py:491} INFO - INFO:silver_processor: Bắt đầu xử lý lớp Silver cho bảng: products | Chế độ CDC: False
[2026-04-04T09:23:28.828+0000] {spark_submit.py:491} INFO - INFO:silver_processor: Bắt đầu quét Data Nóng từ Bronze...
[2026-04-04T09:23:29.802+0000] {spark_submit.py:491} INFO - 26/04/04 09:23:29 WARN MetricsConfig: Cannot locate configuration: tried hadoop-metrics2-s3a-file-system.properties,hadoop-metrics2.properties
[2026-04-04T09:23:54.022+0000] {spark_submit.py:491} INFO - 26/04/04 09:23:54 WARN TaskSchedulerImpl: Initial job has not accepted any resources; check your cluster UI to ensure that workers are registered and have sufficient resources
[2026-04-04T09:24:09.021+0000] {spark_submit.py:491} INFO - 26/04/04 09:24:09 WARN TaskSchedulerImpl: Initial job has not accepted any resources; check your cluster UI to ensure that workers are registered and have sufficient resources
[2026-04-04T09:24:24.022+0000] {spark_submit.py:491} INFO - 26/04/04 09:24:24 WARN TaskSchedulerImpl: Initial job has not accepted any resources; check your cluster UI to ensure that workers are registered and have sufficient resources
[2026-04-04T09:24:39.021+0000] {spark_submit.py:491} INFO - 26/04/04 09:24:39 WARN TaskSchedulerImpl: Initial job has not accepted any resources; check your cluster UI to ensure that workers are registered and have sufficient resources
[2026-04-04T09:24:54.251+0000] {spark_submit.py:491} INFO - 26/04/04 09:24:54 WARN TaskSchedulerImpl: Initial job has not accepted any resources; check your cluster UI to ensure that workers are registered and have sufficient resources
[2026-04-04T09:25:09.559+0000] {spark_submit.py:491} INFO - 26/04/04 09:25:09 WARN TaskSchedulerImpl: Initial job has not accepted any resources; check your cluster UI to ensure that workers are registered and have sufficient resources
[2026-04-04T09:25:25.205+0000] {spark_submit.py:491} INFO - 26/04/04 09:25:24 WARN TaskSchedulerImpl: Initial job has not accepted any resources; check your cluster UI to ensure that workers are registered and have sufficient resources
[2026-04-04T09:25:39.229+0000] {spark_submit.py:491} INFO - 26/04/04 09:25:39 WARN TaskSchedulerImpl: Initial job has not accepted any resources; check your cluster UI to ensure that workers are registered and have sufficient resources
[2026-04-04T09:25:54.132+0000] {spark_submit.py:491} INFO - 26/04/04 09:25:54 WARN TaskSchedulerImpl: Initial job has not accepted any resources; check your cluster UI to ensure that workers are registered and have sufficient resources
[2026-04-04T09:26:09.369+0000] {spark_submit.py:491} INFO - 26/04/04 09:26:09 WARN TaskSchedulerImpl: Initial job has not accepted any resources; check your cluster UI to ensure that workers are registered and have sufficient resources
[2026-04-04T09:26:25.776+0000] {spark_submit.py:491} INFO - 26/04/04 09:26:25 WARN TaskSchedulerImpl: Initial job has not accepted any resources; check your cluster UI to ensure that workers are registered and have sufficient resources
[2026-04-04T09:26:51.708+0000] {spark_submit.py:491} INFO - 26/04/04 09:26:42 WARN TaskSchedulerImpl: Initial job has not accepted any resources; check your cluster UI to ensure that workers are registered and have sufficient resources
[2026-04-04T09:27:18.001+0000] {spark_submit.py:491} INFO - 26/04/04 09:26:57 WARN TaskSchedulerImpl: Initial job has not accepted any resources; check your cluster UI to ensure that workers are registered and have sufficient resources
[2026-04-04T09:27:20.154+0000] {spark_submit.py:491} INFO - 26/04/04 09:27:10 WARN TaskSchedulerImpl: Initial job has not accepted any resources; check your cluster UI to ensure that workers are registered and have sufficient resources
[2026-04-04T09:27:26.243+0000] {spark_submit.py:491} INFO - 26/04/04 09:27:25 WARN TaskSchedulerImpl: Initial job has not accepted any resources; check your cluster UI to ensure that workers are registered and have sufficient resources
[2026-04-04T09:27:43.428+0000] {spark_submit.py:491} INFO - 26/04/04 09:27:40 WARN TaskSchedulerImpl: Initial job has not accepted any resources; check your cluster UI to ensure that workers are registered and have sufficient resources
[2026-04-04T09:26:56.705+0000] {job.py:219} ERROR - Job heartbeat got an exception
Traceback (most recent call last):
  File "/home/airflow/.local/lib/python3.10/site-packages/sqlalchemy/engine/base.py", line 3371, in _wrap_pool_connect
    return fn()
  File "/home/airflow/.local/lib/python3.10/site-packages/sqlalchemy/pool/base.py", line 327, in connect
    return _ConnectionFairy._checkout(self)
  File "/home/airflow/.local/lib/python3.10/site-packages/sqlalchemy/pool/base.py", line 894, in _checkout
    fairy = _ConnectionRecord.checkout(pool)
  File "/home/airflow/.local/lib/python3.10/site-packages/sqlalchemy/pool/base.py", line 493, in checkout
    rec = pool._do_get()
  File "/home/airflow/.local/lib/python3.10/site-packages/sqlalchemy/pool/impl.py", line 256, in _do_get
    return self._create_connection()
  File "/home/airflow/.local/lib/python3.10/site-packages/sqlalchemy/pool/base.py", line 273, in _create_connection
    return _ConnectionRecord(self)
  File "/home/airflow/.local/lib/python3.10/site-packages/sqlalchemy/pool/base.py", line 388, in __init__
    self.__connect()
  File "/home/airflow/.local/lib/python3.10/site-packages/sqlalchemy/pool/base.py", line 690, in __connect
    with util.safe_reraise():
  File "/home/airflow/.local/lib/python3.10/site-packages/sqlalchemy/util/langhelpers.py", line 70, in __exit__
    compat.raise_(
  File "/home/airflow/.local/lib/python3.10/site-packages/sqlalchemy/util/compat.py", line 211, in raise_
    raise exception
  File "/home/airflow/.local/lib/python3.10/site-packages/sqlalchemy/pool/base.py", line 686, in __connect
    self.dbapi_connection = connection = pool._invoke_creator(self)
  File "/home/airflow/.local/lib/python3.10/site-packages/sqlalchemy/engine/create.py", line 574, in connect
    return dialect.connect(*cargs, **cparams)
  File "/home/airflow/.local/lib/python3.10/site-packages/sqlalchemy/engine/default.py", line 598, in connect
    return self.dbapi.connect(*cargs, **cparams)
  File "/home/airflow/.local/lib/python3.10/site-packages/psycopg2/__init__.py", line 122, in connect
    conn = _connect(dsn, connection_factory=connection_factory, **kwasync)
psycopg2.OperationalError: could not translate host name "postgres" to address: Temporary failure in name resolution


The above exception was the direct cause of the following exception:

Traceback (most recent call last):
  File "/home/airflow/.local/lib/python3.10/site-packages/airflow/jobs/job.py", line 215, in heartbeat
    heartbeat_callback(session)
  File "/home/airflow/.local/lib/python3.10/site-packages/airflow/utils/session.py", line 74, in wrapper
    return func(*args, **kwargs)
  File "/home/airflow/.local/lib/python3.10/site-packages/airflow/jobs/local_task_job_runner.py", line 246, in heartbeat_callback
    self.task_instance.refresh_from_db()
  File "/home/airflow/.local/lib/python3.10/site-packages/airflow/utils/session.py", line 77, in wrapper
    return func(*args, session=session, **kwargs)
  File "/home/airflow/.local/lib/python3.10/site-packages/airflow/models/taskinstance.py", line 866, in refresh_from_db
    ti = qry.one_or_none()
  File "/home/airflow/.local/lib/python3.10/site-packages/sqlalchemy/orm/query.py", line 2850, in one_or_none
    return self._iter().one_or_none()
  File "/home/airflow/.local/lib/python3.10/site-packages/sqlalchemy/orm/query.py", line 2916, in _iter
    result = self.session.execute(
  File "/home/airflow/.local/lib/python3.10/site-packages/sqlalchemy/orm/session.py", line 1716, in execute
    conn = self._connection_for_bind(bind)
  File "/home/airflow/.local/lib/python3.10/site-packages/sqlalchemy/orm/session.py", line 1555, in _connection_for_bind
    return self._transaction._connection_for_bind(
  File "/home/airflow/.local/lib/python3.10/site-packages/sqlalchemy/orm/session.py", line 750, in _connection_for_bind
    conn = bind.connect()
  File "/home/airflow/.local/lib/python3.10/site-packages/sqlalchemy/future/engine.py", line 406, in connect
    return super(Engine, self).connect()
  File "/home/airflow/.local/lib/python3.10/site-packages/sqlalchemy/engine/base.py", line 3325, in connect
    return self._connection_cls(self, close_with_result=close_with_result)
  File "/home/airflow/.local/lib/python3.10/site-packages/sqlalchemy/engine/base.py", line 96, in __init__
    else engine.raw_connection()
  File "/home/airflow/.local/lib/python3.10/site-packages/sqlalchemy/engine/base.py", line 3404, in raw_connection
    return self._wrap_pool_connect(self.pool.connect, _connection)
  File "/home/airflow/.local/lib/python3.10/site-packages/sqlalchemy/engine/base.py", line 3374, in _wrap_pool_connect
    Connection._handle_dbapi_exception_noconnection(
  File "/home/airflow/.local/lib/python3.10/site-packages/sqlalchemy/engine/base.py", line 2208, in _handle_dbapi_exception_noconnection
    util.raise_(
  File "/home/airflow/.local/lib/python3.10/site-packages/sqlalchemy/util/compat.py", line 211, in raise_
    raise exception
  File "/home/airflow/.local/lib/python3.10/site-packages/sqlalchemy/engine/base.py", line 3371, in _wrap_pool_connect
    return fn()
  File "/home/airflow/.local/lib/python3.10/site-packages/sqlalchemy/pool/base.py", line 327, in connect
    return _ConnectionFairy._checkout(self)
  File "/home/airflow/.local/lib/python3.10/site-packages/sqlalchemy/pool/base.py", line 894, in _checkout
    fairy = _ConnectionRecord.checkout(pool)
  File "/home/airflow/.local/lib/python3.10/site-packages/sqlalchemy/pool/base.py", line 493, in checkout
    rec = pool._do_get()
  File "/home/airflow/.local/lib/python3.10/site-packages/sqlalchemy/pool/impl.py", line 256, in _do_get
    return self._create_connection()
  File "/home/airflow/.local/lib/python3.10/site-packages/sqlalchemy/pool/base.py", line 273, in _create_connection
    return _ConnectionRecord(self)
  File "/home/airflow/.local/lib/python3.10/site-packages/sqlalchemy/pool/base.py", line 388, in __init__
    self.__connect()
  File "/home/airflow/.local/lib/python3.10/site-packages/sqlalchemy/pool/base.py", line 690, in __connect
    with util.safe_reraise():
  File "/home/airflow/.local/lib/python3.10/site-packages/sqlalchemy/util/langhelpers.py", line 70, in __exit__
    compat.raise_(
  File "/home/airflow/.local/lib/python3.10/site-packages/sqlalchemy/util/compat.py", line 211, in raise_
    raise exception
  File "/home/airflow/.local/lib/python3.10/site-packages/sqlalchemy/pool/base.py", line 686, in __connect
    self.dbapi_connection = connection = pool._invoke_creator(self)
  File "/home/airflow/.local/lib/python3.10/site-packages/sqlalchemy/engine/create.py", line 574, in connect
    return dialect.connect(*cargs, **cparams)
  File "/home/airflow/.local/lib/python3.10/site-packages/sqlalchemy/engine/default.py", line 598, in connect
    return self.dbapi.connect(*cargs, **cparams)
  File "/home/airflow/.local/lib/python3.10/site-packages/psycopg2/__init__.py", line 122, in connect
    conn = _connect(dsn, connection_factory=connection_factory, **kwasync)
sqlalchemy.exc.OperationalError: (psycopg2.OperationalError) could not translate host name "postgres" to address: Temporary failure in name resolution

(Background on this error at: https://sqlalche.me/e/14/e3q8)
[2026-04-04T09:28:06.561+0000] {spark_submit.py:491} INFO - 26/04/04 09:27:56 WARN TaskSchedulerImpl: Initial job has not accepted any resources; check your cluster UI to ensure that workers are registered and have sufficient resources
[2026-04-04T09:28:11.803+0000] {spark_submit.py:491} INFO - 26/04/04 09:28:10 WARN TaskSchedulerImpl: Initial job has not accepted any resources; check your cluster UI to ensure that workers are registered and have sufficient resources
[2026-04-04T09:28:24.688+0000] {spark_submit.py:491} INFO - 26/04/04 09:28:24 WARN TaskSchedulerImpl: Initial job has not accepted any resources; check your cluster UI to ensure that workers are registered and have sufficient resources
[2026-04-04T09:28:28.404+0000] {job.py:219} ERROR - Job heartbeat got an exception
Traceback (most recent call last):
  File "/home/airflow/.local/lib/python3.10/site-packages/sqlalchemy/engine/base.py", line 3371, in _wrap_pool_connect
    return fn()
  File "/home/airflow/.local/lib/python3.10/site-packages/sqlalchemy/pool/base.py", line 327, in connect
    return _ConnectionFairy._checkout(self)
  File "/home/airflow/.local/lib/python3.10/site-packages/sqlalchemy/pool/base.py", line 894, in _checkout
    fairy = _ConnectionRecord.checkout(pool)
  File "/home/airflow/.local/lib/python3.10/site-packages/sqlalchemy/pool/base.py", line 493, in checkout
    rec = pool._do_get()
  File "/home/airflow/.local/lib/python3.10/site-packages/sqlalchemy/pool/impl.py", line 256, in _do_get
    return self._create_connection()
  File "/home/airflow/.local/lib/python3.10/site-packages/sqlalchemy/pool/base.py", line 273, in _create_connection
    return _ConnectionRecord(self)
  File "/home/airflow/.local/lib/python3.10/site-packages/sqlalchemy/pool/base.py", line 388, in __init__
    self.__connect()
  File "/home/airflow/.local/lib/python3.10/site-packages/sqlalchemy/pool/base.py", line 690, in __connect
    with util.safe_reraise():
  File "/home/airflow/.local/lib/python3.10/site-packages/sqlalchemy/util/langhelpers.py", line 70, in __exit__
    compat.raise_(
  File "/home/airflow/.local/lib/python3.10/site-packages/sqlalchemy/util/compat.py", line 211, in raise_
    raise exception
  File "/home/airflow/.local/lib/python3.10/site-packages/sqlalchemy/pool/base.py", line 686, in __connect
    self.dbapi_connection = connection = pool._invoke_creator(self)
  File "/home/airflow/.local/lib/python3.10/site-packages/sqlalchemy/engine/create.py", line 574, in connect
    return dialect.connect(*cargs, **cparams)
  File "/home/airflow/.local/lib/python3.10/site-packages/sqlalchemy/engine/default.py", line 598, in connect
    return self.dbapi.connect(*cargs, **cparams)
  File "/home/airflow/.local/lib/python3.10/site-packages/psycopg2/__init__.py", line 122, in connect
    conn = _connect(dsn, connection_factory=connection_factory, **kwasync)
psycopg2.OperationalError: could not translate host name "postgres" to address: Temporary failure in name resolution


The above exception was the direct cause of the following exception:

Traceback (most recent call last):
  File "/home/airflow/.local/lib/python3.10/site-packages/airflow/jobs/job.py", line 190, in heartbeat
    session.merge(self)
  File "/home/airflow/.local/lib/python3.10/site-packages/sqlalchemy/orm/session.py", line 3056, in merge
    return self._merge(
  File "/home/airflow/.local/lib/python3.10/site-packages/sqlalchemy/orm/session.py", line 3136, in _merge
    merged = self.get(
  File "/home/airflow/.local/lib/python3.10/site-packages/sqlalchemy/orm/session.py", line 2853, in get
    return self._get_impl(
  File "/home/airflow/.local/lib/python3.10/site-packages/sqlalchemy/orm/session.py", line 2975, in _get_impl
    return db_load_fn(
  File "/home/airflow/.local/lib/python3.10/site-packages/sqlalchemy/orm/loading.py", line 530, in load_on_pk_identity
    session.execute(
  File "/home/airflow/.local/lib/python3.10/site-packages/sqlalchemy/orm/session.py", line 1716, in execute
    conn = self._connection_for_bind(bind)
  File "/home/airflow/.local/lib/python3.10/site-packages/sqlalchemy/orm/session.py", line 1555, in _connection_for_bind
    return self._transaction._connection_for_bind(
  File "/home/airflow/.local/lib/python3.10/site-packages/sqlalchemy/orm/session.py", line 750, in _connection_for_bind
    conn = bind.connect()
  File "/home/airflow/.local/lib/python3.10/site-packages/sqlalchemy/future/engine.py", line 406, in connect
    return super(Engine, self).connect()
  File "/home/airflow/.local/lib/python3.10/site-packages/sqlalchemy/engine/base.py", line 3325, in connect
    return self._connection_cls(self, close_with_result=close_with_result)
  File "/home/airflow/.local/lib/python3.10/site-packages/sqlalchemy/engine/base.py", line 96, in __init__
    else engine.raw_connection()
  File "/home/airflow/.local/lib/python3.10/site-packages/sqlalchemy/engine/base.py", line 3404, in raw_connection
    return self._wrap_pool_connect(self.pool.connect, _connection)
  File "/home/airflow/.local/lib/python3.10/site-packages/sqlalchemy/engine/base.py", line 3374, in _wrap_pool_connect
    Connection._handle_dbapi_exception_noconnection(
  File "/home/airflow/.local/lib/python3.10/site-packages/sqlalchemy/engine/base.py", line 2208, in _handle_dbapi_exception_noconnection
    util.raise_(
  File "/home/airflow/.local/lib/python3.10/site-packages/sqlalchemy/util/compat.py", line 211, in raise_
    raise exception
  File "/home/airflow/.local/lib/python3.10/site-packages/sqlalchemy/engine/base.py", line 3371, in _wrap_pool_connect
    return fn()
  File "/home/airflow/.local/lib/python3.10/site-packages/sqlalchemy/pool/base.py", line 327, in connect
    return _ConnectionFairy._checkout(self)
  File "/home/airflow/.local/lib/python3.10/site-packages/sqlalchemy/pool/base.py", line 894, in _checkout
    fairy = _ConnectionRecord.checkout(pool)
  File "/home/airflow/.local/lib/python3.10/site-packages/sqlalchemy/pool/base.py", line 493, in checkout
    rec = pool._do_get()
  File "/home/airflow/.local/lib/python3.10/site-packages/sqlalchemy/pool/impl.py", line 256, in _do_get
    return self._create_connection()
  File "/home/airflow/.local/lib/python3.10/site-packages/sqlalchemy/pool/base.py", line 273, in _create_connection
    return _ConnectionRecord(self)
  File "/home/airflow/.local/lib/python3.10/site-packages/sqlalchemy/pool/base.py", line 388, in __init__
    self.__connect()
  File "/home/airflow/.local/lib/python3.10/site-packages/sqlalchemy/pool/base.py", line 690, in __connect
    with util.safe_reraise():
  File "/home/airflow/.local/lib/python3.10/site-packages/sqlalchemy/util/langhelpers.py", line 70, in __exit__
    compat.raise_(
  File "/home/airflow/.local/lib/python3.10/site-packages/sqlalchemy/util/compat.py", line 211, in raise_
    raise exception
  File "/home/airflow/.local/lib/python3.10/site-packages/sqlalchemy/pool/base.py", line 686, in __connect
    self.dbapi_connection = connection = pool._invoke_creator(self)
  File "/home/airflow/.local/lib/python3.10/site-packages/sqlalchemy/engine/create.py", line 574, in connect
    return dialect.connect(*cargs, **cparams)
  File "/home/airflow/.local/lib/python3.10/site-packages/sqlalchemy/engine/default.py", line 598, in connect
    return self.dbapi.connect(*cargs, **cparams)
  File "/home/airflow/.local/lib/python3.10/site-packages/psycopg2/__init__.py", line 122, in connect
    conn = _connect(dsn, connection_factory=connection_factory, **kwasync)
sqlalchemy.exc.OperationalError: (psycopg2.OperationalError) could not translate host name "postgres" to address: Temporary failure in name resolution

(Background on this error at: https://sqlalche.me/e/14/e3q8)
[2026-04-04T09:28:39.182+0000] {spark_submit.py:491} INFO - 26/04/04 09:28:39 WARN TaskSchedulerImpl: Initial job has not accepted any resources; check your cluster UI to ensure that workers are registered and have sufficient resources
[2026-04-04T09:28:44.663+0000] {local_task_job_runner.py:274} WARNING - Recorded pid 2416 does not match the current pid 1917
[2026-04-04T09:28:44.667+0000] {process_utils.py:131} INFO - Sending 15 to group 1917. PIDs of all processes in the group: [1918, 1978, 1917]
[2026-04-04T09:28:44.667+0000] {process_utils.py:86} INFO - Sending the signal 15 to group 1917
[2026-04-04T09:28:44.668+0000] {taskinstance.py:1632} ERROR - Received SIGTERM. Terminating subprocesses.
[2026-04-04T09:28:44.669+0000] {spark_submit.py:618} INFO - Sending kill signal to spark-submit
[2026-04-04T09:28:44.702+0000] {taskinstance.py:1937} ERROR - Task failed with exception
Traceback (most recent call last):
  File "/home/airflow/.local/lib/python3.10/site-packages/airflow/providers/apache/spark/operators/spark_submit.py", line 156, in execute
    self._hook.submit(self._application)
  File "/home/airflow/.local/lib/python3.10/site-packages/airflow/providers/apache/spark/hooks/spark_submit.py", line 410, in submit
    self._process_spark_submit_log(iter(self._submit_sp.stdout))  # type: ignore
  File "/home/airflow/.local/lib/python3.10/site-packages/airflow/providers/apache/spark/hooks/spark_submit.py", line 459, in _process_spark_submit_log
    for line in itr:
  File "/home/airflow/.local/lib/python3.10/site-packages/airflow/models/taskinstance.py", line 1634, in signal_handler
    raise AirflowException("Task received SIGTERM signal")
airflow.exceptions.AirflowException: Task received SIGTERM signal
[2026-04-04T09:28:44.739+0000] {taskinstance.py:1400} INFO - Marking task as FAILED. dag_id=silver_spark_processor, task_id=process_silver_products, execution_date=20260402T000000, start_date=20260404T092843, end_date=20260404T092844
[2026-04-04T09:28:44.806+0000] {standard_task_runner.py:104} ERROR - Failed to execute job 662 for task process_silver_products (Task received SIGTERM signal; 1917)
[2026-04-04T09:28:44.848+0000] {process_utils.py:79} INFO - Process psutil.Process(pid=1917, status='terminated', exitcode=1, started='09:23:08') (1917) terminated with exit code 1
[2026-04-04T09:28:44.852+0000] {process_utils.py:79} INFO - Process psutil.Process(pid=1918, status='terminated', started='09:23:08') (1918) terminated with exit code None
[2026-04-04T09:28:44.853+0000] {process_utils.py:79} INFO - Process psutil.Process(pid=1978, status='terminated', started='09:23:14') (1978) terminated with exit code None
