[2026-04-03T13:35:25.206+0000] {taskinstance.py:1159} INFO - Dependencies all met for dep_context=non-requeueable deps ti=<TaskInstance: silver_spark_processor.process_silver_products scheduled__2026-04-02T00:00:00+00:00 [queued]>
[2026-04-03T13:35:25.223+0000] {taskinstance.py:1159} INFO - Dependencies all met for dep_context=requeueable deps ti=<TaskInstance: silver_spark_processor.process_silver_products scheduled__2026-04-02T00:00:00+00:00 [queued]>
[2026-04-03T13:35:25.223+0000] {taskinstance.py:1361} INFO - Starting attempt 6 of 5
[2026-04-03T13:35:25.256+0000] {taskinstance.py:1382} INFO - Executing <Task(SparkSubmitOperator): process_silver_products> on 2026-04-02 00:00:00+00:00
[2026-04-03T13:35:25.274+0000] {standard_task_runner.py:57} INFO - Started process 188 to run task
[2026-04-03T13:35:25.279+0000] {standard_task_runner.py:84} INFO - Running: ['airflow', 'tasks', 'run', 'silver_spark_processor', 'process_silver_products', 'scheduled__2026-04-02T00:00:00+00:00', '--job-id', '484', '--raw', '--subdir', 'DAGS_FOLDER/silver_processor_dag.py', '--cfg-path', '/tmp/tmpwgvb8lx8']
[2026-04-03T13:35:25.284+0000] {standard_task_runner.py:85} INFO - Job 484: Subtask process_silver_products
[2026-04-03T13:35:25.386+0000] {task_command.py:416} INFO - Running <TaskInstance: silver_spark_processor.process_silver_products scheduled__2026-04-02T00:00:00+00:00 [running]> on host 3e1e8c99e894
[2026-04-03T13:35:25.599+0000] {taskinstance.py:1662} INFO - Exporting env vars: AIRFLOW_CTX_DAG_OWNER='data-team' AIRFLOW_CTX_DAG_ID='silver_spark_processor' AIRFLOW_CTX_TASK_ID='process_silver_products' AIRFLOW_CTX_EXECUTION_DATE='2026-04-02T00:00:00+00:00' AIRFLOW_CTX_TRY_NUMBER='6' AIRFLOW_CTX_DAG_RUN_ID='scheduled__2026-04-02T00:00:00+00:00'
[2026-04-03T13:35:25.636+0000] {base.py:73} INFO - Using connection ID 'spark_default' for task execution.
[2026-04-03T13:35:25.640+0000] {spark_submit.py:340} INFO - Spark-Submit cmd: spark-submit --master spark://spark-master:7077 --conf spark.sql.extensions=io.delta.sql.DeltaSparkSessionExtension --conf spark.sql.catalog.spark_catalog=org.apache.spark.sql.delta.catalog.DeltaCatalog --conf spark.databricks.delta.schema.autoMerge.enabled=true --jars /opt/airflow/etl/jars/hadoop-aws-3.3.2.jar,/opt/airflow/etl/jars/aws-java-sdk-bundle-1.11.1026.jar,/opt/airflow/etl/jars/delta-core_2.12-2.3.0.jar --executor-cores 1 --executor-memory 1g --driver-memory 1g --name airflow_silver_products /opt/airflow/etl/silver/main_silver.py --table_name products --merge_key product_id --is_cdc false --json_schema 
[2026-04-03T13:35:25.923+0000] {spark_submit.py:491} INFO - /home/airflow/.local/lib/python3.10/site-packages/pyspark/bin/load-spark-env.sh: line 68: ps: command not found
[2026-04-03T13:35:35.798+0000] {spark_submit.py:491} INFO - 26/04/03 13:35:35 WARN NativeCodeLoader: Unable to load native-hadoop library for your platform... using builtin-java classes where applicable
[2026-04-03T13:35:39.778+0000] {spark_submit.py:491} INFO - INFO:__main__:Khởi tạo Spark Job cho bảng: products
[2026-04-03T13:35:40.114+0000] {spark_submit.py:491} INFO - 26/04/03 13:35:40 INFO SparkContext: Running Spark version 3.3.2
[2026-04-03T13:35:40.242+0000] {spark_submit.py:491} INFO - 26/04/03 13:35:40 INFO ResourceUtils: ==============================================================
[2026-04-03T13:35:40.243+0000] {spark_submit.py:491} INFO - 26/04/03 13:35:40 INFO ResourceUtils: No custom resources configured for spark.driver.
[2026-04-03T13:35:40.243+0000] {spark_submit.py:491} INFO - 26/04/03 13:35:40 INFO ResourceUtils: ==============================================================
[2026-04-03T13:35:40.244+0000] {spark_submit.py:491} INFO - 26/04/03 13:35:40 INFO SparkContext: Submitted application: <class 'pyspark.sql.session.SparkSession'>
[2026-04-03T13:35:40.356+0000] {spark_submit.py:491} INFO - 26/04/03 13:35:40 INFO ResourceProfile: Default ResourceProfile created, executor resources: Map(cores -> name: cores, amount: 1, script: , vendor: , memory -> name: memory, amount: 1024, script: , vendor: , offHeap -> name: offHeap, amount: 0, script: , vendor: ), task resources: Map(cpus -> name: cpus, amount: 1.0)
[2026-04-03T13:35:40.489+0000] {spark_submit.py:491} INFO - 26/04/03 13:35:40 INFO ResourceProfile: Limiting resource is cpus at 1 tasks per executor
[2026-04-03T13:35:40.508+0000] {spark_submit.py:491} INFO - 26/04/03 13:35:40 INFO ResourceProfileManager: Added ResourceProfile id: 0
[2026-04-03T13:35:40.793+0000] {spark_submit.py:491} INFO - 26/04/03 13:35:40 INFO SecurityManager: Changing view acls to: airflow
[2026-04-03T13:35:40.799+0000] {spark_submit.py:491} INFO - 26/04/03 13:35:40 INFO SecurityManager: Changing modify acls to: airflow
[2026-04-03T13:35:40.805+0000] {spark_submit.py:491} INFO - 26/04/03 13:35:40 INFO SecurityManager: Changing view acls groups to:
[2026-04-03T13:35:40.809+0000] {spark_submit.py:491} INFO - 26/04/03 13:35:40 INFO SecurityManager: Changing modify acls groups to:
[2026-04-03T13:35:40.812+0000] {spark_submit.py:491} INFO - 26/04/03 13:35:40 INFO SecurityManager: SecurityManager: authentication disabled; ui acls disabled; users  with view permissions: Set(airflow); groups with view permissions: Set(); users  with modify permissions: Set(airflow); groups with modify permissions: Set()
[2026-04-03T13:35:42.373+0000] {spark_submit.py:491} INFO - 26/04/03 13:35:42 INFO Utils: Successfully started service 'sparkDriver' on port 41411.
[2026-04-03T13:35:42.594+0000] {spark_submit.py:491} INFO - 26/04/03 13:35:42 INFO SparkEnv: Registering MapOutputTracker
[2026-04-03T13:35:42.687+0000] {spark_submit.py:491} INFO - 26/04/03 13:35:42 INFO SparkEnv: Registering BlockManagerMaster
[2026-04-03T13:35:42.753+0000] {spark_submit.py:491} INFO - 26/04/03 13:35:42 INFO BlockManagerMasterEndpoint: Using org.apache.spark.storage.DefaultTopologyMapper for getting topology information
[2026-04-03T13:35:42.754+0000] {spark_submit.py:491} INFO - 26/04/03 13:35:42 INFO BlockManagerMasterEndpoint: BlockManagerMasterEndpoint up
[2026-04-03T13:35:42.793+0000] {spark_submit.py:491} INFO - 26/04/03 13:35:42 INFO SparkEnv: Registering BlockManagerMasterHeartbeat
[2026-04-03T13:35:42.926+0000] {spark_submit.py:491} INFO - 26/04/03 13:35:42 INFO DiskBlockManager: Created local directory at /tmp/blockmgr-5ca86cae-2d86-49c4-82e6-01d7a4effab3
[2026-04-03T13:35:42.989+0000] {spark_submit.py:491} INFO - 26/04/03 13:35:42 INFO MemoryStore: MemoryStore started with capacity 434.4 MiB
[2026-04-03T13:35:43.077+0000] {spark_submit.py:491} INFO - 26/04/03 13:35:43 INFO SparkEnv: Registering OutputCommitCoordinator
[2026-04-03T13:35:43.972+0000] {spark_submit.py:491} INFO - 26/04/03 13:35:43 WARN Utils: Service 'SparkUI' could not bind on port 4040. Attempting port 4041.
[2026-04-03T13:35:43.973+0000] {spark_submit.py:491} INFO - 26/04/03 13:35:43 WARN Utils: Service 'SparkUI' could not bind on port 4041. Attempting port 4042.
[2026-04-03T13:35:44.043+0000] {spark_submit.py:491} INFO - 26/04/03 13:35:44 INFO Utils: Successfully started service 'SparkUI' on port 4042.
[2026-04-03T13:35:44.226+0000] {spark_submit.py:491} INFO - 26/04/03 13:35:44 INFO SparkContext: Added JAR file:///opt/airflow/etl/jars/hadoop-aws-3.3.2.jar at spark://3e1e8c99e894:41411/jars/hadoop-aws-3.3.2.jar with timestamp 1775223340071
[2026-04-03T13:35:44.229+0000] {spark_submit.py:491} INFO - 26/04/03 13:35:44 INFO SparkContext: Added JAR file:///opt/airflow/etl/jars/aws-java-sdk-bundle-1.11.1026.jar at spark://3e1e8c99e894:41411/jars/aws-java-sdk-bundle-1.11.1026.jar with timestamp 1775223340071
[2026-04-03T13:35:44.230+0000] {spark_submit.py:491} INFO - 26/04/03 13:35:44 INFO SparkContext: Added JAR file:///opt/airflow/etl/jars/delta-core_2.12-2.3.0.jar at spark://3e1e8c99e894:41411/jars/delta-core_2.12-2.3.0.jar with timestamp 1775223340071
[2026-04-03T13:35:44.754+0000] {spark_submit.py:491} INFO - 26/04/03 13:35:44 INFO StandaloneAppClient$ClientEndpoint: Connecting to master spark://spark-master:7077...
[2026-04-03T13:35:44.984+0000] {spark_submit.py:491} INFO - 26/04/03 13:35:44 INFO TransportClientFactory: Successfully created connection to spark-master/172.18.0.4:7077 after 120 ms (0 ms spent in bootstraps)
[2026-04-03T13:35:45.814+0000] {spark_submit.py:491} INFO - 26/04/03 13:35:45 INFO StandaloneSchedulerBackend: Connected to Spark cluster with app ID app-20260403133545-0004
[2026-04-03T13:35:45.967+0000] {spark_submit.py:491} INFO - 26/04/03 13:35:45 INFO Utils: Successfully started service 'org.apache.spark.network.netty.NettyBlockTransferService' on port 38291.
[2026-04-03T13:35:45.968+0000] {spark_submit.py:491} INFO - 26/04/03 13:35:45 INFO NettyBlockTransferService: Server created on 3e1e8c99e894:38291
[2026-04-03T13:35:45.971+0000] {spark_submit.py:491} INFO - 26/04/03 13:35:45 INFO BlockManager: Using org.apache.spark.storage.RandomBlockReplicationPolicy for block replication policy
[2026-04-03T13:35:45.988+0000] {spark_submit.py:491} INFO - 26/04/03 13:35:45 INFO BlockManagerMaster: Registering BlockManager BlockManagerId(driver, 3e1e8c99e894, 38291, None)
[2026-04-03T13:35:46.021+0000] {spark_submit.py:491} INFO - 26/04/03 13:35:46 INFO BlockManagerMasterEndpoint: Registering block manager 3e1e8c99e894:38291 with 434.4 MiB RAM, BlockManagerId(driver, 3e1e8c99e894, 38291, None)
[2026-04-03T13:35:46.035+0000] {spark_submit.py:491} INFO - 26/04/03 13:35:46 INFO BlockManagerMaster: Registered BlockManager BlockManagerId(driver, 3e1e8c99e894, 38291, None)
[2026-04-03T13:35:46.048+0000] {spark_submit.py:491} INFO - 26/04/03 13:35:46 INFO BlockManager: Initialized BlockManager: BlockManagerId(driver, 3e1e8c99e894, 38291, None)
[2026-04-03T13:35:48.069+0000] {spark_submit.py:491} INFO - 26/04/03 13:35:48 INFO StandaloneSchedulerBackend: SchedulerBackend is ready for scheduling beginning after reached minRegisteredResourcesRatio: 0.0
[2026-04-03T13:35:57.185+0000] {spark_submit.py:491} INFO - INFO:silver_processor: Bắt đầu xử lý lớp Silver cho bảng: products | Chế độ CDC: False
[2026-04-03T13:35:57.186+0000] {spark_submit.py:491} INFO - INFO:silver_processor: Bắt đầu quét Data Nóng từ Bronze...
[2026-04-03T13:35:58.513+0000] {spark_submit.py:491} INFO - 26/04/03 13:35:58 WARN MetricsConfig: Cannot locate configuration: tried hadoop-metrics2-s3a-file-system.properties,hadoop-metrics2.properties
[2026-04-03T13:42:30.402+0000] {local_task_job_runner.py:294} WARNING - State of this instance has been externally set to restarting. Terminating instance.
[2026-04-03T13:42:30.407+0000] {process_utils.py:131} INFO - Sending 15 to group 188. PIDs of all processes in the group: [205, 669, 188]
[2026-04-03T13:42:30.408+0000] {process_utils.py:86} INFO - Sending the signal 15 to group 188
[2026-04-03T13:42:30.408+0000] {taskinstance.py:1632} ERROR - Received SIGTERM. Terminating subprocesses.
[2026-04-03T13:42:30.410+0000] {spark_submit.py:618} INFO - Sending kill signal to spark-submit
[2026-04-03T13:42:30.447+0000] {taskinstance.py:1937} ERROR - Task failed with exception
Traceback (most recent call last):
  File "/home/airflow/.local/lib/python3.10/site-packages/airflow/providers/apache/spark/operators/spark_submit.py", line 156, in execute
    self._hook.submit(self._application)
  File "/home/airflow/.local/lib/python3.10/site-packages/airflow/providers/apache/spark/hooks/spark_submit.py", line 410, in submit
    self._process_spark_submit_log(iter(self._submit_sp.stdout))  # type: ignore
  File "/home/airflow/.local/lib/python3.10/site-packages/airflow/providers/apache/spark/hooks/spark_submit.py", line 459, in _process_spark_submit_log
    for line in itr:
  File "/home/airflow/.local/lib/python3.10/site-packages/airflow/models/taskinstance.py", line 1634, in signal_handler
    raise AirflowException("Task received SIGTERM signal")
airflow.exceptions.AirflowException: Task received SIGTERM signal
[2026-04-03T13:42:30.463+0000] {taskinstance.py:1400} INFO - Marking task as UP_FOR_RETRY. dag_id=silver_spark_processor, task_id=process_silver_products, execution_date=20260402T000000, start_date=20260403T133525, end_date=20260403T134230
[2026-04-03T13:42:30.526+0000] {standard_task_runner.py:104} ERROR - Failed to execute job 484 for task process_silver_products (Task received SIGTERM signal; 188)
[2026-04-03T13:42:30.585+0000] {process_utils.py:79} INFO - Process psutil.Process(pid=188, status='terminated', exitcode=1, started='13:35:24') (188) terminated with exit code 1
[2026-04-03T13:42:30.586+0000] {process_utils.py:79} INFO - Process psutil.Process(pid=669, status='terminated', started='13:35:36') (669) terminated with exit code None
[2026-04-03T13:42:30.587+0000] {process_utils.py:79} INFO - Process psutil.Process(pid=205, status='terminated', started='13:35:25') (205) terminated with exit code None
