[2026-04-03T13:47:32.628+0000] {taskinstance.py:1159} INFO - Dependencies all met for dep_context=non-requeueable deps ti=<TaskInstance: silver_spark_processor.process_silver_products scheduled__2026-04-02T00:00:00+00:00 [queued]>
[2026-04-03T13:47:32.642+0000] {taskinstance.py:1159} INFO - Dependencies all met for dep_context=requeueable deps ti=<TaskInstance: silver_spark_processor.process_silver_products scheduled__2026-04-02T00:00:00+00:00 [queued]>
[2026-04-03T13:47:32.642+0000] {taskinstance.py:1361} INFO - Starting attempt 7 of 5
[2026-04-03T13:47:32.696+0000] {taskinstance.py:1382} INFO - Executing <Task(SparkSubmitOperator): process_silver_products> on 2026-04-02 00:00:00+00:00
[2026-04-03T13:47:32.706+0000] {standard_task_runner.py:57} INFO - Started process 1811 to run task
[2026-04-03T13:47:32.711+0000] {standard_task_runner.py:84} INFO - Running: ['airflow', 'tasks', 'run', 'silver_spark_processor', 'process_silver_products', 'scheduled__2026-04-02T00:00:00+00:00', '--job-id', '498', '--raw', '--subdir', 'DAGS_FOLDER/silver_processor_dag.py', '--cfg-path', '/tmp/tmp1frnf1ug']
[2026-04-03T13:47:32.714+0000] {standard_task_runner.py:85} INFO - Job 498: Subtask process_silver_products
[2026-04-03T13:47:32.796+0000] {task_command.py:416} INFO - Running <TaskInstance: silver_spark_processor.process_silver_products scheduled__2026-04-02T00:00:00+00:00 [running]> on host 3e1e8c99e894
[2026-04-03T13:47:32.934+0000] {taskinstance.py:1662} INFO - Exporting env vars: AIRFLOW_CTX_DAG_OWNER='data-team' AIRFLOW_CTX_DAG_ID='silver_spark_processor' AIRFLOW_CTX_TASK_ID='process_silver_products' AIRFLOW_CTX_EXECUTION_DATE='2026-04-02T00:00:00+00:00' AIRFLOW_CTX_TRY_NUMBER='7' AIRFLOW_CTX_DAG_RUN_ID='scheduled__2026-04-02T00:00:00+00:00'
[2026-04-03T13:47:32.953+0000] {base.py:73} INFO - Using connection ID 'spark_default' for task execution.
[2026-04-03T13:47:32.958+0000] {spark_submit.py:340} INFO - Spark-Submit cmd: spark-submit --master spark://spark-master:7077 --conf spark.sql.extensions=io.delta.sql.DeltaSparkSessionExtension --conf spark.sql.catalog.spark_catalog=org.apache.spark.sql.delta.catalog.DeltaCatalog --conf spark.databricks.delta.schema.autoMerge.enabled=true --jars /opt/airflow/etl/jars/hadoop-aws-3.3.2.jar,/opt/airflow/etl/jars/aws-java-sdk-bundle-1.11.1026.jar,/opt/airflow/etl/jars/delta-core_2.12-2.3.0.jar --executor-cores 1 --executor-memory 1g --driver-memory 1g --name airflow_silver_products /opt/airflow/etl/silver/main_silver.py --table_name products --merge_key product_id --is_cdc false --json_schema 
[2026-04-03T13:47:33.141+0000] {spark_submit.py:491} INFO - /home/airflow/.local/lib/python3.10/site-packages/pyspark/bin/load-spark-env.sh: line 68: ps: command not found
[2026-04-03T13:47:39.132+0000] {spark_submit.py:491} INFO - 26/04/03 13:47:39 WARN NativeCodeLoader: Unable to load native-hadoop library for your platform... using builtin-java classes where applicable
[2026-04-03T13:47:41.284+0000] {spark_submit.py:491} INFO - INFO:__main__:Khởi tạo Spark Job cho bảng: products
[2026-04-03T13:47:41.583+0000] {spark_submit.py:491} INFO - 26/04/03 13:47:41 INFO SparkContext: Running Spark version 3.3.2
[2026-04-03T13:47:41.708+0000] {spark_submit.py:491} INFO - 26/04/03 13:47:41 INFO ResourceUtils: ==============================================================
[2026-04-03T13:47:41.710+0000] {spark_submit.py:491} INFO - 26/04/03 13:47:41 INFO ResourceUtils: No custom resources configured for spark.driver.
[2026-04-03T13:47:41.713+0000] {spark_submit.py:491} INFO - 26/04/03 13:47:41 INFO ResourceUtils: ==============================================================
[2026-04-03T13:47:41.714+0000] {spark_submit.py:491} INFO - 26/04/03 13:47:41 INFO SparkContext: Submitted application: <class 'pyspark.sql.session.SparkSession'>
[2026-04-03T13:47:41.808+0000] {spark_submit.py:491} INFO - 26/04/03 13:47:41 INFO ResourceProfile: Default ResourceProfile created, executor resources: Map(cores -> name: cores, amount: 1, script: , vendor: , memory -> name: memory, amount: 1024, script: , vendor: , offHeap -> name: offHeap, amount: 0, script: , vendor: ), task resources: Map(cpus -> name: cpus, amount: 1.0)
[2026-04-03T13:47:41.874+0000] {spark_submit.py:491} INFO - 26/04/03 13:47:41 INFO ResourceProfile: Limiting resource is cpus at 1 tasks per executor
[2026-04-03T13:47:41.880+0000] {spark_submit.py:491} INFO - 26/04/03 13:47:41 INFO ResourceProfileManager: Added ResourceProfile id: 0
[2026-04-03T13:47:42.033+0000] {spark_submit.py:491} INFO - 26/04/03 13:47:42 INFO SecurityManager: Changing view acls to: airflow
[2026-04-03T13:47:42.040+0000] {spark_submit.py:491} INFO - 26/04/03 13:47:42 INFO SecurityManager: Changing modify acls to: airflow
[2026-04-03T13:47:42.041+0000] {spark_submit.py:491} INFO - 26/04/03 13:47:42 INFO SecurityManager: Changing view acls groups to:
[2026-04-03T13:47:42.041+0000] {spark_submit.py:491} INFO - 26/04/03 13:47:42 INFO SecurityManager: Changing modify acls groups to:
[2026-04-03T13:47:42.046+0000] {spark_submit.py:491} INFO - 26/04/03 13:47:42 INFO SecurityManager: SecurityManager: authentication disabled; ui acls disabled; users  with view permissions: Set(airflow); groups with view permissions: Set(); users  with modify permissions: Set(airflow); groups with modify permissions: Set()
[2026-04-03T13:47:43.116+0000] {spark_submit.py:491} INFO - 26/04/03 13:47:43 INFO Utils: Successfully started service 'sparkDriver' on port 35397.
[2026-04-03T13:47:43.281+0000] {spark_submit.py:491} INFO - 26/04/03 13:47:43 INFO SparkEnv: Registering MapOutputTracker
[2026-04-03T13:47:43.453+0000] {spark_submit.py:491} INFO - 26/04/03 13:47:43 INFO SparkEnv: Registering BlockManagerMaster
[2026-04-03T13:47:43.497+0000] {spark_submit.py:491} INFO - 26/04/03 13:47:43 INFO BlockManagerMasterEndpoint: Using org.apache.spark.storage.DefaultTopologyMapper for getting topology information
[2026-04-03T13:47:43.500+0000] {spark_submit.py:491} INFO - 26/04/03 13:47:43 INFO BlockManagerMasterEndpoint: BlockManagerMasterEndpoint up
[2026-04-03T13:47:43.510+0000] {spark_submit.py:491} INFO - 26/04/03 13:47:43 INFO SparkEnv: Registering BlockManagerMasterHeartbeat
[2026-04-03T13:47:43.559+0000] {spark_submit.py:491} INFO - 26/04/03 13:47:43 INFO DiskBlockManager: Created local directory at /tmp/blockmgr-09a2d7fd-d8ee-4605-a363-cbf9756ec5c1
[2026-04-03T13:47:43.621+0000] {spark_submit.py:491} INFO - 26/04/03 13:47:43 INFO MemoryStore: MemoryStore started with capacity 434.4 MiB
[2026-04-03T13:47:43.698+0000] {spark_submit.py:491} INFO - 26/04/03 13:47:43 INFO SparkEnv: Registering OutputCommitCoordinator
[2026-04-03T13:47:44.332+0000] {spark_submit.py:491} INFO - 26/04/03 13:47:44 WARN Utils: Service 'SparkUI' could not bind on port 4040. Attempting port 4041.
[2026-04-03T13:47:44.337+0000] {spark_submit.py:491} INFO - 26/04/03 13:47:44 WARN Utils: Service 'SparkUI' could not bind on port 4041. Attempting port 4042.
[2026-04-03T13:47:44.337+0000] {spark_submit.py:491} INFO - 26/04/03 13:47:44 WARN Utils: Service 'SparkUI' could not bind on port 4042. Attempting port 4043.
[2026-04-03T13:47:44.340+0000] {spark_submit.py:491} INFO - 26/04/03 13:47:44 WARN Utils: Service 'SparkUI' could not bind on port 4043. Attempting port 4044.
[2026-04-03T13:47:44.342+0000] {spark_submit.py:491} INFO - 26/04/03 13:47:44 WARN Utils: Service 'SparkUI' could not bind on port 4044. Attempting port 4045.
[2026-04-03T13:47:44.345+0000] {spark_submit.py:491} INFO - 26/04/03 13:47:44 WARN Utils: Service 'SparkUI' could not bind on port 4045. Attempting port 4046.
[2026-04-03T13:47:44.348+0000] {spark_submit.py:491} INFO - 26/04/03 13:47:44 WARN Utils: Service 'SparkUI' could not bind on port 4046. Attempting port 4047.
[2026-04-03T13:47:44.368+0000] {spark_submit.py:491} INFO - 26/04/03 13:47:44 INFO Utils: Successfully started service 'SparkUI' on port 4047.
[2026-04-03T13:47:44.457+0000] {spark_submit.py:491} INFO - 26/04/03 13:47:44 INFO SparkContext: Added JAR file:///opt/airflow/etl/jars/hadoop-aws-3.3.2.jar at spark://3e1e8c99e894:35397/jars/hadoop-aws-3.3.2.jar with timestamp 1775224061554
[2026-04-03T13:47:44.458+0000] {spark_submit.py:491} INFO - 26/04/03 13:47:44 INFO SparkContext: Added JAR file:///opt/airflow/etl/jars/aws-java-sdk-bundle-1.11.1026.jar at spark://3e1e8c99e894:35397/jars/aws-java-sdk-bundle-1.11.1026.jar with timestamp 1775224061554
[2026-04-03T13:47:44.458+0000] {spark_submit.py:491} INFO - 26/04/03 13:47:44 INFO SparkContext: Added JAR file:///opt/airflow/etl/jars/delta-core_2.12-2.3.0.jar at spark://3e1e8c99e894:35397/jars/delta-core_2.12-2.3.0.jar with timestamp 1775224061554
[2026-04-03T13:47:44.874+0000] {spark_submit.py:491} INFO - 26/04/03 13:47:44 INFO StandaloneAppClient$ClientEndpoint: Connecting to master spark://spark-master:7077...
[2026-04-03T13:47:44.988+0000] {spark_submit.py:491} INFO - 26/04/03 13:47:44 INFO TransportClientFactory: Successfully created connection to spark-master/172.18.0.4:7077 after 60 ms (0 ms spent in bootstraps)
[2026-04-03T13:47:45.227+0000] {spark_submit.py:491} INFO - 26/04/03 13:47:45 INFO StandaloneSchedulerBackend: Connected to Spark cluster with app ID app-20260403134745-0016
[2026-04-03T13:47:45.250+0000] {spark_submit.py:491} INFO - 26/04/03 13:47:45 INFO Utils: Successfully started service 'org.apache.spark.network.netty.NettyBlockTransferService' on port 41549.
[2026-04-03T13:47:45.253+0000] {spark_submit.py:491} INFO - 26/04/03 13:47:45 INFO NettyBlockTransferService: Server created on 3e1e8c99e894:41549
[2026-04-03T13:47:45.254+0000] {spark_submit.py:491} INFO - 26/04/03 13:47:45 INFO BlockManager: Using org.apache.spark.storage.RandomBlockReplicationPolicy for block replication policy
[2026-04-03T13:47:45.274+0000] {spark_submit.py:491} INFO - 26/04/03 13:47:45 INFO BlockManagerMaster: Registering BlockManager BlockManagerId(driver, 3e1e8c99e894, 41549, None)
[2026-04-03T13:47:45.285+0000] {spark_submit.py:491} INFO - 26/04/03 13:47:45 INFO BlockManagerMasterEndpoint: Registering block manager 3e1e8c99e894:41549 with 434.4 MiB RAM, BlockManagerId(driver, 3e1e8c99e894, 41549, None)
[2026-04-03T13:47:45.294+0000] {spark_submit.py:491} INFO - 26/04/03 13:47:45 INFO BlockManagerMaster: Registered BlockManager BlockManagerId(driver, 3e1e8c99e894, 41549, None)
[2026-04-03T13:47:45.296+0000] {spark_submit.py:491} INFO - 26/04/03 13:47:45 INFO BlockManager: Initialized BlockManager: BlockManagerId(driver, 3e1e8c99e894, 41549, None)
[2026-04-03T13:47:45.770+0000] {spark_submit.py:491} INFO - 26/04/03 13:47:45 INFO StandaloneSchedulerBackend: SchedulerBackend is ready for scheduling beginning after reached minRegisteredResourcesRatio: 0.0
[2026-04-03T13:47:48.230+0000] {spark_submit.py:491} INFO - INFO:silver_processor: Bắt đầu xử lý lớp Silver cho bảng: products | Chế độ CDC: False
[2026-04-03T13:47:48.235+0000] {spark_submit.py:491} INFO - INFO:silver_processor: Bắt đầu quét Data Nóng từ Bronze...
[2026-04-03T13:47:48.975+0000] {spark_submit.py:491} INFO - 26/04/03 13:47:48 WARN MetricsConfig: Cannot locate configuration: tried hadoop-metrics2-s3a-file-system.properties,hadoop-metrics2.properties
