[2026-04-03T11:16:43.200+0000] {taskinstance.py:1159} INFO - Dependencies all met for dep_context=non-requeueable deps ti=<TaskInstance: silver_spark_processor.process_silver_products scheduled__2026-04-02T00:00:00+00:00 [queued]>
[2026-04-03T11:16:43.244+0000] {taskinstance.py:1159} INFO - Dependencies all met for dep_context=requeueable deps ti=<TaskInstance: silver_spark_processor.process_silver_products scheduled__2026-04-02T00:00:00+00:00 [queued]>
[2026-04-03T11:16:43.248+0000] {taskinstance.py:1361} INFO - Starting attempt 3 of 2
[2026-04-03T11:16:43.330+0000] {taskinstance.py:1382} INFO - Executing <Task(SparkSubmitOperator): process_silver_products> on 2026-04-02 00:00:00+00:00
[2026-04-03T11:16:43.350+0000] {standard_task_runner.py:57} INFO - Started process 243 to run task
[2026-04-03T11:16:43.379+0000] {standard_task_runner.py:84} INFO - Running: ['airflow', 'tasks', 'run', 'silver_spark_processor', 'process_silver_products', 'scheduled__2026-04-02T00:00:00+00:00', '--job-id', '410', '--raw', '--subdir', 'DAGS_FOLDER/silver_processor_dag.py', '--cfg-path', '/tmp/tmpywrud9fa']
[2026-04-03T11:16:43.384+0000] {standard_task_runner.py:85} INFO - Job 410: Subtask process_silver_products
[2026-04-03T11:16:43.504+0000] {task_command.py:416} INFO - Running <TaskInstance: silver_spark_processor.process_silver_products scheduled__2026-04-02T00:00:00+00:00 [running]> on host ad303354f1ab
[2026-04-03T11:16:43.702+0000] {taskinstance.py:1662} INFO - Exporting env vars: AIRFLOW_CTX_DAG_OWNER='data-team' AIRFLOW_CTX_DAG_ID='silver_spark_processor' AIRFLOW_CTX_TASK_ID='process_silver_products' AIRFLOW_CTX_EXECUTION_DATE='2026-04-02T00:00:00+00:00' AIRFLOW_CTX_TRY_NUMBER='3' AIRFLOW_CTX_DAG_RUN_ID='scheduled__2026-04-02T00:00:00+00:00'
[2026-04-03T11:16:43.734+0000] {base.py:73} INFO - Using connection ID 'spark_default' for task execution.
[2026-04-03T11:16:43.739+0000] {spark_submit.py:340} INFO - Spark-Submit cmd: spark-submit --master spark://spark-master:7077 --conf spark.sql.extensions=io.delta.sql.DeltaSparkSessionExtension --conf spark.sql.catalog.spark_catalog=org.apache.spark.sql.delta.catalog.DeltaCatalog --conf spark.databricks.delta.schema.autoMerge.enabled=true --packages org.apache.hadoop:hadoop-aws:3.3.2,com.amazonaws:aws-java-sdk-bundle:1.11.1026,io.delta:delta-core_2.12:2.3.0 --executor-cores 1 --executor-memory 1g --driver-memory 1g --name airflow_silver_products /opt/airflow/etl/silver/main_silver.py --table_name products --merge_key product_id --is_cdc false --json_schema 
[2026-04-03T11:16:43.966+0000] {spark_submit.py:491} INFO - /home/airflow/.local/lib/python3.10/site-packages/pyspark/bin/load-spark-env.sh: line 68: ps: command not found
[2026-04-03T11:16:52.094+0000] {spark_submit.py:491} INFO - :: loading settings :: url = jar:file:/home/airflow/.local/lib/python3.10/site-packages/pyspark/jars/ivy-2.5.1.jar!/org/apache/ivy/core/settings/ivysettings.xml
[2026-04-03T11:16:52.600+0000] {spark_submit.py:491} INFO - Ivy Default Cache set to: /home/airflow/.ivy2/cache
[2026-04-03T11:16:52.600+0000] {spark_submit.py:491} INFO - The jars for the packages stored in: /home/airflow/.ivy2/jars
[2026-04-03T11:16:52.614+0000] {spark_submit.py:491} INFO - org.apache.hadoop#hadoop-aws added as a dependency
[2026-04-03T11:16:52.615+0000] {spark_submit.py:491} INFO - com.amazonaws#aws-java-sdk-bundle added as a dependency
[2026-04-03T11:16:52.615+0000] {spark_submit.py:491} INFO - io.delta#delta-core_2.12 added as a dependency
[2026-04-03T11:16:52.616+0000] {spark_submit.py:491} INFO - :: resolving dependencies :: org.apache.spark#spark-submit-parent-d50141de-8012-4b17-9e01-c216a64718b2;1.0
[2026-04-03T11:16:52.618+0000] {spark_submit.py:491} INFO - confs: [default]
[2026-04-03T11:16:53.162+0000] {spark_submit.py:491} INFO - found org.apache.hadoop#hadoop-aws;3.3.2 in central
[2026-04-03T11:16:53.224+0000] {spark_submit.py:491} INFO - found com.amazonaws#aws-java-sdk-bundle;1.11.1026 in central
[2026-04-03T11:16:53.351+0000] {spark_submit.py:491} INFO - found org.wildfly.openssl#wildfly-openssl;1.0.7.Final in central
[2026-04-03T11:16:53.458+0000] {spark_submit.py:491} INFO - found io.delta#delta-core_2.12;2.3.0 in central
[2026-04-03T11:16:53.563+0000] {spark_submit.py:491} INFO - found io.delta#delta-storage;2.3.0 in central
[2026-04-03T11:16:53.666+0000] {spark_submit.py:491} INFO - found org.antlr#antlr4-runtime;4.8 in central
[2026-04-03T11:16:53.865+0000] {spark_submit.py:491} INFO - :: resolution report :: resolve 1137ms :: artifacts dl 113ms
[2026-04-03T11:16:53.866+0000] {spark_submit.py:491} INFO - :: modules in use:
[2026-04-03T11:16:53.870+0000] {spark_submit.py:491} INFO - com.amazonaws#aws-java-sdk-bundle;1.11.1026 from central in [default]
[2026-04-03T11:16:53.871+0000] {spark_submit.py:491} INFO - io.delta#delta-core_2.12;2.3.0 from central in [default]
[2026-04-03T11:16:53.871+0000] {spark_submit.py:491} INFO - io.delta#delta-storage;2.3.0 from central in [default]
[2026-04-03T11:16:53.871+0000] {spark_submit.py:491} INFO - org.antlr#antlr4-runtime;4.8 from central in [default]
[2026-04-03T11:16:53.871+0000] {spark_submit.py:491} INFO - org.apache.hadoop#hadoop-aws;3.3.2 from central in [default]
[2026-04-03T11:16:53.871+0000] {spark_submit.py:491} INFO - org.wildfly.openssl#wildfly-openssl;1.0.7.Final from central in [default]
[2026-04-03T11:16:53.871+0000] {spark_submit.py:491} INFO - ---------------------------------------------------------------------
[2026-04-03T11:16:53.871+0000] {spark_submit.py:491} INFO - |                  |            modules            ||   artifacts   |
[2026-04-03T11:16:53.871+0000] {spark_submit.py:491} INFO - |       conf       | number| search|dwnlded|evicted|| number|dwnlded|
[2026-04-03T11:16:53.871+0000] {spark_submit.py:491} INFO - ---------------------------------------------------------------------
[2026-04-03T11:16:53.872+0000] {spark_submit.py:491} INFO - |      default     |   6   |   0   |   0   |   0   ||   6   |   0   |
[2026-04-03T11:16:53.893+0000] {spark_submit.py:491} INFO - ---------------------------------------------------------------------
[2026-04-03T11:16:53.995+0000] {spark_submit.py:491} INFO - :: retrieving :: org.apache.spark#spark-submit-parent-d50141de-8012-4b17-9e01-c216a64718b2
[2026-04-03T11:16:53.996+0000] {spark_submit.py:491} INFO - confs: [default]
[2026-04-03T11:16:54.108+0000] {spark_submit.py:491} INFO - 0 artifacts copied, 6 already retrieved (0kB/113ms)
[2026-04-03T11:16:55.596+0000] {spark_submit.py:491} INFO - 26/04/03 11:16:55 WARN NativeCodeLoader: Unable to load native-hadoop library for your platform... using builtin-java classes where applicable
[2026-04-03T11:16:58.639+0000] {spark_submit.py:491} INFO - INFO:__main__:Khởi tạo Spark Job cho bảng: products
[2026-04-03T11:16:58.978+0000] {spark_submit.py:491} INFO - 26/04/03 11:16:58 INFO SparkContext: Running Spark version 3.3.2
[2026-04-03T11:16:59.126+0000] {spark_submit.py:491} INFO - 26/04/03 11:16:59 INFO ResourceUtils: ==============================================================
[2026-04-03T11:16:59.126+0000] {spark_submit.py:491} INFO - 26/04/03 11:16:59 INFO ResourceUtils: No custom resources configured for spark.driver.
[2026-04-03T11:16:59.127+0000] {spark_submit.py:491} INFO - 26/04/03 11:16:59 INFO ResourceUtils: ==============================================================
[2026-04-03T11:16:59.127+0000] {spark_submit.py:491} INFO - 26/04/03 11:16:59 INFO SparkContext: Submitted application: <class 'pyspark.sql.session.SparkSession'>
[2026-04-03T11:16:59.299+0000] {spark_submit.py:491} INFO - 26/04/03 11:16:59 INFO ResourceProfile: Default ResourceProfile created, executor resources: Map(cores -> name: cores, amount: 1, script: , vendor: , memory -> name: memory, amount: 1024, script: , vendor: , offHeap -> name: offHeap, amount: 0, script: , vendor: ), task resources: Map(cpus -> name: cpus, amount: 1.0)
[2026-04-03T11:16:59.372+0000] {spark_submit.py:491} INFO - 26/04/03 11:16:59 INFO ResourceProfile: Limiting resource is cpus at 1 tasks per executor
[2026-04-03T11:16:59.418+0000] {spark_submit.py:491} INFO - 26/04/03 11:16:59 INFO ResourceProfileManager: Added ResourceProfile id: 0
[2026-04-03T11:16:59.584+0000] {spark_submit.py:491} INFO - 26/04/03 11:16:59 INFO SecurityManager: Changing view acls to: airflow
[2026-04-03T11:16:59.587+0000] {spark_submit.py:491} INFO - 26/04/03 11:16:59 INFO SecurityManager: Changing modify acls to: airflow
[2026-04-03T11:16:59.592+0000] {spark_submit.py:491} INFO - 26/04/03 11:16:59 INFO SecurityManager: Changing view acls groups to:
[2026-04-03T11:16:59.594+0000] {spark_submit.py:491} INFO - 26/04/03 11:16:59 INFO SecurityManager: Changing modify acls groups to:
[2026-04-03T11:16:59.595+0000] {spark_submit.py:491} INFO - 26/04/03 11:16:59 INFO SecurityManager: SecurityManager: authentication disabled; ui acls disabled; users  with view permissions: Set(airflow); groups with view permissions: Set(); users  with modify permissions: Set(airflow); groups with modify permissions: Set()
[2026-04-03T11:17:01.012+0000] {spark_submit.py:491} INFO - 26/04/03 11:17:01 INFO Utils: Successfully started service 'sparkDriver' on port 39417.
[2026-04-03T11:17:01.209+0000] {spark_submit.py:491} INFO - 26/04/03 11:17:01 INFO SparkEnv: Registering MapOutputTracker
[2026-04-03T11:17:01.387+0000] {spark_submit.py:491} INFO - 26/04/03 11:17:01 INFO SparkEnv: Registering BlockManagerMaster
[2026-04-03T11:17:01.457+0000] {spark_submit.py:491} INFO - 26/04/03 11:17:01 INFO BlockManagerMasterEndpoint: Using org.apache.spark.storage.DefaultTopologyMapper for getting topology information
[2026-04-03T11:17:01.460+0000] {spark_submit.py:491} INFO - 26/04/03 11:17:01 INFO BlockManagerMasterEndpoint: BlockManagerMasterEndpoint up
[2026-04-03T11:17:01.478+0000] {spark_submit.py:491} INFO - 26/04/03 11:17:01 INFO SparkEnv: Registering BlockManagerMasterHeartbeat
[2026-04-03T11:17:01.569+0000] {spark_submit.py:491} INFO - 26/04/03 11:17:01 INFO DiskBlockManager: Created local directory at /tmp/blockmgr-6ac1c4b4-1683-40c0-9bdd-b2233e85679e
[2026-04-03T11:17:01.688+0000] {spark_submit.py:491} INFO - 26/04/03 11:17:01 INFO MemoryStore: MemoryStore started with capacity 434.4 MiB
[2026-04-03T11:17:01.786+0000] {spark_submit.py:491} INFO - 26/04/03 11:17:01 INFO SparkEnv: Registering OutputCommitCoordinator
[2026-04-03T11:17:02.866+0000] {spark_submit.py:491} INFO - 26/04/03 11:17:02 WARN Utils: Service 'SparkUI' could not bind on port 4040. Attempting port 4041.
[2026-04-03T11:17:02.868+0000] {spark_submit.py:491} INFO - 26/04/03 11:17:02 WARN Utils: Service 'SparkUI' could not bind on port 4041. Attempting port 4042.
[2026-04-03T11:17:02.941+0000] {spark_submit.py:491} INFO - 26/04/03 11:17:02 INFO Utils: Successfully started service 'SparkUI' on port 4042.
[2026-04-03T11:17:03.223+0000] {spark_submit.py:491} INFO - 26/04/03 11:17:03 INFO SparkContext: Added JAR file:///home/airflow/.ivy2/jars/org.apache.hadoop_hadoop-aws-3.3.2.jar at spark://ad303354f1ab:39417/jars/org.apache.hadoop_hadoop-aws-3.3.2.jar with timestamp 1775215018936
[2026-04-03T11:17:03.223+0000] {spark_submit.py:491} INFO - 26/04/03 11:17:03 INFO SparkContext: Added JAR file:///home/airflow/.ivy2/jars/com.amazonaws_aws-java-sdk-bundle-1.11.1026.jar at spark://ad303354f1ab:39417/jars/com.amazonaws_aws-java-sdk-bundle-1.11.1026.jar with timestamp 1775215018936
[2026-04-03T11:17:03.223+0000] {spark_submit.py:491} INFO - 26/04/03 11:17:03 INFO SparkContext: Added JAR file:///home/airflow/.ivy2/jars/io.delta_delta-core_2.12-2.3.0.jar at spark://ad303354f1ab:39417/jars/io.delta_delta-core_2.12-2.3.0.jar with timestamp 1775215018936
[2026-04-03T11:17:03.224+0000] {spark_submit.py:491} INFO - 26/04/03 11:17:03 INFO SparkContext: Added JAR file:///home/airflow/.ivy2/jars/org.wildfly.openssl_wildfly-openssl-1.0.7.Final.jar at spark://ad303354f1ab:39417/jars/org.wildfly.openssl_wildfly-openssl-1.0.7.Final.jar with timestamp 1775215018936
[2026-04-03T11:17:03.224+0000] {spark_submit.py:491} INFO - 26/04/03 11:17:03 INFO SparkContext: Added JAR file:///home/airflow/.ivy2/jars/io.delta_delta-storage-2.3.0.jar at spark://ad303354f1ab:39417/jars/io.delta_delta-storage-2.3.0.jar with timestamp 1775215018936
[2026-04-03T11:17:03.224+0000] {spark_submit.py:491} INFO - 26/04/03 11:17:03 INFO SparkContext: Added JAR file:///home/airflow/.ivy2/jars/org.antlr_antlr4-runtime-4.8.jar at spark://ad303354f1ab:39417/jars/org.antlr_antlr4-runtime-4.8.jar with timestamp 1775215018936
[2026-04-03T11:17:03.242+0000] {spark_submit.py:491} INFO - 26/04/03 11:17:03 INFO SparkContext: Added file file:///home/airflow/.ivy2/jars/org.apache.hadoop_hadoop-aws-3.3.2.jar at spark://ad303354f1ab:39417/files/org.apache.hadoop_hadoop-aws-3.3.2.jar with timestamp 1775215018936
[2026-04-03T11:17:03.246+0000] {spark_submit.py:491} INFO - 26/04/03 11:17:03 INFO Utils: Copying /home/airflow/.ivy2/jars/org.apache.hadoop_hadoop-aws-3.3.2.jar to /tmp/spark-aa70836b-373d-42d5-a772-56445a109a0b/userFiles-d5e1da2c-43c6-482a-b5e3-2ab810d002d8/org.apache.hadoop_hadoop-aws-3.3.2.jar
[2026-04-03T11:17:03.289+0000] {spark_submit.py:491} INFO - 26/04/03 11:17:03 INFO SparkContext: Added file file:///home/airflow/.ivy2/jars/com.amazonaws_aws-java-sdk-bundle-1.11.1026.jar at spark://ad303354f1ab:39417/files/com.amazonaws_aws-java-sdk-bundle-1.11.1026.jar with timestamp 1775215018936
[2026-04-03T11:17:03.289+0000] {spark_submit.py:491} INFO - 26/04/03 11:17:03 INFO Utils: Copying /home/airflow/.ivy2/jars/com.amazonaws_aws-java-sdk-bundle-1.11.1026.jar to /tmp/spark-aa70836b-373d-42d5-a772-56445a109a0b/userFiles-d5e1da2c-43c6-482a-b5e3-2ab810d002d8/com.amazonaws_aws-java-sdk-bundle-1.11.1026.jar
[2026-04-03T11:17:04.815+0000] {spark_submit.py:491} INFO - 26/04/03 11:17:04 INFO SparkContext: Added file file:///home/airflow/.ivy2/jars/io.delta_delta-core_2.12-2.3.0.jar at spark://ad303354f1ab:39417/files/io.delta_delta-core_2.12-2.3.0.jar with timestamp 1775215018936
[2026-04-03T11:17:04.816+0000] {spark_submit.py:491} INFO - 26/04/03 11:17:04 INFO Utils: Copying /home/airflow/.ivy2/jars/io.delta_delta-core_2.12-2.3.0.jar to /tmp/spark-aa70836b-373d-42d5-a772-56445a109a0b/userFiles-d5e1da2c-43c6-482a-b5e3-2ab810d002d8/io.delta_delta-core_2.12-2.3.0.jar
[2026-04-03T11:17:04.857+0000] {spark_submit.py:491} INFO - 26/04/03 11:17:04 INFO SparkContext: Added file file:///home/airflow/.ivy2/jars/org.wildfly.openssl_wildfly-openssl-1.0.7.Final.jar at spark://ad303354f1ab:39417/files/org.wildfly.openssl_wildfly-openssl-1.0.7.Final.jar with timestamp 1775215018936
[2026-04-03T11:17:04.858+0000] {spark_submit.py:491} INFO - 26/04/03 11:17:04 INFO Utils: Copying /home/airflow/.ivy2/jars/org.wildfly.openssl_wildfly-openssl-1.0.7.Final.jar to /tmp/spark-aa70836b-373d-42d5-a772-56445a109a0b/userFiles-d5e1da2c-43c6-482a-b5e3-2ab810d002d8/org.wildfly.openssl_wildfly-openssl-1.0.7.Final.jar
[2026-04-03T11:17:04.884+0000] {spark_submit.py:491} INFO - 26/04/03 11:17:04 INFO SparkContext: Added file file:///home/airflow/.ivy2/jars/io.delta_delta-storage-2.3.0.jar at spark://ad303354f1ab:39417/files/io.delta_delta-storage-2.3.0.jar with timestamp 1775215018936
[2026-04-03T11:17:04.884+0000] {spark_submit.py:491} INFO - 26/04/03 11:17:04 INFO Utils: Copying /home/airflow/.ivy2/jars/io.delta_delta-storage-2.3.0.jar to /tmp/spark-aa70836b-373d-42d5-a772-56445a109a0b/userFiles-d5e1da2c-43c6-482a-b5e3-2ab810d002d8/io.delta_delta-storage-2.3.0.jar
[2026-04-03T11:17:04.891+0000] {spark_submit.py:491} INFO - 26/04/03 11:17:04 INFO SparkContext: Added file file:///home/airflow/.ivy2/jars/org.antlr_antlr4-runtime-4.8.jar at spark://ad303354f1ab:39417/files/org.antlr_antlr4-runtime-4.8.jar with timestamp 1775215018936
[2026-04-03T11:17:04.892+0000] {spark_submit.py:491} INFO - 26/04/03 11:17:04 INFO Utils: Copying /home/airflow/.ivy2/jars/org.antlr_antlr4-runtime-4.8.jar to /tmp/spark-aa70836b-373d-42d5-a772-56445a109a0b/userFiles-d5e1da2c-43c6-482a-b5e3-2ab810d002d8/org.antlr_antlr4-runtime-4.8.jar
[2026-04-03T11:17:05.285+0000] {spark_submit.py:491} INFO - 26/04/03 11:17:05 INFO StandaloneAppClient$ClientEndpoint: Connecting to master spark://spark-master:7077...
[2026-04-03T11:17:05.476+0000] {spark_submit.py:491} INFO - 26/04/03 11:17:05 INFO TransportClientFactory: Successfully created connection to spark-master/172.18.0.6:7077 after 125 ms (0 ms spent in bootstraps)
[2026-04-03T11:17:06.063+0000] {spark_submit.py:491} INFO - 26/04/03 11:17:06 INFO StandaloneSchedulerBackend: Connected to Spark cluster with app ID app-20260403111706-0003
[2026-04-03T11:17:06.091+0000] {spark_submit.py:491} INFO - 26/04/03 11:17:06 INFO Utils: Successfully started service 'org.apache.spark.network.netty.NettyBlockTransferService' on port 35237.
[2026-04-03T11:17:06.091+0000] {spark_submit.py:491} INFO - 26/04/03 11:17:06 INFO NettyBlockTransferService: Server created on ad303354f1ab:35237
[2026-04-03T11:17:06.097+0000] {spark_submit.py:491} INFO - 26/04/03 11:17:06 INFO BlockManager: Using org.apache.spark.storage.RandomBlockReplicationPolicy for block replication policy
[2026-04-03T11:17:06.113+0000] {spark_submit.py:491} INFO - 26/04/03 11:17:06 INFO BlockManagerMaster: Registering BlockManager BlockManagerId(driver, ad303354f1ab, 35237, None)
[2026-04-03T11:17:06.148+0000] {spark_submit.py:491} INFO - 26/04/03 11:17:06 INFO BlockManagerMasterEndpoint: Registering block manager ad303354f1ab:35237 with 434.4 MiB RAM, BlockManagerId(driver, ad303354f1ab, 35237, None)
[2026-04-03T11:17:06.149+0000] {spark_submit.py:491} INFO - 26/04/03 11:17:06 INFO BlockManagerMaster: Registered BlockManager BlockManagerId(driver, ad303354f1ab, 35237, None)
[2026-04-03T11:17:06.156+0000] {spark_submit.py:491} INFO - 26/04/03 11:17:06 INFO BlockManager: Initialized BlockManager: BlockManagerId(driver, ad303354f1ab, 35237, None)
[2026-04-03T11:17:07.947+0000] {spark_submit.py:491} INFO - 26/04/03 11:17:07 INFO StandaloneSchedulerBackend: SchedulerBackend is ready for scheduling beginning after reached minRegisteredResourcesRatio: 0.0
[2026-04-03T11:17:13.300+0000] {spark_submit.py:491} INFO - INFO:silver_processor: Bắt đầu xử lý lớp Silver cho bảng: products | Chế độ CDC: False
[2026-04-03T11:17:13.301+0000] {spark_submit.py:491} INFO - INFO:silver_processor: Bắt đầu quét Data Nóng từ Bronze...
[2026-04-03T11:17:14.912+0000] {spark_submit.py:491} INFO - 26/04/03 11:17:14 WARN MetricsConfig: Cannot locate configuration: tried hadoop-metrics2-s3a-file-system.properties,hadoop-metrics2.properties
[2026-04-03T11:17:41.517+0000] {local_task_job_runner.py:115} ERROR - Received SIGTERM. Terminating subprocesses
[2026-04-03T11:17:41.541+0000] {process_utils.py:131} INFO - Sending 15 to group 243. PIDs of all processes in the group: [268, 719, 243]
[2026-04-03T11:17:41.542+0000] {process_utils.py:86} INFO - Sending the signal 15 to group 243
[2026-04-03T11:17:41.546+0000] {taskinstance.py:1632} ERROR - Received SIGTERM. Terminating subprocesses.
[2026-04-03T11:17:41.546+0000] {spark_submit.py:618} INFO - Sending kill signal to spark-submit
[2026-04-03T11:17:41.623+0000] {taskinstance.py:1937} ERROR - Task failed with exception
Traceback (most recent call last):
  File "/home/airflow/.local/lib/python3.10/site-packages/airflow/providers/apache/spark/operators/spark_submit.py", line 156, in execute
    self._hook.submit(self._application)
  File "/home/airflow/.local/lib/python3.10/site-packages/airflow/providers/apache/spark/hooks/spark_submit.py", line 410, in submit
    self._process_spark_submit_log(iter(self._submit_sp.stdout))  # type: ignore
  File "/home/airflow/.local/lib/python3.10/site-packages/airflow/providers/apache/spark/hooks/spark_submit.py", line 459, in _process_spark_submit_log
    for line in itr:
  File "/home/airflow/.local/lib/python3.10/site-packages/airflow/models/taskinstance.py", line 1634, in signal_handler
    raise AirflowException("Task received SIGTERM signal")
airflow.exceptions.AirflowException: Task received SIGTERM signal
[2026-04-03T11:17:41.643+0000] {taskinstance.py:1400} INFO - Marking task as FAILED. dag_id=silver_spark_processor, task_id=process_silver_products, execution_date=20260402T000000, start_date=20260403T111643, end_date=20260403T111741
[2026-04-03T11:17:41.712+0000] {standard_task_runner.py:104} ERROR - Failed to execute job 410 for task process_silver_products (Task received SIGTERM signal; 243)
[2026-04-03T11:17:41.875+0000] {process_utils.py:79} INFO - Process psutil.Process(pid=268, status='terminated', started='11:16:42') (268) terminated with exit code None
[2026-04-03T11:17:41.875+0000] {process_utils.py:79} INFO - Process psutil.Process(pid=719, status='terminated', started='11:16:55') (719) terminated with exit code None
[2026-04-03T11:17:41.876+0000] {process_utils.py:79} INFO - Process psutil.Process(pid=243, status='terminated', exitcode=1, started='11:16:42') (243) terminated with exit code 1
[2026-04-03T11:17:41.876+0000] {local_task_job_runner.py:228} INFO - Task exited with return code 143
[2026-04-03T11:17:42.109+0000] {taskinstance.py:2778} INFO - 0 downstream tasks scheduled from follow-on schedule check
