[2026-04-03T11:07:51.702+0000] {taskinstance.py:1159} INFO - Dependencies all met for dep_context=non-requeueable deps ti=<TaskInstance: silver_spark_processor.process_silver_products scheduled__2026-04-02T00:00:00+00:00 [queued]>
[2026-04-03T11:07:51.711+0000] {taskinstance.py:1159} INFO - Dependencies all met for dep_context=requeueable deps ti=<TaskInstance: silver_spark_processor.process_silver_products scheduled__2026-04-02T00:00:00+00:00 [queued]>
[2026-04-03T11:07:51.711+0000] {taskinstance.py:1361} INFO - Starting attempt 2 of 2
[2026-04-03T11:07:51.723+0000] {taskinstance.py:1382} INFO - Executing <Task(SparkSubmitOperator): process_silver_products> on 2026-04-02 00:00:00+00:00
[2026-04-03T11:07:51.729+0000] {standard_task_runner.py:57} INFO - Started process 1030 to run task
[2026-04-03T11:07:51.732+0000] {standard_task_runner.py:84} INFO - Running: ['airflow', 'tasks', 'run', 'silver_spark_processor', 'process_silver_products', 'scheduled__2026-04-02T00:00:00+00:00', '--job-id', '373', '--raw', '--subdir', 'DAGS_FOLDER/silver_processor_dag.py', '--cfg-path', '/tmp/tmpkpn7trpy']
[2026-04-03T11:07:51.734+0000] {standard_task_runner.py:85} INFO - Job 373: Subtask process_silver_products
[2026-04-03T11:07:51.787+0000] {task_command.py:416} INFO - Running <TaskInstance: silver_spark_processor.process_silver_products scheduled__2026-04-02T00:00:00+00:00 [running]> on host ad303354f1ab
[2026-04-03T11:07:51.879+0000] {taskinstance.py:1662} INFO - Exporting env vars: AIRFLOW_CTX_DAG_OWNER='data-team' AIRFLOW_CTX_DAG_ID='silver_spark_processor' AIRFLOW_CTX_TASK_ID='process_silver_products' AIRFLOW_CTX_EXECUTION_DATE='2026-04-02T00:00:00+00:00' AIRFLOW_CTX_TRY_NUMBER='2' AIRFLOW_CTX_DAG_RUN_ID='scheduled__2026-04-02T00:00:00+00:00'
[2026-04-03T11:07:51.891+0000] {base.py:73} INFO - Using connection ID 'spark_default' for task execution.
[2026-04-03T11:07:51.892+0000] {spark_submit.py:340} INFO - Spark-Submit cmd: spark-submit --master spark://spark-master:7077 --conf spark.sql.extensions=io.delta.sql.DeltaSparkSessionExtension --conf spark.sql.catalog.spark_catalog=org.apache.spark.sql.delta.catalog.DeltaCatalog --conf spark.databricks.delta.schema.autoMerge.enabled=true --packages org.apache.hadoop:hadoop-aws:3.3.2,com.amazonaws:aws-java-sdk-bundle:1.11.1026,io.delta:delta-core_2.12:2.3.0 --executor-cores 1 --executor-memory 1g --driver-memory 1g --name airflow_silver_products /opt/airflow/etl/silver/main_silver.py --table_name products --merge_key product_id --is_cdc false --json_schema 
[2026-04-03T11:07:51.989+0000] {spark_submit.py:491} INFO - /home/airflow/.local/lib/python3.10/site-packages/pyspark/bin/load-spark-env.sh: line 68: ps: command not found
[2026-04-03T11:07:53.962+0000] {spark_submit.py:491} INFO - :: loading settings :: url = jar:file:/home/airflow/.local/lib/python3.10/site-packages/pyspark/jars/ivy-2.5.1.jar!/org/apache/ivy/core/settings/ivysettings.xml
[2026-04-03T11:07:54.144+0000] {spark_submit.py:491} INFO - Ivy Default Cache set to: /home/airflow/.ivy2/cache
[2026-04-03T11:07:54.145+0000] {spark_submit.py:491} INFO - The jars for the packages stored in: /home/airflow/.ivy2/jars
[2026-04-03T11:07:54.155+0000] {spark_submit.py:491} INFO - org.apache.hadoop#hadoop-aws added as a dependency
[2026-04-03T11:07:54.157+0000] {spark_submit.py:491} INFO - com.amazonaws#aws-java-sdk-bundle added as a dependency
[2026-04-03T11:07:54.157+0000] {spark_submit.py:491} INFO - io.delta#delta-core_2.12 added as a dependency
[2026-04-03T11:07:54.159+0000] {spark_submit.py:491} INFO - :: resolving dependencies :: org.apache.spark#spark-submit-parent-f2ff8ec4-4f66-462c-9189-1f38b40305c0;1.0
[2026-04-03T11:07:54.160+0000] {spark_submit.py:491} INFO - confs: [default]
[2026-04-03T11:07:54.473+0000] {spark_submit.py:491} INFO - found org.apache.hadoop#hadoop-aws;3.3.2 in central
[2026-04-03T11:07:54.541+0000] {spark_submit.py:491} INFO - found com.amazonaws#aws-java-sdk-bundle;1.11.1026 in central
[2026-04-03T11:07:54.621+0000] {spark_submit.py:491} INFO - found org.wildfly.openssl#wildfly-openssl;1.0.7.Final in central
[2026-04-03T11:07:54.675+0000] {spark_submit.py:491} INFO - found io.delta#delta-core_2.12;2.3.0 in central
[2026-04-03T11:07:54.719+0000] {spark_submit.py:491} INFO - found io.delta#delta-storage;2.3.0 in central
[2026-04-03T11:07:54.757+0000] {spark_submit.py:491} INFO - found org.antlr#antlr4-runtime;4.8 in central
[2026-04-03T11:07:54.856+0000] {spark_submit.py:491} INFO - :: resolution report :: resolve 644ms :: artifacts dl 48ms
[2026-04-03T11:07:54.857+0000] {spark_submit.py:491} INFO - :: modules in use:
[2026-04-03T11:07:54.857+0000] {spark_submit.py:491} INFO - com.amazonaws#aws-java-sdk-bundle;1.11.1026 from central in [default]
[2026-04-03T11:07:54.857+0000] {spark_submit.py:491} INFO - io.delta#delta-core_2.12;2.3.0 from central in [default]
[2026-04-03T11:07:54.857+0000] {spark_submit.py:491} INFO - io.delta#delta-storage;2.3.0 from central in [default]
[2026-04-03T11:07:54.857+0000] {spark_submit.py:491} INFO - org.antlr#antlr4-runtime;4.8 from central in [default]
[2026-04-03T11:07:54.858+0000] {spark_submit.py:491} INFO - org.apache.hadoop#hadoop-aws;3.3.2 from central in [default]
[2026-04-03T11:07:54.858+0000] {spark_submit.py:491} INFO - org.wildfly.openssl#wildfly-openssl;1.0.7.Final from central in [default]
[2026-04-03T11:07:54.858+0000] {spark_submit.py:491} INFO - ---------------------------------------------------------------------
[2026-04-03T11:07:54.858+0000] {spark_submit.py:491} INFO - |                  |            modules            ||   artifacts   |
[2026-04-03T11:07:54.858+0000] {spark_submit.py:491} INFO - |       conf       | number| search|dwnlded|evicted|| number|dwnlded|
[2026-04-03T11:07:54.858+0000] {spark_submit.py:491} INFO - ---------------------------------------------------------------------
[2026-04-03T11:07:54.858+0000] {spark_submit.py:491} INFO - |      default     |   6   |   0   |   0   |   0   ||   6   |   0   |
[2026-04-03T11:07:54.858+0000] {spark_submit.py:491} INFO - ---------------------------------------------------------------------
[2026-04-03T11:07:54.888+0000] {spark_submit.py:491} INFO - :: retrieving :: org.apache.spark#spark-submit-parent-f2ff8ec4-4f66-462c-9189-1f38b40305c0
[2026-04-03T11:07:54.889+0000] {spark_submit.py:491} INFO - confs: [default]
[2026-04-03T11:07:54.921+0000] {spark_submit.py:491} INFO - 0 artifacts copied, 6 already retrieved (0kB/35ms)
[2026-04-03T11:07:55.689+0000] {spark_submit.py:491} INFO - 26/04/03 11:07:55 WARN NativeCodeLoader: Unable to load native-hadoop library for your platform... using builtin-java classes where applicable
[2026-04-03T11:07:58.273+0000] {spark_submit.py:491} INFO - INFO:__main__:Khởi tạo Spark Job cho bảng: products
[2026-04-03T11:07:58.620+0000] {spark_submit.py:491} INFO - 26/04/03 11:07:58 INFO SparkContext: Running Spark version 3.3.2
[2026-04-03T11:07:58.712+0000] {spark_submit.py:491} INFO - 26/04/03 11:07:58 INFO ResourceUtils: ==============================================================
[2026-04-03T11:07:58.713+0000] {spark_submit.py:491} INFO - 26/04/03 11:07:58 INFO ResourceUtils: No custom resources configured for spark.driver.
[2026-04-03T11:07:58.715+0000] {spark_submit.py:491} INFO - 26/04/03 11:07:58 INFO ResourceUtils: ==============================================================
[2026-04-03T11:07:58.719+0000] {spark_submit.py:491} INFO - 26/04/03 11:07:58 INFO SparkContext: Submitted application: <class 'pyspark.sql.session.SparkSession'>
[2026-04-03T11:07:58.827+0000] {spark_submit.py:491} INFO - 26/04/03 11:07:58 INFO ResourceProfile: Default ResourceProfile created, executor resources: Map(cores -> name: cores, amount: 1, script: , vendor: , memory -> name: memory, amount: 1024, script: , vendor: , offHeap -> name: offHeap, amount: 0, script: , vendor: ), task resources: Map(cpus -> name: cpus, amount: 1.0)
[2026-04-03T11:07:58.885+0000] {spark_submit.py:491} INFO - 26/04/03 11:07:58 INFO ResourceProfile: Limiting resource is cpus at 1 tasks per executor
[2026-04-03T11:07:58.892+0000] {spark_submit.py:491} INFO - 26/04/03 11:07:58 INFO ResourceProfileManager: Added ResourceProfile id: 0
[2026-04-03T11:07:59.202+0000] {spark_submit.py:491} INFO - 26/04/03 11:07:59 INFO SecurityManager: Changing view acls to: airflow
[2026-04-03T11:07:59.206+0000] {spark_submit.py:491} INFO - 26/04/03 11:07:59 INFO SecurityManager: Changing modify acls to: airflow
[2026-04-03T11:07:59.210+0000] {spark_submit.py:491} INFO - 26/04/03 11:07:59 INFO SecurityManager: Changing view acls groups to:
[2026-04-03T11:07:59.216+0000] {spark_submit.py:491} INFO - 26/04/03 11:07:59 INFO SecurityManager: Changing modify acls groups to:
[2026-04-03T11:07:59.222+0000] {spark_submit.py:491} INFO - 26/04/03 11:07:59 INFO SecurityManager: SecurityManager: authentication disabled; ui acls disabled; users  with view permissions: Set(airflow); groups with view permissions: Set(); users  with modify permissions: Set(airflow); groups with modify permissions: Set()
[2026-04-03T11:08:00.514+0000] {spark_submit.py:491} INFO - 26/04/03 11:08:00 INFO Utils: Successfully started service 'sparkDriver' on port 44829.
[2026-04-03T11:08:00.619+0000] {spark_submit.py:491} INFO - 26/04/03 11:08:00 INFO SparkEnv: Registering MapOutputTracker
[2026-04-03T11:08:00.747+0000] {spark_submit.py:491} INFO - 26/04/03 11:08:00 INFO SparkEnv: Registering BlockManagerMaster
[2026-04-03T11:08:00.806+0000] {spark_submit.py:491} INFO - 26/04/03 11:08:00 INFO BlockManagerMasterEndpoint: Using org.apache.spark.storage.DefaultTopologyMapper for getting topology information
[2026-04-03T11:08:00.810+0000] {spark_submit.py:491} INFO - 26/04/03 11:08:00 INFO BlockManagerMasterEndpoint: BlockManagerMasterEndpoint up
[2026-04-03T11:08:00.825+0000] {spark_submit.py:491} INFO - 26/04/03 11:08:00 INFO SparkEnv: Registering BlockManagerMasterHeartbeat
[2026-04-03T11:08:00.916+0000] {spark_submit.py:491} INFO - 26/04/03 11:08:00 INFO DiskBlockManager: Created local directory at /tmp/blockmgr-e0df56ac-67b2-4c21-bd07-2543b282fb68
[2026-04-03T11:08:00.988+0000] {spark_submit.py:491} INFO - 26/04/03 11:08:00 INFO MemoryStore: MemoryStore started with capacity 434.4 MiB
[2026-04-03T11:08:01.041+0000] {spark_submit.py:491} INFO - 26/04/03 11:08:01 INFO SparkEnv: Registering OutputCommitCoordinator
[2026-04-03T11:08:01.633+0000] {spark_submit.py:491} INFO - 26/04/03 11:08:01 WARN Utils: Service 'SparkUI' could not bind on port 4040. Attempting port 4041.
[2026-04-03T11:08:01.663+0000] {spark_submit.py:491} INFO - 26/04/03 11:08:01 INFO Utils: Successfully started service 'SparkUI' on port 4041.
[2026-04-03T11:08:01.748+0000] {spark_submit.py:491} INFO - 26/04/03 11:08:01 INFO SparkContext: Added JAR file:///home/airflow/.ivy2/jars/org.apache.hadoop_hadoop-aws-3.3.2.jar at spark://ad303354f1ab:44829/jars/org.apache.hadoop_hadoop-aws-3.3.2.jar with timestamp 1775214478587
[2026-04-03T11:08:01.752+0000] {spark_submit.py:491} INFO - 26/04/03 11:08:01 INFO SparkContext: Added JAR file:///home/airflow/.ivy2/jars/com.amazonaws_aws-java-sdk-bundle-1.11.1026.jar at spark://ad303354f1ab:44829/jars/com.amazonaws_aws-java-sdk-bundle-1.11.1026.jar with timestamp 1775214478587
[2026-04-03T11:08:01.752+0000] {spark_submit.py:491} INFO - 26/04/03 11:08:01 INFO SparkContext: Added JAR file:///home/airflow/.ivy2/jars/io.delta_delta-core_2.12-2.3.0.jar at spark://ad303354f1ab:44829/jars/io.delta_delta-core_2.12-2.3.0.jar with timestamp 1775214478587
[2026-04-03T11:08:01.752+0000] {spark_submit.py:491} INFO - 26/04/03 11:08:01 INFO SparkContext: Added JAR file:///home/airflow/.ivy2/jars/org.wildfly.openssl_wildfly-openssl-1.0.7.Final.jar at spark://ad303354f1ab:44829/jars/org.wildfly.openssl_wildfly-openssl-1.0.7.Final.jar with timestamp 1775214478587
[2026-04-03T11:08:01.752+0000] {spark_submit.py:491} INFO - 26/04/03 11:08:01 INFO SparkContext: Added JAR file:///home/airflow/.ivy2/jars/io.delta_delta-storage-2.3.0.jar at spark://ad303354f1ab:44829/jars/io.delta_delta-storage-2.3.0.jar with timestamp 1775214478587
[2026-04-03T11:08:01.752+0000] {spark_submit.py:491} INFO - 26/04/03 11:08:01 INFO SparkContext: Added JAR file:///home/airflow/.ivy2/jars/org.antlr_antlr4-runtime-4.8.jar at spark://ad303354f1ab:44829/jars/org.antlr_antlr4-runtime-4.8.jar with timestamp 1775214478587
[2026-04-03T11:08:01.757+0000] {spark_submit.py:491} INFO - 26/04/03 11:08:01 INFO SparkContext: Added file file:///home/airflow/.ivy2/jars/org.apache.hadoop_hadoop-aws-3.3.2.jar at spark://ad303354f1ab:44829/files/org.apache.hadoop_hadoop-aws-3.3.2.jar with timestamp 1775214478587
[2026-04-03T11:08:01.761+0000] {spark_submit.py:491} INFO - 26/04/03 11:08:01 INFO Utils: Copying /home/airflow/.ivy2/jars/org.apache.hadoop_hadoop-aws-3.3.2.jar to /tmp/spark-96ecf588-6421-4817-8d7e-0acdfcaf7cfa/userFiles-9508ab36-5ca7-4309-94c6-df97ca074e26/org.apache.hadoop_hadoop-aws-3.3.2.jar
[2026-04-03T11:08:01.790+0000] {spark_submit.py:491} INFO - 26/04/03 11:08:01 INFO SparkContext: Added file file:///home/airflow/.ivy2/jars/com.amazonaws_aws-java-sdk-bundle-1.11.1026.jar at spark://ad303354f1ab:44829/files/com.amazonaws_aws-java-sdk-bundle-1.11.1026.jar with timestamp 1775214478587
[2026-04-03T11:08:01.791+0000] {spark_submit.py:491} INFO - 26/04/03 11:08:01 INFO Utils: Copying /home/airflow/.ivy2/jars/com.amazonaws_aws-java-sdk-bundle-1.11.1026.jar to /tmp/spark-96ecf588-6421-4817-8d7e-0acdfcaf7cfa/userFiles-9508ab36-5ca7-4309-94c6-df97ca074e26/com.amazonaws_aws-java-sdk-bundle-1.11.1026.jar
[2026-04-03T11:08:02.290+0000] {spark_submit.py:491} INFO - 26/04/03 11:08:02 INFO SparkContext: Added file file:///home/airflow/.ivy2/jars/io.delta_delta-core_2.12-2.3.0.jar at spark://ad303354f1ab:44829/files/io.delta_delta-core_2.12-2.3.0.jar with timestamp 1775214478587
[2026-04-03T11:08:02.295+0000] {spark_submit.py:491} INFO - 26/04/03 11:08:02 INFO Utils: Copying /home/airflow/.ivy2/jars/io.delta_delta-core_2.12-2.3.0.jar to /tmp/spark-96ecf588-6421-4817-8d7e-0acdfcaf7cfa/userFiles-9508ab36-5ca7-4309-94c6-df97ca074e26/io.delta_delta-core_2.12-2.3.0.jar
[2026-04-03T11:08:02.318+0000] {spark_submit.py:491} INFO - 26/04/03 11:08:02 INFO SparkContext: Added file file:///home/airflow/.ivy2/jars/org.wildfly.openssl_wildfly-openssl-1.0.7.Final.jar at spark://ad303354f1ab:44829/files/org.wildfly.openssl_wildfly-openssl-1.0.7.Final.jar with timestamp 1775214478587
[2026-04-03T11:08:02.319+0000] {spark_submit.py:491} INFO - 26/04/03 11:08:02 INFO Utils: Copying /home/airflow/.ivy2/jars/org.wildfly.openssl_wildfly-openssl-1.0.7.Final.jar to /tmp/spark-96ecf588-6421-4817-8d7e-0acdfcaf7cfa/userFiles-9508ab36-5ca7-4309-94c6-df97ca074e26/org.wildfly.openssl_wildfly-openssl-1.0.7.Final.jar
[2026-04-03T11:08:02.335+0000] {spark_submit.py:491} INFO - 26/04/03 11:08:02 INFO SparkContext: Added file file:///home/airflow/.ivy2/jars/io.delta_delta-storage-2.3.0.jar at spark://ad303354f1ab:44829/files/io.delta_delta-storage-2.3.0.jar with timestamp 1775214478587
[2026-04-03T11:08:02.336+0000] {spark_submit.py:491} INFO - 26/04/03 11:08:02 INFO Utils: Copying /home/airflow/.ivy2/jars/io.delta_delta-storage-2.3.0.jar to /tmp/spark-96ecf588-6421-4817-8d7e-0acdfcaf7cfa/userFiles-9508ab36-5ca7-4309-94c6-df97ca074e26/io.delta_delta-storage-2.3.0.jar
[2026-04-03T11:08:02.357+0000] {spark_submit.py:491} INFO - 26/04/03 11:08:02 INFO SparkContext: Added file file:///home/airflow/.ivy2/jars/org.antlr_antlr4-runtime-4.8.jar at spark://ad303354f1ab:44829/files/org.antlr_antlr4-runtime-4.8.jar with timestamp 1775214478587
[2026-04-03T11:08:02.359+0000] {spark_submit.py:491} INFO - 26/04/03 11:08:02 INFO Utils: Copying /home/airflow/.ivy2/jars/org.antlr_antlr4-runtime-4.8.jar to /tmp/spark-96ecf588-6421-4817-8d7e-0acdfcaf7cfa/userFiles-9508ab36-5ca7-4309-94c6-df97ca074e26/org.antlr_antlr4-runtime-4.8.jar
[2026-04-03T11:08:02.724+0000] {spark_submit.py:491} INFO - 26/04/03 11:08:02 INFO StandaloneAppClient$ClientEndpoint: Connecting to master spark://spark-master:7077...
[2026-04-03T11:08:02.963+0000] {spark_submit.py:491} INFO - 26/04/03 11:08:02 INFO TransportClientFactory: Successfully created connection to spark-master/172.18.0.6:7077 after 143 ms (0 ms spent in bootstraps)
[2026-04-03T11:08:03.315+0000] {spark_submit.py:491} INFO - 26/04/03 11:08:03 INFO StandaloneSchedulerBackend: Connected to Spark cluster with app ID app-20260403110803-0002
[2026-04-03T11:08:03.334+0000] {spark_submit.py:491} INFO - 26/04/03 11:08:03 INFO Utils: Successfully started service 'org.apache.spark.network.netty.NettyBlockTransferService' on port 38917.
[2026-04-03T11:08:03.334+0000] {spark_submit.py:491} INFO - 26/04/03 11:08:03 INFO NettyBlockTransferService: Server created on ad303354f1ab:38917
[2026-04-03T11:08:03.340+0000] {spark_submit.py:491} INFO - 26/04/03 11:08:03 INFO BlockManager: Using org.apache.spark.storage.RandomBlockReplicationPolicy for block replication policy
[2026-04-03T11:08:03.379+0000] {spark_submit.py:491} INFO - 26/04/03 11:08:03 INFO BlockManagerMaster: Registering BlockManager BlockManagerId(driver, ad303354f1ab, 38917, None)
[2026-04-03T11:08:03.386+0000] {spark_submit.py:491} INFO - 26/04/03 11:08:03 INFO BlockManagerMasterEndpoint: Registering block manager ad303354f1ab:38917 with 434.4 MiB RAM, BlockManagerId(driver, ad303354f1ab, 38917, None)
[2026-04-03T11:08:03.392+0000] {spark_submit.py:491} INFO - 26/04/03 11:08:03 INFO BlockManagerMaster: Registered BlockManager BlockManagerId(driver, ad303354f1ab, 38917, None)
[2026-04-03T11:08:03.395+0000] {spark_submit.py:491} INFO - 26/04/03 11:08:03 INFO BlockManager: Initialized BlockManager: BlockManagerId(driver, ad303354f1ab, 38917, None)
[2026-04-03T11:08:04.042+0000] {spark_submit.py:491} INFO - 26/04/03 11:08:04 INFO StandaloneSchedulerBackend: SchedulerBackend is ready for scheduling beginning after reached minRegisteredResourcesRatio: 0.0
[2026-04-03T11:08:07.102+0000] {spark_submit.py:491} INFO - INFO:silver_processor: Bắt đầu xử lý lớp Silver cho bảng: products | Chế độ CDC: False
[2026-04-03T11:08:07.105+0000] {spark_submit.py:491} INFO - INFO:silver_processor: Bắt đầu quét Data Nóng từ Bronze...
[2026-04-03T11:08:08.118+0000] {spark_submit.py:491} INFO - 26/04/03 11:08:08 WARN MetricsConfig: Cannot locate configuration: tried hadoop-metrics2-s3a-file-system.properties,hadoop-metrics2.properties
