[2026-04-03T14:34:32.607+0000] {taskinstance.py:1159} INFO - Dependencies all met for dep_context=non-requeueable deps ti=<TaskInstance: silver_spark_processor.process_silver_order_items scheduled__2026-04-02T00:00:00+00:00 [queued]>
[2026-04-03T14:34:32.622+0000] {taskinstance.py:1159} INFO - Dependencies all met for dep_context=requeueable deps ti=<TaskInstance: silver_spark_processor.process_silver_order_items scheduled__2026-04-02T00:00:00+00:00 [queued]>
[2026-04-03T14:34:32.622+0000] {taskinstance.py:1361} INFO - Starting attempt 11 of 10
[2026-04-03T14:34:32.651+0000] {taskinstance.py:1382} INFO - Executing <Task(SparkSubmitOperator): process_silver_order_items> on 2026-04-02 00:00:00+00:00
[2026-04-03T14:34:32.664+0000] {standard_task_runner.py:57} INFO - Started process 192 to run task
[2026-04-03T14:34:32.670+0000] {standard_task_runner.py:84} INFO - Running: ['airflow', 'tasks', 'run', 'silver_spark_processor', 'process_silver_order_items', 'scheduled__2026-04-02T00:00:00+00:00', '--job-id', '572', '--raw', '--subdir', 'DAGS_FOLDER/silver_processor_dag.py', '--cfg-path', '/tmp/tmp7oddynga']
[2026-04-03T14:34:32.673+0000] {standard_task_runner.py:85} INFO - Job 572: Subtask process_silver_order_items
[2026-04-03T14:34:32.784+0000] {task_command.py:416} INFO - Running <TaskInstance: silver_spark_processor.process_silver_order_items scheduled__2026-04-02T00:00:00+00:00 [running]> on host e516154efc74
[2026-04-03T14:34:32.983+0000] {taskinstance.py:1662} INFO - Exporting env vars: AIRFLOW_CTX_DAG_OWNER='data-team' AIRFLOW_CTX_DAG_ID='silver_spark_processor' AIRFLOW_CTX_TASK_ID='process_silver_order_items' AIRFLOW_CTX_EXECUTION_DATE='2026-04-02T00:00:00+00:00' AIRFLOW_CTX_TRY_NUMBER='11' AIRFLOW_CTX_DAG_RUN_ID='scheduled__2026-04-02T00:00:00+00:00'
[2026-04-03T14:34:33.012+0000] {base.py:73} INFO - Using connection ID 'spark_default' for task execution.
[2026-04-03T14:34:33.018+0000] {spark_submit.py:340} INFO - Spark-Submit cmd: spark-submit --master spark://spark-master:7077 --conf spark.sql.extensions=io.delta.sql.DeltaSparkSessionExtension --conf spark.sql.catalog.spark_catalog=org.apache.spark.sql.delta.catalog.DeltaCatalog --conf spark.databricks.delta.schema.autoMerge.enabled=true --jars /opt/airflow/etl/jars/hadoop-aws-3.3.2.jar,/opt/airflow/etl/jars/aws-java-sdk-bundle-1.11.1026.jar,/opt/airflow/etl/jars/delta-core_2.12-2.3.0.jar,/opt/airflow/etl/jars/delta-storage-2.3.0.jar --executor-cores 1 --executor-memory 1g --driver-memory 1g --name airflow_silver_order_items /opt/airflow/etl/silver/main_silver.py --table_name order_items --merge_key order_item_id --is_cdc true --json_schema order_id STRING, order_item_id STRING, product_id STRING, seller_id STRING, shipping_limit_date STRING, price STRING, freight_value STRING
[2026-04-03T14:34:33.221+0000] {spark_submit.py:491} INFO - /home/airflow/.local/lib/python3.10/site-packages/pyspark/bin/load-spark-env.sh: line 68: ps: command not found
[2026-04-03T14:34:41.923+0000] {spark_submit.py:491} INFO - 26/04/03 14:34:41 WARN NativeCodeLoader: Unable to load native-hadoop library for your platform... using builtin-java classes where applicable
[2026-04-03T14:34:45.024+0000] {spark_submit.py:491} INFO - INFO:__main__:Khởi tạo Spark Job cho bảng: order_items
[2026-04-03T14:34:45.383+0000] {spark_submit.py:491} INFO - 26/04/03 14:34:45 INFO SparkContext: Running Spark version 3.3.2
[2026-04-03T14:34:45.474+0000] {spark_submit.py:491} INFO - 26/04/03 14:34:45 INFO ResourceUtils: ==============================================================
[2026-04-03T14:34:45.475+0000] {spark_submit.py:491} INFO - 26/04/03 14:34:45 INFO ResourceUtils: No custom resources configured for spark.driver.
[2026-04-03T14:34:45.476+0000] {spark_submit.py:491} INFO - 26/04/03 14:34:45 INFO ResourceUtils: ==============================================================
[2026-04-03T14:34:45.479+0000] {spark_submit.py:491} INFO - 26/04/03 14:34:45 INFO SparkContext: Submitted application: <class 'pyspark.sql.session.SparkSession'>
[2026-04-03T14:34:45.575+0000] {spark_submit.py:491} INFO - 26/04/03 14:34:45 INFO ResourceProfile: Default ResourceProfile created, executor resources: Map(cores -> name: cores, amount: 1, script: , vendor: , memory -> name: memory, amount: 1024, script: , vendor: , offHeap -> name: offHeap, amount: 0, script: , vendor: ), task resources: Map(cpus -> name: cpus, amount: 1.0)
[2026-04-03T14:34:45.654+0000] {spark_submit.py:491} INFO - 26/04/03 14:34:45 INFO ResourceProfile: Limiting resource is cpus at 1 tasks per executor
[2026-04-03T14:34:45.665+0000] {spark_submit.py:491} INFO - 26/04/03 14:34:45 INFO ResourceProfileManager: Added ResourceProfile id: 0
[2026-04-03T14:34:45.806+0000] {spark_submit.py:491} INFO - 26/04/03 14:34:45 INFO SecurityManager: Changing view acls to: airflow
[2026-04-03T14:34:45.807+0000] {spark_submit.py:491} INFO - 26/04/03 14:34:45 INFO SecurityManager: Changing modify acls to: airflow
[2026-04-03T14:34:45.809+0000] {spark_submit.py:491} INFO - 26/04/03 14:34:45 INFO SecurityManager: Changing view acls groups to:
[2026-04-03T14:34:45.809+0000] {spark_submit.py:491} INFO - 26/04/03 14:34:45 INFO SecurityManager: Changing modify acls groups to:
[2026-04-03T14:34:45.811+0000] {spark_submit.py:491} INFO - 26/04/03 14:34:45 INFO SecurityManager: SecurityManager: authentication disabled; ui acls disabled; users  with view permissions: Set(airflow); groups with view permissions: Set(); users  with modify permissions: Set(airflow); groups with modify permissions: Set()
[2026-04-03T14:34:47.195+0000] {spark_submit.py:491} INFO - 26/04/03 14:34:47 INFO Utils: Successfully started service 'sparkDriver' on port 36433.
[2026-04-03T14:34:47.348+0000] {spark_submit.py:491} INFO - 26/04/03 14:34:47 INFO SparkEnv: Registering MapOutputTracker
[2026-04-03T14:34:47.552+0000] {spark_submit.py:491} INFO - 26/04/03 14:34:47 INFO SparkEnv: Registering BlockManagerMaster
[2026-04-03T14:34:47.635+0000] {spark_submit.py:491} INFO - 26/04/03 14:34:47 INFO BlockManagerMasterEndpoint: Using org.apache.spark.storage.DefaultTopologyMapper for getting topology information
[2026-04-03T14:34:47.636+0000] {spark_submit.py:491} INFO - 26/04/03 14:34:47 INFO BlockManagerMasterEndpoint: BlockManagerMasterEndpoint up
[2026-04-03T14:34:47.662+0000] {spark_submit.py:491} INFO - 26/04/03 14:34:47 INFO SparkEnv: Registering BlockManagerMasterHeartbeat
[2026-04-03T14:34:47.735+0000] {spark_submit.py:491} INFO - 26/04/03 14:34:47 INFO DiskBlockManager: Created local directory at /tmp/blockmgr-b554d9e9-c6f6-4670-be07-d987332d8af0
[2026-04-03T14:34:47.839+0000] {spark_submit.py:491} INFO - 26/04/03 14:34:47 INFO MemoryStore: MemoryStore started with capacity 434.4 MiB
[2026-04-03T14:34:47.884+0000] {spark_submit.py:491} INFO - 26/04/03 14:34:47 INFO SparkEnv: Registering OutputCommitCoordinator
[2026-04-03T14:34:48.694+0000] {spark_submit.py:491} INFO - 26/04/03 14:34:48 INFO Utils: Successfully started service 'SparkUI' on port 4040.
[2026-04-03T14:34:48.878+0000] {spark_submit.py:491} INFO - 26/04/03 14:34:48 INFO SparkContext: Added JAR file:///opt/airflow/etl/jars/hadoop-aws-3.3.2.jar at spark://e516154efc74:36433/jars/hadoop-aws-3.3.2.jar with timestamp 1775226885325
[2026-04-03T14:34:48.879+0000] {spark_submit.py:491} INFO - 26/04/03 14:34:48 INFO SparkContext: Added JAR file:///opt/airflow/etl/jars/aws-java-sdk-bundle-1.11.1026.jar at spark://e516154efc74:36433/jars/aws-java-sdk-bundle-1.11.1026.jar with timestamp 1775226885325
[2026-04-03T14:34:48.879+0000] {spark_submit.py:491} INFO - 26/04/03 14:34:48 INFO SparkContext: Added JAR file:///opt/airflow/etl/jars/delta-core_2.12-2.3.0.jar at spark://e516154efc74:36433/jars/delta-core_2.12-2.3.0.jar with timestamp 1775226885325
[2026-04-03T14:34:48.883+0000] {spark_submit.py:491} INFO - 26/04/03 14:34:48 INFO SparkContext: Added JAR file:///opt/airflow/etl/jars/delta-storage-2.3.0.jar at spark://e516154efc74:36433/jars/delta-storage-2.3.0.jar with timestamp 1775226885325
[2026-04-03T14:34:49.561+0000] {spark_submit.py:491} INFO - 26/04/03 14:34:49 INFO StandaloneAppClient$ClientEndpoint: Connecting to master spark://spark-master:7077...
[2026-04-03T14:34:49.883+0000] {spark_submit.py:491} INFO - 26/04/03 14:34:49 INFO TransportClientFactory: Successfully created connection to spark-master/172.18.0.6:7077 after 201 ms (0 ms spent in bootstraps)
[2026-04-03T14:34:51.108+0000] {taskinstance.py:1937} ERROR - Task failed with exception
Traceback (most recent call last):
  File "/home/airflow/.local/lib/python3.10/site-packages/airflow/providers/apache/spark/operators/spark_submit.py", line 156, in execute
    self._hook.submit(self._application)
  File "/home/airflow/.local/lib/python3.10/site-packages/airflow/providers/apache/spark/hooks/spark_submit.py", line 422, in submit
    raise AirflowException(
airflow.exceptions.AirflowException: Cannot execute: spark-submit --master spark://spark-master:7077 --conf spark.sql.extensions=io.delta.sql.DeltaSparkSessionExtension --conf spark.sql.catalog.spark_catalog=org.apache.spark.sql.delta.catalog.DeltaCatalog --conf spark.databricks.delta.schema.autoMerge.enabled=true --jars /opt/airflow/etl/jars/hadoop-aws-3.3.2.jar,/opt/airflow/etl/jars/aws-java-sdk-bundle-1.11.1026.jar,/opt/airflow/etl/jars/delta-core_2.12-2.3.0.jar,/opt/airflow/etl/jars/delta-storage-2.3.0.jar --executor-cores 1 --executor-memory 1g --driver-memory 1g --name airflow_silver_order_items /opt/airflow/etl/silver/main_silver.py --table_name order_items --merge_key order_item_id --is_cdc true --json_schema order_id STRING, order_item_id STRING, product_id STRING, seller_id STRING, shipping_limit_date STRING, price STRING, freight_value STRING. Error code is: -9.
[2026-04-03T14:34:51.241+0000] {taskinstance.py:1400} INFO - Marking task as FAILED. dag_id=silver_spark_processor, task_id=process_silver_order_items, execution_date=20260402T000000, start_date=20260403T143432, end_date=20260403T143451
[2026-04-03T14:34:51.560+0000] {standard_task_runner.py:104} ERROR - Failed to execute job 572 for task process_silver_order_items (Cannot execute: spark-submit --master spark://spark-master:7077 --conf spark.sql.extensions=io.delta.sql.DeltaSparkSessionExtension --conf spark.sql.catalog.spark_catalog=org.apache.spark.sql.delta.catalog.DeltaCatalog --conf spark.databricks.delta.schema.autoMerge.enabled=true --jars /opt/airflow/etl/jars/hadoop-aws-3.3.2.jar,/opt/airflow/etl/jars/aws-java-sdk-bundle-1.11.1026.jar,/opt/airflow/etl/jars/delta-core_2.12-2.3.0.jar,/opt/airflow/etl/jars/delta-storage-2.3.0.jar --executor-cores 1 --executor-memory 1g --driver-memory 1g --name airflow_silver_order_items /opt/airflow/etl/silver/main_silver.py --table_name order_items --merge_key order_item_id --is_cdc true --json_schema order_id STRING, order_item_id STRING, product_id STRING, seller_id STRING, shipping_limit_date STRING, price STRING, freight_value STRING. Error code is: -9.; 192)
[2026-04-03T14:34:51.662+0000] {local_task_job_runner.py:228} INFO - Task exited with return code 1
[2026-04-03T14:34:52.031+0000] {taskinstance.py:2778} INFO - 0 downstream tasks scheduled from follow-on schedule check
