[2026-04-03T14:44:57.501+0000] {taskinstance.py:1159} INFO - Dependencies all met for dep_context=non-requeueable deps ti=<TaskInstance: silver_spark_processor.process_silver_order_items scheduled__2026-04-02T00:00:00+00:00 [queued]>
[2026-04-03T14:44:57.515+0000] {taskinstance.py:1159} INFO - Dependencies all met for dep_context=requeueable deps ti=<TaskInstance: silver_spark_processor.process_silver_order_items scheduled__2026-04-02T00:00:00+00:00 [queued]>
[2026-04-03T14:44:57.516+0000] {taskinstance.py:1361} INFO - Starting attempt 14 of 15
[2026-04-03T14:44:57.542+0000] {taskinstance.py:1382} INFO - Executing <Task(SparkSubmitOperator): process_silver_order_items> on 2026-04-02 00:00:00+00:00
[2026-04-03T14:44:57.553+0000] {standard_task_runner.py:57} INFO - Started process 204 to run task
[2026-04-03T14:44:57.558+0000] {standard_task_runner.py:84} INFO - Running: ['airflow', 'tasks', 'run', 'silver_spark_processor', 'process_silver_order_items', 'scheduled__2026-04-02T00:00:00+00:00', '--job-id', '602', '--raw', '--subdir', 'DAGS_FOLDER/silver_processor_dag.py', '--cfg-path', '/tmp/tmpcewb0vn9']
[2026-04-03T14:44:57.562+0000] {standard_task_runner.py:85} INFO - Job 602: Subtask process_silver_order_items
[2026-04-03T14:44:57.654+0000] {task_command.py:416} INFO - Running <TaskInstance: silver_spark_processor.process_silver_order_items scheduled__2026-04-02T00:00:00+00:00 [running]> on host ff668b8b098e
[2026-04-03T14:44:57.814+0000] {taskinstance.py:1662} INFO - Exporting env vars: AIRFLOW_CTX_DAG_OWNER='data-team' AIRFLOW_CTX_DAG_ID='silver_spark_processor' AIRFLOW_CTX_TASK_ID='process_silver_order_items' AIRFLOW_CTX_EXECUTION_DATE='2026-04-02T00:00:00+00:00' AIRFLOW_CTX_TRY_NUMBER='14' AIRFLOW_CTX_DAG_RUN_ID='scheduled__2026-04-02T00:00:00+00:00'
[2026-04-03T14:44:57.834+0000] {base.py:73} INFO - Using connection ID 'spark_default' for task execution.
[2026-04-03T14:44:57.840+0000] {spark_submit.py:340} INFO - Spark-Submit cmd: spark-submit --master spark://spark-master:7077 --conf spark.sql.extensions=io.delta.sql.DeltaSparkSessionExtension --conf spark.sql.catalog.spark_catalog=org.apache.spark.sql.delta.catalog.DeltaCatalog --conf spark.databricks.delta.schema.autoMerge.enabled=true --jars /opt/airflow/etl/jars/hadoop-aws-3.3.2.jar,/opt/airflow/etl/jars/aws-java-sdk-bundle-1.11.1026.jar,/opt/airflow/etl/jars/delta-core_2.12-2.3.0.jar,/opt/airflow/etl/jars/delta-storage-2.3.0.jar --executor-cores 1 --executor-memory 1g --driver-memory 1g --name airflow_silver_order_items /opt/airflow/etl/silver/main_silver.py --table_name order_items --merge_key order_item_id --is_cdc true --json_schema order_id STRING, order_item_id STRING, product_id STRING, seller_id STRING, shipping_limit_date STRING, price STRING, freight_value STRING
[2026-04-03T14:44:58.004+0000] {spark_submit.py:491} INFO - /home/airflow/.local/lib/python3.10/site-packages/pyspark/bin/load-spark-env.sh: line 68: ps: command not found
[2026-04-03T14:45:04.824+0000] {spark_submit.py:491} INFO - 26/04/03 14:45:04 WARN NativeCodeLoader: Unable to load native-hadoop library for your platform... using builtin-java classes where applicable
[2026-04-03T14:45:07.544+0000] {spark_submit.py:491} INFO - INFO:__main__:Khởi tạo Spark Job cho bảng: order_items
[2026-04-03T14:45:07.909+0000] {spark_submit.py:491} INFO - 26/04/03 14:45:07 INFO SparkContext: Running Spark version 3.3.2
[2026-04-03T14:45:08.044+0000] {spark_submit.py:491} INFO - 26/04/03 14:45:08 INFO ResourceUtils: ==============================================================
[2026-04-03T14:45:08.044+0000] {spark_submit.py:491} INFO - 26/04/03 14:45:08 INFO ResourceUtils: No custom resources configured for spark.driver.
[2026-04-03T14:45:08.045+0000] {spark_submit.py:491} INFO - 26/04/03 14:45:08 INFO ResourceUtils: ==============================================================
[2026-04-03T14:45:08.048+0000] {spark_submit.py:491} INFO - 26/04/03 14:45:08 INFO SparkContext: Submitted application: <class 'pyspark.sql.session.SparkSession'>
[2026-04-03T14:45:08.141+0000] {spark_submit.py:491} INFO - 26/04/03 14:45:08 INFO ResourceProfile: Default ResourceProfile created, executor resources: Map(cores -> name: cores, amount: 1, script: , vendor: , memory -> name: memory, amount: 1024, script: , vendor: , offHeap -> name: offHeap, amount: 0, script: , vendor: ), task resources: Map(cpus -> name: cpus, amount: 1.0)
[2026-04-03T14:45:08.203+0000] {spark_submit.py:491} INFO - 26/04/03 14:45:08 INFO ResourceProfile: Limiting resource is cpus at 1 tasks per executor
[2026-04-03T14:45:08.223+0000] {spark_submit.py:491} INFO - 26/04/03 14:45:08 INFO ResourceProfileManager: Added ResourceProfile id: 0
[2026-04-03T14:45:08.501+0000] {spark_submit.py:491} INFO - 26/04/03 14:45:08 INFO SecurityManager: Changing view acls to: airflow
[2026-04-03T14:45:08.504+0000] {spark_submit.py:491} INFO - 26/04/03 14:45:08 INFO SecurityManager: Changing modify acls to: airflow
[2026-04-03T14:45:08.504+0000] {spark_submit.py:491} INFO - 26/04/03 14:45:08 INFO SecurityManager: Changing view acls groups to:
[2026-04-03T14:45:08.505+0000] {spark_submit.py:491} INFO - 26/04/03 14:45:08 INFO SecurityManager: Changing modify acls groups to:
[2026-04-03T14:45:08.507+0000] {spark_submit.py:491} INFO - 26/04/03 14:45:08 INFO SecurityManager: SecurityManager: authentication disabled; ui acls disabled; users  with view permissions: Set(airflow); groups with view permissions: Set(); users  with modify permissions: Set(airflow); groups with modify permissions: Set()
[2026-04-03T14:45:09.344+0000] {spark_submit.py:491} INFO - 26/04/03 14:45:09 INFO Utils: Successfully started service 'sparkDriver' on port 34357.
[2026-04-03T14:45:09.469+0000] {spark_submit.py:491} INFO - 26/04/03 14:45:09 INFO SparkEnv: Registering MapOutputTracker
[2026-04-03T14:45:09.625+0000] {spark_submit.py:491} INFO - 26/04/03 14:45:09 INFO SparkEnv: Registering BlockManagerMaster
[2026-04-03T14:45:09.714+0000] {spark_submit.py:491} INFO - 26/04/03 14:45:09 INFO BlockManagerMasterEndpoint: Using org.apache.spark.storage.DefaultTopologyMapper for getting topology information
[2026-04-03T14:45:09.714+0000] {spark_submit.py:491} INFO - 26/04/03 14:45:09 INFO BlockManagerMasterEndpoint: BlockManagerMasterEndpoint up
[2026-04-03T14:45:09.734+0000] {spark_submit.py:491} INFO - 26/04/03 14:45:09 INFO SparkEnv: Registering BlockManagerMasterHeartbeat
[2026-04-03T14:45:09.801+0000] {spark_submit.py:491} INFO - 26/04/03 14:45:09 INFO DiskBlockManager: Created local directory at /tmp/blockmgr-8b77004c-35f9-489c-b94f-ec0441138e2e
[2026-04-03T14:45:09.852+0000] {spark_submit.py:491} INFO - 26/04/03 14:45:09 INFO MemoryStore: MemoryStore started with capacity 434.4 MiB
[2026-04-03T14:45:09.894+0000] {spark_submit.py:491} INFO - 26/04/03 14:45:09 INFO SparkEnv: Registering OutputCommitCoordinator
[2026-04-03T14:45:10.454+0000] {spark_submit.py:491} INFO - 26/04/03 14:45:10 WARN Utils: Service 'SparkUI' could not bind on port 4040. Attempting port 4041.
[2026-04-03T14:45:10.456+0000] {spark_submit.py:491} INFO - 26/04/03 14:45:10 WARN Utils: Service 'SparkUI' could not bind on port 4041. Attempting port 4042.
[2026-04-03T14:45:10.497+0000] {spark_submit.py:491} INFO - 26/04/03 14:45:10 INFO Utils: Successfully started service 'SparkUI' on port 4042.
[2026-04-03T14:45:10.596+0000] {spark_submit.py:491} INFO - 26/04/03 14:45:10 INFO SparkContext: Added JAR file:///opt/airflow/etl/jars/hadoop-aws-3.3.2.jar at spark://ff668b8b098e:34357/jars/hadoop-aws-3.3.2.jar with timestamp 1775227507876
[2026-04-03T14:45:10.597+0000] {spark_submit.py:491} INFO - 26/04/03 14:45:10 INFO SparkContext: Added JAR file:///opt/airflow/etl/jars/aws-java-sdk-bundle-1.11.1026.jar at spark://ff668b8b098e:34357/jars/aws-java-sdk-bundle-1.11.1026.jar with timestamp 1775227507876
[2026-04-03T14:45:10.597+0000] {spark_submit.py:491} INFO - 26/04/03 14:45:10 INFO SparkContext: Added JAR file:///opt/airflow/etl/jars/delta-core_2.12-2.3.0.jar at spark://ff668b8b098e:34357/jars/delta-core_2.12-2.3.0.jar with timestamp 1775227507876
[2026-04-03T14:45:10.597+0000] {spark_submit.py:491} INFO - 26/04/03 14:45:10 INFO SparkContext: Added JAR file:///opt/airflow/etl/jars/delta-storage-2.3.0.jar at spark://ff668b8b098e:34357/jars/delta-storage-2.3.0.jar with timestamp 1775227507876
[2026-04-03T14:45:10.996+0000] {spark_submit.py:491} INFO - 26/04/03 14:45:10 INFO StandaloneAppClient$ClientEndpoint: Connecting to master spark://spark-master:7077...
[2026-04-03T14:45:11.206+0000] {spark_submit.py:491} INFO - 26/04/03 14:45:11 INFO TransportClientFactory: Successfully created connection to spark-master/172.18.0.6:7077 after 127 ms (0 ms spent in bootstraps)
[2026-04-03T14:45:11.593+0000] {spark_submit.py:491} INFO - 26/04/03 14:45:11 INFO StandaloneSchedulerBackend: Connected to Spark cluster with app ID app-20260403144511-0027
[2026-04-03T14:45:11.601+0000] {spark_submit.py:491} INFO - 26/04/03 14:45:11 INFO StandaloneAppClient$ClientEndpoint: Executor added: app-20260403144511-0027/0 on worker-20260403141648-172.18.0.12-38881 (172.18.0.12:38881) with 1 core(s)
[2026-04-03T14:45:11.626+0000] {spark_submit.py:491} INFO - 26/04/03 14:45:11 INFO StandaloneSchedulerBackend: Granted executor ID app-20260403144511-0027/0 on hostPort 172.18.0.12:38881 with 1 core(s), 1024.0 MiB RAM
[2026-04-03T14:45:11.656+0000] {spark_submit.py:491} INFO - 26/04/03 14:45:11 INFO Utils: Successfully started service 'org.apache.spark.network.netty.NettyBlockTransferService' on port 44053.
[2026-04-03T14:45:11.657+0000] {spark_submit.py:491} INFO - 26/04/03 14:45:11 INFO NettyBlockTransferService: Server created on ff668b8b098e:44053
[2026-04-03T14:45:11.666+0000] {spark_submit.py:491} INFO - 26/04/03 14:45:11 INFO BlockManager: Using org.apache.spark.storage.RandomBlockReplicationPolicy for block replication policy
[2026-04-03T14:45:11.694+0000] {spark_submit.py:491} INFO - 26/04/03 14:45:11 INFO StandaloneAppClient$ClientEndpoint: Executor updated: app-20260403144511-0027/0 is now RUNNING
[2026-04-03T14:45:11.702+0000] {spark_submit.py:491} INFO - 26/04/03 14:45:11 INFO BlockManagerMaster: Registering BlockManager BlockManagerId(driver, ff668b8b098e, 44053, None)
[2026-04-03T14:45:11.709+0000] {spark_submit.py:491} INFO - 26/04/03 14:45:11 INFO BlockManagerMasterEndpoint: Registering block manager ff668b8b098e:44053 with 434.4 MiB RAM, BlockManagerId(driver, ff668b8b098e, 44053, None)
[2026-04-03T14:45:11.717+0000] {spark_submit.py:491} INFO - 26/04/03 14:45:11 INFO BlockManagerMaster: Registered BlockManager BlockManagerId(driver, ff668b8b098e, 44053, None)
[2026-04-03T14:45:11.718+0000] {spark_submit.py:491} INFO - 26/04/03 14:45:11 INFO BlockManager: Initialized BlockManager: BlockManagerId(driver, ff668b8b098e, 44053, None)
[2026-04-03T14:45:12.433+0000] {spark_submit.py:491} INFO - 26/04/03 14:45:12 INFO StandaloneSchedulerBackend: SchedulerBackend is ready for scheduling beginning after reached minRegisteredResourcesRatio: 0.0
[2026-04-03T14:45:15.698+0000] {spark_submit.py:491} INFO - INFO:silver_processor: Bắt đầu xử lý lớp Silver cho bảng: order_items | Chế độ CDC: True
[2026-04-03T14:45:15.699+0000] {spark_submit.py:491} INFO - INFO:silver_processor: Bắt đầu quét Data Nóng từ Bronze...
[2026-04-03T14:45:16.431+0000] {spark_submit.py:491} INFO - 26/04/03 14:45:16 WARN MetricsConfig: Cannot locate configuration: tried hadoop-metrics2-s3a-file-system.properties,hadoop-metrics2.properties
[2026-04-03T14:45:20.182+0000] {taskinstance.py:1937} ERROR - Task failed with exception
Traceback (most recent call last):
  File "/home/airflow/.local/lib/python3.10/site-packages/airflow/providers/apache/spark/operators/spark_submit.py", line 156, in execute
    self._hook.submit(self._application)
  File "/home/airflow/.local/lib/python3.10/site-packages/airflow/providers/apache/spark/hooks/spark_submit.py", line 422, in submit
    raise AirflowException(
airflow.exceptions.AirflowException: Cannot execute: spark-submit --master spark://spark-master:7077 --conf spark.sql.extensions=io.delta.sql.DeltaSparkSessionExtension --conf spark.sql.catalog.spark_catalog=org.apache.spark.sql.delta.catalog.DeltaCatalog --conf spark.databricks.delta.schema.autoMerge.enabled=true --jars /opt/airflow/etl/jars/hadoop-aws-3.3.2.jar,/opt/airflow/etl/jars/aws-java-sdk-bundle-1.11.1026.jar,/opt/airflow/etl/jars/delta-core_2.12-2.3.0.jar,/opt/airflow/etl/jars/delta-storage-2.3.0.jar --executor-cores 1 --executor-memory 1g --driver-memory 1g --name airflow_silver_order_items /opt/airflow/etl/silver/main_silver.py --table_name order_items --merge_key order_item_id --is_cdc true --json_schema order_id STRING, order_item_id STRING, product_id STRING, seller_id STRING, shipping_limit_date STRING, price STRING, freight_value STRING. Error code is: -9.
[2026-04-03T14:45:20.228+0000] {taskinstance.py:1400} INFO - Marking task as UP_FOR_RETRY. dag_id=silver_spark_processor, task_id=process_silver_order_items, execution_date=20260402T000000, start_date=20260403T144457, end_date=20260403T144520
[2026-04-03T14:45:20.367+0000] {standard_task_runner.py:104} ERROR - Failed to execute job 602 for task process_silver_order_items (Cannot execute: spark-submit --master spark://spark-master:7077 --conf spark.sql.extensions=io.delta.sql.DeltaSparkSessionExtension --conf spark.sql.catalog.spark_catalog=org.apache.spark.sql.delta.catalog.DeltaCatalog --conf spark.databricks.delta.schema.autoMerge.enabled=true --jars /opt/airflow/etl/jars/hadoop-aws-3.3.2.jar,/opt/airflow/etl/jars/aws-java-sdk-bundle-1.11.1026.jar,/opt/airflow/etl/jars/delta-core_2.12-2.3.0.jar,/opt/airflow/etl/jars/delta-storage-2.3.0.jar --executor-cores 1 --executor-memory 1g --driver-memory 1g --name airflow_silver_order_items /opt/airflow/etl/silver/main_silver.py --table_name order_items --merge_key order_item_id --is_cdc true --json_schema order_id STRING, order_item_id STRING, product_id STRING, seller_id STRING, shipping_limit_date STRING, price STRING, freight_value STRING. Error code is: -9.; 204)
[2026-04-03T14:45:20.418+0000] {local_task_job_runner.py:228} INFO - Task exited with return code 1
[2026-04-03T14:45:20.572+0000] {taskinstance.py:2778} INFO - 0 downstream tasks scheduled from follow-on schedule check
