[2026-04-03T14:40:33.674+0000] {taskinstance.py:1159} INFO - Dependencies all met for dep_context=non-requeueable deps ti=<TaskInstance: silver_spark_processor.process_silver_order_items scheduled__2026-04-02T00:00:00+00:00 [queued]>
[2026-04-03T14:40:33.693+0000] {taskinstance.py:1159} INFO - Dependencies all met for dep_context=requeueable deps ti=<TaskInstance: silver_spark_processor.process_silver_order_items scheduled__2026-04-02T00:00:00+00:00 [queued]>
[2026-04-03T14:40:33.694+0000] {taskinstance.py:1361} INFO - Starting attempt 13 of 13
[2026-04-03T14:40:33.760+0000] {taskinstance.py:1382} INFO - Executing <Task(SparkSubmitOperator): process_silver_order_items> on 2026-04-02 00:00:00+00:00
[2026-04-03T14:40:33.773+0000] {standard_task_runner.py:57} INFO - Started process 3378 to run task
[2026-04-03T14:40:33.784+0000] {standard_task_runner.py:84} INFO - Running: ['airflow', 'tasks', 'run', 'silver_spark_processor', 'process_silver_order_items', 'scheduled__2026-04-02T00:00:00+00:00', '--job-id', '594', '--raw', '--subdir', 'DAGS_FOLDER/silver_processor_dag.py', '--cfg-path', '/tmp/tmp_gyjx8_u']
[2026-04-03T14:40:33.790+0000] {standard_task_runner.py:85} INFO - Job 594: Subtask process_silver_order_items
[2026-04-03T14:40:33.955+0000] {task_command.py:416} INFO - Running <TaskInstance: silver_spark_processor.process_silver_order_items scheduled__2026-04-02T00:00:00+00:00 [running]> on host e516154efc74
[2026-04-03T14:40:34.148+0000] {taskinstance.py:1662} INFO - Exporting env vars: AIRFLOW_CTX_DAG_OWNER='data-team' AIRFLOW_CTX_DAG_ID='silver_spark_processor' AIRFLOW_CTX_TASK_ID='process_silver_order_items' AIRFLOW_CTX_EXECUTION_DATE='2026-04-02T00:00:00+00:00' AIRFLOW_CTX_TRY_NUMBER='13' AIRFLOW_CTX_DAG_RUN_ID='scheduled__2026-04-02T00:00:00+00:00'
[2026-04-03T14:40:34.169+0000] {base.py:73} INFO - Using connection ID 'spark_default' for task execution.
[2026-04-03T14:40:34.172+0000] {spark_submit.py:340} INFO - Spark-Submit cmd: spark-submit --master spark://spark-master:7077 --conf spark.sql.extensions=io.delta.sql.DeltaSparkSessionExtension --conf spark.sql.catalog.spark_catalog=org.apache.spark.sql.delta.catalog.DeltaCatalog --conf spark.databricks.delta.schema.autoMerge.enabled=true --jars /opt/airflow/etl/jars/hadoop-aws-3.3.2.jar,/opt/airflow/etl/jars/aws-java-sdk-bundle-1.11.1026.jar,/opt/airflow/etl/jars/delta-core_2.12-2.3.0.jar,/opt/airflow/etl/jars/delta-storage-2.3.0.jar --executor-cores 1 --executor-memory 1g --driver-memory 1g --name airflow_silver_order_items /opt/airflow/etl/silver/main_silver.py --table_name order_items --merge_key order_item_id --is_cdc true --json_schema order_id STRING, order_item_id STRING, product_id STRING, seller_id STRING, shipping_limit_date STRING, price STRING, freight_value STRING
[2026-04-03T14:40:34.452+0000] {spark_submit.py:491} INFO - /home/airflow/.local/lib/python3.10/site-packages/pyspark/bin/load-spark-env.sh: line 68: ps: command not found
[2026-04-03T14:40:42.485+0000] {spark_submit.py:491} INFO - 26/04/03 14:40:42 WARN NativeCodeLoader: Unable to load native-hadoop library for your platform... using builtin-java classes where applicable
[2026-04-03T14:40:46.435+0000] {spark_submit.py:491} INFO - INFO:__main__:Khởi tạo Spark Job cho bảng: order_items
[2026-04-03T14:40:46.910+0000] {spark_submit.py:491} INFO - 26/04/03 14:40:46 INFO SparkContext: Running Spark version 3.3.2
[2026-04-03T14:40:47.034+0000] {spark_submit.py:491} INFO - 26/04/03 14:40:47 INFO ResourceUtils: ==============================================================
[2026-04-03T14:40:47.035+0000] {spark_submit.py:491} INFO - 26/04/03 14:40:47 INFO ResourceUtils: No custom resources configured for spark.driver.
[2026-04-03T14:40:47.037+0000] {spark_submit.py:491} INFO - 26/04/03 14:40:47 INFO ResourceUtils: ==============================================================
[2026-04-03T14:40:47.037+0000] {spark_submit.py:491} INFO - 26/04/03 14:40:47 INFO SparkContext: Submitted application: <class 'pyspark.sql.session.SparkSession'>
[2026-04-03T14:40:47.118+0000] {spark_submit.py:491} INFO - 26/04/03 14:40:47 INFO ResourceProfile: Default ResourceProfile created, executor resources: Map(cores -> name: cores, amount: 1, script: , vendor: , memory -> name: memory, amount: 1024, script: , vendor: , offHeap -> name: offHeap, amount: 0, script: , vendor: ), task resources: Map(cpus -> name: cpus, amount: 1.0)
[2026-04-03T14:40:47.178+0000] {spark_submit.py:491} INFO - 26/04/03 14:40:47 INFO ResourceProfile: Limiting resource is cpus at 1 tasks per executor
[2026-04-03T14:40:47.185+0000] {spark_submit.py:491} INFO - 26/04/03 14:40:47 INFO ResourceProfileManager: Added ResourceProfile id: 0
[2026-04-03T14:40:47.348+0000] {spark_submit.py:491} INFO - 26/04/03 14:40:47 INFO SecurityManager: Changing view acls to: airflow
[2026-04-03T14:40:47.359+0000] {spark_submit.py:491} INFO - 26/04/03 14:40:47 INFO SecurityManager: Changing modify acls to: airflow
[2026-04-03T14:40:47.362+0000] {spark_submit.py:491} INFO - 26/04/03 14:40:47 INFO SecurityManager: Changing view acls groups to:
[2026-04-03T14:40:47.364+0000] {spark_submit.py:491} INFO - 26/04/03 14:40:47 INFO SecurityManager: Changing modify acls groups to:
[2026-04-03T14:40:47.369+0000] {spark_submit.py:491} INFO - 26/04/03 14:40:47 INFO SecurityManager: SecurityManager: authentication disabled; ui acls disabled; users  with view permissions: Set(airflow); groups with view permissions: Set(); users  with modify permissions: Set(airflow); groups with modify permissions: Set()
[2026-04-03T14:40:48.448+0000] {spark_submit.py:491} INFO - 26/04/03 14:40:48 INFO Utils: Successfully started service 'sparkDriver' on port 38835.
[2026-04-03T14:40:49.491+0000] {spark_submit.py:491} INFO - 26/04/03 14:40:49 INFO SparkEnv: Registering MapOutputTracker
[2026-04-03T14:40:49.659+0000] {spark_submit.py:491} INFO - 26/04/03 14:40:49 INFO SparkEnv: Registering BlockManagerMaster
[2026-04-03T14:40:49.720+0000] {spark_submit.py:491} INFO - 26/04/03 14:40:49 INFO BlockManagerMasterEndpoint: Using org.apache.spark.storage.DefaultTopologyMapper for getting topology information
[2026-04-03T14:40:49.722+0000] {spark_submit.py:491} INFO - 26/04/03 14:40:49 INFO BlockManagerMasterEndpoint: BlockManagerMasterEndpoint up
[2026-04-03T14:40:49.734+0000] {spark_submit.py:491} INFO - 26/04/03 14:40:49 INFO SparkEnv: Registering BlockManagerMasterHeartbeat
[2026-04-03T14:40:49.789+0000] {spark_submit.py:491} INFO - 26/04/03 14:40:49 INFO DiskBlockManager: Created local directory at /tmp/blockmgr-e51045bc-98de-49d2-9295-2a3605de629f
[2026-04-03T14:40:49.860+0000] {spark_submit.py:491} INFO - 26/04/03 14:40:49 INFO MemoryStore: MemoryStore started with capacity 434.4 MiB
[2026-04-03T14:40:49.914+0000] {spark_submit.py:491} INFO - 26/04/03 14:40:49 INFO SparkEnv: Registering OutputCommitCoordinator
[2026-04-03T14:40:50.451+0000] {spark_submit.py:491} INFO - 26/04/03 14:40:50 WARN Utils: Service 'SparkUI' could not bind on port 4040. Attempting port 4041.
[2026-04-03T14:40:50.463+0000] {spark_submit.py:491} INFO - 26/04/03 14:40:50 WARN Utils: Service 'SparkUI' could not bind on port 4041. Attempting port 4042.
[2026-04-03T14:40:50.465+0000] {spark_submit.py:491} INFO - 26/04/03 14:40:50 WARN Utils: Service 'SparkUI' could not bind on port 4042. Attempting port 4043.
[2026-04-03T14:40:50.466+0000] {spark_submit.py:491} INFO - 26/04/03 14:40:50 WARN Utils: Service 'SparkUI' could not bind on port 4043. Attempting port 4044.
[2026-04-03T14:40:50.468+0000] {spark_submit.py:491} INFO - 26/04/03 14:40:50 WARN Utils: Service 'SparkUI' could not bind on port 4044. Attempting port 4045.
[2026-04-03T14:40:50.470+0000] {spark_submit.py:491} INFO - 26/04/03 14:40:50 WARN Utils: Service 'SparkUI' could not bind on port 4045. Attempting port 4046.
[2026-04-03T14:40:50.513+0000] {spark_submit.py:491} INFO - 26/04/03 14:40:50 INFO Utils: Successfully started service 'SparkUI' on port 4046.
[2026-04-03T14:40:50.651+0000] {spark_submit.py:491} INFO - 26/04/03 14:40:50 INFO SparkContext: Added JAR file:///opt/airflow/etl/jars/hadoop-aws-3.3.2.jar at spark://e516154efc74:38835/jars/hadoop-aws-3.3.2.jar with timestamp 1775227246836
[2026-04-03T14:40:50.656+0000] {spark_submit.py:491} INFO - 26/04/03 14:40:50 INFO SparkContext: Added JAR file:///opt/airflow/etl/jars/aws-java-sdk-bundle-1.11.1026.jar at spark://e516154efc74:38835/jars/aws-java-sdk-bundle-1.11.1026.jar with timestamp 1775227246836
[2026-04-03T14:40:50.656+0000] {spark_submit.py:491} INFO - 26/04/03 14:40:50 INFO SparkContext: Added JAR file:///opt/airflow/etl/jars/delta-core_2.12-2.3.0.jar at spark://e516154efc74:38835/jars/delta-core_2.12-2.3.0.jar with timestamp 1775227246836
[2026-04-03T14:40:50.657+0000] {spark_submit.py:491} INFO - 26/04/03 14:40:50 INFO SparkContext: Added JAR file:///opt/airflow/etl/jars/delta-storage-2.3.0.jar at spark://e516154efc74:38835/jars/delta-storage-2.3.0.jar with timestamp 1775227246836
[2026-04-03T14:40:51.102+0000] {spark_submit.py:491} INFO - 26/04/03 14:40:51 INFO StandaloneAppClient$ClientEndpoint: Connecting to master spark://spark-master:7077...
[2026-04-03T14:40:51.330+0000] {spark_submit.py:491} INFO - 26/04/03 14:40:51 INFO TransportClientFactory: Successfully created connection to spark-master/172.18.0.6:7077 after 126 ms (0 ms spent in bootstraps)
[2026-04-03T14:40:51.881+0000] {spark_submit.py:491} INFO - 26/04/03 14:40:51 INFO StandaloneSchedulerBackend: Connected to Spark cluster with app ID app-20260403144051-0026
[2026-04-03T14:40:51.923+0000] {spark_submit.py:491} INFO - 26/04/03 14:40:51 INFO Utils: Successfully started service 'org.apache.spark.network.netty.NettyBlockTransferService' on port 36679.
[2026-04-03T14:40:51.924+0000] {spark_submit.py:491} INFO - 26/04/03 14:40:51 INFO NettyBlockTransferService: Server created on e516154efc74:36679
[2026-04-03T14:40:51.931+0000] {spark_submit.py:491} INFO - 26/04/03 14:40:51 INFO BlockManager: Using org.apache.spark.storage.RandomBlockReplicationPolicy for block replication policy
[2026-04-03T14:40:51.947+0000] {spark_submit.py:491} INFO - 26/04/03 14:40:51 INFO BlockManagerMaster: Registering BlockManager BlockManagerId(driver, e516154efc74, 36679, None)
[2026-04-03T14:40:51.959+0000] {spark_submit.py:491} INFO - 26/04/03 14:40:51 INFO BlockManagerMasterEndpoint: Registering block manager e516154efc74:36679 with 434.4 MiB RAM, BlockManagerId(driver, e516154efc74, 36679, None)
[2026-04-03T14:40:51.969+0000] {spark_submit.py:491} INFO - 26/04/03 14:40:51 INFO BlockManagerMaster: Registered BlockManager BlockManagerId(driver, e516154efc74, 36679, None)
[2026-04-03T14:40:51.972+0000] {spark_submit.py:491} INFO - 26/04/03 14:40:51 INFO BlockManager: Initialized BlockManager: BlockManagerId(driver, e516154efc74, 36679, None)
[2026-04-03T14:40:52.472+0000] {spark_submit.py:491} INFO - 26/04/03 14:40:52 INFO StandaloneSchedulerBackend: SchedulerBackend is ready for scheduling beginning after reached minRegisteredResourcesRatio: 0.0
[2026-04-03T14:40:54.115+0000] {spark_submit.py:491} INFO - INFO:silver_processor: Bắt đầu xử lý lớp Silver cho bảng: order_items | Chế độ CDC: True
[2026-04-03T14:40:54.117+0000] {spark_submit.py:491} INFO - INFO:silver_processor: Bắt đầu quét Data Nóng từ Bronze...
[2026-04-03T14:40:54.480+0000] {spark_submit.py:491} INFO - 26/04/03 14:40:54 WARN MetricsConfig: Cannot locate configuration: tried hadoop-metrics2-s3a-file-system.properties,hadoop-metrics2.properties
[2026-04-03T14:43:42.006+0000] {local_task_job_runner.py:115} ERROR - Received SIGTERM. Terminating subprocesses
[2026-04-03T14:43:42.093+0000] {process_utils.py:131} INFO - Sending 15 to group 3378. PIDs of all processes in the group: [3379, 3904, 3378]
[2026-04-03T14:43:42.097+0000] {process_utils.py:86} INFO - Sending the signal 15 to group 3378
[2026-04-03T14:43:42.109+0000] {taskinstance.py:1632} ERROR - Received SIGTERM. Terminating subprocesses.
[2026-04-03T14:43:42.119+0000] {spark_submit.py:618} INFO - Sending kill signal to spark-submit
[2026-04-03T14:43:42.440+0000] {process_utils.py:79} INFO - Process psutil.Process(pid=3904, status='terminated', started='14:40:43') (3904) terminated with exit code None
[2026-04-03T14:43:42.489+0000] {taskinstance.py:1937} ERROR - Task failed with exception
Traceback (most recent call last):
  File "/home/airflow/.local/lib/python3.10/site-packages/airflow/providers/apache/spark/operators/spark_submit.py", line 156, in execute
    self._hook.submit(self._application)
  File "/home/airflow/.local/lib/python3.10/site-packages/airflow/providers/apache/spark/hooks/spark_submit.py", line 410, in submit
    self._process_spark_submit_log(iter(self._submit_sp.stdout))  # type: ignore
  File "/home/airflow/.local/lib/python3.10/site-packages/airflow/providers/apache/spark/hooks/spark_submit.py", line 459, in _process_spark_submit_log
    for line in itr:
  File "/home/airflow/.local/lib/python3.10/site-packages/airflow/models/taskinstance.py", line 1634, in signal_handler
    raise AirflowException("Task received SIGTERM signal")
airflow.exceptions.AirflowException: Task received SIGTERM signal
[2026-04-03T14:43:42.561+0000] {taskinstance.py:1400} INFO - Marking task as FAILED. dag_id=silver_spark_processor, task_id=process_silver_order_items, execution_date=20260402T000000, start_date=20260403T144033, end_date=20260403T144342
[2026-04-03T14:43:42.762+0000] {standard_task_runner.py:104} ERROR - Failed to execute job 594 for task process_silver_order_items (Task received SIGTERM signal; 3378)
[2026-04-03T14:43:42.816+0000] {process_utils.py:79} INFO - Process psutil.Process(pid=3379, status='terminated', started='14:40:34') (3379) terminated with exit code None
[2026-04-03T14:43:42.821+0000] {process_utils.py:79} INFO - Process psutil.Process(pid=3378, status='terminated', exitcode=1, started='14:40:33') (3378) terminated with exit code 1
[2026-04-03T14:43:42.825+0000] {local_task_job_runner.py:228} INFO - Task exited with return code 143
[2026-04-03T14:43:43.051+0000] {taskinstance.py:2778} INFO - 0 downstream tasks scheduled from follow-on schedule check
[2026-04-03T14:43:45.956+0000] {local_task_job_runner.py:115} ERROR - Received SIGTERM. Terminating subprocesses
[2026-04-03T14:43:45.957+0000] {local_task_job_runner.py:228} INFO - Task exited with return code 143
