[2026-04-03T14:35:19.064+0000] {taskinstance.py:1159} INFO - Dependencies all met for dep_context=non-requeueable deps ti=<TaskInstance: silver_spark_processor.process_silver_order_items scheduled__2026-04-02T00:00:00+00:00 [queued]>
[2026-04-03T14:35:19.074+0000] {taskinstance.py:1159} INFO - Dependencies all met for dep_context=requeueable deps ti=<TaskInstance: silver_spark_processor.process_silver_order_items scheduled__2026-04-02T00:00:00+00:00 [queued]>
[2026-04-03T14:35:19.074+0000] {taskinstance.py:1361} INFO - Starting attempt 12 of 13
[2026-04-03T14:35:19.091+0000] {taskinstance.py:1382} INFO - Executing <Task(SparkSubmitOperator): process_silver_order_items> on 2026-04-02 00:00:00+00:00
[2026-04-03T14:35:19.101+0000] {standard_task_runner.py:57} INFO - Started process 1360 to run task
[2026-04-03T14:35:19.111+0000] {standard_task_runner.py:84} INFO - Running: ['airflow', 'tasks', 'run', 'silver_spark_processor', 'process_silver_order_items', 'scheduled__2026-04-02T00:00:00+00:00', '--job-id', '576', '--raw', '--subdir', 'DAGS_FOLDER/silver_processor_dag.py', '--cfg-path', '/tmp/tmpjp0uamx2']
[2026-04-03T14:35:19.116+0000] {standard_task_runner.py:85} INFO - Job 576: Subtask process_silver_order_items
[2026-04-03T14:35:19.215+0000] {task_command.py:416} INFO - Running <TaskInstance: silver_spark_processor.process_silver_order_items scheduled__2026-04-02T00:00:00+00:00 [running]> on host e516154efc74
[2026-04-03T14:35:19.340+0000] {taskinstance.py:1662} INFO - Exporting env vars: AIRFLOW_CTX_DAG_OWNER='data-team' AIRFLOW_CTX_DAG_ID='silver_spark_processor' AIRFLOW_CTX_TASK_ID='process_silver_order_items' AIRFLOW_CTX_EXECUTION_DATE='2026-04-02T00:00:00+00:00' AIRFLOW_CTX_TRY_NUMBER='12' AIRFLOW_CTX_DAG_RUN_ID='scheduled__2026-04-02T00:00:00+00:00'
[2026-04-03T14:35:19.356+0000] {base.py:73} INFO - Using connection ID 'spark_default' for task execution.
[2026-04-03T14:35:19.358+0000] {spark_submit.py:340} INFO - Spark-Submit cmd: spark-submit --master spark://spark-master:7077 --conf spark.sql.extensions=io.delta.sql.DeltaSparkSessionExtension --conf spark.sql.catalog.spark_catalog=org.apache.spark.sql.delta.catalog.DeltaCatalog --conf spark.databricks.delta.schema.autoMerge.enabled=true --jars /opt/airflow/etl/jars/hadoop-aws-3.3.2.jar,/opt/airflow/etl/jars/aws-java-sdk-bundle-1.11.1026.jar,/opt/airflow/etl/jars/delta-core_2.12-2.3.0.jar,/opt/airflow/etl/jars/delta-storage-2.3.0.jar --executor-cores 1 --executor-memory 1g --driver-memory 1g --name airflow_silver_order_items /opt/airflow/etl/silver/main_silver.py --table_name order_items --merge_key order_item_id --is_cdc true --json_schema order_id STRING, order_item_id STRING, product_id STRING, seller_id STRING, shipping_limit_date STRING, price STRING, freight_value STRING
[2026-04-03T14:35:19.537+0000] {spark_submit.py:491} INFO - /home/airflow/.local/lib/python3.10/site-packages/pyspark/bin/load-spark-env.sh: line 68: ps: command not found
[2026-04-03T14:35:22.973+0000] {spark_submit.py:491} INFO - 26/04/03 14:35:22 WARN NativeCodeLoader: Unable to load native-hadoop library for your platform... using builtin-java classes where applicable
[2026-04-03T14:35:24.629+0000] {spark_submit.py:491} INFO - INFO:__main__:Khởi tạo Spark Job cho bảng: order_items
[2026-04-03T14:35:24.816+0000] {spark_submit.py:491} INFO - 26/04/03 14:35:24 INFO SparkContext: Running Spark version 3.3.2
[2026-04-03T14:35:24.889+0000] {spark_submit.py:491} INFO - 26/04/03 14:35:24 INFO ResourceUtils: ==============================================================
[2026-04-03T14:35:24.890+0000] {spark_submit.py:491} INFO - 26/04/03 14:35:24 INFO ResourceUtils: No custom resources configured for spark.driver.
[2026-04-03T14:35:24.890+0000] {spark_submit.py:491} INFO - 26/04/03 14:35:24 INFO ResourceUtils: ==============================================================
[2026-04-03T14:35:24.891+0000] {spark_submit.py:491} INFO - 26/04/03 14:35:24 INFO SparkContext: Submitted application: <class 'pyspark.sql.session.SparkSession'>
[2026-04-03T14:35:24.941+0000] {spark_submit.py:491} INFO - 26/04/03 14:35:24 INFO ResourceProfile: Default ResourceProfile created, executor resources: Map(cores -> name: cores, amount: 1, script: , vendor: , memory -> name: memory, amount: 1024, script: , vendor: , offHeap -> name: offHeap, amount: 0, script: , vendor: ), task resources: Map(cpus -> name: cpus, amount: 1.0)
[2026-04-03T14:35:24.964+0000] {spark_submit.py:491} INFO - 26/04/03 14:35:24 INFO ResourceProfile: Limiting resource is cpus at 1 tasks per executor
[2026-04-03T14:35:24.970+0000] {spark_submit.py:491} INFO - 26/04/03 14:35:24 INFO ResourceProfileManager: Added ResourceProfile id: 0
[2026-04-03T14:35:25.068+0000] {spark_submit.py:491} INFO - 26/04/03 14:35:25 INFO SecurityManager: Changing view acls to: airflow
[2026-04-03T14:35:25.068+0000] {spark_submit.py:491} INFO - 26/04/03 14:35:25 INFO SecurityManager: Changing modify acls to: airflow
[2026-04-03T14:35:25.069+0000] {spark_submit.py:491} INFO - 26/04/03 14:35:25 INFO SecurityManager: Changing view acls groups to:
[2026-04-03T14:35:25.070+0000] {spark_submit.py:491} INFO - 26/04/03 14:35:25 INFO SecurityManager: Changing modify acls groups to:
[2026-04-03T14:35:25.071+0000] {spark_submit.py:491} INFO - 26/04/03 14:35:25 INFO SecurityManager: SecurityManager: authentication disabled; ui acls disabled; users  with view permissions: Set(airflow); groups with view permissions: Set(); users  with modify permissions: Set(airflow); groups with modify permissions: Set()
[2026-04-03T14:35:25.631+0000] {spark_submit.py:491} INFO - 26/04/03 14:35:25 INFO Utils: Successfully started service 'sparkDriver' on port 39281.
[2026-04-03T14:35:25.713+0000] {spark_submit.py:491} INFO - 26/04/03 14:35:25 INFO SparkEnv: Registering MapOutputTracker
[2026-04-03T14:35:25.782+0000] {spark_submit.py:491} INFO - 26/04/03 14:35:25 INFO SparkEnv: Registering BlockManagerMaster
[2026-04-03T14:35:25.807+0000] {spark_submit.py:491} INFO - 26/04/03 14:35:25 INFO BlockManagerMasterEndpoint: Using org.apache.spark.storage.DefaultTopologyMapper for getting topology information
[2026-04-03T14:35:25.808+0000] {spark_submit.py:491} INFO - 26/04/03 14:35:25 INFO BlockManagerMasterEndpoint: BlockManagerMasterEndpoint up
[2026-04-03T14:35:25.816+0000] {spark_submit.py:491} INFO - 26/04/03 14:35:25 INFO SparkEnv: Registering BlockManagerMasterHeartbeat
[2026-04-03T14:35:25.851+0000] {spark_submit.py:491} INFO - 26/04/03 14:35:25 INFO DiskBlockManager: Created local directory at /tmp/blockmgr-58805a94-de10-4954-8b63-3ccf319dbabb
[2026-04-03T14:35:25.888+0000] {spark_submit.py:491} INFO - 26/04/03 14:35:25 INFO MemoryStore: MemoryStore started with capacity 434.4 MiB
[2026-04-03T14:35:25.918+0000] {spark_submit.py:491} INFO - 26/04/03 14:35:25 INFO SparkEnv: Registering OutputCommitCoordinator
[2026-04-03T14:35:26.260+0000] {spark_submit.py:491} INFO - 26/04/03 14:35:26 WARN Utils: Service 'SparkUI' could not bind on port 4040. Attempting port 4041.
[2026-04-03T14:35:26.277+0000] {spark_submit.py:491} INFO - 26/04/03 14:35:26 INFO Utils: Successfully started service 'SparkUI' on port 4041.
[2026-04-03T14:35:26.325+0000] {spark_submit.py:491} INFO - 26/04/03 14:35:26 INFO SparkContext: Added JAR file:///opt/airflow/etl/jars/hadoop-aws-3.3.2.jar at spark://e516154efc74:39281/jars/hadoop-aws-3.3.2.jar with timestamp 1775226924796
[2026-04-03T14:35:26.326+0000] {spark_submit.py:491} INFO - 26/04/03 14:35:26 INFO SparkContext: Added JAR file:///opt/airflow/etl/jars/aws-java-sdk-bundle-1.11.1026.jar at spark://e516154efc74:39281/jars/aws-java-sdk-bundle-1.11.1026.jar with timestamp 1775226924796
[2026-04-03T14:35:26.327+0000] {spark_submit.py:491} INFO - 26/04/03 14:35:26 INFO SparkContext: Added JAR file:///opt/airflow/etl/jars/delta-core_2.12-2.3.0.jar at spark://e516154efc74:39281/jars/delta-core_2.12-2.3.0.jar with timestamp 1775226924796
[2026-04-03T14:35:26.327+0000] {spark_submit.py:491} INFO - 26/04/03 14:35:26 INFO SparkContext: Added JAR file:///opt/airflow/etl/jars/delta-storage-2.3.0.jar at spark://e516154efc74:39281/jars/delta-storage-2.3.0.jar with timestamp 1775226924796
[2026-04-03T14:35:26.528+0000] {spark_submit.py:491} INFO - 26/04/03 14:35:26 INFO StandaloneAppClient$ClientEndpoint: Connecting to master spark://spark-master:7077...
[2026-04-03T14:35:26.597+0000] {spark_submit.py:491} INFO - 26/04/03 14:35:26 INFO TransportClientFactory: Successfully created connection to spark-master/172.18.0.6:7077 after 46 ms (0 ms spent in bootstraps)
[2026-04-03T14:35:26.730+0000] {spark_submit.py:491} INFO - 26/04/03 14:35:26 INFO StandaloneSchedulerBackend: Connected to Spark cluster with app ID app-20260403143526-0010
[2026-04-03T14:35:26.741+0000] {spark_submit.py:491} INFO - 26/04/03 14:35:26 INFO Utils: Successfully started service 'org.apache.spark.network.netty.NettyBlockTransferService' on port 42215.
[2026-04-03T14:35:26.742+0000] {spark_submit.py:491} INFO - 26/04/03 14:35:26 INFO NettyBlockTransferService: Server created on e516154efc74:42215
[2026-04-03T14:35:26.744+0000] {spark_submit.py:491} INFO - 26/04/03 14:35:26 INFO BlockManager: Using org.apache.spark.storage.RandomBlockReplicationPolicy for block replication policy
[2026-04-03T14:35:26.755+0000] {spark_submit.py:491} INFO - 26/04/03 14:35:26 INFO BlockManagerMaster: Registering BlockManager BlockManagerId(driver, e516154efc74, 42215, None)
[2026-04-03T14:35:26.760+0000] {spark_submit.py:491} INFO - 26/04/03 14:35:26 INFO BlockManagerMasterEndpoint: Registering block manager e516154efc74:42215 with 434.4 MiB RAM, BlockManagerId(driver, e516154efc74, 42215, None)
[2026-04-03T14:35:26.763+0000] {spark_submit.py:491} INFO - 26/04/03 14:35:26 INFO BlockManagerMaster: Registered BlockManager BlockManagerId(driver, e516154efc74, 42215, None)
[2026-04-03T14:35:26.765+0000] {spark_submit.py:491} INFO - 26/04/03 14:35:26 INFO BlockManager: Initialized BlockManager: BlockManagerId(driver, e516154efc74, 42215, None)
[2026-04-03T14:35:27.095+0000] {spark_submit.py:491} INFO - 26/04/03 14:35:27 INFO StandaloneSchedulerBackend: SchedulerBackend is ready for scheduling beginning after reached minRegisteredResourcesRatio: 0.0
[2026-04-03T14:35:28.551+0000] {spark_submit.py:491} INFO - INFO:silver_processor: Bắt đầu xử lý lớp Silver cho bảng: order_items | Chế độ CDC: True
[2026-04-03T14:35:28.552+0000] {spark_submit.py:491} INFO - INFO:silver_processor: Bắt đầu quét Data Nóng từ Bronze...
[2026-04-03T14:35:28.973+0000] {spark_submit.py:491} INFO - 26/04/03 14:35:28 WARN MetricsConfig: Cannot locate configuration: tried hadoop-metrics2-s3a-file-system.properties,hadoop-metrics2.properties
[2026-04-03T14:35:29.224+0000] {local_task_job_runner.py:294} WARNING - State of this instance has been externally set to restarting. Terminating instance.
[2026-04-03T14:35:29.229+0000] {process_utils.py:131} INFO - Sending 15 to group 1360. PIDs of all processes in the group: [1363, 1511, 1360]
[2026-04-03T14:35:29.230+0000] {process_utils.py:86} INFO - Sending the signal 15 to group 1360
[2026-04-03T14:35:29.233+0000] {taskinstance.py:1632} ERROR - Received SIGTERM. Terminating subprocesses.
[2026-04-03T14:35:29.233+0000] {spark_submit.py:618} INFO - Sending kill signal to spark-submit
[2026-04-03T14:35:29.249+0000] {taskinstance.py:1937} ERROR - Task failed with exception
Traceback (most recent call last):
  File "/home/airflow/.local/lib/python3.10/site-packages/airflow/providers/apache/spark/operators/spark_submit.py", line 156, in execute
    self._hook.submit(self._application)
  File "/home/airflow/.local/lib/python3.10/site-packages/airflow/providers/apache/spark/hooks/spark_submit.py", line 410, in submit
    self._process_spark_submit_log(iter(self._submit_sp.stdout))  # type: ignore
  File "/home/airflow/.local/lib/python3.10/site-packages/airflow/providers/apache/spark/hooks/spark_submit.py", line 459, in _process_spark_submit_log
    for line in itr:
  File "/home/airflow/.local/lib/python3.10/site-packages/airflow/models/taskinstance.py", line 1634, in signal_handler
    raise AirflowException("Task received SIGTERM signal")
airflow.exceptions.AirflowException: Task received SIGTERM signal
[2026-04-03T14:35:29.254+0000] {taskinstance.py:1400} INFO - Marking task as UP_FOR_RETRY. dag_id=silver_spark_processor, task_id=process_silver_order_items, execution_date=20260402T000000, start_date=20260403T143519, end_date=20260403T143529
[2026-04-03T14:35:29.290+0000] {standard_task_runner.py:104} ERROR - Failed to execute job 576 for task process_silver_order_items (Task received SIGTERM signal; 1360)
[2026-04-03T14:35:29.326+0000] {process_utils.py:79} INFO - Process psutil.Process(pid=1363, status='terminated', started='14:35:19') (1363) terminated with exit code None
[2026-04-03T14:35:29.327+0000] {process_utils.py:79} INFO - Process psutil.Process(pid=1511, status='terminated', started='14:35:23') (1511) terminated with exit code None
[2026-04-03T14:35:29.327+0000] {process_utils.py:79} INFO - Process psutil.Process(pid=1360, status='terminated', exitcode=1, started='14:35:18') (1360) terminated with exit code 1
