[2026-04-02T10:24:10.430+0000] {taskinstance.py:1159} INFO - Dependencies all met for dep_context=non-requeueable deps ti=<TaskInstance: bronze_mysql_to_minio.extract_order_reviews scheduled__2026-03-31T00:00:00+00:00 [queued]>
[2026-04-02T10:24:10.445+0000] {taskinstance.py:1159} INFO - Dependencies all met for dep_context=requeueable deps ti=<TaskInstance: bronze_mysql_to_minio.extract_order_reviews scheduled__2026-03-31T00:00:00+00:00 [queued]>
[2026-04-02T10:24:10.445+0000] {taskinstance.py:1361} INFO - Starting attempt 1 of 2
[2026-04-02T10:24:10.461+0000] {taskinstance.py:1382} INFO - Executing <Task(PythonOperator): extract_order_reviews> on 2026-03-31 00:00:00+00:00
[2026-04-02T10:24:10.473+0000] {standard_task_runner.py:57} INFO - Started process 417 to run task
[2026-04-02T10:24:10.476+0000] {standard_task_runner.py:84} INFO - Running: ['airflow', 'tasks', 'run', 'bronze_mysql_to_minio', 'extract_order_reviews', 'scheduled__2026-03-31T00:00:00+00:00', '--job-id', '156', '--raw', '--subdir', 'DAGS_FOLDER/bronze_dag.py', '--cfg-path', '/tmp/tmpn3oubpmq']
[2026-04-02T10:24:10.479+0000] {standard_task_runner.py:85} INFO - Job 156: Subtask extract_order_reviews
[2026-04-02T10:24:10.574+0000] {task_command.py:416} INFO - Running <TaskInstance: bronze_mysql_to_minio.extract_order_reviews scheduled__2026-03-31T00:00:00+00:00 [running]> on host 1115d2cb4d12
[2026-04-02T10:24:10.766+0000] {taskinstance.py:1662} INFO - Exporting env vars: AIRFLOW_CTX_DAG_OWNER='data-team' AIRFLOW_CTX_DAG_ID='bronze_mysql_to_minio' AIRFLOW_CTX_TASK_ID='extract_order_reviews' AIRFLOW_CTX_EXECUTION_DATE='2026-03-31T00:00:00+00:00' AIRFLOW_CTX_TRY_NUMBER='1' AIRFLOW_CTX_DAG_RUN_ID='scheduled__2026-03-31T00:00:00+00:00'
[2026-04-02T10:24:10.810+0000] {extract_mysql.py:139} INFO - [order_reviews] Lần chạy đầu tiên -> Kích hoạt FULL LOAD
[2026-04-02T10:24:10.811+0000] {extract_mysql.py:32} INFO - [order_reviews] Full Load | Query: SELECT * FROM order_reviews;
[2026-04-02T10:24:14.329+0000] {extract_mysql.py:35} INFO - [order_reviews] Đã đọc: 99224 dòng x 9 cột
[2026-04-02T10:24:14.499+0000] {extract_mysql.py:38} INFO - [order_reviews] Đã lưu MinIO: bronze/olist/order_reviews/year=2026/month=04/day=01/order_reviews_20260401_000000.parquet
[2026-04-02T10:24:14.500+0000] {bronze_dag.py:86} INFO -  extract_order_reviews | {'table': 'order_reviews', 'layer': 'bronze', 'schema': 'olist', 'row_count': 99224, 'column_count': 9, 'columns': ['review_id', 'order_id', 'review_score', 'review_comment_title', 'review_comment_message', 'review_creation_date', 'review_answer_timestamp', 'created_date', 'last_modified_date'], 'minio_path': 'bronze/olist/order_reviews/year=2026/month=04/day=01/order_reviews_20260401_000000.parquet', 'mode': 'full'}
[2026-04-02T10:24:14.509+0000] {crypto.py:82} WARNING - empty cryptography key - values will not be stored encrypted.
[2026-04-02T10:24:14.513+0000] {bronze_dag.py:93} INFO -  Đã cập nhật watermark cho 'order_reviews' thành: 2026-04-01 00:00:00
[2026-04-02T10:24:14.513+0000] {python.py:194} INFO - Done. Returned value was: {'table': 'order_reviews', 'layer': 'bronze', 'schema': 'olist', 'row_count': 99224, 'column_count': 9, 'columns': ['review_id', 'order_id', 'review_score', 'review_comment_title', 'review_comment_message', 'review_creation_date', 'review_answer_timestamp', 'created_date', 'last_modified_date'], 'minio_path': 'bronze/olist/order_reviews/year=2026/month=04/day=01/order_reviews_20260401_000000.parquet', 'mode': 'full'}
[2026-04-02T10:24:14.544+0000] {taskinstance.py:1400} INFO - Marking task as SUCCESS. dag_id=bronze_mysql_to_minio, task_id=extract_order_reviews, execution_date=20260331T000000, start_date=20260402T102410, end_date=20260402T102414
[2026-04-02T10:24:14.600+0000] {local_task_job_runner.py:228} INFO - Task exited with return code 0
[2026-04-02T10:24:14.625+0000] {taskinstance.py:2778} INFO - 0 downstream tasks scheduled from follow-on schedule check
