[2026-04-03T14:50:25.911+0000] {taskinstance.py:1159} INFO - Dependencies all met for dep_context=non-requeueable deps ti=<TaskInstance: silver_spark_processor.process_silver_product_category_name_translation scheduled__2026-04-02T00:00:00+00:00 [queued]>
[2026-04-03T14:50:25.946+0000] {taskinstance.py:1159} INFO - Dependencies all met for dep_context=requeueable deps ti=<TaskInstance: silver_spark_processor.process_silver_product_category_name_translation scheduled__2026-04-02T00:00:00+00:00 [queued]>
[2026-04-03T14:50:25.947+0000] {taskinstance.py:1361} INFO - Starting attempt 15 of 15
[2026-04-03T14:50:25.980+0000] {taskinstance.py:1382} INFO - Executing <Task(SparkSubmitOperator): process_silver_product_category_name_translation> on 2026-04-02 00:00:00+00:00
[2026-04-03T14:50:25.990+0000] {standard_task_runner.py:57} INFO - Started process 326 to run task
[2026-04-03T14:50:25.995+0000] {standard_task_runner.py:84} INFO - Running: ['airflow', 'tasks', 'run', 'silver_spark_processor', 'process_silver_product_category_name_translation', 'scheduled__2026-04-02T00:00:00+00:00', '--job-id', '618', '--raw', '--subdir', 'DAGS_FOLDER/silver_processor_dag.py', '--cfg-path', '/tmp/tmpgpapre_e']
[2026-04-03T14:50:25.998+0000] {standard_task_runner.py:85} INFO - Job 618: Subtask process_silver_product_category_name_translation
[2026-04-03T14:50:26.086+0000] {task_command.py:416} INFO - Running <TaskInstance: silver_spark_processor.process_silver_product_category_name_translation scheduled__2026-04-02T00:00:00+00:00 [running]> on host bc50ea179d9a
[2026-04-03T14:50:26.251+0000] {taskinstance.py:1662} INFO - Exporting env vars: AIRFLOW_CTX_DAG_OWNER='data-team' AIRFLOW_CTX_DAG_ID='silver_spark_processor' AIRFLOW_CTX_TASK_ID='process_silver_product_category_name_translation' AIRFLOW_CTX_EXECUTION_DATE='2026-04-02T00:00:00+00:00' AIRFLOW_CTX_TRY_NUMBER='15' AIRFLOW_CTX_DAG_RUN_ID='scheduled__2026-04-02T00:00:00+00:00'
[2026-04-03T14:50:26.265+0000] {base.py:73} INFO - Using connection ID 'spark_default' for task execution.
[2026-04-03T14:50:26.268+0000] {spark_submit.py:340} INFO - Spark-Submit cmd: spark-submit --master spark://spark-master:7077 --conf spark.sql.extensions=io.delta.sql.DeltaSparkSessionExtension --conf spark.sql.catalog.spark_catalog=org.apache.spark.sql.delta.catalog.DeltaCatalog --conf spark.databricks.delta.schema.autoMerge.enabled=true --jars /opt/airflow/etl/jars/hadoop-aws-3.3.2.jar,/opt/airflow/etl/jars/aws-java-sdk-bundle-1.11.1026.jar,/opt/airflow/etl/jars/delta-core_2.12-2.3.0.jar,/opt/airflow/etl/jars/delta-storage-2.3.0.jar --executor-cores 1 --executor-memory 1g --driver-memory 512m --name airflow_silver_product_category_name_translation /opt/airflow/etl/silver/main_silver.py --table_name product_category_name_translation --merge_key product_category_name --is_cdc false --json_schema 
[2026-04-03T14:50:26.436+0000] {spark_submit.py:491} INFO - /home/airflow/.local/lib/python3.10/site-packages/pyspark/bin/load-spark-env.sh: line 68: ps: command not found
[2026-04-03T14:50:28.952+0000] {spark_submit.py:491} INFO - 26/04/03 14:50:28 WARN NativeCodeLoader: Unable to load native-hadoop library for your platform... using builtin-java classes where applicable
[2026-04-03T14:50:30.646+0000] {spark_submit.py:491} INFO - INFO:__main__:Khởi tạo Spark Job cho bảng: product_category_name_translation
[2026-04-03T14:50:30.749+0000] {spark_submit.py:491} INFO - 26/04/03 14:50:30 INFO SparkContext: Running Spark version 3.3.2
[2026-04-03T14:50:30.804+0000] {spark_submit.py:491} INFO - 26/04/03 14:50:30 INFO ResourceUtils: ==============================================================
[2026-04-03T14:50:30.805+0000] {spark_submit.py:491} INFO - 26/04/03 14:50:30 INFO ResourceUtils: No custom resources configured for spark.driver.
[2026-04-03T14:50:30.805+0000] {spark_submit.py:491} INFO - 26/04/03 14:50:30 INFO ResourceUtils: ==============================================================
[2026-04-03T14:50:30.806+0000] {spark_submit.py:491} INFO - 26/04/03 14:50:30 INFO SparkContext: Submitted application: <class 'pyspark.sql.session.SparkSession'>
[2026-04-03T14:50:30.835+0000] {spark_submit.py:491} INFO - 26/04/03 14:50:30 INFO ResourceProfile: Default ResourceProfile created, executor resources: Map(cores -> name: cores, amount: 1, script: , vendor: , memory -> name: memory, amount: 1024, script: , vendor: , offHeap -> name: offHeap, amount: 0, script: , vendor: ), task resources: Map(cpus -> name: cpus, amount: 1.0)
[2026-04-03T14:50:30.857+0000] {spark_submit.py:491} INFO - 26/04/03 14:50:30 INFO ResourceProfile: Limiting resource is cpus at 1 tasks per executor
[2026-04-03T14:50:30.864+0000] {spark_submit.py:491} INFO - 26/04/03 14:50:30 INFO ResourceProfileManager: Added ResourceProfile id: 0
[2026-04-03T14:50:30.935+0000] {spark_submit.py:491} INFO - 26/04/03 14:50:30 INFO SecurityManager: Changing view acls to: airflow
[2026-04-03T14:50:30.936+0000] {spark_submit.py:491} INFO - 26/04/03 14:50:30 INFO SecurityManager: Changing modify acls to: airflow
[2026-04-03T14:50:30.936+0000] {spark_submit.py:491} INFO - 26/04/03 14:50:30 INFO SecurityManager: Changing view acls groups to:
[2026-04-03T14:50:30.937+0000] {spark_submit.py:491} INFO - 26/04/03 14:50:30 INFO SecurityManager: Changing modify acls groups to:
[2026-04-03T14:50:30.938+0000] {spark_submit.py:491} INFO - 26/04/03 14:50:30 INFO SecurityManager: SecurityManager: authentication disabled; ui acls disabled; users  with view permissions: Set(airflow); groups with view permissions: Set(); users  with modify permissions: Set(airflow); groups with modify permissions: Set()
[2026-04-03T14:50:31.343+0000] {spark_submit.py:491} INFO - 26/04/03 14:50:31 INFO Utils: Successfully started service 'sparkDriver' on port 33909.
[2026-04-03T14:50:31.386+0000] {spark_submit.py:491} INFO - 26/04/03 14:50:31 INFO SparkEnv: Registering MapOutputTracker
[2026-04-03T14:50:31.429+0000] {spark_submit.py:491} INFO - 26/04/03 14:50:31 INFO SparkEnv: Registering BlockManagerMaster
[2026-04-03T14:50:31.459+0000] {spark_submit.py:491} INFO - 26/04/03 14:50:31 INFO BlockManagerMasterEndpoint: Using org.apache.spark.storage.DefaultTopologyMapper for getting topology information
[2026-04-03T14:50:31.460+0000] {spark_submit.py:491} INFO - 26/04/03 14:50:31 INFO BlockManagerMasterEndpoint: BlockManagerMasterEndpoint up
[2026-04-03T14:50:31.466+0000] {spark_submit.py:491} INFO - 26/04/03 14:50:31 INFO SparkEnv: Registering BlockManagerMasterHeartbeat
[2026-04-03T14:50:31.496+0000] {spark_submit.py:491} INFO - 26/04/03 14:50:31 INFO DiskBlockManager: Created local directory at /tmp/blockmgr-7a628dab-e1b1-4684-a82e-55064d4e3ade
[2026-04-03T14:50:31.522+0000] {spark_submit.py:491} INFO - 26/04/03 14:50:31 INFO MemoryStore: MemoryStore started with capacity 127.2 MiB
[2026-04-03T14:50:31.540+0000] {spark_submit.py:491} INFO - 26/04/03 14:50:31 INFO SparkEnv: Registering OutputCommitCoordinator
[2026-04-03T14:50:31.901+0000] {spark_submit.py:491} INFO - 26/04/03 14:50:31 WARN Utils: Service 'SparkUI' could not bind on port 4040. Attempting port 4041.
[2026-04-03T14:50:31.915+0000] {spark_submit.py:491} INFO - 26/04/03 14:50:31 INFO Utils: Successfully started service 'SparkUI' on port 4041.
[2026-04-03T14:50:31.970+0000] {spark_submit.py:491} INFO - 26/04/03 14:50:31 INFO SparkContext: Added JAR file:///opt/airflow/etl/jars/hadoop-aws-3.3.2.jar at spark://bc50ea179d9a:33909/jars/hadoop-aws-3.3.2.jar with timestamp 1775227830735
[2026-04-03T14:50:31.970+0000] {spark_submit.py:491} INFO - 26/04/03 14:50:31 INFO SparkContext: Added JAR file:///opt/airflow/etl/jars/aws-java-sdk-bundle-1.11.1026.jar at spark://bc50ea179d9a:33909/jars/aws-java-sdk-bundle-1.11.1026.jar with timestamp 1775227830735
[2026-04-03T14:50:31.971+0000] {spark_submit.py:491} INFO - 26/04/03 14:50:31 INFO SparkContext: Added JAR file:///opt/airflow/etl/jars/delta-core_2.12-2.3.0.jar at spark://bc50ea179d9a:33909/jars/delta-core_2.12-2.3.0.jar with timestamp 1775227830735
[2026-04-03T14:50:31.971+0000] {spark_submit.py:491} INFO - 26/04/03 14:50:31 INFO SparkContext: Added JAR file:///opt/airflow/etl/jars/delta-storage-2.3.0.jar at spark://bc50ea179d9a:33909/jars/delta-storage-2.3.0.jar with timestamp 1775227830735
[2026-04-03T14:50:32.084+0000] {spark_submit.py:491} INFO - 26/04/03 14:50:32 INFO StandaloneAppClient$ClientEndpoint: Connecting to master spark://spark-master:7077...
[2026-04-03T14:50:32.138+0000] {spark_submit.py:491} INFO - 26/04/03 14:50:32 INFO TransportClientFactory: Successfully created connection to spark-master/172.18.0.6:7077 after 32 ms (0 ms spent in bootstraps)
[2026-04-03T14:50:32.219+0000] {spark_submit.py:491} INFO - 26/04/03 14:50:32 INFO StandaloneSchedulerBackend: Connected to Spark cluster with app ID app-20260403145032-0046
[2026-04-03T14:50:32.225+0000] {spark_submit.py:491} INFO - 26/04/03 14:50:32 INFO Utils: Successfully started service 'org.apache.spark.network.netty.NettyBlockTransferService' on port 35931.
[2026-04-03T14:50:32.225+0000] {spark_submit.py:491} INFO - 26/04/03 14:50:32 INFO NettyBlockTransferService: Server created on bc50ea179d9a:35931
[2026-04-03T14:50:32.226+0000] {spark_submit.py:491} INFO - 26/04/03 14:50:32 INFO BlockManager: Using org.apache.spark.storage.RandomBlockReplicationPolicy for block replication policy
[2026-04-03T14:50:32.232+0000] {spark_submit.py:491} INFO - 26/04/03 14:50:32 INFO BlockManagerMaster: Registering BlockManager BlockManagerId(driver, bc50ea179d9a, 35931, None)
[2026-04-03T14:50:32.236+0000] {spark_submit.py:491} INFO - 26/04/03 14:50:32 INFO BlockManagerMasterEndpoint: Registering block manager bc50ea179d9a:35931 with 127.2 MiB RAM, BlockManagerId(driver, bc50ea179d9a, 35931, None)
[2026-04-03T14:50:32.239+0000] {spark_submit.py:491} INFO - 26/04/03 14:50:32 INFO BlockManagerMaster: Registered BlockManager BlockManagerId(driver, bc50ea179d9a, 35931, None)
[2026-04-03T14:50:32.240+0000] {spark_submit.py:491} INFO - 26/04/03 14:50:32 INFO BlockManager: Initialized BlockManager: BlockManagerId(driver, bc50ea179d9a, 35931, None)
[2026-04-03T14:50:32.485+0000] {spark_submit.py:491} INFO - 26/04/03 14:50:32 INFO StandaloneSchedulerBackend: SchedulerBackend is ready for scheduling beginning after reached minRegisteredResourcesRatio: 0.0
[2026-04-03T14:50:33.398+0000] {spark_submit.py:491} INFO - INFO:silver_processor: Bắt đầu xử lý lớp Silver cho bảng: product_category_name_translation | Chế độ CDC: False
[2026-04-03T14:50:33.399+0000] {spark_submit.py:491} INFO - INFO:silver_processor: Bắt đầu quét Data Nóng từ Bronze...
[2026-04-03T14:50:33.611+0000] {spark_submit.py:491} INFO - 26/04/03 14:50:33 WARN MetricsConfig: Cannot locate configuration: tried hadoop-metrics2-s3a-file-system.properties,hadoop-metrics2.properties
[2026-04-03T14:58:21.394+0000] {local_task_job_runner.py:294} WARNING - State of this instance has been externally set to None. Terminating instance.
[2026-04-03T14:58:21.398+0000] {process_utils.py:131} INFO - Sending 15 to group 326. PIDs of all processes in the group: [328, 401, 326]
[2026-04-03T14:58:21.398+0000] {process_utils.py:86} INFO - Sending the signal 15 to group 326
[2026-04-03T14:58:21.398+0000] {taskinstance.py:1632} ERROR - Received SIGTERM. Terminating subprocesses.
[2026-04-03T14:58:21.399+0000] {spark_submit.py:618} INFO - Sending kill signal to spark-submit
[2026-04-03T14:58:21.413+0000] {taskinstance.py:1937} ERROR - Task failed with exception
Traceback (most recent call last):
  File "/home/airflow/.local/lib/python3.10/site-packages/airflow/providers/apache/spark/operators/spark_submit.py", line 156, in execute
    self._hook.submit(self._application)
  File "/home/airflow/.local/lib/python3.10/site-packages/airflow/providers/apache/spark/hooks/spark_submit.py", line 410, in submit
    self._process_spark_submit_log(iter(self._submit_sp.stdout))  # type: ignore
  File "/home/airflow/.local/lib/python3.10/site-packages/airflow/providers/apache/spark/hooks/spark_submit.py", line 459, in _process_spark_submit_log
    for line in itr:
  File "/home/airflow/.local/lib/python3.10/site-packages/airflow/models/taskinstance.py", line 1634, in signal_handler
    raise AirflowException("Task received SIGTERM signal")
airflow.exceptions.AirflowException: Task received SIGTERM signal
[2026-04-03T14:58:21.417+0000] {taskinstance.py:1400} INFO - Marking task as UP_FOR_RETRY. dag_id=silver_spark_processor, task_id=process_silver_product_category_name_translation, execution_date=20260402T000000, start_date=20260403T145025, end_date=20260403T145821
[2026-04-03T14:58:21.435+0000] {standard_task_runner.py:104} ERROR - Failed to execute job 618 for task process_silver_product_category_name_translation (Task received SIGTERM signal; 326)
[2026-04-03T14:58:21.491+0000] {process_utils.py:79} INFO - Process psutil.Process(pid=328, status='terminated', started='14:50:26') (328) terminated with exit code None
[2026-04-03T14:58:21.491+0000] {process_utils.py:79} INFO - Process psutil.Process(pid=326, status='terminated', exitcode=1, started='14:50:25') (326) terminated with exit code 1
[2026-04-03T14:58:21.492+0000] {process_utils.py:79} INFO - Process psutil.Process(pid=401, status='terminated', started='14:50:29') (401) terminated with exit code None
