[2026-04-03T11:16:43.191+0000] {taskinstance.py:1159} INFO - Dependencies all met for dep_context=non-requeueable deps ti=<TaskInstance: silver_spark_processor.process_silver_product_category_name_translation scheduled__2026-04-02T00:00:00+00:00 [queued]>
[2026-04-03T11:16:43.250+0000] {taskinstance.py:1159} INFO - Dependencies all met for dep_context=requeueable deps ti=<TaskInstance: silver_spark_processor.process_silver_product_category_name_translation scheduled__2026-04-02T00:00:00+00:00 [queued]>
[2026-04-03T11:16:43.251+0000] {taskinstance.py:1361} INFO - Starting attempt 3 of 2
[2026-04-03T11:16:43.326+0000] {taskinstance.py:1382} INFO - Executing <Task(SparkSubmitOperator): process_silver_product_category_name_translation> on 2026-04-02 00:00:00+00:00
[2026-04-03T11:16:43.342+0000] {standard_task_runner.py:57} INFO - Started process 241 to run task
[2026-04-03T11:16:43.354+0000] {standard_task_runner.py:84} INFO - Running: ['airflow', 'tasks', 'run', 'silver_spark_processor', 'process_silver_product_category_name_translation', 'scheduled__2026-04-02T00:00:00+00:00', '--job-id', '413', '--raw', '--subdir', 'DAGS_FOLDER/silver_processor_dag.py', '--cfg-path', '/tmp/tmpcz_7g14l']
[2026-04-03T11:16:43.367+0000] {standard_task_runner.py:85} INFO - Job 413: Subtask process_silver_product_category_name_translation
[2026-04-03T11:16:43.528+0000] {task_command.py:416} INFO - Running <TaskInstance: silver_spark_processor.process_silver_product_category_name_translation scheduled__2026-04-02T00:00:00+00:00 [running]> on host ad303354f1ab
[2026-04-03T11:16:43.744+0000] {taskinstance.py:1662} INFO - Exporting env vars: AIRFLOW_CTX_DAG_OWNER='data-team' AIRFLOW_CTX_DAG_ID='silver_spark_processor' AIRFLOW_CTX_TASK_ID='process_silver_product_category_name_translation' AIRFLOW_CTX_EXECUTION_DATE='2026-04-02T00:00:00+00:00' AIRFLOW_CTX_TRY_NUMBER='3' AIRFLOW_CTX_DAG_RUN_ID='scheduled__2026-04-02T00:00:00+00:00'
[2026-04-03T11:16:43.774+0000] {base.py:73} INFO - Using connection ID 'spark_default' for task execution.
[2026-04-03T11:16:43.777+0000] {spark_submit.py:340} INFO - Spark-Submit cmd: spark-submit --master spark://spark-master:7077 --conf spark.sql.extensions=io.delta.sql.DeltaSparkSessionExtension --conf spark.sql.catalog.spark_catalog=org.apache.spark.sql.delta.catalog.DeltaCatalog --conf spark.databricks.delta.schema.autoMerge.enabled=true --packages org.apache.hadoop:hadoop-aws:3.3.2,com.amazonaws:aws-java-sdk-bundle:1.11.1026,io.delta:delta-core_2.12:2.3.0 --executor-cores 1 --executor-memory 1g --driver-memory 1g --name airflow_silver_product_category_name_translation /opt/airflow/etl/silver/main_silver.py --table_name product_category_name_translation --merge_key product_category_name --is_cdc false --json_schema 
[2026-04-03T11:16:44.063+0000] {spark_submit.py:491} INFO - /home/airflow/.local/lib/python3.10/site-packages/pyspark/bin/load-spark-env.sh: line 68: ps: command not found
[2026-04-03T11:16:52.348+0000] {spark_submit.py:491} INFO - :: loading settings :: url = jar:file:/home/airflow/.local/lib/python3.10/site-packages/pyspark/jars/ivy-2.5.1.jar!/org/apache/ivy/core/settings/ivysettings.xml
[2026-04-03T11:16:52.827+0000] {spark_submit.py:491} INFO - Ivy Default Cache set to: /home/airflow/.ivy2/cache
[2026-04-03T11:16:52.830+0000] {spark_submit.py:491} INFO - The jars for the packages stored in: /home/airflow/.ivy2/jars
[2026-04-03T11:16:52.838+0000] {spark_submit.py:491} INFO - org.apache.hadoop#hadoop-aws added as a dependency
[2026-04-03T11:16:52.839+0000] {spark_submit.py:491} INFO - com.amazonaws#aws-java-sdk-bundle added as a dependency
[2026-04-03T11:16:52.839+0000] {spark_submit.py:491} INFO - io.delta#delta-core_2.12 added as a dependency
[2026-04-03T11:16:52.842+0000] {spark_submit.py:491} INFO - :: resolving dependencies :: org.apache.spark#spark-submit-parent-3c5a7d7e-38b1-450b-b2dd-c445983a6e54;1.0
[2026-04-03T11:16:52.842+0000] {spark_submit.py:491} INFO - confs: [default]
[2026-04-03T11:16:53.481+0000] {spark_submit.py:491} INFO - found org.apache.hadoop#hadoop-aws;3.3.2 in central
[2026-04-03T11:16:53.561+0000] {spark_submit.py:491} INFO - found com.amazonaws#aws-java-sdk-bundle;1.11.1026 in central
[2026-04-03T11:16:53.624+0000] {spark_submit.py:491} INFO - found org.wildfly.openssl#wildfly-openssl;1.0.7.Final in central
[2026-04-03T11:16:53.670+0000] {spark_submit.py:491} INFO - found io.delta#delta-core_2.12;2.3.0 in central
[2026-04-03T11:16:53.787+0000] {spark_submit.py:491} INFO - found io.delta#delta-storage;2.3.0 in central
[2026-04-03T11:16:53.880+0000] {spark_submit.py:491} INFO - found org.antlr#antlr4-runtime;4.8 in central
[2026-04-03T11:16:53.949+0000] {spark_submit.py:491} INFO - :: resolution report :: resolve 1067ms :: artifacts dl 31ms
[2026-04-03T11:16:53.949+0000] {spark_submit.py:491} INFO - :: modules in use:
[2026-04-03T11:16:53.950+0000] {spark_submit.py:491} INFO - com.amazonaws#aws-java-sdk-bundle;1.11.1026 from central in [default]
[2026-04-03T11:16:53.950+0000] {spark_submit.py:491} INFO - io.delta#delta-core_2.12;2.3.0 from central in [default]
[2026-04-03T11:16:53.950+0000] {spark_submit.py:491} INFO - io.delta#delta-storage;2.3.0 from central in [default]
[2026-04-03T11:16:53.950+0000] {spark_submit.py:491} INFO - org.antlr#antlr4-runtime;4.8 from central in [default]
[2026-04-03T11:16:53.950+0000] {spark_submit.py:491} INFO - org.apache.hadoop#hadoop-aws;3.3.2 from central in [default]
[2026-04-03T11:16:53.950+0000] {spark_submit.py:491} INFO - org.wildfly.openssl#wildfly-openssl;1.0.7.Final from central in [default]
[2026-04-03T11:16:53.950+0000] {spark_submit.py:491} INFO - ---------------------------------------------------------------------
[2026-04-03T11:16:53.950+0000] {spark_submit.py:491} INFO - |                  |            modules            ||   artifacts   |
[2026-04-03T11:16:53.950+0000] {spark_submit.py:491} INFO - |       conf       | number| search|dwnlded|evicted|| number|dwnlded|
[2026-04-03T11:16:53.950+0000] {spark_submit.py:491} INFO - ---------------------------------------------------------------------
[2026-04-03T11:16:53.951+0000] {spark_submit.py:491} INFO - |      default     |   6   |   0   |   0   |   0   ||   6   |   0   |
[2026-04-03T11:16:53.951+0000] {spark_submit.py:491} INFO - ---------------------------------------------------------------------
[2026-04-03T11:16:54.033+0000] {spark_submit.py:491} INFO - :: retrieving :: org.apache.spark#spark-submit-parent-3c5a7d7e-38b1-450b-b2dd-c445983a6e54
[2026-04-03T11:16:54.034+0000] {spark_submit.py:491} INFO - confs: [default]
[2026-04-03T11:16:54.167+0000] {spark_submit.py:491} INFO - 0 artifacts copied, 6 already retrieved (0kB/130ms)
[2026-04-03T11:16:55.593+0000] {spark_submit.py:491} INFO - 26/04/03 11:16:55 WARN NativeCodeLoader: Unable to load native-hadoop library for your platform... using builtin-java classes where applicable
[2026-04-03T11:16:58.903+0000] {spark_submit.py:491} INFO - INFO:__main__:Khởi tạo Spark Job cho bảng: product_category_name_translation
[2026-04-03T11:16:59.217+0000] {spark_submit.py:491} INFO - 26/04/03 11:16:59 INFO SparkContext: Running Spark version 3.3.2
[2026-04-03T11:16:59.298+0000] {spark_submit.py:491} INFO - 26/04/03 11:16:59 INFO ResourceUtils: ==============================================================
[2026-04-03T11:16:59.303+0000] {spark_submit.py:491} INFO - 26/04/03 11:16:59 INFO ResourceUtils: No custom resources configured for spark.driver.
[2026-04-03T11:16:59.303+0000] {spark_submit.py:491} INFO - 26/04/03 11:16:59 INFO ResourceUtils: ==============================================================
[2026-04-03T11:16:59.303+0000] {spark_submit.py:491} INFO - 26/04/03 11:16:59 INFO SparkContext: Submitted application: <class 'pyspark.sql.session.SparkSession'>
[2026-04-03T11:16:59.359+0000] {spark_submit.py:491} INFO - 26/04/03 11:16:59 INFO ResourceProfile: Default ResourceProfile created, executor resources: Map(cores -> name: cores, amount: 1, script: , vendor: , memory -> name: memory, amount: 1024, script: , vendor: , offHeap -> name: offHeap, amount: 0, script: , vendor: ), task resources: Map(cpus -> name: cpus, amount: 1.0)
[2026-04-03T11:16:59.435+0000] {spark_submit.py:491} INFO - 26/04/03 11:16:59 INFO ResourceProfile: Limiting resource is cpus at 1 tasks per executor
[2026-04-03T11:16:59.449+0000] {spark_submit.py:491} INFO - 26/04/03 11:16:59 INFO ResourceProfileManager: Added ResourceProfile id: 0
[2026-04-03T11:16:59.775+0000] {spark_submit.py:491} INFO - 26/04/03 11:16:59 INFO SecurityManager: Changing view acls to: airflow
[2026-04-03T11:16:59.779+0000] {spark_submit.py:491} INFO - 26/04/03 11:16:59 INFO SecurityManager: Changing modify acls to: airflow
[2026-04-03T11:16:59.779+0000] {spark_submit.py:491} INFO - 26/04/03 11:16:59 INFO SecurityManager: Changing view acls groups to:
[2026-04-03T11:16:59.781+0000] {spark_submit.py:491} INFO - 26/04/03 11:16:59 INFO SecurityManager: Changing modify acls groups to:
[2026-04-03T11:16:59.782+0000] {spark_submit.py:491} INFO - 26/04/03 11:16:59 INFO SecurityManager: SecurityManager: authentication disabled; ui acls disabled; users  with view permissions: Set(airflow); groups with view permissions: Set(); users  with modify permissions: Set(airflow); groups with modify permissions: Set()
[2026-04-03T11:17:01.291+0000] {spark_submit.py:491} INFO - 26/04/03 11:17:01 INFO Utils: Successfully started service 'sparkDriver' on port 41583.
[2026-04-03T11:17:01.397+0000] {spark_submit.py:491} INFO - 26/04/03 11:17:01 INFO SparkEnv: Registering MapOutputTracker
[2026-04-03T11:17:01.565+0000] {spark_submit.py:491} INFO - 26/04/03 11:17:01 INFO SparkEnv: Registering BlockManagerMaster
[2026-04-03T11:17:01.633+0000] {spark_submit.py:491} INFO - 26/04/03 11:17:01 INFO BlockManagerMasterEndpoint: Using org.apache.spark.storage.DefaultTopologyMapper for getting topology information
[2026-04-03T11:17:01.642+0000] {spark_submit.py:491} INFO - 26/04/03 11:17:01 INFO BlockManagerMasterEndpoint: BlockManagerMasterEndpoint up
[2026-04-03T11:17:01.653+0000] {spark_submit.py:491} INFO - 26/04/03 11:17:01 INFO SparkEnv: Registering BlockManagerMasterHeartbeat
[2026-04-03T11:17:01.725+0000] {spark_submit.py:491} INFO - 26/04/03 11:17:01 INFO DiskBlockManager: Created local directory at /tmp/blockmgr-6fdeb1c8-8694-4c19-b1df-1f18e02e43cb
[2026-04-03T11:17:01.766+0000] {spark_submit.py:491} INFO - 26/04/03 11:17:01 INFO MemoryStore: MemoryStore started with capacity 434.4 MiB
[2026-04-03T11:17:01.832+0000] {spark_submit.py:491} INFO - 26/04/03 11:17:01 INFO SparkEnv: Registering OutputCommitCoordinator
[2026-04-03T11:17:02.867+0000] {spark_submit.py:491} INFO - 26/04/03 11:17:02 WARN Utils: Service 'SparkUI' could not bind on port 4040. Attempting port 4041.
[2026-04-03T11:17:02.968+0000] {spark_submit.py:491} INFO - 26/04/03 11:17:02 INFO Utils: Successfully started service 'SparkUI' on port 4041.
[2026-04-03T11:17:03.168+0000] {spark_submit.py:491} INFO - 26/04/03 11:17:03 INFO SparkContext: Added JAR file:///home/airflow/.ivy2/jars/org.apache.hadoop_hadoop-aws-3.3.2.jar at spark://ad303354f1ab:41583/jars/org.apache.hadoop_hadoop-aws-3.3.2.jar with timestamp 1775215019168
[2026-04-03T11:17:03.168+0000] {spark_submit.py:491} INFO - 26/04/03 11:17:03 INFO SparkContext: Added JAR file:///home/airflow/.ivy2/jars/com.amazonaws_aws-java-sdk-bundle-1.11.1026.jar at spark://ad303354f1ab:41583/jars/com.amazonaws_aws-java-sdk-bundle-1.11.1026.jar with timestamp 1775215019168
[2026-04-03T11:17:03.168+0000] {spark_submit.py:491} INFO - 26/04/03 11:17:03 INFO SparkContext: Added JAR file:///home/airflow/.ivy2/jars/io.delta_delta-core_2.12-2.3.0.jar at spark://ad303354f1ab:41583/jars/io.delta_delta-core_2.12-2.3.0.jar with timestamp 1775215019168
[2026-04-03T11:17:03.169+0000] {spark_submit.py:491} INFO - 26/04/03 11:17:03 INFO SparkContext: Added JAR file:///home/airflow/.ivy2/jars/org.wildfly.openssl_wildfly-openssl-1.0.7.Final.jar at spark://ad303354f1ab:41583/jars/org.wildfly.openssl_wildfly-openssl-1.0.7.Final.jar with timestamp 1775215019168
[2026-04-03T11:17:03.169+0000] {spark_submit.py:491} INFO - 26/04/03 11:17:03 INFO SparkContext: Added JAR file:///home/airflow/.ivy2/jars/io.delta_delta-storage-2.3.0.jar at spark://ad303354f1ab:41583/jars/io.delta_delta-storage-2.3.0.jar with timestamp 1775215019168
[2026-04-03T11:17:03.169+0000] {spark_submit.py:491} INFO - 26/04/03 11:17:03 INFO SparkContext: Added JAR file:///home/airflow/.ivy2/jars/org.antlr_antlr4-runtime-4.8.jar at spark://ad303354f1ab:41583/jars/org.antlr_antlr4-runtime-4.8.jar with timestamp 1775215019168
[2026-04-03T11:17:03.179+0000] {spark_submit.py:491} INFO - 26/04/03 11:17:03 INFO SparkContext: Added file file:///home/airflow/.ivy2/jars/org.apache.hadoop_hadoop-aws-3.3.2.jar at spark://ad303354f1ab:41583/files/org.apache.hadoop_hadoop-aws-3.3.2.jar with timestamp 1775215019168
[2026-04-03T11:17:03.195+0000] {spark_submit.py:491} INFO - 26/04/03 11:17:03 INFO Utils: Copying /home/airflow/.ivy2/jars/org.apache.hadoop_hadoop-aws-3.3.2.jar to /tmp/spark-57d23187-0910-4140-9274-4328a3014e50/userFiles-e07ac997-5553-41a8-8b99-de30b296bf83/org.apache.hadoop_hadoop-aws-3.3.2.jar
[2026-04-03T11:17:03.240+0000] {spark_submit.py:491} INFO - 26/04/03 11:17:03 INFO SparkContext: Added file file:///home/airflow/.ivy2/jars/com.amazonaws_aws-java-sdk-bundle-1.11.1026.jar at spark://ad303354f1ab:41583/files/com.amazonaws_aws-java-sdk-bundle-1.11.1026.jar with timestamp 1775215019168
[2026-04-03T11:17:03.241+0000] {spark_submit.py:491} INFO - 26/04/03 11:17:03 INFO Utils: Copying /home/airflow/.ivy2/jars/com.amazonaws_aws-java-sdk-bundle-1.11.1026.jar to /tmp/spark-57d23187-0910-4140-9274-4328a3014e50/userFiles-e07ac997-5553-41a8-8b99-de30b296bf83/com.amazonaws_aws-java-sdk-bundle-1.11.1026.jar
[2026-04-03T11:17:04.814+0000] {spark_submit.py:491} INFO - 26/04/03 11:17:04 INFO SparkContext: Added file file:///home/airflow/.ivy2/jars/io.delta_delta-core_2.12-2.3.0.jar at spark://ad303354f1ab:41583/files/io.delta_delta-core_2.12-2.3.0.jar with timestamp 1775215019168
[2026-04-03T11:17:04.816+0000] {spark_submit.py:491} INFO - 26/04/03 11:17:04 INFO Utils: Copying /home/airflow/.ivy2/jars/io.delta_delta-core_2.12-2.3.0.jar to /tmp/spark-57d23187-0910-4140-9274-4328a3014e50/userFiles-e07ac997-5553-41a8-8b99-de30b296bf83/io.delta_delta-core_2.12-2.3.0.jar
[2026-04-03T11:17:04.856+0000] {spark_submit.py:491} INFO - 26/04/03 11:17:04 INFO SparkContext: Added file file:///home/airflow/.ivy2/jars/org.wildfly.openssl_wildfly-openssl-1.0.7.Final.jar at spark://ad303354f1ab:41583/files/org.wildfly.openssl_wildfly-openssl-1.0.7.Final.jar with timestamp 1775215019168
[2026-04-03T11:17:04.856+0000] {spark_submit.py:491} INFO - 26/04/03 11:17:04 INFO Utils: Copying /home/airflow/.ivy2/jars/org.wildfly.openssl_wildfly-openssl-1.0.7.Final.jar to /tmp/spark-57d23187-0910-4140-9274-4328a3014e50/userFiles-e07ac997-5553-41a8-8b99-de30b296bf83/org.wildfly.openssl_wildfly-openssl-1.0.7.Final.jar
[2026-04-03T11:17:04.876+0000] {spark_submit.py:491} INFO - 26/04/03 11:17:04 INFO SparkContext: Added file file:///home/airflow/.ivy2/jars/io.delta_delta-storage-2.3.0.jar at spark://ad303354f1ab:41583/files/io.delta_delta-storage-2.3.0.jar with timestamp 1775215019168
[2026-04-03T11:17:04.877+0000] {spark_submit.py:491} INFO - 26/04/03 11:17:04 INFO Utils: Copying /home/airflow/.ivy2/jars/io.delta_delta-storage-2.3.0.jar to /tmp/spark-57d23187-0910-4140-9274-4328a3014e50/userFiles-e07ac997-5553-41a8-8b99-de30b296bf83/io.delta_delta-storage-2.3.0.jar
[2026-04-03T11:17:04.887+0000] {spark_submit.py:491} INFO - 26/04/03 11:17:04 INFO SparkContext: Added file file:///home/airflow/.ivy2/jars/org.antlr_antlr4-runtime-4.8.jar at spark://ad303354f1ab:41583/files/org.antlr_antlr4-runtime-4.8.jar with timestamp 1775215019168
[2026-04-03T11:17:04.887+0000] {spark_submit.py:491} INFO - 26/04/03 11:17:04 INFO Utils: Copying /home/airflow/.ivy2/jars/org.antlr_antlr4-runtime-4.8.jar to /tmp/spark-57d23187-0910-4140-9274-4328a3014e50/userFiles-e07ac997-5553-41a8-8b99-de30b296bf83/org.antlr_antlr4-runtime-4.8.jar
[2026-04-03T11:17:05.309+0000] {spark_submit.py:491} INFO - 26/04/03 11:17:05 INFO StandaloneAppClient$ClientEndpoint: Connecting to master spark://spark-master:7077...
[2026-04-03T11:17:05.481+0000] {spark_submit.py:491} INFO - 26/04/03 11:17:05 INFO TransportClientFactory: Successfully created connection to spark-master/172.18.0.6:7077 after 97 ms (0 ms spent in bootstraps)
[2026-04-03T11:17:06.075+0000] {spark_submit.py:491} INFO - 26/04/03 11:17:06 INFO StandaloneSchedulerBackend: Connected to Spark cluster with app ID app-20260403111706-0005
[2026-04-03T11:17:06.100+0000] {spark_submit.py:491} INFO - 26/04/03 11:17:06 INFO Utils: Successfully started service 'org.apache.spark.network.netty.NettyBlockTransferService' on port 39337.
[2026-04-03T11:17:06.100+0000] {spark_submit.py:491} INFO - 26/04/03 11:17:06 INFO NettyBlockTransferService: Server created on ad303354f1ab:39337
[2026-04-03T11:17:06.103+0000] {spark_submit.py:491} INFO - 26/04/03 11:17:06 INFO BlockManager: Using org.apache.spark.storage.RandomBlockReplicationPolicy for block replication policy
[2026-04-03T11:17:06.125+0000] {spark_submit.py:491} INFO - 26/04/03 11:17:06 INFO BlockManagerMaster: Registering BlockManager BlockManagerId(driver, ad303354f1ab, 39337, None)
[2026-04-03T11:17:06.137+0000] {spark_submit.py:491} INFO - 26/04/03 11:17:06 INFO BlockManagerMasterEndpoint: Registering block manager ad303354f1ab:39337 with 434.4 MiB RAM, BlockManagerId(driver, ad303354f1ab, 39337, None)
[2026-04-03T11:17:06.151+0000] {spark_submit.py:491} INFO - 26/04/03 11:17:06 INFO BlockManagerMaster: Registered BlockManager BlockManagerId(driver, ad303354f1ab, 39337, None)
[2026-04-03T11:17:06.161+0000] {spark_submit.py:491} INFO - 26/04/03 11:17:06 INFO BlockManager: Initialized BlockManager: BlockManagerId(driver, ad303354f1ab, 39337, None)
[2026-04-03T11:17:07.869+0000] {spark_submit.py:491} INFO - 26/04/03 11:17:07 INFO StandaloneSchedulerBackend: SchedulerBackend is ready for scheduling beginning after reached minRegisteredResourcesRatio: 0.0
[2026-04-03T11:17:13.238+0000] {spark_submit.py:491} INFO - INFO:silver_processor: Bắt đầu xử lý lớp Silver cho bảng: product_category_name_translation | Chế độ CDC: False
[2026-04-03T11:17:13.238+0000] {spark_submit.py:491} INFO - INFO:silver_processor: Bắt đầu quét Data Nóng từ Bronze...
[2026-04-03T11:17:14.894+0000] {spark_submit.py:491} INFO - 26/04/03 11:17:14 WARN MetricsConfig: Cannot locate configuration: tried hadoop-metrics2-s3a-file-system.properties,hadoop-metrics2.properties
[2026-04-03T11:17:41.515+0000] {local_task_job_runner.py:115} ERROR - Received SIGTERM. Terminating subprocesses
[2026-04-03T11:17:41.545+0000] {process_utils.py:131} INFO - Sending 15 to group 241. PIDs of all processes in the group: [278, 713, 241]
[2026-04-03T11:17:41.546+0000] {process_utils.py:86} INFO - Sending the signal 15 to group 241
[2026-04-03T11:17:41.548+0000] {taskinstance.py:1632} ERROR - Received SIGTERM. Terminating subprocesses.
[2026-04-03T11:17:41.548+0000] {spark_submit.py:618} INFO - Sending kill signal to spark-submit
[2026-04-03T11:17:41.668+0000] {taskinstance.py:1937} ERROR - Task failed with exception
Traceback (most recent call last):
  File "/home/airflow/.local/lib/python3.10/site-packages/airflow/providers/apache/spark/operators/spark_submit.py", line 156, in execute
    self._hook.submit(self._application)
  File "/home/airflow/.local/lib/python3.10/site-packages/airflow/providers/apache/spark/hooks/spark_submit.py", line 410, in submit
    self._process_spark_submit_log(iter(self._submit_sp.stdout))  # type: ignore
  File "/home/airflow/.local/lib/python3.10/site-packages/airflow/providers/apache/spark/hooks/spark_submit.py", line 459, in _process_spark_submit_log
    for line in itr:
  File "/home/airflow/.local/lib/python3.10/site-packages/airflow/models/taskinstance.py", line 1634, in signal_handler
    raise AirflowException("Task received SIGTERM signal")
airflow.exceptions.AirflowException: Task received SIGTERM signal
[2026-04-03T11:17:41.682+0000] {taskinstance.py:1400} INFO - Marking task as FAILED. dag_id=silver_spark_processor, task_id=process_silver_product_category_name_translation, execution_date=20260402T000000, start_date=20260403T111643, end_date=20260403T111741
[2026-04-03T11:17:41.802+0000] {standard_task_runner.py:104} ERROR - Failed to execute job 413 for task process_silver_product_category_name_translation (Task received SIGTERM signal; 241)
[2026-04-03T11:17:41.859+0000] {process_utils.py:79} INFO - Process psutil.Process(pid=241, status='terminated', exitcode=1, started='11:16:42') (241) terminated with exit code 1
[2026-04-03T11:17:41.860+0000] {process_utils.py:79} INFO - Process psutil.Process(pid=713, status='terminated', started='11:16:55') (713) terminated with exit code None
[2026-04-03T11:17:41.860+0000] {process_utils.py:79} INFO - Process psutil.Process(pid=278, status='terminated', started='11:16:42') (278) terminated with exit code None
[2026-04-03T11:17:41.861+0000] {local_task_job_runner.py:228} INFO - Task exited with return code 143
[2026-04-03T11:17:42.137+0000] {taskinstance.py:2778} INFO - 0 downstream tasks scheduled from follow-on schedule check
