[2026-04-02T11:11:18.159+0000] {taskinstance.py:1159} INFO - Dependencies all met for dep_context=non-requeueable deps ti=<TaskInstance: silver_spark_processor.process_silver_sellers manual__2026-04-02T10:55:44.325453+00:00 [queued]>
[2026-04-02T11:11:18.175+0000] {taskinstance.py:1159} INFO - Dependencies all met for dep_context=requeueable deps ti=<TaskInstance: silver_spark_processor.process_silver_sellers manual__2026-04-02T10:55:44.325453+00:00 [queued]>
[2026-04-02T11:11:18.176+0000] {taskinstance.py:1361} INFO - Starting attempt 4 of 4
[2026-04-02T11:11:18.213+0000] {taskinstance.py:1382} INFO - Executing <Task(SparkSubmitOperator): process_silver_sellers> on 2026-04-02 10:55:44.325453+00:00
[2026-04-02T11:11:18.236+0000] {standard_task_runner.py:57} INFO - Started process 202 to run task
[2026-04-02T11:11:18.241+0000] {standard_task_runner.py:84} INFO - Running: ['airflow', 'tasks', 'run', 'silver_spark_processor', 'process_silver_sellers', 'manual__2026-04-02T10:55:44.325453+00:00', '--job-id', '281', '--raw', '--subdir', 'DAGS_FOLDER/silver_processor_dag.py', '--cfg-path', '/tmp/tmpowsb055e']
[2026-04-02T11:11:18.256+0000] {standard_task_runner.py:85} INFO - Job 281: Subtask process_silver_sellers
[2026-04-02T11:11:18.438+0000] {task_command.py:416} INFO - Running <TaskInstance: silver_spark_processor.process_silver_sellers manual__2026-04-02T10:55:44.325453+00:00 [running]> on host 5926004790ec
[2026-04-02T11:11:18.633+0000] {taskinstance.py:1662} INFO - Exporting env vars: AIRFLOW_CTX_DAG_OWNER='data-team' AIRFLOW_CTX_DAG_ID='silver_spark_processor' AIRFLOW_CTX_TASK_ID='process_silver_sellers' AIRFLOW_CTX_EXECUTION_DATE='2026-04-02T10:55:44.325453+00:00' AIRFLOW_CTX_TRY_NUMBER='4' AIRFLOW_CTX_DAG_RUN_ID='manual__2026-04-02T10:55:44.325453+00:00'
[2026-04-02T11:11:18.652+0000] {base.py:73} INFO - Using connection ID 'spark_default' for task execution.
[2026-04-02T11:11:18.659+0000] {spark_submit.py:340} INFO - Spark-Submit cmd: spark-submit --master spark://spark-master:7077 --executor-cores 1 --executor-memory 1g --driver-memory 1g --name airflow_silver_sellers /opt/airflow/etl/silver/main_silver.py --table_name sellers --merge_key seller_id --is_cdc false --json_schema 
[2026-04-02T11:11:18.880+0000] {spark_submit.py:491} INFO - /home/airflow/.local/lib/python3.10/site-packages/pyspark/bin/load-spark-env.sh: line 68: ps: command not found
[2026-04-02T11:11:32.150+0000] {spark_submit.py:491} INFO - INFO:__main__:Khởi tạo Spark Job cho bảng: sellers
[2026-04-02T11:11:32.382+0000] {spark_submit.py:491} INFO - 26/04/02 11:11:32 INFO SparkContext: Running Spark version 3.3.2
[2026-04-02T11:11:32.592+0000] {spark_submit.py:491} INFO - 26/04/02 11:11:32 WARN NativeCodeLoader: Unable to load native-hadoop library for your platform... using builtin-java classes where applicable
[2026-04-02T11:11:32.903+0000] {spark_submit.py:491} INFO - 26/04/02 11:11:32 INFO ResourceUtils: ==============================================================
[2026-04-02T11:11:32.904+0000] {spark_submit.py:491} INFO - 26/04/02 11:11:32 INFO ResourceUtils: No custom resources configured for spark.driver.
[2026-04-02T11:11:32.906+0000] {spark_submit.py:491} INFO - 26/04/02 11:11:32 INFO ResourceUtils: ==============================================================
[2026-04-02T11:11:32.908+0000] {spark_submit.py:491} INFO - 26/04/02 11:11:32 INFO SparkContext: Submitted application: <class 'pyspark.sql.session.SparkSession'>
[2026-04-02T11:11:32.976+0000] {spark_submit.py:491} INFO - 26/04/02 11:11:32 INFO ResourceProfile: Default ResourceProfile created, executor resources: Map(cores -> name: cores, amount: 1, script: , vendor: , memory -> name: memory, amount: 1024, script: , vendor: , offHeap -> name: offHeap, amount: 0, script: , vendor: ), task resources: Map(cpus -> name: cpus, amount: 1.0)
[2026-04-02T11:11:33.003+0000] {spark_submit.py:491} INFO - 26/04/02 11:11:33 INFO ResourceProfile: Limiting resource is cpus at 1 tasks per executor
[2026-04-02T11:11:33.007+0000] {spark_submit.py:491} INFO - 26/04/02 11:11:33 INFO ResourceProfileManager: Added ResourceProfile id: 0
[2026-04-02T11:11:33.201+0000] {spark_submit.py:491} INFO - 26/04/02 11:11:33 INFO SecurityManager: Changing view acls to: airflow
[2026-04-02T11:11:33.203+0000] {spark_submit.py:491} INFO - 26/04/02 11:11:33 INFO SecurityManager: Changing modify acls to: airflow
[2026-04-02T11:11:33.206+0000] {spark_submit.py:491} INFO - 26/04/02 11:11:33 INFO SecurityManager: Changing view acls groups to:
[2026-04-02T11:11:33.209+0000] {spark_submit.py:491} INFO - 26/04/02 11:11:33 INFO SecurityManager: Changing modify acls groups to:
[2026-04-02T11:11:33.212+0000] {spark_submit.py:491} INFO - 26/04/02 11:11:33 INFO SecurityManager: SecurityManager: authentication disabled; ui acls disabled; users  with view permissions: Set(airflow); groups with view permissions: Set(); users  with modify permissions: Set(airflow); groups with modify permissions: Set()
[2026-04-02T11:11:34.837+0000] {spark_submit.py:491} INFO - 26/04/02 11:11:34 INFO Utils: Successfully started service 'sparkDriver' on port 41985.
[2026-04-02T11:11:35.065+0000] {spark_submit.py:491} INFO - 26/04/02 11:11:35 INFO SparkEnv: Registering MapOutputTracker
[2026-04-02T11:11:35.291+0000] {spark_submit.py:491} INFO - 26/04/02 11:11:35 INFO SparkEnv: Registering BlockManagerMaster
[2026-04-02T11:11:35.436+0000] {spark_submit.py:491} INFO - 26/04/02 11:11:35 INFO BlockManagerMasterEndpoint: Using org.apache.spark.storage.DefaultTopologyMapper for getting topology information
[2026-04-02T11:11:35.449+0000] {spark_submit.py:491} INFO - 26/04/02 11:11:35 INFO BlockManagerMasterEndpoint: BlockManagerMasterEndpoint up
[2026-04-02T11:11:35.478+0000] {spark_submit.py:491} INFO - 26/04/02 11:11:35 INFO SparkEnv: Registering BlockManagerMasterHeartbeat
[2026-04-02T11:11:35.579+0000] {spark_submit.py:491} INFO - 26/04/02 11:11:35 INFO DiskBlockManager: Created local directory at /tmp/blockmgr-e0b5c59b-8074-44c3-9287-fcccad273eb7
[2026-04-02T11:11:35.631+0000] {spark_submit.py:491} INFO - 26/04/02 11:11:35 INFO MemoryStore: MemoryStore started with capacity 434.4 MiB
[2026-04-02T11:11:35.704+0000] {spark_submit.py:491} INFO - 26/04/02 11:11:35 INFO SparkEnv: Registering OutputCommitCoordinator
[2026-04-02T11:11:37.443+0000] {spark_submit.py:491} INFO - 26/04/02 11:11:37 INFO Utils: Successfully started service 'SparkUI' on port 4040.
[2026-04-02T11:11:38.440+0000] {spark_submit.py:491} INFO - 26/04/02 11:11:38 INFO StandaloneAppClient$ClientEndpoint: Connecting to master spark://spark-master:7077...
[2026-04-02T11:11:38.709+0000] {spark_submit.py:491} INFO - 26/04/02 11:11:38 WARN StandaloneAppClient$ClientEndpoint: Failed to connect to master spark-master:7077
[2026-04-02T11:11:38.709+0000] {spark_submit.py:491} INFO - org.apache.spark.SparkException: Exception thrown in awaitResult:
[2026-04-02T11:11:38.709+0000] {spark_submit.py:491} INFO - at org.apache.spark.util.ThreadUtils$.awaitResult(ThreadUtils.scala:301)
[2026-04-02T11:11:38.709+0000] {spark_submit.py:491} INFO - at org.apache.spark.rpc.RpcTimeout.awaitResult(RpcTimeout.scala:75)
[2026-04-02T11:11:38.709+0000] {spark_submit.py:491} INFO - at org.apache.spark.rpc.RpcEnv.setupEndpointRefByURI(RpcEnv.scala:102)
[2026-04-02T11:11:38.710+0000] {spark_submit.py:491} INFO - at org.apache.spark.rpc.RpcEnv.setupEndpointRef(RpcEnv.scala:110)
[2026-04-02T11:11:38.710+0000] {spark_submit.py:491} INFO - at org.apache.spark.deploy.client.StandaloneAppClient$ClientEndpoint$$anon$1.run(StandaloneAppClient.scala:107)
[2026-04-02T11:11:38.710+0000] {spark_submit.py:491} INFO - at java.base/java.util.concurrent.Executors$RunnableAdapter.call(Executors.java:515)
[2026-04-02T11:11:38.710+0000] {spark_submit.py:491} INFO - at java.base/java.util.concurrent.FutureTask.run(FutureTask.java:264)
[2026-04-02T11:11:38.713+0000] {spark_submit.py:491} INFO - at java.base/java.util.concurrent.ThreadPoolExecutor.runWorker(ThreadPoolExecutor.java:1128)
[2026-04-02T11:11:38.713+0000] {spark_submit.py:491} INFO - at java.base/java.util.concurrent.ThreadPoolExecutor$Worker.run(ThreadPoolExecutor.java:628)
[2026-04-02T11:11:38.713+0000] {spark_submit.py:491} INFO - at java.base/java.lang.Thread.run(Thread.java:829)
[2026-04-02T11:11:38.713+0000] {spark_submit.py:491} INFO - Caused by: java.io.IOException: Failed to connect to spark-master:7077
[2026-04-02T11:11:38.718+0000] {spark_submit.py:491} INFO - at org.apache.spark.network.client.TransportClientFactory.createClient(TransportClientFactory.java:288)
[2026-04-02T11:11:38.718+0000] {spark_submit.py:491} INFO - at org.apache.spark.network.client.TransportClientFactory.createClient(TransportClientFactory.java:218)
[2026-04-02T11:11:38.718+0000] {spark_submit.py:491} INFO - at org.apache.spark.network.client.TransportClientFactory.createClient(TransportClientFactory.java:230)
[2026-04-02T11:11:38.718+0000] {spark_submit.py:491} INFO - at org.apache.spark.rpc.netty.NettyRpcEnv.createClient(NettyRpcEnv.scala:204)
[2026-04-02T11:11:38.718+0000] {spark_submit.py:491} INFO - at org.apache.spark.rpc.netty.Outbox$$anon$1.call(Outbox.scala:202)
[2026-04-02T11:11:38.718+0000] {spark_submit.py:491} INFO - at org.apache.spark.rpc.netty.Outbox$$anon$1.call(Outbox.scala:198)
[2026-04-02T11:11:38.719+0000] {spark_submit.py:491} INFO - ... 4 more
[2026-04-02T11:11:38.719+0000] {spark_submit.py:491} INFO - Caused by: java.net.UnknownHostException: spark-master
[2026-04-02T11:11:38.719+0000] {spark_submit.py:491} INFO - at java.base/java.net.InetAddress$CachedAddresses.get(InetAddress.java:797)
[2026-04-02T11:11:38.719+0000] {spark_submit.py:491} INFO - at java.base/java.net.InetAddress.getAllByName0(InetAddress.java:1533)
[2026-04-02T11:11:38.719+0000] {spark_submit.py:491} INFO - at java.base/java.net.InetAddress.getAllByName(InetAddress.java:1386)
[2026-04-02T11:11:38.719+0000] {spark_submit.py:491} INFO - at java.base/java.net.InetAddress.getAllByName(InetAddress.java:1307)
[2026-04-02T11:11:38.719+0000] {spark_submit.py:491} INFO - at java.base/java.net.InetAddress.getByName(InetAddress.java:1257)
[2026-04-02T11:11:38.719+0000] {spark_submit.py:491} INFO - at io.netty.util.internal.SocketUtils$8.run(SocketUtils.java:156)
[2026-04-02T11:11:38.719+0000] {spark_submit.py:491} INFO - at io.netty.util.internal.SocketUtils$8.run(SocketUtils.java:153)
[2026-04-02T11:11:38.719+0000] {spark_submit.py:491} INFO - at java.base/java.security.AccessController.doPrivileged(Native Method)
[2026-04-02T11:11:38.719+0000] {spark_submit.py:491} INFO - at io.netty.util.internal.SocketUtils.addressByName(SocketUtils.java:153)
[2026-04-02T11:11:38.720+0000] {spark_submit.py:491} INFO - at io.netty.resolver.DefaultNameResolver.doResolve(DefaultNameResolver.java:41)
[2026-04-02T11:11:38.720+0000] {spark_submit.py:491} INFO - at io.netty.resolver.SimpleNameResolver.resolve(SimpleNameResolver.java:61)
[2026-04-02T11:11:38.720+0000] {spark_submit.py:491} INFO - at io.netty.resolver.SimpleNameResolver.resolve(SimpleNameResolver.java:53)
[2026-04-02T11:11:38.720+0000] {spark_submit.py:491} INFO - at io.netty.resolver.InetSocketAddressResolver.doResolve(InetSocketAddressResolver.java:55)
[2026-04-02T11:11:38.720+0000] {spark_submit.py:491} INFO - at io.netty.resolver.InetSocketAddressResolver.doResolve(InetSocketAddressResolver.java:31)
[2026-04-02T11:11:38.720+0000] {spark_submit.py:491} INFO - at io.netty.resolver.AbstractAddressResolver.resolve(AbstractAddressResolver.java:106)
[2026-04-02T11:11:38.720+0000] {spark_submit.py:491} INFO - at io.netty.bootstrap.Bootstrap.doResolveAndConnect0(Bootstrap.java:206)
[2026-04-02T11:11:38.720+0000] {spark_submit.py:491} INFO - at io.netty.bootstrap.Bootstrap.access$000(Bootstrap.java:46)
[2026-04-02T11:11:38.726+0000] {spark_submit.py:491} INFO - at io.netty.bootstrap.Bootstrap$1.operationComplete(Bootstrap.java:180)
[2026-04-02T11:11:38.726+0000] {spark_submit.py:491} INFO - at io.netty.bootstrap.Bootstrap$1.operationComplete(Bootstrap.java:166)
[2026-04-02T11:11:38.726+0000] {spark_submit.py:491} INFO - at io.netty.util.concurrent.DefaultPromise.notifyListener0(DefaultPromise.java:578)
[2026-04-02T11:11:38.726+0000] {spark_submit.py:491} INFO - at io.netty.util.concurrent.DefaultPromise.notifyListenersNow(DefaultPromise.java:552)
[2026-04-02T11:11:38.726+0000] {spark_submit.py:491} INFO - at io.netty.util.concurrent.DefaultPromise.notifyListeners(DefaultPromise.java:491)
[2026-04-02T11:11:38.726+0000] {spark_submit.py:491} INFO - at io.netty.util.concurrent.DefaultPromise.setValue0(DefaultPromise.java:616)
[2026-04-02T11:11:38.727+0000] {spark_submit.py:491} INFO - at io.netty.util.concurrent.DefaultPromise.setSuccess0(DefaultPromise.java:605)
[2026-04-02T11:11:38.727+0000] {spark_submit.py:491} INFO - at io.netty.util.concurrent.DefaultPromise.trySuccess(DefaultPromise.java:104)
[2026-04-02T11:11:38.727+0000] {spark_submit.py:491} INFO - at io.netty.channel.DefaultChannelPromise.trySuccess(DefaultChannelPromise.java:84)
[2026-04-02T11:11:38.727+0000] {spark_submit.py:491} INFO - at io.netty.channel.AbstractChannel$AbstractUnsafe.safeSetSuccess(AbstractChannel.java:990)
[2026-04-02T11:11:38.727+0000] {spark_submit.py:491} INFO - at io.netty.channel.AbstractChannel$AbstractUnsafe.register0(AbstractChannel.java:516)
[2026-04-02T11:11:38.727+0000] {spark_submit.py:491} INFO - at io.netty.channel.AbstractChannel$AbstractUnsafe.access$200(AbstractChannel.java:429)
[2026-04-02T11:11:38.727+0000] {spark_submit.py:491} INFO - at io.netty.channel.AbstractChannel$AbstractUnsafe$1.run(AbstractChannel.java:486)
[2026-04-02T11:11:38.727+0000] {spark_submit.py:491} INFO - at io.netty.util.concurrent.AbstractEventExecutor.safeExecute(AbstractEventExecutor.java:164)
[2026-04-02T11:11:38.727+0000] {spark_submit.py:491} INFO - at io.netty.util.concurrent.SingleThreadEventExecutor.runAllTasks(SingleThreadEventExecutor.java:469)
[2026-04-02T11:11:38.727+0000] {spark_submit.py:491} INFO - at io.netty.channel.nio.NioEventLoop.run(NioEventLoop.java:503)
[2026-04-02T11:11:38.727+0000] {spark_submit.py:491} INFO - at io.netty.util.concurrent.SingleThreadEventExecutor$4.run(SingleThreadEventExecutor.java:986)
[2026-04-02T11:11:38.727+0000] {spark_submit.py:491} INFO - at io.netty.util.internal.ThreadExecutorMap$2.run(ThreadExecutorMap.java:74)
[2026-04-02T11:11:38.728+0000] {spark_submit.py:491} INFO - at io.netty.util.concurrent.FastThreadLocalRunnable.run(FastThreadLocalRunnable.java:30)
[2026-04-02T11:11:38.728+0000] {spark_submit.py:491} INFO - ... 1 more
[2026-04-02T11:11:58.428+0000] {spark_submit.py:491} INFO - 26/04/02 11:11:58 INFO StandaloneAppClient$ClientEndpoint: Connecting to master spark://spark-master:7077...
[2026-04-02T11:11:58.435+0000] {spark_submit.py:491} INFO - 26/04/02 11:11:58 WARN StandaloneAppClient$ClientEndpoint: Failed to connect to master spark-master:7077
[2026-04-02T11:11:58.435+0000] {spark_submit.py:491} INFO - org.apache.spark.SparkException: Exception thrown in awaitResult:
[2026-04-02T11:11:58.435+0000] {spark_submit.py:491} INFO - at org.apache.spark.util.ThreadUtils$.awaitResult(ThreadUtils.scala:301)
[2026-04-02T11:11:58.435+0000] {spark_submit.py:491} INFO - at org.apache.spark.rpc.RpcTimeout.awaitResult(RpcTimeout.scala:75)
[2026-04-02T11:11:58.435+0000] {spark_submit.py:491} INFO - at org.apache.spark.rpc.RpcEnv.setupEndpointRefByURI(RpcEnv.scala:102)
[2026-04-02T11:11:58.435+0000] {spark_submit.py:491} INFO - at org.apache.spark.rpc.RpcEnv.setupEndpointRef(RpcEnv.scala:110)
[2026-04-02T11:11:58.435+0000] {spark_submit.py:491} INFO - at org.apache.spark.deploy.client.StandaloneAppClient$ClientEndpoint$$anon$1.run(StandaloneAppClient.scala:107)
[2026-04-02T11:11:58.435+0000] {spark_submit.py:491} INFO - at java.base/java.util.concurrent.Executors$RunnableAdapter.call(Executors.java:515)
[2026-04-02T11:11:58.435+0000] {spark_submit.py:491} INFO - at java.base/java.util.concurrent.FutureTask.run(FutureTask.java:264)
[2026-04-02T11:11:58.435+0000] {spark_submit.py:491} INFO - at java.base/java.util.concurrent.ThreadPoolExecutor.runWorker(ThreadPoolExecutor.java:1128)
[2026-04-02T11:11:58.435+0000] {spark_submit.py:491} INFO - at java.base/java.util.concurrent.ThreadPoolExecutor$Worker.run(ThreadPoolExecutor.java:628)
[2026-04-02T11:11:58.435+0000] {spark_submit.py:491} INFO - at java.base/java.lang.Thread.run(Thread.java:829)
[2026-04-02T11:11:58.435+0000] {spark_submit.py:491} INFO - Caused by: java.io.IOException: Failed to connect to spark-master:7077
[2026-04-02T11:11:58.436+0000] {spark_submit.py:491} INFO - at org.apache.spark.network.client.TransportClientFactory.createClient(TransportClientFactory.java:288)
[2026-04-02T11:11:58.436+0000] {spark_submit.py:491} INFO - at org.apache.spark.network.client.TransportClientFactory.createClient(TransportClientFactory.java:218)
[2026-04-02T11:11:58.436+0000] {spark_submit.py:491} INFO - at org.apache.spark.network.client.TransportClientFactory.createClient(TransportClientFactory.java:230)
[2026-04-02T11:11:58.436+0000] {spark_submit.py:491} INFO - at org.apache.spark.rpc.netty.NettyRpcEnv.createClient(NettyRpcEnv.scala:204)
[2026-04-02T11:11:58.436+0000] {spark_submit.py:491} INFO - at org.apache.spark.rpc.netty.Outbox$$anon$1.call(Outbox.scala:202)
[2026-04-02T11:11:58.436+0000] {spark_submit.py:491} INFO - at org.apache.spark.rpc.netty.Outbox$$anon$1.call(Outbox.scala:198)
[2026-04-02T11:11:58.436+0000] {spark_submit.py:491} INFO - ... 4 more
[2026-04-02T11:11:58.436+0000] {spark_submit.py:491} INFO - Caused by: java.net.UnknownHostException: spark-master
[2026-04-02T11:11:58.436+0000] {spark_submit.py:491} INFO - at java.base/java.net.InetAddress$CachedAddresses.get(InetAddress.java:797)
[2026-04-02T11:11:58.436+0000] {spark_submit.py:491} INFO - at java.base/java.net.InetAddress.getAllByName0(InetAddress.java:1533)
[2026-04-02T11:11:58.436+0000] {spark_submit.py:491} INFO - at java.base/java.net.InetAddress.getAllByName(InetAddress.java:1386)
[2026-04-02T11:11:58.436+0000] {spark_submit.py:491} INFO - at java.base/java.net.InetAddress.getAllByName(InetAddress.java:1307)
[2026-04-02T11:11:58.436+0000] {spark_submit.py:491} INFO - at java.base/java.net.InetAddress.getByName(InetAddress.java:1257)
[2026-04-02T11:11:58.436+0000] {spark_submit.py:491} INFO - at io.netty.util.internal.SocketUtils$8.run(SocketUtils.java:156)
[2026-04-02T11:11:58.436+0000] {spark_submit.py:491} INFO - at io.netty.util.internal.SocketUtils$8.run(SocketUtils.java:153)
[2026-04-02T11:11:58.436+0000] {spark_submit.py:491} INFO - at java.base/java.security.AccessController.doPrivileged(Native Method)
[2026-04-02T11:11:58.437+0000] {spark_submit.py:491} INFO - at io.netty.util.internal.SocketUtils.addressByName(SocketUtils.java:153)
[2026-04-02T11:11:58.437+0000] {spark_submit.py:491} INFO - at io.netty.resolver.DefaultNameResolver.doResolve(DefaultNameResolver.java:41)
[2026-04-02T11:11:58.437+0000] {spark_submit.py:491} INFO - at io.netty.resolver.SimpleNameResolver.resolve(SimpleNameResolver.java:61)
[2026-04-02T11:11:58.437+0000] {spark_submit.py:491} INFO - at io.netty.resolver.SimpleNameResolver.resolve(SimpleNameResolver.java:53)
[2026-04-02T11:11:58.437+0000] {spark_submit.py:491} INFO - at io.netty.resolver.InetSocketAddressResolver.doResolve(InetSocketAddressResolver.java:55)
[2026-04-02T11:11:58.437+0000] {spark_submit.py:491} INFO - at io.netty.resolver.InetSocketAddressResolver.doResolve(InetSocketAddressResolver.java:31)
[2026-04-02T11:11:58.437+0000] {spark_submit.py:491} INFO - at io.netty.resolver.AbstractAddressResolver.resolve(AbstractAddressResolver.java:106)
[2026-04-02T11:11:58.437+0000] {spark_submit.py:491} INFO - at io.netty.bootstrap.Bootstrap.doResolveAndConnect0(Bootstrap.java:206)
[2026-04-02T11:11:58.437+0000] {spark_submit.py:491} INFO - at io.netty.bootstrap.Bootstrap.access$000(Bootstrap.java:46)
[2026-04-02T11:11:58.437+0000] {spark_submit.py:491} INFO - at io.netty.bootstrap.Bootstrap$1.operationComplete(Bootstrap.java:180)
[2026-04-02T11:11:58.437+0000] {spark_submit.py:491} INFO - at io.netty.bootstrap.Bootstrap$1.operationComplete(Bootstrap.java:166)
[2026-04-02T11:11:58.437+0000] {spark_submit.py:491} INFO - at io.netty.util.concurrent.DefaultPromise.notifyListener0(DefaultPromise.java:578)
[2026-04-02T11:11:58.437+0000] {spark_submit.py:491} INFO - at io.netty.util.concurrent.DefaultPromise.notifyListenersNow(DefaultPromise.java:552)
[2026-04-02T11:11:58.437+0000] {spark_submit.py:491} INFO - at io.netty.util.concurrent.DefaultPromise.notifyListeners(DefaultPromise.java:491)
[2026-04-02T11:11:58.437+0000] {spark_submit.py:491} INFO - at io.netty.util.concurrent.DefaultPromise.setValue0(DefaultPromise.java:616)
[2026-04-02T11:11:58.438+0000] {spark_submit.py:491} INFO - at io.netty.util.concurrent.DefaultPromise.setSuccess0(DefaultPromise.java:605)
[2026-04-02T11:11:58.438+0000] {spark_submit.py:491} INFO - at io.netty.util.concurrent.DefaultPromise.trySuccess(DefaultPromise.java:104)
[2026-04-02T11:11:58.438+0000] {spark_submit.py:491} INFO - at io.netty.channel.DefaultChannelPromise.trySuccess(DefaultChannelPromise.java:84)
[2026-04-02T11:11:58.438+0000] {spark_submit.py:491} INFO - at io.netty.channel.AbstractChannel$AbstractUnsafe.safeSetSuccess(AbstractChannel.java:990)
[2026-04-02T11:11:58.438+0000] {spark_submit.py:491} INFO - at io.netty.channel.AbstractChannel$AbstractUnsafe.register0(AbstractChannel.java:516)
[2026-04-02T11:11:58.438+0000] {spark_submit.py:491} INFO - at io.netty.channel.AbstractChannel$AbstractUnsafe.access$200(AbstractChannel.java:429)
[2026-04-02T11:11:58.438+0000] {spark_submit.py:491} INFO - at io.netty.channel.AbstractChannel$AbstractUnsafe$1.run(AbstractChannel.java:486)
[2026-04-02T11:11:58.438+0000] {spark_submit.py:491} INFO - at io.netty.util.concurrent.AbstractEventExecutor.safeExecute(AbstractEventExecutor.java:164)
[2026-04-02T11:11:58.438+0000] {spark_submit.py:491} INFO - at io.netty.util.concurrent.SingleThreadEventExecutor.runAllTasks(SingleThreadEventExecutor.java:469)
[2026-04-02T11:11:58.438+0000] {spark_submit.py:491} INFO - at io.netty.channel.nio.NioEventLoop.run(NioEventLoop.java:503)
[2026-04-02T11:11:58.438+0000] {spark_submit.py:491} INFO - at io.netty.util.concurrent.SingleThreadEventExecutor$4.run(SingleThreadEventExecutor.java:986)
[2026-04-02T11:11:58.438+0000] {spark_submit.py:491} INFO - at io.netty.util.internal.ThreadExecutorMap$2.run(ThreadExecutorMap.java:74)
[2026-04-02T11:11:58.438+0000] {spark_submit.py:491} INFO - at io.netty.util.concurrent.FastThreadLocalRunnable.run(FastThreadLocalRunnable.java:30)
[2026-04-02T11:11:58.438+0000] {spark_submit.py:491} INFO - ... 1 more
[2026-04-02T11:12:18.428+0000] {spark_submit.py:491} INFO - 26/04/02 11:12:18 INFO StandaloneAppClient$ClientEndpoint: Connecting to master spark://spark-master:7077...
[2026-04-02T11:12:18.434+0000] {spark_submit.py:491} INFO - 26/04/02 11:12:18 WARN StandaloneAppClient$ClientEndpoint: Failed to connect to master spark-master:7077
[2026-04-02T11:12:18.435+0000] {spark_submit.py:491} INFO - org.apache.spark.SparkException: Exception thrown in awaitResult:
[2026-04-02T11:12:18.435+0000] {spark_submit.py:491} INFO - at org.apache.spark.util.ThreadUtils$.awaitResult(ThreadUtils.scala:301)
[2026-04-02T11:12:18.435+0000] {spark_submit.py:491} INFO - at org.apache.spark.rpc.RpcTimeout.awaitResult(RpcTimeout.scala:75)
[2026-04-02T11:12:18.435+0000] {spark_submit.py:491} INFO - at org.apache.spark.rpc.RpcEnv.setupEndpointRefByURI(RpcEnv.scala:102)
[2026-04-02T11:12:18.435+0000] {spark_submit.py:491} INFO - at org.apache.spark.rpc.RpcEnv.setupEndpointRef(RpcEnv.scala:110)
[2026-04-02T11:12:18.435+0000] {spark_submit.py:491} INFO - at org.apache.spark.deploy.client.StandaloneAppClient$ClientEndpoint$$anon$1.run(StandaloneAppClient.scala:107)
[2026-04-02T11:12:18.435+0000] {spark_submit.py:491} INFO - at java.base/java.util.concurrent.Executors$RunnableAdapter.call(Executors.java:515)
[2026-04-02T11:12:18.435+0000] {spark_submit.py:491} INFO - at java.base/java.util.concurrent.FutureTask.run(FutureTask.java:264)
[2026-04-02T11:12:18.435+0000] {spark_submit.py:491} INFO - at java.base/java.util.concurrent.ThreadPoolExecutor.runWorker(ThreadPoolExecutor.java:1128)
[2026-04-02T11:12:18.435+0000] {spark_submit.py:491} INFO - at java.base/java.util.concurrent.ThreadPoolExecutor$Worker.run(ThreadPoolExecutor.java:628)
[2026-04-02T11:12:18.435+0000] {spark_submit.py:491} INFO - at java.base/java.lang.Thread.run(Thread.java:829)
[2026-04-02T11:12:18.435+0000] {spark_submit.py:491} INFO - Caused by: java.io.IOException: Failed to connect to spark-master:7077
[2026-04-02T11:12:18.435+0000] {spark_submit.py:491} INFO - at org.apache.spark.network.client.TransportClientFactory.createClient(TransportClientFactory.java:288)
[2026-04-02T11:12:18.436+0000] {spark_submit.py:491} INFO - at org.apache.spark.network.client.TransportClientFactory.createClient(TransportClientFactory.java:218)
[2026-04-02T11:12:18.436+0000] {spark_submit.py:491} INFO - at org.apache.spark.network.client.TransportClientFactory.createClient(TransportClientFactory.java:230)
[2026-04-02T11:12:18.436+0000] {spark_submit.py:491} INFO - at org.apache.spark.rpc.netty.NettyRpcEnv.createClient(NettyRpcEnv.scala:204)
[2026-04-02T11:12:18.436+0000] {spark_submit.py:491} INFO - at org.apache.spark.rpc.netty.Outbox$$anon$1.call(Outbox.scala:202)
[2026-04-02T11:12:18.436+0000] {spark_submit.py:491} INFO - at org.apache.spark.rpc.netty.Outbox$$anon$1.call(Outbox.scala:198)
[2026-04-02T11:12:18.436+0000] {spark_submit.py:491} INFO - ... 4 more
[2026-04-02T11:12:18.436+0000] {spark_submit.py:491} INFO - Caused by: java.net.UnknownHostException: spark-master
[2026-04-02T11:12:18.436+0000] {spark_submit.py:491} INFO - at java.base/java.net.InetAddress$CachedAddresses.get(InetAddress.java:797)
[2026-04-02T11:12:18.436+0000] {spark_submit.py:491} INFO - at java.base/java.net.InetAddress.getAllByName0(InetAddress.java:1533)
[2026-04-02T11:12:18.436+0000] {spark_submit.py:491} INFO - at java.base/java.net.InetAddress.getAllByName(InetAddress.java:1386)
[2026-04-02T11:12:18.436+0000] {spark_submit.py:491} INFO - at java.base/java.net.InetAddress.getAllByName(InetAddress.java:1307)
[2026-04-02T11:12:18.436+0000] {spark_submit.py:491} INFO - at java.base/java.net.InetAddress.getByName(InetAddress.java:1257)
[2026-04-02T11:12:18.436+0000] {spark_submit.py:491} INFO - at io.netty.util.internal.SocketUtils$8.run(SocketUtils.java:156)
[2026-04-02T11:12:18.436+0000] {spark_submit.py:491} INFO - at io.netty.util.internal.SocketUtils$8.run(SocketUtils.java:153)
[2026-04-02T11:12:18.436+0000] {spark_submit.py:491} INFO - at java.base/java.security.AccessController.doPrivileged(Native Method)
[2026-04-02T11:12:18.436+0000] {spark_submit.py:491} INFO - at io.netty.util.internal.SocketUtils.addressByName(SocketUtils.java:153)
[2026-04-02T11:12:18.437+0000] {spark_submit.py:491} INFO - at io.netty.resolver.DefaultNameResolver.doResolve(DefaultNameResolver.java:41)
[2026-04-02T11:12:18.437+0000] {spark_submit.py:491} INFO - at io.netty.resolver.SimpleNameResolver.resolve(SimpleNameResolver.java:61)
[2026-04-02T11:12:18.437+0000] {spark_submit.py:491} INFO - at io.netty.resolver.SimpleNameResolver.resolve(SimpleNameResolver.java:53)
[2026-04-02T11:12:18.437+0000] {spark_submit.py:491} INFO - at io.netty.resolver.InetSocketAddressResolver.doResolve(InetSocketAddressResolver.java:55)
[2026-04-02T11:12:18.437+0000] {spark_submit.py:491} INFO - at io.netty.resolver.InetSocketAddressResolver.doResolve(InetSocketAddressResolver.java:31)
[2026-04-02T11:12:18.437+0000] {spark_submit.py:491} INFO - at io.netty.resolver.AbstractAddressResolver.resolve(AbstractAddressResolver.java:106)
[2026-04-02T11:12:18.437+0000] {spark_submit.py:491} INFO - at io.netty.bootstrap.Bootstrap.doResolveAndConnect0(Bootstrap.java:206)
[2026-04-02T11:12:18.437+0000] {spark_submit.py:491} INFO - at io.netty.bootstrap.Bootstrap.access$000(Bootstrap.java:46)
[2026-04-02T11:12:18.437+0000] {spark_submit.py:491} INFO - at io.netty.bootstrap.Bootstrap$1.operationComplete(Bootstrap.java:180)
[2026-04-02T11:12:18.437+0000] {spark_submit.py:491} INFO - at io.netty.bootstrap.Bootstrap$1.operationComplete(Bootstrap.java:166)
[2026-04-02T11:12:18.437+0000] {spark_submit.py:491} INFO - at io.netty.util.concurrent.DefaultPromise.notifyListener0(DefaultPromise.java:578)
[2026-04-02T11:12:18.437+0000] {spark_submit.py:491} INFO - at io.netty.util.concurrent.DefaultPromise.notifyListenersNow(DefaultPromise.java:552)
[2026-04-02T11:12:18.437+0000] {spark_submit.py:491} INFO - at io.netty.util.concurrent.DefaultPromise.notifyListeners(DefaultPromise.java:491)
[2026-04-02T11:12:18.437+0000] {spark_submit.py:491} INFO - at io.netty.util.concurrent.DefaultPromise.setValue0(DefaultPromise.java:616)
[2026-04-02T11:12:18.437+0000] {spark_submit.py:491} INFO - at io.netty.util.concurrent.DefaultPromise.setSuccess0(DefaultPromise.java:605)
[2026-04-02T11:12:18.437+0000] {spark_submit.py:491} INFO - at io.netty.util.concurrent.DefaultPromise.trySuccess(DefaultPromise.java:104)
[2026-04-02T11:12:18.438+0000] {spark_submit.py:491} INFO - at io.netty.channel.DefaultChannelPromise.trySuccess(DefaultChannelPromise.java:84)
[2026-04-02T11:12:18.438+0000] {spark_submit.py:491} INFO - at io.netty.channel.AbstractChannel$AbstractUnsafe.safeSetSuccess(AbstractChannel.java:990)
[2026-04-02T11:12:18.438+0000] {spark_submit.py:491} INFO - at io.netty.channel.AbstractChannel$AbstractUnsafe.register0(AbstractChannel.java:516)
[2026-04-02T11:12:18.438+0000] {spark_submit.py:491} INFO - at io.netty.channel.AbstractChannel$AbstractUnsafe.access$200(AbstractChannel.java:429)
[2026-04-02T11:12:18.438+0000] {spark_submit.py:491} INFO - at io.netty.channel.AbstractChannel$AbstractUnsafe$1.run(AbstractChannel.java:486)
[2026-04-02T11:12:18.438+0000] {spark_submit.py:491} INFO - at io.netty.util.concurrent.AbstractEventExecutor.safeExecute(AbstractEventExecutor.java:164)
[2026-04-02T11:12:18.438+0000] {spark_submit.py:491} INFO - at io.netty.util.concurrent.SingleThreadEventExecutor.runAllTasks(SingleThreadEventExecutor.java:469)
[2026-04-02T11:12:18.438+0000] {spark_submit.py:491} INFO - at io.netty.channel.nio.NioEventLoop.run(NioEventLoop.java:503)
[2026-04-02T11:12:18.438+0000] {spark_submit.py:491} INFO - at io.netty.util.concurrent.SingleThreadEventExecutor$4.run(SingleThreadEventExecutor.java:986)
[2026-04-02T11:12:18.438+0000] {spark_submit.py:491} INFO - at io.netty.util.internal.ThreadExecutorMap$2.run(ThreadExecutorMap.java:74)
[2026-04-02T11:12:18.438+0000] {spark_submit.py:491} INFO - at io.netty.util.concurrent.FastThreadLocalRunnable.run(FastThreadLocalRunnable.java:30)
[2026-04-02T11:12:18.438+0000] {spark_submit.py:491} INFO - ... 1 more
[2026-04-02T11:12:38.473+0000] {spark_submit.py:491} INFO - 26/04/02 11:12:38 WARN StandaloneSchedulerBackend: Application ID is not initialized yet.
[2026-04-02T11:12:38.540+0000] {spark_submit.py:491} INFO - 26/04/02 11:12:38 ERROR StandaloneSchedulerBackend: Application has been killed. Reason: All masters are unresponsive! Giving up.
[2026-04-02T11:12:38.540+0000] {spark_submit.py:491} INFO - 26/04/02 11:12:38 INFO Utils: Successfully started service 'org.apache.spark.network.netty.NettyBlockTransferService' on port 43427.
[2026-04-02T11:12:38.540+0000] {spark_submit.py:491} INFO - 26/04/02 11:12:38 INFO NettyBlockTransferService: Server created on 5926004790ec:43427
[2026-04-02T11:12:38.541+0000] {spark_submit.py:491} INFO - 26/04/02 11:12:38 INFO BlockManager: Using org.apache.spark.storage.RandomBlockReplicationPolicy for block replication policy
[2026-04-02T11:12:38.598+0000] {spark_submit.py:491} INFO - 26/04/02 11:12:38 INFO BlockManagerMaster: Registering BlockManager BlockManagerId(driver, 5926004790ec, 43427, None)
[2026-04-02T11:12:38.635+0000] {spark_submit.py:491} INFO - 26/04/02 11:12:38 INFO SparkUI: Stopped Spark web UI at http://5926004790ec:4040
[2026-04-02T11:12:38.641+0000] {spark_submit.py:491} INFO - 26/04/02 11:12:38 INFO BlockManagerMasterEndpoint: Registering block manager 5926004790ec:43427 with 434.4 MiB RAM, BlockManagerId(driver, 5926004790ec, 43427, None)
[2026-04-02T11:12:38.653+0000] {spark_submit.py:491} INFO - 26/04/02 11:12:38 INFO BlockManagerMaster: Registered BlockManager BlockManagerId(driver, 5926004790ec, 43427, None)
[2026-04-02T11:12:38.664+0000] {spark_submit.py:491} INFO - 26/04/02 11:12:38 INFO BlockManager: Initialized BlockManager: BlockManagerId(driver, 5926004790ec, 43427, None)
[2026-04-02T11:12:38.674+0000] {spark_submit.py:491} INFO - 26/04/02 11:12:38 INFO StandaloneSchedulerBackend: Shutting down all executors
[2026-04-02T11:12:38.712+0000] {spark_submit.py:491} INFO - 26/04/02 11:12:38 INFO CoarseGrainedSchedulerBackend$DriverEndpoint: Asking each executor to shut down
[2026-04-02T11:12:38.762+0000] {spark_submit.py:491} INFO - 26/04/02 11:12:38 WARN StandaloneAppClient$ClientEndpoint: Drop UnregisterApplication(null) because has not yet connected to master
[2026-04-02T11:12:38.861+0000] {spark_submit.py:491} INFO - 26/04/02 11:12:38 INFO MapOutputTrackerMasterEndpoint: MapOutputTrackerMasterEndpoint stopped!
[2026-04-02T11:12:39.271+0000] {spark_submit.py:491} INFO - 26/04/02 11:12:39 INFO MemoryStore: MemoryStore cleared
[2026-04-02T11:12:39.302+0000] {spark_submit.py:491} INFO - 26/04/02 11:12:39 INFO BlockManager: BlockManager stopped
[2026-04-02T11:12:39.458+0000] {spark_submit.py:491} INFO - 26/04/02 11:12:39 INFO BlockManagerMaster: BlockManagerMaster stopped
[2026-04-02T11:12:39.512+0000] {spark_submit.py:491} INFO - 26/04/02 11:12:39 INFO OutputCommitCoordinator$OutputCommitCoordinatorEndpoint: OutputCommitCoordinator stopped!
[2026-04-02T11:12:39.689+0000] {spark_submit.py:491} INFO - 26/04/02 11:12:39 INFO SparkContext: Successfully stopped SparkContext
[2026-04-02T11:12:40.942+0000] {spark_submit.py:491} INFO - 26/04/02 11:12:40 ERROR AsyncEventQueue: Listener AppStatusListener threw an exception
[2026-04-02T11:12:40.942+0000] {spark_submit.py:491} INFO - java.lang.NullPointerException
[2026-04-02T11:12:40.942+0000] {spark_submit.py:491} INFO - at org.apache.spark.status.AppStatusListener.onApplicationEnd(AppStatusListener.scala:192)
[2026-04-02T11:12:40.942+0000] {spark_submit.py:491} INFO - at org.apache.spark.scheduler.SparkListenerBus.doPostEvent(SparkListenerBus.scala:57)
[2026-04-02T11:12:40.942+0000] {spark_submit.py:491} INFO - at org.apache.spark.scheduler.SparkListenerBus.doPostEvent$(SparkListenerBus.scala:28)
[2026-04-02T11:12:40.942+0000] {spark_submit.py:491} INFO - at org.apache.spark.scheduler.AsyncEventQueue.doPostEvent(AsyncEventQueue.scala:37)
[2026-04-02T11:12:40.942+0000] {spark_submit.py:491} INFO - at org.apache.spark.scheduler.AsyncEventQueue.doPostEvent(AsyncEventQueue.scala:37)
[2026-04-02T11:12:40.942+0000] {spark_submit.py:491} INFO - at org.apache.spark.util.ListenerBus.postToAll(ListenerBus.scala:117)
[2026-04-02T11:12:40.943+0000] {spark_submit.py:491} INFO - at org.apache.spark.util.ListenerBus.postToAll$(ListenerBus.scala:101)
[2026-04-02T11:12:40.943+0000] {spark_submit.py:491} INFO - at org.apache.spark.scheduler.AsyncEventQueue.super$postToAll(AsyncEventQueue.scala:105)
[2026-04-02T11:12:40.943+0000] {spark_submit.py:491} INFO - at org.apache.spark.scheduler.AsyncEventQueue.$anonfun$dispatch$1(AsyncEventQueue.scala:105)
[2026-04-02T11:12:40.946+0000] {spark_submit.py:491} INFO - at scala.runtime.java8.JFunction0$mcJ$sp.apply(JFunction0$mcJ$sp.java:23)
[2026-04-02T11:12:40.947+0000] {spark_submit.py:491} INFO - at scala.util.DynamicVariable.withValue(DynamicVariable.scala:62)
[2026-04-02T11:12:40.947+0000] {spark_submit.py:491} INFO - at org.apache.spark.scheduler.AsyncEventQueue.org$apache$spark$scheduler$AsyncEventQueue$$dispatch(AsyncEventQueue.scala:100)
[2026-04-02T11:12:40.947+0000] {spark_submit.py:491} INFO - at org.apache.spark.scheduler.AsyncEventQueue$$anon$2.$anonfun$run$1(AsyncEventQueue.scala:96)
[2026-04-02T11:12:40.947+0000] {spark_submit.py:491} INFO - at org.apache.spark.util.Utils$.tryOrStopSparkContext(Utils.scala:1446)
[2026-04-02T11:12:40.947+0000] {spark_submit.py:491} INFO - at org.apache.spark.scheduler.AsyncEventQueue$$anon$2.run(AsyncEventQueue.scala:96)
[2026-04-02T11:12:41.206+0000] {spark_submit.py:491} INFO - 26/04/02 11:12:41 ERROR SparkContext: Error initializing SparkContext.
[2026-04-02T11:12:41.206+0000] {spark_submit.py:491} INFO - java.lang.IllegalArgumentException: requirement failed: Can only call getServletHandlers on a running MetricsSystem
[2026-04-02T11:12:41.206+0000] {spark_submit.py:491} INFO - at scala.Predef$.require(Predef.scala:281)
[2026-04-02T11:12:41.210+0000] {spark_submit.py:491} INFO - at org.apache.spark.metrics.MetricsSystem.getServletHandlers(MetricsSystem.scala:89)
[2026-04-02T11:12:41.210+0000] {spark_submit.py:491} INFO - at org.apache.spark.SparkContext.<init>(SparkContext.scala:660)
[2026-04-02T11:12:41.210+0000] {spark_submit.py:491} INFO - at org.apache.spark.api.java.JavaSparkContext.<init>(JavaSparkContext.scala:58)
[2026-04-02T11:12:41.210+0000] {spark_submit.py:491} INFO - at java.base/jdk.internal.reflect.NativeConstructorAccessorImpl.newInstance0(Native Method)
[2026-04-02T11:12:41.210+0000] {spark_submit.py:491} INFO - at java.base/jdk.internal.reflect.NativeConstructorAccessorImpl.newInstance(NativeConstructorAccessorImpl.java:62)
[2026-04-02T11:12:41.214+0000] {spark_submit.py:491} INFO - at java.base/jdk.internal.reflect.DelegatingConstructorAccessorImpl.newInstance(DelegatingConstructorAccessorImpl.java:45)
[2026-04-02T11:12:41.220+0000] {spark_submit.py:491} INFO - at java.base/java.lang.reflect.Constructor.newInstance(Constructor.java:490)
[2026-04-02T11:12:41.220+0000] {spark_submit.py:491} INFO - at py4j.reflection.MethodInvoker.invoke(MethodInvoker.java:247)
[2026-04-02T11:12:41.225+0000] {spark_submit.py:491} INFO - at py4j.reflection.ReflectionEngine.invoke(ReflectionEngine.java:357)
[2026-04-02T11:12:41.225+0000] {spark_submit.py:491} INFO - at py4j.Gateway.invoke(Gateway.java:238)
[2026-04-02T11:12:41.225+0000] {spark_submit.py:491} INFO - at py4j.commands.ConstructorCommand.invokeConstructor(ConstructorCommand.java:80)
[2026-04-02T11:12:41.225+0000] {spark_submit.py:491} INFO - at py4j.commands.ConstructorCommand.execute(ConstructorCommand.java:69)
[2026-04-02T11:12:41.225+0000] {spark_submit.py:491} INFO - at py4j.ClientServerConnection.waitForCommands(ClientServerConnection.java:182)
[2026-04-02T11:12:41.225+0000] {spark_submit.py:491} INFO - at py4j.ClientServerConnection.run(ClientServerConnection.java:106)
[2026-04-02T11:12:41.225+0000] {spark_submit.py:491} INFO - at java.base/java.lang.Thread.run(Thread.java:829)
[2026-04-02T11:12:41.245+0000] {spark_submit.py:491} INFO - 26/04/02 11:12:41 INFO SparkContext: SparkContext already stopped.
[2026-04-02T11:12:41.271+0000] {spark_submit.py:491} INFO - Traceback (most recent call last):
[2026-04-02T11:12:41.271+0000] {spark_submit.py:491} INFO - File "/opt/airflow/etl/silver/main_silver.py", line 43, in <module>
[2026-04-02T11:12:41.271+0000] {spark_submit.py:491} INFO - spark = build_spark_session(SparkSession)
[2026-04-02T11:12:41.271+0000] {spark_submit.py:491} INFO - File "/opt/airflow/etl/silver/main_silver.py", line 16, in build_spark_session
[2026-04-02T11:12:41.271+0000] {spark_submit.py:491} INFO - .getOrCreate())
[2026-04-02T11:12:41.271+0000] {spark_submit.py:491} INFO - File "/home/airflow/.local/lib/python3.10/site-packages/pyspark/python/lib/pyspark.zip/pyspark/sql/session.py", line 269, in getOrCreate
[2026-04-02T11:12:41.273+0000] {spark_submit.py:491} INFO - File "/home/airflow/.local/lib/python3.10/site-packages/pyspark/python/lib/pyspark.zip/pyspark/context.py", line 483, in getOrCreate
[2026-04-02T11:12:41.273+0000] {spark_submit.py:491} INFO - File "/home/airflow/.local/lib/python3.10/site-packages/pyspark/python/lib/pyspark.zip/pyspark/context.py", line 197, in __init__
[2026-04-02T11:12:41.274+0000] {spark_submit.py:491} INFO - File "/home/airflow/.local/lib/python3.10/site-packages/pyspark/python/lib/pyspark.zip/pyspark/context.py", line 282, in _do_init
[2026-04-02T11:12:41.274+0000] {spark_submit.py:491} INFO - File "/home/airflow/.local/lib/python3.10/site-packages/pyspark/python/lib/pyspark.zip/pyspark/context.py", line 402, in _initialize_context
[2026-04-02T11:12:41.274+0000] {spark_submit.py:491} INFO - File "/home/airflow/.local/lib/python3.10/site-packages/pyspark/python/lib/py4j-0.10.9.5-src.zip/py4j/java_gateway.py", line 1585, in __call__
[2026-04-02T11:12:41.274+0000] {spark_submit.py:491} INFO - File "/home/airflow/.local/lib/python3.10/site-packages/pyspark/python/lib/py4j-0.10.9.5-src.zip/py4j/protocol.py", line 326, in get_return_value
[2026-04-02T11:12:41.280+0000] {spark_submit.py:491} INFO - py4j.protocol.Py4JJavaError: An error occurred while calling None.org.apache.spark.api.java.JavaSparkContext.
[2026-04-02T11:12:41.280+0000] {spark_submit.py:491} INFO - : java.lang.IllegalArgumentException: requirement failed: Can only call getServletHandlers on a running MetricsSystem
[2026-04-02T11:12:41.281+0000] {spark_submit.py:491} INFO - at scala.Predef$.require(Predef.scala:281)
[2026-04-02T11:12:41.281+0000] {spark_submit.py:491} INFO - at org.apache.spark.metrics.MetricsSystem.getServletHandlers(MetricsSystem.scala:89)
[2026-04-02T11:12:41.281+0000] {spark_submit.py:491} INFO - at org.apache.spark.SparkContext.<init>(SparkContext.scala:660)
[2026-04-02T11:12:41.281+0000] {spark_submit.py:491} INFO - at org.apache.spark.api.java.JavaSparkContext.<init>(JavaSparkContext.scala:58)
[2026-04-02T11:12:41.281+0000] {spark_submit.py:491} INFO - at java.base/jdk.internal.reflect.NativeConstructorAccessorImpl.newInstance0(Native Method)
[2026-04-02T11:12:41.281+0000] {spark_submit.py:491} INFO - at java.base/jdk.internal.reflect.NativeConstructorAccessorImpl.newInstance(NativeConstructorAccessorImpl.java:62)
[2026-04-02T11:12:41.289+0000] {spark_submit.py:491} INFO - at java.base/jdk.internal.reflect.DelegatingConstructorAccessorImpl.newInstance(DelegatingConstructorAccessorImpl.java:45)
[2026-04-02T11:12:41.289+0000] {spark_submit.py:491} INFO - at java.base/java.lang.reflect.Constructor.newInstance(Constructor.java:490)
[2026-04-02T11:12:41.289+0000] {spark_submit.py:491} INFO - at py4j.reflection.MethodInvoker.invoke(MethodInvoker.java:247)
[2026-04-02T11:12:41.289+0000] {spark_submit.py:491} INFO - at py4j.reflection.ReflectionEngine.invoke(ReflectionEngine.java:357)
[2026-04-02T11:12:41.290+0000] {spark_submit.py:491} INFO - at py4j.Gateway.invoke(Gateway.java:238)
[2026-04-02T11:12:41.290+0000] {spark_submit.py:491} INFO - at py4j.commands.ConstructorCommand.invokeConstructor(ConstructorCommand.java:80)
[2026-04-02T11:12:41.290+0000] {spark_submit.py:491} INFO - at py4j.commands.ConstructorCommand.execute(ConstructorCommand.java:69)
[2026-04-02T11:12:41.290+0000] {spark_submit.py:491} INFO - at py4j.ClientServerConnection.waitForCommands(ClientServerConnection.java:182)
[2026-04-02T11:12:41.290+0000] {spark_submit.py:491} INFO - at py4j.ClientServerConnection.run(ClientServerConnection.java:106)
[2026-04-02T11:12:41.290+0000] {spark_submit.py:491} INFO - at java.base/java.lang.Thread.run(Thread.java:829)
[2026-04-02T11:12:41.290+0000] {spark_submit.py:491} INFO - 
[2026-04-02T11:12:41.290+0000] {spark_submit.py:491} INFO - INFO:py4j.clientserver:Closing down clientserver connection
[2026-04-02T11:12:41.729+0000] {spark_submit.py:491} INFO - 26/04/02 11:12:41 INFO ShutdownHookManager: Shutdown hook called
[2026-04-02T11:12:41.766+0000] {spark_submit.py:491} INFO - 26/04/02 11:12:41 INFO ShutdownHookManager: Deleting directory /tmp/spark-6ddf16a0-4144-4cab-8c81-07dda464669a
[2026-04-02T11:12:41.820+0000] {spark_submit.py:491} INFO - 26/04/02 11:12:41 INFO ShutdownHookManager: Deleting directory /tmp/spark-3fa7df4c-2760-4fb1-a7ef-e5bd64741aec
[2026-04-02T11:12:42.212+0000] {taskinstance.py:1937} ERROR - Task failed with exception
Traceback (most recent call last):
  File "/home/airflow/.local/lib/python3.10/site-packages/airflow/providers/apache/spark/operators/spark_submit.py", line 156, in execute
    self._hook.submit(self._application)
  File "/home/airflow/.local/lib/python3.10/site-packages/airflow/providers/apache/spark/hooks/spark_submit.py", line 422, in submit
    raise AirflowException(
airflow.exceptions.AirflowException: Cannot execute: spark-submit --master spark://spark-master:7077 --executor-cores 1 --executor-memory 1g --driver-memory 1g --name airflow_silver_sellers /opt/airflow/etl/silver/main_silver.py --table_name sellers --merge_key seller_id --is_cdc false --json_schema . Error code is: 1.
[2026-04-02T11:12:42.369+0000] {taskinstance.py:1400} INFO - Marking task as FAILED. dag_id=silver_spark_processor, task_id=process_silver_sellers, execution_date=20260402T105544, start_date=20260402T111118, end_date=20260402T111242
[2026-04-02T11:12:42.513+0000] {standard_task_runner.py:104} ERROR - Failed to execute job 281 for task process_silver_sellers (Cannot execute: spark-submit --master spark://spark-master:7077 --executor-cores 1 --executor-memory 1g --driver-memory 1g --name airflow_silver_sellers /opt/airflow/etl/silver/main_silver.py --table_name sellers --merge_key seller_id --is_cdc false --json_schema . Error code is: 1.; 202)
[2026-04-02T11:12:42.675+0000] {local_task_job_runner.py:228} INFO - Task exited with return code 1
[2026-04-02T11:12:44.038+0000] {taskinstance.py:2778} INFO - 0 downstream tasks scheduled from follow-on schedule check
