[2026-04-03T14:45:28.780+0000] {taskinstance.py:1159} INFO - Dependencies all met for dep_context=non-requeueable deps ti=<TaskInstance: silver_spark_processor.process_silver_order_payments scheduled__2026-04-01T00:00:00+00:00 [queued]>
[2026-04-03T14:45:28.791+0000] {taskinstance.py:1159} INFO - Dependencies all met for dep_context=requeueable deps ti=<TaskInstance: silver_spark_processor.process_silver_order_payments scheduled__2026-04-01T00:00:00+00:00 [queued]>
[2026-04-03T14:45:28.792+0000] {taskinstance.py:1361} INFO - Starting attempt 8 of 8
[2026-04-03T14:45:28.808+0000] {taskinstance.py:1382} INFO - Executing <Task(SparkSubmitOperator): process_silver_order_payments> on 2026-04-01 00:00:00+00:00
[2026-04-03T14:45:28.817+0000] {standard_task_runner.py:57} INFO - Started process 1672 to run task
[2026-04-03T14:45:28.822+0000] {standard_task_runner.py:84} INFO - Running: ['airflow', 'tasks', 'run', 'silver_spark_processor', 'process_silver_order_payments', 'scheduled__2026-04-01T00:00:00+00:00', '--job-id', '609', '--raw', '--subdir', 'DAGS_FOLDER/silver_processor_dag.py', '--cfg-path', '/tmp/tmpmgg273dx']
[2026-04-03T14:45:28.825+0000] {standard_task_runner.py:85} INFO - Job 609: Subtask process_silver_order_payments
[2026-04-03T14:45:28.917+0000] {task_command.py:416} INFO - Running <TaskInstance: silver_spark_processor.process_silver_order_payments scheduled__2026-04-01T00:00:00+00:00 [running]> on host ff668b8b098e
[2026-04-03T14:45:29.055+0000] {taskinstance.py:1662} INFO - Exporting env vars: AIRFLOW_CTX_DAG_OWNER='data-team' AIRFLOW_CTX_DAG_ID='silver_spark_processor' AIRFLOW_CTX_TASK_ID='process_silver_order_payments' AIRFLOW_CTX_EXECUTION_DATE='2026-04-01T00:00:00+00:00' AIRFLOW_CTX_TRY_NUMBER='8' AIRFLOW_CTX_DAG_RUN_ID='scheduled__2026-04-01T00:00:00+00:00'
[2026-04-03T14:45:29.075+0000] {base.py:73} INFO - Using connection ID 'spark_default' for task execution.
[2026-04-03T14:45:29.077+0000] {spark_submit.py:340} INFO - Spark-Submit cmd: spark-submit --master spark://spark-master:7077 --conf spark.sql.extensions=io.delta.sql.DeltaSparkSessionExtension --conf spark.sql.catalog.spark_catalog=org.apache.spark.sql.delta.catalog.DeltaCatalog --conf spark.databricks.delta.schema.autoMerge.enabled=true --jars /opt/airflow/etl/jars/hadoop-aws-3.3.2.jar,/opt/airflow/etl/jars/aws-java-sdk-bundle-1.11.1026.jar,/opt/airflow/etl/jars/delta-core_2.12-2.3.0.jar,/opt/airflow/etl/jars/delta-storage-2.3.0.jar --executor-cores 1 --executor-memory 1g --driver-memory 1g --name airflow_silver_order_payments /opt/airflow/etl/silver/main_silver.py --table_name order_payments --merge_key id --is_cdc false --json_schema 
[2026-04-03T14:45:29.305+0000] {spark_submit.py:491} INFO - /home/airflow/.local/lib/python3.10/site-packages/pyspark/bin/load-spark-env.sh: line 68: ps: command not found
[2026-04-03T14:45:32.732+0000] {spark_submit.py:491} INFO - 26/04/03 14:45:32 WARN NativeCodeLoader: Unable to load native-hadoop library for your platform... using builtin-java classes where applicable
[2026-04-03T14:45:34.880+0000] {spark_submit.py:491} INFO - INFO:__main__:Khởi tạo Spark Job cho bảng: order_payments
[2026-04-03T14:45:35.070+0000] {spark_submit.py:491} INFO - 26/04/03 14:45:35 INFO SparkContext: Running Spark version 3.3.2
[2026-04-03T14:45:35.130+0000] {spark_submit.py:491} INFO - 26/04/03 14:45:35 INFO ResourceUtils: ==============================================================
[2026-04-03T14:45:35.131+0000] {spark_submit.py:491} INFO - 26/04/03 14:45:35 INFO ResourceUtils: No custom resources configured for spark.driver.
[2026-04-03T14:45:35.132+0000] {spark_submit.py:491} INFO - 26/04/03 14:45:35 INFO ResourceUtils: ==============================================================
[2026-04-03T14:45:35.133+0000] {spark_submit.py:491} INFO - 26/04/03 14:45:35 INFO SparkContext: Submitted application: <class 'pyspark.sql.session.SparkSession'>
[2026-04-03T14:45:35.188+0000] {spark_submit.py:491} INFO - 26/04/03 14:45:35 INFO ResourceProfile: Default ResourceProfile created, executor resources: Map(cores -> name: cores, amount: 1, script: , vendor: , memory -> name: memory, amount: 1024, script: , vendor: , offHeap -> name: offHeap, amount: 0, script: , vendor: ), task resources: Map(cpus -> name: cpus, amount: 1.0)
[2026-04-03T14:45:35.214+0000] {spark_submit.py:491} INFO - 26/04/03 14:45:35 INFO ResourceProfile: Limiting resource is cpus at 1 tasks per executor
[2026-04-03T14:45:35.220+0000] {spark_submit.py:491} INFO - 26/04/03 14:45:35 INFO ResourceProfileManager: Added ResourceProfile id: 0
[2026-04-03T14:45:35.341+0000] {spark_submit.py:491} INFO - 26/04/03 14:45:35 INFO SecurityManager: Changing view acls to: airflow
[2026-04-03T14:45:35.341+0000] {spark_submit.py:491} INFO - 26/04/03 14:45:35 INFO SecurityManager: Changing modify acls to: airflow
[2026-04-03T14:45:35.343+0000] {spark_submit.py:491} INFO - 26/04/03 14:45:35 INFO SecurityManager: Changing view acls groups to:
[2026-04-03T14:45:35.344+0000] {spark_submit.py:491} INFO - 26/04/03 14:45:35 INFO SecurityManager: Changing modify acls groups to:
[2026-04-03T14:45:35.345+0000] {spark_submit.py:491} INFO - 26/04/03 14:45:35 INFO SecurityManager: SecurityManager: authentication disabled; ui acls disabled; users  with view permissions: Set(airflow); groups with view permissions: Set(); users  with modify permissions: Set(airflow); groups with modify permissions: Set()
[2026-04-03T14:45:35.947+0000] {spark_submit.py:491} INFO - 26/04/03 14:45:35 INFO Utils: Successfully started service 'sparkDriver' on port 44757.
[2026-04-03T14:45:36.019+0000] {spark_submit.py:491} INFO - 26/04/03 14:45:36 INFO SparkEnv: Registering MapOutputTracker
[2026-04-03T14:45:36.106+0000] {spark_submit.py:491} INFO - 26/04/03 14:45:36 INFO SparkEnv: Registering BlockManagerMaster
[2026-04-03T14:45:36.145+0000] {spark_submit.py:491} INFO - 26/04/03 14:45:36 INFO BlockManagerMasterEndpoint: Using org.apache.spark.storage.DefaultTopologyMapper for getting topology information
[2026-04-03T14:45:36.146+0000] {spark_submit.py:491} INFO - 26/04/03 14:45:36 INFO BlockManagerMasterEndpoint: BlockManagerMasterEndpoint up
[2026-04-03T14:45:36.158+0000] {spark_submit.py:491} INFO - 26/04/03 14:45:36 INFO SparkEnv: Registering BlockManagerMasterHeartbeat
[2026-04-03T14:45:36.205+0000] {spark_submit.py:491} INFO - 26/04/03 14:45:36 INFO DiskBlockManager: Created local directory at /tmp/blockmgr-fbee78c1-2f89-4a6e-9637-2e4a9f61c497
[2026-04-03T14:45:36.241+0000] {spark_submit.py:491} INFO - 26/04/03 14:45:36 INFO MemoryStore: MemoryStore started with capacity 434.4 MiB
[2026-04-03T14:45:36.289+0000] {spark_submit.py:491} INFO - 26/04/03 14:45:36 INFO SparkEnv: Registering OutputCommitCoordinator
[2026-04-03T14:45:36.701+0000] {spark_submit.py:491} INFO - 26/04/03 14:45:36 WARN Utils: Service 'SparkUI' could not bind on port 4040. Attempting port 4041.
[2026-04-03T14:45:36.702+0000] {spark_submit.py:491} INFO - 26/04/03 14:45:36 WARN Utils: Service 'SparkUI' could not bind on port 4041. Attempting port 4042.
[2026-04-03T14:45:36.703+0000] {spark_submit.py:491} INFO - 26/04/03 14:45:36 WARN Utils: Service 'SparkUI' could not bind on port 4042. Attempting port 4043.
[2026-04-03T14:45:36.704+0000] {spark_submit.py:491} INFO - 26/04/03 14:45:36 WARN Utils: Service 'SparkUI' could not bind on port 4043. Attempting port 4044.
[2026-04-03T14:45:36.719+0000] {spark_submit.py:491} INFO - 26/04/03 14:45:36 INFO Utils: Successfully started service 'SparkUI' on port 4044.
[2026-04-03T14:45:36.778+0000] {spark_submit.py:491} INFO - 26/04/03 14:45:36 INFO SparkContext: Added JAR file:///opt/airflow/etl/jars/hadoop-aws-3.3.2.jar at spark://ff668b8b098e:44757/jars/hadoop-aws-3.3.2.jar with timestamp 1775227535052
[2026-04-03T14:45:36.778+0000] {spark_submit.py:491} INFO - 26/04/03 14:45:36 INFO SparkContext: Added JAR file:///opt/airflow/etl/jars/aws-java-sdk-bundle-1.11.1026.jar at spark://ff668b8b098e:44757/jars/aws-java-sdk-bundle-1.11.1026.jar with timestamp 1775227535052
[2026-04-03T14:45:36.778+0000] {spark_submit.py:491} INFO - 26/04/03 14:45:36 INFO SparkContext: Added JAR file:///opt/airflow/etl/jars/delta-core_2.12-2.3.0.jar at spark://ff668b8b098e:44757/jars/delta-core_2.12-2.3.0.jar with timestamp 1775227535052
[2026-04-03T14:45:36.779+0000] {spark_submit.py:491} INFO - 26/04/03 14:45:36 INFO SparkContext: Added JAR file:///opt/airflow/etl/jars/delta-storage-2.3.0.jar at spark://ff668b8b098e:44757/jars/delta-storage-2.3.0.jar with timestamp 1775227535052
[2026-04-03T14:45:36.939+0000] {spark_submit.py:491} INFO - 26/04/03 14:45:36 INFO StandaloneAppClient$ClientEndpoint: Connecting to master spark://spark-master:7077...
[2026-04-03T14:45:37.039+0000] {spark_submit.py:491} INFO - 26/04/03 14:45:37 INFO TransportClientFactory: Successfully created connection to spark-master/172.18.0.6:7077 after 62 ms (0 ms spent in bootstraps)
[2026-04-03T14:45:37.187+0000] {spark_submit.py:491} INFO - 26/04/03 14:45:37 INFO StandaloneSchedulerBackend: Connected to Spark cluster with app ID app-20260403144537-0038
[2026-04-03T14:45:37.205+0000] {spark_submit.py:491} INFO - 26/04/03 14:45:37 INFO Utils: Successfully started service 'org.apache.spark.network.netty.NettyBlockTransferService' on port 39081.
[2026-04-03T14:45:37.205+0000] {spark_submit.py:491} INFO - 26/04/03 14:45:37 INFO NettyBlockTransferService: Server created on ff668b8b098e:39081
[2026-04-03T14:45:37.208+0000] {spark_submit.py:491} INFO - 26/04/03 14:45:37 INFO BlockManager: Using org.apache.spark.storage.RandomBlockReplicationPolicy for block replication policy
[2026-04-03T14:45:37.226+0000] {spark_submit.py:491} INFO - 26/04/03 14:45:37 INFO BlockManagerMaster: Registering BlockManager BlockManagerId(driver, ff668b8b098e, 39081, None)
[2026-04-03T14:45:37.233+0000] {spark_submit.py:491} INFO - 26/04/03 14:45:37 INFO BlockManagerMasterEndpoint: Registering block manager ff668b8b098e:39081 with 434.4 MiB RAM, BlockManagerId(driver, ff668b8b098e, 39081, None)
[2026-04-03T14:45:37.237+0000] {spark_submit.py:491} INFO - 26/04/03 14:45:37 INFO BlockManagerMaster: Registered BlockManager BlockManagerId(driver, ff668b8b098e, 39081, None)
[2026-04-03T14:45:37.240+0000] {spark_submit.py:491} INFO - 26/04/03 14:45:37 INFO BlockManager: Initialized BlockManager: BlockManagerId(driver, ff668b8b098e, 39081, None)
[2026-04-03T14:45:37.727+0000] {spark_submit.py:491} INFO - 26/04/03 14:45:37 INFO StandaloneSchedulerBackend: SchedulerBackend is ready for scheduling beginning after reached minRegisteredResourcesRatio: 0.0
[2026-04-03T14:45:40.085+0000] {spark_submit.py:491} INFO - INFO:silver_processor: Bắt đầu xử lý lớp Silver cho bảng: order_payments | Chế độ CDC: False
[2026-04-03T14:45:40.130+0000] {spark_submit.py:491} INFO - INFO:silver_processor: Bắt đầu quét Data Nóng từ Bronze...
[2026-04-03T14:45:40.728+0000] {spark_submit.py:491} INFO - 26/04/03 14:45:40 WARN MetricsConfig: Cannot locate configuration: tried hadoop-metrics2-s3a-file-system.properties,hadoop-metrics2.properties
[2026-04-03T14:48:50.674+0000] {local_task_job_runner.py:115} ERROR - Received SIGTERM. Terminating subprocesses
[2026-04-03T14:48:50.775+0000] {process_utils.py:131} INFO - Sending 15 to group 1672. PIDs of all processes in the group: [1676, 1806, 1672]
[2026-04-03T14:48:50.784+0000] {process_utils.py:86} INFO - Sending the signal 15 to group 1672
[2026-04-03T14:48:50.810+0000] {taskinstance.py:1632} ERROR - Received SIGTERM. Terminating subprocesses.
[2026-04-03T14:48:50.861+0000] {spark_submit.py:618} INFO - Sending kill signal to spark-submit
[2026-04-03T14:48:51.127+0000] {process_utils.py:79} INFO - Process psutil.Process(pid=1806, status='terminated', started='14:45:33') (1806) terminated with exit code None
[2026-04-03T14:48:51.220+0000] {taskinstance.py:1937} ERROR - Task failed with exception
Traceback (most recent call last):
  File "/home/airflow/.local/lib/python3.10/site-packages/airflow/providers/apache/spark/operators/spark_submit.py", line 156, in execute
    self._hook.submit(self._application)
  File "/home/airflow/.local/lib/python3.10/site-packages/airflow/providers/apache/spark/hooks/spark_submit.py", line 410, in submit
    self._process_spark_submit_log(iter(self._submit_sp.stdout))  # type: ignore
  File "/home/airflow/.local/lib/python3.10/site-packages/airflow/providers/apache/spark/hooks/spark_submit.py", line 459, in _process_spark_submit_log
    for line in itr:
  File "/home/airflow/.local/lib/python3.10/site-packages/airflow/models/taskinstance.py", line 1634, in signal_handler
    raise AirflowException("Task received SIGTERM signal")
airflow.exceptions.AirflowException: Task received SIGTERM signal
[2026-04-03T14:48:51.345+0000] {taskinstance.py:1400} INFO - Marking task as FAILED. dag_id=silver_spark_processor, task_id=process_silver_order_payments, execution_date=20260401T000000, start_date=20260403T144528, end_date=20260403T144851
[2026-04-03T14:48:51.473+0000] {standard_task_runner.py:104} ERROR - Failed to execute job 609 for task process_silver_order_payments (Task received SIGTERM signal; 1672)
[2026-04-03T14:48:51.502+0000] {process_utils.py:79} INFO - Process psutil.Process(pid=1676, status='terminated', started='14:45:28') (1676) terminated with exit code None
[2026-04-03T14:48:51.502+0000] {process_utils.py:79} INFO - Process psutil.Process(pid=1672, status='terminated', exitcode=1, started='14:45:28') (1672) terminated with exit code 1
[2026-04-03T14:48:51.504+0000] {local_task_job_runner.py:228} INFO - Task exited with return code 143
[2026-04-03T14:48:51.685+0000] {taskinstance.py:2778} INFO - 0 downstream tasks scheduled from follow-on schedule check
