[2026-04-02T11:21:22.698+0000] {taskinstance.py:1159} INFO - Dependencies all met for dep_context=non-requeueable deps ti=<TaskInstance: silver_spark_processor.process_silver_order_payments scheduled__2026-04-01T00:00:00+00:00 [queued]>
[2026-04-02T11:21:22.771+0000] {taskinstance.py:1159} INFO - Dependencies all met for dep_context=requeueable deps ti=<TaskInstance: silver_spark_processor.process_silver_order_payments scheduled__2026-04-01T00:00:00+00:00 [queued]>
[2026-04-02T11:21:22.771+0000] {taskinstance.py:1361} INFO - Starting attempt 6 of 6
[2026-04-02T11:21:22.846+0000] {taskinstance.py:1382} INFO - Executing <Task(SparkSubmitOperator): process_silver_order_payments> on 2026-04-01 00:00:00+00:00
[2026-04-02T11:21:22.875+0000] {standard_task_runner.py:57} INFO - Started process 219 to run task
[2026-04-02T11:21:22.973+0000] {standard_task_runner.py:84} INFO - Running: ['airflow', 'tasks', 'run', 'silver_spark_processor', 'process_silver_order_payments', 'scheduled__2026-04-01T00:00:00+00:00', '--job-id', '338', '--raw', '--subdir', 'DAGS_FOLDER/silver_processor_dag.py', '--cfg-path', '/tmp/tmp3m8lm99q']
[2026-04-02T11:21:23.056+0000] {standard_task_runner.py:85} INFO - Job 338: Subtask process_silver_order_payments
[2026-04-02T11:21:23.318+0000] {task_command.py:416} INFO - Running <TaskInstance: silver_spark_processor.process_silver_order_payments scheduled__2026-04-01T00:00:00+00:00 [running]> on host 5926004790ec
[2026-04-02T11:21:23.712+0000] {taskinstance.py:1662} INFO - Exporting env vars: AIRFLOW_CTX_DAG_OWNER='data-team' AIRFLOW_CTX_DAG_ID='silver_spark_processor' AIRFLOW_CTX_TASK_ID='process_silver_order_payments' AIRFLOW_CTX_EXECUTION_DATE='2026-04-01T00:00:00+00:00' AIRFLOW_CTX_TRY_NUMBER='6' AIRFLOW_CTX_DAG_RUN_ID='scheduled__2026-04-01T00:00:00+00:00'
[2026-04-02T11:21:23.780+0000] {base.py:73} INFO - Using connection ID 'spark_default' for task execution.
[2026-04-02T11:21:23.781+0000] {spark_submit.py:340} INFO - Spark-Submit cmd: spark-submit --master spark://spark-master:7077 --executor-cores 1 --executor-memory 1g --driver-memory 1g --name airflow_silver_order_payments /opt/airflow/etl/silver/main_silver.py --table_name order_payments --merge_key id --is_cdc false --json_schema 
[2026-04-02T11:21:24.097+0000] {spark_submit.py:491} INFO - /home/airflow/.local/lib/python3.10/site-packages/pyspark/bin/load-spark-env.sh: line 68: ps: command not found
[2026-04-02T11:21:45.609+0000] {spark_submit.py:491} INFO - INFO:__main__:Khởi tạo Spark Job cho bảng: order_payments
[2026-04-02T11:21:45.961+0000] {spark_submit.py:491} INFO - 26/04/02 11:21:45 INFO SparkContext: Running Spark version 3.3.2
[2026-04-02T11:21:46.360+0000] {spark_submit.py:491} INFO - 26/04/02 11:21:46 WARN NativeCodeLoader: Unable to load native-hadoop library for your platform... using builtin-java classes where applicable
[2026-04-02T11:21:46.813+0000] {spark_submit.py:491} INFO - 26/04/02 11:21:46 INFO ResourceUtils: ==============================================================
[2026-04-02T11:21:46.815+0000] {spark_submit.py:491} INFO - 26/04/02 11:21:46 INFO ResourceUtils: No custom resources configured for spark.driver.
[2026-04-02T11:21:46.816+0000] {spark_submit.py:491} INFO - 26/04/02 11:21:46 INFO ResourceUtils: ==============================================================
[2026-04-02T11:21:46.818+0000] {spark_submit.py:491} INFO - 26/04/02 11:21:46 INFO SparkContext: Submitted application: <class 'pyspark.sql.session.SparkSession'>
[2026-04-02T11:21:46.913+0000] {spark_submit.py:491} INFO - 26/04/02 11:21:46 INFO ResourceProfile: Default ResourceProfile created, executor resources: Map(cores -> name: cores, amount: 1, script: , vendor: , memory -> name: memory, amount: 1024, script: , vendor: , offHeap -> name: offHeap, amount: 0, script: , vendor: ), task resources: Map(cpus -> name: cpus, amount: 1.0)
[2026-04-02T11:21:46.964+0000] {spark_submit.py:491} INFO - 26/04/02 11:21:46 INFO ResourceProfile: Limiting resource is cpus at 1 tasks per executor
[2026-04-02T11:21:46.972+0000] {spark_submit.py:491} INFO - 26/04/02 11:21:46 INFO ResourceProfileManager: Added ResourceProfile id: 0
[2026-04-02T11:21:47.289+0000] {spark_submit.py:491} INFO - 26/04/02 11:21:47 INFO SecurityManager: Changing view acls to: airflow
[2026-04-02T11:21:47.290+0000] {spark_submit.py:491} INFO - 26/04/02 11:21:47 INFO SecurityManager: Changing modify acls to: airflow
[2026-04-02T11:21:47.290+0000] {spark_submit.py:491} INFO - 26/04/02 11:21:47 INFO SecurityManager: Changing view acls groups to:
[2026-04-02T11:21:47.325+0000] {spark_submit.py:491} INFO - 26/04/02 11:21:47 INFO SecurityManager: Changing modify acls groups to:
[2026-04-02T11:21:47.325+0000] {spark_submit.py:491} INFO - 26/04/02 11:21:47 INFO SecurityManager: SecurityManager: authentication disabled; ui acls disabled; users  with view permissions: Set(airflow); groups with view permissions: Set(); users  with modify permissions: Set(airflow); groups with modify permissions: Set()
[2026-04-02T11:21:49.232+0000] {spark_submit.py:491} INFO - 26/04/02 11:21:49 INFO Utils: Successfully started service 'sparkDriver' on port 44469.
[2026-04-02T11:21:49.572+0000] {spark_submit.py:491} INFO - 26/04/02 11:21:49 INFO SparkEnv: Registering MapOutputTracker
[2026-04-02T11:21:50.367+0000] {spark_submit.py:491} INFO - 26/04/02 11:21:50 INFO SparkEnv: Registering BlockManagerMaster
[2026-04-02T11:21:50.908+0000] {spark_submit.py:491} INFO - 26/04/02 11:21:50 INFO BlockManagerMasterEndpoint: Using org.apache.spark.storage.DefaultTopologyMapper for getting topology information
[2026-04-02T11:21:50.927+0000] {spark_submit.py:491} INFO - 26/04/02 11:21:50 INFO BlockManagerMasterEndpoint: BlockManagerMasterEndpoint up
[2026-04-02T11:21:50.975+0000] {spark_submit.py:491} INFO - 26/04/02 11:21:50 INFO SparkEnv: Registering BlockManagerMasterHeartbeat
[2026-04-02T11:21:51.083+0000] {spark_submit.py:491} INFO - 26/04/02 11:21:51 INFO DiskBlockManager: Created local directory at /tmp/blockmgr-60330e84-2342-4a7f-802f-ef895e2e425f
[2026-04-02T11:21:51.187+0000] {spark_submit.py:491} INFO - 26/04/02 11:21:51 INFO MemoryStore: MemoryStore started with capacity 434.4 MiB
[2026-04-02T11:21:51.304+0000] {spark_submit.py:491} INFO - 26/04/02 11:21:51 INFO SparkEnv: Registering OutputCommitCoordinator
[2026-04-02T11:21:52.970+0000] {spark_submit.py:491} INFO - 26/04/02 11:21:52 WARN Utils: Service 'SparkUI' could not bind on port 4040. Attempting port 4041.
[2026-04-02T11:21:52.997+0000] {spark_submit.py:491} INFO - 26/04/02 11:21:52 WARN Utils: Service 'SparkUI' could not bind on port 4041. Attempting port 4042.
[2026-04-02T11:21:52.997+0000] {spark_submit.py:491} INFO - 26/04/02 11:21:52 WARN Utils: Service 'SparkUI' could not bind on port 4042. Attempting port 4043.
[2026-04-02T11:21:53.026+0000] {spark_submit.py:491} INFO - 26/04/02 11:21:52 WARN Utils: Service 'SparkUI' could not bind on port 4043. Attempting port 4044.
[2026-04-02T11:21:53.030+0000] {spark_submit.py:491} INFO - 26/04/02 11:21:53 WARN Utils: Service 'SparkUI' could not bind on port 4044. Attempting port 4045.
[2026-04-02T11:21:53.031+0000] {spark_submit.py:491} INFO - 26/04/02 11:21:53 WARN Utils: Service 'SparkUI' could not bind on port 4045. Attempting port 4046.
[2026-04-02T11:21:53.342+0000] {spark_submit.py:491} INFO - 26/04/02 11:21:53 INFO Utils: Successfully started service 'SparkUI' on port 4046.
[2026-04-02T11:21:55.215+0000] {spark_submit.py:491} INFO - 26/04/02 11:21:55 INFO StandaloneAppClient$ClientEndpoint: Connecting to master spark://spark-master:7077...
[2026-04-02T11:21:55.844+0000] {spark_submit.py:491} INFO - 26/04/02 11:21:55 INFO TransportClientFactory: Successfully created connection to spark-master/172.18.0.6:7077 after 364 ms (0 ms spent in bootstraps)
[2026-04-02T11:21:56.943+0000] {spark_submit.py:491} INFO - 26/04/02 11:21:56 INFO StandaloneSchedulerBackend: Connected to Spark cluster with app ID app-20260402112156-0007
[2026-04-02T11:21:56.964+0000] {spark_submit.py:491} INFO - 26/04/02 11:21:56 INFO Utils: Successfully started service 'org.apache.spark.network.netty.NettyBlockTransferService' on port 44257.
[2026-04-02T11:21:56.964+0000] {spark_submit.py:491} INFO - 26/04/02 11:21:56 INFO NettyBlockTransferService: Server created on 5926004790ec:44257
[2026-04-02T11:21:56.979+0000] {spark_submit.py:491} INFO - 26/04/02 11:21:56 INFO BlockManager: Using org.apache.spark.storage.RandomBlockReplicationPolicy for block replication policy
[2026-04-02T11:21:56.996+0000] {spark_submit.py:491} INFO - 26/04/02 11:21:56 INFO BlockManagerMaster: Registering BlockManager BlockManagerId(driver, 5926004790ec, 44257, None)
[2026-04-02T11:21:57.007+0000] {spark_submit.py:491} INFO - 26/04/02 11:21:57 INFO BlockManagerMasterEndpoint: Registering block manager 5926004790ec:44257 with 434.4 MiB RAM, BlockManagerId(driver, 5926004790ec, 44257, None)
[2026-04-02T11:21:57.020+0000] {spark_submit.py:491} INFO - 26/04/02 11:21:57 INFO BlockManagerMaster: Registered BlockManager BlockManagerId(driver, 5926004790ec, 44257, None)
[2026-04-02T11:21:57.020+0000] {spark_submit.py:491} INFO - 26/04/02 11:21:57 INFO BlockManager: Initialized BlockManager: BlockManagerId(driver, 5926004790ec, 44257, None)
[2026-04-02T11:21:59.039+0000] {spark_submit.py:491} INFO - 26/04/02 11:21:59 INFO StandaloneSchedulerBackend: SchedulerBackend is ready for scheduling beginning after reached minRegisteredResourcesRatio: 0.0
[2026-04-02T11:22:11.886+0000] {spark_submit.py:491} INFO - INFO:silver_processor: Bắt đầu xử lý lớp Silver cho bảng: order_payments | Chế độ CDC: False
[2026-04-02T11:22:11.892+0000] {spark_submit.py:491} INFO - INFO:silver_processor: Bắt đầu quét Data Nóng từ Bronze...
[2026-04-02T11:22:13.053+0000] {spark_submit.py:491} INFO - ERROR:__main__:Lỗi khi xử lý lớp Silver bảng order_payments: An error occurred while calling o39.load.
[2026-04-02T11:22:13.053+0000] {spark_submit.py:491} INFO - : java.lang.RuntimeException: java.lang.ClassNotFoundException: Class org.apache.hadoop.fs.s3a.S3AFileSystem not found
[2026-04-02T11:22:13.054+0000] {spark_submit.py:491} INFO - at org.apache.hadoop.conf.Configuration.getClass(Configuration.java:2688)
[2026-04-02T11:22:13.054+0000] {spark_submit.py:491} INFO - at org.apache.hadoop.fs.FileSystem.getFileSystemClass(FileSystem.java:3431)
[2026-04-02T11:22:13.054+0000] {spark_submit.py:491} INFO - at org.apache.hadoop.fs.FileSystem.createFileSystem(FileSystem.java:3466)
[2026-04-02T11:22:13.054+0000] {spark_submit.py:491} INFO - at org.apache.hadoop.fs.FileSystem.access$300(FileSystem.java:174)
[2026-04-02T11:22:13.054+0000] {spark_submit.py:491} INFO - at org.apache.hadoop.fs.FileSystem$Cache.getInternal(FileSystem.java:3574)
[2026-04-02T11:22:13.054+0000] {spark_submit.py:491} INFO - at org.apache.hadoop.fs.FileSystem$Cache.get(FileSystem.java:3521)
[2026-04-02T11:22:13.054+0000] {spark_submit.py:491} INFO - at org.apache.hadoop.fs.FileSystem.get(FileSystem.java:540)
[2026-04-02T11:22:13.054+0000] {spark_submit.py:491} INFO - at org.apache.hadoop.fs.Path.getFileSystem(Path.java:365)
[2026-04-02T11:22:13.054+0000] {spark_submit.py:491} INFO - at org.apache.spark.sql.execution.datasources.DataSource.sourceSchema(DataSource.scala:249)
[2026-04-02T11:22:13.070+0000] {spark_submit.py:491} INFO - at org.apache.spark.sql.execution.datasources.DataSource.sourceInfo$lzycompute(DataSource.scala:118)
[2026-04-02T11:22:13.071+0000] {spark_submit.py:491} INFO - at org.apache.spark.sql.execution.datasources.DataSource.sourceInfo(DataSource.scala:118)
[2026-04-02T11:22:13.071+0000] {spark_submit.py:491} INFO - at org.apache.spark.sql.execution.streaming.StreamingRelation$.apply(StreamingRelation.scala:34)
[2026-04-02T11:22:13.071+0000] {spark_submit.py:491} INFO - at org.apache.spark.sql.streaming.DataStreamReader.loadInternal(DataStreamReader.scala:196)
[2026-04-02T11:22:13.071+0000] {spark_submit.py:491} INFO - at org.apache.spark.sql.streaming.DataStreamReader.load(DataStreamReader.scala:210)
[2026-04-02T11:22:13.071+0000] {spark_submit.py:491} INFO - at java.base/jdk.internal.reflect.NativeMethodAccessorImpl.invoke0(Native Method)
[2026-04-02T11:22:13.071+0000] {spark_submit.py:491} INFO - at java.base/jdk.internal.reflect.NativeMethodAccessorImpl.invoke(NativeMethodAccessorImpl.java:62)
[2026-04-02T11:22:13.071+0000] {spark_submit.py:491} INFO - at java.base/jdk.internal.reflect.DelegatingMethodAccessorImpl.invoke(DelegatingMethodAccessorImpl.java:43)
[2026-04-02T11:22:13.072+0000] {spark_submit.py:491} INFO - at java.base/java.lang.reflect.Method.invoke(Method.java:566)
[2026-04-02T11:22:13.072+0000] {spark_submit.py:491} INFO - at py4j.reflection.MethodInvoker.invoke(MethodInvoker.java:244)
[2026-04-02T11:22:13.072+0000] {spark_submit.py:491} INFO - at py4j.reflection.ReflectionEngine.invoke(ReflectionEngine.java:357)
[2026-04-02T11:22:13.072+0000] {spark_submit.py:491} INFO - at py4j.Gateway.invoke(Gateway.java:282)
[2026-04-02T11:22:13.072+0000] {spark_submit.py:491} INFO - at py4j.commands.AbstractCommand.invokeMethod(AbstractCommand.java:132)
[2026-04-02T11:22:13.072+0000] {spark_submit.py:491} INFO - at py4j.commands.CallCommand.execute(CallCommand.java:79)
[2026-04-02T11:22:13.072+0000] {spark_submit.py:491} INFO - at py4j.ClientServerConnection.waitForCommands(ClientServerConnection.java:182)
[2026-04-02T11:22:13.072+0000] {spark_submit.py:491} INFO - at py4j.ClientServerConnection.run(ClientServerConnection.java:106)
[2026-04-02T11:22:13.072+0000] {spark_submit.py:491} INFO - at java.base/java.lang.Thread.run(Thread.java:829)
[2026-04-02T11:22:13.072+0000] {spark_submit.py:491} INFO - Caused by: java.lang.ClassNotFoundException: Class org.apache.hadoop.fs.s3a.S3AFileSystem not found
[2026-04-02T11:22:13.072+0000] {spark_submit.py:491} INFO - at org.apache.hadoop.conf.Configuration.getClassByName(Configuration.java:2592)
[2026-04-02T11:22:13.073+0000] {spark_submit.py:491} INFO - at org.apache.hadoop.conf.Configuration.getClass(Configuration.java:2686)
[2026-04-02T11:22:13.073+0000] {spark_submit.py:491} INFO - ... 25 more
[2026-04-02T11:22:13.073+0000] {spark_submit.py:491} INFO - 
[2026-04-02T11:22:14.251+0000] {spark_submit.py:491} INFO - Traceback (most recent call last):
[2026-04-02T11:22:14.252+0000] {spark_submit.py:491} INFO - File "/opt/airflow/etl/silver/main_silver.py", line 59, in <module>
[2026-04-02T11:22:14.252+0000] {spark_submit.py:491} INFO - raise e
[2026-04-02T11:22:14.252+0000] {spark_submit.py:491} INFO - File "/opt/airflow/etl/silver/main_silver.py", line 48, in <module>
[2026-04-02T11:22:14.252+0000] {spark_submit.py:491} INFO - process_silver_layer(
[2026-04-02T11:22:14.252+0000] {spark_submit.py:491} INFO - File "/opt/airflow/etl/silver/silver_processor.py", line 78, in process_silver_layer
[2026-04-02T11:22:14.252+0000] {spark_submit.py:491} INFO - .load(bronze_path)
[2026-04-02T11:22:14.253+0000] {spark_submit.py:491} INFO - File "/home/airflow/.local/lib/python3.10/site-packages/pyspark/python/lib/pyspark.zip/pyspark/sql/streaming.py", line 467, in load
[2026-04-02T11:22:14.253+0000] {spark_submit.py:491} INFO - File "/home/airflow/.local/lib/python3.10/site-packages/pyspark/python/lib/py4j-0.10.9.5-src.zip/py4j/java_gateway.py", line 1321, in __call__
[2026-04-02T11:22:14.253+0000] {spark_submit.py:491} INFO - File "/home/airflow/.local/lib/python3.10/site-packages/pyspark/python/lib/pyspark.zip/pyspark/sql/utils.py", line 190, in deco
[2026-04-02T11:22:14.253+0000] {spark_submit.py:491} INFO - File "/home/airflow/.local/lib/python3.10/site-packages/pyspark/python/lib/py4j-0.10.9.5-src.zip/py4j/protocol.py", line 326, in get_return_value
[2026-04-02T11:22:14.253+0000] {spark_submit.py:491} INFO - py4j.protocol.Py4JJavaError: An error occurred while calling o39.load.
[2026-04-02T11:22:14.253+0000] {spark_submit.py:491} INFO - : java.lang.RuntimeException: java.lang.ClassNotFoundException: Class org.apache.hadoop.fs.s3a.S3AFileSystem not found
[2026-04-02T11:22:14.253+0000] {spark_submit.py:491} INFO - at org.apache.hadoop.conf.Configuration.getClass(Configuration.java:2688)
[2026-04-02T11:22:14.253+0000] {spark_submit.py:491} INFO - at org.apache.hadoop.fs.FileSystem.getFileSystemClass(FileSystem.java:3431)
[2026-04-02T11:22:14.253+0000] {spark_submit.py:491} INFO - at org.apache.hadoop.fs.FileSystem.createFileSystem(FileSystem.java:3466)
[2026-04-02T11:22:14.253+0000] {spark_submit.py:491} INFO - at org.apache.hadoop.fs.FileSystem.access$300(FileSystem.java:174)
[2026-04-02T11:22:14.253+0000] {spark_submit.py:491} INFO - at org.apache.hadoop.fs.FileSystem$Cache.getInternal(FileSystem.java:3574)
[2026-04-02T11:22:14.253+0000] {spark_submit.py:491} INFO - at org.apache.hadoop.fs.FileSystem$Cache.get(FileSystem.java:3521)
[2026-04-02T11:22:14.254+0000] {spark_submit.py:491} INFO - at org.apache.hadoop.fs.FileSystem.get(FileSystem.java:540)
[2026-04-02T11:22:14.254+0000] {spark_submit.py:491} INFO - at org.apache.hadoop.fs.Path.getFileSystem(Path.java:365)
[2026-04-02T11:22:14.254+0000] {spark_submit.py:491} INFO - at org.apache.spark.sql.execution.datasources.DataSource.sourceSchema(DataSource.scala:249)
[2026-04-02T11:22:14.254+0000] {spark_submit.py:491} INFO - at org.apache.spark.sql.execution.datasources.DataSource.sourceInfo$lzycompute(DataSource.scala:118)
[2026-04-02T11:22:14.254+0000] {spark_submit.py:491} INFO - at org.apache.spark.sql.execution.datasources.DataSource.sourceInfo(DataSource.scala:118)
[2026-04-02T11:22:14.254+0000] {spark_submit.py:491} INFO - at org.apache.spark.sql.execution.streaming.StreamingRelation$.apply(StreamingRelation.scala:34)
[2026-04-02T11:22:14.254+0000] {spark_submit.py:491} INFO - at org.apache.spark.sql.streaming.DataStreamReader.loadInternal(DataStreamReader.scala:196)
[2026-04-02T11:22:14.254+0000] {spark_submit.py:491} INFO - at org.apache.spark.sql.streaming.DataStreamReader.load(DataStreamReader.scala:210)
[2026-04-02T11:22:14.254+0000] {spark_submit.py:491} INFO - at java.base/jdk.internal.reflect.NativeMethodAccessorImpl.invoke0(Native Method)
[2026-04-02T11:22:14.254+0000] {spark_submit.py:491} INFO - at java.base/jdk.internal.reflect.NativeMethodAccessorImpl.invoke(NativeMethodAccessorImpl.java:62)
[2026-04-02T11:22:14.254+0000] {spark_submit.py:491} INFO - at java.base/jdk.internal.reflect.DelegatingMethodAccessorImpl.invoke(DelegatingMethodAccessorImpl.java:43)
[2026-04-02T11:22:14.254+0000] {spark_submit.py:491} INFO - at java.base/java.lang.reflect.Method.invoke(Method.java:566)
[2026-04-02T11:22:14.254+0000] {spark_submit.py:491} INFO - at py4j.reflection.MethodInvoker.invoke(MethodInvoker.java:244)
[2026-04-02T11:22:14.277+0000] {spark_submit.py:491} INFO - at py4j.reflection.ReflectionEngine.invoke(ReflectionEngine.java:357)
[2026-04-02T11:22:14.277+0000] {spark_submit.py:491} INFO - at py4j.Gateway.invoke(Gateway.java:282)
[2026-04-02T11:22:14.278+0000] {spark_submit.py:491} INFO - at py4j.commands.AbstractCommand.invokeMethod(AbstractCommand.java:132)
[2026-04-02T11:22:14.278+0000] {spark_submit.py:491} INFO - at py4j.commands.CallCommand.execute(CallCommand.java:79)
[2026-04-02T11:22:14.278+0000] {spark_submit.py:491} INFO - at py4j.ClientServerConnection.waitForCommands(ClientServerConnection.java:182)
[2026-04-02T11:22:14.278+0000] {spark_submit.py:491} INFO - at py4j.ClientServerConnection.run(ClientServerConnection.java:106)
[2026-04-02T11:22:14.278+0000] {spark_submit.py:491} INFO - at java.base/java.lang.Thread.run(Thread.java:829)
[2026-04-02T11:22:14.278+0000] {spark_submit.py:491} INFO - Caused by: java.lang.ClassNotFoundException: Class org.apache.hadoop.fs.s3a.S3AFileSystem not found
[2026-04-02T11:22:14.278+0000] {spark_submit.py:491} INFO - at org.apache.hadoop.conf.Configuration.getClassByName(Configuration.java:2592)
[2026-04-02T11:22:14.278+0000] {spark_submit.py:491} INFO - at org.apache.hadoop.conf.Configuration.getClass(Configuration.java:2686)
[2026-04-02T11:22:14.278+0000] {spark_submit.py:491} INFO - ... 25 more
[2026-04-02T11:22:14.292+0000] {spark_submit.py:491} INFO - 
[2026-04-02T11:22:14.292+0000] {spark_submit.py:491} INFO - INFO:py4j.clientserver:Closing down clientserver connection
[2026-04-02T11:22:16.199+0000] {taskinstance.py:1937} ERROR - Task failed with exception
Traceback (most recent call last):
  File "/home/airflow/.local/lib/python3.10/site-packages/airflow/providers/apache/spark/operators/spark_submit.py", line 156, in execute
    self._hook.submit(self._application)
  File "/home/airflow/.local/lib/python3.10/site-packages/airflow/providers/apache/spark/hooks/spark_submit.py", line 422, in submit
    raise AirflowException(
airflow.exceptions.AirflowException: Cannot execute: spark-submit --master spark://spark-master:7077 --executor-cores 1 --executor-memory 1g --driver-memory 1g --name airflow_silver_order_payments /opt/airflow/etl/silver/main_silver.py --table_name order_payments --merge_key id --is_cdc false --json_schema . Error code is: 1.
[2026-04-02T11:22:16.286+0000] {taskinstance.py:1400} INFO - Marking task as FAILED. dag_id=silver_spark_processor, task_id=process_silver_order_payments, execution_date=20260401T000000, start_date=20260402T112122, end_date=20260402T112216
[2026-04-02T11:22:16.611+0000] {standard_task_runner.py:104} ERROR - Failed to execute job 338 for task process_silver_order_payments (Cannot execute: spark-submit --master spark://spark-master:7077 --executor-cores 1 --executor-memory 1g --driver-memory 1g --name airflow_silver_order_payments /opt/airflow/etl/silver/main_silver.py --table_name order_payments --merge_key id --is_cdc false --json_schema . Error code is: 1.; 219)
[2026-04-02T11:22:16.715+0000] {local_task_job_runner.py:228} INFO - Task exited with return code 1
[2026-04-02T11:22:16.857+0000] {taskinstance.py:2778} INFO - 0 downstream tasks scheduled from follow-on schedule check
