[2026-04-02T11:03:42.925+0000] {taskinstance.py:1159} INFO - Dependencies all met for dep_context=non-requeueable deps ti=<TaskInstance: silver_spark_processor.process_silver_order_reviews manual__2026-04-02T10:55:44.325453+00:00 [queued]>
[2026-04-02T11:03:42.979+0000] {taskinstance.py:1159} INFO - Dependencies all met for dep_context=requeueable deps ti=<TaskInstance: silver_spark_processor.process_silver_order_reviews manual__2026-04-02T10:55:44.325453+00:00 [queued]>
[2026-04-02T11:03:42.979+0000] {taskinstance.py:1361} INFO - Starting attempt 3 of 4
[2026-04-02T11:03:43.065+0000] {taskinstance.py:1382} INFO - Executing <Task(SparkSubmitOperator): process_silver_order_reviews> on 2026-04-02 10:55:44.325453+00:00
[2026-04-02T11:03:43.112+0000] {standard_task_runner.py:57} INFO - Started process 5178 to run task
[2026-04-02T11:03:43.120+0000] {standard_task_runner.py:84} INFO - Running: ['airflow', 'tasks', 'run', 'silver_spark_processor', 'process_silver_order_reviews', 'manual__2026-04-02T10:55:44.325453+00:00', '--job-id', '264', '--raw', '--subdir', 'DAGS_FOLDER/silver_processor_dag.py', '--cfg-path', '/tmp/tmplyqw1n9o']
[2026-04-02T11:03:43.129+0000] {standard_task_runner.py:85} INFO - Job 264: Subtask process_silver_order_reviews
[2026-04-02T11:03:43.364+0000] {task_command.py:416} INFO - Running <TaskInstance: silver_spark_processor.process_silver_order_reviews manual__2026-04-02T10:55:44.325453+00:00 [running]> on host 1115d2cb4d12
[2026-04-02T11:03:43.735+0000] {taskinstance.py:1662} INFO - Exporting env vars: AIRFLOW_CTX_DAG_OWNER='data-team' AIRFLOW_CTX_DAG_ID='silver_spark_processor' AIRFLOW_CTX_TASK_ID='process_silver_order_reviews' AIRFLOW_CTX_EXECUTION_DATE='2026-04-02T10:55:44.325453+00:00' AIRFLOW_CTX_TRY_NUMBER='3' AIRFLOW_CTX_DAG_RUN_ID='manual__2026-04-02T10:55:44.325453+00:00'
[2026-04-02T11:03:43.764+0000] {base.py:73} INFO - Using connection ID 'spark_default' for task execution.
[2026-04-02T11:03:43.766+0000] {spark_submit.py:340} INFO - Spark-Submit cmd: spark-submit --master spark://spark-master:7077 --executor-cores 1 --executor-memory 1g --driver-memory 1g --name airflow_silver_order_reviews /opt/airflow/etl/silver/main_silver.py --table_name order_reviews --merge_key review_id --is_cdc false --json_schema 
[2026-04-02T11:03:44.233+0000] {spark_submit.py:491} INFO - /home/airflow/.local/lib/python3.10/site-packages/pyspark/bin/load-spark-env.sh: line 68: ps: command not found
[2026-04-02T11:03:57.288+0000] {spark_submit.py:491} INFO - Traceback (most recent call last):
[2026-04-02T11:03:57.289+0000] {spark_submit.py:491} INFO - File "/opt/airflow/etl/silver/main_silver.py", line 6, in <module>
[2026-04-02T11:03:57.289+0000] {spark_submit.py:491} INFO - from silver_processor import process_silver_layer
[2026-04-02T11:03:57.289+0000] {spark_submit.py:491} INFO - File "/opt/airflow/etl/silver/silver_processor.py", line 5, in <module>
[2026-04-02T11:03:57.289+0000] {spark_submit.py:491} INFO - from delta.tables import DeltaTable
[2026-04-02T11:03:57.289+0000] {spark_submit.py:491} INFO - ModuleNotFoundError: No module named 'delta'
[2026-04-02T11:03:57.465+0000] {spark_submit.py:491} INFO - 26/04/02 11:03:57 INFO ShutdownHookManager: Shutdown hook called
[2026-04-02T11:03:57.473+0000] {spark_submit.py:491} INFO - 26/04/02 11:03:57 INFO ShutdownHookManager: Deleting directory /tmp/spark-0f08fedb-6aba-4d5c-b5cb-c549c8c5d0ca
[2026-04-02T11:03:57.581+0000] {taskinstance.py:1937} ERROR - Task failed with exception
Traceback (most recent call last):
  File "/home/airflow/.local/lib/python3.10/site-packages/airflow/providers/apache/spark/operators/spark_submit.py", line 156, in execute
    self._hook.submit(self._application)
  File "/home/airflow/.local/lib/python3.10/site-packages/airflow/providers/apache/spark/hooks/spark_submit.py", line 422, in submit
    raise AirflowException(
airflow.exceptions.AirflowException: Cannot execute: spark-submit --master spark://spark-master:7077 --executor-cores 1 --executor-memory 1g --driver-memory 1g --name airflow_silver_order_reviews /opt/airflow/etl/silver/main_silver.py --table_name order_reviews --merge_key review_id --is_cdc false --json_schema . Error code is: 1.
[2026-04-02T11:03:57.587+0000] {taskinstance.py:1400} INFO - Marking task as UP_FOR_RETRY. dag_id=silver_spark_processor, task_id=process_silver_order_reviews, execution_date=20260402T105544, start_date=20260402T110342, end_date=20260402T110357
[2026-04-02T11:03:57.630+0000] {standard_task_runner.py:104} ERROR - Failed to execute job 264 for task process_silver_order_reviews (Cannot execute: spark-submit --master spark://spark-master:7077 --executor-cores 1 --executor-memory 1g --driver-memory 1g --name airflow_silver_order_reviews /opt/airflow/etl/silver/main_silver.py --table_name order_reviews --merge_key review_id --is_cdc false --json_schema . Error code is: 1.; 5178)
[2026-04-02T11:03:57.681+0000] {local_task_job_runner.py:228} INFO - Task exited with return code 1
[2026-04-02T11:03:57.767+0000] {taskinstance.py:2778} INFO - 0 downstream tasks scheduled from follow-on schedule check
