[2026-04-03T14:45:29.614+0000] {taskinstance.py:1159} INFO - Dependencies all met for dep_context=non-requeueable deps ti=<TaskInstance: silver_spark_processor.process_silver_orders scheduled__2026-04-01T00:00:00+00:00 [queued]>
[2026-04-03T14:45:29.623+0000] {taskinstance.py:1159} INFO - Dependencies all met for dep_context=requeueable deps ti=<TaskInstance: silver_spark_processor.process_silver_orders scheduled__2026-04-01T00:00:00+00:00 [queued]>
[2026-04-03T14:45:29.623+0000] {taskinstance.py:1361} INFO - Starting attempt 8 of 8
[2026-04-03T14:45:29.639+0000] {taskinstance.py:1382} INFO - Executing <Task(SparkSubmitOperator): process_silver_orders> on 2026-04-01 00:00:00+00:00
[2026-04-03T14:45:29.647+0000] {standard_task_runner.py:57} INFO - Started process 1704 to run task
[2026-04-03T14:45:29.651+0000] {standard_task_runner.py:84} INFO - Running: ['airflow', 'tasks', 'run', 'silver_spark_processor', 'process_silver_orders', 'scheduled__2026-04-01T00:00:00+00:00', '--job-id', '610', '--raw', '--subdir', 'DAGS_FOLDER/silver_processor_dag.py', '--cfg-path', '/tmp/tmp1ssw1zus']
[2026-04-03T14:45:29.653+0000] {standard_task_runner.py:85} INFO - Job 610: Subtask process_silver_orders
[2026-04-03T14:45:29.717+0000] {task_command.py:416} INFO - Running <TaskInstance: silver_spark_processor.process_silver_orders scheduled__2026-04-01T00:00:00+00:00 [running]> on host ff668b8b098e
[2026-04-03T14:45:29.858+0000] {taskinstance.py:1662} INFO - Exporting env vars: AIRFLOW_CTX_DAG_OWNER='data-team' AIRFLOW_CTX_DAG_ID='silver_spark_processor' AIRFLOW_CTX_TASK_ID='process_silver_orders' AIRFLOW_CTX_EXECUTION_DATE='2026-04-01T00:00:00+00:00' AIRFLOW_CTX_TRY_NUMBER='8' AIRFLOW_CTX_DAG_RUN_ID='scheduled__2026-04-01T00:00:00+00:00'
[2026-04-03T14:45:29.878+0000] {base.py:73} INFO - Using connection ID 'spark_default' for task execution.
[2026-04-03T14:45:29.881+0000] {spark_submit.py:340} INFO - Spark-Submit cmd: spark-submit --master spark://spark-master:7077 --conf spark.sql.extensions=io.delta.sql.DeltaSparkSessionExtension --conf spark.sql.catalog.spark_catalog=org.apache.spark.sql.delta.catalog.DeltaCatalog --conf spark.databricks.delta.schema.autoMerge.enabled=true --jars /opt/airflow/etl/jars/hadoop-aws-3.3.2.jar,/opt/airflow/etl/jars/aws-java-sdk-bundle-1.11.1026.jar,/opt/airflow/etl/jars/delta-core_2.12-2.3.0.jar,/opt/airflow/etl/jars/delta-storage-2.3.0.jar --executor-cores 1 --executor-memory 1g --driver-memory 1g --name airflow_silver_orders /opt/airflow/etl/silver/main_silver.py --table_name orders --merge_key order_id --is_cdc true --json_schema order_id STRING, customer_id STRING, order_status STRING, order_purchase_timestamp STRING, order_approved_at STRING, order_delivered_carrier_date STRING, order_delivered_customer_date STRING, order_estimated_delivery_date STRING
[2026-04-03T14:45:30.036+0000] {spark_submit.py:491} INFO - /home/airflow/.local/lib/python3.10/site-packages/pyspark/bin/load-spark-env.sh: line 68: ps: command not found
[2026-04-03T14:45:34.487+0000] {spark_submit.py:491} INFO - 26/04/03 14:45:34 WARN NativeCodeLoader: Unable to load native-hadoop library for your platform... using builtin-java classes where applicable
[2026-04-03T14:45:36.382+0000] {spark_submit.py:491} INFO - INFO:__main__:Khởi tạo Spark Job cho bảng: orders
[2026-04-03T14:45:36.543+0000] {spark_submit.py:491} INFO - 26/04/03 14:45:36 INFO SparkContext: Running Spark version 3.3.2
[2026-04-03T14:45:36.616+0000] {spark_submit.py:491} INFO - 26/04/03 14:45:36 INFO ResourceUtils: ==============================================================
[2026-04-03T14:45:36.617+0000] {spark_submit.py:491} INFO - 26/04/03 14:45:36 INFO ResourceUtils: No custom resources configured for spark.driver.
[2026-04-03T14:45:36.618+0000] {spark_submit.py:491} INFO - 26/04/03 14:45:36 INFO ResourceUtils: ==============================================================
[2026-04-03T14:45:36.620+0000] {spark_submit.py:491} INFO - 26/04/03 14:45:36 INFO SparkContext: Submitted application: <class 'pyspark.sql.session.SparkSession'>
[2026-04-03T14:45:36.662+0000] {spark_submit.py:491} INFO - 26/04/03 14:45:36 INFO ResourceProfile: Default ResourceProfile created, executor resources: Map(cores -> name: cores, amount: 1, script: , vendor: , memory -> name: memory, amount: 1024, script: , vendor: , offHeap -> name: offHeap, amount: 0, script: , vendor: ), task resources: Map(cpus -> name: cpus, amount: 1.0)
[2026-04-03T14:45:36.687+0000] {spark_submit.py:491} INFO - 26/04/03 14:45:36 INFO ResourceProfile: Limiting resource is cpus at 1 tasks per executor
[2026-04-03T14:45:36.691+0000] {spark_submit.py:491} INFO - 26/04/03 14:45:36 INFO ResourceProfileManager: Added ResourceProfile id: 0
[2026-04-03T14:45:36.773+0000] {spark_submit.py:491} INFO - 26/04/03 14:45:36 INFO SecurityManager: Changing view acls to: airflow
[2026-04-03T14:45:36.775+0000] {spark_submit.py:491} INFO - 26/04/03 14:45:36 INFO SecurityManager: Changing modify acls to: airflow
[2026-04-03T14:45:36.776+0000] {spark_submit.py:491} INFO - 26/04/03 14:45:36 INFO SecurityManager: Changing view acls groups to:
[2026-04-03T14:45:36.777+0000] {spark_submit.py:491} INFO - 26/04/03 14:45:36 INFO SecurityManager: Changing modify acls groups to:
[2026-04-03T14:45:36.778+0000] {spark_submit.py:491} INFO - 26/04/03 14:45:36 INFO SecurityManager: SecurityManager: authentication disabled; ui acls disabled; users  with view permissions: Set(airflow); groups with view permissions: Set(); users  with modify permissions: Set(airflow); groups with modify permissions: Set()
[2026-04-03T14:45:37.216+0000] {spark_submit.py:491} INFO - 26/04/03 14:45:37 INFO Utils: Successfully started service 'sparkDriver' on port 41371.
[2026-04-03T14:45:37.273+0000] {spark_submit.py:491} INFO - 26/04/03 14:45:37 INFO SparkEnv: Registering MapOutputTracker
[2026-04-03T14:45:37.332+0000] {spark_submit.py:491} INFO - 26/04/03 14:45:37 INFO SparkEnv: Registering BlockManagerMaster
[2026-04-03T14:45:37.367+0000] {spark_submit.py:491} INFO - 26/04/03 14:45:37 INFO BlockManagerMasterEndpoint: Using org.apache.spark.storage.DefaultTopologyMapper for getting topology information
[2026-04-03T14:45:37.368+0000] {spark_submit.py:491} INFO - 26/04/03 14:45:37 INFO BlockManagerMasterEndpoint: BlockManagerMasterEndpoint up
[2026-04-03T14:45:37.375+0000] {spark_submit.py:491} INFO - 26/04/03 14:45:37 INFO SparkEnv: Registering BlockManagerMasterHeartbeat
[2026-04-03T14:45:37.410+0000] {spark_submit.py:491} INFO - 26/04/03 14:45:37 INFO DiskBlockManager: Created local directory at /tmp/blockmgr-0815cd09-04ff-4f69-b076-9acc36abd7cf
[2026-04-03T14:45:37.440+0000] {spark_submit.py:491} INFO - 26/04/03 14:45:37 INFO MemoryStore: MemoryStore started with capacity 434.4 MiB
[2026-04-03T14:45:37.499+0000] {spark_submit.py:491} INFO - 26/04/03 14:45:37 INFO SparkEnv: Registering OutputCommitCoordinator
[2026-04-03T14:45:37.895+0000] {spark_submit.py:491} INFO - 26/04/03 14:45:37 WARN Utils: Service 'SparkUI' could not bind on port 4040. Attempting port 4041.
[2026-04-03T14:45:37.896+0000] {spark_submit.py:491} INFO - 26/04/03 14:45:37 WARN Utils: Service 'SparkUI' could not bind on port 4041. Attempting port 4042.
[2026-04-03T14:45:37.898+0000] {spark_submit.py:491} INFO - 26/04/03 14:45:37 WARN Utils: Service 'SparkUI' could not bind on port 4042. Attempting port 4043.
[2026-04-03T14:45:37.899+0000] {spark_submit.py:491} INFO - 26/04/03 14:45:37 WARN Utils: Service 'SparkUI' could not bind on port 4043. Attempting port 4044.
[2026-04-03T14:45:37.900+0000] {spark_submit.py:491} INFO - 26/04/03 14:45:37 WARN Utils: Service 'SparkUI' could not bind on port 4044. Attempting port 4045.
[2026-04-03T14:45:37.901+0000] {spark_submit.py:491} INFO - 26/04/03 14:45:37 WARN Utils: Service 'SparkUI' could not bind on port 4045. Attempting port 4046.
[2026-04-03T14:45:37.915+0000] {spark_submit.py:491} INFO - 26/04/03 14:45:37 INFO Utils: Successfully started service 'SparkUI' on port 4046.
[2026-04-03T14:45:37.980+0000] {spark_submit.py:491} INFO - 26/04/03 14:45:37 INFO SparkContext: Added JAR file:///opt/airflow/etl/jars/hadoop-aws-3.3.2.jar at spark://ff668b8b098e:41371/jars/hadoop-aws-3.3.2.jar with timestamp 1775227536527
[2026-04-03T14:45:37.981+0000] {spark_submit.py:491} INFO - 26/04/03 14:45:37 INFO SparkContext: Added JAR file:///opt/airflow/etl/jars/aws-java-sdk-bundle-1.11.1026.jar at spark://ff668b8b098e:41371/jars/aws-java-sdk-bundle-1.11.1026.jar with timestamp 1775227536527
[2026-04-03T14:45:37.981+0000] {spark_submit.py:491} INFO - 26/04/03 14:45:37 INFO SparkContext: Added JAR file:///opt/airflow/etl/jars/delta-core_2.12-2.3.0.jar at spark://ff668b8b098e:41371/jars/delta-core_2.12-2.3.0.jar with timestamp 1775227536527
[2026-04-03T14:45:37.981+0000] {spark_submit.py:491} INFO - 26/04/03 14:45:37 INFO SparkContext: Added JAR file:///opt/airflow/etl/jars/delta-storage-2.3.0.jar at spark://ff668b8b098e:41371/jars/delta-storage-2.3.0.jar with timestamp 1775227536527
[2026-04-03T14:45:38.157+0000] {spark_submit.py:491} INFO - 26/04/03 14:45:38 INFO StandaloneAppClient$ClientEndpoint: Connecting to master spark://spark-master:7077...
[2026-04-03T14:45:38.269+0000] {spark_submit.py:491} INFO - 26/04/03 14:45:38 INFO TransportClientFactory: Successfully created connection to spark-master/172.18.0.6:7077 after 70 ms (0 ms spent in bootstraps)
[2026-04-03T14:45:38.530+0000] {spark_submit.py:491} INFO - 26/04/03 14:45:38 INFO StandaloneSchedulerBackend: Connected to Spark cluster with app ID app-20260403144538-0039
[2026-04-03T14:45:38.542+0000] {spark_submit.py:491} INFO - 26/04/03 14:45:38 INFO Utils: Successfully started service 'org.apache.spark.network.netty.NettyBlockTransferService' on port 34699.
[2026-04-03T14:45:38.543+0000] {spark_submit.py:491} INFO - 26/04/03 14:45:38 INFO NettyBlockTransferService: Server created on ff668b8b098e:34699
[2026-04-03T14:45:38.546+0000] {spark_submit.py:491} INFO - 26/04/03 14:45:38 INFO BlockManager: Using org.apache.spark.storage.RandomBlockReplicationPolicy for block replication policy
[2026-04-03T14:45:38.563+0000] {spark_submit.py:491} INFO - 26/04/03 14:45:38 INFO BlockManagerMaster: Registering BlockManager BlockManagerId(driver, ff668b8b098e, 34699, None)
[2026-04-03T14:45:38.571+0000] {spark_submit.py:491} INFO - 26/04/03 14:45:38 INFO BlockManagerMasterEndpoint: Registering block manager ff668b8b098e:34699 with 434.4 MiB RAM, BlockManagerId(driver, ff668b8b098e, 34699, None)
[2026-04-03T14:45:38.577+0000] {spark_submit.py:491} INFO - 26/04/03 14:45:38 INFO BlockManagerMaster: Registered BlockManager BlockManagerId(driver, ff668b8b098e, 34699, None)
[2026-04-03T14:45:38.581+0000] {spark_submit.py:491} INFO - 26/04/03 14:45:38 INFO BlockManager: Initialized BlockManager: BlockManagerId(driver, ff668b8b098e, 34699, None)
[2026-04-03T14:45:39.018+0000] {spark_submit.py:491} INFO - 26/04/03 14:45:39 INFO StandaloneSchedulerBackend: SchedulerBackend is ready for scheduling beginning after reached minRegisteredResourcesRatio: 0.0
[2026-04-03T14:45:41.206+0000] {spark_submit.py:491} INFO - INFO:silver_processor: Bắt đầu xử lý lớp Silver cho bảng: orders | Chế độ CDC: True
[2026-04-03T14:45:41.210+0000] {spark_submit.py:491} INFO - INFO:silver_processor: Bắt đầu quét Data Nóng từ Bronze...
[2026-04-03T14:45:41.653+0000] {spark_submit.py:491} INFO - 26/04/03 14:45:41 WARN MetricsConfig: Cannot locate configuration: tried hadoop-metrics2-s3a-file-system.properties,hadoop-metrics2.properties
[2026-04-03T14:48:50.680+0000] {local_task_job_runner.py:115} ERROR - Received SIGTERM. Terminating subprocesses
[2026-04-03T14:48:50.768+0000] {process_utils.py:131} INFO - Sending 15 to group 1704. PIDs of all processes in the group: [1721, 1852, 1704]
[2026-04-03T14:48:50.773+0000] {process_utils.py:86} INFO - Sending the signal 15 to group 1704
[2026-04-03T14:48:50.809+0000] {taskinstance.py:1632} ERROR - Received SIGTERM. Terminating subprocesses.
[2026-04-03T14:48:50.858+0000] {spark_submit.py:618} INFO - Sending kill signal to spark-submit
[2026-04-03T14:48:51.114+0000] {process_utils.py:79} INFO - Process psutil.Process(pid=1852, status='terminated', started='14:45:34') (1852) terminated with exit code None
[2026-04-03T14:48:51.210+0000] {taskinstance.py:1937} ERROR - Task failed with exception
Traceback (most recent call last):
  File "/home/airflow/.local/lib/python3.10/site-packages/airflow/providers/apache/spark/operators/spark_submit.py", line 156, in execute
    self._hook.submit(self._application)
  File "/home/airflow/.local/lib/python3.10/site-packages/airflow/providers/apache/spark/hooks/spark_submit.py", line 410, in submit
    self._process_spark_submit_log(iter(self._submit_sp.stdout))  # type: ignore
  File "/home/airflow/.local/lib/python3.10/site-packages/airflow/providers/apache/spark/hooks/spark_submit.py", line 459, in _process_spark_submit_log
    for line in itr:
  File "/home/airflow/.local/lib/python3.10/site-packages/airflow/models/taskinstance.py", line 1634, in signal_handler
    raise AirflowException("Task received SIGTERM signal")
airflow.exceptions.AirflowException: Task received SIGTERM signal
[2026-04-03T14:48:51.269+0000] {taskinstance.py:1400} INFO - Marking task as FAILED. dag_id=silver_spark_processor, task_id=process_silver_orders, execution_date=20260401T000000, start_date=20260403T144529, end_date=20260403T144851
[2026-04-03T14:48:51.529+0000] {standard_task_runner.py:104} ERROR - Failed to execute job 610 for task process_silver_orders (Task received SIGTERM signal; 1704)
[2026-04-03T14:48:51.582+0000] {process_utils.py:79} INFO - Process psutil.Process(pid=1704, status='terminated', exitcode=1, started='14:45:29') (1704) terminated with exit code 1
[2026-04-03T14:48:51.583+0000] {process_utils.py:79} INFO - Process psutil.Process(pid=1721, status='terminated', started='14:45:29') (1721) terminated with exit code None
[2026-04-03T14:48:51.585+0000] {local_task_job_runner.py:228} INFO - Task exited with return code 143
[2026-04-03T14:48:51.858+0000] {taskinstance.py:2778} INFO - 0 downstream tasks scheduled from follow-on schedule check
