[2026-04-03T14:40:01.245+0000] {taskinstance.py:1159} INFO - Dependencies all met for dep_context=non-requeueable deps ti=<TaskInstance: silver_spark_processor.process_silver_orders scheduled__2026-04-01T00:00:00+00:00 [queued]>
[2026-04-03T14:40:01.258+0000] {taskinstance.py:1159} INFO - Dependencies all met for dep_context=requeueable deps ti=<TaskInstance: silver_spark_processor.process_silver_orders scheduled__2026-04-01T00:00:00+00:00 [queued]>
[2026-04-03T14:40:01.258+0000] {taskinstance.py:1361} INFO - Starting attempt 7 of 8
[2026-04-03T14:40:01.280+0000] {taskinstance.py:1382} INFO - Executing <Task(SparkSubmitOperator): process_silver_orders> on 2026-04-01 00:00:00+00:00
[2026-04-03T14:40:01.290+0000] {standard_task_runner.py:57} INFO - Started process 2019 to run task
[2026-04-03T14:40:01.299+0000] {standard_task_runner.py:84} INFO - Running: ['airflow', 'tasks', 'run', 'silver_spark_processor', 'process_silver_orders', 'scheduled__2026-04-01T00:00:00+00:00', '--job-id', '582', '--raw', '--subdir', 'DAGS_FOLDER/silver_processor_dag.py', '--cfg-path', '/tmp/tmph82o1_gg']
[2026-04-03T14:40:01.303+0000] {standard_task_runner.py:85} INFO - Job 582: Subtask process_silver_orders
[2026-04-03T14:40:01.397+0000] {task_command.py:416} INFO - Running <TaskInstance: silver_spark_processor.process_silver_orders scheduled__2026-04-01T00:00:00+00:00 [running]> on host e516154efc74
[2026-04-03T14:40:01.585+0000] {taskinstance.py:1662} INFO - Exporting env vars: AIRFLOW_CTX_DAG_OWNER='data-team' AIRFLOW_CTX_DAG_ID='silver_spark_processor' AIRFLOW_CTX_TASK_ID='process_silver_orders' AIRFLOW_CTX_EXECUTION_DATE='2026-04-01T00:00:00+00:00' AIRFLOW_CTX_TRY_NUMBER='7' AIRFLOW_CTX_DAG_RUN_ID='scheduled__2026-04-01T00:00:00+00:00'
[2026-04-03T14:40:01.607+0000] {base.py:73} INFO - Using connection ID 'spark_default' for task execution.
[2026-04-03T14:40:01.612+0000] {spark_submit.py:340} INFO - Spark-Submit cmd: spark-submit --master spark://spark-master:7077 --conf spark.sql.extensions=io.delta.sql.DeltaSparkSessionExtension --conf spark.sql.catalog.spark_catalog=org.apache.spark.sql.delta.catalog.DeltaCatalog --conf spark.databricks.delta.schema.autoMerge.enabled=true --jars /opt/airflow/etl/jars/hadoop-aws-3.3.2.jar,/opt/airflow/etl/jars/aws-java-sdk-bundle-1.11.1026.jar,/opt/airflow/etl/jars/delta-core_2.12-2.3.0.jar,/opt/airflow/etl/jars/delta-storage-2.3.0.jar --executor-cores 1 --executor-memory 1g --driver-memory 1g --name airflow_silver_orders /opt/airflow/etl/silver/main_silver.py --table_name orders --merge_key order_id --is_cdc true --json_schema order_id STRING, customer_id STRING, order_status STRING, order_purchase_timestamp STRING, order_approved_at STRING, order_delivered_carrier_date STRING, order_delivered_customer_date STRING, order_estimated_delivery_date STRING
[2026-04-03T14:40:01.817+0000] {spark_submit.py:491} INFO - /home/airflow/.local/lib/python3.10/site-packages/pyspark/bin/load-spark-env.sh: line 68: ps: command not found
[2026-04-03T14:40:09.163+0000] {spark_submit.py:491} INFO - 26/04/03 14:40:09 WARN NativeCodeLoader: Unable to load native-hadoop library for your platform... using builtin-java classes where applicable
[2026-04-03T14:40:11.615+0000] {spark_submit.py:491} INFO - INFO:__main__:Khởi tạo Spark Job cho bảng: orders
[2026-04-03T14:40:11.951+0000] {spark_submit.py:491} INFO - 26/04/03 14:40:11 INFO SparkContext: Running Spark version 3.3.2
[2026-04-03T14:40:12.078+0000] {spark_submit.py:491} INFO - 26/04/03 14:40:12 INFO ResourceUtils: ==============================================================
[2026-04-03T14:40:12.078+0000] {spark_submit.py:491} INFO - 26/04/03 14:40:12 INFO ResourceUtils: No custom resources configured for spark.driver.
[2026-04-03T14:40:12.079+0000] {spark_submit.py:491} INFO - 26/04/03 14:40:12 INFO ResourceUtils: ==============================================================
[2026-04-03T14:40:12.081+0000] {spark_submit.py:491} INFO - 26/04/03 14:40:12 INFO SparkContext: Submitted application: <class 'pyspark.sql.session.SparkSession'>
[2026-04-03T14:40:12.140+0000] {spark_submit.py:491} INFO - 26/04/03 14:40:12 INFO ResourceProfile: Default ResourceProfile created, executor resources: Map(cores -> name: cores, amount: 1, script: , vendor: , memory -> name: memory, amount: 1024, script: , vendor: , offHeap -> name: offHeap, amount: 0, script: , vendor: ), task resources: Map(cpus -> name: cpus, amount: 1.0)
[2026-04-03T14:40:12.196+0000] {spark_submit.py:491} INFO - 26/04/03 14:40:12 INFO ResourceProfile: Limiting resource is cpus at 1 tasks per executor
[2026-04-03T14:40:12.202+0000] {spark_submit.py:491} INFO - 26/04/03 14:40:12 INFO ResourceProfileManager: Added ResourceProfile id: 0
[2026-04-03T14:40:12.982+0000] {spark_submit.py:491} INFO - 26/04/03 14:40:12 INFO SecurityManager: Changing view acls to: airflow
[2026-04-03T14:40:13.021+0000] {spark_submit.py:491} INFO - 26/04/03 14:40:12 INFO SecurityManager: Changing modify acls to: airflow
[2026-04-03T14:40:13.021+0000] {spark_submit.py:491} INFO - 26/04/03 14:40:12 INFO SecurityManager: Changing view acls groups to:
[2026-04-03T14:40:13.022+0000] {spark_submit.py:491} INFO - 26/04/03 14:40:12 INFO SecurityManager: Changing modify acls groups to:
[2026-04-03T14:40:13.022+0000] {spark_submit.py:491} INFO - 26/04/03 14:40:12 INFO SecurityManager: SecurityManager: authentication disabled; ui acls disabled; users  with view permissions: Set(airflow); groups with view permissions: Set(); users  with modify permissions: Set(airflow); groups with modify permissions: Set()
[2026-04-03T14:40:14.801+0000] {spark_submit.py:491} INFO - 26/04/03 14:40:14 INFO Utils: Successfully started service 'sparkDriver' on port 42453.
[2026-04-03T14:40:14.929+0000] {spark_submit.py:491} INFO - 26/04/03 14:40:14 INFO SparkEnv: Registering MapOutputTracker
[2026-04-03T14:40:15.055+0000] {spark_submit.py:491} INFO - 26/04/03 14:40:15 INFO SparkEnv: Registering BlockManagerMaster
[2026-04-03T14:40:15.100+0000] {spark_submit.py:491} INFO - 26/04/03 14:40:15 INFO BlockManagerMasterEndpoint: Using org.apache.spark.storage.DefaultTopologyMapper for getting topology information
[2026-04-03T14:40:15.101+0000] {spark_submit.py:491} INFO - 26/04/03 14:40:15 INFO BlockManagerMasterEndpoint: BlockManagerMasterEndpoint up
[2026-04-03T14:40:15.109+0000] {spark_submit.py:491} INFO - 26/04/03 14:40:15 INFO SparkEnv: Registering BlockManagerMasterHeartbeat
[2026-04-03T14:40:15.156+0000] {spark_submit.py:491} INFO - 26/04/03 14:40:15 INFO DiskBlockManager: Created local directory at /tmp/blockmgr-c820bba8-c6a6-45dd-b6f4-6cf48b2a8e5f
[2026-04-03T14:40:15.214+0000] {spark_submit.py:491} INFO - 26/04/03 14:40:15 INFO MemoryStore: MemoryStore started with capacity 434.4 MiB
[2026-04-03T14:40:15.253+0000] {spark_submit.py:491} INFO - 26/04/03 14:40:15 INFO SparkEnv: Registering OutputCommitCoordinator
[2026-04-03T14:40:16.454+0000] {spark_submit.py:491} INFO - 26/04/03 14:40:16 WARN Utils: Service 'SparkUI' could not bind on port 4040. Attempting port 4041.
[2026-04-03T14:40:16.459+0000] {spark_submit.py:491} INFO - 26/04/03 14:40:16 WARN Utils: Service 'SparkUI' could not bind on port 4041. Attempting port 4042.
[2026-04-03T14:40:16.460+0000] {spark_submit.py:491} INFO - 26/04/03 14:40:16 WARN Utils: Service 'SparkUI' could not bind on port 4042. Attempting port 4043.
[2026-04-03T14:40:16.510+0000] {spark_submit.py:491} INFO - 26/04/03 14:40:16 INFO Utils: Successfully started service 'SparkUI' on port 4043.
[2026-04-03T14:40:16.650+0000] {spark_submit.py:491} INFO - 26/04/03 14:40:16 INFO SparkContext: Added JAR file:///opt/airflow/etl/jars/hadoop-aws-3.3.2.jar at spark://e516154efc74:42453/jars/hadoop-aws-3.3.2.jar with timestamp 1775227211912
[2026-04-03T14:40:16.651+0000] {spark_submit.py:491} INFO - 26/04/03 14:40:16 INFO SparkContext: Added JAR file:///opt/airflow/etl/jars/aws-java-sdk-bundle-1.11.1026.jar at spark://e516154efc74:42453/jars/aws-java-sdk-bundle-1.11.1026.jar with timestamp 1775227211912
[2026-04-03T14:40:16.654+0000] {spark_submit.py:491} INFO - 26/04/03 14:40:16 INFO SparkContext: Added JAR file:///opt/airflow/etl/jars/delta-core_2.12-2.3.0.jar at spark://e516154efc74:42453/jars/delta-core_2.12-2.3.0.jar with timestamp 1775227211912
[2026-04-03T14:40:16.655+0000] {spark_submit.py:491} INFO - 26/04/03 14:40:16 INFO SparkContext: Added JAR file:///opt/airflow/etl/jars/delta-storage-2.3.0.jar at spark://e516154efc74:42453/jars/delta-storage-2.3.0.jar with timestamp 1775227211912
[2026-04-03T14:40:17.098+0000] {spark_submit.py:491} INFO - 26/04/03 14:40:17 INFO StandaloneAppClient$ClientEndpoint: Connecting to master spark://spark-master:7077...
[2026-04-03T14:40:17.326+0000] {spark_submit.py:491} INFO - 26/04/03 14:40:17 INFO TransportClientFactory: Successfully created connection to spark-master/172.18.0.6:7077 after 167 ms (0 ms spent in bootstraps)
[2026-04-03T14:40:17.699+0000] {spark_submit.py:491} INFO - 26/04/03 14:40:17 INFO StandaloneSchedulerBackend: Connected to Spark cluster with app ID app-20260403144017-0017
[2026-04-03T14:40:17.737+0000] {spark_submit.py:491} INFO - 26/04/03 14:40:17 INFO Utils: Successfully started service 'org.apache.spark.network.netty.NettyBlockTransferService' on port 33311.
[2026-04-03T14:40:17.738+0000] {spark_submit.py:491} INFO - 26/04/03 14:40:17 INFO NettyBlockTransferService: Server created on e516154efc74:33311
[2026-04-03T14:40:17.748+0000] {spark_submit.py:491} INFO - 26/04/03 14:40:17 INFO BlockManager: Using org.apache.spark.storage.RandomBlockReplicationPolicy for block replication policy
[2026-04-03T14:40:17.814+0000] {spark_submit.py:491} INFO - 26/04/03 14:40:17 INFO BlockManagerMaster: Registering BlockManager BlockManagerId(driver, e516154efc74, 33311, None)
[2026-04-03T14:40:17.834+0000] {spark_submit.py:491} INFO - 26/04/03 14:40:17 INFO BlockManagerMasterEndpoint: Registering block manager e516154efc74:33311 with 434.4 MiB RAM, BlockManagerId(driver, e516154efc74, 33311, None)
[2026-04-03T14:40:17.846+0000] {spark_submit.py:491} INFO - 26/04/03 14:40:17 INFO BlockManagerMaster: Registered BlockManager BlockManagerId(driver, e516154efc74, 33311, None)
[2026-04-03T14:40:17.851+0000] {spark_submit.py:491} INFO - 26/04/03 14:40:17 INFO BlockManager: Initialized BlockManager: BlockManagerId(driver, e516154efc74, 33311, None)
[2026-04-03T14:40:18.387+0000] {spark_submit.py:491} INFO - 26/04/03 14:40:18 INFO StandaloneSchedulerBackend: SchedulerBackend is ready for scheduling beginning after reached minRegisteredResourcesRatio: 0.0
[2026-04-03T14:40:21.046+0000] {spark_submit.py:491} INFO - INFO:silver_processor: Bắt đầu xử lý lớp Silver cho bảng: orders | Chế độ CDC: True
[2026-04-03T14:40:21.048+0000] {spark_submit.py:491} INFO - INFO:silver_processor: Bắt đầu quét Data Nóng từ Bronze...
[2026-04-03T14:40:21.895+0000] {spark_submit.py:491} INFO - 26/04/03 14:40:21 WARN MetricsConfig: Cannot locate configuration: tried hadoop-metrics2-s3a-file-system.properties,hadoop-metrics2.properties
[2026-04-03T14:40:28.321+0000] {taskinstance.py:1937} ERROR - Task failed with exception
Traceback (most recent call last):
  File "/home/airflow/.local/lib/python3.10/site-packages/airflow/providers/apache/spark/operators/spark_submit.py", line 156, in execute
    self._hook.submit(self._application)
  File "/home/airflow/.local/lib/python3.10/site-packages/airflow/providers/apache/spark/hooks/spark_submit.py", line 422, in submit
    raise AirflowException(
airflow.exceptions.AirflowException: Cannot execute: spark-submit --master spark://spark-master:7077 --conf spark.sql.extensions=io.delta.sql.DeltaSparkSessionExtension --conf spark.sql.catalog.spark_catalog=org.apache.spark.sql.delta.catalog.DeltaCatalog --conf spark.databricks.delta.schema.autoMerge.enabled=true --jars /opt/airflow/etl/jars/hadoop-aws-3.3.2.jar,/opt/airflow/etl/jars/aws-java-sdk-bundle-1.11.1026.jar,/opt/airflow/etl/jars/delta-core_2.12-2.3.0.jar,/opt/airflow/etl/jars/delta-storage-2.3.0.jar --executor-cores 1 --executor-memory 1g --driver-memory 1g --name airflow_silver_orders /opt/airflow/etl/silver/main_silver.py --table_name orders --merge_key order_id --is_cdc true --json_schema order_id STRING, customer_id STRING, order_status STRING, order_purchase_timestamp STRING, order_approved_at STRING, order_delivered_carrier_date STRING, order_delivered_customer_date STRING, order_estimated_delivery_date STRING. Error code is: -9.
[2026-04-03T14:40:28.394+0000] {taskinstance.py:1400} INFO - Marking task as UP_FOR_RETRY. dag_id=silver_spark_processor, task_id=process_silver_orders, execution_date=20260401T000000, start_date=20260403T144001, end_date=20260403T144028
[2026-04-03T14:40:28.569+0000] {standard_task_runner.py:104} ERROR - Failed to execute job 582 for task process_silver_orders (Cannot execute: spark-submit --master spark://spark-master:7077 --conf spark.sql.extensions=io.delta.sql.DeltaSparkSessionExtension --conf spark.sql.catalog.spark_catalog=org.apache.spark.sql.delta.catalog.DeltaCatalog --conf spark.databricks.delta.schema.autoMerge.enabled=true --jars /opt/airflow/etl/jars/hadoop-aws-3.3.2.jar,/opt/airflow/etl/jars/aws-java-sdk-bundle-1.11.1026.jar,/opt/airflow/etl/jars/delta-core_2.12-2.3.0.jar,/opt/airflow/etl/jars/delta-storage-2.3.0.jar --executor-cores 1 --executor-memory 1g --driver-memory 1g --name airflow_silver_orders /opt/airflow/etl/silver/main_silver.py --table_name orders --merge_key order_id --is_cdc true --json_schema order_id STRING, customer_id STRING, order_status STRING, order_purchase_timestamp STRING, order_approved_at STRING, order_delivered_carrier_date STRING, order_delivered_customer_date STRING, order_estimated_delivery_date STRING. Error code is: -9.; 2019)
[2026-04-03T14:40:28.604+0000] {local_task_job_runner.py:228} INFO - Task exited with return code 1
[2026-04-03T14:40:28.831+0000] {taskinstance.py:2778} INFO - 0 downstream tasks scheduled from follow-on schedule check
