[2026-04-03T14:45:35.138+0000] {taskinstance.py:1159} INFO - Dependencies all met for dep_context=non-requeueable deps ti=<TaskInstance: silver_spark_processor.process_silver_geolocation scheduled__2026-04-01T00:00:00+00:00 [queued]>
[2026-04-03T14:45:35.155+0000] {taskinstance.py:1159} INFO - Dependencies all met for dep_context=requeueable deps ti=<TaskInstance: silver_spark_processor.process_silver_geolocation scheduled__2026-04-01T00:00:00+00:00 [queued]>
[2026-04-03T14:45:35.155+0000] {taskinstance.py:1361} INFO - Starting attempt 8 of 8
[2026-04-03T14:45:35.181+0000] {taskinstance.py:1382} INFO - Executing <Task(SparkSubmitOperator): process_silver_geolocation> on 2026-04-01 00:00:00+00:00
[2026-04-03T14:45:35.191+0000] {standard_task_runner.py:57} INFO - Started process 1864 to run task
[2026-04-03T14:45:35.197+0000] {standard_task_runner.py:84} INFO - Running: ['airflow', 'tasks', 'run', 'silver_spark_processor', 'process_silver_geolocation', 'scheduled__2026-04-01T00:00:00+00:00', '--job-id', '612', '--raw', '--subdir', 'DAGS_FOLDER/silver_processor_dag.py', '--cfg-path', '/tmp/tmpbrug64ew']
[2026-04-03T14:45:35.200+0000] {standard_task_runner.py:85} INFO - Job 612: Subtask process_silver_geolocation
[2026-04-03T14:45:35.277+0000] {task_command.py:416} INFO - Running <TaskInstance: silver_spark_processor.process_silver_geolocation scheduled__2026-04-01T00:00:00+00:00 [running]> on host ff668b8b098e
[2026-04-03T14:45:35.429+0000] {taskinstance.py:1662} INFO - Exporting env vars: AIRFLOW_CTX_DAG_OWNER='data-team' AIRFLOW_CTX_DAG_ID='silver_spark_processor' AIRFLOW_CTX_TASK_ID='process_silver_geolocation' AIRFLOW_CTX_EXECUTION_DATE='2026-04-01T00:00:00+00:00' AIRFLOW_CTX_TRY_NUMBER='8' AIRFLOW_CTX_DAG_RUN_ID='scheduled__2026-04-01T00:00:00+00:00'
[2026-04-03T14:45:35.444+0000] {base.py:73} INFO - Using connection ID 'spark_default' for task execution.
[2026-04-03T14:45:35.447+0000] {spark_submit.py:340} INFO - Spark-Submit cmd: spark-submit --master spark://spark-master:7077 --conf spark.sql.extensions=io.delta.sql.DeltaSparkSessionExtension --conf spark.sql.catalog.spark_catalog=org.apache.spark.sql.delta.catalog.DeltaCatalog --conf spark.databricks.delta.schema.autoMerge.enabled=true --jars /opt/airflow/etl/jars/hadoop-aws-3.3.2.jar,/opt/airflow/etl/jars/aws-java-sdk-bundle-1.11.1026.jar,/opt/airflow/etl/jars/delta-core_2.12-2.3.0.jar,/opt/airflow/etl/jars/delta-storage-2.3.0.jar --executor-cores 1 --executor-memory 1g --driver-memory 1g --name airflow_silver_geolocation /opt/airflow/etl/silver/main_silver.py --table_name geolocation --merge_key geolocation_zip_code_prefix --is_cdc false --json_schema 
[2026-04-03T14:45:35.659+0000] {spark_submit.py:491} INFO - /home/airflow/.local/lib/python3.10/site-packages/pyspark/bin/load-spark-env.sh: line 68: ps: command not found
[2026-04-03T14:45:39.259+0000] {spark_submit.py:491} INFO - 26/04/03 14:45:39 WARN NativeCodeLoader: Unable to load native-hadoop library for your platform... using builtin-java classes where applicable
[2026-04-03T14:45:42.202+0000] {spark_submit.py:491} INFO - INFO:__main__:Khởi tạo Spark Job cho bảng: geolocation
[2026-04-03T14:45:42.594+0000] {spark_submit.py:491} INFO - 26/04/03 14:45:42 INFO SparkContext: Running Spark version 3.3.2
[2026-04-03T14:45:42.683+0000] {spark_submit.py:491} INFO - 26/04/03 14:45:42 INFO ResourceUtils: ==============================================================
[2026-04-03T14:45:42.684+0000] {spark_submit.py:491} INFO - 26/04/03 14:45:42 INFO ResourceUtils: No custom resources configured for spark.driver.
[2026-04-03T14:45:42.685+0000] {spark_submit.py:491} INFO - 26/04/03 14:45:42 INFO ResourceUtils: ==============================================================
[2026-04-03T14:45:42.686+0000] {spark_submit.py:491} INFO - 26/04/03 14:45:42 INFO SparkContext: Submitted application: <class 'pyspark.sql.session.SparkSession'>
[2026-04-03T14:45:42.735+0000] {spark_submit.py:491} INFO - 26/04/03 14:45:42 INFO ResourceProfile: Default ResourceProfile created, executor resources: Map(cores -> name: cores, amount: 1, script: , vendor: , memory -> name: memory, amount: 1024, script: , vendor: , offHeap -> name: offHeap, amount: 0, script: , vendor: ), task resources: Map(cpus -> name: cpus, amount: 1.0)
[2026-04-03T14:45:42.783+0000] {spark_submit.py:491} INFO - 26/04/03 14:45:42 INFO ResourceProfile: Limiting resource is cpus at 1 tasks per executor
[2026-04-03T14:45:42.790+0000] {spark_submit.py:491} INFO - 26/04/03 14:45:42 INFO ResourceProfileManager: Added ResourceProfile id: 0
[2026-04-03T14:45:42.929+0000] {spark_submit.py:491} INFO - 26/04/03 14:45:42 INFO SecurityManager: Changing view acls to: airflow
[2026-04-03T14:45:42.929+0000] {spark_submit.py:491} INFO - 26/04/03 14:45:42 INFO SecurityManager: Changing modify acls to: airflow
[2026-04-03T14:45:42.931+0000] {spark_submit.py:491} INFO - 26/04/03 14:45:42 INFO SecurityManager: Changing view acls groups to:
[2026-04-03T14:45:42.933+0000] {spark_submit.py:491} INFO - 26/04/03 14:45:42 INFO SecurityManager: Changing modify acls groups to:
[2026-04-03T14:45:42.934+0000] {spark_submit.py:491} INFO - 26/04/03 14:45:42 INFO SecurityManager: SecurityManager: authentication disabled; ui acls disabled; users  with view permissions: Set(airflow); groups with view permissions: Set(); users  with modify permissions: Set(airflow); groups with modify permissions: Set()
[2026-04-03T14:45:43.677+0000] {spark_submit.py:491} INFO - 26/04/03 14:45:43 INFO Utils: Successfully started service 'sparkDriver' on port 37319.
[2026-04-03T14:45:43.741+0000] {spark_submit.py:491} INFO - 26/04/03 14:45:43 INFO SparkEnv: Registering MapOutputTracker
[2026-04-03T14:45:43.829+0000] {spark_submit.py:491} INFO - 26/04/03 14:45:43 INFO SparkEnv: Registering BlockManagerMaster
[2026-04-03T14:45:43.886+0000] {spark_submit.py:491} INFO - 26/04/03 14:45:43 INFO BlockManagerMasterEndpoint: Using org.apache.spark.storage.DefaultTopologyMapper for getting topology information
[2026-04-03T14:45:43.889+0000] {spark_submit.py:491} INFO - 26/04/03 14:45:43 INFO BlockManagerMasterEndpoint: BlockManagerMasterEndpoint up
[2026-04-03T14:45:43.904+0000] {spark_submit.py:491} INFO - 26/04/03 14:45:43 INFO SparkEnv: Registering BlockManagerMasterHeartbeat
[2026-04-03T14:45:44.007+0000] {spark_submit.py:491} INFO - 26/04/03 14:45:44 INFO DiskBlockManager: Created local directory at /tmp/blockmgr-55982ad3-575d-4e96-a572-4fe2b2a9fcea
[2026-04-03T14:45:44.058+0000] {spark_submit.py:491} INFO - 26/04/03 14:45:44 INFO MemoryStore: MemoryStore started with capacity 434.4 MiB
[2026-04-03T14:45:44.113+0000] {spark_submit.py:491} INFO - 26/04/03 14:45:44 INFO SparkEnv: Registering OutputCommitCoordinator
[2026-04-03T14:45:44.706+0000] {spark_submit.py:491} INFO - 26/04/03 14:45:44 WARN Utils: Service 'SparkUI' could not bind on port 4040. Attempting port 4041.
[2026-04-03T14:45:44.707+0000] {spark_submit.py:491} INFO - 26/04/03 14:45:44 WARN Utils: Service 'SparkUI' could not bind on port 4041. Attempting port 4042.
[2026-04-03T14:45:44.708+0000] {spark_submit.py:491} INFO - 26/04/03 14:45:44 WARN Utils: Service 'SparkUI' could not bind on port 4042. Attempting port 4043.
[2026-04-03T14:45:44.724+0000] {spark_submit.py:491} INFO - 26/04/03 14:45:44 INFO Utils: Successfully started service 'SparkUI' on port 4043.
[2026-04-03T14:45:44.788+0000] {spark_submit.py:491} INFO - 26/04/03 14:45:44 INFO SparkContext: Added JAR file:///opt/airflow/etl/jars/hadoop-aws-3.3.2.jar at spark://ff668b8b098e:37319/jars/hadoop-aws-3.3.2.jar with timestamp 1775227542568
[2026-04-03T14:45:44.788+0000] {spark_submit.py:491} INFO - 26/04/03 14:45:44 INFO SparkContext: Added JAR file:///opt/airflow/etl/jars/aws-java-sdk-bundle-1.11.1026.jar at spark://ff668b8b098e:37319/jars/aws-java-sdk-bundle-1.11.1026.jar with timestamp 1775227542568
[2026-04-03T14:45:44.788+0000] {spark_submit.py:491} INFO - 26/04/03 14:45:44 INFO SparkContext: Added JAR file:///opt/airflow/etl/jars/delta-core_2.12-2.3.0.jar at spark://ff668b8b098e:37319/jars/delta-core_2.12-2.3.0.jar with timestamp 1775227542568
[2026-04-03T14:45:44.788+0000] {spark_submit.py:491} INFO - 26/04/03 14:45:44 INFO SparkContext: Added JAR file:///opt/airflow/etl/jars/delta-storage-2.3.0.jar at spark://ff668b8b098e:37319/jars/delta-storage-2.3.0.jar with timestamp 1775227542568
[2026-04-03T14:45:44.978+0000] {spark_submit.py:491} INFO - 26/04/03 14:45:44 INFO StandaloneAppClient$ClientEndpoint: Connecting to master spark://spark-master:7077...
[2026-04-03T14:45:45.093+0000] {spark_submit.py:491} INFO - 26/04/03 14:45:45 INFO TransportClientFactory: Successfully created connection to spark-master/172.18.0.6:7077 after 68 ms (0 ms spent in bootstraps)
[2026-04-03T14:45:45.284+0000] {spark_submit.py:491} INFO - 26/04/03 14:45:45 INFO StandaloneSchedulerBackend: Connected to Spark cluster with app ID app-20260403144545-0041
[2026-04-03T14:45:45.297+0000] {spark_submit.py:491} INFO - 26/04/03 14:45:45 INFO Utils: Successfully started service 'org.apache.spark.network.netty.NettyBlockTransferService' on port 36599.
[2026-04-03T14:45:45.297+0000] {spark_submit.py:491} INFO - 26/04/03 14:45:45 INFO NettyBlockTransferService: Server created on ff668b8b098e:36599
[2026-04-03T14:45:45.300+0000] {spark_submit.py:491} INFO - 26/04/03 14:45:45 INFO BlockManager: Using org.apache.spark.storage.RandomBlockReplicationPolicy for block replication policy
[2026-04-03T14:45:45.317+0000] {spark_submit.py:491} INFO - 26/04/03 14:45:45 INFO BlockManagerMaster: Registering BlockManager BlockManagerId(driver, ff668b8b098e, 36599, None)
[2026-04-03T14:45:45.323+0000] {spark_submit.py:491} INFO - 26/04/03 14:45:45 INFO BlockManagerMasterEndpoint: Registering block manager ff668b8b098e:36599 with 434.4 MiB RAM, BlockManagerId(driver, ff668b8b098e, 36599, None)
[2026-04-03T14:45:45.328+0000] {spark_submit.py:491} INFO - 26/04/03 14:45:45 INFO BlockManagerMaster: Registered BlockManager BlockManagerId(driver, ff668b8b098e, 36599, None)
[2026-04-03T14:45:45.331+0000] {spark_submit.py:491} INFO - 26/04/03 14:45:45 INFO BlockManager: Initialized BlockManager: BlockManagerId(driver, ff668b8b098e, 36599, None)
[2026-04-03T14:45:45.739+0000] {spark_submit.py:491} INFO - 26/04/03 14:45:45 INFO StandaloneSchedulerBackend: SchedulerBackend is ready for scheduling beginning after reached minRegisteredResourcesRatio: 0.0
[2026-04-03T14:45:47.663+0000] {spark_submit.py:491} INFO - INFO:silver_processor: Bắt đầu xử lý lớp Silver cho bảng: geolocation | Chế độ CDC: False
[2026-04-03T14:45:47.664+0000] {spark_submit.py:491} INFO - INFO:silver_processor: Bắt đầu quét Data Nóng từ Bronze...
[2026-04-03T14:45:48.260+0000] {spark_submit.py:491} INFO - 26/04/03 14:45:48 WARN MetricsConfig: Cannot locate configuration: tried hadoop-metrics2-s3a-file-system.properties,hadoop-metrics2.properties
[2026-04-03T14:45:53.845+0000] {taskinstance.py:1937} ERROR - Task failed with exception
Traceback (most recent call last):
  File "/home/airflow/.local/lib/python3.10/site-packages/airflow/providers/apache/spark/operators/spark_submit.py", line 156, in execute
    self._hook.submit(self._application)
  File "/home/airflow/.local/lib/python3.10/site-packages/airflow/providers/apache/spark/hooks/spark_submit.py", line 422, in submit
    raise AirflowException(
airflow.exceptions.AirflowException: Cannot execute: spark-submit --master spark://spark-master:7077 --conf spark.sql.extensions=io.delta.sql.DeltaSparkSessionExtension --conf spark.sql.catalog.spark_catalog=org.apache.spark.sql.delta.catalog.DeltaCatalog --conf spark.databricks.delta.schema.autoMerge.enabled=true --jars /opt/airflow/etl/jars/hadoop-aws-3.3.2.jar,/opt/airflow/etl/jars/aws-java-sdk-bundle-1.11.1026.jar,/opt/airflow/etl/jars/delta-core_2.12-2.3.0.jar,/opt/airflow/etl/jars/delta-storage-2.3.0.jar --executor-cores 1 --executor-memory 1g --driver-memory 1g --name airflow_silver_geolocation /opt/airflow/etl/silver/main_silver.py --table_name geolocation --merge_key geolocation_zip_code_prefix --is_cdc false --json_schema . Error code is: -9.
[2026-04-03T14:45:53.870+0000] {taskinstance.py:1400} INFO - Marking task as FAILED. dag_id=silver_spark_processor, task_id=process_silver_geolocation, execution_date=20260401T000000, start_date=20260403T144535, end_date=20260403T144553
[2026-04-03T14:45:53.913+0000] {standard_task_runner.py:104} ERROR - Failed to execute job 612 for task process_silver_geolocation (Cannot execute: spark-submit --master spark://spark-master:7077 --conf spark.sql.extensions=io.delta.sql.DeltaSparkSessionExtension --conf spark.sql.catalog.spark_catalog=org.apache.spark.sql.delta.catalog.DeltaCatalog --conf spark.databricks.delta.schema.autoMerge.enabled=true --jars /opt/airflow/etl/jars/hadoop-aws-3.3.2.jar,/opt/airflow/etl/jars/aws-java-sdk-bundle-1.11.1026.jar,/opt/airflow/etl/jars/delta-core_2.12-2.3.0.jar,/opt/airflow/etl/jars/delta-storage-2.3.0.jar --executor-cores 1 --executor-memory 1g --driver-memory 1g --name airflow_silver_geolocation /opt/airflow/etl/silver/main_silver.py --table_name geolocation --merge_key geolocation_zip_code_prefix --is_cdc false --json_schema . Error code is: -9.; 1864)
[2026-04-03T14:45:53.959+0000] {local_task_job_runner.py:228} INFO - Task exited with return code 1
[2026-04-03T14:45:54.107+0000] {taskinstance.py:2778} INFO - 0 downstream tasks scheduled from follow-on schedule check
