[2026-04-02T11:11:18.153+0000] {taskinstance.py:1159} INFO - Dependencies all met for dep_context=non-requeueable deps ti=<TaskInstance: silver_spark_processor.process_silver_products manual__2026-04-02T10:55:44.325453+00:00 [queued]>
[2026-04-02T11:11:18.183+0000] {taskinstance.py:1159} INFO - Dependencies all met for dep_context=requeueable deps ti=<TaskInstance: silver_spark_processor.process_silver_products manual__2026-04-02T10:55:44.325453+00:00 [queued]>
[2026-04-02T11:11:18.184+0000] {taskinstance.py:1361} INFO - Starting attempt 4 of 4
[2026-04-02T11:11:18.238+0000] {taskinstance.py:1382} INFO - Executing <Task(SparkSubmitOperator): process_silver_products> on 2026-04-02 10:55:44.325453+00:00
[2026-04-02T11:11:18.260+0000] {standard_task_runner.py:57} INFO - Started process 204 to run task
[2026-04-02T11:11:18.271+0000] {standard_task_runner.py:84} INFO - Running: ['airflow', 'tasks', 'run', 'silver_spark_processor', 'process_silver_products', 'manual__2026-04-02T10:55:44.325453+00:00', '--job-id', '278', '--raw', '--subdir', 'DAGS_FOLDER/silver_processor_dag.py', '--cfg-path', '/tmp/tmpvbe7tta_']
[2026-04-02T11:11:18.277+0000] {standard_task_runner.py:85} INFO - Job 278: Subtask process_silver_products
[2026-04-02T11:11:18.444+0000] {task_command.py:416} INFO - Running <TaskInstance: silver_spark_processor.process_silver_products manual__2026-04-02T10:55:44.325453+00:00 [running]> on host 5926004790ec
[2026-04-02T11:11:18.727+0000] {taskinstance.py:1662} INFO - Exporting env vars: AIRFLOW_CTX_DAG_OWNER='data-team' AIRFLOW_CTX_DAG_ID='silver_spark_processor' AIRFLOW_CTX_TASK_ID='process_silver_products' AIRFLOW_CTX_EXECUTION_DATE='2026-04-02T10:55:44.325453+00:00' AIRFLOW_CTX_TRY_NUMBER='4' AIRFLOW_CTX_DAG_RUN_ID='manual__2026-04-02T10:55:44.325453+00:00'
[2026-04-02T11:11:18.758+0000] {base.py:73} INFO - Using connection ID 'spark_default' for task execution.
[2026-04-02T11:11:18.759+0000] {spark_submit.py:340} INFO - Spark-Submit cmd: spark-submit --master spark://spark-master:7077 --executor-cores 1 --executor-memory 1g --driver-memory 1g --name airflow_silver_products /opt/airflow/etl/silver/main_silver.py --table_name products --merge_key product_id --is_cdc false --json_schema 
[2026-04-02T11:11:19.068+0000] {spark_submit.py:491} INFO - /home/airflow/.local/lib/python3.10/site-packages/pyspark/bin/load-spark-env.sh: line 68: ps: command not found
[2026-04-02T11:11:35.923+0000] {spark_submit.py:491} INFO - INFO:__main__:Khởi tạo Spark Job cho bảng: products
[2026-04-02T11:11:36.181+0000] {spark_submit.py:491} INFO - 26/04/02 11:11:36 INFO SparkContext: Running Spark version 3.3.2
[2026-04-02T11:11:36.393+0000] {spark_submit.py:491} INFO - 26/04/02 11:11:36 WARN NativeCodeLoader: Unable to load native-hadoop library for your platform... using builtin-java classes where applicable
[2026-04-02T11:11:36.719+0000] {spark_submit.py:491} INFO - 26/04/02 11:11:36 INFO ResourceUtils: ==============================================================
[2026-04-02T11:11:36.721+0000] {spark_submit.py:491} INFO - 26/04/02 11:11:36 INFO ResourceUtils: No custom resources configured for spark.driver.
[2026-04-02T11:11:36.725+0000] {spark_submit.py:491} INFO - 26/04/02 11:11:36 INFO ResourceUtils: ==============================================================
[2026-04-02T11:11:36.725+0000] {spark_submit.py:491} INFO - 26/04/02 11:11:36 INFO SparkContext: Submitted application: <class 'pyspark.sql.session.SparkSession'>
[2026-04-02T11:11:36.804+0000] {spark_submit.py:491} INFO - 26/04/02 11:11:36 INFO ResourceProfile: Default ResourceProfile created, executor resources: Map(cores -> name: cores, amount: 1, script: , vendor: , memory -> name: memory, amount: 1024, script: , vendor: , offHeap -> name: offHeap, amount: 0, script: , vendor: ), task resources: Map(cpus -> name: cpus, amount: 1.0)
[2026-04-02T11:11:36.899+0000] {spark_submit.py:491} INFO - 26/04/02 11:11:36 INFO ResourceProfile: Limiting resource is cpus at 1 tasks per executor
[2026-04-02T11:11:36.911+0000] {spark_submit.py:491} INFO - 26/04/02 11:11:36 INFO ResourceProfileManager: Added ResourceProfile id: 0
[2026-04-02T11:11:37.360+0000] {spark_submit.py:491} INFO - 26/04/02 11:11:37 INFO SecurityManager: Changing view acls to: airflow
[2026-04-02T11:11:37.374+0000] {spark_submit.py:491} INFO - 26/04/02 11:11:37 INFO SecurityManager: Changing modify acls to: airflow
[2026-04-02T11:11:37.375+0000] {spark_submit.py:491} INFO - 26/04/02 11:11:37 INFO SecurityManager: Changing view acls groups to:
[2026-04-02T11:11:37.382+0000] {spark_submit.py:491} INFO - 26/04/02 11:11:37 INFO SecurityManager: Changing modify acls groups to:
[2026-04-02T11:11:37.382+0000] {spark_submit.py:491} INFO - 26/04/02 11:11:37 INFO SecurityManager: SecurityManager: authentication disabled; ui acls disabled; users  with view permissions: Set(airflow); groups with view permissions: Set(); users  with modify permissions: Set(airflow); groups with modify permissions: Set()
[2026-04-02T11:11:39.378+0000] {spark_submit.py:491} INFO - 26/04/02 11:11:39 INFO Utils: Successfully started service 'sparkDriver' on port 40755.
[2026-04-02T11:11:39.561+0000] {spark_submit.py:491} INFO - 26/04/02 11:11:39 INFO SparkEnv: Registering MapOutputTracker
[2026-04-02T11:11:39.746+0000] {spark_submit.py:491} INFO - 26/04/02 11:11:39 INFO SparkEnv: Registering BlockManagerMaster
[2026-04-02T11:11:39.826+0000] {spark_submit.py:491} INFO - 26/04/02 11:11:39 INFO BlockManagerMasterEndpoint: Using org.apache.spark.storage.DefaultTopologyMapper for getting topology information
[2026-04-02T11:11:39.827+0000] {spark_submit.py:491} INFO - 26/04/02 11:11:39 INFO BlockManagerMasterEndpoint: BlockManagerMasterEndpoint up
[2026-04-02T11:11:39.856+0000] {spark_submit.py:491} INFO - 26/04/02 11:11:39 INFO SparkEnv: Registering BlockManagerMasterHeartbeat
[2026-04-02T11:11:39.948+0000] {spark_submit.py:491} INFO - 26/04/02 11:11:39 INFO DiskBlockManager: Created local directory at /tmp/blockmgr-92a37952-208a-41a6-aa68-59885f146437
[2026-04-02T11:11:40.051+0000] {spark_submit.py:491} INFO - 26/04/02 11:11:40 INFO MemoryStore: MemoryStore started with capacity 434.4 MiB
[2026-04-02T11:11:40.169+0000] {spark_submit.py:491} INFO - 26/04/02 11:11:40 INFO SparkEnv: Registering OutputCommitCoordinator
[2026-04-02T11:11:41.281+0000] {spark_submit.py:491} INFO - 26/04/02 11:11:41 WARN Utils: Service 'SparkUI' could not bind on port 4040. Attempting port 4041.
[2026-04-02T11:11:41.286+0000] {spark_submit.py:491} INFO - 26/04/02 11:11:41 WARN Utils: Service 'SparkUI' could not bind on port 4041. Attempting port 4042.
[2026-04-02T11:11:41.290+0000] {spark_submit.py:491} INFO - 26/04/02 11:11:41 WARN Utils: Service 'SparkUI' could not bind on port 4042. Attempting port 4043.
[2026-04-02T11:11:41.292+0000] {spark_submit.py:491} INFO - 26/04/02 11:11:41 WARN Utils: Service 'SparkUI' could not bind on port 4043. Attempting port 4044.
[2026-04-02T11:11:41.295+0000] {spark_submit.py:491} INFO - 26/04/02 11:11:41 WARN Utils: Service 'SparkUI' could not bind on port 4044. Attempting port 4045.
[2026-04-02T11:11:41.297+0000] {spark_submit.py:491} INFO - 26/04/02 11:11:41 WARN Utils: Service 'SparkUI' could not bind on port 4045. Attempting port 4046.
[2026-04-02T11:11:41.298+0000] {spark_submit.py:491} INFO - 26/04/02 11:11:41 WARN Utils: Service 'SparkUI' could not bind on port 4046. Attempting port 4047.
[2026-04-02T11:11:41.330+0000] {spark_submit.py:491} INFO - 26/04/02 11:11:41 INFO Utils: Successfully started service 'SparkUI' on port 4047.
[2026-04-02T11:11:41.884+0000] {spark_submit.py:491} INFO - 26/04/02 11:11:41 INFO StandaloneAppClient$ClientEndpoint: Connecting to master spark://spark-master:7077...
[2026-04-02T11:11:42.079+0000] {spark_submit.py:491} INFO - 26/04/02 11:11:42 WARN StandaloneAppClient$ClientEndpoint: Failed to connect to master spark-master:7077
[2026-04-02T11:11:42.080+0000] {spark_submit.py:491} INFO - org.apache.spark.SparkException: Exception thrown in awaitResult:
[2026-04-02T11:11:42.080+0000] {spark_submit.py:491} INFO - at org.apache.spark.util.ThreadUtils$.awaitResult(ThreadUtils.scala:301)
[2026-04-02T11:11:42.080+0000] {spark_submit.py:491} INFO - at org.apache.spark.rpc.RpcTimeout.awaitResult(RpcTimeout.scala:75)
[2026-04-02T11:11:42.080+0000] {spark_submit.py:491} INFO - at org.apache.spark.rpc.RpcEnv.setupEndpointRefByURI(RpcEnv.scala:102)
[2026-04-02T11:11:42.080+0000] {spark_submit.py:491} INFO - at org.apache.spark.rpc.RpcEnv.setupEndpointRef(RpcEnv.scala:110)
[2026-04-02T11:11:42.080+0000] {spark_submit.py:491} INFO - at org.apache.spark.deploy.client.StandaloneAppClient$ClientEndpoint$$anon$1.run(StandaloneAppClient.scala:107)
[2026-04-02T11:11:42.080+0000] {spark_submit.py:491} INFO - at java.base/java.util.concurrent.Executors$RunnableAdapter.call(Executors.java:515)
[2026-04-02T11:11:42.080+0000] {spark_submit.py:491} INFO - at java.base/java.util.concurrent.FutureTask.run(FutureTask.java:264)
[2026-04-02T11:11:42.081+0000] {spark_submit.py:491} INFO - at java.base/java.util.concurrent.ThreadPoolExecutor.runWorker(ThreadPoolExecutor.java:1128)
[2026-04-02T11:11:42.081+0000] {spark_submit.py:491} INFO - at java.base/java.util.concurrent.ThreadPoolExecutor$Worker.run(ThreadPoolExecutor.java:628)
[2026-04-02T11:11:42.081+0000] {spark_submit.py:491} INFO - at java.base/java.lang.Thread.run(Thread.java:829)
[2026-04-02T11:11:42.081+0000] {spark_submit.py:491} INFO - Caused by: java.io.IOException: Failed to connect to spark-master:7077
[2026-04-02T11:11:42.081+0000] {spark_submit.py:491} INFO - at org.apache.spark.network.client.TransportClientFactory.createClient(TransportClientFactory.java:288)
[2026-04-02T11:11:42.081+0000] {spark_submit.py:491} INFO - at org.apache.spark.network.client.TransportClientFactory.createClient(TransportClientFactory.java:218)
[2026-04-02T11:11:42.081+0000] {spark_submit.py:491} INFO - at org.apache.spark.network.client.TransportClientFactory.createClient(TransportClientFactory.java:230)
[2026-04-02T11:11:42.081+0000] {spark_submit.py:491} INFO - at org.apache.spark.rpc.netty.NettyRpcEnv.createClient(NettyRpcEnv.scala:204)
[2026-04-02T11:11:42.081+0000] {spark_submit.py:491} INFO - at org.apache.spark.rpc.netty.Outbox$$anon$1.call(Outbox.scala:202)
[2026-04-02T11:11:42.081+0000] {spark_submit.py:491} INFO - at org.apache.spark.rpc.netty.Outbox$$anon$1.call(Outbox.scala:198)
[2026-04-02T11:11:42.081+0000] {spark_submit.py:491} INFO - ... 4 more
[2026-04-02T11:11:42.081+0000] {spark_submit.py:491} INFO - Caused by: java.net.UnknownHostException: spark-master
[2026-04-02T11:11:42.082+0000] {spark_submit.py:491} INFO - at java.base/java.net.InetAddress$CachedAddresses.get(InetAddress.java:797)
[2026-04-02T11:11:42.082+0000] {spark_submit.py:491} INFO - at java.base/java.net.InetAddress.getAllByName0(InetAddress.java:1533)
[2026-04-02T11:11:42.082+0000] {spark_submit.py:491} INFO - at java.base/java.net.InetAddress.getAllByName(InetAddress.java:1386)
[2026-04-02T11:11:42.082+0000] {spark_submit.py:491} INFO - at java.base/java.net.InetAddress.getAllByName(InetAddress.java:1307)
[2026-04-02T11:11:42.082+0000] {spark_submit.py:491} INFO - at java.base/java.net.InetAddress.getByName(InetAddress.java:1257)
[2026-04-02T11:11:42.082+0000] {spark_submit.py:491} INFO - at io.netty.util.internal.SocketUtils$8.run(SocketUtils.java:156)
[2026-04-02T11:11:42.082+0000] {spark_submit.py:491} INFO - at io.netty.util.internal.SocketUtils$8.run(SocketUtils.java:153)
[2026-04-02T11:11:42.082+0000] {spark_submit.py:491} INFO - at java.base/java.security.AccessController.doPrivileged(Native Method)
[2026-04-02T11:11:42.082+0000] {spark_submit.py:491} INFO - at io.netty.util.internal.SocketUtils.addressByName(SocketUtils.java:153)
[2026-04-02T11:11:42.082+0000] {spark_submit.py:491} INFO - at io.netty.resolver.DefaultNameResolver.doResolve(DefaultNameResolver.java:41)
[2026-04-02T11:11:42.086+0000] {spark_submit.py:491} INFO - at io.netty.resolver.SimpleNameResolver.resolve(SimpleNameResolver.java:61)
[2026-04-02T11:11:42.087+0000] {spark_submit.py:491} INFO - at io.netty.resolver.SimpleNameResolver.resolve(SimpleNameResolver.java:53)
[2026-04-02T11:11:42.087+0000] {spark_submit.py:491} INFO - at io.netty.resolver.InetSocketAddressResolver.doResolve(InetSocketAddressResolver.java:55)
[2026-04-02T11:11:42.087+0000] {spark_submit.py:491} INFO - at io.netty.resolver.InetSocketAddressResolver.doResolve(InetSocketAddressResolver.java:31)
[2026-04-02T11:11:42.087+0000] {spark_submit.py:491} INFO - at io.netty.resolver.AbstractAddressResolver.resolve(AbstractAddressResolver.java:106)
[2026-04-02T11:11:42.087+0000] {spark_submit.py:491} INFO - at io.netty.bootstrap.Bootstrap.doResolveAndConnect0(Bootstrap.java:206)
[2026-04-02T11:11:42.087+0000] {spark_submit.py:491} INFO - at io.netty.bootstrap.Bootstrap.access$000(Bootstrap.java:46)
[2026-04-02T11:11:42.087+0000] {spark_submit.py:491} INFO - at io.netty.bootstrap.Bootstrap$1.operationComplete(Bootstrap.java:180)
[2026-04-02T11:11:42.087+0000] {spark_submit.py:491} INFO - at io.netty.bootstrap.Bootstrap$1.operationComplete(Bootstrap.java:166)
[2026-04-02T11:11:42.088+0000] {spark_submit.py:491} INFO - at io.netty.util.concurrent.DefaultPromise.notifyListener0(DefaultPromise.java:578)
[2026-04-02T11:11:42.088+0000] {spark_submit.py:491} INFO - at io.netty.util.concurrent.DefaultPromise.notifyListenersNow(DefaultPromise.java:552)
[2026-04-02T11:11:42.088+0000] {spark_submit.py:491} INFO - at io.netty.util.concurrent.DefaultPromise.notifyListeners(DefaultPromise.java:491)
[2026-04-02T11:11:42.088+0000] {spark_submit.py:491} INFO - at io.netty.util.concurrent.DefaultPromise.setValue0(DefaultPromise.java:616)
[2026-04-02T11:11:42.088+0000] {spark_submit.py:491} INFO - at io.netty.util.concurrent.DefaultPromise.setSuccess0(DefaultPromise.java:605)
[2026-04-02T11:11:42.088+0000] {spark_submit.py:491} INFO - at io.netty.util.concurrent.DefaultPromise.trySuccess(DefaultPromise.java:104)
[2026-04-02T11:11:42.088+0000] {spark_submit.py:491} INFO - at io.netty.channel.DefaultChannelPromise.trySuccess(DefaultChannelPromise.java:84)
[2026-04-02T11:11:42.088+0000] {spark_submit.py:491} INFO - at io.netty.channel.AbstractChannel$AbstractUnsafe.safeSetSuccess(AbstractChannel.java:990)
[2026-04-02T11:11:42.088+0000] {spark_submit.py:491} INFO - at io.netty.channel.AbstractChannel$AbstractUnsafe.register0(AbstractChannel.java:516)
[2026-04-02T11:11:42.088+0000] {spark_submit.py:491} INFO - at io.netty.channel.AbstractChannel$AbstractUnsafe.access$200(AbstractChannel.java:429)
[2026-04-02T11:11:42.088+0000] {spark_submit.py:491} INFO - at io.netty.channel.AbstractChannel$AbstractUnsafe$1.run(AbstractChannel.java:486)
[2026-04-02T11:11:42.089+0000] {spark_submit.py:491} INFO - at io.netty.util.concurrent.AbstractEventExecutor.safeExecute(AbstractEventExecutor.java:164)
[2026-04-02T11:11:42.089+0000] {spark_submit.py:491} INFO - at io.netty.util.concurrent.SingleThreadEventExecutor.runAllTasks(SingleThreadEventExecutor.java:469)
[2026-04-02T11:11:42.089+0000] {spark_submit.py:491} INFO - at io.netty.channel.nio.NioEventLoop.run(NioEventLoop.java:503)
[2026-04-02T11:11:42.089+0000] {spark_submit.py:491} INFO - at io.netty.util.concurrent.SingleThreadEventExecutor$4.run(SingleThreadEventExecutor.java:986)
[2026-04-02T11:11:42.089+0000] {spark_submit.py:491} INFO - at io.netty.util.internal.ThreadExecutorMap$2.run(ThreadExecutorMap.java:74)
[2026-04-02T11:11:42.089+0000] {spark_submit.py:491} INFO - at io.netty.util.concurrent.FastThreadLocalRunnable.run(FastThreadLocalRunnable.java:30)
[2026-04-02T11:11:42.089+0000] {spark_submit.py:491} INFO - ... 1 more
[2026-04-02T11:12:01.888+0000] {spark_submit.py:491} INFO - 26/04/02 11:12:01 INFO StandaloneAppClient$ClientEndpoint: Connecting to master spark://spark-master:7077...
[2026-04-02T11:12:01.894+0000] {spark_submit.py:491} INFO - 26/04/02 11:12:01 WARN StandaloneAppClient$ClientEndpoint: Failed to connect to master spark-master:7077
[2026-04-02T11:12:01.895+0000] {spark_submit.py:491} INFO - org.apache.spark.SparkException: Exception thrown in awaitResult:
[2026-04-02T11:12:01.895+0000] {spark_submit.py:491} INFO - at org.apache.spark.util.ThreadUtils$.awaitResult(ThreadUtils.scala:301)
[2026-04-02T11:12:01.895+0000] {spark_submit.py:491} INFO - at org.apache.spark.rpc.RpcTimeout.awaitResult(RpcTimeout.scala:75)
[2026-04-02T11:12:01.895+0000] {spark_submit.py:491} INFO - at org.apache.spark.rpc.RpcEnv.setupEndpointRefByURI(RpcEnv.scala:102)
[2026-04-02T11:12:01.895+0000] {spark_submit.py:491} INFO - at org.apache.spark.rpc.RpcEnv.setupEndpointRef(RpcEnv.scala:110)
[2026-04-02T11:12:01.895+0000] {spark_submit.py:491} INFO - at org.apache.spark.deploy.client.StandaloneAppClient$ClientEndpoint$$anon$1.run(StandaloneAppClient.scala:107)
[2026-04-02T11:12:01.895+0000] {spark_submit.py:491} INFO - at java.base/java.util.concurrent.Executors$RunnableAdapter.call(Executors.java:515)
[2026-04-02T11:12:01.896+0000] {spark_submit.py:491} INFO - at java.base/java.util.concurrent.FutureTask.run(FutureTask.java:264)
[2026-04-02T11:12:01.896+0000] {spark_submit.py:491} INFO - at java.base/java.util.concurrent.ThreadPoolExecutor.runWorker(ThreadPoolExecutor.java:1128)
[2026-04-02T11:12:01.896+0000] {spark_submit.py:491} INFO - at java.base/java.util.concurrent.ThreadPoolExecutor$Worker.run(ThreadPoolExecutor.java:628)
[2026-04-02T11:12:01.896+0000] {spark_submit.py:491} INFO - at java.base/java.lang.Thread.run(Thread.java:829)
[2026-04-02T11:12:01.896+0000] {spark_submit.py:491} INFO - Caused by: java.io.IOException: Failed to connect to spark-master:7077
[2026-04-02T11:12:01.896+0000] {spark_submit.py:491} INFO - at org.apache.spark.network.client.TransportClientFactory.createClient(TransportClientFactory.java:288)
[2026-04-02T11:12:01.896+0000] {spark_submit.py:491} INFO - at org.apache.spark.network.client.TransportClientFactory.createClient(TransportClientFactory.java:218)
[2026-04-02T11:12:01.896+0000] {spark_submit.py:491} INFO - at org.apache.spark.network.client.TransportClientFactory.createClient(TransportClientFactory.java:230)
[2026-04-02T11:12:01.896+0000] {spark_submit.py:491} INFO - at org.apache.spark.rpc.netty.NettyRpcEnv.createClient(NettyRpcEnv.scala:204)
[2026-04-02T11:12:01.896+0000] {spark_submit.py:491} INFO - at org.apache.spark.rpc.netty.Outbox$$anon$1.call(Outbox.scala:202)
[2026-04-02T11:12:01.896+0000] {spark_submit.py:491} INFO - at org.apache.spark.rpc.netty.Outbox$$anon$1.call(Outbox.scala:198)
[2026-04-02T11:12:01.896+0000] {spark_submit.py:491} INFO - ... 4 more
[2026-04-02T11:12:01.896+0000] {spark_submit.py:491} INFO - Caused by: java.net.UnknownHostException: spark-master
[2026-04-02T11:12:01.897+0000] {spark_submit.py:491} INFO - at java.base/java.net.InetAddress$CachedAddresses.get(InetAddress.java:797)
[2026-04-02T11:12:01.897+0000] {spark_submit.py:491} INFO - at java.base/java.net.InetAddress.getAllByName0(InetAddress.java:1533)
[2026-04-02T11:12:01.897+0000] {spark_submit.py:491} INFO - at java.base/java.net.InetAddress.getAllByName(InetAddress.java:1386)
[2026-04-02T11:12:01.897+0000] {spark_submit.py:491} INFO - at java.base/java.net.InetAddress.getAllByName(InetAddress.java:1307)
[2026-04-02T11:12:01.897+0000] {spark_submit.py:491} INFO - at java.base/java.net.InetAddress.getByName(InetAddress.java:1257)
[2026-04-02T11:12:01.897+0000] {spark_submit.py:491} INFO - at io.netty.util.internal.SocketUtils$8.run(SocketUtils.java:156)
[2026-04-02T11:12:01.897+0000] {spark_submit.py:491} INFO - at io.netty.util.internal.SocketUtils$8.run(SocketUtils.java:153)
[2026-04-02T11:12:01.897+0000] {spark_submit.py:491} INFO - at java.base/java.security.AccessController.doPrivileged(Native Method)
[2026-04-02T11:12:01.897+0000] {spark_submit.py:491} INFO - at io.netty.util.internal.SocketUtils.addressByName(SocketUtils.java:153)
[2026-04-02T11:12:01.897+0000] {spark_submit.py:491} INFO - at io.netty.resolver.DefaultNameResolver.doResolve(DefaultNameResolver.java:41)
[2026-04-02T11:12:01.897+0000] {spark_submit.py:491} INFO - at io.netty.resolver.SimpleNameResolver.resolve(SimpleNameResolver.java:61)
[2026-04-02T11:12:01.897+0000] {spark_submit.py:491} INFO - at io.netty.resolver.SimpleNameResolver.resolve(SimpleNameResolver.java:53)
[2026-04-02T11:12:01.897+0000] {spark_submit.py:491} INFO - at io.netty.resolver.InetSocketAddressResolver.doResolve(InetSocketAddressResolver.java:55)
[2026-04-02T11:12:01.897+0000] {spark_submit.py:491} INFO - at io.netty.resolver.InetSocketAddressResolver.doResolve(InetSocketAddressResolver.java:31)
[2026-04-02T11:12:01.897+0000] {spark_submit.py:491} INFO - at io.netty.resolver.AbstractAddressResolver.resolve(AbstractAddressResolver.java:106)
[2026-04-02T11:12:01.897+0000] {spark_submit.py:491} INFO - at io.netty.bootstrap.Bootstrap.doResolveAndConnect0(Bootstrap.java:206)
[2026-04-02T11:12:01.897+0000] {spark_submit.py:491} INFO - at io.netty.bootstrap.Bootstrap.access$000(Bootstrap.java:46)
[2026-04-02T11:12:01.898+0000] {spark_submit.py:491} INFO - at io.netty.bootstrap.Bootstrap$1.operationComplete(Bootstrap.java:180)
[2026-04-02T11:12:01.898+0000] {spark_submit.py:491} INFO - at io.netty.bootstrap.Bootstrap$1.operationComplete(Bootstrap.java:166)
[2026-04-02T11:12:01.898+0000] {spark_submit.py:491} INFO - at io.netty.util.concurrent.DefaultPromise.notifyListener0(DefaultPromise.java:578)
[2026-04-02T11:12:01.898+0000] {spark_submit.py:491} INFO - at io.netty.util.concurrent.DefaultPromise.notifyListenersNow(DefaultPromise.java:552)
[2026-04-02T11:12:01.898+0000] {spark_submit.py:491} INFO - at io.netty.util.concurrent.DefaultPromise.notifyListeners(DefaultPromise.java:491)
[2026-04-02T11:12:01.898+0000] {spark_submit.py:491} INFO - at io.netty.util.concurrent.DefaultPromise.setValue0(DefaultPromise.java:616)
[2026-04-02T11:12:01.898+0000] {spark_submit.py:491} INFO - at io.netty.util.concurrent.DefaultPromise.setSuccess0(DefaultPromise.java:605)
[2026-04-02T11:12:01.898+0000] {spark_submit.py:491} INFO - at io.netty.util.concurrent.DefaultPromise.trySuccess(DefaultPromise.java:104)
[2026-04-02T11:12:01.898+0000] {spark_submit.py:491} INFO - at io.netty.channel.DefaultChannelPromise.trySuccess(DefaultChannelPromise.java:84)
[2026-04-02T11:12:01.898+0000] {spark_submit.py:491} INFO - at io.netty.channel.AbstractChannel$AbstractUnsafe.safeSetSuccess(AbstractChannel.java:990)
[2026-04-02T11:12:01.898+0000] {spark_submit.py:491} INFO - at io.netty.channel.AbstractChannel$AbstractUnsafe.register0(AbstractChannel.java:516)
[2026-04-02T11:12:01.898+0000] {spark_submit.py:491} INFO - at io.netty.channel.AbstractChannel$AbstractUnsafe.access$200(AbstractChannel.java:429)
[2026-04-02T11:12:01.898+0000] {spark_submit.py:491} INFO - at io.netty.channel.AbstractChannel$AbstractUnsafe$1.run(AbstractChannel.java:486)
[2026-04-02T11:12:01.898+0000] {spark_submit.py:491} INFO - at io.netty.util.concurrent.AbstractEventExecutor.safeExecute(AbstractEventExecutor.java:164)
[2026-04-02T11:12:01.898+0000] {spark_submit.py:491} INFO - at io.netty.util.concurrent.SingleThreadEventExecutor.runAllTasks(SingleThreadEventExecutor.java:469)
[2026-04-02T11:12:01.898+0000] {spark_submit.py:491} INFO - at io.netty.channel.nio.NioEventLoop.run(NioEventLoop.java:503)
[2026-04-02T11:12:01.899+0000] {spark_submit.py:491} INFO - at io.netty.util.concurrent.SingleThreadEventExecutor$4.run(SingleThreadEventExecutor.java:986)
[2026-04-02T11:12:01.899+0000] {spark_submit.py:491} INFO - at io.netty.util.internal.ThreadExecutorMap$2.run(ThreadExecutorMap.java:74)
[2026-04-02T11:12:01.899+0000] {spark_submit.py:491} INFO - at io.netty.util.concurrent.FastThreadLocalRunnable.run(FastThreadLocalRunnable.java:30)
[2026-04-02T11:12:01.899+0000] {spark_submit.py:491} INFO - ... 1 more
[2026-04-02T11:12:21.888+0000] {spark_submit.py:491} INFO - 26/04/02 11:12:21 INFO StandaloneAppClient$ClientEndpoint: Connecting to master spark://spark-master:7077...
[2026-04-02T11:12:21.894+0000] {spark_submit.py:491} INFO - 26/04/02 11:12:21 WARN StandaloneAppClient$ClientEndpoint: Failed to connect to master spark-master:7077
[2026-04-02T11:12:21.894+0000] {spark_submit.py:491} INFO - org.apache.spark.SparkException: Exception thrown in awaitResult:
[2026-04-02T11:12:21.894+0000] {spark_submit.py:491} INFO - at org.apache.spark.util.ThreadUtils$.awaitResult(ThreadUtils.scala:301)
[2026-04-02T11:12:21.894+0000] {spark_submit.py:491} INFO - at org.apache.spark.rpc.RpcTimeout.awaitResult(RpcTimeout.scala:75)
[2026-04-02T11:12:21.895+0000] {spark_submit.py:491} INFO - at org.apache.spark.rpc.RpcEnv.setupEndpointRefByURI(RpcEnv.scala:102)
[2026-04-02T11:12:21.895+0000] {spark_submit.py:491} INFO - at org.apache.spark.rpc.RpcEnv.setupEndpointRef(RpcEnv.scala:110)
[2026-04-02T11:12:21.895+0000] {spark_submit.py:491} INFO - at org.apache.spark.deploy.client.StandaloneAppClient$ClientEndpoint$$anon$1.run(StandaloneAppClient.scala:107)
[2026-04-02T11:12:21.895+0000] {spark_submit.py:491} INFO - at java.base/java.util.concurrent.Executors$RunnableAdapter.call(Executors.java:515)
[2026-04-02T11:12:21.895+0000] {spark_submit.py:491} INFO - at java.base/java.util.concurrent.FutureTask.run(FutureTask.java:264)
[2026-04-02T11:12:21.895+0000] {spark_submit.py:491} INFO - at java.base/java.util.concurrent.ThreadPoolExecutor.runWorker(ThreadPoolExecutor.java:1128)
[2026-04-02T11:12:21.895+0000] {spark_submit.py:491} INFO - at java.base/java.util.concurrent.ThreadPoolExecutor$Worker.run(ThreadPoolExecutor.java:628)
[2026-04-02T11:12:21.895+0000] {spark_submit.py:491} INFO - at java.base/java.lang.Thread.run(Thread.java:829)
[2026-04-02T11:12:21.895+0000] {spark_submit.py:491} INFO - Caused by: java.io.IOException: Failed to connect to spark-master:7077
[2026-04-02T11:12:21.895+0000] {spark_submit.py:491} INFO - at org.apache.spark.network.client.TransportClientFactory.createClient(TransportClientFactory.java:288)
[2026-04-02T11:12:21.895+0000] {spark_submit.py:491} INFO - at org.apache.spark.network.client.TransportClientFactory.createClient(TransportClientFactory.java:218)
[2026-04-02T11:12:21.895+0000] {spark_submit.py:491} INFO - at org.apache.spark.network.client.TransportClientFactory.createClient(TransportClientFactory.java:230)
[2026-04-02T11:12:21.895+0000] {spark_submit.py:491} INFO - at org.apache.spark.rpc.netty.NettyRpcEnv.createClient(NettyRpcEnv.scala:204)
[2026-04-02T11:12:21.895+0000] {spark_submit.py:491} INFO - at org.apache.spark.rpc.netty.Outbox$$anon$1.call(Outbox.scala:202)
[2026-04-02T11:12:21.895+0000] {spark_submit.py:491} INFO - at org.apache.spark.rpc.netty.Outbox$$anon$1.call(Outbox.scala:198)
[2026-04-02T11:12:21.896+0000] {spark_submit.py:491} INFO - ... 4 more
[2026-04-02T11:12:21.896+0000] {spark_submit.py:491} INFO - Caused by: java.net.UnknownHostException: spark-master
[2026-04-02T11:12:21.896+0000] {spark_submit.py:491} INFO - at java.base/java.net.InetAddress$CachedAddresses.get(InetAddress.java:797)
[2026-04-02T11:12:21.896+0000] {spark_submit.py:491} INFO - at java.base/java.net.InetAddress.getAllByName0(InetAddress.java:1533)
[2026-04-02T11:12:21.896+0000] {spark_submit.py:491} INFO - at java.base/java.net.InetAddress.getAllByName(InetAddress.java:1386)
[2026-04-02T11:12:21.896+0000] {spark_submit.py:491} INFO - at java.base/java.net.InetAddress.getAllByName(InetAddress.java:1307)
[2026-04-02T11:12:21.896+0000] {spark_submit.py:491} INFO - at java.base/java.net.InetAddress.getByName(InetAddress.java:1257)
[2026-04-02T11:12:21.896+0000] {spark_submit.py:491} INFO - at io.netty.util.internal.SocketUtils$8.run(SocketUtils.java:156)
[2026-04-02T11:12:21.896+0000] {spark_submit.py:491} INFO - at io.netty.util.internal.SocketUtils$8.run(SocketUtils.java:153)
[2026-04-02T11:12:21.896+0000] {spark_submit.py:491} INFO - at java.base/java.security.AccessController.doPrivileged(Native Method)
[2026-04-02T11:12:21.896+0000] {spark_submit.py:491} INFO - at io.netty.util.internal.SocketUtils.addressByName(SocketUtils.java:153)
[2026-04-02T11:12:21.896+0000] {spark_submit.py:491} INFO - at io.netty.resolver.DefaultNameResolver.doResolve(DefaultNameResolver.java:41)
[2026-04-02T11:12:21.896+0000] {spark_submit.py:491} INFO - at io.netty.resolver.SimpleNameResolver.resolve(SimpleNameResolver.java:61)
[2026-04-02T11:12:21.896+0000] {spark_submit.py:491} INFO - at io.netty.resolver.SimpleNameResolver.resolve(SimpleNameResolver.java:53)
[2026-04-02T11:12:21.896+0000] {spark_submit.py:491} INFO - at io.netty.resolver.InetSocketAddressResolver.doResolve(InetSocketAddressResolver.java:55)
[2026-04-02T11:12:21.896+0000] {spark_submit.py:491} INFO - at io.netty.resolver.InetSocketAddressResolver.doResolve(InetSocketAddressResolver.java:31)
[2026-04-02T11:12:21.897+0000] {spark_submit.py:491} INFO - at io.netty.resolver.AbstractAddressResolver.resolve(AbstractAddressResolver.java:106)
[2026-04-02T11:12:21.897+0000] {spark_submit.py:491} INFO - at io.netty.bootstrap.Bootstrap.doResolveAndConnect0(Bootstrap.java:206)
[2026-04-02T11:12:21.897+0000] {spark_submit.py:491} INFO - at io.netty.bootstrap.Bootstrap.access$000(Bootstrap.java:46)
[2026-04-02T11:12:21.897+0000] {spark_submit.py:491} INFO - at io.netty.bootstrap.Bootstrap$1.operationComplete(Bootstrap.java:180)
[2026-04-02T11:12:21.897+0000] {spark_submit.py:491} INFO - at io.netty.bootstrap.Bootstrap$1.operationComplete(Bootstrap.java:166)
[2026-04-02T11:12:21.897+0000] {spark_submit.py:491} INFO - at io.netty.util.concurrent.DefaultPromise.notifyListener0(DefaultPromise.java:578)
[2026-04-02T11:12:21.897+0000] {spark_submit.py:491} INFO - at io.netty.util.concurrent.DefaultPromise.notifyListenersNow(DefaultPromise.java:552)
[2026-04-02T11:12:21.897+0000] {spark_submit.py:491} INFO - at io.netty.util.concurrent.DefaultPromise.notifyListeners(DefaultPromise.java:491)
[2026-04-02T11:12:21.897+0000] {spark_submit.py:491} INFO - at io.netty.util.concurrent.DefaultPromise.setValue0(DefaultPromise.java:616)
[2026-04-02T11:12:21.897+0000] {spark_submit.py:491} INFO - at io.netty.util.concurrent.DefaultPromise.setSuccess0(DefaultPromise.java:605)
[2026-04-02T11:12:21.897+0000] {spark_submit.py:491} INFO - at io.netty.util.concurrent.DefaultPromise.trySuccess(DefaultPromise.java:104)
[2026-04-02T11:12:21.897+0000] {spark_submit.py:491} INFO - at io.netty.channel.DefaultChannelPromise.trySuccess(DefaultChannelPromise.java:84)
[2026-04-02T11:12:21.897+0000] {spark_submit.py:491} INFO - at io.netty.channel.AbstractChannel$AbstractUnsafe.safeSetSuccess(AbstractChannel.java:990)
[2026-04-02T11:12:21.897+0000] {spark_submit.py:491} INFO - at io.netty.channel.AbstractChannel$AbstractUnsafe.register0(AbstractChannel.java:516)
[2026-04-02T11:12:21.897+0000] {spark_submit.py:491} INFO - at io.netty.channel.AbstractChannel$AbstractUnsafe.access$200(AbstractChannel.java:429)
[2026-04-02T11:12:21.897+0000] {spark_submit.py:491} INFO - at io.netty.channel.AbstractChannel$AbstractUnsafe$1.run(AbstractChannel.java:486)
[2026-04-02T11:12:21.898+0000] {spark_submit.py:491} INFO - at io.netty.util.concurrent.AbstractEventExecutor.safeExecute(AbstractEventExecutor.java:164)
[2026-04-02T11:12:21.898+0000] {spark_submit.py:491} INFO - at io.netty.util.concurrent.SingleThreadEventExecutor.runAllTasks(SingleThreadEventExecutor.java:469)
[2026-04-02T11:12:21.898+0000] {spark_submit.py:491} INFO - at io.netty.channel.nio.NioEventLoop.run(NioEventLoop.java:503)
[2026-04-02T11:12:21.898+0000] {spark_submit.py:491} INFO - at io.netty.util.concurrent.SingleThreadEventExecutor$4.run(SingleThreadEventExecutor.java:986)
[2026-04-02T11:12:21.898+0000] {spark_submit.py:491} INFO - at io.netty.util.internal.ThreadExecutorMap$2.run(ThreadExecutorMap.java:74)
[2026-04-02T11:12:21.898+0000] {spark_submit.py:491} INFO - at io.netty.util.concurrent.FastThreadLocalRunnable.run(FastThreadLocalRunnable.java:30)
[2026-04-02T11:12:21.898+0000] {spark_submit.py:491} INFO - ... 1 more
[2026-04-02T11:12:41.948+0000] {spark_submit.py:491} INFO - 26/04/02 11:12:41 ERROR StandaloneSchedulerBackend: Application has been killed. Reason: All masters are unresponsive! Giving up.
[2026-04-02T11:12:42.004+0000] {spark_submit.py:491} INFO - 26/04/02 11:12:41 WARN StandaloneSchedulerBackend: Application ID is not initialized yet.
[2026-04-02T11:12:42.089+0000] {spark_submit.py:491} INFO - 26/04/02 11:12:42 INFO Utils: Successfully started service 'org.apache.spark.network.netty.NettyBlockTransferService' on port 44071.
[2026-04-02T11:12:42.090+0000] {spark_submit.py:491} INFO - 26/04/02 11:12:42 INFO NettyBlockTransferService: Server created on 5926004790ec:44071
[2026-04-02T11:12:42.105+0000] {spark_submit.py:491} INFO - 26/04/02 11:12:42 INFO BlockManager: Using org.apache.spark.storage.RandomBlockReplicationPolicy for block replication policy
[2026-04-02T11:12:42.154+0000] {spark_submit.py:491} INFO - 26/04/02 11:12:42 INFO SparkUI: Stopped Spark web UI at http://5926004790ec:4047
[2026-04-02T11:12:42.154+0000] {spark_submit.py:491} INFO - 26/04/02 11:12:42 INFO BlockManagerMaster: Registering BlockManager BlockManagerId(driver, 5926004790ec, 44071, None)
[2026-04-02T11:12:42.165+0000] {spark_submit.py:491} INFO - 26/04/02 11:12:42 INFO BlockManagerMasterEndpoint: Registering block manager 5926004790ec:44071 with 434.4 MiB RAM, BlockManagerId(driver, 5926004790ec, 44071, None)
[2026-04-02T11:12:42.181+0000] {spark_submit.py:491} INFO - 26/04/02 11:12:42 INFO BlockManagerMaster: Registered BlockManager BlockManagerId(driver, 5926004790ec, 44071, None)
[2026-04-02T11:12:42.188+0000] {spark_submit.py:491} INFO - 26/04/02 11:12:42 INFO BlockManager: Initialized BlockManager: BlockManagerId(driver, 5926004790ec, 44071, None)
[2026-04-02T11:12:42.199+0000] {spark_submit.py:491} INFO - 26/04/02 11:12:42 INFO StandaloneSchedulerBackend: Shutting down all executors
[2026-04-02T11:12:42.211+0000] {spark_submit.py:491} INFO - 26/04/02 11:12:42 INFO CoarseGrainedSchedulerBackend$DriverEndpoint: Asking each executor to shut down
[2026-04-02T11:12:42.247+0000] {spark_submit.py:491} INFO - 26/04/02 11:12:42 WARN StandaloneAppClient$ClientEndpoint: Drop UnregisterApplication(null) because has not yet connected to master
[2026-04-02T11:12:42.385+0000] {spark_submit.py:491} INFO - 26/04/02 11:12:42 INFO MapOutputTrackerMasterEndpoint: MapOutputTrackerMasterEndpoint stopped!
[2026-04-02T11:12:42.816+0000] {spark_submit.py:491} INFO - 26/04/02 11:12:42 INFO MemoryStore: MemoryStore cleared
[2026-04-02T11:12:42.816+0000] {spark_submit.py:491} INFO - 26/04/02 11:12:42 INFO BlockManager: BlockManager stopped
[2026-04-02T11:12:43.272+0000] {spark_submit.py:491} INFO - 26/04/02 11:12:43 INFO BlockManagerMaster: BlockManagerMaster stopped
[2026-04-02T11:12:43.297+0000] {spark_submit.py:491} INFO - 26/04/02 11:12:43 INFO OutputCommitCoordinator$OutputCommitCoordinatorEndpoint: OutputCommitCoordinator stopped!
[2026-04-02T11:12:43.552+0000] {spark_submit.py:491} INFO - 26/04/02 11:12:43 INFO SparkContext: Successfully stopped SparkContext
[2026-04-02T11:12:45.094+0000] {spark_submit.py:491} INFO - 26/04/02 11:12:45 ERROR AsyncEventQueue: Listener AppStatusListener threw an exception
[2026-04-02T11:12:45.095+0000] {spark_submit.py:491} INFO - java.lang.NullPointerException
[2026-04-02T11:12:45.095+0000] {spark_submit.py:491} INFO - at org.apache.spark.status.AppStatusListener.onApplicationEnd(AppStatusListener.scala:192)
[2026-04-02T11:12:45.095+0000] {spark_submit.py:491} INFO - at org.apache.spark.scheduler.SparkListenerBus.doPostEvent(SparkListenerBus.scala:57)
[2026-04-02T11:12:45.095+0000] {spark_submit.py:491} INFO - at org.apache.spark.scheduler.SparkListenerBus.doPostEvent$(SparkListenerBus.scala:28)
[2026-04-02T11:12:45.095+0000] {spark_submit.py:491} INFO - at org.apache.spark.scheduler.AsyncEventQueue.doPostEvent(AsyncEventQueue.scala:37)
[2026-04-02T11:12:45.095+0000] {spark_submit.py:491} INFO - at org.apache.spark.scheduler.AsyncEventQueue.doPostEvent(AsyncEventQueue.scala:37)
[2026-04-02T11:12:45.096+0000] {spark_submit.py:491} INFO - at org.apache.spark.util.ListenerBus.postToAll(ListenerBus.scala:117)
[2026-04-02T11:12:45.096+0000] {spark_submit.py:491} INFO - at org.apache.spark.util.ListenerBus.postToAll$(ListenerBus.scala:101)
[2026-04-02T11:12:45.096+0000] {spark_submit.py:491} INFO - at org.apache.spark.scheduler.AsyncEventQueue.super$postToAll(AsyncEventQueue.scala:105)
[2026-04-02T11:12:45.096+0000] {spark_submit.py:491} INFO - at org.apache.spark.scheduler.AsyncEventQueue.$anonfun$dispatch$1(AsyncEventQueue.scala:105)
[2026-04-02T11:12:45.096+0000] {spark_submit.py:491} INFO - at scala.runtime.java8.JFunction0$mcJ$sp.apply(JFunction0$mcJ$sp.java:23)
[2026-04-02T11:12:45.096+0000] {spark_submit.py:491} INFO - at scala.util.DynamicVariable.withValue(DynamicVariable.scala:62)
[2026-04-02T11:12:45.096+0000] {spark_submit.py:491} INFO - at org.apache.spark.scheduler.AsyncEventQueue.org$apache$spark$scheduler$AsyncEventQueue$$dispatch(AsyncEventQueue.scala:100)
[2026-04-02T11:12:45.096+0000] {spark_submit.py:491} INFO - at org.apache.spark.scheduler.AsyncEventQueue$$anon$2.$anonfun$run$1(AsyncEventQueue.scala:96)
[2026-04-02T11:12:45.096+0000] {spark_submit.py:491} INFO - at org.apache.spark.util.Utils$.tryOrStopSparkContext(Utils.scala:1446)
[2026-04-02T11:12:45.115+0000] {spark_submit.py:491} INFO - at org.apache.spark.scheduler.AsyncEventQueue$$anon$2.run(AsyncEventQueue.scala:96)
[2026-04-02T11:12:45.124+0000] {spark_submit.py:491} INFO - 26/04/02 11:12:45 ERROR SparkContext: Error initializing SparkContext.
[2026-04-02T11:12:45.145+0000] {spark_submit.py:491} INFO - java.lang.IllegalArgumentException: requirement failed: Can only call getServletHandlers on a running MetricsSystem
[2026-04-02T11:12:45.145+0000] {spark_submit.py:491} INFO - at scala.Predef$.require(Predef.scala:281)
[2026-04-02T11:12:45.145+0000] {spark_submit.py:491} INFO - at org.apache.spark.metrics.MetricsSystem.getServletHandlers(MetricsSystem.scala:89)
[2026-04-02T11:12:45.145+0000] {spark_submit.py:491} INFO - at org.apache.spark.SparkContext.<init>(SparkContext.scala:660)
[2026-04-02T11:12:45.145+0000] {spark_submit.py:491} INFO - at org.apache.spark.api.java.JavaSparkContext.<init>(JavaSparkContext.scala:58)
[2026-04-02T11:12:45.145+0000] {spark_submit.py:491} INFO - at java.base/jdk.internal.reflect.NativeConstructorAccessorImpl.newInstance0(Native Method)
[2026-04-02T11:12:45.145+0000] {spark_submit.py:491} INFO - at java.base/jdk.internal.reflect.NativeConstructorAccessorImpl.newInstance(NativeConstructorAccessorImpl.java:62)
[2026-04-02T11:12:45.145+0000] {spark_submit.py:491} INFO - at java.base/jdk.internal.reflect.DelegatingConstructorAccessorImpl.newInstance(DelegatingConstructorAccessorImpl.java:45)
[2026-04-02T11:12:45.146+0000] {spark_submit.py:491} INFO - at java.base/java.lang.reflect.Constructor.newInstance(Constructor.java:490)
[2026-04-02T11:12:45.146+0000] {spark_submit.py:491} INFO - at py4j.reflection.MethodInvoker.invoke(MethodInvoker.java:247)
[2026-04-02T11:12:45.146+0000] {spark_submit.py:491} INFO - at py4j.reflection.ReflectionEngine.invoke(ReflectionEngine.java:357)
[2026-04-02T11:12:45.146+0000] {spark_submit.py:491} INFO - at py4j.Gateway.invoke(Gateway.java:238)
[2026-04-02T11:12:45.146+0000] {spark_submit.py:491} INFO - at py4j.commands.ConstructorCommand.invokeConstructor(ConstructorCommand.java:80)
[2026-04-02T11:12:45.146+0000] {spark_submit.py:491} INFO - at py4j.commands.ConstructorCommand.execute(ConstructorCommand.java:69)
[2026-04-02T11:12:45.146+0000] {spark_submit.py:491} INFO - at py4j.ClientServerConnection.waitForCommands(ClientServerConnection.java:182)
[2026-04-02T11:12:45.146+0000] {spark_submit.py:491} INFO - at py4j.ClientServerConnection.run(ClientServerConnection.java:106)
[2026-04-02T11:12:45.146+0000] {spark_submit.py:491} INFO - at java.base/java.lang.Thread.run(Thread.java:829)
[2026-04-02T11:12:45.159+0000] {spark_submit.py:491} INFO - 26/04/02 11:12:45 INFO SparkContext: SparkContext already stopped.
[2026-04-02T11:12:45.160+0000] {spark_submit.py:491} INFO - Traceback (most recent call last):
[2026-04-02T11:12:45.160+0000] {spark_submit.py:491} INFO - File "/opt/airflow/etl/silver/main_silver.py", line 43, in <module>
[2026-04-02T11:12:45.160+0000] {spark_submit.py:491} INFO - spark = build_spark_session(SparkSession)
[2026-04-02T11:12:45.160+0000] {spark_submit.py:491} INFO - File "/opt/airflow/etl/silver/main_silver.py", line 16, in build_spark_session
[2026-04-02T11:12:45.164+0000] {spark_submit.py:491} INFO - .getOrCreate())
[2026-04-02T11:12:45.164+0000] {spark_submit.py:491} INFO - File "/home/airflow/.local/lib/python3.10/site-packages/pyspark/python/lib/pyspark.zip/pyspark/sql/session.py", line 269, in getOrCreate
[2026-04-02T11:12:45.165+0000] {spark_submit.py:491} INFO - File "/home/airflow/.local/lib/python3.10/site-packages/pyspark/python/lib/pyspark.zip/pyspark/context.py", line 483, in getOrCreate
[2026-04-02T11:12:45.165+0000] {spark_submit.py:491} INFO - File "/home/airflow/.local/lib/python3.10/site-packages/pyspark/python/lib/pyspark.zip/pyspark/context.py", line 197, in __init__
[2026-04-02T11:12:45.165+0000] {spark_submit.py:491} INFO - File "/home/airflow/.local/lib/python3.10/site-packages/pyspark/python/lib/pyspark.zip/pyspark/context.py", line 282, in _do_init
[2026-04-02T11:12:45.165+0000] {spark_submit.py:491} INFO - File "/home/airflow/.local/lib/python3.10/site-packages/pyspark/python/lib/pyspark.zip/pyspark/context.py", line 402, in _initialize_context
[2026-04-02T11:12:45.165+0000] {spark_submit.py:491} INFO - File "/home/airflow/.local/lib/python3.10/site-packages/pyspark/python/lib/py4j-0.10.9.5-src.zip/py4j/java_gateway.py", line 1585, in __call__
[2026-04-02T11:12:45.165+0000] {spark_submit.py:491} INFO - File "/home/airflow/.local/lib/python3.10/site-packages/pyspark/python/lib/py4j-0.10.9.5-src.zip/py4j/protocol.py", line 326, in get_return_value
[2026-04-02T11:12:45.165+0000] {spark_submit.py:491} INFO - py4j.protocol.Py4JJavaError: An error occurred while calling None.org.apache.spark.api.java.JavaSparkContext.
[2026-04-02T11:12:45.165+0000] {spark_submit.py:491} INFO - : java.lang.IllegalArgumentException: requirement failed: Can only call getServletHandlers on a running MetricsSystem
[2026-04-02T11:12:45.165+0000] {spark_submit.py:491} INFO - at scala.Predef$.require(Predef.scala:281)
[2026-04-02T11:12:45.165+0000] {spark_submit.py:491} INFO - at org.apache.spark.metrics.MetricsSystem.getServletHandlers(MetricsSystem.scala:89)
[2026-04-02T11:12:45.165+0000] {spark_submit.py:491} INFO - at org.apache.spark.SparkContext.<init>(SparkContext.scala:660)
[2026-04-02T11:12:45.166+0000] {spark_submit.py:491} INFO - at org.apache.spark.api.java.JavaSparkContext.<init>(JavaSparkContext.scala:58)
[2026-04-02T11:12:45.166+0000] {spark_submit.py:491} INFO - at java.base/jdk.internal.reflect.NativeConstructorAccessorImpl.newInstance0(Native Method)
[2026-04-02T11:12:45.166+0000] {spark_submit.py:491} INFO - at java.base/jdk.internal.reflect.NativeConstructorAccessorImpl.newInstance(NativeConstructorAccessorImpl.java:62)
[2026-04-02T11:12:45.166+0000] {spark_submit.py:491} INFO - at java.base/jdk.internal.reflect.DelegatingConstructorAccessorImpl.newInstance(DelegatingConstructorAccessorImpl.java:45)
[2026-04-02T11:12:45.166+0000] {spark_submit.py:491} INFO - at java.base/java.lang.reflect.Constructor.newInstance(Constructor.java:490)
[2026-04-02T11:12:45.166+0000] {spark_submit.py:491} INFO - at py4j.reflection.MethodInvoker.invoke(MethodInvoker.java:247)
[2026-04-02T11:12:45.166+0000] {spark_submit.py:491} INFO - at py4j.reflection.ReflectionEngine.invoke(ReflectionEngine.java:357)
[2026-04-02T11:12:45.166+0000] {spark_submit.py:491} INFO - at py4j.Gateway.invoke(Gateway.java:238)
[2026-04-02T11:12:45.166+0000] {spark_submit.py:491} INFO - at py4j.commands.ConstructorCommand.invokeConstructor(ConstructorCommand.java:80)
[2026-04-02T11:12:45.166+0000] {spark_submit.py:491} INFO - at py4j.commands.ConstructorCommand.execute(ConstructorCommand.java:69)
[2026-04-02T11:12:45.167+0000] {spark_submit.py:491} INFO - at py4j.ClientServerConnection.waitForCommands(ClientServerConnection.java:182)
[2026-04-02T11:12:45.167+0000] {spark_submit.py:491} INFO - at py4j.ClientServerConnection.run(ClientServerConnection.java:106)
[2026-04-02T11:12:45.167+0000] {spark_submit.py:491} INFO - at java.base/java.lang.Thread.run(Thread.java:829)
[2026-04-02T11:12:45.167+0000] {spark_submit.py:491} INFO - 
[2026-04-02T11:12:45.167+0000] {spark_submit.py:491} INFO - INFO:py4j.clientserver:Closing down clientserver connection
[2026-04-02T11:12:45.546+0000] {spark_submit.py:491} INFO - 26/04/02 11:12:45 INFO ShutdownHookManager: Shutdown hook called
[2026-04-02T11:12:45.623+0000] {spark_submit.py:491} INFO - 26/04/02 11:12:45 INFO ShutdownHookManager: Deleting directory /tmp/spark-a1c798ab-ae6a-4f45-b4a3-c4e8c2d32279
[2026-04-02T11:12:45.646+0000] {spark_submit.py:491} INFO - 26/04/02 11:12:45 INFO ShutdownHookManager: Deleting directory /tmp/spark-7554f008-5084-4b91-bf3d-b726e8be498c
[2026-04-02T11:12:46.167+0000] {taskinstance.py:1937} ERROR - Task failed with exception
Traceback (most recent call last):
  File "/home/airflow/.local/lib/python3.10/site-packages/airflow/providers/apache/spark/operators/spark_submit.py", line 156, in execute
    self._hook.submit(self._application)
  File "/home/airflow/.local/lib/python3.10/site-packages/airflow/providers/apache/spark/hooks/spark_submit.py", line 422, in submit
    raise AirflowException(
airflow.exceptions.AirflowException: Cannot execute: spark-submit --master spark://spark-master:7077 --executor-cores 1 --executor-memory 1g --driver-memory 1g --name airflow_silver_products /opt/airflow/etl/silver/main_silver.py --table_name products --merge_key product_id --is_cdc false --json_schema . Error code is: 1.
[2026-04-02T11:12:46.186+0000] {taskinstance.py:1400} INFO - Marking task as FAILED. dag_id=silver_spark_processor, task_id=process_silver_products, execution_date=20260402T105544, start_date=20260402T111118, end_date=20260402T111246
[2026-04-02T11:12:46.269+0000] {standard_task_runner.py:104} ERROR - Failed to execute job 278 for task process_silver_products (Cannot execute: spark-submit --master spark://spark-master:7077 --executor-cores 1 --executor-memory 1g --driver-memory 1g --name airflow_silver_products /opt/airflow/etl/silver/main_silver.py --table_name products --merge_key product_id --is_cdc false --json_schema . Error code is: 1.; 204)
[2026-04-02T11:12:46.350+0000] {local_task_job_runner.py:228} INFO - Task exited with return code 1
[2026-04-02T11:12:46.529+0000] {taskinstance.py:2778} INFO - 0 downstream tasks scheduled from follow-on schedule check
