[2026-04-02T11:01:18.502+0000] {taskinstance.py:1159} INFO - Dependencies all met for dep_context=non-requeueable deps ti=<TaskInstance: silver_spark_processor.process_silver_products manual__2026-04-02T10:55:44.325453+00:00 [queued]>
[2026-04-02T11:01:18.560+0000] {taskinstance.py:1159} INFO - Dependencies all met for dep_context=requeueable deps ti=<TaskInstance: silver_spark_processor.process_silver_products manual__2026-04-02T10:55:44.325453+00:00 [queued]>
[2026-04-02T11:01:18.560+0000] {taskinstance.py:1361} INFO - Starting attempt 2 of 2
[2026-04-02T11:01:18.647+0000] {taskinstance.py:1382} INFO - Executing <Task(SparkSubmitOperator): process_silver_products> on 2026-04-02 10:55:44.325453+00:00
[2026-04-02T11:01:18.667+0000] {standard_task_runner.py:57} INFO - Started process 3789 to run task
[2026-04-02T11:01:18.687+0000] {standard_task_runner.py:84} INFO - Running: ['airflow', 'tasks', 'run', 'silver_spark_processor', 'process_silver_products', 'manual__2026-04-02T10:55:44.325453+00:00', '--job-id', '244', '--raw', '--subdir', 'DAGS_FOLDER/silver_processor_dag.py', '--cfg-path', '/tmp/tmpaxfgtgu1']
[2026-04-02T11:01:18.700+0000] {standard_task_runner.py:85} INFO - Job 244: Subtask process_silver_products
[2026-04-02T11:01:18.889+0000] {task_command.py:416} INFO - Running <TaskInstance: silver_spark_processor.process_silver_products manual__2026-04-02T10:55:44.325453+00:00 [running]> on host 1115d2cb4d12
[2026-04-02T11:01:19.267+0000] {taskinstance.py:1662} INFO - Exporting env vars: AIRFLOW_CTX_DAG_OWNER='data-team' AIRFLOW_CTX_DAG_ID='silver_spark_processor' AIRFLOW_CTX_TASK_ID='process_silver_products' AIRFLOW_CTX_EXECUTION_DATE='2026-04-02T10:55:44.325453+00:00' AIRFLOW_CTX_TRY_NUMBER='2' AIRFLOW_CTX_DAG_RUN_ID='manual__2026-04-02T10:55:44.325453+00:00'
[2026-04-02T11:01:19.328+0000] {base.py:73} INFO - Using connection ID 'spark_default' for task execution.
[2026-04-02T11:01:19.329+0000] {spark_submit.py:340} INFO - Spark-Submit cmd: spark-submit --master spark://spark-master:7077 --executor-cores 1 --executor-memory 1g --driver-memory 1g --name airflow_silver_products /opt/airflow/etl/silver/main_silver.py --table_name products --merge_key product_id --is_cdc false --json_schema 
[2026-04-02T11:01:19.844+0000] {spark_submit.py:491} INFO - /home/airflow/.local/lib/python3.10/site-packages/pyspark/bin/load-spark-env.sh: line 68: ps: command not found
[2026-04-02T11:01:32.538+0000] {spark_submit.py:491} INFO - Traceback (most recent call last):
[2026-04-02T11:01:32.539+0000] {spark_submit.py:491} INFO - File "/opt/airflow/etl/silver/main_silver.py", line 6, in <module>
[2026-04-02T11:01:32.539+0000] {spark_submit.py:491} INFO - from docker_image.spark.spark_session import spark_session as build_spark_session
[2026-04-02T11:01:32.540+0000] {spark_submit.py:491} INFO - ModuleNotFoundError: No module named 'docker_image'
[2026-04-02T11:01:32.644+0000] {spark_submit.py:491} INFO - 26/04/02 11:01:32 INFO ShutdownHookManager: Shutdown hook called
[2026-04-02T11:01:32.651+0000] {spark_submit.py:491} INFO - 26/04/02 11:01:32 INFO ShutdownHookManager: Deleting directory /tmp/spark-7df36a36-1e00-4c12-8b30-47ba010cd379
[2026-04-02T11:01:32.717+0000] {taskinstance.py:1937} ERROR - Task failed with exception
Traceback (most recent call last):
  File "/home/airflow/.local/lib/python3.10/site-packages/airflow/providers/apache/spark/operators/spark_submit.py", line 156, in execute
    self._hook.submit(self._application)
  File "/home/airflow/.local/lib/python3.10/site-packages/airflow/providers/apache/spark/hooks/spark_submit.py", line 422, in submit
    raise AirflowException(
airflow.exceptions.AirflowException: Cannot execute: spark-submit --master spark://spark-master:7077 --executor-cores 1 --executor-memory 1g --driver-memory 1g --name airflow_silver_products /opt/airflow/etl/silver/main_silver.py --table_name products --merge_key product_id --is_cdc false --json_schema . Error code is: 1.
[2026-04-02T11:01:32.721+0000] {taskinstance.py:1400} INFO - Marking task as FAILED. dag_id=silver_spark_processor, task_id=process_silver_products, execution_date=20260402T105544, start_date=20260402T110118, end_date=20260402T110132
[2026-04-02T11:01:32.743+0000] {standard_task_runner.py:104} ERROR - Failed to execute job 244 for task process_silver_products (Cannot execute: spark-submit --master spark://spark-master:7077 --executor-cores 1 --executor-memory 1g --driver-memory 1g --name airflow_silver_products /opt/airflow/etl/silver/main_silver.py --table_name products --merge_key product_id --is_cdc false --json_schema . Error code is: 1.; 3789)
[2026-04-02T11:01:32.785+0000] {local_task_job_runner.py:228} INFO - Task exited with return code 1
[2026-04-02T11:01:32.816+0000] {taskinstance.py:2778} INFO - 0 downstream tasks scheduled from follow-on schedule check
