[2026-03-23T17:23:46.647+0000] {processor.py:157} INFO - Started process (PID=621) to work on /opt/airflow/dags/bronze_dag.py
[2026-03-23T17:23:46.647+0000] {processor.py:829} INFO - Processing file /opt/airflow/dags/bronze_dag.py for tasks to queue
[2026-03-23T17:23:46.648+0000] {logging_mixin.py:151} INFO - [2026-03-23T17:23:46.648+0000] {dagbag.py:536} INFO - Filling up the DagBag from /opt/airflow/dags/bronze_dag.py
[2026-03-23T17:23:46.660+0000] {logging_mixin.py:151} INFO - [2026-03-23T17:23:46.659+0000] {dagbag.py:346} ERROR - Failed to import: /opt/airflow/dags/bronze_dag.py
Traceback (most recent call last):
  File "/home/airflow/.local/lib/python3.8/site-packages/airflow/models/dagbag.py", line 342, in parse
    loader.exec_module(new_module)
  File "<frozen importlib._bootstrap_external>", line 843, in exec_module
  File "<frozen importlib._bootstrap>", line 219, in _call_with_frames_removed
  File "/opt/airflow/dags/bronze_dag.py", line 24, in <module>
    from bronze.extract_mysql import (
ModuleNotFoundError: No module named 'bronze'
[2026-03-23T17:23:46.660+0000] {processor.py:841} WARNING - No viable dags retrieved from /opt/airflow/dags/bronze_dag.py
[2026-03-23T17:23:46.683+0000] {processor.py:179} INFO - Processing /opt/airflow/dags/bronze_dag.py took 0.040 seconds
[2026-03-23T17:24:16.775+0000] {processor.py:157} INFO - Started process (PID=626) to work on /opt/airflow/dags/bronze_dag.py
[2026-03-23T17:24:16.776+0000] {processor.py:829} INFO - Processing file /opt/airflow/dags/bronze_dag.py for tasks to queue
[2026-03-23T17:24:16.777+0000] {logging_mixin.py:151} INFO - [2026-03-23T17:24:16.776+0000] {dagbag.py:536} INFO - Filling up the DagBag from /opt/airflow/dags/bronze_dag.py
[2026-03-23T17:24:16.780+0000] {logging_mixin.py:151} INFO - [2026-03-23T17:24:16.779+0000] {dagbag.py:346} ERROR - Failed to import: /opt/airflow/dags/bronze_dag.py
Traceback (most recent call last):
  File "/home/airflow/.local/lib/python3.8/site-packages/airflow/models/dagbag.py", line 342, in parse
    loader.exec_module(new_module)
  File "<frozen importlib._bootstrap_external>", line 843, in exec_module
  File "<frozen importlib._bootstrap>", line 219, in _call_with_frames_removed
  File "/opt/airflow/dags/bronze_dag.py", line 24, in <module>
    from bronze.extract_mysql import (
ModuleNotFoundError: No module named 'bronze'
[2026-03-23T17:24:16.780+0000] {processor.py:841} WARNING - No viable dags retrieved from /opt/airflow/dags/bronze_dag.py
[2026-03-23T17:24:16.803+0000] {processor.py:179} INFO - Processing /opt/airflow/dags/bronze_dag.py took 0.031 seconds
[2026-03-23T17:24:46.923+0000] {processor.py:157} INFO - Started process (PID=631) to work on /opt/airflow/dags/bronze_dag.py
[2026-03-23T17:24:46.932+0000] {processor.py:829} INFO - Processing file /opt/airflow/dags/bronze_dag.py for tasks to queue
[2026-03-23T17:24:46.933+0000] {logging_mixin.py:151} INFO - [2026-03-23T17:24:46.932+0000] {dagbag.py:536} INFO - Filling up the DagBag from /opt/airflow/dags/bronze_dag.py
[2026-03-23T17:24:46.936+0000] {logging_mixin.py:151} INFO - [2026-03-23T17:24:46.935+0000] {dagbag.py:346} ERROR - Failed to import: /opt/airflow/dags/bronze_dag.py
Traceback (most recent call last):
  File "/home/airflow/.local/lib/python3.8/site-packages/airflow/models/dagbag.py", line 342, in parse
    loader.exec_module(new_module)
  File "<frozen importlib._bootstrap_external>", line 843, in exec_module
  File "<frozen importlib._bootstrap>", line 219, in _call_with_frames_removed
  File "/opt/airflow/dags/bronze_dag.py", line 24, in <module>
    from bronze.extract_mysql import (
ModuleNotFoundError: No module named 'bronze'
[2026-03-23T17:24:46.936+0000] {processor.py:841} WARNING - No viable dags retrieved from /opt/airflow/dags/bronze_dag.py
[2026-03-23T17:24:46.959+0000] {processor.py:179} INFO - Processing /opt/airflow/dags/bronze_dag.py took 0.038 seconds
[2026-03-23T17:25:17.056+0000] {processor.py:157} INFO - Started process (PID=636) to work on /opt/airflow/dags/bronze_dag.py
[2026-03-23T17:25:17.064+0000] {processor.py:829} INFO - Processing file /opt/airflow/dags/bronze_dag.py for tasks to queue
[2026-03-23T17:25:17.066+0000] {logging_mixin.py:151} INFO - [2026-03-23T17:25:17.065+0000] {dagbag.py:536} INFO - Filling up the DagBag from /opt/airflow/dags/bronze_dag.py
[2026-03-23T17:25:17.069+0000] {logging_mixin.py:151} INFO - [2026-03-23T17:25:17.068+0000] {dagbag.py:346} ERROR - Failed to import: /opt/airflow/dags/bronze_dag.py
Traceback (most recent call last):
  File "/home/airflow/.local/lib/python3.8/site-packages/airflow/models/dagbag.py", line 342, in parse
    loader.exec_module(new_module)
  File "<frozen importlib._bootstrap_external>", line 843, in exec_module
  File "<frozen importlib._bootstrap>", line 219, in _call_with_frames_removed
  File "/opt/airflow/dags/bronze_dag.py", line 24, in <module>
    from bronze.extract_mysql import (
ModuleNotFoundError: No module named 'bronze'
[2026-03-23T17:25:17.070+0000] {processor.py:841} WARNING - No viable dags retrieved from /opt/airflow/dags/bronze_dag.py
[2026-03-23T17:25:17.092+0000] {processor.py:179} INFO - Processing /opt/airflow/dags/bronze_dag.py took 0.039 seconds
[2026-03-23T17:25:47.215+0000] {processor.py:157} INFO - Started process (PID=641) to work on /opt/airflow/dags/bronze_dag.py
[2026-03-23T17:25:47.216+0000] {processor.py:829} INFO - Processing file /opt/airflow/dags/bronze_dag.py for tasks to queue
[2026-03-23T17:25:47.217+0000] {logging_mixin.py:151} INFO - [2026-03-23T17:25:47.216+0000] {dagbag.py:536} INFO - Filling up the DagBag from /opt/airflow/dags/bronze_dag.py
[2026-03-23T17:25:47.220+0000] {logging_mixin.py:151} INFO - [2026-03-23T17:25:47.219+0000] {dagbag.py:346} ERROR - Failed to import: /opt/airflow/dags/bronze_dag.py
Traceback (most recent call last):
  File "/home/airflow/.local/lib/python3.8/site-packages/airflow/models/dagbag.py", line 342, in parse
    loader.exec_module(new_module)
  File "<frozen importlib._bootstrap_external>", line 843, in exec_module
  File "<frozen importlib._bootstrap>", line 219, in _call_with_frames_removed
  File "/opt/airflow/dags/bronze_dag.py", line 24, in <module>
    from bronze.extract_mysql import (
ModuleNotFoundError: No module named 'bronze'
[2026-03-23T17:25:47.220+0000] {processor.py:841} WARNING - No viable dags retrieved from /opt/airflow/dags/bronze_dag.py
[2026-03-23T17:25:47.245+0000] {processor.py:179} INFO - Processing /opt/airflow/dags/bronze_dag.py took 0.033 seconds
[2026-03-23T17:26:17.347+0000] {processor.py:157} INFO - Started process (PID=646) to work on /opt/airflow/dags/bronze_dag.py
[2026-03-23T17:26:17.348+0000] {processor.py:829} INFO - Processing file /opt/airflow/dags/bronze_dag.py for tasks to queue
[2026-03-23T17:26:17.349+0000] {logging_mixin.py:151} INFO - [2026-03-23T17:26:17.349+0000] {dagbag.py:536} INFO - Filling up the DagBag from /opt/airflow/dags/bronze_dag.py
[2026-03-23T17:26:17.353+0000] {logging_mixin.py:151} INFO - [2026-03-23T17:26:17.352+0000] {dagbag.py:346} ERROR - Failed to import: /opt/airflow/dags/bronze_dag.py
Traceback (most recent call last):
  File "/home/airflow/.local/lib/python3.8/site-packages/airflow/models/dagbag.py", line 342, in parse
    loader.exec_module(new_module)
  File "<frozen importlib._bootstrap_external>", line 843, in exec_module
  File "<frozen importlib._bootstrap>", line 219, in _call_with_frames_removed
  File "/opt/airflow/dags/bronze_dag.py", line 24, in <module>
    from bronze.extract_mysql import (
ModuleNotFoundError: No module named 'bronze'
[2026-03-23T17:26:17.353+0000] {processor.py:841} WARNING - No viable dags retrieved from /opt/airflow/dags/bronze_dag.py
[2026-03-23T17:26:17.376+0000] {processor.py:179} INFO - Processing /opt/airflow/dags/bronze_dag.py took 0.033 seconds
[2026-03-23T17:26:47.490+0000] {processor.py:157} INFO - Started process (PID=651) to work on /opt/airflow/dags/bronze_dag.py
[2026-03-23T17:26:47.498+0000] {processor.py:829} INFO - Processing file /opt/airflow/dags/bronze_dag.py for tasks to queue
[2026-03-23T17:26:47.500+0000] {logging_mixin.py:151} INFO - [2026-03-23T17:26:47.499+0000] {dagbag.py:536} INFO - Filling up the DagBag from /opt/airflow/dags/bronze_dag.py
[2026-03-23T17:26:47.505+0000] {logging_mixin.py:151} INFO - [2026-03-23T17:26:47.503+0000] {dagbag.py:346} ERROR - Failed to import: /opt/airflow/dags/bronze_dag.py
Traceback (most recent call last):
  File "/home/airflow/.local/lib/python3.8/site-packages/airflow/models/dagbag.py", line 342, in parse
    loader.exec_module(new_module)
  File "<frozen importlib._bootstrap_external>", line 843, in exec_module
  File "<frozen importlib._bootstrap>", line 219, in _call_with_frames_removed
  File "/opt/airflow/dags/bronze_dag.py", line 24, in <module>
    from bronze.extract_mysql import (
ModuleNotFoundError: No module named 'bronze'
[2026-03-23T17:26:47.505+0000] {processor.py:841} WARNING - No viable dags retrieved from /opt/airflow/dags/bronze_dag.py
[2026-03-23T17:26:47.539+0000] {processor.py:179} INFO - Processing /opt/airflow/dags/bronze_dag.py took 0.052 seconds
[2026-03-23T17:27:17.614+0000] {processor.py:157} INFO - Started process (PID=656) to work on /opt/airflow/dags/bronze_dag.py
[2026-03-23T17:27:17.623+0000] {processor.py:829} INFO - Processing file /opt/airflow/dags/bronze_dag.py for tasks to queue
[2026-03-23T17:27:17.624+0000] {logging_mixin.py:151} INFO - [2026-03-23T17:27:17.623+0000] {dagbag.py:536} INFO - Filling up the DagBag from /opt/airflow/dags/bronze_dag.py
[2026-03-23T17:27:17.628+0000] {logging_mixin.py:151} INFO - [2026-03-23T17:27:17.627+0000] {dagbag.py:346} ERROR - Failed to import: /opt/airflow/dags/bronze_dag.py
Traceback (most recent call last):
  File "/home/airflow/.local/lib/python3.8/site-packages/airflow/models/dagbag.py", line 342, in parse
    loader.exec_module(new_module)
  File "<frozen importlib._bootstrap_external>", line 843, in exec_module
  File "<frozen importlib._bootstrap>", line 219, in _call_with_frames_removed
  File "/opt/airflow/dags/bronze_dag.py", line 24, in <module>
    from bronze.extract_mysql import (
ModuleNotFoundError: No module named 'bronze'
[2026-03-23T17:27:17.628+0000] {processor.py:841} WARNING - No viable dags retrieved from /opt/airflow/dags/bronze_dag.py
[2026-03-23T17:27:17.651+0000] {processor.py:179} INFO - Processing /opt/airflow/dags/bronze_dag.py took 0.040 seconds
[2026-03-23T17:27:47.777+0000] {processor.py:157} INFO - Started process (PID=661) to work on /opt/airflow/dags/bronze_dag.py
[2026-03-23T17:27:47.786+0000] {processor.py:829} INFO - Processing file /opt/airflow/dags/bronze_dag.py for tasks to queue
[2026-03-23T17:27:47.787+0000] {logging_mixin.py:151} INFO - [2026-03-23T17:27:47.787+0000] {dagbag.py:536} INFO - Filling up the DagBag from /opt/airflow/dags/bronze_dag.py
[2026-03-23T17:27:47.790+0000] {logging_mixin.py:151} INFO - [2026-03-23T17:27:47.789+0000] {dagbag.py:346} ERROR - Failed to import: /opt/airflow/dags/bronze_dag.py
Traceback (most recent call last):
  File "/home/airflow/.local/lib/python3.8/site-packages/airflow/models/dagbag.py", line 342, in parse
    loader.exec_module(new_module)
  File "<frozen importlib._bootstrap_external>", line 843, in exec_module
  File "<frozen importlib._bootstrap>", line 219, in _call_with_frames_removed
  File "/opt/airflow/dags/bronze_dag.py", line 24, in <module>
    from bronze.extract_mysql import (
ModuleNotFoundError: No module named 'bronze'
[2026-03-23T17:27:47.791+0000] {processor.py:841} WARNING - No viable dags retrieved from /opt/airflow/dags/bronze_dag.py
[2026-03-23T17:27:47.813+0000] {processor.py:179} INFO - Processing /opt/airflow/dags/bronze_dag.py took 0.038 seconds
[2026-03-23T17:27:52.808+0000] {processor.py:157} INFO - Started process (PID=666) to work on /opt/airflow/dags/bronze_dag.py
[2026-03-23T17:27:52.817+0000] {processor.py:829} INFO - Processing file /opt/airflow/dags/bronze_dag.py for tasks to queue
[2026-03-23T17:27:52.818+0000] {logging_mixin.py:151} INFO - [2026-03-23T17:27:52.817+0000] {dagbag.py:536} INFO - Filling up the DagBag from /opt/airflow/dags/bronze_dag.py
[2026-03-23T17:27:52.822+0000] {logging_mixin.py:151} INFO - [2026-03-23T17:27:52.822+0000] {dagbag.py:346} ERROR - Failed to import: /opt/airflow/dags/bronze_dag.py
Traceback (most recent call last):
  File "/home/airflow/.local/lib/python3.8/site-packages/airflow/models/dagbag.py", line 342, in parse
    loader.exec_module(new_module)
  File "<frozen importlib._bootstrap_external>", line 843, in exec_module
  File "<frozen importlib._bootstrap>", line 219, in _call_with_frames_removed
  File "/opt/airflow/dags/bronze_dag.py", line 20, in <module>
    from etl.utils import MySQLClient, MinIOClient
ModuleNotFoundError: No module named 'etl'
[2026-03-23T17:27:52.823+0000] {processor.py:841} WARNING - No viable dags retrieved from /opt/airflow/dags/bronze_dag.py
[2026-03-23T17:27:52.847+0000] {processor.py:179} INFO - Processing /opt/airflow/dags/bronze_dag.py took 0.042 seconds
[2026-03-23T17:28:22.972+0000] {processor.py:157} INFO - Started process (PID=671) to work on /opt/airflow/dags/bronze_dag.py
[2026-03-23T17:28:22.980+0000] {processor.py:829} INFO - Processing file /opt/airflow/dags/bronze_dag.py for tasks to queue
[2026-03-23T17:28:22.981+0000] {logging_mixin.py:151} INFO - [2026-03-23T17:28:22.981+0000] {dagbag.py:536} INFO - Filling up the DagBag from /opt/airflow/dags/bronze_dag.py
[2026-03-23T17:28:22.985+0000] {logging_mixin.py:151} INFO - [2026-03-23T17:28:22.984+0000] {dagbag.py:346} ERROR - Failed to import: /opt/airflow/dags/bronze_dag.py
Traceback (most recent call last):
  File "/home/airflow/.local/lib/python3.8/site-packages/airflow/models/dagbag.py", line 342, in parse
    loader.exec_module(new_module)
  File "<frozen importlib._bootstrap_external>", line 843, in exec_module
  File "<frozen importlib._bootstrap>", line 219, in _call_with_frames_removed
  File "/opt/airflow/dags/bronze_dag.py", line 20, in <module>
    from etl.utils import MySQLClient, MinIOClient
ModuleNotFoundError: No module named 'etl'
[2026-03-23T17:28:22.985+0000] {processor.py:841} WARNING - No viable dags retrieved from /opt/airflow/dags/bronze_dag.py
[2026-03-23T17:28:23.011+0000] {processor.py:179} INFO - Processing /opt/airflow/dags/bronze_dag.py took 0.042 seconds
[2026-03-23T17:28:53.111+0000] {processor.py:157} INFO - Started process (PID=676) to work on /opt/airflow/dags/bronze_dag.py
[2026-03-23T17:28:53.113+0000] {processor.py:829} INFO - Processing file /opt/airflow/dags/bronze_dag.py for tasks to queue
[2026-03-23T17:28:53.113+0000] {logging_mixin.py:151} INFO - [2026-03-23T17:28:53.113+0000] {dagbag.py:536} INFO - Filling up the DagBag from /opt/airflow/dags/bronze_dag.py
[2026-03-23T17:28:53.118+0000] {logging_mixin.py:151} INFO - [2026-03-23T17:28:53.117+0000] {dagbag.py:346} ERROR - Failed to import: /opt/airflow/dags/bronze_dag.py
Traceback (most recent call last):
  File "/home/airflow/.local/lib/python3.8/site-packages/airflow/models/dagbag.py", line 342, in parse
    loader.exec_module(new_module)
  File "<frozen importlib._bootstrap_external>", line 843, in exec_module
  File "<frozen importlib._bootstrap>", line 219, in _call_with_frames_removed
  File "/opt/airflow/dags/bronze_dag.py", line 20, in <module>
    from etl.utils import MySQLClient, MinIOClient
ModuleNotFoundError: No module named 'etl'
[2026-03-23T17:28:53.119+0000] {processor.py:841} WARNING - No viable dags retrieved from /opt/airflow/dags/bronze_dag.py
[2026-03-23T17:28:53.143+0000] {processor.py:179} INFO - Processing /opt/airflow/dags/bronze_dag.py took 0.034 seconds
[2026-03-23T17:29:23.248+0000] {processor.py:157} INFO - Started process (PID=681) to work on /opt/airflow/dags/bronze_dag.py
[2026-03-23T17:29:23.256+0000] {processor.py:829} INFO - Processing file /opt/airflow/dags/bronze_dag.py for tasks to queue
[2026-03-23T17:29:23.257+0000] {logging_mixin.py:151} INFO - [2026-03-23T17:29:23.257+0000] {dagbag.py:536} INFO - Filling up the DagBag from /opt/airflow/dags/bronze_dag.py
[2026-03-23T17:29:23.261+0000] {logging_mixin.py:151} INFO - [2026-03-23T17:29:23.260+0000] {dagbag.py:346} ERROR - Failed to import: /opt/airflow/dags/bronze_dag.py
Traceback (most recent call last):
  File "/home/airflow/.local/lib/python3.8/site-packages/airflow/models/dagbag.py", line 342, in parse
    loader.exec_module(new_module)
  File "<frozen importlib._bootstrap_external>", line 843, in exec_module
  File "<frozen importlib._bootstrap>", line 219, in _call_with_frames_removed
  File "/opt/airflow/dags/bronze_dag.py", line 20, in <module>
    from etl.utils import MySQLClient, MinIOClient
ModuleNotFoundError: No module named 'etl'
[2026-03-23T17:29:23.261+0000] {processor.py:841} WARNING - No viable dags retrieved from /opt/airflow/dags/bronze_dag.py
[2026-03-23T17:29:23.283+0000] {processor.py:179} INFO - Processing /opt/airflow/dags/bronze_dag.py took 0.038 seconds
[2026-03-23T17:29:53.370+0000] {processor.py:157} INFO - Started process (PID=686) to work on /opt/airflow/dags/bronze_dag.py
[2026-03-23T17:29:53.378+0000] {processor.py:829} INFO - Processing file /opt/airflow/dags/bronze_dag.py for tasks to queue
[2026-03-23T17:29:53.380+0000] {logging_mixin.py:151} INFO - [2026-03-23T17:29:53.379+0000] {dagbag.py:536} INFO - Filling up the DagBag from /opt/airflow/dags/bronze_dag.py
[2026-03-23T17:29:53.383+0000] {logging_mixin.py:151} INFO - [2026-03-23T17:29:53.382+0000] {dagbag.py:346} ERROR - Failed to import: /opt/airflow/dags/bronze_dag.py
Traceback (most recent call last):
  File "/home/airflow/.local/lib/python3.8/site-packages/airflow/models/dagbag.py", line 342, in parse
    loader.exec_module(new_module)
  File "<frozen importlib._bootstrap_external>", line 843, in exec_module
  File "<frozen importlib._bootstrap>", line 219, in _call_with_frames_removed
  File "/opt/airflow/dags/bronze_dag.py", line 20, in <module>
    from etl.utils import MySQLClient, MinIOClient
ModuleNotFoundError: No module named 'etl'
[2026-03-23T17:29:53.384+0000] {processor.py:841} WARNING - No viable dags retrieved from /opt/airflow/dags/bronze_dag.py
[2026-03-23T17:29:53.407+0000] {processor.py:179} INFO - Processing /opt/airflow/dags/bronze_dag.py took 0.040 seconds
[2026-03-23T17:30:23.525+0000] {processor.py:157} INFO - Started process (PID=691) to work on /opt/airflow/dags/bronze_dag.py
[2026-03-23T17:30:23.526+0000] {processor.py:829} INFO - Processing file /opt/airflow/dags/bronze_dag.py for tasks to queue
[2026-03-23T17:30:23.527+0000] {logging_mixin.py:151} INFO - [2026-03-23T17:30:23.527+0000] {dagbag.py:536} INFO - Filling up the DagBag from /opt/airflow/dags/bronze_dag.py
[2026-03-23T17:30:23.532+0000] {logging_mixin.py:151} INFO - [2026-03-23T17:30:23.531+0000] {dagbag.py:346} ERROR - Failed to import: /opt/airflow/dags/bronze_dag.py
Traceback (most recent call last):
  File "/home/airflow/.local/lib/python3.8/site-packages/airflow/models/dagbag.py", line 342, in parse
    loader.exec_module(new_module)
  File "<frozen importlib._bootstrap_external>", line 843, in exec_module
  File "<frozen importlib._bootstrap>", line 219, in _call_with_frames_removed
  File "/opt/airflow/dags/bronze_dag.py", line 20, in <module>
    from etl.utils import MySQLClient, MinIOClient
ModuleNotFoundError: No module named 'etl'
[2026-03-23T17:30:23.533+0000] {processor.py:841} WARNING - No viable dags retrieved from /opt/airflow/dags/bronze_dag.py
[2026-03-23T17:30:23.562+0000] {processor.py:179} INFO - Processing /opt/airflow/dags/bronze_dag.py took 0.040 seconds
[2026-03-23T17:30:53.647+0000] {processor.py:157} INFO - Started process (PID=696) to work on /opt/airflow/dags/bronze_dag.py
[2026-03-23T17:30:53.655+0000] {processor.py:829} INFO - Processing file /opt/airflow/dags/bronze_dag.py for tasks to queue
[2026-03-23T17:30:53.656+0000] {logging_mixin.py:151} INFO - [2026-03-23T17:30:53.656+0000] {dagbag.py:536} INFO - Filling up the DagBag from /opt/airflow/dags/bronze_dag.py
[2026-03-23T17:30:53.660+0000] {logging_mixin.py:151} INFO - [2026-03-23T17:30:53.659+0000] {dagbag.py:346} ERROR - Failed to import: /opt/airflow/dags/bronze_dag.py
Traceback (most recent call last):
  File "/home/airflow/.local/lib/python3.8/site-packages/airflow/models/dagbag.py", line 342, in parse
    loader.exec_module(new_module)
  File "<frozen importlib._bootstrap_external>", line 843, in exec_module
  File "<frozen importlib._bootstrap>", line 219, in _call_with_frames_removed
  File "/opt/airflow/dags/bronze_dag.py", line 20, in <module>
    from etl.utils import MySQLClient, MinIOClient
ModuleNotFoundError: No module named 'etl'
[2026-03-23T17:30:53.660+0000] {processor.py:841} WARNING - No viable dags retrieved from /opt/airflow/dags/bronze_dag.py
[2026-03-23T17:30:53.682+0000] {processor.py:179} INFO - Processing /opt/airflow/dags/bronze_dag.py took 0.038 seconds
[2026-03-23T17:31:23.800+0000] {processor.py:157} INFO - Started process (PID=701) to work on /opt/airflow/dags/bronze_dag.py
[2026-03-23T17:31:23.809+0000] {processor.py:829} INFO - Processing file /opt/airflow/dags/bronze_dag.py for tasks to queue
[2026-03-23T17:31:23.810+0000] {logging_mixin.py:151} INFO - [2026-03-23T17:31:23.810+0000] {dagbag.py:536} INFO - Filling up the DagBag from /opt/airflow/dags/bronze_dag.py
[2026-03-23T17:31:23.814+0000] {logging_mixin.py:151} INFO - [2026-03-23T17:31:23.813+0000] {dagbag.py:346} ERROR - Failed to import: /opt/airflow/dags/bronze_dag.py
Traceback (most recent call last):
  File "/home/airflow/.local/lib/python3.8/site-packages/airflow/models/dagbag.py", line 342, in parse
    loader.exec_module(new_module)
  File "<frozen importlib._bootstrap_external>", line 843, in exec_module
  File "<frozen importlib._bootstrap>", line 219, in _call_with_frames_removed
  File "/opt/airflow/dags/bronze_dag.py", line 20, in <module>
    from etl.utils import MySQLClient, MinIOClient
ModuleNotFoundError: No module named 'etl'
[2026-03-23T17:31:23.814+0000] {processor.py:841} WARNING - No viable dags retrieved from /opt/airflow/dags/bronze_dag.py
[2026-03-23T17:31:23.835+0000] {processor.py:179} INFO - Processing /opt/airflow/dags/bronze_dag.py took 0.037 seconds
[2026-03-23T17:31:53.927+0000] {processor.py:157} INFO - Started process (PID=706) to work on /opt/airflow/dags/bronze_dag.py
[2026-03-23T17:31:53.936+0000] {processor.py:829} INFO - Processing file /opt/airflow/dags/bronze_dag.py for tasks to queue
[2026-03-23T17:31:53.937+0000] {logging_mixin.py:151} INFO - [2026-03-23T17:31:53.936+0000] {dagbag.py:536} INFO - Filling up the DagBag from /opt/airflow/dags/bronze_dag.py
[2026-03-23T17:31:53.942+0000] {logging_mixin.py:151} INFO - [2026-03-23T17:31:53.941+0000] {dagbag.py:346} ERROR - Failed to import: /opt/airflow/dags/bronze_dag.py
Traceback (most recent call last):
  File "/home/airflow/.local/lib/python3.8/site-packages/airflow/models/dagbag.py", line 342, in parse
    loader.exec_module(new_module)
  File "<frozen importlib._bootstrap_external>", line 843, in exec_module
  File "<frozen importlib._bootstrap>", line 219, in _call_with_frames_removed
  File "/opt/airflow/dags/bronze_dag.py", line 20, in <module>
    from etl.utils import MySQLClient, MinIOClient
ModuleNotFoundError: No module named 'etl'
[2026-03-23T17:31:53.942+0000] {processor.py:841} WARNING - No viable dags retrieved from /opt/airflow/dags/bronze_dag.py
[2026-03-23T17:31:53.967+0000] {processor.py:179} INFO - Processing /opt/airflow/dags/bronze_dag.py took 0.044 seconds
[2026-03-23T17:32:24.072+0000] {processor.py:157} INFO - Started process (PID=711) to work on /opt/airflow/dags/bronze_dag.py
[2026-03-23T17:32:24.080+0000] {processor.py:829} INFO - Processing file /opt/airflow/dags/bronze_dag.py for tasks to queue
[2026-03-23T17:32:24.081+0000] {logging_mixin.py:151} INFO - [2026-03-23T17:32:24.080+0000] {dagbag.py:536} INFO - Filling up the DagBag from /opt/airflow/dags/bronze_dag.py
[2026-03-23T17:32:24.085+0000] {logging_mixin.py:151} INFO - [2026-03-23T17:32:24.084+0000] {dagbag.py:346} ERROR - Failed to import: /opt/airflow/dags/bronze_dag.py
Traceback (most recent call last):
  File "/home/airflow/.local/lib/python3.8/site-packages/airflow/models/dagbag.py", line 342, in parse
    loader.exec_module(new_module)
  File "<frozen importlib._bootstrap_external>", line 843, in exec_module
  File "<frozen importlib._bootstrap>", line 219, in _call_with_frames_removed
  File "/opt/airflow/dags/bronze_dag.py", line 20, in <module>
    from etl.utils import MySQLClient, MinIOClient
ModuleNotFoundError: No module named 'etl'
[2026-03-23T17:32:24.085+0000] {processor.py:841} WARNING - No viable dags retrieved from /opt/airflow/dags/bronze_dag.py
[2026-03-23T17:32:24.107+0000] {processor.py:179} INFO - Processing /opt/airflow/dags/bronze_dag.py took 0.038 seconds
[2026-03-23T17:32:54.210+0000] {processor.py:157} INFO - Started process (PID=716) to work on /opt/airflow/dags/bronze_dag.py
[2026-03-23T17:32:54.218+0000] {processor.py:829} INFO - Processing file /opt/airflow/dags/bronze_dag.py for tasks to queue
[2026-03-23T17:32:54.219+0000] {logging_mixin.py:151} INFO - [2026-03-23T17:32:54.219+0000] {dagbag.py:536} INFO - Filling up the DagBag from /opt/airflow/dags/bronze_dag.py
[2026-03-23T17:32:54.227+0000] {logging_mixin.py:151} INFO - [2026-03-23T17:32:54.226+0000] {dagbag.py:346} ERROR - Failed to import: /opt/airflow/dags/bronze_dag.py
Traceback (most recent call last):
  File "/home/airflow/.local/lib/python3.8/site-packages/airflow/models/dagbag.py", line 342, in parse
    loader.exec_module(new_module)
  File "<frozen importlib._bootstrap_external>", line 843, in exec_module
  File "<frozen importlib._bootstrap>", line 219, in _call_with_frames_removed
  File "/opt/airflow/dags/bronze_dag.py", line 20, in <module>
    from etl.utils import MySQLClient, MinIOClient
ModuleNotFoundError: No module named 'etl'
[2026-03-23T17:32:54.227+0000] {processor.py:841} WARNING - No viable dags retrieved from /opt/airflow/dags/bronze_dag.py
[2026-03-23T17:32:54.250+0000] {processor.py:179} INFO - Processing /opt/airflow/dags/bronze_dag.py took 0.044 seconds
[2026-03-23T17:33:24.348+0000] {processor.py:157} INFO - Started process (PID=721) to work on /opt/airflow/dags/bronze_dag.py
[2026-03-23T17:33:24.357+0000] {processor.py:829} INFO - Processing file /opt/airflow/dags/bronze_dag.py for tasks to queue
[2026-03-23T17:33:24.358+0000] {logging_mixin.py:151} INFO - [2026-03-23T17:33:24.357+0000] {dagbag.py:536} INFO - Filling up the DagBag from /opt/airflow/dags/bronze_dag.py
[2026-03-23T17:33:24.361+0000] {logging_mixin.py:151} INFO - [2026-03-23T17:33:24.360+0000] {dagbag.py:346} ERROR - Failed to import: /opt/airflow/dags/bronze_dag.py
Traceback (most recent call last):
  File "/home/airflow/.local/lib/python3.8/site-packages/airflow/models/dagbag.py", line 342, in parse
    loader.exec_module(new_module)
  File "<frozen importlib._bootstrap_external>", line 843, in exec_module
  File "<frozen importlib._bootstrap>", line 219, in _call_with_frames_removed
  File "/opt/airflow/dags/bronze_dag.py", line 20, in <module>
    from etl.utils import MySQLClient, MinIOClient
ModuleNotFoundError: No module named 'etl'
[2026-03-23T17:33:24.362+0000] {processor.py:841} WARNING - No viable dags retrieved from /opt/airflow/dags/bronze_dag.py
[2026-03-23T17:33:24.390+0000] {processor.py:179} INFO - Processing /opt/airflow/dags/bronze_dag.py took 0.045 seconds
[2026-03-23T17:33:54.488+0000] {processor.py:157} INFO - Started process (PID=726) to work on /opt/airflow/dags/bronze_dag.py
[2026-03-23T17:33:54.489+0000] {processor.py:829} INFO - Processing file /opt/airflow/dags/bronze_dag.py for tasks to queue
[2026-03-23T17:33:54.489+0000] {logging_mixin.py:151} INFO - [2026-03-23T17:33:54.489+0000] {dagbag.py:536} INFO - Filling up the DagBag from /opt/airflow/dags/bronze_dag.py
[2026-03-23T17:33:54.493+0000] {logging_mixin.py:151} INFO - [2026-03-23T17:33:54.492+0000] {dagbag.py:346} ERROR - Failed to import: /opt/airflow/dags/bronze_dag.py
Traceback (most recent call last):
  File "/home/airflow/.local/lib/python3.8/site-packages/airflow/models/dagbag.py", line 342, in parse
    loader.exec_module(new_module)
  File "<frozen importlib._bootstrap_external>", line 843, in exec_module
  File "<frozen importlib._bootstrap>", line 219, in _call_with_frames_removed
  File "/opt/airflow/dags/bronze_dag.py", line 20, in <module>
    from etl.utils import MySQLClient, MinIOClient
ModuleNotFoundError: No module named 'etl'
[2026-03-23T17:33:54.493+0000] {processor.py:841} WARNING - No viable dags retrieved from /opt/airflow/dags/bronze_dag.py
[2026-03-23T17:33:54.515+0000] {processor.py:179} INFO - Processing /opt/airflow/dags/bronze_dag.py took 0.030 seconds
